Log file open, 04/08/19 12:03:47
LogWindows: Failed to load 'aqProf.dll' (GetLastError=126)
LogWindows: File 'aqProf.dll' does not exist
LogWindows: Failed to load 'VtuneApi.dll' (GetLastError=126)
LogWindows: File 'VtuneApi.dll' does not exist
LogWindows: Failed to load 'VtuneApi32e.dll' (GetLastError=126)
LogWindows: File 'VtuneApi32e.dll' does not exist
LogConsoleResponse: Display: Failed to find resolution value strings in scalability ini. Falling back to default.
LogInit: Display: Running engine for game: ScaryMaze
LogPakFile: Registered encryption key '00000000000000000000000000000000': 0 pak files mounted, 0 remain pending
LogPlatformFile: Not using cached read wrapper
LogTaskGraph: Started task graph with 5 named threads and 11 total threads with 3 sets of task threads.
LogStats: Stats thread started at 3.300415
LogD3D11RHI: Loaded GFSDK_Aftermath_Lib.x64.dll
LogICUInternationalization: ICU TimeZone Detection - Raw Offset: -5:00, Platform Override: ''
LogPluginManager: Mounting plugin Paper2D
LogPluginManager: Mounting plugin AISupport
LogPluginManager: Mounting plugin LightPropagationVolume
LogPluginManager: Mounting plugin ActorLayerUtilities
LogPluginManager: Mounting plugin CLionSourceCodeAccess
LogPluginManager: Mounting plugin CodeLiteSourceCodeAccess
LogPluginManager: Mounting plugin GitSourceControl
LogPluginManager: Mounting plugin KDevelopSourceCodeAccess
LogPluginManager: Mounting plugin NullSourceCodeAccess
LogPluginManager: Mounting plugin PerforceSourceControl
LogPluginManager: Mounting plugin SubversionSourceControl
LogPluginManager: Mounting plugin UObjectPlugin
LogPluginManager: Mounting plugin VisualStudioCodeSourceCodeAccess
LogPluginManager: Mounting plugin VisualStudioSourceCodeAccess
LogPluginManager: Mounting plugin XCodeSourceCodeAccess
LogPluginManager: Mounting plugin AssetManagerEditor
LogPluginManager: Mounting plugin CryptoKeys
LogPluginManager: Mounting plugin DataValidation
LogPluginManager: Mounting plugin FacialAnimation
LogPluginManager: Mounting plugin GameplayTagsEditor
LogPluginManager: Mounting plugin MacGraphicsSwitching
LogPluginManager: Mounting plugin MeshEditor
LogPluginManager: Mounting plugin MobileLauncherProfileWizard
LogPluginManager: Mounting plugin PluginBrowser
LogPluginManager: Mounting plugin SpeedTreeImporter
LogPluginManager: Mounting plugin DatasmithContent
LogPluginManager: Mounting plugin VariantManagerContent
LogPluginManager: Mounting plugin AlembicImporter
LogPluginManager: Mounting plugin AppleImageUtils
LogPluginManager: Mounting plugin AppleVision
LogPluginManager: Mounting plugin BackChannel
LogPluginManager: Mounting plugin CharacterAI
LogPluginManager: Mounting plugin GeometryCache
LogPluginManager: Mounting plugin HTML5Networking
LogPluginManager: Mounting plugin ProxyLODPlugin
LogPluginManager: Mounting plugin MagicLeap
LogPluginManager: Mounting plugin MagicLeapMedia
LogPluginManager: Mounting plugin AndroidMedia
LogPluginManager: Mounting plugin AvfMedia
LogPluginManager: Mounting plugin ImgMedia
LogPluginManager: Mounting plugin LinearTimecode
LogPluginManager: Mounting plugin MediaCompositing
LogPluginManager: Mounting plugin MediaPlayerEditor
LogPluginManager: Mounting plugin WebMMedia
LogPluginManager: Mounting plugin WmfMedia
LogPluginManager: Mounting plugin TcpMessaging
LogPluginManager: Mounting plugin UdpMessaging
LogPluginManager: Mounting plugin ActorSequence
LogPluginManager: Mounting plugin LevelSequenceEditor
LogPluginManager: Mounting plugin MatineeToLevelSequence
LogPluginManager: Mounting plugin NetcodeUnitTest
LogPluginManager: Mounting plugin NUTUnrealEngine4
LogPluginManager: Mounting plugin OnlineSubsystemGooglePlay
LogPluginManager: Mounting plugin OnlineSubsystemIOS
LogPluginManager: Mounting plugin OnlineSubsystem
LogPluginManager: Mounting plugin OnlineSubsystemNull
LogPluginManager: Mounting plugin OnlineSubsystemUtils
LogPluginManager: Mounting plugin LauncherChunkInstaller
LogPluginManager: Mounting plugin AndroidDeviceProfileSelector
LogPluginManager: Mounting plugin AndroidMoviePlayer
LogPluginManager: Mounting plugin AndroidPermission
LogPluginManager: Mounting plugin AppleMoviePlayer
LogPluginManager: Mounting plugin ArchVisCharacter
LogPluginManager: Mounting plugin AudioCapture
LogPluginManager: Mounting plugin CableComponent
LogPluginManager: Mounting plugin CustomMeshComponent
LogPluginManager: Mounting plugin EditableMesh
LogPluginManager: Mounting plugin ExampleDeviceProfileSelector
LogPluginManager: Mounting plugin Firebase
LogPluginManager: Mounting plugin GoogleCloudMessaging
LogPluginManager: Mounting plugin IOSDeviceProfileSelector
LogPluginManager: Mounting plugin LinuxDeviceProfileSelector
LogPluginManager: Mounting plugin LocationServicesBPLibrary
LogPluginManager: Mounting plugin MobilePatchingUtils
LogPluginManager: Mounting plugin OculusVR
LogPluginManager: Mounting plugin PhysXVehicles
LogPluginManager: Mounting plugin ProceduralMeshComponent
LogPluginManager: Mounting plugin RuntimePhysXCooking
LogPluginManager: Mounting plugin SteamVR
LogPluginManager: Mounting plugin WebMMoviePlayer
LogPluginManager: Mounting plugin WindowsMoviePlayer
LogStreaming: Display: Took  1.064s to configure plugins.
LogInit: Using libcurl 7.55.1-DEV
LogInit:  - built for x86_64-pc-win32
LogInit:  - supports SSL with OpenSSL/1.0.2h
LogInit:  - supports HTTP deflate (compression) using libz 1.2.8
LogInit:  - other features:
LogInit:      CURL_VERSION_SSL
LogInit:      CURL_VERSION_LIBZ
LogInit:      CURL_VERSION_IPV6
LogInit:      CURL_VERSION_ASYNCHDNS
LogInit:      CURL_VERSION_LARGEFILE
LogInit:      CURL_VERSION_IDN
LogInit:  CurlRequestOptions (configurable via config and command line):
LogInit:  - bVerifyPeer = true  - Libcurl will verify peer certificate
LogInit:  - bUseHttpProxy = false  - Libcurl will NOT use HTTP proxy
LogInit:  - bDontReuseConnections = false  - Libcurl will reuse connections
LogInit:  - MaxHostConnections = 16  - Libcurl will limit the number of connections to a host
LogInit:  - LocalHostAddr = Default
LogInit:  - BufferSize = 65536
LogInit: WinSock: version 1.1 (2.2), MaxSocks=32767, MaxUdp=65467
LogInit: Build: ++UE4+Release-4.21-CL-4753647
LogInit: Engine Version: 4.21.2-4753647+++UE4+Release-4.21
LogInit: Compatible Engine Version: 4.21.0-4541578+++UE4+Release-4.21
LogInit: Net CL: 4541578
LogInit: OS: Windows 10 (), CPU: Intel(R) Core(TM) i5-7200U CPU @ 2.50GHz, GPU: Intel(R) HD Graphics 620
LogInit: Compiled (64-bit): Jan 19 2019 02:07:31
LogInit: Compiled with Visual C++: 19.13.26129.00
LogInit: Build Configuration: Development
LogInit: Branch Name: ++UE4+Release-4.21
LogInit: Command Line:  -skipcompile
LogInit: Base Directory: C:/Program Files/Epic Games/UE_4.21/Engine/Binaries/Win64/
LogInit: Installed Engine Build: 1
LogDevObjectVersion: Number of dev versions registered: 22
LogDevObjectVersion:   Dev-Blueprints (B0D832E4-1F89-4F0D-ACCF-7EB736FD4AA2): 10
LogDevObjectVersion:   Dev-Build (E1C64328-A22C-4D53-A36C-8E866417BD8C): 0
LogDevObjectVersion:   Dev-Core (375EC13C-06E4-48FB-B500-84F0262A717E): 2
LogDevObjectVersion:   Dev-Editor (E4B068ED-F494-42E9-A231-DA0B2E46BB41): 26
LogDevObjectVersion:   Dev-Framework (CFFC743F-43B0-4480-9391-14DF171D2073): 34
LogDevObjectVersion:   Dev-Mobile (B02B49B5-BB20-44E9-A304-32B752E40360): 2
LogDevObjectVersion:   Dev-Networking (A4E4105C-59A1-49B5-A7C5-40C4547EDFEE): 0
LogDevObjectVersion:   Dev-Online (39C831C9-5AE6-47DC-9A44-9C173E1C8E7C): 0
LogDevObjectVersion:   Dev-Physics (78F01B33-EBEA-4F98-B9B4-84EACCB95AA2): 0
LogDevObjectVersion:   Dev-Platform (6631380F-2D4D-43E0-8009-CF276956A95A): 0
LogDevObjectVersion:   Dev-Rendering (12F88B9F-8875-4AFC-A67C-D90C383ABD29): 27
LogDevObjectVersion:   Dev-Sequencer (7B5AE74C-D270-4C10-A958-57980B212A5A): 9
LogDevObjectVersion:   Dev-VR (D7296918-1DD6-4BDD-9DE2-64A83CC13884): 2
LogDevObjectVersion:   Dev-LoadTimes (C2A15278-BFE7-4AFE-6C17-90FF531DF755): 1
LogDevObjectVersion:   Private-Geometry (6EACA3D4-40EC-4CC1-B786-8BED09428FC5): 3
LogDevObjectVersion:   Dev-AnimPhys (29E575DD-E0A3-4627-9D10-D276232CDCEA): 17
LogDevObjectVersion:   Dev-Anim (AF43A65D-7FD3-4947-9873-3E8ED9C1BB05): 2
LogDevObjectVersion:   Dev-ReflectionCapture (6B266CEC-1EC7-4B8F-A30B-E4D90942FC07): 1
LogDevObjectVersion:   Dev-Automation (0DF73D61-A23F-47EA-B727-89E90C41499A): 1
LogDevObjectVersion:   FortniteMain (601D1886-AC64-4F84-AA16-D3DE0DEAC7D6): 17
LogDevObjectVersion:   Dev-Enterprise (9DFFBCD6-494F-0158-E221-12823C92A888): 4
LogDevObjectVersion:   Dev-Niagara (F2AED0AC-9AFE-416F-8664-AA7FFA26D6FC): 1
LogStreaming: Display: Took  0.057s to delete old logs.
LogInit: Presizing for max 8388607 objects, including 0 objects not considered by GC, pre-allocating 0 bytes for permanent pool.
LogInit: Object subsystem initialized
LogConfig: Setting CVar [[con.DebugEarlyDefault:1]]
LogConfig: Setting CVar [[r.setres:1280x720]]
[2019.04.08-16.03.53:111][  0]LogConfig: Setting CVar [[r.VSync:0]]
[2019.04.08-16.03.53:111][  0]LogConfig: Setting CVar [[r.RHICmdBypass:0]]
[2019.04.08-16.03.53:129][  0]LogConfig: Applying CVar settings from Section [/Script/Engine.RendererSettings] File [C:/Users/james/Desktop/Processes for OOS/COP4331-Project/ScaryMaze/Saved/Config/Windows/Engine.ini]
[2019.04.08-16.03.53:129][  0]LogConfig: Setting CVar [[r.GPUCrashDebugging:0]]
[2019.04.08-16.03.53:129][  0]LogConfig: Applying CVar settings from Section [/Script/Engine.RendererOverrideSettings] File [C:/Users/james/Desktop/Processes for OOS/COP4331-Project/ScaryMaze/Saved/Config/Windows/Engine.ini]
[2019.04.08-16.03.53:129][  0]LogConfig: Applying CVar settings from Section [/Script/Engine.StreamingSettings] File [C:/Users/james/Desktop/Processes for OOS/COP4331-Project/ScaryMaze/Saved/Config/Windows/Engine.ini]
[2019.04.08-16.03.53:129][  0]LogConfig: Setting CVar [[s.MinBulkDataSizeForAsyncLoading:131072]]
[2019.04.08-16.03.53:129][  0]LogConfig: Setting CVar [[s.AsyncLoadingThreadEnabled:0]]
[2019.04.08-16.03.53:129][  0]LogConfig: Setting CVar [[s.EventDrivenLoaderEnabled:1]]
[2019.04.08-16.03.53:129][  0]LogConfig: Setting CVar [[s.WarnIfTimeLimitExceeded:0]]
[2019.04.08-16.03.53:129][  0]LogConfig: Setting CVar [[s.TimeLimitExceededMultiplier:1.5]]
[2019.04.08-16.03.53:129][  0]LogConfig: Setting CVar [[s.TimeLimitExceededMinTime:0.005]]
[2019.04.08-16.03.53:129][  0]LogConfig: Setting CVar [[s.UseBackgroundLevelStreaming:1]]
[2019.04.08-16.03.53:129][  0]LogConfig: Setting CVar [[s.PriorityAsyncLoadingExtraTime:15.0]]
[2019.04.08-16.03.53:129][  0]LogConfig: Setting CVar [[s.LevelStreamingActorsUpdateTimeLimit:5.0]]
[2019.04.08-16.03.53:129][  0]LogConfig: Setting CVar [[s.PriorityLevelStreamingActorsUpdateExtraTime:5.0]]
[2019.04.08-16.03.53:129][  0]LogConfig: Setting CVar [[s.LevelStreamingComponentsRegistrationGranularity:10]]
[2019.04.08-16.03.53:129][  0]LogConfig: Setting CVar [[s.UnregisterComponentsTimeLimit:1.0]]
[2019.04.08-16.03.53:129][  0]LogConfig: Setting CVar [[s.LevelStreamingComponentsUnregistrationGranularity:5]]
[2019.04.08-16.03.53:129][  0]LogConfig: Applying CVar settings from Section [/Script/Engine.GarbageCollectionSettings] File [C:/Users/james/Desktop/Processes for OOS/COP4331-Project/ScaryMaze/Saved/Config/Windows/Engine.ini]
[2019.04.08-16.03.53:129][  0]LogConfig: Setting CVar [[gc.MaxObjectsNotConsideredByGC:1]]
[2019.04.08-16.03.53:130][  0]LogConfig: Setting CVar [[gc.SizeOfPermanentObjectPool:0]]
[2019.04.08-16.03.53:130][  0]LogConfig: Setting CVar [[gc.FlushStreamingOnGC:0]]
[2019.04.08-16.03.53:130][  0]LogConfig: Setting CVar [[gc.NumRetriesBeforeForcingGC:10]]
[2019.04.08-16.03.53:130][  0]LogConfig: Setting CVar [[gc.AllowParallelGC:1]]
[2019.04.08-16.03.53:130][  0]LogConfig: Setting CVar [[gc.TimeBetweenPurgingPendingKillObjects:61.1]]
[2019.04.08-16.03.53:130][  0]LogConfig: Setting CVar [[gc.MaxObjectsInEditor:8388607]]
[2019.04.08-16.03.53:130][  0]LogConfig: Setting CVar [[gc.IncrementalBeginDestroyEnabled:1]]
[2019.04.08-16.03.53:130][  0]LogConfig: Setting CVar [[gc.CreateGCClusters:1]]
[2019.04.08-16.03.53:130][  0]LogConfig: Setting CVar [[gc.MergeGCClusters:0]]
[2019.04.08-16.03.53:130][  0]LogConfig: Setting CVar [[gc.MinGCClusterSize:5]]
[2019.04.08-16.03.53:130][  0]LogConfig: Setting CVar [[gc.ActorClusteringEnabled:0]]
[2019.04.08-16.03.53:130][  0]LogConfig: Setting CVar [[gc.BlueprintClusteringEnabled:0]]
[2019.04.08-16.03.53:130][  0]LogConfig: Setting CVar [[gc.UseDisregardForGCOnDedicatedServers:0]]
[2019.04.08-16.03.53:130][  0]LogConfig: Applying CVar settings from Section [/Script/Engine.NetworkSettings] File [C:/Users/james/Desktop/Processes for OOS/COP4331-Project/ScaryMaze/Saved/Config/Windows/Engine.ini]
[2019.04.08-16.03.53:130][  0]LogConfig: Applying CVar settings from Section [/Script/UnrealEd.CookerSettings] File [C:/Users/james/Desktop/Processes for OOS/COP4331-Project/ScaryMaze/Saved/Config/Windows/Engine.ini]
[2019.04.08-16.03.53:274][  0]LogConfig: Applying CVar settings from Section [ViewDistanceQuality@3] File [C:/Users/james/Desktop/Processes for OOS/COP4331-Project/ScaryMaze/Saved/Config/Windows/Scalability.ini]
[2019.04.08-16.03.53:274][  0]LogConfig: Setting CVar [[r.SkeletalMeshLODBias:0]]
[2019.04.08-16.03.53:274][  0]LogConfig: Setting CVar [[r.ViewDistanceScale:1.0]]
[2019.04.08-16.03.53:275][  0]LogConfig: Applying CVar settings from Section [AntiAliasingQuality@3] File [C:/Users/james/Desktop/Processes for OOS/COP4331-Project/ScaryMaze/Saved/Config/Windows/Scalability.ini]
[2019.04.08-16.03.53:275][  0]LogConfig: Setting CVar [[r.PostProcessAAQuality:4]]
[2019.04.08-16.03.53:276][  0]LogConfig: Applying CVar settings from Section [ShadowQuality@3] File [C:/Users/james/Desktop/Processes for OOS/COP4331-Project/ScaryMaze/Saved/Config/Windows/Scalability.ini]
[2019.04.08-16.03.53:276][  0]LogConfig: Setting CVar [[r.LightFunctionQuality:1]]
[2019.04.08-16.03.53:276][  0]LogConfig: Setting CVar [[r.ShadowQuality:5]]
[2019.04.08-16.03.53:276][  0]LogConfig: Setting CVar [[r.Shadow.CSM.MaxCascades:10]]
[2019.04.08-16.03.53:277][  0]LogConfig: Setting CVar [[r.Shadow.MaxResolution:2048]]
[2019.04.08-16.03.53:277][  0]LogConfig: Setting CVar [[r.Shadow.MaxCSMResolution:2048]]
[2019.04.08-16.03.53:277][  0]LogConfig: Setting CVar [[r.Shadow.RadiusThreshold:0.01]]
[2019.04.08-16.03.53:278][  0]LogConfig: Setting CVar [[r.Shadow.DistanceScale:1.0]]
[2019.04.08-16.03.53:278][  0]LogConfig: Setting CVar [[r.Shadow.CSM.TransitionScale:1.0]]
[2019.04.08-16.03.53:278][  0]LogConfig: Setting CVar [[r.Shadow.PreShadowResolutionFactor:1.0]]
[2019.04.08-16.03.53:278][  0]LogConfig: Setting CVar [[r.DistanceFieldShadowing:1]]
[2019.04.08-16.03.53:279][  0]LogConfig: Setting CVar [[r.DistanceFieldAO:1]]
[2019.04.08-16.03.53:279][  0]LogConfig: Setting CVar [[r.AOQuality:2]]
[2019.04.08-16.03.53:279][  0]LogConfig: Setting CVar [[r.VolumetricFog:1]]
[2019.04.08-16.03.53:280][  0]LogConfig: Setting CVar [[r.VolumetricFog.GridPixelSize:8]]
[2019.04.08-16.03.53:280][  0]LogConfig: Setting CVar [[r.VolumetricFog.GridSizeZ:128]]
[2019.04.08-16.03.53:280][  0]LogConfig: Setting CVar [[r.VolumetricFog.HistoryMissSupersampleCount:4]]
[2019.04.08-16.03.53:280][  0]LogConfig: Setting CVar [[r.LightMaxDrawDistanceScale:1]]
[2019.04.08-16.03.53:281][  0]LogConfig: Setting CVar [[r.CapsuleShadows:1]]
[2019.04.08-16.03.53:281][  0]LogConfig: Applying CVar settings from Section [PostProcessQuality@3] File [C:/Users/james/Desktop/Processes for OOS/COP4331-Project/ScaryMaze/Saved/Config/Windows/Scalability.ini]
[2019.04.08-16.03.53:281][  0]LogConfig: Setting CVar [[r.MotionBlurQuality:4]]
[2019.04.08-16.03.53:282][  0]LogConfig: Setting CVar [[r.AmbientOcclusionMipLevelFactor:0.4]]
[2019.04.08-16.03.53:282][  0]LogConfig: Setting CVar [[r.AmbientOcclusionMaxQuality:100]]
[2019.04.08-16.03.53:282][  0]LogConfig: Setting CVar [[r.AmbientOcclusionLevels:-1]]
[2019.04.08-16.03.53:282][  0]LogConfig: Setting CVar [[r.AmbientOcclusionRadiusScale:1.0]]
[2019.04.08-16.03.53:283][  0]LogConfig: Setting CVar [[r.DepthOfFieldQuality:2]]
[2019.04.08-16.03.53:283][  0]LogConfig: Setting CVar [[r.RenderTargetPoolMin:400]]
[2019.04.08-16.03.53:284][  0]LogConfig: Setting CVar [[r.LensFlareQuality:2]]
[2019.04.08-16.03.53:284][  0]LogConfig: Setting CVar [[r.SceneColorFringeQuality:1]]
[2019.04.08-16.03.53:284][  0]LogConfig: Setting CVar [[r.EyeAdaptationQuality:2]]
[2019.04.08-16.03.53:285][  0]LogConfig: Setting CVar [[r.BloomQuality:5]]
[2019.04.08-16.03.53:285][  0]LogConfig: Setting CVar [[r.FastBlurThreshold:100]]
[2019.04.08-16.03.53:285][  0]LogConfig: Setting CVar [[r.Upscale.Quality:3]]
[2019.04.08-16.03.53:286][  0]LogConfig: Setting CVar [[r.Tonemapper.GrainQuantization:1]]
[2019.04.08-16.03.53:286][  0]LogConfig: Setting CVar [[r.LightShaftQuality:1]]
[2019.04.08-16.03.53:286][  0]LogConfig: Setting CVar [[r.Filter.SizeScale:1]]
[2019.04.08-16.03.53:287][  0]LogConfig: Setting CVar [[r.Tonemapper.Quality:5]]
[2019.04.08-16.03.53:287][  0]LogConfig: Setting CVar [[r.DOF.Gather.AccumulatorQuality:1        ; higher gathering accumulator quality]]
[2019.04.08-16.03.53:287][  0]LogConfig: Setting CVar [[r.DOF.Gather.PostfilterMethod:1          ; Median3x3 postfilering method]]
[2019.04.08-16.03.53:288][  0]LogConfig: Setting CVar [[r.DOF.Gather.EnableBokehSettings:0       ; no bokeh simulation when gathering]]
[2019.04.08-16.03.53:288][  0]LogConfig: Setting CVar [[r.DOF.Gather.RingCount:4                 ; medium number of samples when gathering]]
[2019.04.08-16.03.53:288][  0]LogConfig: Setting CVar [[r.DOF.Scatter.ForegroundCompositing:1    ; additive foreground scattering]]
[2019.04.08-16.03.53:289][  0]LogConfig: Setting CVar [[r.DOF.Scatter.BackgroundCompositing:2    ; additive background scattering]]
[2019.04.08-16.03.53:289][  0]LogConfig: Setting CVar [[r.DOF.Scatter.EnableBokehSettings:1      ; bokeh simulation when scattering]]
[2019.04.08-16.03.53:289][  0]LogConfig: Setting CVar [[r.DOF.Scatter.MaxSpriteRatio:0.1         ; only a maximum of 10% of scattered bokeh]]
[2019.04.08-16.03.53:289][  0]LogConfig: Setting CVar [[r.DOF.Recombine.Quality:1                ; cheap slight out of focus]]
[2019.04.08-16.03.53:290][  0]LogConfig: Setting CVar [[r.DOF.Recombine.EnableBokehSettings:0    ; no bokeh simulation on slight out of focus]]
[2019.04.08-16.03.53:290][  0]LogConfig: Setting CVar [[r.DOF.TemporalAAQuality:1                ; more stable temporal accumulation]]
[2019.04.08-16.03.53:290][  0]LogConfig: Setting CVar [[r.DOF.Kernel.MaxForegroundRadius:0.025]]
[2019.04.08-16.03.53:290][  0]LogConfig: Setting CVar [[r.DOF.Kernel.MaxBackgroundRadius:0.025]]
[2019.04.08-16.03.53:290][  0]LogConfig: Applying CVar settings from Section [TextureQuality@3] File [C:/Users/james/Desktop/Processes for OOS/COP4331-Project/ScaryMaze/Saved/Config/Windows/Scalability.ini]
[2019.04.08-16.03.53:290][  0]LogConfig: Setting CVar [[r.Streaming.MipBias:0]]
[2019.04.08-16.03.53:291][  0]LogConfig: Setting CVar [[r.Streaming.AmortizeCPUToGPUCopy:0]]
[2019.04.08-16.03.53:291][  0]LogConfig: Setting CVar [[r.Streaming.MaxNumTexturesToStreamPerFrame:0]]
[2019.04.08-16.03.53:291][  0]LogConfig: Setting CVar [[r.Streaming.Boost:1]]
[2019.04.08-16.03.53:291][  0]LogConfig: Setting CVar [[r.MaxAnisotropy:8]]
[2019.04.08-16.03.53:291][  0]LogConfig: Setting CVar [[r.Streaming.LimitPoolSizeToVRAM:0]]
[2019.04.08-16.03.53:291][  0]LogConfig: Setting CVar [[r.Streaming.PoolSize:1000]]
[2019.04.08-16.03.53:292][  0]LogConfig: Setting CVar [[r.Streaming.MaxEffectiveScreenSize:0]]
[2019.04.08-16.03.53:292][  0]LogConfig: Applying CVar settings from Section [EffectsQuality@3] File [C:/Users/james/Desktop/Processes for OOS/COP4331-Project/ScaryMaze/Saved/Config/Windows/Scalability.ini]
[2019.04.08-16.03.53:292][  0]LogConfig: Setting CVar [[r.TranslucencyLightingVolumeDim:64]]
[2019.04.08-16.03.53:292][  0]LogConfig: Setting CVar [[r.RefractionQuality:2]]
[2019.04.08-16.03.53:292][  0]LogConfig: Setting CVar [[r.SSR.Quality:3]]
[2019.04.08-16.03.53:293][  0]LogConfig: Setting CVar [[r.SceneColorFormat:4]]
[2019.04.08-16.03.53:293][  0]LogConfig: Setting CVar [[r.DetailMode:2]]
[2019.04.08-16.03.53:293][  0]LogConfig: Setting CVar [[r.TranslucencyVolumeBlur:1]]
[2019.04.08-16.03.53:294][  0]LogConfig: Setting CVar [[r.MaterialQualityLevel:1 ; High quality]]
[2019.04.08-16.03.53:294][  0]LogConfig: Setting CVar [[r.SSS.Scale:1]]
[2019.04.08-16.03.53:294][  0]LogConfig: Setting CVar [[r.SSS.SampleSet:2]]
[2019.04.08-16.03.53:294][  0]LogConfig: Setting CVar [[r.SSS.Quality:1]]
[2019.04.08-16.03.53:294][  0]LogConfig: Setting CVar [[r.SSS.HalfRes:1]]
[2019.04.08-16.03.53:294][  0]LogConfig: Setting CVar [[r.EmitterSpawnRateScale:1.0]]
[2019.04.08-16.03.53:295][  0]LogConfig: Setting CVar [[r.ParticleLightQuality:2]]
[2019.04.08-16.03.53:295][  0]LogConfig: Applying CVar settings from Section [FoliageQuality@3] File [C:/Users/james/Desktop/Processes for OOS/COP4331-Project/ScaryMaze/Saved/Config/Windows/Scalability.ini]
[2019.04.08-16.03.53:295][  0]LogConfig: Setting CVar [[foliage.DensityScale:1.0]]
[2019.04.08-16.03.53:295][  0]LogConfig: Setting CVar [[grass.DensityScale:1.0]]
[2019.04.08-16.03.53:346][  0]LogInit: Selected Device Profile: [Windows]
[2019.04.08-16.03.53:348][  0]LogInit: Applying CVar settings loaded from the selected device profile: [Windows]
[2019.04.08-16.03.53:438][  0]LogHAL: Display: Platform has ~ 8 GB [8499228672 / 8589934592 / 8], which maps to Default [LargestMinGB=32, LargerMinGB=12, DefaultMinGB=8, SmallerMinGB=6, SmallestMinGB=0)
[2019.04.08-16.03.53:447][  0]LogConfig: Setting CVar [[r.Vulkan.UseRealUBs:1]]
[2019.04.08-16.03.53:447][  0]LogInit: Going up to parent DeviceProfile []
[2019.04.08-16.03.53:459][  0]LogConfig: Applying CVar settings from Section [ViewDistanceQuality@0] File [C:/Users/james/Desktop/Processes for OOS/COP4331-Project/ScaryMaze/Saved/Config/Windows/Scalability.ini]
[2019.04.08-16.03.53:459][  0]LogConfig: Setting CVar [[r.SkeletalMeshLODBias:2]]
[2019.04.08-16.03.53:459][  0]LogConfig: Setting CVar [[r.ViewDistanceScale:0.4]]
[2019.04.08-16.03.53:459][  0]LogConfig: Applying CVar settings from Section [AntiAliasingQuality@3] File [C:/Users/james/Desktop/Processes for OOS/COP4331-Project/ScaryMaze/Saved/Config/Windows/Scalability.ini]
[2019.04.08-16.03.53:459][  0]LogConfig: Setting CVar [[r.PostProcessAAQuality:4]]
[2019.04.08-16.03.53:460][  0]LogConfig: Applying CVar settings from Section [ShadowQuality@1] File [C:/Users/james/Desktop/Processes for OOS/COP4331-Project/ScaryMaze/Saved/Config/Windows/Scalability.ini]
[2019.04.08-16.03.53:460][  0]LogConfig: Setting CVar [[r.LightFunctionQuality:1]]
[2019.04.08-16.03.53:460][  0]LogConfig: Setting CVar [[r.ShadowQuality:3]]
[2019.04.08-16.03.53:460][  0]LogConfig: Setting CVar [[r.Shadow.CSM.MaxCascades:1]]
[2019.04.08-16.03.53:460][  0]LogConfig: Setting CVar [[r.Shadow.MaxResolution:1024]]
[2019.04.08-16.03.53:460][  0]LogConfig: Setting CVar [[r.Shadow.MaxCSMResolution:1024]]
[2019.04.08-16.03.53:460][  0]LogConfig: Setting CVar [[r.Shadow.RadiusThreshold:0.05]]
[2019.04.08-16.03.53:460][  0]LogConfig: Setting CVar [[r.Shadow.DistanceScale:0.7]]
[2019.04.08-16.03.53:460][  0]LogConfig: Setting CVar [[r.Shadow.CSM.TransitionScale:0.25]]
[2019.04.08-16.03.53:460][  0]LogConfig: Setting CVar [[r.Shadow.PreShadowResolutionFactor:0.5]]
[2019.04.08-16.03.53:460][  0]LogConfig: Setting CVar [[r.DistanceFieldShadowing:0]]
[2019.04.08-16.03.53:460][  0]LogConfig: Setting CVar [[r.DistanceFieldAO:0]]
[2019.04.08-16.03.53:460][  0]LogConfig: Setting CVar [[r.VolumetricFog:0]]
[2019.04.08-16.03.53:460][  0]LogConfig: Setting CVar [[r.LightMaxDrawDistanceScale:.5]]
[2019.04.08-16.03.53:461][  0]LogConfig: Setting CVar [[r.CapsuleShadows:1]]
[2019.04.08-16.03.53:461][  0]LogConfig: Applying CVar settings from Section [PostProcessQuality@2] File [C:/Users/james/Desktop/Processes for OOS/COP4331-Project/ScaryMaze/Saved/Config/Windows/Scalability.ini]
[2019.04.08-16.03.53:461][  0]LogConfig: Setting CVar [[r.MotionBlurQuality:3]]
[2019.04.08-16.03.53:461][  0]LogConfig: Setting CVar [[r.AmbientOcclusionMipLevelFactor:0.6]]
[2019.04.08-16.03.53:461][  0]LogConfig: Setting CVar [[r.AmbientOcclusionMaxQuality:100]]
[2019.04.08-16.03.53:461][  0]LogConfig: Setting CVar [[r.AmbientOcclusionLevels:-1]]
[2019.04.08-16.03.53:461][  0]LogConfig: Setting CVar [[r.AmbientOcclusionRadiusScale:1.5]]
[2019.04.08-16.03.53:461][  0]LogConfig: Setting CVar [[r.DepthOfFieldQuality:2]]
[2019.04.08-16.03.53:461][  0]LogConfig: Setting CVar [[r.RenderTargetPoolMin:400]]
[2019.04.08-16.03.53:461][  0]LogConfig: Setting CVar [[r.LensFlareQuality:2]]
[2019.04.08-16.03.53:461][  0]LogConfig: Setting CVar [[r.SceneColorFringeQuality:1]]
[2019.04.08-16.03.53:461][  0]LogConfig: Setting CVar [[r.EyeAdaptationQuality:2]]
[2019.04.08-16.03.53:461][  0]LogConfig: Setting CVar [[r.BloomQuality:5]]
[2019.04.08-16.03.53:461][  0]LogConfig: Setting CVar [[r.FastBlurThreshold:3]]
[2019.04.08-16.03.53:461][  0]LogConfig: Setting CVar [[r.Upscale.Quality:2]]
[2019.04.08-16.03.53:461][  0]LogConfig: Setting CVar [[r.Tonemapper.GrainQuantization:1]]
[2019.04.08-16.03.53:461][  0]LogConfig: Setting CVar [[r.LightShaftQuality:1]]
[2019.04.08-16.03.53:462][  0]LogConfig: Setting CVar [[r.Filter.SizeScale:0.8]]
[2019.04.08-16.03.53:462][  0]LogConfig: Setting CVar [[r.Tonemapper.Quality:5]]
[2019.04.08-16.03.53:462][  0]LogConfig: Setting CVar [[r.DOF.Gather.AccumulatorQuality:0        ; lower gathering accumulator quality]]
[2019.04.08-16.03.53:462][  0]LogConfig: Setting CVar [[r.DOF.Gather.PostfilterMethod:2          ; Max3x3 postfilering method]]
[2019.04.08-16.03.53:462][  0]LogConfig: Setting CVar [[r.DOF.Gather.EnableBokehSettings:0       ; no bokeh simulation when gathering]]
[2019.04.08-16.03.53:462][  0]LogConfig: Setting CVar [[r.DOF.Gather.RingCount:4                 ; medium number of samples when gathering]]
[2019.04.08-16.03.53:462][  0]LogConfig: Setting CVar [[r.DOF.Scatter.ForegroundCompositing:1    ; additive foreground scattering]]
[2019.04.08-16.03.53:462][  0]LogConfig: Setting CVar [[r.DOF.Scatter.BackgroundCompositing:1    ; no background occlusion]]
[2019.04.08-16.03.53:462][  0]LogConfig: Setting CVar [[r.DOF.Scatter.EnableBokehSettings:0      ; no bokeh simulation when scattering]]
[2019.04.08-16.03.53:462][  0]LogConfig: Setting CVar [[r.DOF.Scatter.MaxSpriteRatio:0.04        ; only a maximum of 4% of scattered bokeh]]
[2019.04.08-16.03.53:462][  0]LogConfig: Setting CVar [[r.DOF.Recombine.Quality:0                ; no slight out of focus]]
[2019.04.08-16.03.53:462][  0]LogConfig: Setting CVar [[r.DOF.TemporalAAQuality:0                ; faster temporal accumulation]]
[2019.04.08-16.03.53:462][  0]LogConfig: Setting CVar [[r.DOF.Kernel.MaxForegroundRadius:0.012   ; required because of AccumulatorQuality=0]]
[2019.04.08-16.03.53:462][  0]LogConfig: Setting CVar [[r.DOF.Kernel.MaxBackgroundRadius:0.012   ; required because of AccumulatorQuality=0]]
[2019.04.08-16.03.53:462][  0]LogConfig: Applying CVar settings from Section [TextureQuality@3] File [C:/Users/james/Desktop/Processes for OOS/COP4331-Project/ScaryMaze/Saved/Config/Windows/Scalability.ini]
[2019.04.08-16.03.53:462][  0]LogConfig: Setting CVar [[r.Streaming.MipBias:0]]
[2019.04.08-16.03.53:463][  0]LogConfig: Setting CVar [[r.Streaming.AmortizeCPUToGPUCopy:0]]
[2019.04.08-16.03.53:463][  0]LogConfig: Setting CVar [[r.Streaming.MaxNumTexturesToStreamPerFrame:0]]
[2019.04.08-16.03.53:463][  0]LogConfig: Setting CVar [[r.Streaming.Boost:1]]
[2019.04.08-16.03.53:463][  0]LogConfig: Setting CVar [[r.MaxAnisotropy:8]]
[2019.04.08-16.03.53:463][  0]LogConfig: Setting CVar [[r.Streaming.LimitPoolSizeToVRAM:0]]
[2019.04.08-16.03.53:463][  0]LogConfig: Setting CVar [[r.Streaming.PoolSize:1000]]
[2019.04.08-16.03.53:463][  0]LogConfig: Setting CVar [[r.Streaming.MaxEffectiveScreenSize:0]]
[2019.04.08-16.03.53:463][  0]LogConfig: Applying CVar settings from Section [EffectsQuality@1] File [C:/Users/james/Desktop/Processes for OOS/COP4331-Project/ScaryMaze/Saved/Config/Windows/Scalability.ini]
[2019.04.08-16.03.53:463][  0]LogConfig: Setting CVar [[r.TranslucencyLightingVolumeDim:32]]
[2019.04.08-16.03.53:463][  0]LogConfig: Setting CVar [[r.RefractionQuality:0]]
[2019.04.08-16.03.53:463][  0]LogConfig: Setting CVar [[r.SSR.Quality:0]]
[2019.04.08-16.03.53:463][  0]LogConfig: Setting CVar [[r.SceneColorFormat:3]]
[2019.04.08-16.03.53:463][  0]LogConfig: Setting CVar [[r.DetailMode:1]]
[2019.04.08-16.03.53:463][  0]LogConfig: Setting CVar [[r.TranslucencyVolumeBlur:0]]
[2019.04.08-16.03.53:464][  0]LogConfig: Setting CVar [[r.MaterialQualityLevel:2 ; Medium quality]]
[2019.04.08-16.03.53:464][  0]LogConfig: Setting CVar [[r.SSS.Scale:0.75]]
[2019.04.08-16.03.53:464][  0]LogConfig: Setting CVar [[r.SSS.SampleSet:0]]
[2019.04.08-16.03.53:464][  0]LogConfig: Setting CVar [[r.SSS.Quality:0]]
[2019.04.08-16.03.53:464][  0]LogConfig: Setting CVar [[r.SSS.HalfRes:1]]
[2019.04.08-16.03.53:464][  0]LogConfig: Setting CVar [[r.EmitterSpawnRateScale:0.25]]
[2019.04.08-16.03.53:464][  0]LogConfig: Setting CVar [[r.ParticleLightQuality:0]]
[2019.04.08-16.03.53:464][  0]LogConfig: Applying CVar settings from Section [FoliageQuality@0] File [C:/Users/james/Desktop/Processes for OOS/COP4331-Project/ScaryMaze/Saved/Config/Windows/Scalability.ini]
[2019.04.08-16.03.53:464][  0]LogConfig: Setting CVar [[foliage.DensityScale:0]]
[2019.04.08-16.03.53:464][  0]LogConfig: Setting CVar [[grass.DensityScale:0]]
[2019.04.08-16.03.53:464][  0]LogConfig: Applying CVar settings from Section [Startup] File [../../../Engine/Config/ConsoleVariables.ini]
[2019.04.08-16.03.53:496][  0]LogConfig: Setting CVar [[net.UseAdaptiveNetUpdateFrequency:0]]
[2019.04.08-16.03.53:496][  0]LogConfig: Applying CVar settings from Section [ConsoleVariables] File [C:/Users/james/Desktop/Processes for OOS/COP4331-Project/ScaryMaze/Saved/Config/Windows/Engine.ini]
[2019.04.08-16.03.53:558][  0]LogInit: Computer: LAPTOP-Q1QSGUBH
[2019.04.08-16.03.53:558][  0]LogInit: User: james
[2019.04.08-16.03.53:559][  0]LogInit: CPU Page size=4096, Cores=2
[2019.04.08-16.03.53:559][  0]LogInit: High frequency timer resolution =2.648437 MHz
[2019.04.08-16.03.53:562][  0]LogMemory: Memory total: Physical=7.9GB (8GB approx)
[2019.04.08-16.03.53:563][  0]LogMemory: Platform Memory Stats for Windows
[2019.04.08-16.03.53:564][  0]LogMemory: Process Physical Memory: 102.97 MB used, 102.97 MB peak
[2019.04.08-16.03.53:564][  0]LogMemory: Process Virtual Memory: 92.86 MB used, 92.86 MB peak
[2019.04.08-16.03.53:565][  0]LogMemory: Physical Memory: 5392.57 MB used,  2712.92 MB free, 8105.50 MB total
[2019.04.08-16.03.53:566][  0]LogMemory: Virtual Memory: 4636.92 MB used,  134213088.00 MB free, 134217728.00 MB total
[2019.04.08-16.03.57:782][  0]LogInit: Using OS detected language (en-US).
[2019.04.08-16.03.57:782][  0]LogInit: Using OS detected locale (en-US).
[2019.04.08-16.03.57:893][  0]LogTextLocalizationManager: No specific localization for 'en-US' exists, so the 'en' localization will be used.
[2019.04.08-16.03.59:565][  0]LogStreaming: Display: Took  1.776s to InitEngineTextLocalization.
[2019.04.08-16.03.59:587][  0]LogInit: Setting process to per monitor DPI aware
[2019.04.08-16.04.00:867][  0]LogSlate: New Slate User Created.  User Index 0, Is Virtual User: 0
[2019.04.08-16.04.00:867][  0]LogSlate: Slate User Registered.  User Index 0, Is Virtual User: 0
[2019.04.08-16.04.09:410][  0]LogHMD: Failed to initialize OpenVR with code 110
[2019.04.08-16.04.09:410][  0]LogD3D11RHI: D3D11 adapters:
[2019.04.08-16.04.12:019][  0]LogD3D11RHI:    0. 'NVIDIA GeForce 920MX' (Feature Level 11_0)
[2019.04.08-16.04.12:020][  0]LogD3D11RHI:       2010/0/4052 MB DedicatedVideo/DedicatedSystem/SharedSystem, Outputs:1, VendorId:0x10de
[2019.04.08-16.04.12:372][  0]LogD3D11RHI:    1. 'Intel(R) HD Graphics 620' (Feature Level 11_0)
[2019.04.08-16.04.12:372][  0]LogD3D11RHI:       128/0/4052 MB DedicatedVideo/DedicatedSystem/SharedSystem, Outputs:0, VendorId:0x8086
[2019.04.08-16.04.12:480][  0]LogD3D11RHI:    2. 'Microsoft Basic Render Driver' (Feature Level 11_0)
[2019.04.08-16.04.12:480][  0]LogD3D11RHI:       0/0/4052 MB DedicatedVideo/DedicatedSystem/SharedSystem, Outputs:0, VendorId:0x1414
[2019.04.08-16.04.12:481][  0]LogD3D11RHI: Chosen D3D11 Adapter: 0
[2019.04.08-16.04.12:569][  0]LogD3D11RHI: Creating new Direct3DDevice
[2019.04.08-16.04.12:569][  0]LogD3D11RHI:     GPU DeviceId: 0x134f (for the marketing name, search the web for "GPU Device Id")
[2019.04.08-16.04.12:569][  0]LogWindows: EnumDisplayDevices:
[2019.04.08-16.04.12:570][  0]LogWindows:    0. 'Intel(R) HD Graphics 620' (P:1 D:1)
[2019.04.08-16.04.12:570][  0]LogWindows:    1. 'Intel(R) HD Graphics 620' (P:0 D:0)
[2019.04.08-16.04.12:571][  0]LogWindows:    2. 'Intel(R) HD Graphics 620' (P:0 D:0)
[2019.04.08-16.04.12:571][  0]LogWindows: DebugString: PrimaryIsNotTheChoosenAdapter PrimaryIsNotTheChoosenAdapter PrimaryIsNotTheChoosenAdapter FoundDriverCount:0 
[2019.04.08-16.04.12:571][  0]LogD3D11RHI:     Adapter Name: NVIDIA GeForce 920MX
[2019.04.08-16.04.12:571][  0]LogD3D11RHI:   Driver Version: Unknown (internal:Unknown, unified:Unknown)
[2019.04.08-16.04.12:571][  0]LogD3D11RHI:      Driver Date: Unknown
[2019.04.08-16.04.12:572][  0]LogRHI: Texture pool is 1407 MB (70% of 2010 MB)
[2019.04.08-16.04.12:767][  0]LogD3D11RHI: Async texture creation enabled
[2019.04.08-16.04.13:308][  0]LogD3D11RHI: GPU Timing Frequency: 1000.000000 (Debug: 2 3)
[2019.04.08-16.04.14:886][  0]LogTemp: Display: Loaded TP AllDesktopTargetPlatform
[2019.04.08-16.04.14:928][  0]LogTemp: Display: Loaded TP MacClientTargetPlatform
[2019.04.08-16.04.14:949][  0]LogTemp: Display: Loaded TP MacNoEditorTargetPlatform
[2019.04.08-16.04.14:970][  0]LogTemp: Display: Loaded TP MacServerTargetPlatform
[2019.04.08-16.04.15:050][  0]LogTemp: Display: Loaded TP MacTargetPlatform
[2019.04.08-16.04.15:117][  0]LogTemp: Display: Loaded TP WindowsClientTargetPlatform
[2019.04.08-16.04.15:157][  0]LogTemp: Display: Loaded TP WindowsNoEditorTargetPlatform
[2019.04.08-16.04.15:202][  0]LogTemp: Display: Loaded TP WindowsServerTargetPlatform
[2019.04.08-16.04.15:255][  0]LogTemp: Display: Loaded TP WindowsTargetPlatform
[2019.04.08-16.04.15:430][  0]LogTemp: Display: Loaded TP AndroidTargetPlatform
[2019.04.08-16.04.15:430][  0]LogTemp: Display: Loaded TP AndroidTargetPlatform
[2019.04.08-16.04.15:430][  0]LogTemp: Display: Loaded TP AndroidTargetPlatform
[2019.04.08-16.04.15:430][  0]LogTemp: Display: Loaded TP AndroidTargetPlatform
[2019.04.08-16.04.15:430][  0]LogTemp: Display: Loaded TP AndroidTargetPlatform
[2019.04.08-16.04.15:430][  0]LogTemp: Display: Loaded TP AndroidTargetPlatform
[2019.04.08-16.04.15:430][  0]LogTemp: Display: Loaded TP AndroidTargetPlatform
[2019.04.08-16.04.15:430][  0]LogTemp: Display: Loaded TP AndroidTargetPlatform
[2019.04.08-16.04.15:430][  0]LogTemp: Display: Loaded TP AndroidTargetPlatform
[2019.04.08-16.04.15:431][  0]LogTemp: Display: Loaded TP AndroidTargetPlatform
[2019.04.08-16.04.15:431][  0]LogTemp: Display: Loaded TP AndroidTargetPlatform
[2019.04.08-16.04.15:431][  0]LogTemp: Display: Loaded TP AndroidTargetPlatform
[2019.04.08-16.04.15:431][  0]LogTemp: Display: Loaded TP AndroidTargetPlatform
[2019.04.08-16.04.15:431][  0]LogTemp: Display: Loaded TP AndroidTargetPlatform
[2019.04.08-16.04.15:431][  0]LogTemp: Display: Loaded TP AndroidTargetPlatform
[2019.04.08-16.04.15:431][  0]LogTemp: Display: Loaded TP AndroidTargetPlatform
[2019.04.08-16.04.15:431][  0]LogTemp: Display: Loaded TP AndroidTargetPlatform
[2019.04.08-16.04.15:431][  0]LogTemp: Display: Loaded TP AndroidTargetPlatform
[2019.04.08-16.04.15:457][  0]LogTemp: Display: Loaded TP HTML5TargetPlatform
[2019.04.08-16.04.15:654][  0]LogTemp: Display: Loaded TP IOSTargetPlatform
[2019.04.08-16.04.15:654][  0]LogTemp: Display: Loaded TP IOSTargetPlatform
[2019.04.08-16.04.15:701][  0]LogTemp: Display: Loaded TP TVOSTargetPlatform
[2019.04.08-16.04.15:701][  0]LogTemp: Display: Loaded TP TVOSTargetPlatform
[2019.04.08-16.04.15:767][  0]LogTemp: Display: Loaded TP LinuxClientTargetPlatform
[2019.04.08-16.04.15:789][  0]LogTemp: Display: Loaded TP LinuxNoEditorTargetPlatform
[2019.04.08-16.04.15:812][  0]LogTemp: Display: Loaded TP LinuxServerTargetPlatform
[2019.04.08-16.04.15:894][  0]LogTemp: Display: Loaded TP LinuxTargetPlatform
[2019.04.08-16.04.15:970][  0]LogTemp: Display: Loaded TP LuminTargetPlatform
[2019.04.08-16.04.15:970][  0]LogTemp: Display: Loaded TP LuminTargetPlatform
[2019.04.08-16.04.15:970][  0]LogTargetPlatformManager: Display: Building Assets For Windows
[2019.04.08-16.04.17:469][  0]LogShaderCompilers: Guid format shader working directory is -36 characters bigger than the processId version (../../../../../../Users/james/Desktop/Processes for OOS/COP4331-Project/ScaryMaze/Intermediate/Shaders/WorkingDirectory/23132/).
[2019.04.08-16.04.17:470][  0]LogShaderCompilers: Cleaned the shader compiler working directory 'C:/Users/james/AppData/Local/Temp/UnrealShaderWorkingDir/29685C264FEB4479BD5DEC998CC17E94/'.
[2019.04.08-16.04.17:499][  0]LogXGEController: Cleaning working directory: C:/Users/james/AppData/Local/Temp/UnrealXGEWorkingDir/
[2019.04.08-16.04.17:500][  0]LogXGEController: Cannot use XGE Controller as Incredibuild is not installed on this machine.
[2019.04.08-16.04.17:500][  0]LogShaderCompilers: Cannot use XGE Shader Compiler as Incredibuild is not installed on this machine.
[2019.04.08-16.04.17:500][  0]LogShaderCompilers: Display: Using Local Shader Compiler.
[2019.04.08-16.04.25:509][  0]LogDerivedDataCache: Display: Max Cache Size: 512 MB
[2019.04.08-16.04.27:097][  0]LogDerivedDataCache: Loaded boot cache 1.58s 137MB C:/Users/james/AppData/Local/UnrealEngine/4.21/DerivedDataCache/Boot.ddc.
[2019.04.08-16.04.27:097][  0]LogDerivedDataCache: Display: Loaded Boot cache: C:/Users/james/AppData/Local/UnrealEngine/4.21/DerivedDataCache/Boot.ddc
[2019.04.08-16.04.27:098][  0]LogDerivedDataCache: FDerivedDataBackendGraph:  Pak pak cache file ../../../../../../Users/james/Desktop/Processes for OOS/COP4331-Project/ScaryMaze/DerivedDataCache/DDC.ddp not found, will not use a pak cache.
[2019.04.08-16.04.27:098][  0]LogDerivedDataCache: Unable to find inner node Pak for hierarchical cache Hierarchy.
[2019.04.08-16.04.27:098][  0]LogDerivedDataCache: FDerivedDataBackendGraph:  CompressedPak pak cache file ../../../../../../Users/james/Desktop/Processes for OOS/COP4331-Project/ScaryMaze/DerivedDataCache/Compressed.ddp not found, will not use a pak cache.
[2019.04.08-16.04.27:098][  0]LogDerivedDataCache: Unable to find inner node CompressedPak for hierarchical cache Hierarchy.
[2019.04.08-16.04.27:306][  0]LogDerivedDataCache: Display: Pak cache opened for reading ../../../Engine/DerivedDataCache/Compressed.ddp.
[2019.04.08-16.04.27:306][  0]LogDerivedDataCache: FDerivedDataBackendGraph:  EnterprisePak pak cache file ../../../Enterprise/DerivedDataCache/Compressed.ddp not found, will not use a pak cache.
[2019.04.08-16.04.27:306][  0]LogDerivedDataCache: Unable to find inner node EnterprisePak for hierarchical cache Hierarchy.
[2019.04.08-16.04.27:374][  0]LogDerivedDataCache: Using Local data cache path C:/Users/james/AppData/Local/UnrealEngine/Common/DerivedDataCache: Writable
[2019.04.08-16.04.27:374][  0]LogDerivedDataCache: Shared data cache path not found in *engine.ini, will not use an Shared cache.
[2019.04.08-16.04.27:374][  0]LogDerivedDataCache: Unable to find inner node Shared for hierarchical cache Hierarchy.
[2019.04.08-16.04.27:515][  0]LogMaterial: Verifying Global Shaders for PCD3D_SM5
[2019.04.08-16.04.27:594][  0]LogSlate: Using FreeType 2.6.0
[2019.04.08-16.04.27:709][  0]LogSlate: SlateFontServices - WITH_FREETYPE: 1, WITH_HARFBUZZ: 1
[2019.04.08-16.04.31:007][  0]LogAssetRegistry: FAssetRegistry took 0.0866 seconds to start up
[2019.04.08-16.04.44:461][  0]LogInit: Selected Device Profile: [Windows]
[2019.04.08-16.04.49:597][  0]LogSimplygon: Simplygon DLL not present - disabling.
[2019.04.08-16.04.50:183][  0]LogMeshReduction: Using SimplygonSwarm for distributed automatic mesh merging
[2019.04.08-16.04.50:218][  0]LogMeshReduction: Using ProxyLODMeshReduction for automatic mesh merging
[2019.04.08-16.04.50:253][  0]LogMeshReduction: Using QuadricMeshReduction for automatic static mesh reduction
[2019.04.08-16.04.50:253][  0]LogMeshReduction: No automatic skeletal mesh reduction module available
[2019.04.08-16.04.51:563][  0]LogNetVersion: ScaryMaze 1.0.0, NetCL: 4541578, EngineNetVer: 5, GameNetVer: 0 (Checksum: 3370334168)
[2019.04.08-16.05.03:977][  0]LogPackageLocalizationCache: Processed 11 localized package path(s) for 2 prioritized culture(s) in 0.475404 seconds
[2019.04.08-16.05.04:018][  0]LogUObjectArray: 39775 objects as part of root set at end of initial load.
[2019.04.08-16.05.04:018][  0]LogUObjectAllocator: 6914656 out of 0 bytes used by permanent object pool.
[2019.04.08-16.05.04:018][  0]LogUObjectArray: CloseDisregardForGC: 0/0 objects in disregard for GC pool
[2019.04.08-16.05.56:863][  0]LogTcpMessaging: Initializing TcpMessaging bridge
[2019.04.08-16.05.56:918][  0]LogUdpMessaging: Initializing bridge on interface 0.0.0.0:0 to multicast group 230.0.0.1:6666.
[2019.04.08-16.05.59:525][  0]LogScript: Warning: Script Msg: A null object was passed as a world context object to UEngine::GetWorldFromContextObject().
[2019.04.08-16.06.04:871][  0]LogBlueprint: Warning: Node '/Game/MixamoAnimPack/MixamoCharacter_Master.MixamoCharacter_Master:EdGraph_0.K2Node_FunctionEntry_19' missing NodeGuid because of upgrade from old package version, this can cause deterministic cooking issues please resave package.
[2019.04.08-16.06.05:080][  0]LogScript: Warning: Script Msg: A null object was passed as a world context object to UEngine::GetWorldFromContextObject().
[2019.04.08-16.06.06:753][  0]LogScript: Warning: Script Msg: A null object was passed as a world context object to UEngine::GetWorldFromContextObject().
[2019.04.08-16.06.06:971][  0]LogScript: Warning: Script Msg: A null object was passed as a world context object to UEngine::GetWorldFromContextObject().
[2019.04.08-16.06.09:134][  0]LogBlueprint: Warning: Node '/Game/MixamoAnimPack/MixamoCharacter_Master.MixamoCharacter_Master:EventGraph.EdGraphNode_Comment_93' missing NodeGuid because of upgrade from old package version, this can cause deterministic cooking issues please resave package.
[2019.04.08-16.06.09:134][  0]LogBlueprint: Warning: Node '/Game/MixamoAnimPack/MixamoCharacter_Master.MixamoCharacter_Master:EventGraph.K2Node_Comment_1' missing NodeGuid because of upgrade from old package version, this can cause deterministic cooking issues please resave package.
[2019.04.08-16.06.09:135][  0]LogBlueprint: Warning: Node '/Game/MixamoAnimPack/MixamoCharacter_Master.MixamoCharacter_Master:EventGraph.K2Node_Comment_39' missing NodeGuid because of upgrade from old package version, this can cause deterministic cooking issues please resave package.
[2019.04.08-16.06.09:135][  0]LogBlueprint: Warning: Node '/Game/MixamoAnimPack/MixamoCharacter_Master.MixamoCharacter_Master:EventGraph.K2Node_Comment_56' missing NodeGuid because of upgrade from old package version, this can cause deterministic cooking issues please resave package.
[2019.04.08-16.06.09:138][  0]LogBlueprint: Warning: Node '/Game/MixamoAnimPack/MixamoCharacter_Master.MixamoCharacter_Master:EventGraph.K2Node_CallFunction_108971' missing NodeGuid because of upgrade from old package version, this can cause deterministic cooking issues please resave package.
[2019.04.08-16.06.09:138][  0]LogBlueprint: Warning: Node '/Game/MixamoAnimPack/MixamoCharacter_Master.MixamoCharacter_Master:EventGraph.K2Node_CallFunction_112027' missing NodeGuid because of upgrade from old package version, this can cause deterministic cooking issues please resave package.
[2019.04.08-16.06.09:138][  0]LogBlueprint: Warning: Node '/Game/MixamoAnimPack/MixamoCharacter_Master.MixamoCharacter_Master:EventGraph.K2Node_CallFunction_20844' missing NodeGuid because of upgrade from old package version, this can cause deterministic cooking issues please resave package.
[2019.04.08-16.06.09:139][  0]LogBlueprint: Warning: Node '/Game/MixamoAnimPack/MixamoCharacter_Master.MixamoCharacter_Master:EventGraph.K2Node_CallFunction_21305' missing NodeGuid because of upgrade from old package version, this can cause deterministic cooking issues please resave package.
[2019.04.08-16.06.09:139][  0]LogBlueprint: Warning: Node '/Game/MixamoAnimPack/MixamoCharacter_Master.MixamoCharacter_Master:EventGraph.K2Node_CallFunction_3716' missing NodeGuid because of upgrade from old package version, this can cause deterministic cooking issues please resave package.
[2019.04.08-16.06.09:139][  0]LogBlueprint: Warning: Node '/Game/MixamoAnimPack/MixamoCharacter_Master.MixamoCharacter_Master:EventGraph.K2Node_CallFunction_4184' missing NodeGuid because of upgrade from old package version, this can cause deterministic cooking issues please resave package.
[2019.04.08-16.06.09:140][  0]LogBlueprint: Warning: Node '/Game/MixamoAnimPack/MixamoCharacter_Master.MixamoCharacter_Master:EventGraph.K2Node_CallFunction_4223' missing NodeGuid because of upgrade from old package version, this can cause deterministic cooking issues please resave package.
[2019.04.08-16.06.09:140][  0]LogBlueprint: Warning: Node '/Game/MixamoAnimPack/MixamoCharacter_Master.MixamoCharacter_Master:EventGraph.K2Node_CallFunction_4678' missing NodeGuid because of upgrade from old package version, this can cause deterministic cooking issues please resave package.
[2019.04.08-16.06.09:140][  0]LogBlueprint: Warning: Node '/Game/MixamoAnimPack/MixamoCharacter_Master.MixamoCharacter_Master:EventGraph.K2Node_CallFunction_61214' missing NodeGuid because of upgrade from old package version, this can cause deterministic cooking issues please resave package.
[2019.04.08-16.06.09:141][  0]LogBlueprint: Warning: Node '/Game/MixamoAnimPack/MixamoCharacter_Master.MixamoCharacter_Master:EventGraph.K2Node_CallFunction_61534' missing NodeGuid because of upgrade from old package version, this can cause deterministic cooking issues please resave package.
[2019.04.08-16.06.09:141][  0]LogBlueprint: Warning: Node '/Game/MixamoAnimPack/MixamoCharacter_Master.MixamoCharacter_Master:EventGraph.K2Node_CallFunction_65164' missing NodeGuid because of upgrade from old package version, this can cause deterministic cooking issues please resave package.
[2019.04.08-16.06.09:141][  0]LogBlueprint: Warning: Node '/Game/MixamoAnimPack/MixamoCharacter_Master.MixamoCharacter_Master:EventGraph.K2Node_CallFunction_7346' missing NodeGuid because of upgrade from old package version, this can cause deterministic cooking issues please resave package.
[2019.04.08-16.06.09:142][  0]LogBlueprint: Warning: Node '/Game/MixamoAnimPack/MixamoCharacter_Master.MixamoCharacter_Master:EventGraph.K2Node_CallFunction_8160' missing NodeGuid because of upgrade from old package version, this can cause deterministic cooking issues please resave package.
[2019.04.08-16.06.09:142][  0]LogBlueprint: Warning: Node '/Game/MixamoAnimPack/MixamoCharacter_Master.MixamoCharacter_Master:EventGraph.K2Node_CallFunction_8427' missing NodeGuid because of upgrade from old package version, this can cause deterministic cooking issues please resave package.
[2019.04.08-16.06.09:143][  0]LogBlueprint: Warning: Node '/Game/MixamoAnimPack/MixamoCharacter_Master.MixamoCharacter_Master:EventGraph.K2Node_CallFunction_8733' missing NodeGuid because of upgrade from old package version, this can cause deterministic cooking issues please resave package.
[2019.04.08-16.06.09:143][  0]LogBlueprint: Warning: Node '/Game/MixamoAnimPack/MixamoCharacter_Master.MixamoCharacter_Master:EventGraph.K2Node_CallFunction_87421' missing NodeGuid because of upgrade from old package version, this can cause deterministic cooking issues please resave package.
[2019.04.08-16.06.09:143][  0]LogBlueprint: Warning: Node '/Game/MixamoAnimPack/MixamoCharacter_Master.MixamoCharacter_Master:EventGraph.K2Node_CallFunction_8781' missing NodeGuid because of upgrade from old package version, this can cause deterministic cooking issues please resave package.
[2019.04.08-16.06.09:144][  0]LogBlueprint: Warning: Node '/Game/MixamoAnimPack/MixamoCharacter_Master.MixamoCharacter_Master:EventGraph.K2Node_CommutativeAssociativeBinaryOperator_153' missing NodeGuid because of upgrade from old package version, this can cause deterministic cooking issues please resave package.
[2019.04.08-16.06.09:144][  0]LogBlueprint: Warning: Node '/Game/MixamoAnimPack/MixamoCharacter_Master.MixamoCharacter_Master:EventGraph.K2Node_CommutativeAssociativeBinaryOperator_155' missing NodeGuid because of upgrade from old package version, this can cause deterministic cooking issues please resave package.
[2019.04.08-16.06.09:144][  0]LogBlueprint: Warning: Node '/Game/MixamoAnimPack/MixamoCharacter_Master.MixamoCharacter_Master:EventGraph.K2Node_DynamicCast_179' missing NodeGuid because of upgrade from old package version, this can cause deterministic cooking issues please resave package.
[2019.04.08-16.06.09:144][  0]LogBlueprint: Warning: Node '/Game/MixamoAnimPack/MixamoCharacter_Master.MixamoCharacter_Master:UserConstructionScript.K2Node_FunctionEntry_19' missing NodeGuid because of upgrade from old package version, this can cause deterministic cooking issues please resave package.
[2019.04.08-16.06.09:145][  0]LogBlueprint: Warning: Node '/Game/MixamoAnimPack/MixamoCharacter_Master.MixamoCharacter_Master:EventGraph.K2Node_IfThenElse_203' missing NodeGuid because of upgrade from old package version, this can cause deterministic cooking issues please resave package.
[2019.04.08-16.06.09:145][  0]LogBlueprint: Warning: Node '/Game/MixamoAnimPack/MixamoCharacter_Master.MixamoCharacter_Master:EventGraph.K2Node_IfThenElse_27' missing NodeGuid because of upgrade from old package version, this can cause deterministic cooking issues please resave package.
[2019.04.08-16.06.09:146][  0]LogBlueprint: Warning: Node '/Game/MixamoAnimPack/MixamoCharacter_Master.MixamoCharacter_Master:EventGraph.K2Node_IfThenElse_41' missing NodeGuid because of upgrade from old package version, this can cause deterministic cooking issues please resave package.
[2019.04.08-16.06.09:146][  0]LogBlueprint: Warning: Node '/Game/MixamoAnimPack/MixamoCharacter_Master.MixamoCharacter_Master:EventGraph.K2Node_InputAction_52' missing NodeGuid because of upgrade from old package version, this can cause deterministic cooking issues please resave package.
[2019.04.08-16.06.09:146][  0]LogBlueprint: Warning: Node '/Game/MixamoAnimPack/MixamoCharacter_Master.MixamoCharacter_Master:EventGraph.K2Node_InputAxisEvent_1058' missing NodeGuid because of upgrade from old package version, this can cause deterministic cooking issues please resave package.
[2019.04.08-16.06.09:147][  0]LogBlueprint: Warning: Node '/Game/MixamoAnimPack/MixamoCharacter_Master.MixamoCharacter_Master:EventGraph.K2Node_InputAxisEvent_1657' missing NodeGuid because of upgrade from old package version, this can cause deterministic cooking issues please resave package.
[2019.04.08-16.06.09:147][  0]LogBlueprint: Warning: Node '/Game/MixamoAnimPack/MixamoCharacter_Master.MixamoCharacter_Master:EventGraph.K2Node_InputAxisEvent_43' missing NodeGuid because of upgrade from old package version, this can cause deterministic cooking issues please resave package.
[2019.04.08-16.06.09:147][  0]LogBlueprint: Warning: Node '/Game/MixamoAnimPack/MixamoCharacter_Master.MixamoCharacter_Master:EventGraph.K2Node_InputAxisEvent_50' missing NodeGuid because of upgrade from old package version, this can cause deterministic cooking issues please resave package.
[2019.04.08-16.06.09:147][  0]LogBlueprint: Warning: Node '/Game/MixamoAnimPack/MixamoCharacter_Master.MixamoCharacter_Master:EventGraph.K2Node_InputAxisEvent_55' missing NodeGuid because of upgrade from old package version, this can cause deterministic cooking issues please resave package.
[2019.04.08-16.06.09:148][  0]LogBlueprint: Warning: Node '/Game/MixamoAnimPack/MixamoCharacter_Master.MixamoCharacter_Master:EventGraph.K2Node_InputAxisEvent_86' missing NodeGuid because of upgrade from old package version, this can cause deterministic cooking issues please resave package.
[2019.04.08-16.06.09:148][  0]LogBlueprint: Warning: Node '/Game/MixamoAnimPack/MixamoCharacter_Master.MixamoCharacter_Master:EventGraph.K2Node_InputKey_17975' missing NodeGuid because of upgrade from old package version, this can cause deterministic cooking issues please resave package.
[2019.04.08-16.06.09:148][  0]LogBlueprint: Warning: Node '/Game/MixamoAnimPack/MixamoCharacter_Master.MixamoCharacter_Master:EventGraph.K2Node_VariableGet_1700' missing NodeGuid because of upgrade from old package version, this can cause deterministic cooking issues please resave package.
[2019.04.08-16.06.09:148][  0]LogBlueprint: Warning: Node '/Game/MixamoAnimPack/MixamoCharacter_Master.MixamoCharacter_Master:EventGraph.K2Node_VariableGet_174' missing NodeGuid because of upgrade from old package version, this can cause deterministic cooking issues please resave package.
[2019.04.08-16.06.09:148][  0]LogBlueprint: Warning: Node '/Game/MixamoAnimPack/MixamoCharacter_Master.MixamoCharacter_Master:EventGraph.K2Node_VariableGet_190' missing NodeGuid because of upgrade from old package version, this can cause deterministic cooking issues please resave package.
[2019.04.08-16.06.09:149][  0]LogBlueprint: Warning: Node '/Game/MixamoAnimPack/MixamoCharacter_Master.MixamoCharacter_Master:EventGraph.K2Node_VariableGet_91' missing NodeGuid because of upgrade from old package version, this can cause deterministic cooking issues please resave package.
[2019.04.08-16.06.09:149][  0]LogBlueprint: Warning: Node '/Game/MixamoAnimPack/MixamoCharacter_Master.MixamoCharacter_Master:EventGraph.K2Node_VariableGet_93' missing NodeGuid because of upgrade from old package version, this can cause deterministic cooking issues please resave package.
[2019.04.08-16.06.09:149][  0]LogBlueprint: Warning: Node '/Game/MixamoAnimPack/MixamoCharacter_Master.MixamoCharacter_Master:EventGraph.K2Node_VariableSet_1333' missing NodeGuid because of upgrade from old package version, this can cause deterministic cooking issues please resave package.
[2019.04.08-16.06.09:150][  0]LogBlueprint: Warning: Node '/Game/MixamoAnimPack/MixamoCharacter_Master.MixamoCharacter_Master:EventGraph.K2Node_VariableSet_1684' missing NodeGuid because of upgrade from old package version, this can cause deterministic cooking issues please resave package.
[2019.04.08-16.06.09:150][  0]LogBlueprint: Warning: Node '/Game/MixamoAnimPack/MixamoCharacter_Master.MixamoCharacter_Master:EventGraph.K2Node_VariableSet_1685' missing NodeGuid because of upgrade from old package version, this can cause deterministic cooking issues please resave package.
[2019.04.08-16.06.09:150][  0]LogBlueprint: Warning: Node '/Game/MixamoAnimPack/MixamoCharacter_Master.MixamoCharacter_Master:EventGraph.K2Node_VariableSet_660' missing NodeGuid because of upgrade from old package version, this can cause deterministic cooking issues please resave package.
[2019.04.08-16.06.09:150][  0]LogBlueprint: Warning: Node '/Game/MixamoAnimPack/MixamoCharacter_Master.MixamoCharacter_Master:EventGraph.K2Node_VariableSet_803' missing NodeGuid because of upgrade from old package version, this can cause deterministic cooking issues please resave package.
[2019.04.08-16.06.09:150][  0]LogBlueprint: Warning: Node '/Game/MixamoAnimPack/MixamoCharacter_Master.MixamoCharacter_Master:EventGraph.K2Node_VariableSet_850' missing NodeGuid because of upgrade from old package version, this can cause deterministic cooking issues please resave package.
[2019.04.08-16.06.15:324][  0]SourceControl: Source control is disabled
[2019.04.08-16.06.15:348][  0]SourceControl: Source control is disabled
[2019.04.08-16.06.15:718][  0]SourceControl: Source control is disabled
[2019.04.08-16.06.15:835][  0]SourceControl: Source control is disabled
[2019.04.08-16.06.20:104][  0]LogAndroidPermission: UAndroidPermissionCallbackProxy::GetInstance
[2019.04.08-16.06.23:521][  0]LogOcInput: OculusInput pre-init called
[2019.04.08-16.06.25:996][  0]LogEngine: Initializing Engine...
[2019.04.08-16.06.26:054][  0]LogHMD: Failed to initialize OpenVR with code 110
[2019.04.08-16.06.26:085][  0]LogStats: UGameplayTagsManager::ConstructGameplayTagTree: ImportINI prefixes -  0.000 s
[2019.04.08-16.06.26:086][  0]LogStats: UGameplayTagsManager::ConstructGameplayTagTree: Construct from data asset -  0.000 s
[2019.04.08-16.06.26:087][  0]LogStats: UGameplayTagsManager::ConstructGameplayTagTree: ImportINI -  0.001 s
[2019.04.08-16.06.26:088][  0]LogStats: UGameplayTagsManager::ConstructGameplayTagTree: GameplayTagTreeChangedEvent.Broadcast -  0.001 s
[2019.04.08-16.06.27:401][  0]LogInit: Initializing FReadOnlyCVARCache
[2019.04.08-16.06.28:720][  0]LogAIModule: Creating AISystem for world Untitled
[2019.04.08-16.06.29:467][  0]LogInit: XAudio2 using 'Speakers (Realtek High Definition Audio)' : 2 channels at 48 kHz using 16 bits per sample (channel mask 0x3)
[2019.04.08-16.06.31:485][  0]LogInit: FAudioDevice initialized.
[2019.04.08-16.06.31:507][  0]LogNetVersion: Set ProjectVersion to 1.0.0.0. Version Checksum will be recalculated on next use.
[2019.04.08-16.06.35:073][  0]LogDerivedDataCache: Saved boot cache 3.57s 123MB C:/Users/james/AppData/Local/UnrealEngine/4.21/DerivedDataCache/Boot.ddc.
[2019.04.08-16.06.35:087][  0]LogInit: Texture streaming: Enabled
[2019.04.08-16.06.39:119][  0]LogEngineSessionManager: EngineSessionManager initialized
[2019.04.08-16.06.39:147][  0]LogEngineSessionManager: EngineSessionManager sent abnormal shutdown report. Type=Debugger, SessionId={8FB7898C-49A1-62BD-98AE-3F8884DEBE36}
[2019.04.08-16.06.39:661][  0]LogInit: Transaction tracking system initialized
[2019.04.08-16.06.41:953][  0]BlueprintLog: New page: Editor Load
[2019.04.08-16.06.48:766][  0]LocalizationService: Localization service is disabled
[2019.04.08-16.07.04:859][  0]LogFileCache: Scanning file cache for directory 'C:/Users/james/Desktop/Processes for OOS/COP4331-Project/ScaryMaze/Content/' took 0.08s
[2019.04.08-16.07.04:859][  0]LogCook: Display: Max memory allowance for cook 16384mb min free memory 0mb
[2019.04.08-16.07.04:876][  0]LogCook: Display: Mobile HDR setting 1
[2019.04.08-16.07.04:876][  0]LogGameplayTags: Display: UGameplayTagsManager::DoneAddingNativeTags. DelegateIsBound: 0
[2019.04.08-16.07.04:876][  0]LogStats: UGameplayTagsManager::ConstructGameplayTagTree: ImportINI prefixes -  0.000 s
[2019.04.08-16.07.04:876][  0]LogStats: UGameplayTagsManager::ConstructGameplayTagTree: Construct from data asset -  0.000 s
[2019.04.08-16.07.04:877][  0]LogStats: UGameplayTagsManager::ConstructGameplayTagTree: ImportINI -  0.000 s
[2019.04.08-16.07.04:877][  0]LogStats: UGameplayTagsManager::ConstructGameplayTagTree: GameplayTagTreeChangedEvent.Broadcast -  0.000 s
[2019.04.08-16.07.08:389][  0]SourceControl: Source control is disabled
[2019.04.08-16.07.08:433][  0]Cmd: MAP LOAD FILE="../../../../../../Users/james/Desktop/Processes for OOS/COP4331-Project/ScaryMaze/Content/MainMenuLevel.umap" TEMPLATE=0 SHOWPROGRESS=1 FEATURELEVEL=3
[2019.04.08-16.07.08:446][  0]LightingResults: New page: Lighting Build
[2019.04.08-16.07.08:694][  0]MapCheck: New page: Map Check
[2019.04.08-16.07.08:694][  0]LightingResults: New page: Lighting Build
[2019.04.08-16.07.09:482][  0]LogAIModule: Creating AISystem for world MainMenuLevel
[2019.04.08-16.07.09:879][  0]LogEditorServer: Finished looking for orphan Actors (0.037 secs)
[2019.04.08-16.07.10:155][  0]Cmd: MAP CHECKDEP NOCLEARLOG
[2019.04.08-16.07.10:213][  0]MapCheck: Map check complete: 0 Error(s), 0 Warning(s), took 0.261ms to complete.
[2019.04.08-16.07.10:214][  0]LogFileHelpers: Loading map 'MainMenuLevel' took 1.816
[2019.04.08-16.07.12:872][  0]LogSlate: Updating window title bar state: overlay mode, drag disabled, window buttons hidden, title bar hidden
[2019.04.08-16.07.12:918][  0]LogSlate: Updating window title bar state: overlay mode, drag disabled, window buttons hidden, title bar hidden
[2019.04.08-16.07.12:928][  0]LogSlate: Updating window title bar state: overlay mode, drag disabled, window buttons hidden, title bar hidden
[2019.04.08-16.07.12:937][  0]LogSlate: Updating window title bar state: overlay mode, drag disabled, window buttons hidden, title bar hidden
[2019.04.08-16.07.13:142][  0]LogCollectionManager: Loaded 0 collections in 0.002736 seconds
[2019.04.08-16.07.13:506][  0]LogFileCache: Scanning file cache for directory 'C:/Users/james/Desktop/Processes for OOS/COP4331-Project/ScaryMaze/Saved/Collections/' took 0.01s
[2019.04.08-16.07.13:507][  0]LogFileCache: Scanning file cache for directory 'C:/Users/james/Desktop/Processes for OOS/COP4331-Project/ScaryMaze/Content/Developers/james/Collections/' took 0.01s
[2019.04.08-16.07.13:507][  0]LogFileCache: Scanning file cache for directory 'C:/Users/james/Desktop/Processes for OOS/COP4331-Project/ScaryMaze/Content/Collections/' took 0.00s
[2019.04.08-16.07.13:507][  0]LogCollectionManager: Rebuilt the GUID cache for 0 collections in 0.000000 seconds
[2019.04.08-16.07.13:575][  0]LogContentBrowser: Native class hierarchy populated in 0.0576 seconds. Added 2675 classes and 622 folders.
[2019.04.08-16.07.13:738][  0]LogContentBrowser: Native class hierarchy updated for 'WidgetCarousel' in 0.0006 seconds. Added 0 classes and 0 folders.
[2019.04.08-16.07.13:888][  0]LogPakFile: Registered encryption key '00000000000000000000000000000000': 0 pak files mounted, 0 remain pending
[2019.04.08-16.07.13:967][  0]LogPakFile: Registered encryption key '00000000000000000000000000000000': 0 pak files mounted, 0 remain pending
[2019.04.08-16.07.13:997][  0]LogPakFile: Registered encryption key '00000000000000000000000000000000': 0 pak files mounted, 0 remain pending
[2019.04.08-16.07.14:015][  0]LogPakFile: Registered encryption key '00000000000000000000000000000000': 0 pak files mounted, 0 remain pending
[2019.04.08-16.07.14:036][  0]LogPakFile: Registered encryption key '00000000000000000000000000000000': 0 pak files mounted, 0 remain pending
[2019.04.08-16.07.14:092][  0]LogPakFile: Registered encryption key '00000000000000000000000000000000': 0 pak files mounted, 0 remain pending
[2019.04.08-16.07.14:118][  0]LogPakFile: Registered encryption key '00000000000000000000000000000000': 0 pak files mounted, 0 remain pending
[2019.04.08-16.07.14:136][  0]LogPakFile: Registered encryption key '00000000000000000000000000000000': 0 pak files mounted, 0 remain pending
[2019.04.08-16.07.14:151][  0]LogPakFile: Registered encryption key '00000000000000000000000000000000': 0 pak files mounted, 0 remain pending
[2019.04.08-16.07.14:184][  0]LogPakFile: Registered encryption key '00000000000000000000000000000000': 0 pak files mounted, 0 remain pending
[2019.04.08-16.07.14:203][  0]LogPakFile: Registered encryption key '00000000000000000000000000000000': 0 pak files mounted, 0 remain pending
[2019.04.08-16.07.14:224][  0]LogPakFile: Registered encryption key '00000000000000000000000000000000': 0 pak files mounted, 0 remain pending
[2019.04.08-16.07.14:270][  0]LogPakFile: Registered encryption key '00000000000000000000000000000000': 0 pak files mounted, 0 remain pending
[2019.04.08-16.07.14:345][  0]LogPakFile: Registered encryption key '00000000000000000000000000000000': 0 pak files mounted, 0 remain pending
[2019.04.08-16.07.14:387][  0]LogPakFile: Registered encryption key '00000000000000000000000000000000': 0 pak files mounted, 0 remain pending
[2019.04.08-16.07.14:413][  0]LogPakFile: Registered encryption key '00000000000000000000000000000000': 0 pak files mounted, 0 remain pending
[2019.04.08-16.07.14:447][  0]LogPakFile: Registered encryption key '00000000000000000000000000000000': 0 pak files mounted, 0 remain pending
[2019.04.08-16.07.14:501][  0]LogPakFile: Registered encryption key '00000000000000000000000000000000': 0 pak files mounted, 0 remain pending
[2019.04.08-16.07.14:522][  0]LogPakFile: Registered encryption key '00000000000000000000000000000000': 0 pak files mounted, 0 remain pending
[2019.04.08-16.07.14:536][  0]LogPakFile: Registered encryption key '00000000000000000000000000000000': 0 pak files mounted, 0 remain pending
[2019.04.08-16.07.14:590][  0]LogPakFile: Registered encryption key '00000000000000000000000000000000': 0 pak files mounted, 0 remain pending
[2019.04.08-16.07.14:626][  0]LogPakFile: Registered encryption key '00000000000000000000000000000000': 0 pak files mounted, 0 remain pending
[2019.04.08-16.07.14:643][  0]LogPakFile: Registered encryption key '00000000000000000000000000000000': 0 pak files mounted, 0 remain pending
[2019.04.08-16.07.14:659][  0]LogPakFile: Registered encryption key '00000000000000000000000000000000': 0 pak files mounted, 0 remain pending
[2019.04.08-16.07.14:673][  0]LogPakFile: Registered encryption key '00000000000000000000000000000000': 0 pak files mounted, 0 remain pending
[2019.04.08-16.07.14:690][  0]LogPakFile: Registered encryption key '00000000000000000000000000000000': 0 pak files mounted, 0 remain pending
[2019.04.08-16.07.15:736][  0]LogContentBrowser: Native class hierarchy updated for 'AddContentDialog' in 0.0005 seconds. Added 0 classes and 0 folders.
[2019.04.08-16.07.15:819][  0]LogContentBrowser: Native class hierarchy updated for 'SceneOutliner' in 0.0007 seconds. Added 1 classes and 2 folders.
[2019.04.08-16.07.16:658][  0]LogSlate: Took 0.079537 seconds to synchronously load lazily loaded font '../../../Engine/Content/Slate/Fonts/Roboto-Regular.ttf' (155K)
[2019.04.08-16.07.16:743][  0]LogSlate: Took 0.083488 seconds to synchronously load lazily loaded font '../../../Engine/Content/Slate/Fonts/Roboto-Bold.ttf' (160K)
[2019.04.08-16.07.16:899][  0]LogSlate: Took 0.036805 seconds to synchronously load lazily loaded font '../../../Engine/Content/Editor/Slate/Fonts/FontAwesome.ttf' (139K)
[2019.04.08-16.07.17:679][  0]LogRenderer: Reallocating scene render targets to support 732x360 Format 9 NumSamples 1 (Frame:1).
[2019.04.08-16.07.19:453][  0]LogSlate: Took 0.042178 seconds to synchronously load lazily loaded font '../../../Engine/Content/Slate/Fonts/Roboto-Light.ttf' (167K)
[2019.04.08-16.07.20:364][  0]LogContentBrowser: Native class hierarchy updated for 'HierarchicalLODOutliner' in 0.0006 seconds. Added 0 classes and 0 folders.
[2019.04.08-16.07.20:365][  0]LogLoad: (Engine Initialization) Total time: 255.61 seconds
[2019.04.08-16.07.20:365][  0]LogLoad: (Engine Initialization) Total Blueprint compile time: 0.00 seconds
[2019.04.08-16.07.21:130][  0]LogContentStreaming: Texture pool size now 1000 MB
[2019.04.08-16.07.22:810][  1]LogCollectionManager: Rebuilt the object cache for 0 collections in 0.000000 seconds (found 0 objects)
[2019.04.08-16.07.23:558][  6]LogAssetRegistry: Asset discovery search completed in 172.5772 seconds
[2019.04.08-16.07.23:574][  6]LogCollectionManager: Fixed up redirectors for 0 collections in 0.000014 seconds (updated 0 objects)
[2019.04.08-16.07.27:741][225]LogSlate: FSceneViewport::OnFocusLost() reason 2
[2019.04.08-16.07.28:755][271]LogTemp: Repeating last play command: Selected Viewport
[2019.04.08-16.07.28:845][271]LogBlueprintUserMessages: Early PlayInEditor Detection: Level '/Game/MainMenuLevel.MainMenuLevel:PersistentLevel' has LevelScriptBlueprint '/Game/MainMenuLevel.MainMenuLevel:PersistentLevel.MainMenuLevel' with GeneratedClass '/Game/MainMenuLevel.MainMenuLevel_C' with ClassGeneratedBy '/Game/MainMenuLevel.MainMenuLevel:PersistentLevel.MainMenuLevel'
[2019.04.08-16.07.28:885][271]LogPlayLevel: PlayLevel: No blueprints needed recompiling
[2019.04.08-16.07.28:939][271]PIE: New page: PIE session: MainMenuLevel (Apr 8, 2019, 8:07:28 AM)
[2019.04.08-16.07.29:157][271]LogPlayLevel: Creating play world package: /Game/UEDPIE_0_MainMenuLevel
[2019.04.08-16.07.29:222][271]LogPlayLevel: PIE: StaticDuplicateObject took: (0.064316s)
[2019.04.08-16.07.29:223][271]LogAIModule: Creating AISystem for world MainMenuLevel
[2019.04.08-16.07.29:238][271]LogPlayLevel: PIE: World Init took: (0.015666s)
[2019.04.08-16.07.29:238][271]LogPlayLevel: PIE: Created PIE world by copying editor world from /Game/MainMenuLevel.MainMenuLevel to /Game/UEDPIE_0_MainMenuLevel.MainMenuLevel (0.081319s)
[2019.04.08-16.07.29:300][271]LogInit: XAudio2 using 'Speakers (Realtek High Definition Audio)' : 2 channels at 48 kHz using 16 bits per sample (channel mask 0x3)
[2019.04.08-16.07.29:321][271]LogInit: FAudioDevice initialized.
[2019.04.08-16.07.29:408][271]LogSlate: FSceneViewport::OnFocusLost() reason 2
[2019.04.08-16.07.29:552][271]LogLoad: Game class is 'GameModeBase'
[2019.04.08-16.07.29:776][271]LogWorld: Bringing World /Game/UEDPIE_0_MainMenuLevel.MainMenuLevel up for play (max tick rate 60) at 2019.04.08-12.07.29
[2019.04.08-16.07.29:855][271]LogWorld: Bringing up level for play took: 0.090379
[2019.04.08-16.07.30:411][271]LogContentBrowser: Native class hierarchy updated for 'MovieSceneCapture' in 0.0007 seconds. Added 20 classes and 0 folders.
[2019.04.08-16.07.30:829][271]PIE: Play in editor start time for /Game/UEDPIE_0_MainMenuLevel 2.237
[2019.04.08-16.07.30:830][271]LogBlueprintUserMessages: Late PlayInEditor Detection: Level '/Game/MainMenuLevel.MainMenuLevel:PersistentLevel' has LevelScriptBlueprint '/Game/MainMenuLevel.MainMenuLevel:PersistentLevel.MainMenuLevel' with GeneratedClass '/Game/MainMenuLevel.MainMenuLevel_C' with ClassGeneratedBy '/Game/MainMenuLevel.MainMenuLevel:PersistentLevel.MainMenuLevel'
[2019.04.08-16.07.32:452][319]LogNet: Browse: /Game/LevelOne
[2019.04.08-16.07.32:452][319]LogLoad: LoadMap: /Game/LevelOne
[2019.04.08-16.07.33:413][319]LogAIModule: Creating AISystem for world LevelOne
[2019.04.08-16.07.33:414][319]LogLoad: Game class is 'ScaryMazeGameMode'
[2019.04.08-16.07.33:529][319]LogWorld: Bringing World /Game/UEDPIE_0_LevelOne.LevelOne up for play (max tick rate 60) at 2019.04.08-12.07.33
[2019.04.08-16.07.33:530][319]LogWorld: Bringing up level for play took: 0.114829
[2019.04.08-16.07.33:953][319]LogSkinnedMeshComp: Warning: GetSocketByName(GripPoint): No SkeletalMesh for Component(CharacterMesh1P) Actor(ScaryMazeBaseCharacter_0)
[2019.04.08-16.07.33:954][319]LogSkinnedMeshComp: Warning: GetSocketByName(GripPoint): No SkeletalMesh for Component(CharacterMesh1P) Actor(ScaryMazeBaseCharacter_0)
[2019.04.08-16.07.34:004][319]LogLoad: Took 1.552162 seconds to LoadMap(/Game/LevelOne)
[2019.04.08-16.08.46:500][338]LogNet: Browse: /Game/LevelComplete
[2019.04.08-16.08.46:506][338]LogLoad: LoadMap: /Game/LevelComplete
[2019.04.08-16.08.46:899][338]LogAIModule: Creating AISystem for world LevelComplete
[2019.04.08-16.08.46:900][338]LogLoad: Game class is 'GameModeBase'
[2019.04.08-16.08.46:903][338]LogWorld: Bringing World /Game/UEDPIE_0_LevelComplete.LevelComplete up for play (max tick rate 60) at 2019.04.08-12.08.46
[2019.04.08-16.08.46:904][338]LogWorld: Bringing up level for play took: 0.002313
[2019.04.08-16.08.46:906][338]LogGameMode: FindPlayerStart: PATHS NOT DEFINED or NO PLAYERSTART with positive rating
[2019.04.08-16.08.46:909][338]LogLoad: Took 0.403300 seconds to LoadMap(/Game/LevelComplete)
[2019.04.08-16.08.50:786][555]LogBlueprintUserMessages: Early EndPlayMap Detection: Level '/Game/MainMenuLevel.MainMenuLevel:PersistentLevel' has LevelScriptBlueprint '/Game/MainMenuLevel.MainMenuLevel:PersistentLevel.MainMenuLevel' with GeneratedClass '/Game/MainMenuLevel.MainMenuLevel_C' with ClassGeneratedBy '/Game/MainMenuLevel.MainMenuLevel:PersistentLevel.MainMenuLevel'
[2019.04.08-16.08.50:855][555]LogSlate: Updating window title bar state: overlay mode, drag disabled, window buttons hidden, title bar hidden
[2019.04.08-16.08.51:003][555]LogPlayLevel: Display: Shutting down PIE online subsystems
[2019.04.08-16.08.51:004][555]LogBlueprintUserMessages: Late EndPlayMap Detection: Level '/Game/MainMenuLevel.MainMenuLevel:PersistentLevel' has LevelScriptBlueprint '/Game/MainMenuLevel.MainMenuLevel:PersistentLevel.MainMenuLevel' with GeneratedClass '/Game/MainMenuLevel.MainMenuLevel_C' with ClassGeneratedBy '/Game/MainMenuLevel.MainMenuLevel:PersistentLevel.MainMenuLevel'
[2019.04.08-16.08.51:086][555]LogSlate: Updating window title bar state: overlay mode, drag disabled, window buttons hidden, title bar hidden
[2019.04.08-16.08.51:340][556]LogPlayLevel: Display: Destroying online subsystem :Context_2
