Log file open, 04/08/19 12:25:56
LogWindows: Failed to load 'aqProf.dll' (GetLastError=126)
LogWindows: File 'aqProf.dll' does not exist
LogWindows: Failed to load 'VtuneApi.dll' (GetLastError=126)
LogWindows: File 'VtuneApi.dll' does not exist
LogWindows: Failed to load 'VtuneApi32e.dll' (GetLastError=126)
LogWindows: File 'VtuneApi32e.dll' does not exist
LogConsoleResponse: Display: Failed to find resolution value strings in scalability ini. Falling back to default.
LogInit: Display: Running engine for game: ScaryMaze
LogPakFile: Registered encryption key '00000000000000000000000000000000': 0 pak files mounted, 0 remain pending
LogPlatformFile: Not using cached read wrapper
LogTaskGraph: Started task graph with 5 named threads and 11 total threads with 3 sets of task threads.
LogStats: Stats thread started at 0.295804
LogD3D11RHI: Loaded GFSDK_Aftermath_Lib.x64.dll
LogICUInternationalization: ICU TimeZone Detection - Raw Offset: -5:00, Platform Override: ''
LogPluginManager: Mounting plugin Paper2D
LogPluginManager: Mounting plugin AISupport
LogPluginManager: Mounting plugin LightPropagationVolume
LogPluginManager: Mounting plugin ActorLayerUtilities
LogPluginManager: Mounting plugin CLionSourceCodeAccess
LogPluginManager: Mounting plugin CodeLiteSourceCodeAccess
LogPluginManager: Mounting plugin GitSourceControl
LogPluginManager: Mounting plugin KDevelopSourceCodeAccess
LogPluginManager: Mounting plugin NullSourceCodeAccess
LogPluginManager: Mounting plugin PerforceSourceControl
LogPluginManager: Mounting plugin SubversionSourceControl
LogPluginManager: Mounting plugin UObjectPlugin
LogPluginManager: Mounting plugin VisualStudioCodeSourceCodeAccess
LogPluginManager: Mounting plugin VisualStudioSourceCodeAccess
LogPluginManager: Mounting plugin XCodeSourceCodeAccess
LogPluginManager: Mounting plugin AssetManagerEditor
LogPluginManager: Mounting plugin CryptoKeys
LogPluginManager: Mounting plugin DataValidation
LogPluginManager: Mounting plugin FacialAnimation
LogPluginManager: Mounting plugin GameplayTagsEditor
LogPluginManager: Mounting plugin MacGraphicsSwitching
LogPluginManager: Mounting plugin MeshEditor
LogPluginManager: Mounting plugin MobileLauncherProfileWizard
LogPluginManager: Mounting plugin PluginBrowser
LogPluginManager: Mounting plugin SpeedTreeImporter
LogPluginManager: Mounting plugin DatasmithContent
LogPluginManager: Mounting plugin VariantManagerContent
LogPluginManager: Mounting plugin AlembicImporter
LogPluginManager: Mounting plugin AppleImageUtils
LogPluginManager: Mounting plugin AppleVision
LogPluginManager: Mounting plugin BackChannel
LogPluginManager: Mounting plugin CharacterAI
LogPluginManager: Mounting plugin GeometryCache
LogPluginManager: Mounting plugin HTML5Networking
LogPluginManager: Mounting plugin ProxyLODPlugin
LogPluginManager: Mounting plugin MagicLeap
LogPluginManager: Mounting plugin MagicLeapMedia
LogPluginManager: Mounting plugin AndroidMedia
LogPluginManager: Mounting plugin AvfMedia
LogPluginManager: Mounting plugin ImgMedia
LogPluginManager: Mounting plugin LinearTimecode
LogPluginManager: Mounting plugin MediaCompositing
LogPluginManager: Mounting plugin MediaPlayerEditor
LogPluginManager: Mounting plugin WebMMedia
LogPluginManager: Mounting plugin WmfMedia
LogPluginManager: Mounting plugin TcpMessaging
LogPluginManager: Mounting plugin UdpMessaging
LogPluginManager: Mounting plugin ActorSequence
LogPluginManager: Mounting plugin LevelSequenceEditor
LogPluginManager: Mounting plugin MatineeToLevelSequence
LogPluginManager: Mounting plugin NetcodeUnitTest
LogPluginManager: Mounting plugin NUTUnrealEngine4
LogPluginManager: Mounting plugin OnlineSubsystemGooglePlay
LogPluginManager: Mounting plugin OnlineSubsystemIOS
LogPluginManager: Mounting plugin OnlineSubsystem
LogPluginManager: Mounting plugin OnlineSubsystemNull
LogPluginManager: Mounting plugin OnlineSubsystemUtils
LogPluginManager: Mounting plugin LauncherChunkInstaller
LogPluginManager: Mounting plugin AndroidDeviceProfileSelector
LogPluginManager: Mounting plugin AndroidMoviePlayer
LogPluginManager: Mounting plugin AndroidPermission
LogPluginManager: Mounting plugin AppleMoviePlayer
LogPluginManager: Mounting plugin ArchVisCharacter
LogPluginManager: Mounting plugin AudioCapture
LogPluginManager: Mounting plugin CableComponent
LogPluginManager: Mounting plugin CustomMeshComponent
LogPluginManager: Mounting plugin EditableMesh
LogPluginManager: Mounting plugin ExampleDeviceProfileSelector
LogPluginManager: Mounting plugin Firebase
LogPluginManager: Mounting plugin GoogleCloudMessaging
LogPluginManager: Mounting plugin IOSDeviceProfileSelector
LogPluginManager: Mounting plugin LinuxDeviceProfileSelector
LogPluginManager: Mounting plugin LocationServicesBPLibrary
LogPluginManager: Mounting plugin MobilePatchingUtils
LogPluginManager: Mounting plugin OculusVR
LogPluginManager: Mounting plugin PhysXVehicles
LogPluginManager: Mounting plugin ProceduralMeshComponent
LogPluginManager: Mounting plugin RuntimePhysXCooking
LogPluginManager: Mounting plugin SteamVR
LogPluginManager: Mounting plugin WebMMoviePlayer
LogPluginManager: Mounting plugin WindowsMoviePlayer
LogStreaming: Display: Took  0.210s to configure plugins.
LogInit: Using libcurl 7.55.1-DEV
LogInit:  - built for x86_64-pc-win32
LogInit:  - supports SSL with OpenSSL/1.0.2h
LogInit:  - supports HTTP deflate (compression) using libz 1.2.8
LogInit:  - other features:
LogInit:      CURL_VERSION_SSL
LogInit:      CURL_VERSION_LIBZ
LogInit:      CURL_VERSION_IPV6
LogInit:      CURL_VERSION_ASYNCHDNS
LogInit:      CURL_VERSION_LARGEFILE
LogInit:      CURL_VERSION_IDN
LogInit:  CurlRequestOptions (configurable via config and command line):
LogInit:  - bVerifyPeer = true  - Libcurl will verify peer certificate
LogInit:  - bUseHttpProxy = false  - Libcurl will NOT use HTTP proxy
LogInit:  - bDontReuseConnections = false  - Libcurl will reuse connections
LogInit:  - MaxHostConnections = 16  - Libcurl will limit the number of connections to a host
LogInit:  - LocalHostAddr = Default
LogInit:  - BufferSize = 65536
LogInit: WinSock: version 1.1 (2.2), MaxSocks=32767, MaxUdp=65467
LogInit: Build: ++UE4+Release-4.21-CL-4753647
LogInit: Engine Version: 4.21.2-4753647+++UE4+Release-4.21
LogInit: Compatible Engine Version: 4.21.0-4541578+++UE4+Release-4.21
LogInit: Net CL: 4541578
LogInit: OS: Windows 10 (), CPU: Intel(R) Core(TM) i5-7200U CPU @ 2.50GHz, GPU: Intel(R) HD Graphics 620
LogInit: Compiled (64-bit): Jan 19 2019 02:07:31
LogInit: Compiled with Visual C++: 19.13.26129.00
LogInit: Build Configuration: Development
LogInit: Branch Name: ++UE4+Release-4.21
LogInit: Command Line:  -skipcompile
LogInit: Base Directory: C:/Program Files/Epic Games/UE_4.21/Engine/Binaries/Win64/
LogInit: Installed Engine Build: 1
LogDevObjectVersion: Number of dev versions registered: 22
LogDevObjectVersion:   Dev-Blueprints (B0D832E4-1F89-4F0D-ACCF-7EB736FD4AA2): 10
LogDevObjectVersion:   Dev-Build (E1C64328-A22C-4D53-A36C-8E866417BD8C): 0
LogDevObjectVersion:   Dev-Core (375EC13C-06E4-48FB-B500-84F0262A717E): 2
LogDevObjectVersion:   Dev-Editor (E4B068ED-F494-42E9-A231-DA0B2E46BB41): 26
LogDevObjectVersion:   Dev-Framework (CFFC743F-43B0-4480-9391-14DF171D2073): 34
LogDevObjectVersion:   Dev-Mobile (B02B49B5-BB20-44E9-A304-32B752E40360): 2
LogDevObjectVersion:   Dev-Networking (A4E4105C-59A1-49B5-A7C5-40C4547EDFEE): 0
LogDevObjectVersion:   Dev-Online (39C831C9-5AE6-47DC-9A44-9C173E1C8E7C): 0
LogDevObjectVersion:   Dev-Physics (78F01B33-EBEA-4F98-B9B4-84EACCB95AA2): 0
LogDevObjectVersion:   Dev-Platform (6631380F-2D4D-43E0-8009-CF276956A95A): 0
LogDevObjectVersion:   Dev-Rendering (12F88B9F-8875-4AFC-A67C-D90C383ABD29): 27
LogDevObjectVersion:   Dev-Sequencer (7B5AE74C-D270-4C10-A958-57980B212A5A): 9
LogDevObjectVersion:   Dev-VR (D7296918-1DD6-4BDD-9DE2-64A83CC13884): 2
LogDevObjectVersion:   Dev-LoadTimes (C2A15278-BFE7-4AFE-6C17-90FF531DF755): 1
LogDevObjectVersion:   Private-Geometry (6EACA3D4-40EC-4CC1-B786-8BED09428FC5): 3
LogDevObjectVersion:   Dev-AnimPhys (29E575DD-E0A3-4627-9D10-D276232CDCEA): 17
LogDevObjectVersion:   Dev-Anim (AF43A65D-7FD3-4947-9873-3E8ED9C1BB05): 2
LogDevObjectVersion:   Dev-ReflectionCapture (6B266CEC-1EC7-4B8F-A30B-E4D90942FC07): 1
LogDevObjectVersion:   Dev-Automation (0DF73D61-A23F-47EA-B727-89E90C41499A): 1
LogDevObjectVersion:   FortniteMain (601D1886-AC64-4F84-AA16-D3DE0DEAC7D6): 17
LogDevObjectVersion:   Dev-Enterprise (9DFFBCD6-494F-0158-E221-12823C92A888): 4
LogDevObjectVersion:   Dev-Niagara (F2AED0AC-9AFE-416F-8664-AA7FFA26D6FC): 1
LogStreaming: Display: Took  0.278s to delete old logs.
LogInit: Presizing for max 8388607 objects, including 0 objects not considered by GC, pre-allocating 0 bytes for permanent pool.
LogInit: Object subsystem initialized
LogConfig: Setting CVar [[con.DebugEarlyDefault:1]]
LogConfig: Setting CVar [[r.setres:1280x720]]
[2019.04.08-16.25.57:718][  0]LogConfig: Setting CVar [[r.VSync:0]]
[2019.04.08-16.25.57:718][  0]LogConfig: Setting CVar [[r.RHICmdBypass:0]]
[2019.04.08-16.25.57:718][  0]LogConfig: Applying CVar settings from Section [/Script/Engine.RendererSettings] File [C:/Users/james/Desktop/Processes for OOS/COP4331-Project/ScaryMaze/Saved/Config/Windows/Engine.ini]
[2019.04.08-16.25.57:718][  0]LogConfig: Setting CVar [[r.GPUCrashDebugging:0]]
[2019.04.08-16.25.57:718][  0]LogConfig: Applying CVar settings from Section [/Script/Engine.RendererOverrideSettings] File [C:/Users/james/Desktop/Processes for OOS/COP4331-Project/ScaryMaze/Saved/Config/Windows/Engine.ini]
[2019.04.08-16.25.57:719][  0]LogConfig: Applying CVar settings from Section [/Script/Engine.StreamingSettings] File [C:/Users/james/Desktop/Processes for OOS/COP4331-Project/ScaryMaze/Saved/Config/Windows/Engine.ini]
[2019.04.08-16.25.57:719][  0]LogConfig: Setting CVar [[s.MinBulkDataSizeForAsyncLoading:131072]]
[2019.04.08-16.25.57:719][  0]LogConfig: Setting CVar [[s.AsyncLoadingThreadEnabled:0]]
[2019.04.08-16.25.57:719][  0]LogConfig: Setting CVar [[s.EventDrivenLoaderEnabled:1]]
[2019.04.08-16.25.57:719][  0]LogConfig: Setting CVar [[s.WarnIfTimeLimitExceeded:0]]
[2019.04.08-16.25.57:719][  0]LogConfig: Setting CVar [[s.TimeLimitExceededMultiplier:1.5]]
[2019.04.08-16.25.57:719][  0]LogConfig: Setting CVar [[s.TimeLimitExceededMinTime:0.005]]
[2019.04.08-16.25.57:719][  0]LogConfig: Setting CVar [[s.UseBackgroundLevelStreaming:1]]
[2019.04.08-16.25.57:719][  0]LogConfig: Setting CVar [[s.PriorityAsyncLoadingExtraTime:15.0]]
[2019.04.08-16.25.57:719][  0]LogConfig: Setting CVar [[s.LevelStreamingActorsUpdateTimeLimit:5.0]]
[2019.04.08-16.25.57:719][  0]LogConfig: Setting CVar [[s.PriorityLevelStreamingActorsUpdateExtraTime:5.0]]
[2019.04.08-16.25.57:719][  0]LogConfig: Setting CVar [[s.LevelStreamingComponentsRegistrationGranularity:10]]
[2019.04.08-16.25.57:719][  0]LogConfig: Setting CVar [[s.UnregisterComponentsTimeLimit:1.0]]
[2019.04.08-16.25.57:719][  0]LogConfig: Setting CVar [[s.LevelStreamingComponentsUnregistrationGranularity:5]]
[2019.04.08-16.25.57:719][  0]LogConfig: Applying CVar settings from Section [/Script/Engine.GarbageCollectionSettings] File [C:/Users/james/Desktop/Processes for OOS/COP4331-Project/ScaryMaze/Saved/Config/Windows/Engine.ini]
[2019.04.08-16.25.57:719][  0]LogConfig: Setting CVar [[gc.MaxObjectsNotConsideredByGC:1]]
[2019.04.08-16.25.57:719][  0]LogConfig: Setting CVar [[gc.SizeOfPermanentObjectPool:0]]
[2019.04.08-16.25.57:719][  0]LogConfig: Setting CVar [[gc.FlushStreamingOnGC:0]]
[2019.04.08-16.25.57:720][  0]LogConfig: Setting CVar [[gc.NumRetriesBeforeForcingGC:10]]
[2019.04.08-16.25.57:720][  0]LogConfig: Setting CVar [[gc.AllowParallelGC:1]]
[2019.04.08-16.25.57:720][  0]LogConfig: Setting CVar [[gc.TimeBetweenPurgingPendingKillObjects:61.1]]
[2019.04.08-16.25.57:720][  0]LogConfig: Setting CVar [[gc.MaxObjectsInEditor:8388607]]
[2019.04.08-16.25.57:720][  0]LogConfig: Setting CVar [[gc.IncrementalBeginDestroyEnabled:1]]
[2019.04.08-16.25.57:720][  0]LogConfig: Setting CVar [[gc.CreateGCClusters:1]]
[2019.04.08-16.25.57:720][  0]LogConfig: Setting CVar [[gc.MergeGCClusters:0]]
[2019.04.08-16.25.57:720][  0]LogConfig: Setting CVar [[gc.MinGCClusterSize:5]]
[2019.04.08-16.25.57:720][  0]LogConfig: Setting CVar [[gc.ActorClusteringEnabled:0]]
[2019.04.08-16.25.57:720][  0]LogConfig: Setting CVar [[gc.BlueprintClusteringEnabled:0]]
[2019.04.08-16.25.57:720][  0]LogConfig: Setting CVar [[gc.UseDisregardForGCOnDedicatedServers:0]]
[2019.04.08-16.25.57:720][  0]LogConfig: Applying CVar settings from Section [/Script/Engine.NetworkSettings] File [C:/Users/james/Desktop/Processes for OOS/COP4331-Project/ScaryMaze/Saved/Config/Windows/Engine.ini]
[2019.04.08-16.25.57:720][  0]LogConfig: Applying CVar settings from Section [/Script/UnrealEd.CookerSettings] File [C:/Users/james/Desktop/Processes for OOS/COP4331-Project/ScaryMaze/Saved/Config/Windows/Engine.ini]
[2019.04.08-16.25.57:732][  0]LogConfig: Applying CVar settings from Section [ViewDistanceQuality@3] File [C:/Users/james/Desktop/Processes for OOS/COP4331-Project/ScaryMaze/Saved/Config/Windows/Scalability.ini]
[2019.04.08-16.25.57:732][  0]LogConfig: Setting CVar [[r.SkeletalMeshLODBias:0]]
[2019.04.08-16.25.57:732][  0]LogConfig: Setting CVar [[r.ViewDistanceScale:1.0]]
[2019.04.08-16.25.57:732][  0]LogConfig: Applying CVar settings from Section [AntiAliasingQuality@3] File [C:/Users/james/Desktop/Processes for OOS/COP4331-Project/ScaryMaze/Saved/Config/Windows/Scalability.ini]
[2019.04.08-16.25.57:732][  0]LogConfig: Setting CVar [[r.PostProcessAAQuality:4]]
[2019.04.08-16.25.57:732][  0]LogConfig: Applying CVar settings from Section [ShadowQuality@3] File [C:/Users/james/Desktop/Processes for OOS/COP4331-Project/ScaryMaze/Saved/Config/Windows/Scalability.ini]
[2019.04.08-16.25.57:733][  0]LogConfig: Setting CVar [[r.LightFunctionQuality:1]]
[2019.04.08-16.25.57:733][  0]LogConfig: Setting CVar [[r.ShadowQuality:5]]
[2019.04.08-16.25.57:733][  0]LogConfig: Setting CVar [[r.Shadow.CSM.MaxCascades:10]]
[2019.04.08-16.25.57:733][  0]LogConfig: Setting CVar [[r.Shadow.MaxResolution:2048]]
[2019.04.08-16.25.57:733][  0]LogConfig: Setting CVar [[r.Shadow.MaxCSMResolution:2048]]
[2019.04.08-16.25.57:733][  0]LogConfig: Setting CVar [[r.Shadow.RadiusThreshold:0.01]]
[2019.04.08-16.25.57:734][  0]LogConfig: Setting CVar [[r.Shadow.DistanceScale:1.0]]
[2019.04.08-16.25.57:735][  0]LogConfig: Setting CVar [[r.Shadow.CSM.TransitionScale:1.0]]
[2019.04.08-16.25.57:735][  0]LogConfig: Setting CVar [[r.Shadow.PreShadowResolutionFactor:1.0]]
[2019.04.08-16.25.57:735][  0]LogConfig: Setting CVar [[r.DistanceFieldShadowing:1]]
[2019.04.08-16.25.57:735][  0]LogConfig: Setting CVar [[r.DistanceFieldAO:1]]
[2019.04.08-16.25.57:736][  0]LogConfig: Setting CVar [[r.AOQuality:2]]
[2019.04.08-16.25.57:737][  0]LogConfig: Setting CVar [[r.VolumetricFog:1]]
[2019.04.08-16.25.57:737][  0]LogConfig: Setting CVar [[r.VolumetricFog.GridPixelSize:8]]
[2019.04.08-16.25.57:737][  0]LogConfig: Setting CVar [[r.VolumetricFog.GridSizeZ:128]]
[2019.04.08-16.25.57:737][  0]LogConfig: Setting CVar [[r.VolumetricFog.HistoryMissSupersampleCount:4]]
[2019.04.08-16.25.57:738][  0]LogConfig: Setting CVar [[r.LightMaxDrawDistanceScale:1]]
[2019.04.08-16.25.57:738][  0]LogConfig: Setting CVar [[r.CapsuleShadows:1]]
[2019.04.08-16.25.57:739][  0]LogConfig: Applying CVar settings from Section [PostProcessQuality@3] File [C:/Users/james/Desktop/Processes for OOS/COP4331-Project/ScaryMaze/Saved/Config/Windows/Scalability.ini]
[2019.04.08-16.25.57:739][  0]LogConfig: Setting CVar [[r.MotionBlurQuality:4]]
[2019.04.08-16.25.57:739][  0]LogConfig: Setting CVar [[r.AmbientOcclusionMipLevelFactor:0.4]]
[2019.04.08-16.25.57:739][  0]LogConfig: Setting CVar [[r.AmbientOcclusionMaxQuality:100]]
[2019.04.08-16.25.57:741][  0]LogConfig: Setting CVar [[r.AmbientOcclusionLevels:-1]]
[2019.04.08-16.25.57:741][  0]LogConfig: Setting CVar [[r.AmbientOcclusionRadiusScale:1.0]]
[2019.04.08-16.25.57:742][  0]LogConfig: Setting CVar [[r.DepthOfFieldQuality:2]]
[2019.04.08-16.25.57:742][  0]LogConfig: Setting CVar [[r.RenderTargetPoolMin:400]]
[2019.04.08-16.25.57:745][  0]LogConfig: Setting CVar [[r.LensFlareQuality:2]]
[2019.04.08-16.25.57:746][  0]LogConfig: Setting CVar [[r.SceneColorFringeQuality:1]]
[2019.04.08-16.25.57:746][  0]LogConfig: Setting CVar [[r.EyeAdaptationQuality:2]]
[2019.04.08-16.25.57:747][  0]LogConfig: Setting CVar [[r.BloomQuality:5]]
[2019.04.08-16.25.57:748][  0]LogConfig: Setting CVar [[r.FastBlurThreshold:100]]
[2019.04.08-16.25.57:748][  0]LogConfig: Setting CVar [[r.Upscale.Quality:3]]
[2019.04.08-16.25.57:749][  0]LogConfig: Setting CVar [[r.Tonemapper.GrainQuantization:1]]
[2019.04.08-16.25.57:750][  0]LogConfig: Setting CVar [[r.LightShaftQuality:1]]
[2019.04.08-16.25.57:751][  0]LogConfig: Setting CVar [[r.Filter.SizeScale:1]]
[2019.04.08-16.25.57:752][  0]LogConfig: Setting CVar [[r.Tonemapper.Quality:5]]
[2019.04.08-16.25.57:753][  0]LogConfig: Setting CVar [[r.DOF.Gather.AccumulatorQuality:1        ; higher gathering accumulator quality]]
[2019.04.08-16.25.57:754][  0]LogConfig: Setting CVar [[r.DOF.Gather.PostfilterMethod:1          ; Median3x3 postfilering method]]
[2019.04.08-16.25.57:754][  0]LogConfig: Setting CVar [[r.DOF.Gather.EnableBokehSettings:0       ; no bokeh simulation when gathering]]
[2019.04.08-16.25.57:755][  0]LogConfig: Setting CVar [[r.DOF.Gather.RingCount:4                 ; medium number of samples when gathering]]
[2019.04.08-16.25.57:755][  0]LogConfig: Setting CVar [[r.DOF.Scatter.ForegroundCompositing:1    ; additive foreground scattering]]
[2019.04.08-16.25.57:755][  0]LogConfig: Setting CVar [[r.DOF.Scatter.BackgroundCompositing:2    ; additive background scattering]]
[2019.04.08-16.25.57:755][  0]LogConfig: Setting CVar [[r.DOF.Scatter.EnableBokehSettings:1      ; bokeh simulation when scattering]]
[2019.04.08-16.25.57:756][  0]LogConfig: Setting CVar [[r.DOF.Scatter.MaxSpriteRatio:0.1         ; only a maximum of 10% of scattered bokeh]]
[2019.04.08-16.25.57:756][  0]LogConfig: Setting CVar [[r.DOF.Recombine.Quality:1                ; cheap slight out of focus]]
[2019.04.08-16.25.57:756][  0]LogConfig: Setting CVar [[r.DOF.Recombine.EnableBokehSettings:0    ; no bokeh simulation on slight out of focus]]
[2019.04.08-16.25.57:756][  0]LogConfig: Setting CVar [[r.DOF.TemporalAAQuality:1                ; more stable temporal accumulation]]
[2019.04.08-16.25.57:757][  0]LogConfig: Setting CVar [[r.DOF.Kernel.MaxForegroundRadius:0.025]]
[2019.04.08-16.25.57:758][  0]LogConfig: Setting CVar [[r.DOF.Kernel.MaxBackgroundRadius:0.025]]
[2019.04.08-16.25.57:758][  0]LogConfig: Applying CVar settings from Section [TextureQuality@3] File [C:/Users/james/Desktop/Processes for OOS/COP4331-Project/ScaryMaze/Saved/Config/Windows/Scalability.ini]
[2019.04.08-16.25.57:759][  0]LogConfig: Setting CVar [[r.Streaming.MipBias:0]]
[2019.04.08-16.25.57:762][  0]LogConfig: Setting CVar [[r.Streaming.AmortizeCPUToGPUCopy:0]]
[2019.04.08-16.25.57:762][  0]LogConfig: Setting CVar [[r.Streaming.MaxNumTexturesToStreamPerFrame:0]]
[2019.04.08-16.25.57:765][  0]LogConfig: Setting CVar [[r.Streaming.Boost:1]]
[2019.04.08-16.25.57:765][  0]LogConfig: Setting CVar [[r.MaxAnisotropy:8]]
[2019.04.08-16.25.57:766][  0]LogConfig: Setting CVar [[r.Streaming.LimitPoolSizeToVRAM:0]]
[2019.04.08-16.25.57:766][  0]LogConfig: Setting CVar [[r.Streaming.PoolSize:1000]]
[2019.04.08-16.25.57:766][  0]LogConfig: Setting CVar [[r.Streaming.MaxEffectiveScreenSize:0]]
[2019.04.08-16.25.57:766][  0]LogConfig: Applying CVar settings from Section [EffectsQuality@3] File [C:/Users/james/Desktop/Processes for OOS/COP4331-Project/ScaryMaze/Saved/Config/Windows/Scalability.ini]
[2019.04.08-16.25.57:768][  0]LogConfig: Setting CVar [[r.TranslucencyLightingVolumeDim:64]]
[2019.04.08-16.25.57:768][  0]LogConfig: Setting CVar [[r.RefractionQuality:2]]
[2019.04.08-16.25.57:768][  0]LogConfig: Setting CVar [[r.SSR.Quality:3]]
[2019.04.08-16.25.57:769][  0]LogConfig: Setting CVar [[r.SceneColorFormat:4]]
[2019.04.08-16.25.57:769][  0]LogConfig: Setting CVar [[r.DetailMode:2]]
[2019.04.08-16.25.57:769][  0]LogConfig: Setting CVar [[r.TranslucencyVolumeBlur:1]]
[2019.04.08-16.25.57:769][  0]LogConfig: Setting CVar [[r.MaterialQualityLevel:1 ; High quality]]
[2019.04.08-16.25.57:770][  0]LogConfig: Setting CVar [[r.SSS.Scale:1]]
[2019.04.08-16.25.57:771][  0]LogConfig: Setting CVar [[r.SSS.SampleSet:2]]
[2019.04.08-16.25.57:772][  0]LogConfig: Setting CVar [[r.SSS.Quality:1]]
[2019.04.08-16.25.57:772][  0]LogConfig: Setting CVar [[r.SSS.HalfRes:1]]
[2019.04.08-16.25.57:773][  0]LogConfig: Setting CVar [[r.EmitterSpawnRateScale:1.0]]
[2019.04.08-16.25.57:774][  0]LogConfig: Setting CVar [[r.ParticleLightQuality:2]]
[2019.04.08-16.25.57:775][  0]LogConfig: Applying CVar settings from Section [FoliageQuality@3] File [C:/Users/james/Desktop/Processes for OOS/COP4331-Project/ScaryMaze/Saved/Config/Windows/Scalability.ini]
[2019.04.08-16.25.57:775][  0]LogConfig: Setting CVar [[foliage.DensityScale:1.0]]
[2019.04.08-16.25.57:776][  0]LogConfig: Setting CVar [[grass.DensityScale:1.0]]
[2019.04.08-16.25.57:776][  0]LogInit: Selected Device Profile: [Windows]
[2019.04.08-16.25.57:776][  0]LogInit: Applying CVar settings loaded from the selected device profile: [Windows]
[2019.04.08-16.25.57:812][  0]LogHAL: Display: Platform has ~ 8 GB [8499228672 / 8589934592 / 8], which maps to Default [LargestMinGB=32, LargerMinGB=12, DefaultMinGB=8, SmallerMinGB=6, SmallestMinGB=0)
[2019.04.08-16.25.57:812][  0]LogConfig: Setting CVar [[r.Vulkan.UseRealUBs:1]]
[2019.04.08-16.25.57:812][  0]LogInit: Going up to parent DeviceProfile []
[2019.04.08-16.25.57:813][  0]LogConfig: Applying CVar settings from Section [ViewDistanceQuality@0] File [C:/Users/james/Desktop/Processes for OOS/COP4331-Project/ScaryMaze/Saved/Config/Windows/Scalability.ini]
[2019.04.08-16.25.57:813][  0]LogConfig: Setting CVar [[r.SkeletalMeshLODBias:2]]
[2019.04.08-16.25.57:813][  0]LogConfig: Setting CVar [[r.ViewDistanceScale:0.4]]
[2019.04.08-16.25.57:813][  0]LogConfig: Applying CVar settings from Section [AntiAliasingQuality@3] File [C:/Users/james/Desktop/Processes for OOS/COP4331-Project/ScaryMaze/Saved/Config/Windows/Scalability.ini]
[2019.04.08-16.25.57:813][  0]LogConfig: Setting CVar [[r.PostProcessAAQuality:4]]
[2019.04.08-16.25.57:813][  0]LogConfig: Applying CVar settings from Section [ShadowQuality@1] File [C:/Users/james/Desktop/Processes for OOS/COP4331-Project/ScaryMaze/Saved/Config/Windows/Scalability.ini]
[2019.04.08-16.25.57:813][  0]LogConfig: Setting CVar [[r.LightFunctionQuality:1]]
[2019.04.08-16.25.57:813][  0]LogConfig: Setting CVar [[r.ShadowQuality:3]]
[2019.04.08-16.25.57:813][  0]LogConfig: Setting CVar [[r.Shadow.CSM.MaxCascades:1]]
[2019.04.08-16.25.57:813][  0]LogConfig: Setting CVar [[r.Shadow.MaxResolution:1024]]
[2019.04.08-16.25.57:813][  0]LogConfig: Setting CVar [[r.Shadow.MaxCSMResolution:1024]]
[2019.04.08-16.25.57:813][  0]LogConfig: Setting CVar [[r.Shadow.RadiusThreshold:0.05]]
[2019.04.08-16.25.57:813][  0]LogConfig: Setting CVar [[r.Shadow.DistanceScale:0.7]]
[2019.04.08-16.25.57:814][  0]LogConfig: Setting CVar [[r.Shadow.CSM.TransitionScale:0.25]]
[2019.04.08-16.25.57:814][  0]LogConfig: Setting CVar [[r.Shadow.PreShadowResolutionFactor:0.5]]
[2019.04.08-16.25.57:814][  0]LogConfig: Setting CVar [[r.DistanceFieldShadowing:0]]
[2019.04.08-16.25.57:814][  0]LogConfig: Setting CVar [[r.DistanceFieldAO:0]]
[2019.04.08-16.25.57:814][  0]LogConfig: Setting CVar [[r.VolumetricFog:0]]
[2019.04.08-16.25.57:814][  0]LogConfig: Setting CVar [[r.LightMaxDrawDistanceScale:.5]]
[2019.04.08-16.25.57:814][  0]LogConfig: Setting CVar [[r.CapsuleShadows:1]]
[2019.04.08-16.25.57:815][  0]LogConfig: Applying CVar settings from Section [PostProcessQuality@2] File [C:/Users/james/Desktop/Processes for OOS/COP4331-Project/ScaryMaze/Saved/Config/Windows/Scalability.ini]
[2019.04.08-16.25.57:815][  0]LogConfig: Setting CVar [[r.MotionBlurQuality:3]]
[2019.04.08-16.25.57:815][  0]LogConfig: Setting CVar [[r.AmbientOcclusionMipLevelFactor:0.6]]
[2019.04.08-16.25.57:815][  0]LogConfig: Setting CVar [[r.AmbientOcclusionMaxQuality:100]]
[2019.04.08-16.25.57:815][  0]LogConfig: Setting CVar [[r.AmbientOcclusionLevels:-1]]
[2019.04.08-16.25.57:815][  0]LogConfig: Setting CVar [[r.AmbientOcclusionRadiusScale:1.5]]
[2019.04.08-16.25.57:815][  0]LogConfig: Setting CVar [[r.DepthOfFieldQuality:2]]
[2019.04.08-16.25.57:815][  0]LogConfig: Setting CVar [[r.RenderTargetPoolMin:400]]
[2019.04.08-16.25.57:815][  0]LogConfig: Setting CVar [[r.LensFlareQuality:2]]
[2019.04.08-16.25.57:815][  0]LogConfig: Setting CVar [[r.SceneColorFringeQuality:1]]
[2019.04.08-16.25.57:815][  0]LogConfig: Setting CVar [[r.EyeAdaptationQuality:2]]
[2019.04.08-16.25.57:815][  0]LogConfig: Setting CVar [[r.BloomQuality:5]]
[2019.04.08-16.25.57:815][  0]LogConfig: Setting CVar [[r.FastBlurThreshold:3]]
[2019.04.08-16.25.57:815][  0]LogConfig: Setting CVar [[r.Upscale.Quality:2]]
[2019.04.08-16.25.57:815][  0]LogConfig: Setting CVar [[r.Tonemapper.GrainQuantization:1]]
[2019.04.08-16.25.57:816][  0]LogConfig: Setting CVar [[r.LightShaftQuality:1]]
[2019.04.08-16.25.57:816][  0]LogConfig: Setting CVar [[r.Filter.SizeScale:0.8]]
[2019.04.08-16.25.57:816][  0]LogConfig: Setting CVar [[r.Tonemapper.Quality:5]]
[2019.04.08-16.25.57:816][  0]LogConfig: Setting CVar [[r.DOF.Gather.AccumulatorQuality:0        ; lower gathering accumulator quality]]
[2019.04.08-16.25.57:816][  0]LogConfig: Setting CVar [[r.DOF.Gather.PostfilterMethod:2          ; Max3x3 postfilering method]]
[2019.04.08-16.25.57:816][  0]LogConfig: Setting CVar [[r.DOF.Gather.EnableBokehSettings:0       ; no bokeh simulation when gathering]]
[2019.04.08-16.25.57:816][  0]LogConfig: Setting CVar [[r.DOF.Gather.RingCount:4                 ; medium number of samples when gathering]]
[2019.04.08-16.25.57:816][  0]LogConfig: Setting CVar [[r.DOF.Scatter.ForegroundCompositing:1    ; additive foreground scattering]]
[2019.04.08-16.25.57:816][  0]LogConfig: Setting CVar [[r.DOF.Scatter.BackgroundCompositing:1    ; no background occlusion]]
[2019.04.08-16.25.57:816][  0]LogConfig: Setting CVar [[r.DOF.Scatter.EnableBokehSettings:0      ; no bokeh simulation when scattering]]
[2019.04.08-16.25.57:816][  0]LogConfig: Setting CVar [[r.DOF.Scatter.MaxSpriteRatio:0.04        ; only a maximum of 4% of scattered bokeh]]
[2019.04.08-16.25.57:816][  0]LogConfig: Setting CVar [[r.DOF.Recombine.Quality:0                ; no slight out of focus]]
[2019.04.08-16.25.57:816][  0]LogConfig: Setting CVar [[r.DOF.TemporalAAQuality:0                ; faster temporal accumulation]]
[2019.04.08-16.25.57:816][  0]LogConfig: Setting CVar [[r.DOF.Kernel.MaxForegroundRadius:0.012   ; required because of AccumulatorQuality=0]]
[2019.04.08-16.25.57:816][  0]LogConfig: Setting CVar [[r.DOF.Kernel.MaxBackgroundRadius:0.012   ; required because of AccumulatorQuality=0]]
[2019.04.08-16.25.57:816][  0]LogConfig: Applying CVar settings from Section [TextureQuality@3] File [C:/Users/james/Desktop/Processes for OOS/COP4331-Project/ScaryMaze/Saved/Config/Windows/Scalability.ini]
[2019.04.08-16.25.57:817][  0]LogConfig: Setting CVar [[r.Streaming.MipBias:0]]
[2019.04.08-16.25.57:817][  0]LogConfig: Setting CVar [[r.Streaming.AmortizeCPUToGPUCopy:0]]
[2019.04.08-16.25.57:817][  0]LogConfig: Setting CVar [[r.Streaming.MaxNumTexturesToStreamPerFrame:0]]
[2019.04.08-16.25.57:817][  0]LogConfig: Setting CVar [[r.Streaming.Boost:1]]
[2019.04.08-16.25.57:817][  0]LogConfig: Setting CVar [[r.MaxAnisotropy:8]]
[2019.04.08-16.25.57:817][  0]LogConfig: Setting CVar [[r.Streaming.LimitPoolSizeToVRAM:0]]
[2019.04.08-16.25.57:817][  0]LogConfig: Setting CVar [[r.Streaming.PoolSize:1000]]
[2019.04.08-16.25.57:817][  0]LogConfig: Setting CVar [[r.Streaming.MaxEffectiveScreenSize:0]]
[2019.04.08-16.25.57:817][  0]LogConfig: Applying CVar settings from Section [EffectsQuality@1] File [C:/Users/james/Desktop/Processes for OOS/COP4331-Project/ScaryMaze/Saved/Config/Windows/Scalability.ini]
[2019.04.08-16.25.57:817][  0]LogConfig: Setting CVar [[r.TranslucencyLightingVolumeDim:32]]
[2019.04.08-16.25.57:817][  0]LogConfig: Setting CVar [[r.RefractionQuality:0]]
[2019.04.08-16.25.57:817][  0]LogConfig: Setting CVar [[r.SSR.Quality:0]]
[2019.04.08-16.25.57:817][  0]LogConfig: Setting CVar [[r.SceneColorFormat:3]]
[2019.04.08-16.25.57:817][  0]LogConfig: Setting CVar [[r.DetailMode:1]]
[2019.04.08-16.25.57:817][  0]LogConfig: Setting CVar [[r.TranslucencyVolumeBlur:0]]
[2019.04.08-16.25.57:818][  0]LogConfig: Setting CVar [[r.MaterialQualityLevel:2 ; Medium quality]]
[2019.04.08-16.25.57:818][  0]LogConfig: Setting CVar [[r.SSS.Scale:0.75]]
[2019.04.08-16.25.57:818][  0]LogConfig: Setting CVar [[r.SSS.SampleSet:0]]
[2019.04.08-16.25.57:818][  0]LogConfig: Setting CVar [[r.SSS.Quality:0]]
[2019.04.08-16.25.57:818][  0]LogConfig: Setting CVar [[r.SSS.HalfRes:1]]
[2019.04.08-16.25.57:818][  0]LogConfig: Setting CVar [[r.EmitterSpawnRateScale:0.25]]
[2019.04.08-16.25.57:818][  0]LogConfig: Setting CVar [[r.ParticleLightQuality:0]]
[2019.04.08-16.25.57:818][  0]LogConfig: Applying CVar settings from Section [FoliageQuality@0] File [C:/Users/james/Desktop/Processes for OOS/COP4331-Project/ScaryMaze/Saved/Config/Windows/Scalability.ini]
[2019.04.08-16.25.57:818][  0]LogConfig: Setting CVar [[foliage.DensityScale:0]]
[2019.04.08-16.25.57:818][  0]LogConfig: Setting CVar [[grass.DensityScale:0]]
[2019.04.08-16.25.57:818][  0]LogConfig: Applying CVar settings from Section [Startup] File [../../../Engine/Config/ConsoleVariables.ini]
[2019.04.08-16.25.57:840][  0]LogConfig: Setting CVar [[net.UseAdaptiveNetUpdateFrequency:0]]
[2019.04.08-16.25.57:840][  0]LogConfig: Applying CVar settings from Section [ConsoleVariables] File [C:/Users/james/Desktop/Processes for OOS/COP4331-Project/ScaryMaze/Saved/Config/Windows/Engine.ini]
[2019.04.08-16.25.57:840][  0]LogInit: Computer: LAPTOP-Q1QSGUBH
[2019.04.08-16.25.57:840][  0]LogInit: User: james
[2019.04.08-16.25.57:841][  0]LogInit: CPU Page size=4096, Cores=2
[2019.04.08-16.25.57:841][  0]LogInit: High frequency timer resolution =2.648437 MHz
[2019.04.08-16.25.57:841][  0]LogMemory: Memory total: Physical=7.9GB (8GB approx)
[2019.04.08-16.25.57:841][  0]LogMemory: Platform Memory Stats for Windows
[2019.04.08-16.25.57:841][  0]LogMemory: Process Physical Memory: 102.85 MB used, 102.85 MB peak
[2019.04.08-16.25.57:841][  0]LogMemory: Process Virtual Memory: 84.55 MB used, 84.55 MB peak
[2019.04.08-16.25.57:841][  0]LogMemory: Physical Memory: 4927.06 MB used,  3178.43 MB free, 8105.50 MB total
[2019.04.08-16.25.57:841][  0]LogMemory: Virtual Memory: 4628.92 MB used,  134213096.00 MB free, 134217728.00 MB total
[2019.04.08-16.25.59:850][  0]LogInit: Using OS detected language (en-US).
[2019.04.08-16.25.59:850][  0]LogInit: Using OS detected locale (en-US).
[2019.04.08-16.25.59:853][  0]LogTextLocalizationManager: No specific localization for 'en-US' exists, so the 'en' localization will be used.
[2019.04.08-16.26.00:427][  0]LogStreaming: Display: Took  0.577s to InitEngineTextLocalization.
[2019.04.08-16.26.00:428][  0]LogInit: Setting process to per monitor DPI aware
[2019.04.08-16.26.00:610][  0]LogSlate: New Slate User Created.  User Index 0, Is Virtual User: 0
[2019.04.08-16.26.00:611][  0]LogSlate: Slate User Registered.  User Index 0, Is Virtual User: 0
[2019.04.08-16.26.03:921][  0]LogHMD: Failed to initialize OpenVR with code 110
[2019.04.08-16.26.03:921][  0]LogD3D11RHI: D3D11 adapters:
[2019.04.08-16.26.04:389][  0]LogD3D11RHI:    0. 'NVIDIA GeForce 920MX' (Feature Level 11_0)
[2019.04.08-16.26.04:389][  0]LogD3D11RHI:       2010/0/4052 MB DedicatedVideo/DedicatedSystem/SharedSystem, Outputs:1, VendorId:0x10de
[2019.04.08-16.26.04:417][  0]LogD3D11RHI:    1. 'Intel(R) HD Graphics 620' (Feature Level 11_0)
[2019.04.08-16.26.04:417][  0]LogD3D11RHI:       128/0/4052 MB DedicatedVideo/DedicatedSystem/SharedSystem, Outputs:0, VendorId:0x8086
[2019.04.08-16.26.04:424][  0]LogD3D11RHI:    2. 'Microsoft Basic Render Driver' (Feature Level 11_0)
[2019.04.08-16.26.04:425][  0]LogD3D11RHI:       0/0/4052 MB DedicatedVideo/DedicatedSystem/SharedSystem, Outputs:0, VendorId:0x1414
[2019.04.08-16.26.04:425][  0]LogD3D11RHI: Chosen D3D11 Adapter: 0
[2019.04.08-16.26.04:459][  0]LogD3D11RHI: Creating new Direct3DDevice
[2019.04.08-16.26.04:459][  0]LogD3D11RHI:     GPU DeviceId: 0x134f (for the marketing name, search the web for "GPU Device Id")
[2019.04.08-16.26.04:459][  0]LogWindows: EnumDisplayDevices:
[2019.04.08-16.26.04:459][  0]LogWindows:    0. 'Intel(R) HD Graphics 620' (P:1 D:1)
[2019.04.08-16.26.04:460][  0]LogWindows:    1. 'Intel(R) HD Graphics 620' (P:0 D:0)
[2019.04.08-16.26.04:460][  0]LogWindows:    2. 'Intel(R) HD Graphics 620' (P:0 D:0)
[2019.04.08-16.26.04:461][  0]LogWindows: DebugString: PrimaryIsNotTheChoosenAdapter PrimaryIsNotTheChoosenAdapter PrimaryIsNotTheChoosenAdapter FoundDriverCount:0 
[2019.04.08-16.26.04:461][  0]LogD3D11RHI:     Adapter Name: NVIDIA GeForce 920MX
[2019.04.08-16.26.04:461][  0]LogD3D11RHI:   Driver Version: Unknown (internal:Unknown, unified:Unknown)
[2019.04.08-16.26.04:461][  0]LogD3D11RHI:      Driver Date: Unknown
[2019.04.08-16.26.04:461][  0]LogRHI: Texture pool is 1407 MB (70% of 2010 MB)
[2019.04.08-16.26.04:513][  0]LogD3D11RHI: Async texture creation enabled
[2019.04.08-16.26.04:531][  0]LogD3D11RHI: GPU Timing Frequency: 1000.000000 (Debug: 2 2)
[2019.04.08-16.26.04:985][  0]LogTemp: Display: Loaded TP AllDesktopTargetPlatform
[2019.04.08-16.26.05:010][  0]LogTemp: Display: Loaded TP MacClientTargetPlatform
[2019.04.08-16.26.05:028][  0]LogTemp: Display: Loaded TP MacNoEditorTargetPlatform
[2019.04.08-16.26.05:048][  0]LogTemp: Display: Loaded TP MacServerTargetPlatform
[2019.04.08-16.26.05:088][  0]LogTemp: Display: Loaded TP MacTargetPlatform
[2019.04.08-16.26.05:107][  0]LogTemp: Display: Loaded TP WindowsClientTargetPlatform
[2019.04.08-16.26.05:124][  0]LogTemp: Display: Loaded TP WindowsNoEditorTargetPlatform
[2019.04.08-16.26.05:142][  0]LogTemp: Display: Loaded TP WindowsServerTargetPlatform
[2019.04.08-16.26.05:153][  0]LogTemp: Display: Loaded TP WindowsTargetPlatform
[2019.04.08-16.26.05:266][  0]LogTemp: Display: Loaded TP AndroidTargetPlatform
[2019.04.08-16.26.05:266][  0]LogTemp: Display: Loaded TP AndroidTargetPlatform
[2019.04.08-16.26.05:266][  0]LogTemp: Display: Loaded TP AndroidTargetPlatform
[2019.04.08-16.26.05:266][  0]LogTemp: Display: Loaded TP AndroidTargetPlatform
[2019.04.08-16.26.05:266][  0]LogTemp: Display: Loaded TP AndroidTargetPlatform
[2019.04.08-16.26.05:266][  0]LogTemp: Display: Loaded TP AndroidTargetPlatform
[2019.04.08-16.26.05:266][  0]LogTemp: Display: Loaded TP AndroidTargetPlatform
[2019.04.08-16.26.05:266][  0]LogTemp: Display: Loaded TP AndroidTargetPlatform
[2019.04.08-16.26.05:266][  0]LogTemp: Display: Loaded TP AndroidTargetPlatform
[2019.04.08-16.26.05:266][  0]LogTemp: Display: Loaded TP AndroidTargetPlatform
[2019.04.08-16.26.05:267][  0]LogTemp: Display: Loaded TP AndroidTargetPlatform
[2019.04.08-16.26.05:267][  0]LogTemp: Display: Loaded TP AndroidTargetPlatform
[2019.04.08-16.26.05:267][  0]LogTemp: Display: Loaded TP AndroidTargetPlatform
[2019.04.08-16.26.05:267][  0]LogTemp: Display: Loaded TP AndroidTargetPlatform
[2019.04.08-16.26.05:267][  0]LogTemp: Display: Loaded TP AndroidTargetPlatform
[2019.04.08-16.26.05:267][  0]LogTemp: Display: Loaded TP AndroidTargetPlatform
[2019.04.08-16.26.05:267][  0]LogTemp: Display: Loaded TP AndroidTargetPlatform
[2019.04.08-16.26.05:267][  0]LogTemp: Display: Loaded TP AndroidTargetPlatform
[2019.04.08-16.26.05:272][  0]LogTemp: Display: Loaded TP HTML5TargetPlatform
[2019.04.08-16.26.05:358][  0]LogTemp: Display: Loaded TP IOSTargetPlatform
[2019.04.08-16.26.05:358][  0]LogTemp: Display: Loaded TP IOSTargetPlatform
[2019.04.08-16.26.05:390][  0]LogTemp: Display: Loaded TP TVOSTargetPlatform
[2019.04.08-16.26.05:390][  0]LogTemp: Display: Loaded TP TVOSTargetPlatform
[2019.04.08-16.26.05:409][  0]LogTemp: Display: Loaded TP LinuxClientTargetPlatform
[2019.04.08-16.26.05:426][  0]LogTemp: Display: Loaded TP LinuxNoEditorTargetPlatform
[2019.04.08-16.26.05:445][  0]LogTemp: Display: Loaded TP LinuxServerTargetPlatform
[2019.04.08-16.26.05:470][  0]LogTemp: Display: Loaded TP LinuxTargetPlatform
[2019.04.08-16.26.05:535][  0]LogTemp: Display: Loaded TP LuminTargetPlatform
[2019.04.08-16.26.05:535][  0]LogTemp: Display: Loaded TP LuminTargetPlatform
[2019.04.08-16.26.05:535][  0]LogTargetPlatformManager: Display: Building Assets For Windows
[2019.04.08-16.26.05:787][  0]LogShaderCompilers: Guid format shader working directory is -36 characters bigger than the processId version (../../../../../../Users/james/Desktop/Processes for OOS/COP4331-Project/ScaryMaze/Intermediate/Shaders/WorkingDirectory/11856/).
[2019.04.08-16.26.05:787][  0]LogShaderCompilers: Cleaned the shader compiler working directory 'C:/Users/james/AppData/Local/Temp/UnrealShaderWorkingDir/A0494DCC4E127EC2A3993B94471559AF/'.
[2019.04.08-16.26.05:790][  0]LogXGEController: Cleaning working directory: C:/Users/james/AppData/Local/Temp/UnrealXGEWorkingDir/
[2019.04.08-16.26.05:791][  0]LogXGEController: Cannot use XGE Controller as Incredibuild is not installed on this machine.
[2019.04.08-16.26.05:791][  0]LogShaderCompilers: Cannot use XGE Shader Compiler as Incredibuild is not installed on this machine.
[2019.04.08-16.26.05:791][  0]LogShaderCompilers: Display: Using Local Shader Compiler.
[2019.04.08-16.26.07:955][  0]LogDerivedDataCache: Display: Max Cache Size: 512 MB
[2019.04.08-16.26.08:062][  0]LogDerivedDataCache: Loaded boot cache 0.11s 123MB C:/Users/james/AppData/Local/UnrealEngine/4.21/DerivedDataCache/Boot.ddc.
[2019.04.08-16.26.08:062][  0]LogDerivedDataCache: Display: Loaded Boot cache: C:/Users/james/AppData/Local/UnrealEngine/4.21/DerivedDataCache/Boot.ddc
[2019.04.08-16.26.08:062][  0]LogDerivedDataCache: FDerivedDataBackendGraph:  Pak pak cache file ../../../../../../Users/james/Desktop/Processes for OOS/COP4331-Project/ScaryMaze/DerivedDataCache/DDC.ddp not found, will not use a pak cache.
[2019.04.08-16.26.08:063][  0]LogDerivedDataCache: Unable to find inner node Pak for hierarchical cache Hierarchy.
[2019.04.08-16.26.08:063][  0]LogDerivedDataCache: FDerivedDataBackendGraph:  CompressedPak pak cache file ../../../../../../Users/james/Desktop/Processes for OOS/COP4331-Project/ScaryMaze/DerivedDataCache/Compressed.ddp not found, will not use a pak cache.
[2019.04.08-16.26.08:063][  0]LogDerivedDataCache: Unable to find inner node CompressedPak for hierarchical cache Hierarchy.
[2019.04.08-16.26.08:146][  0]LogDerivedDataCache: Display: Pak cache opened for reading ../../../Engine/DerivedDataCache/Compressed.ddp.
[2019.04.08-16.26.08:146][  0]LogDerivedDataCache: FDerivedDataBackendGraph:  EnterprisePak pak cache file ../../../Enterprise/DerivedDataCache/Compressed.ddp not found, will not use a pak cache.
[2019.04.08-16.26.08:146][  0]LogDerivedDataCache: Unable to find inner node EnterprisePak for hierarchical cache Hierarchy.
[2019.04.08-16.26.08:160][  0]LogDerivedDataCache: Using Local data cache path C:/Users/james/AppData/Local/UnrealEngine/Common/DerivedDataCache: Writable
[2019.04.08-16.26.08:161][  0]LogDerivedDataCache: Shared data cache path not found in *engine.ini, will not use an Shared cache.
[2019.04.08-16.26.08:161][  0]LogDerivedDataCache: Unable to find inner node Shared for hierarchical cache Hierarchy.
[2019.04.08-16.26.08:187][  0]LogMaterial: Verifying Global Shaders for PCD3D_SM5
[2019.04.08-16.26.08:188][  0]LogSlate: Using FreeType 2.6.0
[2019.04.08-16.26.08:263][  0]LogSlate: SlateFontServices - WITH_FREETYPE: 1, WITH_HARFBUZZ: 1
[2019.04.08-16.26.08:673][  0]LogAssetRegistry: FAssetRegistry took 0.0371 seconds to start up
[2019.04.08-16.26.09:186][  0]LogInit: Selected Device Profile: [Windows]
[2019.04.08-16.26.09:497][  0]LogSimplygon: Simplygon DLL not present - disabling.
[2019.04.08-16.26.09:510][  0]LogMeshReduction: Using SimplygonSwarm for distributed automatic mesh merging
[2019.04.08-16.26.09:511][  0]LogMeshReduction: Using ProxyLODMeshReduction for automatic mesh merging
[2019.04.08-16.26.09:511][  0]LogMeshReduction: Using QuadricMeshReduction for automatic static mesh reduction
[2019.04.08-16.26.09:511][  0]LogMeshReduction: No automatic skeletal mesh reduction module available
[2019.04.08-16.26.09:549][  0]LogNetVersion: ScaryMaze 1.0.0, NetCL: 4541578, EngineNetVer: 5, GameNetVer: 0 (Checksum: 3370334168)
[2019.04.08-16.26.10:910][  0]LogPackageLocalizationCache: Processed 11 localized package path(s) for 2 prioritized culture(s) in 0.158726 seconds
[2019.04.08-16.26.10:918][  0]LogUObjectArray: 39775 objects as part of root set at end of initial load.
[2019.04.08-16.26.10:918][  0]LogUObjectAllocator: 6914656 out of 0 bytes used by permanent object pool.
[2019.04.08-16.26.10:918][  0]LogUObjectArray: CloseDisregardForGC: 0/0 objects in disregard for GC pool
[2019.04.08-16.26.15:739][  0]LogTcpMessaging: Initializing TcpMessaging bridge
[2019.04.08-16.26.15:756][  0]LogUdpMessaging: Initializing bridge on interface 0.0.0.0:0 to multicast group 230.0.0.1:6666.
[2019.04.08-16.26.16:847][  0]LogScript: Warning: Script Msg: A null object was passed as a world context object to UEngine::GetWorldFromContextObject().
[2019.04.08-16.26.17:740][  0]LogBlueprint: Warning: Node '/Game/MixamoAnimPack/MixamoCharacter_Master.MixamoCharacter_Master:EdGraph_0.K2Node_FunctionEntry_19' missing NodeGuid because of upgrade from old package version, this can cause deterministic cooking issues please resave package.
[2019.04.08-16.26.17:821][  0]LogScript: Warning: Script Msg: A null object was passed as a world context object to UEngine::GetWorldFromContextObject().
[2019.04.08-16.26.18:461][  0]LogScript: Warning: Script Msg: A null object was passed as a world context object to UEngine::GetWorldFromContextObject().
[2019.04.08-16.26.18:543][  0]LogScript: Warning: Script Msg: A null object was passed as a world context object to UEngine::GetWorldFromContextObject().
[2019.04.08-16.26.18:652][  0]LogBlueprint: Warning: Node '/Game/MixamoAnimPack/MixamoCharacter_Master.MixamoCharacter_Master:EventGraph.EdGraphNode_Comment_93' missing NodeGuid because of upgrade from old package version, this can cause deterministic cooking issues please resave package.
[2019.04.08-16.26.18:653][  0]LogBlueprint: Warning: Node '/Game/MixamoAnimPack/MixamoCharacter_Master.MixamoCharacter_Master:EventGraph.K2Node_Comment_1' missing NodeGuid because of upgrade from old package version, this can cause deterministic cooking issues please resave package.
[2019.04.08-16.26.18:653][  0]LogBlueprint: Warning: Node '/Game/MixamoAnimPack/MixamoCharacter_Master.MixamoCharacter_Master:EventGraph.K2Node_Comment_39' missing NodeGuid because of upgrade from old package version, this can cause deterministic cooking issues please resave package.
[2019.04.08-16.26.18:653][  0]LogBlueprint: Warning: Node '/Game/MixamoAnimPack/MixamoCharacter_Master.MixamoCharacter_Master:EventGraph.K2Node_Comment_56' missing NodeGuid because of upgrade from old package version, this can cause deterministic cooking issues please resave package.
[2019.04.08-16.26.18:654][  0]LogBlueprint: Warning: Node '/Game/MixamoAnimPack/MixamoCharacter_Master.MixamoCharacter_Master:EventGraph.K2Node_CallFunction_108971' missing NodeGuid because of upgrade from old package version, this can cause deterministic cooking issues please resave package.
[2019.04.08-16.26.18:654][  0]LogBlueprint: Warning: Node '/Game/MixamoAnimPack/MixamoCharacter_Master.MixamoCharacter_Master:EventGraph.K2Node_CallFunction_112027' missing NodeGuid because of upgrade from old package version, this can cause deterministic cooking issues please resave package.
[2019.04.08-16.26.18:654][  0]LogBlueprint: Warning: Node '/Game/MixamoAnimPack/MixamoCharacter_Master.MixamoCharacter_Master:EventGraph.K2Node_CallFunction_20844' missing NodeGuid because of upgrade from old package version, this can cause deterministic cooking issues please resave package.
[2019.04.08-16.26.18:654][  0]LogBlueprint: Warning: Node '/Game/MixamoAnimPack/MixamoCharacter_Master.MixamoCharacter_Master:EventGraph.K2Node_CallFunction_21305' missing NodeGuid because of upgrade from old package version, this can cause deterministic cooking issues please resave package.
[2019.04.08-16.26.18:654][  0]LogBlueprint: Warning: Node '/Game/MixamoAnimPack/MixamoCharacter_Master.MixamoCharacter_Master:EventGraph.K2Node_CallFunction_3716' missing NodeGuid because of upgrade from old package version, this can cause deterministic cooking issues please resave package.
[2019.04.08-16.26.18:654][  0]LogBlueprint: Warning: Node '/Game/MixamoAnimPack/MixamoCharacter_Master.MixamoCharacter_Master:EventGraph.K2Node_CallFunction_4184' missing NodeGuid because of upgrade from old package version, this can cause deterministic cooking issues please resave package.
[2019.04.08-16.26.18:654][  0]LogBlueprint: Warning: Node '/Game/MixamoAnimPack/MixamoCharacter_Master.MixamoCharacter_Master:EventGraph.K2Node_CallFunction_4223' missing NodeGuid because of upgrade from old package version, this can cause deterministic cooking issues please resave package.
[2019.04.08-16.26.18:655][  0]LogBlueprint: Warning: Node '/Game/MixamoAnimPack/MixamoCharacter_Master.MixamoCharacter_Master:EventGraph.K2Node_CallFunction_4678' missing NodeGuid because of upgrade from old package version, this can cause deterministic cooking issues please resave package.
[2019.04.08-16.26.18:655][  0]LogBlueprint: Warning: Node '/Game/MixamoAnimPack/MixamoCharacter_Master.MixamoCharacter_Master:EventGraph.K2Node_CallFunction_61214' missing NodeGuid because of upgrade from old package version, this can cause deterministic cooking issues please resave package.
[2019.04.08-16.26.18:655][  0]LogBlueprint: Warning: Node '/Game/MixamoAnimPack/MixamoCharacter_Master.MixamoCharacter_Master:EventGraph.K2Node_CallFunction_61534' missing NodeGuid because of upgrade from old package version, this can cause deterministic cooking issues please resave package.
[2019.04.08-16.26.18:655][  0]LogBlueprint: Warning: Node '/Game/MixamoAnimPack/MixamoCharacter_Master.MixamoCharacter_Master:EventGraph.K2Node_CallFunction_65164' missing NodeGuid because of upgrade from old package version, this can cause deterministic cooking issues please resave package.
[2019.04.08-16.26.18:655][  0]LogBlueprint: Warning: Node '/Game/MixamoAnimPack/MixamoCharacter_Master.MixamoCharacter_Master:EventGraph.K2Node_CallFunction_7346' missing NodeGuid because of upgrade from old package version, this can cause deterministic cooking issues please resave package.
[2019.04.08-16.26.18:655][  0]LogBlueprint: Warning: Node '/Game/MixamoAnimPack/MixamoCharacter_Master.MixamoCharacter_Master:EventGraph.K2Node_CallFunction_8160' missing NodeGuid because of upgrade from old package version, this can cause deterministic cooking issues please resave package.
[2019.04.08-16.26.18:655][  0]LogBlueprint: Warning: Node '/Game/MixamoAnimPack/MixamoCharacter_Master.MixamoCharacter_Master:EventGraph.K2Node_CallFunction_8427' missing NodeGuid because of upgrade from old package version, this can cause deterministic cooking issues please resave package.
[2019.04.08-16.26.18:655][  0]LogBlueprint: Warning: Node '/Game/MixamoAnimPack/MixamoCharacter_Master.MixamoCharacter_Master:EventGraph.K2Node_CallFunction_8733' missing NodeGuid because of upgrade from old package version, this can cause deterministic cooking issues please resave package.
[2019.04.08-16.26.18:655][  0]LogBlueprint: Warning: Node '/Game/MixamoAnimPack/MixamoCharacter_Master.MixamoCharacter_Master:EventGraph.K2Node_CallFunction_87421' missing NodeGuid because of upgrade from old package version, this can cause deterministic cooking issues please resave package.
[2019.04.08-16.26.18:656][  0]LogBlueprint: Warning: Node '/Game/MixamoAnimPack/MixamoCharacter_Master.MixamoCharacter_Master:EventGraph.K2Node_CallFunction_8781' missing NodeGuid because of upgrade from old package version, this can cause deterministic cooking issues please resave package.
[2019.04.08-16.26.18:656][  0]LogBlueprint: Warning: Node '/Game/MixamoAnimPack/MixamoCharacter_Master.MixamoCharacter_Master:EventGraph.K2Node_CommutativeAssociativeBinaryOperator_153' missing NodeGuid because of upgrade from old package version, this can cause deterministic cooking issues please resave package.
[2019.04.08-16.26.18:656][  0]LogBlueprint: Warning: Node '/Game/MixamoAnimPack/MixamoCharacter_Master.MixamoCharacter_Master:EventGraph.K2Node_CommutativeAssociativeBinaryOperator_155' missing NodeGuid because of upgrade from old package version, this can cause deterministic cooking issues please resave package.
[2019.04.08-16.26.18:656][  0]LogBlueprint: Warning: Node '/Game/MixamoAnimPack/MixamoCharacter_Master.MixamoCharacter_Master:EventGraph.K2Node_DynamicCast_179' missing NodeGuid because of upgrade from old package version, this can cause deterministic cooking issues please resave package.
[2019.04.08-16.26.18:656][  0]LogBlueprint: Warning: Node '/Game/MixamoAnimPack/MixamoCharacter_Master.MixamoCharacter_Master:UserConstructionScript.K2Node_FunctionEntry_19' missing NodeGuid because of upgrade from old package version, this can cause deterministic cooking issues please resave package.
[2019.04.08-16.26.18:656][  0]LogBlueprint: Warning: Node '/Game/MixamoAnimPack/MixamoCharacter_Master.MixamoCharacter_Master:EventGraph.K2Node_IfThenElse_203' missing NodeGuid because of upgrade from old package version, this can cause deterministic cooking issues please resave package.
[2019.04.08-16.26.18:656][  0]LogBlueprint: Warning: Node '/Game/MixamoAnimPack/MixamoCharacter_Master.MixamoCharacter_Master:EventGraph.K2Node_IfThenElse_27' missing NodeGuid because of upgrade from old package version, this can cause deterministic cooking issues please resave package.
[2019.04.08-16.26.18:656][  0]LogBlueprint: Warning: Node '/Game/MixamoAnimPack/MixamoCharacter_Master.MixamoCharacter_Master:EventGraph.K2Node_IfThenElse_41' missing NodeGuid because of upgrade from old package version, this can cause deterministic cooking issues please resave package.
[2019.04.08-16.26.18:656][  0]LogBlueprint: Warning: Node '/Game/MixamoAnimPack/MixamoCharacter_Master.MixamoCharacter_Master:EventGraph.K2Node_InputAction_52' missing NodeGuid because of upgrade from old package version, this can cause deterministic cooking issues please resave package.
[2019.04.08-16.26.18:657][  0]LogBlueprint: Warning: Node '/Game/MixamoAnimPack/MixamoCharacter_Master.MixamoCharacter_Master:EventGraph.K2Node_InputAxisEvent_1058' missing NodeGuid because of upgrade from old package version, this can cause deterministic cooking issues please resave package.
[2019.04.08-16.26.18:657][  0]LogBlueprint: Warning: Node '/Game/MixamoAnimPack/MixamoCharacter_Master.MixamoCharacter_Master:EventGraph.K2Node_InputAxisEvent_1657' missing NodeGuid because of upgrade from old package version, this can cause deterministic cooking issues please resave package.
[2019.04.08-16.26.18:657][  0]LogBlueprint: Warning: Node '/Game/MixamoAnimPack/MixamoCharacter_Master.MixamoCharacter_Master:EventGraph.K2Node_InputAxisEvent_43' missing NodeGuid because of upgrade from old package version, this can cause deterministic cooking issues please resave package.
[2019.04.08-16.26.18:657][  0]LogBlueprint: Warning: Node '/Game/MixamoAnimPack/MixamoCharacter_Master.MixamoCharacter_Master:EventGraph.K2Node_InputAxisEvent_50' missing NodeGuid because of upgrade from old package version, this can cause deterministic cooking issues please resave package.
[2019.04.08-16.26.18:657][  0]LogBlueprint: Warning: Node '/Game/MixamoAnimPack/MixamoCharacter_Master.MixamoCharacter_Master:EventGraph.K2Node_InputAxisEvent_55' missing NodeGuid because of upgrade from old package version, this can cause deterministic cooking issues please resave package.
[2019.04.08-16.26.18:657][  0]LogBlueprint: Warning: Node '/Game/MixamoAnimPack/MixamoCharacter_Master.MixamoCharacter_Master:EventGraph.K2Node_InputAxisEvent_86' missing NodeGuid because of upgrade from old package version, this can cause deterministic cooking issues please resave package.
[2019.04.08-16.26.18:657][  0]LogBlueprint: Warning: Node '/Game/MixamoAnimPack/MixamoCharacter_Master.MixamoCharacter_Master:EventGraph.K2Node_InputKey_17975' missing NodeGuid because of upgrade from old package version, this can cause deterministic cooking issues please resave package.
[2019.04.08-16.26.18:657][  0]LogBlueprint: Warning: Node '/Game/MixamoAnimPack/MixamoCharacter_Master.MixamoCharacter_Master:EventGraph.K2Node_VariableGet_1700' missing NodeGuid because of upgrade from old package version, this can cause deterministic cooking issues please resave package.
[2019.04.08-16.26.18:658][  0]LogBlueprint: Warning: Node '/Game/MixamoAnimPack/MixamoCharacter_Master.MixamoCharacter_Master:EventGraph.K2Node_VariableGet_174' missing NodeGuid because of upgrade from old package version, this can cause deterministic cooking issues please resave package.
[2019.04.08-16.26.18:658][  0]LogBlueprint: Warning: Node '/Game/MixamoAnimPack/MixamoCharacter_Master.MixamoCharacter_Master:EventGraph.K2Node_VariableGet_190' missing NodeGuid because of upgrade from old package version, this can cause deterministic cooking issues please resave package.
[2019.04.08-16.26.18:658][  0]LogBlueprint: Warning: Node '/Game/MixamoAnimPack/MixamoCharacter_Master.MixamoCharacter_Master:EventGraph.K2Node_VariableGet_91' missing NodeGuid because of upgrade from old package version, this can cause deterministic cooking issues please resave package.
[2019.04.08-16.26.18:658][  0]LogBlueprint: Warning: Node '/Game/MixamoAnimPack/MixamoCharacter_Master.MixamoCharacter_Master:EventGraph.K2Node_VariableGet_93' missing NodeGuid because of upgrade from old package version, this can cause deterministic cooking issues please resave package.
[2019.04.08-16.26.18:658][  0]LogBlueprint: Warning: Node '/Game/MixamoAnimPack/MixamoCharacter_Master.MixamoCharacter_Master:EventGraph.K2Node_VariableSet_1333' missing NodeGuid because of upgrade from old package version, this can cause deterministic cooking issues please resave package.
[2019.04.08-16.26.18:658][  0]LogBlueprint: Warning: Node '/Game/MixamoAnimPack/MixamoCharacter_Master.MixamoCharacter_Master:EventGraph.K2Node_VariableSet_1684' missing NodeGuid because of upgrade from old package version, this can cause deterministic cooking issues please resave package.
[2019.04.08-16.26.18:658][  0]LogBlueprint: Warning: Node '/Game/MixamoAnimPack/MixamoCharacter_Master.MixamoCharacter_Master:EventGraph.K2Node_VariableSet_1685' missing NodeGuid because of upgrade from old package version, this can cause deterministic cooking issues please resave package.
[2019.04.08-16.26.18:658][  0]LogBlueprint: Warning: Node '/Game/MixamoAnimPack/MixamoCharacter_Master.MixamoCharacter_Master:EventGraph.K2Node_VariableSet_660' missing NodeGuid because of upgrade from old package version, this can cause deterministic cooking issues please resave package.
[2019.04.08-16.26.18:658][  0]LogBlueprint: Warning: Node '/Game/MixamoAnimPack/MixamoCharacter_Master.MixamoCharacter_Master:EventGraph.K2Node_VariableSet_803' missing NodeGuid because of upgrade from old package version, this can cause deterministic cooking issues please resave package.
[2019.04.08-16.26.18:659][  0]LogBlueprint: Warning: Node '/Game/MixamoAnimPack/MixamoCharacter_Master.MixamoCharacter_Master:EventGraph.K2Node_VariableSet_850' missing NodeGuid because of upgrade from old package version, this can cause deterministic cooking issues please resave package.
[2019.04.08-16.26.19:576][  0]SourceControl: Source control is disabled
[2019.04.08-16.26.19:576][  0]SourceControl: Source control is disabled
[2019.04.08-16.26.19:581][  0]SourceControl: Source control is disabled
[2019.04.08-16.26.19:585][  0]SourceControl: Source control is disabled
[2019.04.08-16.26.20:275][  0]LogAndroidPermission: UAndroidPermissionCallbackProxy::GetInstance
[2019.04.08-16.26.20:683][  0]LogOcInput: OculusInput pre-init called
[2019.04.08-16.26.20:897][  0]LogEngine: Initializing Engine...
[2019.04.08-16.26.20:899][  0]LogHMD: Failed to initialize OpenVR with code 110
[2019.04.08-16.26.20:900][  0]LogStats: UGameplayTagsManager::ConstructGameplayTagTree: ImportINI prefixes -  0.000 s
[2019.04.08-16.26.20:900][  0]LogStats: UGameplayTagsManager::ConstructGameplayTagTree: Construct from data asset -  0.000 s
[2019.04.08-16.26.20:901][  0]LogStats: UGameplayTagsManager::ConstructGameplayTagTree: ImportINI -  0.000 s
[2019.04.08-16.26.20:901][  0]LogStats: UGameplayTagsManager::ConstructGameplayTagTree: GameplayTagTreeChangedEvent.Broadcast -  0.000 s
[2019.04.08-16.26.21:685][  0]LogInit: Initializing FReadOnlyCVARCache
[2019.04.08-16.26.21:711][  0]LogAIModule: Creating AISystem for world Untitled
[2019.04.08-16.26.21:728][  0]LogInit: XAudio2 using 'Speakers (Realtek High Definition Audio)' : 2 channels at 48 kHz using 16 bits per sample (channel mask 0x3)
[2019.04.08-16.26.21:779][  0]LogInit: FAudioDevice initialized.
[2019.04.08-16.26.21:779][  0]LogNetVersion: Set ProjectVersion to 1.0.0.0. Version Checksum will be recalculated on next use.
[2019.04.08-16.26.22:736][  0]LogDerivedDataCache: Saved boot cache 0.96s 123MB C:/Users/james/AppData/Local/UnrealEngine/4.21/DerivedDataCache/Boot.ddc.
[2019.04.08-16.26.22:747][  0]LogInit: Texture streaming: Enabled
[2019.04.08-16.26.22:843][  0]LogEngineSessionManager: EngineSessionManager initialized
[2019.04.08-16.26.22:844][  0]LogEngineSessionManager: EngineSessionManager sent abnormal shutdown report. Type=Debugger, SessionId={8E5AFFCB-433B-254D-20E5-E8B2E76F8393}
[2019.04.08-16.26.22:864][  0]LogInit: Transaction tracking system initialized
[2019.04.08-16.26.22:923][  0]BlueprintLog: New page: Editor Load
[2019.04.08-16.26.23:258][  0]LocalizationService: Localization service is disabled
[2019.04.08-16.26.25:152][  0]LogFileCache: Scanning file cache for directory 'C:/Users/james/Desktop/Processes for OOS/COP4331-Project/ScaryMaze/Content/' took 0.06s
[2019.04.08-16.26.25:153][  0]LogCook: Display: Max memory allowance for cook 16384mb min free memory 0mb
[2019.04.08-16.26.25:153][  0]LogCook: Display: Mobile HDR setting 1
[2019.04.08-16.26.25:153][  0]LogGameplayTags: Display: UGameplayTagsManager::DoneAddingNativeTags. DelegateIsBound: 0
[2019.04.08-16.26.25:153][  0]LogStats: UGameplayTagsManager::ConstructGameplayTagTree: ImportINI prefixes -  0.000 s
[2019.04.08-16.26.25:153][  0]LogStats: UGameplayTagsManager::ConstructGameplayTagTree: Construct from data asset -  0.000 s
[2019.04.08-16.26.25:153][  0]LogStats: UGameplayTagsManager::ConstructGameplayTagTree: ImportINI -  0.000 s
[2019.04.08-16.26.25:154][  0]LogStats: UGameplayTagsManager::ConstructGameplayTagTree: GameplayTagTreeChangedEvent.Broadcast -  0.000 s
[2019.04.08-16.26.25:588][  0]SourceControl: Source control is disabled
[2019.04.08-16.26.25:588][  0]Cmd: MAP LOAD FILE="../../../../../../Users/james/Desktop/Processes for OOS/COP4331-Project/ScaryMaze/Content/MainMenuLevel.umap" TEMPLATE=0 SHOWPROGRESS=1 FEATURELEVEL=3
[2019.04.08-16.26.25:593][  0]LightingResults: New page: Lighting Build
[2019.04.08-16.26.25:597][  0]MapCheck: New page: Map Check
[2019.04.08-16.26.25:597][  0]LightingResults: New page: Lighting Build
[2019.04.08-16.26.25:656][  0]LogAIModule: Creating AISystem for world MainMenuLevel
[2019.04.08-16.26.25:717][  0]LogEditorServer: Finished looking for orphan Actors (0.000 secs)
[2019.04.08-16.26.25:757][  0]Cmd: MAP CHECKDEP NOCLEARLOG
[2019.04.08-16.26.25:758][  0]MapCheck: Map check complete: 0 Error(s), 0 Warning(s), took 0.28ms to complete.
[2019.04.08-16.26.25:758][  0]LogFileHelpers: Loading map 'MainMenuLevel' took 0.169
[2019.04.08-16.26.26:016][  0]LogSlate: Updating window title bar state: overlay mode, drag disabled, window buttons hidden, title bar hidden
[2019.04.08-16.26.26:027][  0]LogSlate: Updating window title bar state: overlay mode, drag disabled, window buttons hidden, title bar hidden
[2019.04.08-16.26.26:037][  0]LogSlate: Updating window title bar state: overlay mode, drag disabled, window buttons hidden, title bar hidden
[2019.04.08-16.26.26:046][  0]LogSlate: Updating window title bar state: overlay mode, drag disabled, window buttons hidden, title bar hidden
[2019.04.08-16.26.26:065][  0]LogCollectionManager: Loaded 0 collections in 0.003864 seconds
[2019.04.08-16.26.26:111][  0]LogFileCache: Scanning file cache for directory 'C:/Users/james/Desktop/Processes for OOS/COP4331-Project/ScaryMaze/Saved/Collections/' took 0.02s
[2019.04.08-16.26.26:112][  0]LogFileCache: Scanning file cache for directory 'C:/Users/james/Desktop/Processes for OOS/COP4331-Project/ScaryMaze/Content/Developers/james/Collections/' took 0.00s
[2019.04.08-16.26.26:112][  0]LogFileCache: Scanning file cache for directory 'C:/Users/james/Desktop/Processes for OOS/COP4331-Project/ScaryMaze/Content/Collections/' took 0.02s
[2019.04.08-16.26.26:112][  0]LogCollectionManager: Rebuilt the GUID cache for 0 collections in 0.000000 seconds
[2019.04.08-16.26.26:127][  0]LogContentBrowser: Native class hierarchy populated in 0.0146 seconds. Added 2675 classes and 622 folders.
[2019.04.08-16.26.26:137][  0]LogContentBrowser: Native class hierarchy updated for 'WidgetCarousel' in 0.0006 seconds. Added 0 classes and 0 folders.
[2019.04.08-16.26.26:149][  0]LogPakFile: Registered encryption key '00000000000000000000000000000000': 0 pak files mounted, 0 remain pending
[2019.04.08-16.26.26:156][  0]LogPakFile: Registered encryption key '00000000000000000000000000000000': 0 pak files mounted, 0 remain pending
[2019.04.08-16.26.26:172][  0]LogPakFile: Registered encryption key '00000000000000000000000000000000': 0 pak files mounted, 0 remain pending
[2019.04.08-16.26.26:177][  0]LogPakFile: Registered encryption key '00000000000000000000000000000000': 0 pak files mounted, 0 remain pending
[2019.04.08-16.26.26:183][  0]LogPakFile: Registered encryption key '00000000000000000000000000000000': 0 pak files mounted, 0 remain pending
[2019.04.08-16.26.26:188][  0]LogPakFile: Registered encryption key '00000000000000000000000000000000': 0 pak files mounted, 0 remain pending
[2019.04.08-16.26.26:193][  0]LogPakFile: Registered encryption key '00000000000000000000000000000000': 0 pak files mounted, 0 remain pending
[2019.04.08-16.26.26:198][  0]LogPakFile: Registered encryption key '00000000000000000000000000000000': 0 pak files mounted, 0 remain pending
[2019.04.08-16.26.26:204][  0]LogPakFile: Registered encryption key '00000000000000000000000000000000': 0 pak files mounted, 0 remain pending
[2019.04.08-16.26.26:209][  0]LogPakFile: Registered encryption key '00000000000000000000000000000000': 0 pak files mounted, 0 remain pending
[2019.04.08-16.26.26:215][  0]LogPakFile: Registered encryption key '00000000000000000000000000000000': 0 pak files mounted, 0 remain pending
[2019.04.08-16.26.26:220][  0]LogPakFile: Registered encryption key '00000000000000000000000000000000': 0 pak files mounted, 0 remain pending
[2019.04.08-16.26.26:225][  0]LogPakFile: Registered encryption key '00000000000000000000000000000000': 0 pak files mounted, 0 remain pending
[2019.04.08-16.26.26:230][  0]LogPakFile: Registered encryption key '00000000000000000000000000000000': 0 pak files mounted, 0 remain pending
[2019.04.08-16.26.26:236][  0]LogPakFile: Registered encryption key '00000000000000000000000000000000': 0 pak files mounted, 0 remain pending
[2019.04.08-16.26.26:242][  0]LogPakFile: Registered encryption key '00000000000000000000000000000000': 0 pak files mounted, 0 remain pending
[2019.04.08-16.26.26:266][  0]LogPakFile: Registered encryption key '00000000000000000000000000000000': 0 pak files mounted, 0 remain pending
[2019.04.08-16.26.26:274][  0]LogPakFile: Registered encryption key '00000000000000000000000000000000': 0 pak files mounted, 0 remain pending
[2019.04.08-16.26.26:279][  0]LogPakFile: Registered encryption key '00000000000000000000000000000000': 0 pak files mounted, 0 remain pending
[2019.04.08-16.26.26:324][  0]LogPakFile: Registered encryption key '00000000000000000000000000000000': 0 pak files mounted, 0 remain pending
[2019.04.08-16.26.26:384][  0]LogPakFile: Registered encryption key '00000000000000000000000000000000': 0 pak files mounted, 0 remain pending
[2019.04.08-16.26.26:389][  0]LogPakFile: Registered encryption key '00000000000000000000000000000000': 0 pak files mounted, 0 remain pending
[2019.04.08-16.26.26:406][  0]LogPakFile: Registered encryption key '00000000000000000000000000000000': 0 pak files mounted, 0 remain pending
[2019.04.08-16.26.26:411][  0]LogPakFile: Registered encryption key '00000000000000000000000000000000': 0 pak files mounted, 0 remain pending
[2019.04.08-16.26.26:416][  0]LogPakFile: Registered encryption key '00000000000000000000000000000000': 0 pak files mounted, 0 remain pending
[2019.04.08-16.26.26:421][  0]LogPakFile: Registered encryption key '00000000000000000000000000000000': 0 pak files mounted, 0 remain pending
[2019.04.08-16.26.26:626][  0]LogContentBrowser: Native class hierarchy updated for 'AddContentDialog' in 0.0005 seconds. Added 0 classes and 0 folders.
[2019.04.08-16.26.26:636][  0]LogContentBrowser: Native class hierarchy updated for 'SceneOutliner' in 0.0007 seconds. Added 1 classes and 2 folders.
[2019.04.08-16.26.26:662][  0]LogSlate: Took 0.006524 seconds to synchronously load lazily loaded font '../../../Engine/Content/Slate/Fonts/Roboto-Regular.ttf' (155K)
[2019.04.08-16.26.26:670][  0]LogSlate: Took 0.004836 seconds to synchronously load lazily loaded font '../../../Engine/Content/Slate/Fonts/Roboto-Bold.ttf' (160K)
[2019.04.08-16.26.26:684][  0]LogSlate: Took 0.005146 seconds to synchronously load lazily loaded font '../../../Engine/Content/Editor/Slate/Fonts/FontAwesome.ttf' (139K)
[2019.04.08-16.26.26:839][  0]LogRenderer: Reallocating scene render targets to support 732x360 Format 9 NumSamples 1 (Frame:1).
[2019.04.08-16.26.26:914][  0]LogSlate: Took 0.006621 seconds to synchronously load lazily loaded font '../../../Engine/Content/Slate/Fonts/Roboto-Light.ttf' (167K)
[2019.04.08-16.26.27:163][  0]LogContentBrowser: Native class hierarchy updated for 'HierarchicalLODOutliner' in 0.0009 seconds. Added 0 classes and 0 folders.
[2019.04.08-16.26.27:163][  0]LogLoad: (Engine Initialization) Total time: 33.25 seconds
[2019.04.08-16.26.27:163][  0]LogLoad: (Engine Initialization) Total Blueprint compile time: 0.00 seconds
[2019.04.08-16.26.27:261][  0]LogContentStreaming: Texture pool size now 1000 MB
[2019.04.08-16.26.27:787][  4]LogAssetRegistry: Asset discovery search completed in 19.1380 seconds
[2019.04.08-16.26.27:789][  4]LogCollectionManager: Rebuilt the object cache for 0 collections in 0.000000 seconds (found 0 objects)
[2019.04.08-16.26.27:789][  4]LogCollectionManager: Fixed up redirectors for 0 collections in 0.000196 seconds (updated 0 objects)
[2019.04.08-16.26.42:134][855]LogSlate: FSceneViewport::OnFocusLost() reason 2
[2019.04.08-16.26.42:847][898]LogTemp: Repeating last play command: Selected Viewport
[2019.04.08-16.26.42:870][898]LogBlueprintUserMessages: Early PlayInEditor Detection: Level '/Game/MainMenuLevel.MainMenuLevel:PersistentLevel' has LevelScriptBlueprint '/Game/MainMenuLevel.MainMenuLevel:PersistentLevel.MainMenuLevel' with GeneratedClass '/Game/MainMenuLevel.MainMenuLevel_C' with ClassGeneratedBy '/Game/MainMenuLevel.MainMenuLevel:PersistentLevel.MainMenuLevel'
[2019.04.08-16.26.42:870][898]LogPlayLevel: PlayLevel: No blueprints needed recompiling
[2019.04.08-16.26.42:871][898]PIE: New page: PIE session: MainMenuLevel (Apr 8, 2019, 8:26:42 AM)
[2019.04.08-16.26.42:887][898]LogPlayLevel: Creating play world package: /Game/UEDPIE_0_MainMenuLevel
[2019.04.08-16.26.42:889][898]LogPlayLevel: PIE: StaticDuplicateObject took: (0.001792s)
[2019.04.08-16.26.42:890][898]LogAIModule: Creating AISystem for world MainMenuLevel
[2019.04.08-16.26.42:890][898]LogPlayLevel: PIE: World Init took: (0.001223s)
[2019.04.08-16.26.42:891][898]LogPlayLevel: PIE: Created PIE world by copying editor world from /Game/MainMenuLevel.MainMenuLevel to /Game/UEDPIE_0_MainMenuLevel.MainMenuLevel (0.004014s)
[2019.04.08-16.26.42:920][898]LogInit: XAudio2 using 'Speakers (Realtek High Definition Audio)' : 2 channels at 48 kHz using 16 bits per sample (channel mask 0x3)
[2019.04.08-16.26.42:949][898]LogInit: FAudioDevice initialized.
[2019.04.08-16.26.42:949][898]LogSlate: FSceneViewport::OnFocusLost() reason 2
[2019.04.08-16.26.43:004][898]LogLoad: Game class is 'GameModeBase'
[2019.04.08-16.26.43:006][898]LogWorld: Bringing World /Game/UEDPIE_0_MainMenuLevel.MainMenuLevel up for play (max tick rate 60) at 2019.04.08-12.26.43
[2019.04.08-16.26.43:007][898]LogWorld: Bringing up level for play took: 0.000882
[2019.04.08-16.26.43:030][898]LogContentBrowser: Native class hierarchy updated for 'MovieSceneCapture' in 0.0006 seconds. Added 20 classes and 0 folders.
[2019.04.08-16.26.43:034][898]PIE: Play in editor start time for /Game/UEDPIE_0_MainMenuLevel 0.441
[2019.04.08-16.26.43:034][898]LogBlueprintUserMessages: Late PlayInEditor Detection: Level '/Game/MainMenuLevel.MainMenuLevel:PersistentLevel' has LevelScriptBlueprint '/Game/MainMenuLevel.MainMenuLevel:PersistentLevel.MainMenuLevel' with GeneratedClass '/Game/MainMenuLevel.MainMenuLevel_C' with ClassGeneratedBy '/Game/MainMenuLevel.MainMenuLevel:PersistentLevel.MainMenuLevel'
[2019.04.08-16.26.43:798][942]LogNet: Browse: /Game/LevelOne
[2019.04.08-16.26.43:798][942]LogLoad: LoadMap: /Game/LevelOne
[2019.04.08-16.26.44:038][942]LogAIModule: Creating AISystem for world LevelOne
[2019.04.08-16.26.44:038][942]LogLoad: Game class is 'ScaryMazeGameMode'
[2019.04.08-16.26.44:045][942]LogWorld: Bringing World /Game/UEDPIE_0_LevelOne.LevelOne up for play (max tick rate 60) at 2019.04.08-12.26.44
[2019.04.08-16.26.44:045][942]LogWorld: Bringing up level for play took: 0.006278
[2019.04.08-16.26.44:164][942]LogSkinnedMeshComp: Warning: GetSocketByName(GripPoint): No SkeletalMesh for Component(CharacterMesh1P) Actor(ScaryMazeBaseCharacter_0)
[2019.04.08-16.26.44:164][942]LogSkinnedMeshComp: Warning: GetSocketByName(GripPoint): No SkeletalMesh for Component(CharacterMesh1P) Actor(ScaryMazeBaseCharacter_0)
[2019.04.08-16.26.44:165][942]LogLoad: Took 0.366452 seconds to LoadMap(/Game/LevelOne)
[2019.04.08-16.27.45:302][426]LogBlueprintUserMessages: Early EndPlayMap Detection: Level '/Game/MainMenuLevel.MainMenuLevel:PersistentLevel' has LevelScriptBlueprint '/Game/MainMenuLevel.MainMenuLevel:PersistentLevel.MainMenuLevel' with GeneratedClass '/Game/MainMenuLevel.MainMenuLevel_C' with ClassGeneratedBy '/Game/MainMenuLevel.MainMenuLevel:PersistentLevel.MainMenuLevel'
[2019.04.08-16.27.45:304][426]LogSlate: Updating window title bar state: overlay mode, drag disabled, window buttons hidden, title bar hidden
[2019.04.08-16.27.45:375][426]LogPlayLevel: Display: Shutting down PIE online subsystems
[2019.04.08-16.27.45:377][426]LogBlueprintUserMessages: Late EndPlayMap Detection: Level '/Game/MainMenuLevel.MainMenuLevel:PersistentLevel' has LevelScriptBlueprint '/Game/MainMenuLevel.MainMenuLevel:PersistentLevel.MainMenuLevel' with GeneratedClass '/Game/MainMenuLevel.MainMenuLevel_C' with ClassGeneratedBy '/Game/MainMenuLevel.MainMenuLevel:PersistentLevel.MainMenuLevel'
[2019.04.08-16.27.45:429][426]LogSlate: Updating window title bar state: overlay mode, drag disabled, window buttons hidden, title bar hidden
[2019.04.08-16.27.45:455][427]LogPlayLevel: Display: Destroying online subsystem :Context_2
[2019.04.08-16.27.46:829][509]LogSlate: FSceneViewport::OnFocusLost() reason 2
[2019.04.08-16.27.47:499][549]LogTemp: Repeating last play command: Selected Viewport
[2019.04.08-16.27.47:527][549]LogBlueprintUserMessages: Early PlayInEditor Detection: Level '/Game/MainMenuLevel.MainMenuLevel:PersistentLevel' has LevelScriptBlueprint '/Game/MainMenuLevel.MainMenuLevel:PersistentLevel.MainMenuLevel' with GeneratedClass '/Game/MainMenuLevel.MainMenuLevel_C' with ClassGeneratedBy '/Game/MainMenuLevel.MainMenuLevel:PersistentLevel.MainMenuLevel'
[2019.04.08-16.27.47:527][549]LogPlayLevel: PlayLevel: No blueprints needed recompiling
[2019.04.08-16.27.47:527][549]PIE: New page: PIE session: MainMenuLevel (Apr 8, 2019, 8:27:47 AM)
[2019.04.08-16.27.47:527][549]LogPlayLevel: Creating play world package: /Game/UEDPIE_0_MainMenuLevel
[2019.04.08-16.27.47:529][549]LogPlayLevel: PIE: StaticDuplicateObject took: (0.001613s)
[2019.04.08-16.27.47:530][549]LogAIModule: Creating AISystem for world MainMenuLevel
[2019.04.08-16.27.47:531][549]LogPlayLevel: PIE: World Init took: (0.001360s)
[2019.04.08-16.27.47:531][549]LogPlayLevel: PIE: Created PIE world by copying editor world from /Game/MainMenuLevel.MainMenuLevel to /Game/UEDPIE_0_MainMenuLevel.MainMenuLevel (0.003547s)
[2019.04.08-16.27.47:559][549]LogInit: XAudio2 using 'Speakers (Realtek High Definition Audio)' : 2 channels at 48 kHz using 16 bits per sample (channel mask 0x3)
[2019.04.08-16.27.47:582][549]LogInit: FAudioDevice initialized.
[2019.04.08-16.27.47:582][549]LogSlate: FSceneViewport::OnFocusLost() reason 2
[2019.04.08-16.27.47:624][549]LogLoad: Game class is 'GameModeBase'
[2019.04.08-16.27.47:626][549]LogWorld: Bringing World /Game/UEDPIE_0_MainMenuLevel.MainMenuLevel up for play (max tick rate 60) at 2019.04.08-12.27.47
[2019.04.08-16.27.47:626][549]LogWorld: Bringing up level for play took: 0.001265
[2019.04.08-16.27.47:643][549]PIE: Play in editor start time for /Game/UEDPIE_0_MainMenuLevel 1.051
[2019.04.08-16.27.47:644][549]LogBlueprintUserMessages: Late PlayInEditor Detection: Level '/Game/MainMenuLevel.MainMenuLevel:PersistentLevel' has LevelScriptBlueprint '/Game/MainMenuLevel.MainMenuLevel:PersistentLevel.MainMenuLevel' with GeneratedClass '/Game/MainMenuLevel.MainMenuLevel_C' with ClassGeneratedBy '/Game/MainMenuLevel.MainMenuLevel:PersistentLevel.MainMenuLevel'
[2019.04.08-16.27.48:405][593]LogNet: Browse: /Game/LevelOne
[2019.04.08-16.27.48:405][593]LogLoad: LoadMap: /Game/LevelOne
[2019.04.08-16.27.48:458][593]LogAIModule: Creating AISystem for world LevelOne
[2019.04.08-16.27.48:458][593]LogLoad: Game class is 'ScaryMazeGameMode'
[2019.04.08-16.27.48:464][593]LogWorld: Bringing World /Game/UEDPIE_0_LevelOne.LevelOne up for play (max tick rate 60) at 2019.04.08-12.27.48
[2019.04.08-16.27.48:464][593]LogWorld: Bringing up level for play took: 0.005158
[2019.04.08-16.27.48:584][593]LogSkinnedMeshComp: Warning: GetSocketByName(GripPoint): No SkeletalMesh for Component(CharacterMesh1P) Actor(ScaryMazeBaseCharacter_0)
[2019.04.08-16.27.48:584][593]LogSkinnedMeshComp: Warning: GetSocketByName(GripPoint): No SkeletalMesh for Component(CharacterMesh1P) Actor(ScaryMazeBaseCharacter_0)
[2019.04.08-16.27.48:584][593]LogLoad: Took 0.178421 seconds to LoadMap(/Game/LevelOne)
[2019.04.08-16.28.35:687][274]LogNet: Browse: /Game/LevelComplete
[2019.04.08-16.28.35:693][274]LogLoad: LoadMap: /Game/LevelComplete
[2019.04.08-16.28.35:808][274]LogAIModule: Creating AISystem for world LevelComplete
[2019.04.08-16.28.35:809][274]LogLoad: Game class is 'GameModeBase'
[2019.04.08-16.28.35:810][274]LogWorld: Bringing World /Game/UEDPIE_0_LevelComplete.LevelComplete up for play (max tick rate 60) at 2019.04.08-12.28.35
[2019.04.08-16.28.35:811][274]LogWorld: Bringing up level for play took: 0.000978
[2019.04.08-16.28.35:811][274]LogGameMode: FindPlayerStart: PATHS NOT DEFINED or NO PLAYERSTART with positive rating
[2019.04.08-16.28.35:815][274]LogLoad: Took 0.121470 seconds to LoadMap(/Game/LevelComplete)
[2019.04.08-16.28.43:625][738]LogBlueprintUserMessages: Early EndPlayMap Detection: Level '/Game/MainMenuLevel.MainMenuLevel:PersistentLevel' has LevelScriptBlueprint '/Game/MainMenuLevel.MainMenuLevel:PersistentLevel.MainMenuLevel' with GeneratedClass '/Game/MainMenuLevel.MainMenuLevel_C' with ClassGeneratedBy '/Game/MainMenuLevel.MainMenuLevel:PersistentLevel.MainMenuLevel'
[2019.04.08-16.28.43:626][738]LogSlate: Updating window title bar state: overlay mode, drag disabled, window buttons hidden, title bar hidden
[2019.04.08-16.28.43:665][738]LogPlayLevel: Display: Shutting down PIE online subsystems
[2019.04.08-16.28.43:666][738]LogBlueprintUserMessages: Late EndPlayMap Detection: Level '/Game/MainMenuLevel.MainMenuLevel:PersistentLevel' has LevelScriptBlueprint '/Game/MainMenuLevel.MainMenuLevel:PersistentLevel.MainMenuLevel' with GeneratedClass '/Game/MainMenuLevel.MainMenuLevel_C' with ClassGeneratedBy '/Game/MainMenuLevel.MainMenuLevel:PersistentLevel.MainMenuLevel'
[2019.04.08-16.28.43:689][738]LogSlate: Updating window title bar state: overlay mode, drag disabled, window buttons hidden, title bar hidden
[2019.04.08-16.28.43:749][741]LogPlayLevel: Display: Destroying online subsystem :Context_3
[2019.04.08-16.28.52:297][235]LogSlate: FSceneViewport::OnFocusLost() reason 2
[2019.04.08-16.28.53:248][290]LogSlate: FSceneViewport::OnFocusLost() reason 2
[2019.04.08-16.28.57:530][535]Cmd: MAP LOAD FILE="../../../../../../Users/james/Desktop/Processes for OOS/COP4331-Project/ScaryMaze/Content/LevelOne.umap" TEMPLATE=0 SHOWPROGRESS=1 FEATURELEVEL=3
[2019.04.08-16.28.57:533][535]LogSlate: Took 0.000270 seconds to synchronously load lazily loaded font '../../../Engine/Content/Slate/Fonts/Roboto-Light.ttf' (167K)
[2019.04.08-16.28.57:557][535]LightingResults: New page: Lighting Build
[2019.04.08-16.28.57:561][535]LoadErrors: New page: Loading map: LevelOne.umap
[2019.04.08-16.28.57:564][535]MapCheck: New page: Map Check
[2019.04.08-16.28.57:564][535]LightingResults: New page: Lighting Build
[2019.04.08-16.28.57:644][535]LogAIModule: Creating AISystem for world LevelOne
[2019.04.08-16.28.57:659][535]LogEditorServer: Finished looking for orphan Actors (0.000 secs)
[2019.04.08-16.28.57:738][535]Cmd: MAP CHECKDEP NOCLEARLOG
[2019.04.08-16.28.57:739][535]MapCheck: Map check complete: 0 Error(s), 0 Warning(s), took 0.317ms to complete.
[2019.04.08-16.28.57:739][535]LogFileHelpers: Loading map 'LevelOne' took 0.210
[2019.04.08-16.28.57:742][535]LogSlate: Window 'Open Level' being destroyed
[2019.04.08-16.29.08:427][153]LogSlate: FSceneViewport::OnFocusLost() reason 0
[2019.04.08-16.29.11:662][326]LogAssetEditorManager: Opening Asset editor for SoundCue /Game/StarterContent/Audio/Wind_Cue.Wind_Cue
[2019.04.08-16.29.12:420][326]LogSlate: Took 0.019694 seconds to synchronously load lazily loaded font '../../../Engine/Content/Slate/Fonts/Roboto-BoldCondensed.ttf' (158K)
[2019.04.08-16.29.23:983][949]LogSavePackage: Moving '../../../../../../Users/james/Desktop/Processes for OOS/COP4331-Project/ScaryMaze/Saved/Wind_Cue36ECCF494A5F104295BF67BB56491466.tmp' to '../../../../../../Users/james/Desktop/Processes for OOS/COP4331-Project/ScaryMaze/Content/StarterContent/Audio/Wind_Cue.uasset'
[2019.04.08-16.29.25:498][ 33]LogSlate: FSceneViewport::OnFocusLost() reason 0
[2019.04.08-16.29.25:587][ 37]LogSlate: Window 'Wind_Cue' being destroyed
[2019.04.08-16.29.25:592][ 37]LogSlate: Window 'Wind_Cue' being destroyed
[2019.04.08-16.29.26:957][109]LogSlate: FSceneViewport::OnFocusLost() reason 2
[2019.04.08-16.29.29:078][233]LogTemp: Repeating last play command: Selected Viewport
[2019.04.08-16.29.29:104][233]LogBlueprintUserMessages: Early PlayInEditor Detection: Level '/Game/LevelOne.LevelOne:PersistentLevel' has LevelScriptBlueprint '/Game/LevelOne.LevelOne:PersistentLevel.LevelOne' with GeneratedClass '/Game/LevelOne.LevelOne_C' with ClassGeneratedBy '/Game/LevelOne.LevelOne:PersistentLevel.LevelOne'
[2019.04.08-16.29.29:104][233]LogPlayLevel: PlayLevel: No blueprints needed recompiling
[2019.04.08-16.29.29:104][233]PIE: New page: PIE session: LevelOne (Apr 8, 2019, 8:29:29 AM)
[2019.04.08-16.29.29:104][233]LogPlayLevel: Creating play world package: /Game/UEDPIE_0_LevelOne
[2019.04.08-16.29.29:118][233]LogPlayLevel: PIE: StaticDuplicateObject took: (0.014405s)
[2019.04.08-16.29.29:119][233]LogAIModule: Creating AISystem for world LevelOne
[2019.04.08-16.29.29:120][233]LogPlayLevel: PIE: World Init took: (0.001160s)
[2019.04.08-16.29.29:120][233]LogPlayLevel: PIE: Created PIE world by copying editor world from /Game/LevelOne.LevelOne to /Game/UEDPIE_0_LevelOne.LevelOne (0.016594s)
[2019.04.08-16.29.29:147][233]LogInit: XAudio2 using 'Speakers (Realtek High Definition Audio)' : 2 channels at 48 kHz using 16 bits per sample (channel mask 0x3)
[2019.04.08-16.29.29:168][233]LogInit: FAudioDevice initialized.
[2019.04.08-16.29.29:206][233]LogLoad: Game class is 'ScaryMazeGameMode'
[2019.04.08-16.29.29:210][233]LogWorld: Bringing World /Game/UEDPIE_0_LevelOne.LevelOne up for play (max tick rate 60) at 2019.04.08-12.29.29
[2019.04.08-16.29.29:211][233]LogWorld: Bringing up level for play took: 0.004199
[2019.04.08-16.29.29:367][233]LogSkinnedMeshComp: Warning: GetSocketByName(GripPoint): No SkeletalMesh for Component(CharacterMesh1P) Actor(ScaryMazeBaseCharacter_0)
[2019.04.08-16.29.29:367][233]LogSkinnedMeshComp: Warning: GetSocketByName(GripPoint): No SkeletalMesh for Component(CharacterMesh1P) Actor(ScaryMazeBaseCharacter_0)
[2019.04.08-16.29.29:367][233]PIE: Play in editor start time for /Game/UEDPIE_0_LevelOne 0.774
[2019.04.08-16.29.29:368][233]LogBlueprintUserMessages: Late PlayInEditor Detection: Level '/Game/LevelOne.LevelOne:PersistentLevel' has LevelScriptBlueprint '/Game/LevelOne.LevelOne:PersistentLevel.LevelOne' with GeneratedClass '/Game/LevelOne.LevelOne_C' with ClassGeneratedBy '/Game/LevelOne.LevelOne:PersistentLevel.LevelOne'
[2019.04.08-16.29.34:187][495]LogBlueprintUserMessages: Early EndPlayMap Detection: Level '/Game/LevelOne.LevelOne:PersistentLevel' has LevelScriptBlueprint '/Game/LevelOne.LevelOne:PersistentLevel.LevelOne' with GeneratedClass '/Game/LevelOne.LevelOne_C' with ClassGeneratedBy '/Game/LevelOne.LevelOne:PersistentLevel.LevelOne'
[2019.04.08-16.29.34:188][495]LogSlate: Updating window title bar state: overlay mode, drag disabled, window buttons hidden, title bar hidden
[2019.04.08-16.29.34:262][495]LogPlayLevel: Display: Shutting down PIE online subsystems
[2019.04.08-16.29.34:262][495]LogBlueprintUserMessages: Late EndPlayMap Detection: Level '/Game/LevelOne.LevelOne:PersistentLevel' has LevelScriptBlueprint '/Game/LevelOne.LevelOne:PersistentLevel.LevelOne' with GeneratedClass '/Game/LevelOne.LevelOne_C' with ClassGeneratedBy '/Game/LevelOne.LevelOne:PersistentLevel.LevelOne'
[2019.04.08-16.29.34:292][495]LogSlate: Updating window title bar state: overlay mode, drag disabled, window buttons hidden, title bar hidden
[2019.04.08-16.29.34:312][496]LogPlayLevel: Display: Destroying online subsystem :Context_4
[2019.04.08-16.29.48:337][313]LogAssetEditorManager: Opening Asset editor for SoundCue /Game/StarterContent/Audio/Wind_Cue.Wind_Cue
[2019.04.08-16.30.00:147][995]LogSavePackage: Moving '../../../../../../Users/james/Desktop/Processes for OOS/COP4331-Project/ScaryMaze/Saved/Wind_CueE5CE4C1C42D5035CD0B816A5F1FA4ECD.tmp' to '../../../../../../Users/james/Desktop/Processes for OOS/COP4331-Project/ScaryMaze/Content/StarterContent/Audio/Wind_Cue.uasset'
[2019.04.08-16.30.10:736][623]LogSlate: Window 'Wind_Cue' being destroyed
[2019.04.08-16.30.10:740][623]LogSlate: Window 'Wind_Cue' being destroyed
[2019.04.08-16.30.12:730][741]LogTemp: Repeating last play command: Selected Viewport
[2019.04.08-16.30.12:756][741]LogBlueprintUserMessages: Early PlayInEditor Detection: Level '/Game/LevelOne.LevelOne:PersistentLevel' has LevelScriptBlueprint '/Game/LevelOne.LevelOne:PersistentLevel.LevelOne' with GeneratedClass '/Game/LevelOne.LevelOne_C' with ClassGeneratedBy '/Game/LevelOne.LevelOne:PersistentLevel.LevelOne'
[2019.04.08-16.30.12:756][741]LogPlayLevel: PlayLevel: No blueprints needed recompiling
[2019.04.08-16.30.12:756][741]PIE: New page: PIE session: LevelOne (Apr 8, 2019, 8:30:12 AM)
[2019.04.08-16.30.12:756][741]LogPlayLevel: Creating play world package: /Game/UEDPIE_0_LevelOne
[2019.04.08-16.30.12:771][741]LogPlayLevel: PIE: StaticDuplicateObject took: (0.014715s)
[2019.04.08-16.30.12:772][741]LogAIModule: Creating AISystem for world LevelOne
[2019.04.08-16.30.12:773][741]LogPlayLevel: PIE: World Init took: (0.001286s)
[2019.04.08-16.30.12:773][741]LogPlayLevel: PIE: Created PIE world by copying editor world from /Game/LevelOne.LevelOne to /Game/UEDPIE_0_LevelOne.LevelOne (0.016882s)
[2019.04.08-16.30.12:800][741]LogInit: XAudio2 using 'Speakers (Realtek High Definition Audio)' : 2 channels at 48 kHz using 16 bits per sample (channel mask 0x3)
[2019.04.08-16.30.12:821][741]LogInit: FAudioDevice initialized.
[2019.04.08-16.30.12:866][741]LogLoad: Game class is 'ScaryMazeGameMode'
[2019.04.08-16.30.12:870][741]LogWorld: Bringing World /Game/UEDPIE_0_LevelOne.LevelOne up for play (max tick rate 60) at 2019.04.08-12.30.12
[2019.04.08-16.30.12:871][741]LogWorld: Bringing up level for play took: 0.003896
[2019.04.08-16.30.13:031][741]LogSkinnedMeshComp: Warning: GetSocketByName(GripPoint): No SkeletalMesh for Component(CharacterMesh1P) Actor(ScaryMazeBaseCharacter_0)
[2019.04.08-16.30.13:031][741]LogSkinnedMeshComp: Warning: GetSocketByName(GripPoint): No SkeletalMesh for Component(CharacterMesh1P) Actor(ScaryMazeBaseCharacter_0)
[2019.04.08-16.30.13:032][741]PIE: Play in editor start time for /Game/UEDPIE_0_LevelOne 0.439
[2019.04.08-16.30.13:032][741]LogBlueprintUserMessages: Late PlayInEditor Detection: Level '/Game/LevelOne.LevelOne:PersistentLevel' has LevelScriptBlueprint '/Game/LevelOne.LevelOne:PersistentLevel.LevelOne' with GeneratedClass '/Game/LevelOne.LevelOne_C' with ClassGeneratedBy '/Game/LevelOne.LevelOne:PersistentLevel.LevelOne'
[2019.04.08-16.30.20:617][163]LogBlueprintUserMessages: Early EndPlayMap Detection: Level '/Game/LevelOne.LevelOne:PersistentLevel' has LevelScriptBlueprint '/Game/LevelOne.LevelOne:PersistentLevel.LevelOne' with GeneratedClass '/Game/LevelOne.LevelOne_C' with ClassGeneratedBy '/Game/LevelOne.LevelOne:PersistentLevel.LevelOne'
[2019.04.08-16.30.20:618][163]LogSlate: Updating window title bar state: overlay mode, drag disabled, window buttons hidden, title bar hidden
[2019.04.08-16.30.20:686][163]LogPlayLevel: Display: Shutting down PIE online subsystems
[2019.04.08-16.30.20:687][163]LogBlueprintUserMessages: Late EndPlayMap Detection: Level '/Game/LevelOne.LevelOne:PersistentLevel' has LevelScriptBlueprint '/Game/LevelOne.LevelOne:PersistentLevel.LevelOne' with GeneratedClass '/Game/LevelOne.LevelOne_C' with ClassGeneratedBy '/Game/LevelOne.LevelOne:PersistentLevel.LevelOne'
[2019.04.08-16.30.20:724][163]LogSlate: Updating window title bar state: overlay mode, drag disabled, window buttons hidden, title bar hidden
[2019.04.08-16.30.20:753][164]LogPlayLevel: Display: Destroying online subsystem :Context_5
[2019.04.08-16.30.22:082][241]LogSlate: FSceneViewport::OnFocusLost() reason 0
[2019.04.08-16.30.22:186][246]Cmd: OBJ SAVEPACKAGE PACKAGE="/Game/LevelOne" FILE="../../../../../../Users/james/Desktop/Processes for OOS/COP4331-Project/ScaryMaze/Content/LevelOne.umap" SILENT=true AUTOSAVING=false KEEPDIRTY=false
[2019.04.08-16.30.22:464][246]LogSavePackage: Moving '../../../../../../Users/james/Desktop/Processes for OOS/COP4331-Project/ScaryMaze/Saved/LevelOneC9A4EA654E4E3DDFAB989D84C7C75CA8.tmp' to '../../../../../../Users/james/Desktop/Processes for OOS/COP4331-Project/ScaryMaze/Content/LevelOne.umap'
[2019.04.08-16.30.25:372][403]Cmd: MAP LOAD FILE="../../../../../../Users/james/Desktop/Processes for OOS/COP4331-Project/ScaryMaze/Content/MainMenuLevel.umap" TEMPLATE=0 SHOWPROGRESS=1 FEATURELEVEL=3
[2019.04.08-16.30.25:397][403]LightingResults: New page: Lighting Build
[2019.04.08-16.30.25:398][403]LoadErrors: New page: Loading map: MainMenuLevel.umap
[2019.04.08-16.30.25:399][403]MapCheck: New page: Map Check
[2019.04.08-16.30.25:399][403]LightingResults: New page: Lighting Build
[2019.04.08-16.30.25:460][403]LogAIModule: Creating AISystem for world MainMenuLevel
[2019.04.08-16.30.25:466][403]LogEditorServer: Finished looking for orphan Actors (0.000 secs)
[2019.04.08-16.30.25:549][403]Cmd: MAP CHECKDEP NOCLEARLOG
[2019.04.08-16.30.25:550][403]MapCheck: Map check complete: 0 Error(s), 0 Warning(s), took 0.348ms to complete.
[2019.04.08-16.30.25:551][403]LogFileHelpers: Loading map 'MainMenuLevel' took 0.179
[2019.04.08-16.30.25:554][403]LogSlate: Window 'Open Level' being destroyed
[2019.04.08-16.30.38:367][515]LogHttp: Warning: 000001FF98897240: request failed, libcurl error: 6 (Couldn't resolve host name)
[2019.04.08-16.30.38:367][515]LogHttp: Warning: 000001FF98897240: libcurl info message cache 0 (Connection 0 seems to be dead!)
[2019.04.08-16.30.38:367][515]LogHttp: Warning: 000001FF98897240: libcurl info message cache 1 (Closing connection 0)
[2019.04.08-16.30.38:368][515]LogHttp: Warning: 000001FF98897240: libcurl info message cache 2 (TLSv1.2 (OUT), TLS alert, Client hello (1):)
[2019.04.08-16.30.38:368][515]LogHttp: Warning: 000001FF98897240: libcurl info message cache 3 (Could not resolve host: datarouter.ol.epicgames.com)
[2019.04.08-16.30.38:368][515]LogHttp: Warning: 000001FF98897240: libcurl info message cache 4 (Closing connection 1)
[2019.04.08-16.30.38:700][516]LogHttp: Warning: Retry exhausted on https://datarouter.ol.epicgames.com/datarouter/api/v1/public/data?SessionID=%7B7DC98959-4F38-6934-3976-6C8E6EBEFCF5%7D&AppID=UEEditor.Rocket.Release&AppVersion=4.21.2-4753647%2B%2B%2BUE4%2BRelease-4.21&UserID=ef1351464ecd6da1ec8cad9f92cf0fc4%7C29239fdcda3245059010fcf3993924f0%7Cfffb1d74-d26c-4892-9d78-db39a79cbb39&AppEnvironment=datacollector-binary&UploadType=eteventstream
[2019.04.08-16.38.53:228][376]Cmd: MAP LOAD FILE="../../../../../../Users/james/Desktop/Processes for OOS/COP4331-Project/ScaryMaze/Content/LevelOne.umap" TEMPLATE=0 SHOWPROGRESS=1 FEATURELEVEL=3
[2019.04.08-16.38.53:245][376]LightingResults: New page: Lighting Build
[2019.04.08-16.38.53:246][376]LoadErrors: New page: Loading map: LevelOne.umap
[2019.04.08-16.38.53:247][376]MapCheck: New page: Map Check
[2019.04.08-16.38.53:247][376]LightingResults: New page: Lighting Build
[2019.04.08-16.38.53:314][376]LogAIModule: Creating AISystem for world LevelOne
[2019.04.08-16.38.53:326][376]LogEditorServer: Finished looking for orphan Actors (0.000 secs)
[2019.04.08-16.38.53:417][376]Cmd: MAP CHECKDEP NOCLEARLOG
[2019.04.08-16.38.53:418][376]MapCheck: Map check complete: 0 Error(s), 0 Warning(s), took 0.305ms to complete.
[2019.04.08-16.38.53:418][376]LogFileHelpers: Loading map 'LevelOne' took 0.190
[2019.04.08-16.38.53:421][376]LogSlate: Window 'Open Level' being destroyed
[2019.04.08-16.42.45:112][365]LogAssetEditorManager: Opening Asset editor for WidgetBlueprint /Game/MainMenu/GameplayHUD.GameplayHUD
[2019.04.08-16.42.46:783][365]LogContentBrowser: Native class hierarchy updated for 'BlueprintGraph' in 0.0011 seconds. Added 117 classes and 0 folders.
[2019.04.08-16.44.01:072][861]LogSlate: Took 0.089120 seconds to synchronously load lazily loaded font '../../../Engine/Content/Slate/Fonts/DroidSansFallback.ttf' (3848K)
[2019.04.08-16.45.08:246][475]LogSlate: Window 'Color Picker' being destroyed
[2019.04.08-16.46.46:066][581]LogEditorTransaction: Undo Animatable Property Changed
[2019.04.08-16.46.48:693][696]LogEditorTransaction: Undo Animatable Property Changed
[2019.04.08-16.46.50:482][782]LogEditorTransaction: Undo Animatable Property Changed
[2019.04.08-16.46.50:965][804]LogEditorTransaction: Undo Animatable Property Changed
[2019.04.08-16.46.51:400][824]LogEditorTransaction: Undo Move Widget
[2019.04.08-16.46.52:680][880]LogEditorTransaction: Undo Move Anchor
[2019.04.08-16.46.53:460][914]LogEditorTransaction: Undo Edit Vertical Alignment
[2019.04.08-16.50.35:553][794]LogFileHelpers: Editor autosave (incl. sublevels) for '/Game/LevelOne' took 0.111
[2019.04.08-16.50.35:587][794]OBJ SavePackage: Generating thumbnails for [0] asset(s) in package [/Game/MainMenu/GameplayHUD] ([1] browsable assets)...
[2019.04.08-16.50.35:587][794]OBJ SavePackage: Finished generating thumbnails for package [/Game/MainMenu/GameplayHUD]
[2019.04.08-16.50.35:624][794]LogSavePackage: Moving '../../../../../../Users/james/Desktop/Processes for OOS/COP4331-Project/ScaryMaze/Saved/GameplayHUD_Auto1D887D26041EF4E404A1E4791EA08AE3F.tmp' to '../../../../../../Users/james/Desktop/Processes for OOS/COP4331-Project/ScaryMaze/Saved/Autosaves/Game/MainMenu/GameplayHUD_Auto1.uasset'
[2019.04.08-16.50.35:628][794]LogFileHelpers: Auto-saving content packages took 0.074
[2019.04.08-16.54.46:544][261]Cmd: OBJ SAVEPACKAGE PACKAGE="/Game/MainMenu/GameplayHUD" FILE="../../../../../../Users/james/Desktop/Processes for OOS/COP4331-Project/ScaryMaze/Content/MainMenu/GameplayHUD.uasset" SILENT=true
[2019.04.08-16.54.46:619][261]LogSavePackage: Moving '../../../../../../Users/james/Desktop/Processes for OOS/COP4331-Project/ScaryMaze/Saved/GameplayHUDFCC7048642A1AFF108BAB6BCF0295442.tmp' to '../../../../../../Users/james/Desktop/Processes for OOS/COP4331-Project/ScaryMaze/Content/MainMenu/GameplayHUD.uasset'
[2019.04.08-16.54.48:975][398]BlueprintLog: New page: Compile GameplayHUD
[2019.04.08-16.54.49:014][398]LogBlueprint: Error: [Compiler GameplayHUD] The type of  Object  is undetermined.  Connect something to  Cast To ScaryMazeBaseCharacter  to imply a specific type.
[2019.04.08-16.54.49:015][398]LogBlueprint: Error: [Compiler GameplayHUD] The current value of the ' Object ' pin is invalid: Unsupported type Object Wildcard on pin Object
[2019.04.08-16.54.49:111][398]LogBlueprint: Warning: [Compiler GameplayHUD] [1735.20] Compile of GameplayHUD failed. 2 Fatal Issue(s) 0 Warning(s) [in 136 ms] (/Game/MainMenu/GameplayHUD.GameplayHUD)
[2019.04.08-16.54.51:216][515]LogSlate: Window 'GameplayHUD' being destroyed
[2019.04.08-16.54.51:226][515]LogSlate: Window 'GameplayHUD' being destroyed
