Log file open, 03/25/19 13:00:17
LogWindows: Failed to load 'aqProf.dll' (GetLastError=126)
LogWindows: File 'aqProf.dll' does not exist
LogWindows: Failed to load 'VtuneApi.dll' (GetLastError=126)
LogWindows: File 'VtuneApi.dll' does not exist
LogWindows: Failed to load 'VtuneApi32e.dll' (GetLastError=126)
LogWindows: File 'VtuneApi32e.dll' does not exist
LogConsoleResponse: Display: Failed to find resolution value strings in scalability ini. Falling back to default.
LogInit: Display: Running engine for game: ScaryMaze
LogPakFile: Registered encryption key '00000000000000000000000000000000': 0 pak files mounted, 0 remain pending
LogPlatformFile: Not using cached read wrapper
LogTaskGraph: Started task graph with 5 named threads and 11 total threads with 3 sets of task threads.
LogStats: Stats thread started at 0.310836
LogD3D11RHI: Loaded GFSDK_Aftermath_Lib.x64.dll
LogICUInternationalization: ICU TimeZone Detection - Raw Offset: -5:00, Platform Override: ''
LogPluginManager: Mounting plugin Paper2D
LogPluginManager: Mounting plugin AISupport
LogPluginManager: Mounting plugin LightPropagationVolume
LogPluginManager: Mounting plugin ActorLayerUtilities
LogPluginManager: Mounting plugin CLionSourceCodeAccess
LogPluginManager: Mounting plugin CodeLiteSourceCodeAccess
LogPluginManager: Mounting plugin GitSourceControl
LogPluginManager: Mounting plugin KDevelopSourceCodeAccess
LogPluginManager: Mounting plugin NullSourceCodeAccess
LogPluginManager: Mounting plugin PerforceSourceControl
LogPluginManager: Mounting plugin SubversionSourceControl
LogPluginManager: Mounting plugin UObjectPlugin
LogPluginManager: Mounting plugin VisualStudioCodeSourceCodeAccess
LogPluginManager: Mounting plugin VisualStudioSourceCodeAccess
LogPluginManager: Mounting plugin XCodeSourceCodeAccess
LogPluginManager: Mounting plugin AssetManagerEditor
LogPluginManager: Mounting plugin CryptoKeys
LogPluginManager: Mounting plugin DataValidation
LogPluginManager: Mounting plugin FacialAnimation
LogPluginManager: Mounting plugin GameplayTagsEditor
LogPluginManager: Mounting plugin MacGraphicsSwitching
LogPluginManager: Mounting plugin MeshEditor
LogPluginManager: Mounting plugin MobileLauncherProfileWizard
LogPluginManager: Mounting plugin PluginBrowser
LogPluginManager: Mounting plugin SpeedTreeImporter
LogPluginManager: Mounting plugin DatasmithContent
LogPluginManager: Mounting plugin VariantManagerContent
LogPluginManager: Mounting plugin AlembicImporter
LogPluginManager: Mounting plugin AppleImageUtils
LogPluginManager: Mounting plugin AppleVision
LogPluginManager: Mounting plugin BackChannel
LogPluginManager: Mounting plugin CharacterAI
LogPluginManager: Mounting plugin GeometryCache
LogPluginManager: Mounting plugin HTML5Networking
LogPluginManager: Mounting plugin ProxyLODPlugin
LogPluginManager: Mounting plugin MagicLeap
LogPluginManager: Mounting plugin MagicLeapMedia
LogPluginManager: Mounting plugin AndroidMedia
LogPluginManager: Mounting plugin AvfMedia
LogPluginManager: Mounting plugin ImgMedia
LogPluginManager: Mounting plugin LinearTimecode
LogPluginManager: Mounting plugin MediaCompositing
LogPluginManager: Mounting plugin MediaPlayerEditor
LogPluginManager: Mounting plugin WebMMedia
LogPluginManager: Mounting plugin WmfMedia
LogPluginManager: Mounting plugin TcpMessaging
LogPluginManager: Mounting plugin UdpMessaging
LogPluginManager: Mounting plugin ActorSequence
LogPluginManager: Mounting plugin LevelSequenceEditor
LogPluginManager: Mounting plugin MatineeToLevelSequence
LogPluginManager: Mounting plugin NetcodeUnitTest
LogPluginManager: Mounting plugin NUTUnrealEngine4
LogPluginManager: Mounting plugin OnlineSubsystemGooglePlay
LogPluginManager: Mounting plugin OnlineSubsystemIOS
LogPluginManager: Mounting plugin OnlineSubsystem
LogPluginManager: Mounting plugin OnlineSubsystemNull
LogPluginManager: Mounting plugin OnlineSubsystemUtils
LogPluginManager: Mounting plugin LauncherChunkInstaller
LogPluginManager: Mounting plugin AndroidDeviceProfileSelector
LogPluginManager: Mounting plugin AndroidMoviePlayer
LogPluginManager: Mounting plugin AndroidPermission
LogPluginManager: Mounting plugin AppleMoviePlayer
LogPluginManager: Mounting plugin ArchVisCharacter
LogPluginManager: Mounting plugin AudioCapture
LogPluginManager: Mounting plugin CableComponent
LogPluginManager: Mounting plugin CustomMeshComponent
LogPluginManager: Mounting plugin EditableMesh
LogPluginManager: Mounting plugin ExampleDeviceProfileSelector
LogPluginManager: Mounting plugin Firebase
LogPluginManager: Mounting plugin GoogleCloudMessaging
LogPluginManager: Mounting plugin IOSDeviceProfileSelector
LogPluginManager: Mounting plugin LinuxDeviceProfileSelector
LogPluginManager: Mounting plugin LocationServicesBPLibrary
LogPluginManager: Mounting plugin MobilePatchingUtils
LogPluginManager: Mounting plugin OculusVR
LogPluginManager: Mounting plugin PhysXVehicles
LogPluginManager: Mounting plugin ProceduralMeshComponent
LogPluginManager: Mounting plugin RuntimePhysXCooking
LogPluginManager: Mounting plugin SteamVR
LogPluginManager: Mounting plugin WebMMoviePlayer
LogPluginManager: Mounting plugin WindowsMoviePlayer
LogStreaming: Display: Took  0.417s to configure plugins.
LogInit: Using libcurl 7.55.1-DEV
LogInit:  - built for x86_64-pc-win32
LogInit:  - supports SSL with OpenSSL/1.0.2h
LogInit:  - supports HTTP deflate (compression) using libz 1.2.8
LogInit:  - other features:
LogInit:      CURL_VERSION_SSL
LogInit:      CURL_VERSION_LIBZ
LogInit:      CURL_VERSION_IPV6
LogInit:      CURL_VERSION_ASYNCHDNS
LogInit:      CURL_VERSION_LARGEFILE
LogInit:      CURL_VERSION_IDN
LogInit:  CurlRequestOptions (configurable via config and command line):
LogInit:  - bVerifyPeer = true  - Libcurl will verify peer certificate
LogInit:  - bUseHttpProxy = false  - Libcurl will NOT use HTTP proxy
LogInit:  - bDontReuseConnections = false  - Libcurl will reuse connections
LogInit:  - MaxHostConnections = 16  - Libcurl will limit the number of connections to a host
LogInit:  - LocalHostAddr = Default
LogInit:  - BufferSize = 65536
LogInit: WinSock: version 1.1 (2.2), MaxSocks=32767, MaxUdp=65467
LogInit: Build: ++UE4+Release-4.21-CL-4753647
LogInit: Engine Version: 4.21.2-4753647+++UE4+Release-4.21
LogInit: Compatible Engine Version: 4.21.0-4541578+++UE4+Release-4.21
LogInit: Net CL: 4541578
LogInit: OS: Windows 10 (), CPU: Intel(R) Core(TM) i5-7200U CPU @ 2.50GHz, GPU: Intel(R) HD Graphics 620
LogInit: Compiled (64-bit): Jan 19 2019 02:07:31
LogInit: Compiled with Visual C++: 19.13.26129.00
LogInit: Build Configuration: Development
LogInit: Branch Name: ++UE4+Release-4.21
LogInit: Command Line:  -skipcompile
LogInit: Base Directory: C:/Program Files/Epic Games/UE_4.21/Engine/Binaries/Win64/
LogInit: Installed Engine Build: 1
LogDevObjectVersion: Number of dev versions registered: 22
LogDevObjectVersion:   Dev-Blueprints (B0D832E4-1F89-4F0D-ACCF-7EB736FD4AA2): 10
LogDevObjectVersion:   Dev-Build (E1C64328-A22C-4D53-A36C-8E866417BD8C): 0
LogDevObjectVersion:   Dev-Core (375EC13C-06E4-48FB-B500-84F0262A717E): 2
LogDevObjectVersion:   Dev-Editor (E4B068ED-F494-42E9-A231-DA0B2E46BB41): 26
LogDevObjectVersion:   Dev-Framework (CFFC743F-43B0-4480-9391-14DF171D2073): 34
LogDevObjectVersion:   Dev-Mobile (B02B49B5-BB20-44E9-A304-32B752E40360): 2
LogDevObjectVersion:   Dev-Networking (A4E4105C-59A1-49B5-A7C5-40C4547EDFEE): 0
LogDevObjectVersion:   Dev-Online (39C831C9-5AE6-47DC-9A44-9C173E1C8E7C): 0
LogDevObjectVersion:   Dev-Physics (78F01B33-EBEA-4F98-B9B4-84EACCB95AA2): 0
LogDevObjectVersion:   Dev-Platform (6631380F-2D4D-43E0-8009-CF276956A95A): 0
LogDevObjectVersion:   Dev-Rendering (12F88B9F-8875-4AFC-A67C-D90C383ABD29): 27
LogDevObjectVersion:   Dev-Sequencer (7B5AE74C-D270-4C10-A958-57980B212A5A): 9
LogDevObjectVersion:   Dev-VR (D7296918-1DD6-4BDD-9DE2-64A83CC13884): 2
LogDevObjectVersion:   Dev-LoadTimes (C2A15278-BFE7-4AFE-6C17-90FF531DF755): 1
LogDevObjectVersion:   Private-Geometry (6EACA3D4-40EC-4CC1-B786-8BED09428FC5): 3
LogDevObjectVersion:   Dev-AnimPhys (29E575DD-E0A3-4627-9D10-D276232CDCEA): 17
LogDevObjectVersion:   Dev-Anim (AF43A65D-7FD3-4947-9873-3E8ED9C1BB05): 2
LogDevObjectVersion:   Dev-ReflectionCapture (6B266CEC-1EC7-4B8F-A30B-E4D90942FC07): 1
LogDevObjectVersion:   Dev-Automation (0DF73D61-A23F-47EA-B727-89E90C41499A): 1
LogDevObjectVersion:   FortniteMain (601D1886-AC64-4F84-AA16-D3DE0DEAC7D6): 17
LogDevObjectVersion:   Dev-Enterprise (9DFFBCD6-494F-0158-E221-12823C92A888): 4
LogDevObjectVersion:   Dev-Niagara (F2AED0AC-9AFE-416F-8664-AA7FFA26D6FC): 1
LogStreaming: Display: Took  0.004s to delete old logs.
LogInit: Presizing for max 8388607 objects, including 0 objects not considered by GC, pre-allocating 0 bytes for permanent pool.
LogInit: Object subsystem initialized
LogConfig: Setting CVar [[con.DebugEarlyDefault:1]]
LogConfig: Setting CVar [[r.setres:1280x720]]
[2019.03.25-17.00.18:039][  0]LogConfig: Setting CVar [[r.VSync:0]]
[2019.03.25-17.00.18:039][  0]LogConfig: Setting CVar [[r.RHICmdBypass:0]]
[2019.03.25-17.00.18:040][  0]LogConfig: Applying CVar settings from Section [/Script/Engine.RendererSettings] File [C:/Users/james/Desktop/Processes for OOS/COP4331 Project/ScaryMaze/Saved/Config/Windows/Engine.ini]
[2019.03.25-17.00.18:040][  0]LogConfig: Setting CVar [[r.GPUCrashDebugging:0]]
[2019.03.25-17.00.18:040][  0]LogConfig: Applying CVar settings from Section [/Script/Engine.RendererOverrideSettings] File [C:/Users/james/Desktop/Processes for OOS/COP4331 Project/ScaryMaze/Saved/Config/Windows/Engine.ini]
[2019.03.25-17.00.18:040][  0]LogConfig: Applying CVar settings from Section [/Script/Engine.StreamingSettings] File [C:/Users/james/Desktop/Processes for OOS/COP4331 Project/ScaryMaze/Saved/Config/Windows/Engine.ini]
[2019.03.25-17.00.18:040][  0]LogConfig: Setting CVar [[s.MinBulkDataSizeForAsyncLoading:131072]]
[2019.03.25-17.00.18:040][  0]LogConfig: Setting CVar [[s.AsyncLoadingThreadEnabled:0]]
[2019.03.25-17.00.18:040][  0]LogConfig: Setting CVar [[s.EventDrivenLoaderEnabled:1]]
[2019.03.25-17.00.18:040][  0]LogConfig: Setting CVar [[s.WarnIfTimeLimitExceeded:0]]
[2019.03.25-17.00.18:040][  0]LogConfig: Setting CVar [[s.TimeLimitExceededMultiplier:1.5]]
[2019.03.25-17.00.18:040][  0]LogConfig: Setting CVar [[s.TimeLimitExceededMinTime:0.005]]
[2019.03.25-17.00.18:040][  0]LogConfig: Setting CVar [[s.UseBackgroundLevelStreaming:1]]
[2019.03.25-17.00.18:040][  0]LogConfig: Setting CVar [[s.PriorityAsyncLoadingExtraTime:15.0]]
[2019.03.25-17.00.18:040][  0]LogConfig: Setting CVar [[s.LevelStreamingActorsUpdateTimeLimit:5.0]]
[2019.03.25-17.00.18:040][  0]LogConfig: Setting CVar [[s.PriorityLevelStreamingActorsUpdateExtraTime:5.0]]
[2019.03.25-17.00.18:041][  0]LogConfig: Setting CVar [[s.LevelStreamingComponentsRegistrationGranularity:10]]
[2019.03.25-17.00.18:041][  0]LogConfig: Setting CVar [[s.UnregisterComponentsTimeLimit:1.0]]
[2019.03.25-17.00.18:041][  0]LogConfig: Setting CVar [[s.LevelStreamingComponentsUnregistrationGranularity:5]]
[2019.03.25-17.00.18:041][  0]LogConfig: Applying CVar settings from Section [/Script/Engine.GarbageCollectionSettings] File [C:/Users/james/Desktop/Processes for OOS/COP4331 Project/ScaryMaze/Saved/Config/Windows/Engine.ini]
[2019.03.25-17.00.18:041][  0]LogConfig: Setting CVar [[gc.MaxObjectsNotConsideredByGC:1]]
[2019.03.25-17.00.18:042][  0]LogConfig: Setting CVar [[gc.SizeOfPermanentObjectPool:0]]
[2019.03.25-17.00.18:042][  0]LogConfig: Setting CVar [[gc.FlushStreamingOnGC:0]]
[2019.03.25-17.00.18:042][  0]LogConfig: Setting CVar [[gc.NumRetriesBeforeForcingGC:10]]
[2019.03.25-17.00.18:042][  0]LogConfig: Setting CVar [[gc.AllowParallelGC:1]]
[2019.03.25-17.00.18:042][  0]LogConfig: Setting CVar [[gc.TimeBetweenPurgingPendingKillObjects:61.1]]
[2019.03.25-17.00.18:042][  0]LogConfig: Setting CVar [[gc.MaxObjectsInEditor:8388607]]
[2019.03.25-17.00.18:042][  0]LogConfig: Setting CVar [[gc.IncrementalBeginDestroyEnabled:1]]
[2019.03.25-17.00.18:042][  0]LogConfig: Setting CVar [[gc.CreateGCClusters:1]]
[2019.03.25-17.00.18:042][  0]LogConfig: Setting CVar [[gc.MergeGCClusters:0]]
[2019.03.25-17.00.18:042][  0]LogConfig: Setting CVar [[gc.MinGCClusterSize:5]]
[2019.03.25-17.00.18:042][  0]LogConfig: Setting CVar [[gc.ActorClusteringEnabled:0]]
[2019.03.25-17.00.18:042][  0]LogConfig: Setting CVar [[gc.BlueprintClusteringEnabled:0]]
[2019.03.25-17.00.18:042][  0]LogConfig: Setting CVar [[gc.UseDisregardForGCOnDedicatedServers:0]]
[2019.03.25-17.00.18:043][  0]LogConfig: Applying CVar settings from Section [/Script/Engine.NetworkSettings] File [C:/Users/james/Desktop/Processes for OOS/COP4331 Project/ScaryMaze/Saved/Config/Windows/Engine.ini]
[2019.03.25-17.00.18:043][  0]LogConfig: Applying CVar settings from Section [/Script/UnrealEd.CookerSettings] File [C:/Users/james/Desktop/Processes for OOS/COP4331 Project/ScaryMaze/Saved/Config/Windows/Engine.ini]
[2019.03.25-17.00.18:051][  0]LogConfig: Applying CVar settings from Section [ViewDistanceQuality@3] File [C:/Users/james/Desktop/Processes for OOS/COP4331 Project/ScaryMaze/Saved/Config/Windows/Scalability.ini]
[2019.03.25-17.00.18:052][  0]LogConfig: Setting CVar [[r.SkeletalMeshLODBias:0]]
[2019.03.25-17.00.18:052][  0]LogConfig: Setting CVar [[r.ViewDistanceScale:1.0]]
[2019.03.25-17.00.18:053][  0]LogConfig: Applying CVar settings from Section [AntiAliasingQuality@3] File [C:/Users/james/Desktop/Processes for OOS/COP4331 Project/ScaryMaze/Saved/Config/Windows/Scalability.ini]
[2019.03.25-17.00.18:053][  0]LogConfig: Setting CVar [[r.PostProcessAAQuality:4]]
[2019.03.25-17.00.18:054][  0]LogConfig: Applying CVar settings from Section [ShadowQuality@3] File [C:/Users/james/Desktop/Processes for OOS/COP4331 Project/ScaryMaze/Saved/Config/Windows/Scalability.ini]
[2019.03.25-17.00.18:054][  0]LogConfig: Setting CVar [[r.LightFunctionQuality:1]]
[2019.03.25-17.00.18:054][  0]LogConfig: Setting CVar [[r.ShadowQuality:5]]
[2019.03.25-17.00.18:054][  0]LogConfig: Setting CVar [[r.Shadow.CSM.MaxCascades:10]]
[2019.03.25-17.00.18:054][  0]LogConfig: Setting CVar [[r.Shadow.MaxResolution:2048]]
[2019.03.25-17.00.18:054][  0]LogConfig: Setting CVar [[r.Shadow.MaxCSMResolution:2048]]
[2019.03.25-17.00.18:054][  0]LogConfig: Setting CVar [[r.Shadow.RadiusThreshold:0.01]]
[2019.03.25-17.00.18:055][  0]LogConfig: Setting CVar [[r.Shadow.DistanceScale:1.0]]
[2019.03.25-17.00.18:055][  0]LogConfig: Setting CVar [[r.Shadow.CSM.TransitionScale:1.0]]
[2019.03.25-17.00.18:055][  0]LogConfig: Setting CVar [[r.Shadow.PreShadowResolutionFactor:1.0]]
[2019.03.25-17.00.18:056][  0]LogConfig: Setting CVar [[r.DistanceFieldShadowing:1]]
[2019.03.25-17.00.18:056][  0]LogConfig: Setting CVar [[r.DistanceFieldAO:1]]
[2019.03.25-17.00.18:056][  0]LogConfig: Setting CVar [[r.AOQuality:2]]
[2019.03.25-17.00.18:056][  0]LogConfig: Setting CVar [[r.VolumetricFog:1]]
[2019.03.25-17.00.18:056][  0]LogConfig: Setting CVar [[r.VolumetricFog.GridPixelSize:8]]
[2019.03.25-17.00.18:057][  0]LogConfig: Setting CVar [[r.VolumetricFog.GridSizeZ:128]]
[2019.03.25-17.00.18:057][  0]LogConfig: Setting CVar [[r.VolumetricFog.HistoryMissSupersampleCount:4]]
[2019.03.25-17.00.18:057][  0]LogConfig: Setting CVar [[r.LightMaxDrawDistanceScale:1]]
[2019.03.25-17.00.18:057][  0]LogConfig: Setting CVar [[r.CapsuleShadows:1]]
[2019.03.25-17.00.18:057][  0]LogConfig: Applying CVar settings from Section [PostProcessQuality@3] File [C:/Users/james/Desktop/Processes for OOS/COP4331 Project/ScaryMaze/Saved/Config/Windows/Scalability.ini]
[2019.03.25-17.00.18:057][  0]LogConfig: Setting CVar [[r.MotionBlurQuality:4]]
[2019.03.25-17.00.18:057][  0]LogConfig: Setting CVar [[r.AmbientOcclusionMipLevelFactor:0.4]]
[2019.03.25-17.00.18:057][  0]LogConfig: Setting CVar [[r.AmbientOcclusionMaxQuality:100]]
[2019.03.25-17.00.18:057][  0]LogConfig: Setting CVar [[r.AmbientOcclusionLevels:-1]]
[2019.03.25-17.00.18:057][  0]LogConfig: Setting CVar [[r.AmbientOcclusionRadiusScale:1.0]]
[2019.03.25-17.00.18:057][  0]LogConfig: Setting CVar [[r.DepthOfFieldQuality:2]]
[2019.03.25-17.00.18:057][  0]LogConfig: Setting CVar [[r.RenderTargetPoolMin:400]]
[2019.03.25-17.00.18:057][  0]LogConfig: Setting CVar [[r.LensFlareQuality:2]]
[2019.03.25-17.00.18:058][  0]LogConfig: Setting CVar [[r.SceneColorFringeQuality:1]]
[2019.03.25-17.00.18:058][  0]LogConfig: Setting CVar [[r.EyeAdaptationQuality:2]]
[2019.03.25-17.00.18:058][  0]LogConfig: Setting CVar [[r.BloomQuality:5]]
[2019.03.25-17.00.18:059][  0]LogConfig: Setting CVar [[r.FastBlurThreshold:100]]
[2019.03.25-17.00.18:059][  0]LogConfig: Setting CVar [[r.Upscale.Quality:3]]
[2019.03.25-17.00.18:059][  0]LogConfig: Setting CVar [[r.Tonemapper.GrainQuantization:1]]
[2019.03.25-17.00.18:059][  0]LogConfig: Setting CVar [[r.LightShaftQuality:1]]
[2019.03.25-17.00.18:059][  0]LogConfig: Setting CVar [[r.Filter.SizeScale:1]]
[2019.03.25-17.00.18:059][  0]LogConfig: Setting CVar [[r.Tonemapper.Quality:5]]
[2019.03.25-17.00.18:059][  0]LogConfig: Setting CVar [[r.DOF.Gather.AccumulatorQuality:1        ; higher gathering accumulator quality]]
[2019.03.25-17.00.18:059][  0]LogConfig: Setting CVar [[r.DOF.Gather.PostfilterMethod:1          ; Median3x3 postfilering method]]
[2019.03.25-17.00.18:059][  0]LogConfig: Setting CVar [[r.DOF.Gather.EnableBokehSettings:0       ; no bokeh simulation when gathering]]
[2019.03.25-17.00.18:059][  0]LogConfig: Setting CVar [[r.DOF.Gather.RingCount:4                 ; medium number of samples when gathering]]
[2019.03.25-17.00.18:060][  0]LogConfig: Setting CVar [[r.DOF.Scatter.ForegroundCompositing:1    ; additive foreground scattering]]
[2019.03.25-17.00.18:060][  0]LogConfig: Setting CVar [[r.DOF.Scatter.BackgroundCompositing:2    ; additive background scattering]]
[2019.03.25-17.00.18:060][  0]LogConfig: Setting CVar [[r.DOF.Scatter.EnableBokehSettings:1      ; bokeh simulation when scattering]]
[2019.03.25-17.00.18:060][  0]LogConfig: Setting CVar [[r.DOF.Scatter.MaxSpriteRatio:0.1         ; only a maximum of 10% of scattered bokeh]]
[2019.03.25-17.00.18:060][  0]LogConfig: Setting CVar [[r.DOF.Recombine.Quality:1                ; cheap slight out of focus]]
[2019.03.25-17.00.18:060][  0]LogConfig: Setting CVar [[r.DOF.Recombine.EnableBokehSettings:0    ; no bokeh simulation on slight out of focus]]
[2019.03.25-17.00.18:060][  0]LogConfig: Setting CVar [[r.DOF.TemporalAAQuality:1                ; more stable temporal accumulation]]
[2019.03.25-17.00.18:060][  0]LogConfig: Setting CVar [[r.DOF.Kernel.MaxForegroundRadius:0.025]]
[2019.03.25-17.00.18:060][  0]LogConfig: Setting CVar [[r.DOF.Kernel.MaxBackgroundRadius:0.025]]
[2019.03.25-17.00.18:060][  0]LogConfig: Applying CVar settings from Section [TextureQuality@3] File [C:/Users/james/Desktop/Processes for OOS/COP4331 Project/ScaryMaze/Saved/Config/Windows/Scalability.ini]
[2019.03.25-17.00.18:060][  0]LogConfig: Setting CVar [[r.Streaming.MipBias:0]]
[2019.03.25-17.00.18:060][  0]LogConfig: Setting CVar [[r.Streaming.AmortizeCPUToGPUCopy:0]]
[2019.03.25-17.00.18:060][  0]LogConfig: Setting CVar [[r.Streaming.MaxNumTexturesToStreamPerFrame:0]]
[2019.03.25-17.00.18:060][  0]LogConfig: Setting CVar [[r.Streaming.Boost:1]]
[2019.03.25-17.00.18:061][  0]LogConfig: Setting CVar [[r.MaxAnisotropy:8]]
[2019.03.25-17.00.18:061][  0]LogConfig: Setting CVar [[r.Streaming.LimitPoolSizeToVRAM:0]]
[2019.03.25-17.00.18:061][  0]LogConfig: Setting CVar [[r.Streaming.PoolSize:1000]]
[2019.03.25-17.00.18:061][  0]LogConfig: Setting CVar [[r.Streaming.MaxEffectiveScreenSize:0]]
[2019.03.25-17.00.18:061][  0]LogConfig: Applying CVar settings from Section [EffectsQuality@3] File [C:/Users/james/Desktop/Processes for OOS/COP4331 Project/ScaryMaze/Saved/Config/Windows/Scalability.ini]
[2019.03.25-17.00.18:061][  0]LogConfig: Setting CVar [[r.TranslucencyLightingVolumeDim:64]]
[2019.03.25-17.00.18:061][  0]LogConfig: Setting CVar [[r.RefractionQuality:2]]
[2019.03.25-17.00.18:061][  0]LogConfig: Setting CVar [[r.SSR.Quality:3]]
[2019.03.25-17.00.18:061][  0]LogConfig: Setting CVar [[r.SceneColorFormat:4]]
[2019.03.25-17.00.18:061][  0]LogConfig: Setting CVar [[r.DetailMode:2]]
[2019.03.25-17.00.18:061][  0]LogConfig: Setting CVar [[r.TranslucencyVolumeBlur:1]]
[2019.03.25-17.00.18:062][  0]LogConfig: Setting CVar [[r.MaterialQualityLevel:1 ; High quality]]
[2019.03.25-17.00.18:062][  0]LogConfig: Setting CVar [[r.SSS.Scale:1]]
[2019.03.25-17.00.18:062][  0]LogConfig: Setting CVar [[r.SSS.SampleSet:2]]
[2019.03.25-17.00.18:062][  0]LogConfig: Setting CVar [[r.SSS.Quality:1]]
[2019.03.25-17.00.18:062][  0]LogConfig: Setting CVar [[r.SSS.HalfRes:1]]
[2019.03.25-17.00.18:062][  0]LogConfig: Setting CVar [[r.EmitterSpawnRateScale:1.0]]
[2019.03.25-17.00.18:062][  0]LogConfig: Setting CVar [[r.ParticleLightQuality:2]]
[2019.03.25-17.00.18:062][  0]LogConfig: Applying CVar settings from Section [FoliageQuality@3] File [C:/Users/james/Desktop/Processes for OOS/COP4331 Project/ScaryMaze/Saved/Config/Windows/Scalability.ini]
[2019.03.25-17.00.18:062][  0]LogConfig: Setting CVar [[foliage.DensityScale:1.0]]
[2019.03.25-17.00.18:062][  0]LogConfig: Setting CVar [[grass.DensityScale:1.0]]
[2019.03.25-17.00.18:062][  0]LogInit: Selected Device Profile: [Windows]
[2019.03.25-17.00.18:063][  0]LogInit: Applying CVar settings loaded from the selected device profile: [Windows]
[2019.03.25-17.00.18:084][  0]LogHAL: Display: Platform has ~ 8 GB [8499228672 / 8589934592 / 8], which maps to Default [LargestMinGB=32, LargerMinGB=12, DefaultMinGB=8, SmallerMinGB=6, SmallestMinGB=0)
[2019.03.25-17.00.18:084][  0]LogConfig: Setting CVar [[r.Vulkan.UseRealUBs:1]]
[2019.03.25-17.00.18:084][  0]LogInit: Going up to parent DeviceProfile []
[2019.03.25-17.00.18:084][  0]LogConfig: Applying CVar settings from Section [ViewDistanceQuality@3] File [C:/Users/james/Desktop/Processes for OOS/COP4331 Project/ScaryMaze/Saved/Config/Windows/Scalability.ini]
[2019.03.25-17.00.18:085][  0]LogConfig: Setting CVar [[r.SkeletalMeshLODBias:0]]
[2019.03.25-17.00.18:085][  0]LogConfig: Setting CVar [[r.ViewDistanceScale:1.0]]
[2019.03.25-17.00.18:085][  0]LogConfig: Applying CVar settings from Section [AntiAliasingQuality@3] File [C:/Users/james/Desktop/Processes for OOS/COP4331 Project/ScaryMaze/Saved/Config/Windows/Scalability.ini]
[2019.03.25-17.00.18:085][  0]LogConfig: Setting CVar [[r.PostProcessAAQuality:4]]
[2019.03.25-17.00.18:085][  0]LogConfig: Applying CVar settings from Section [ShadowQuality@3] File [C:/Users/james/Desktop/Processes for OOS/COP4331 Project/ScaryMaze/Saved/Config/Windows/Scalability.ini]
[2019.03.25-17.00.18:085][  0]LogConfig: Setting CVar [[r.LightFunctionQuality:1]]
[2019.03.25-17.00.18:085][  0]LogConfig: Setting CVar [[r.ShadowQuality:5]]
[2019.03.25-17.00.18:085][  0]LogConfig: Setting CVar [[r.Shadow.CSM.MaxCascades:10]]
[2019.03.25-17.00.18:085][  0]LogConfig: Setting CVar [[r.Shadow.MaxResolution:2048]]
[2019.03.25-17.00.18:085][  0]LogConfig: Setting CVar [[r.Shadow.MaxCSMResolution:2048]]
[2019.03.25-17.00.18:085][  0]LogConfig: Setting CVar [[r.Shadow.RadiusThreshold:0.01]]
[2019.03.25-17.00.18:085][  0]LogConfig: Setting CVar [[r.Shadow.DistanceScale:1.0]]
[2019.03.25-17.00.18:085][  0]LogConfig: Setting CVar [[r.Shadow.CSM.TransitionScale:1.0]]
[2019.03.25-17.00.18:085][  0]LogConfig: Setting CVar [[r.Shadow.PreShadowResolutionFactor:1.0]]
[2019.03.25-17.00.18:085][  0]LogConfig: Setting CVar [[r.DistanceFieldShadowing:1]]
[2019.03.25-17.00.18:085][  0]LogConfig: Setting CVar [[r.DistanceFieldAO:1]]
[2019.03.25-17.00.18:085][  0]LogConfig: Setting CVar [[r.AOQuality:2]]
[2019.03.25-17.00.18:085][  0]LogConfig: Setting CVar [[r.VolumetricFog:1]]
[2019.03.25-17.00.18:085][  0]LogConfig: Setting CVar [[r.VolumetricFog.GridPixelSize:8]]
[2019.03.25-17.00.18:086][  0]LogConfig: Setting CVar [[r.VolumetricFog.GridSizeZ:128]]
[2019.03.25-17.00.18:086][  0]LogConfig: Setting CVar [[r.VolumetricFog.HistoryMissSupersampleCount:4]]
[2019.03.25-17.00.18:086][  0]LogConfig: Setting CVar [[r.LightMaxDrawDistanceScale:1]]
[2019.03.25-17.00.18:086][  0]LogConfig: Setting CVar [[r.CapsuleShadows:1]]
[2019.03.25-17.00.18:086][  0]LogConfig: Applying CVar settings from Section [PostProcessQuality@3] File [C:/Users/james/Desktop/Processes for OOS/COP4331 Project/ScaryMaze/Saved/Config/Windows/Scalability.ini]
[2019.03.25-17.00.18:086][  0]LogConfig: Setting CVar [[r.MotionBlurQuality:4]]
[2019.03.25-17.00.18:086][  0]LogConfig: Setting CVar [[r.AmbientOcclusionMipLevelFactor:0.4]]
[2019.03.25-17.00.18:086][  0]LogConfig: Setting CVar [[r.AmbientOcclusionMaxQuality:100]]
[2019.03.25-17.00.18:086][  0]LogConfig: Setting CVar [[r.AmbientOcclusionLevels:-1]]
[2019.03.25-17.00.18:086][  0]LogConfig: Setting CVar [[r.AmbientOcclusionRadiusScale:1.0]]
[2019.03.25-17.00.18:086][  0]LogConfig: Setting CVar [[r.DepthOfFieldQuality:2]]
[2019.03.25-17.00.18:086][  0]LogConfig: Setting CVar [[r.RenderTargetPoolMin:400]]
[2019.03.25-17.00.18:086][  0]LogConfig: Setting CVar [[r.LensFlareQuality:2]]
[2019.03.25-17.00.18:086][  0]LogConfig: Setting CVar [[r.SceneColorFringeQuality:1]]
[2019.03.25-17.00.18:086][  0]LogConfig: Setting CVar [[r.EyeAdaptationQuality:2]]
[2019.03.25-17.00.18:087][  0]LogConfig: Setting CVar [[r.BloomQuality:5]]
[2019.03.25-17.00.18:087][  0]LogConfig: Setting CVar [[r.FastBlurThreshold:100]]
[2019.03.25-17.00.18:087][  0]LogConfig: Setting CVar [[r.Upscale.Quality:3]]
[2019.03.25-17.00.18:087][  0]LogConfig: Setting CVar [[r.Tonemapper.GrainQuantization:1]]
[2019.03.25-17.00.18:087][  0]LogConfig: Setting CVar [[r.LightShaftQuality:1]]
[2019.03.25-17.00.18:087][  0]LogConfig: Setting CVar [[r.Filter.SizeScale:1]]
[2019.03.25-17.00.18:087][  0]LogConfig: Setting CVar [[r.Tonemapper.Quality:5]]
[2019.03.25-17.00.18:087][  0]LogConfig: Setting CVar [[r.DOF.Gather.AccumulatorQuality:1        ; higher gathering accumulator quality]]
[2019.03.25-17.00.18:087][  0]LogConfig: Setting CVar [[r.DOF.Gather.PostfilterMethod:1          ; Median3x3 postfilering method]]
[2019.03.25-17.00.18:087][  0]LogConfig: Setting CVar [[r.DOF.Gather.EnableBokehSettings:0       ; no bokeh simulation when gathering]]
[2019.03.25-17.00.18:087][  0]LogConfig: Setting CVar [[r.DOF.Gather.RingCount:4                 ; medium number of samples when gathering]]
[2019.03.25-17.00.18:087][  0]LogConfig: Setting CVar [[r.DOF.Scatter.ForegroundCompositing:1    ; additive foreground scattering]]
[2019.03.25-17.00.18:087][  0]LogConfig: Setting CVar [[r.DOF.Scatter.BackgroundCompositing:2    ; additive background scattering]]
[2019.03.25-17.00.18:087][  0]LogConfig: Setting CVar [[r.DOF.Scatter.EnableBokehSettings:1      ; bokeh simulation when scattering]]
[2019.03.25-17.00.18:087][  0]LogConfig: Setting CVar [[r.DOF.Scatter.MaxSpriteRatio:0.1         ; only a maximum of 10% of scattered bokeh]]
[2019.03.25-17.00.18:088][  0]LogConfig: Setting CVar [[r.DOF.Recombine.Quality:1                ; cheap slight out of focus]]
[2019.03.25-17.00.18:088][  0]LogConfig: Setting CVar [[r.DOF.Recombine.EnableBokehSettings:0    ; no bokeh simulation on slight out of focus]]
[2019.03.25-17.00.18:088][  0]LogConfig: Setting CVar [[r.DOF.TemporalAAQuality:1                ; more stable temporal accumulation]]
[2019.03.25-17.00.18:088][  0]LogConfig: Setting CVar [[r.DOF.Kernel.MaxForegroundRadius:0.025]]
[2019.03.25-17.00.18:088][  0]LogConfig: Setting CVar [[r.DOF.Kernel.MaxBackgroundRadius:0.025]]
[2019.03.25-17.00.18:088][  0]LogConfig: Applying CVar settings from Section [TextureQuality@3] File [C:/Users/james/Desktop/Processes for OOS/COP4331 Project/ScaryMaze/Saved/Config/Windows/Scalability.ini]
[2019.03.25-17.00.18:088][  0]LogConfig: Setting CVar [[r.Streaming.MipBias:0]]
[2019.03.25-17.00.18:088][  0]LogConfig: Setting CVar [[r.Streaming.AmortizeCPUToGPUCopy:0]]
[2019.03.25-17.00.18:088][  0]LogConfig: Setting CVar [[r.Streaming.MaxNumTexturesToStreamPerFrame:0]]
[2019.03.25-17.00.18:088][  0]LogConfig: Setting CVar [[r.Streaming.Boost:1]]
[2019.03.25-17.00.18:088][  0]LogConfig: Setting CVar [[r.MaxAnisotropy:8]]
[2019.03.25-17.00.18:088][  0]LogConfig: Setting CVar [[r.Streaming.LimitPoolSizeToVRAM:0]]
[2019.03.25-17.00.18:088][  0]LogConfig: Setting CVar [[r.Streaming.PoolSize:1000]]
[2019.03.25-17.00.18:089][  0]LogConfig: Setting CVar [[r.Streaming.MaxEffectiveScreenSize:0]]
[2019.03.25-17.00.18:089][  0]LogConfig: Applying CVar settings from Section [EffectsQuality@3] File [C:/Users/james/Desktop/Processes for OOS/COP4331 Project/ScaryMaze/Saved/Config/Windows/Scalability.ini]
[2019.03.25-17.00.18:089][  0]LogConfig: Setting CVar [[r.TranslucencyLightingVolumeDim:64]]
[2019.03.25-17.00.18:089][  0]LogConfig: Setting CVar [[r.RefractionQuality:2]]
[2019.03.25-17.00.18:089][  0]LogConfig: Setting CVar [[r.SSR.Quality:3]]
[2019.03.25-17.00.18:089][  0]LogConfig: Setting CVar [[r.SceneColorFormat:4]]
[2019.03.25-17.00.18:089][  0]LogConfig: Setting CVar [[r.DetailMode:2]]
[2019.03.25-17.00.18:089][  0]LogConfig: Setting CVar [[r.TranslucencyVolumeBlur:1]]
[2019.03.25-17.00.18:089][  0]LogConfig: Setting CVar [[r.MaterialQualityLevel:1 ; High quality]]
[2019.03.25-17.00.18:089][  0]LogConfig: Setting CVar [[r.SSS.Scale:1]]
[2019.03.25-17.00.18:089][  0]LogConfig: Setting CVar [[r.SSS.SampleSet:2]]
[2019.03.25-17.00.18:089][  0]LogConfig: Setting CVar [[r.SSS.Quality:1]]
[2019.03.25-17.00.18:089][  0]LogConfig: Setting CVar [[r.SSS.HalfRes:1]]
[2019.03.25-17.00.18:089][  0]LogConfig: Setting CVar [[r.EmitterSpawnRateScale:1.0]]
[2019.03.25-17.00.18:089][  0]LogConfig: Setting CVar [[r.ParticleLightQuality:2]]
[2019.03.25-17.00.18:089][  0]LogConfig: Applying CVar settings from Section [FoliageQuality@3] File [C:/Users/james/Desktop/Processes for OOS/COP4331 Project/ScaryMaze/Saved/Config/Windows/Scalability.ini]
[2019.03.25-17.00.18:089][  0]LogConfig: Setting CVar [[foliage.DensityScale:1.0]]
[2019.03.25-17.00.18:089][  0]LogConfig: Setting CVar [[grass.DensityScale:1.0]]
[2019.03.25-17.00.18:090][  0]LogConfig: Applying CVar settings from Section [Startup] File [../../../Engine/Config/ConsoleVariables.ini]
[2019.03.25-17.00.18:090][  0]LogConfig: Setting CVar [[net.UseAdaptiveNetUpdateFrequency:0]]
[2019.03.25-17.00.18:091][  0]LogConfig: Applying CVar settings from Section [ConsoleVariables] File [C:/Users/james/Desktop/Processes for OOS/COP4331 Project/ScaryMaze/Saved/Config/Windows/Engine.ini]
[2019.03.25-17.00.18:092][  0]LogInit: Computer: LAPTOP-Q1QSGUBH
[2019.03.25-17.00.18:092][  0]LogInit: User: james
[2019.03.25-17.00.18:092][  0]LogInit: CPU Page size=4096, Cores=2
[2019.03.25-17.00.18:092][  0]LogInit: High frequency timer resolution =2.648438 MHz
[2019.03.25-17.00.18:092][  0]LogMemory: Memory total: Physical=7.9GB (8GB approx)
[2019.03.25-17.00.18:092][  0]LogMemory: Platform Memory Stats for Windows
[2019.03.25-17.00.18:092][  0]LogMemory: Process Physical Memory: 102.63 MB used, 102.63 MB peak
[2019.03.25-17.00.18:093][  0]LogMemory: Process Virtual Memory: 84.88 MB used, 84.88 MB peak
[2019.03.25-17.00.18:093][  0]LogMemory: Physical Memory: 4981.30 MB used,  3124.19 MB free, 8105.50 MB total
[2019.03.25-17.00.18:093][  0]LogMemory: Virtual Memory: 4628.92 MB used,  134213096.00 MB free, 134217728.00 MB total
[2019.03.25-17.00.18:253][  0]LogInit: Using OS detected language (en-US).
[2019.03.25-17.00.18:253][  0]LogInit: Using OS detected locale (en-US).
[2019.03.25-17.00.18:255][  0]LogTextLocalizationManager: No specific localization for 'en-US' exists, so the 'en' localization will be used.
[2019.03.25-17.00.18:800][  0]LogStreaming: Display: Took  0.547s to InitEngineTextLocalization.
[2019.03.25-17.00.18:801][  0]LogInit: Setting process to per monitor DPI aware
[2019.03.25-17.00.18:869][  0]LogSlate: New Slate User Created.  User Index 0, Is Virtual User: 0
[2019.03.25-17.00.18:869][  0]LogSlate: Slate User Registered.  User Index 0, Is Virtual User: 0
[2019.03.25-17.00.19:243][  0]LogHMD: Failed to initialize OpenVR with code 110
[2019.03.25-17.00.19:243][  0]LogD3D11RHI: D3D11 adapters:
[2019.03.25-17.00.19:697][  0]LogD3D11RHI:    0. 'NVIDIA GeForce 920MX' (Feature Level 11_0)
[2019.03.25-17.00.19:697][  0]LogD3D11RHI:       2010/0/4052 MB DedicatedVideo/DedicatedSystem/SharedSystem, Outputs:1, VendorId:0x10de
[2019.03.25-17.00.19:730][  0]LogD3D11RHI:    1. 'Intel(R) HD Graphics 620' (Feature Level 11_0)
[2019.03.25-17.00.19:730][  0]LogD3D11RHI:       128/0/4052 MB DedicatedVideo/DedicatedSystem/SharedSystem, Outputs:0, VendorId:0x8086
[2019.03.25-17.00.19:738][  0]LogD3D11RHI:    2. 'Microsoft Basic Render Driver' (Feature Level 11_0)
[2019.03.25-17.00.19:738][  0]LogD3D11RHI:       0/0/4052 MB DedicatedVideo/DedicatedSystem/SharedSystem, Outputs:0, VendorId:0x1414
[2019.03.25-17.00.19:739][  0]LogD3D11RHI: Chosen D3D11 Adapter: 0
[2019.03.25-17.00.19:778][  0]LogD3D11RHI: Creating new Direct3DDevice
[2019.03.25-17.00.19:778][  0]LogD3D11RHI:     GPU DeviceId: 0x134f (for the marketing name, search the web for "GPU Device Id")
[2019.03.25-17.00.19:778][  0]LogWindows: EnumDisplayDevices:
[2019.03.25-17.00.19:778][  0]LogWindows:    0. 'Intel(R) HD Graphics 620' (P:1 D:1)
[2019.03.25-17.00.19:779][  0]LogWindows:    1. 'Intel(R) HD Graphics 620' (P:0 D:0)
[2019.03.25-17.00.19:779][  0]LogWindows:    2. 'Intel(R) HD Graphics 620' (P:0 D:0)
[2019.03.25-17.00.19:780][  0]LogWindows: DebugString: PrimaryIsNotTheChoosenAdapter PrimaryIsNotTheChoosenAdapter PrimaryIsNotTheChoosenAdapter FoundDriverCount:0 
[2019.03.25-17.00.19:780][  0]LogD3D11RHI:     Adapter Name: NVIDIA GeForce 920MX
[2019.03.25-17.00.19:780][  0]LogD3D11RHI:   Driver Version: Unknown (internal:Unknown, unified:Unknown)
[2019.03.25-17.00.19:780][  0]LogD3D11RHI:      Driver Date: Unknown
[2019.03.25-17.00.19:780][  0]LogRHI: Texture pool is 1407 MB (70% of 2010 MB)
[2019.03.25-17.00.19:843][  0]LogD3D11RHI: Async texture creation enabled
[2019.03.25-17.00.19:863][  0]LogD3D11RHI: GPU Timing Frequency: 1000.000000 (Debug: 2 2)
[2019.03.25-17.00.20:326][  0]LogTemp: Display: Loaded TP AllDesktopTargetPlatform
[2019.03.25-17.00.20:345][  0]LogTemp: Display: Loaded TP MacClientTargetPlatform
[2019.03.25-17.00.20:366][  0]LogTemp: Display: Loaded TP MacNoEditorTargetPlatform
[2019.03.25-17.00.20:392][  0]LogTemp: Display: Loaded TP MacServerTargetPlatform
[2019.03.25-17.00.20:416][  0]LogTemp: Display: Loaded TP MacTargetPlatform
[2019.03.25-17.00.20:440][  0]LogTemp: Display: Loaded TP WindowsClientTargetPlatform
[2019.03.25-17.00.20:464][  0]LogTemp: Display: Loaded TP WindowsNoEditorTargetPlatform
[2019.03.25-17.00.20:489][  0]LogTemp: Display: Loaded TP WindowsServerTargetPlatform
[2019.03.25-17.00.20:502][  0]LogTemp: Display: Loaded TP WindowsTargetPlatform
[2019.03.25-17.00.20:625][  0]LogTemp: Display: Loaded TP AndroidTargetPlatform
[2019.03.25-17.00.20:625][  0]LogTemp: Display: Loaded TP AndroidTargetPlatform
[2019.03.25-17.00.20:625][  0]LogTemp: Display: Loaded TP AndroidTargetPlatform
[2019.03.25-17.00.20:625][  0]LogTemp: Display: Loaded TP AndroidTargetPlatform
[2019.03.25-17.00.20:625][  0]LogTemp: Display: Loaded TP AndroidTargetPlatform
[2019.03.25-17.00.20:625][  0]LogTemp: Display: Loaded TP AndroidTargetPlatform
[2019.03.25-17.00.20:625][  0]LogTemp: Display: Loaded TP AndroidTargetPlatform
[2019.03.25-17.00.20:625][  0]LogTemp: Display: Loaded TP AndroidTargetPlatform
[2019.03.25-17.00.20:625][  0]LogTemp: Display: Loaded TP AndroidTargetPlatform
[2019.03.25-17.00.20:625][  0]LogTemp: Display: Loaded TP AndroidTargetPlatform
[2019.03.25-17.00.20:625][  0]LogTemp: Display: Loaded TP AndroidTargetPlatform
[2019.03.25-17.00.20:625][  0]LogTemp: Display: Loaded TP AndroidTargetPlatform
[2019.03.25-17.00.20:625][  0]LogTemp: Display: Loaded TP AndroidTargetPlatform
[2019.03.25-17.00.20:626][  0]LogTemp: Display: Loaded TP AndroidTargetPlatform
[2019.03.25-17.00.20:626][  0]LogTemp: Display: Loaded TP AndroidTargetPlatform
[2019.03.25-17.00.20:626][  0]LogTemp: Display: Loaded TP AndroidTargetPlatform
[2019.03.25-17.00.20:626][  0]LogTemp: Display: Loaded TP AndroidTargetPlatform
[2019.03.25-17.00.20:626][  0]LogTemp: Display: Loaded TP AndroidTargetPlatform
[2019.03.25-17.00.20:632][  0]LogTemp: Display: Loaded TP HTML5TargetPlatform
[2019.03.25-17.00.20:722][  0]LogTemp: Display: Loaded TP IOSTargetPlatform
[2019.03.25-17.00.20:722][  0]LogTemp: Display: Loaded TP IOSTargetPlatform
[2019.03.25-17.00.20:773][  0]LogTemp: Display: Loaded TP TVOSTargetPlatform
[2019.03.25-17.00.20:773][  0]LogTemp: Display: Loaded TP TVOSTargetPlatform
[2019.03.25-17.00.20:797][  0]LogTemp: Display: Loaded TP LinuxClientTargetPlatform
[2019.03.25-17.00.20:823][  0]LogTemp: Display: Loaded TP LinuxNoEditorTargetPlatform
[2019.03.25-17.00.20:843][  0]LogTemp: Display: Loaded TP LinuxServerTargetPlatform
[2019.03.25-17.00.20:861][  0]LogTemp: Display: Loaded TP LinuxTargetPlatform
[2019.03.25-17.00.20:916][  0]LogTemp: Display: Loaded TP LuminTargetPlatform
[2019.03.25-17.00.20:917][  0]LogTemp: Display: Loaded TP LuminTargetPlatform
[2019.03.25-17.00.20:917][  0]LogTargetPlatformManager: Display: Building Assets For Windows
[2019.03.25-17.00.21:129][  0]LogShaderCompilers: Guid format shader working directory is -36 characters bigger than the processId version (../../../../../../Users/james/Desktop/Processes for OOS/COP4331 Project/ScaryMaze/Intermediate/Shaders/WorkingDirectory/14848/).
[2019.03.25-17.00.21:129][  0]LogShaderCompilers: Cleaned the shader compiler working directory 'C:/Users/james/AppData/Local/Temp/UnrealShaderWorkingDir/233F4C954DA6D1E750C1A493719FEA09/'.
[2019.03.25-17.00.21:133][  0]LogXGEController: Cleaning working directory: C:/Users/james/AppData/Local/Temp/UnrealXGEWorkingDir/
[2019.03.25-17.00.21:134][  0]LogXGEController: Cannot use XGE Controller as Incredibuild is not installed on this machine.
[2019.03.25-17.00.21:134][  0]LogShaderCompilers: Cannot use XGE Shader Compiler as Incredibuild is not installed on this machine.
[2019.03.25-17.00.21:134][  0]LogShaderCompilers: Display: Using Local Shader Compiler.
[2019.03.25-17.00.21:851][  0]LogDerivedDataCache: Display: Max Cache Size: 512 MB
[2019.03.25-17.00.21:927][  0]LogDerivedDataCache: Loaded boot cache 0.08s 76MB C:/Users/james/AppData/Local/UnrealEngine/4.21/DerivedDataCache/Boot.ddc.
[2019.03.25-17.00.21:927][  0]LogDerivedDataCache: Display: Loaded Boot cache: C:/Users/james/AppData/Local/UnrealEngine/4.21/DerivedDataCache/Boot.ddc
[2019.03.25-17.00.21:927][  0]LogDerivedDataCache: FDerivedDataBackendGraph:  Pak pak cache file ../../../../../../Users/james/Desktop/Processes for OOS/COP4331 Project/ScaryMaze/DerivedDataCache/DDC.ddp not found, will not use a pak cache.
[2019.03.25-17.00.21:927][  0]LogDerivedDataCache: Unable to find inner node Pak for hierarchical cache Hierarchy.
[2019.03.25-17.00.21:928][  0]LogDerivedDataCache: FDerivedDataBackendGraph:  CompressedPak pak cache file ../../../../../../Users/james/Desktop/Processes for OOS/COP4331 Project/ScaryMaze/DerivedDataCache/Compressed.ddp not found, will not use a pak cache.
[2019.03.25-17.00.21:928][  0]LogDerivedDataCache: Unable to find inner node CompressedPak for hierarchical cache Hierarchy.
[2019.03.25-17.00.21:946][  0]LogDerivedDataCache: Display: Pak cache opened for reading ../../../Engine/DerivedDataCache/Compressed.ddp.
[2019.03.25-17.00.21:946][  0]LogDerivedDataCache: FDerivedDataBackendGraph:  EnterprisePak pak cache file ../../../Enterprise/DerivedDataCache/Compressed.ddp not found, will not use a pak cache.
[2019.03.25-17.00.21:946][  0]LogDerivedDataCache: Unable to find inner node EnterprisePak for hierarchical cache Hierarchy.
[2019.03.25-17.00.21:960][  0]LogDerivedDataCache: Using Local data cache path C:/Users/james/AppData/Local/UnrealEngine/Common/DerivedDataCache: Writable
[2019.03.25-17.00.21:960][  0]LogDerivedDataCache: Shared data cache path not found in *engine.ini, will not use an Shared cache.
[2019.03.25-17.00.21:960][  0]LogDerivedDataCache: Unable to find inner node Shared for hierarchical cache Hierarchy.
[2019.03.25-17.00.21:986][  0]LogMaterial: Verifying Global Shaders for PCD3D_SM5
[2019.03.25-17.00.21:988][  0]LogSlate: Using FreeType 2.6.0
[2019.03.25-17.00.21:989][  0]LogSlate: SlateFontServices - WITH_FREETYPE: 1, WITH_HARFBUZZ: 1
[2019.03.25-17.00.22:093][  0]LogAssetRegistry: FAssetRegistry took 0.0372 seconds to start up
[2019.03.25-17.00.22:633][  0]LogInit: Selected Device Profile: [Windows]
[2019.03.25-17.00.22:854][  0]LogSimplygon: Simplygon DLL not present - disabling.
[2019.03.25-17.00.22:869][  0]LogMeshReduction: Using SimplygonSwarm for distributed automatic mesh merging
[2019.03.25-17.00.22:870][  0]LogMeshReduction: Using ProxyLODMeshReduction for automatic mesh merging
[2019.03.25-17.00.22:870][  0]LogMeshReduction: Using QuadricMeshReduction for automatic static mesh reduction
[2019.03.25-17.00.22:870][  0]LogMeshReduction: No automatic skeletal mesh reduction module available
[2019.03.25-17.00.22:886][  0]LogNetVersion: ScaryMaze 1.0.0, NetCL: 4541578, EngineNetVer: 5, GameNetVer: 0 (Checksum: 3370334168)
[2019.03.25-17.00.23:598][  0]LogPackageLocalizationCache: Processed 11 localized package path(s) for 2 prioritized culture(s) in 0.159644 seconds
[2019.03.25-17.00.23:604][  0]LogUObjectArray: 39775 objects as part of root set at end of initial load.
[2019.03.25-17.00.23:605][  0]LogUObjectAllocator: 6914664 out of 0 bytes used by permanent object pool.
[2019.03.25-17.00.23:605][  0]LogUObjectArray: CloseDisregardForGC: 0/0 objects in disregard for GC pool
[2019.03.25-17.00.24:956][  0]LogTcpMessaging: Initializing TcpMessaging bridge
[2019.03.25-17.00.24:982][  0]LogUdpMessaging: Initializing bridge on interface 0.0.0.0:0 to multicast group 230.0.0.1:6666.
[2019.03.25-17.00.26:363][  0]SourceControl: Source control is disabled
[2019.03.25-17.00.26:364][  0]SourceControl: Source control is disabled
[2019.03.25-17.00.26:385][  0]SourceControl: Source control is disabled
[2019.03.25-17.00.26:393][  0]SourceControl: Source control is disabled
[2019.03.25-17.00.26:841][  0]LogAndroidPermission: UAndroidPermissionCallbackProxy::GetInstance
[2019.03.25-17.00.26:988][  0]LogOcInput: OculusInput pre-init called
[2019.03.25-17.00.27:250][  0]LogEngine: Initializing Engine...
[2019.03.25-17.00.27:252][  0]LogHMD: Failed to initialize OpenVR with code 110
[2019.03.25-17.00.27:254][  0]LogStats: UGameplayTagsManager::ConstructGameplayTagTree: ImportINI prefixes -  0.000 s
[2019.03.25-17.00.27:254][  0]LogStats: UGameplayTagsManager::ConstructGameplayTagTree: Construct from data asset -  0.000 s
[2019.03.25-17.00.27:254][  0]LogStats: UGameplayTagsManager::ConstructGameplayTagTree: ImportINI -  0.000 s
[2019.03.25-17.00.27:254][  0]LogStats: UGameplayTagsManager::ConstructGameplayTagTree: GameplayTagTreeChangedEvent.Broadcast -  0.000 s
[2019.03.25-17.00.27:544][  0]LogInit: Initializing FReadOnlyCVARCache
[2019.03.25-17.00.27:569][  0]LogAIModule: Creating AISystem for world Untitled
[2019.03.25-17.00.27:586][  0]LogInit: XAudio2 using 'Speakers (Realtek High Definition Audio)' : 2 channels at 48 kHz using 16 bits per sample (channel mask 0x3)
[2019.03.25-17.00.27:638][  0]LogInit: FAudioDevice initialized.
[2019.03.25-17.00.27:639][  0]LogNetVersion: Set ProjectVersion to 1.0.0.0. Version Checksum will be recalculated on next use.
[2019.03.25-17.00.28:134][  0]LogDerivedDataCache: Saved boot cache 0.50s 76MB C:/Users/james/AppData/Local/UnrealEngine/4.21/DerivedDataCache/Boot.ddc.
[2019.03.25-17.00.28:145][  0]LogInit: Texture streaming: Enabled
[2019.03.25-17.00.28:304][  0]LogEngineSessionManager: EngineSessionManager initialized
[2019.03.25-17.00.28:311][  0]LogEngineSessionManager: EngineSessionManager sent abnormal shutdown report. Type=Debugger, SessionId={803659A3-4E00-BEC0-03E1-FB9057EAA502}
[2019.03.25-17.00.28:337][  0]LogInit: Transaction tracking system initialized
[2019.03.25-17.00.28:397][  0]BlueprintLog: New page: Editor Load
[2019.03.25-17.00.28:625][  0]LocalizationService: Localization service is disabled
[2019.03.25-17.00.29:399][  0]LogFileCache: Scanning file cache for directory 'C:/Users/james/Desktop/Processes for OOS/COP4331 Project/ScaryMaze/Content/' took 0.03s
[2019.03.25-17.00.29:399][  0]LogCook: Display: Max memory allowance for cook 16384mb min free memory 0mb
[2019.03.25-17.00.29:399][  0]LogCook: Display: Mobile HDR setting 1
[2019.03.25-17.00.29:399][  0]LogGameplayTags: Display: UGameplayTagsManager::DoneAddingNativeTags. DelegateIsBound: 0
[2019.03.25-17.00.29:400][  0]LogStats: UGameplayTagsManager::ConstructGameplayTagTree: ImportINI prefixes -  0.000 s
[2019.03.25-17.00.29:400][  0]LogStats: UGameplayTagsManager::ConstructGameplayTagTree: Construct from data asset -  0.000 s
[2019.03.25-17.00.29:400][  0]LogStats: UGameplayTagsManager::ConstructGameplayTagTree: ImportINI -  0.000 s
[2019.03.25-17.00.29:400][  0]LogStats: UGameplayTagsManager::ConstructGameplayTagTree: GameplayTagTreeChangedEvent.Broadcast -  0.000 s
[2019.03.25-17.00.29:772][  0]SourceControl: Source control is disabled
[2019.03.25-17.00.29:772][  0]Cmd: MAP LOAD FILE="../../../../../../Users/james/Desktop/Processes for OOS/COP4331 Project/ScaryMaze/Content/LevelOne.umap" TEMPLATE=0 SHOWPROGRESS=1 FEATURELEVEL=3
[2019.03.25-17.00.29:773][  0]LightingResults: New page: Lighting Build
[2019.03.25-17.00.29:779][  0]MapCheck: New page: Map Check
[2019.03.25-17.00.29:779][  0]LightingResults: New page: Lighting Build
[2019.03.25-17.00.29:997][  0]LogAIModule: Creating AISystem for world LevelOne
[2019.03.25-17.00.30:009][  0]LogEditorServer: Finished looking for orphan Actors (0.000 secs)
[2019.03.25-17.00.30:037][  0]Cmd: MAP CHECKDEP NOCLEARLOG
[2019.03.25-17.00.30:037][  0]MapCheck: Map check complete: 0 Error(s), 0 Warning(s), took 0.315ms to complete.
[2019.03.25-17.00.30:037][  0]LogFileHelpers: Loading map 'LevelOne' took 0.264
[2019.03.25-17.00.30:232][  0]LogSlate: Updating window title bar state: overlay mode, drag disabled, window buttons hidden, title bar hidden
[2019.03.25-17.00.30:244][  0]LogSlate: Updating window title bar state: overlay mode, drag disabled, window buttons hidden, title bar hidden
[2019.03.25-17.00.30:254][  0]LogSlate: Updating window title bar state: overlay mode, drag disabled, window buttons hidden, title bar hidden
[2019.03.25-17.00.30:268][  0]LogSlate: Updating window title bar state: overlay mode, drag disabled, window buttons hidden, title bar hidden
[2019.03.25-17.00.30:282][  0]LogCollectionManager: Loaded 0 collections in 0.004107 seconds
[2019.03.25-17.00.30:353][  0]LogFileCache: Scanning file cache for directory 'C:/Users/james/Desktop/Processes for OOS/COP4331 Project/ScaryMaze/Saved/Collections/' took 0.01s
[2019.03.25-17.00.30:354][  0]LogFileCache: Scanning file cache for directory 'C:/Users/james/Desktop/Processes for OOS/COP4331 Project/ScaryMaze/Content/Developers/james/Collections/' took 0.02s
[2019.03.25-17.00.30:354][  0]LogFileCache: Scanning file cache for directory 'C:/Users/james/Desktop/Processes for OOS/COP4331 Project/ScaryMaze/Content/Collections/' took 0.02s
[2019.03.25-17.00.30:354][  0]LogCollectionManager: Rebuilt the GUID cache for 0 collections in 0.000001 seconds
[2019.03.25-17.00.30:371][  0]LogContentBrowser: Native class hierarchy populated in 0.0162 seconds. Added 2667 classes and 622 folders.
[2019.03.25-17.00.30:380][  0]LogContentBrowser: Native class hierarchy updated for 'WidgetCarousel' in 0.0005 seconds. Added 0 classes and 0 folders.
[2019.03.25-17.00.30:383][  0]LogPakFile: Registered encryption key '00000000000000000000000000000000': 0 pak files mounted, 0 remain pending
[2019.03.25-17.00.30:384][  0]LogPakFile: Registered encryption key '00000000000000000000000000000000': 0 pak files mounted, 0 remain pending
[2019.03.25-17.00.30:385][  0]LogPakFile: Registered encryption key '00000000000000000000000000000000': 0 pak files mounted, 0 remain pending
[2019.03.25-17.00.30:386][  0]LogPakFile: Registered encryption key '00000000000000000000000000000000': 0 pak files mounted, 0 remain pending
[2019.03.25-17.00.30:387][  0]LogPakFile: Registered encryption key '00000000000000000000000000000000': 0 pak files mounted, 0 remain pending
[2019.03.25-17.00.30:388][  0]LogPakFile: Registered encryption key '00000000000000000000000000000000': 0 pak files mounted, 0 remain pending
[2019.03.25-17.00.30:389][  0]LogPakFile: Registered encryption key '00000000000000000000000000000000': 0 pak files mounted, 0 remain pending
[2019.03.25-17.00.30:390][  0]LogPakFile: Registered encryption key '00000000000000000000000000000000': 0 pak files mounted, 0 remain pending
[2019.03.25-17.00.30:392][  0]LogPakFile: Registered encryption key '00000000000000000000000000000000': 0 pak files mounted, 0 remain pending
[2019.03.25-17.00.30:392][  0]LogPakFile: Registered encryption key '00000000000000000000000000000000': 0 pak files mounted, 0 remain pending
[2019.03.25-17.00.30:393][  0]LogPakFile: Registered encryption key '00000000000000000000000000000000': 0 pak files mounted, 0 remain pending
[2019.03.25-17.00.30:394][  0]LogPakFile: Registered encryption key '00000000000000000000000000000000': 0 pak files mounted, 0 remain pending
[2019.03.25-17.00.30:395][  0]LogPakFile: Registered encryption key '00000000000000000000000000000000': 0 pak files mounted, 0 remain pending
[2019.03.25-17.00.30:396][  0]LogPakFile: Registered encryption key '00000000000000000000000000000000': 0 pak files mounted, 0 remain pending
[2019.03.25-17.00.30:398][  0]LogPakFile: Registered encryption key '00000000000000000000000000000000': 0 pak files mounted, 0 remain pending
[2019.03.25-17.00.30:399][  0]LogPakFile: Registered encryption key '00000000000000000000000000000000': 0 pak files mounted, 0 remain pending
[2019.03.25-17.00.30:400][  0]LogPakFile: Registered encryption key '00000000000000000000000000000000': 0 pak files mounted, 0 remain pending
[2019.03.25-17.00.30:401][  0]LogPakFile: Registered encryption key '00000000000000000000000000000000': 0 pak files mounted, 0 remain pending
[2019.03.25-17.00.30:402][  0]LogPakFile: Registered encryption key '00000000000000000000000000000000': 0 pak files mounted, 0 remain pending
[2019.03.25-17.00.30:403][  0]LogPakFile: Registered encryption key '00000000000000000000000000000000': 0 pak files mounted, 0 remain pending
[2019.03.25-17.00.30:404][  0]LogPakFile: Registered encryption key '00000000000000000000000000000000': 0 pak files mounted, 0 remain pending
[2019.03.25-17.00.30:405][  0]LogPakFile: Registered encryption key '00000000000000000000000000000000': 0 pak files mounted, 0 remain pending
[2019.03.25-17.00.30:406][  0]LogPakFile: Registered encryption key '00000000000000000000000000000000': 0 pak files mounted, 0 remain pending
[2019.03.25-17.00.30:407][  0]LogPakFile: Registered encryption key '00000000000000000000000000000000': 0 pak files mounted, 0 remain pending
[2019.03.25-17.00.30:408][  0]LogPakFile: Registered encryption key '00000000000000000000000000000000': 0 pak files mounted, 0 remain pending
[2019.03.25-17.00.30:409][  0]LogPakFile: Registered encryption key '00000000000000000000000000000000': 0 pak files mounted, 0 remain pending
[2019.03.25-17.00.30:480][  0]LogContentBrowser: Native class hierarchy updated for 'AddContentDialog' in 0.0005 seconds. Added 0 classes and 0 folders.
[2019.03.25-17.00.30:492][  0]LogContentBrowser: Native class hierarchy updated for 'SceneOutliner' in 0.0009 seconds. Added 1 classes and 2 folders.
[2019.03.25-17.00.30:513][  0]LogSlate: Took 0.000355 seconds to synchronously load lazily loaded font '../../../Engine/Content/Slate/Fonts/Roboto-Regular.ttf' (155K)
[2019.03.25-17.00.30:517][  0]LogSlate: Took 0.000379 seconds to synchronously load lazily loaded font '../../../Engine/Content/Slate/Fonts/Roboto-Bold.ttf' (160K)
[2019.03.25-17.00.30:527][  0]LogSlate: Took 0.000323 seconds to synchronously load lazily loaded font '../../../Engine/Content/Editor/Slate/Fonts/FontAwesome.ttf' (139K)
[2019.03.25-17.00.30:645][  0]LogRenderer: Reallocating scene render targets to support 732x360 Format 10 NumSamples 1 (Frame:1).
[2019.03.25-17.00.30:713][  0]LogSlate: Took 0.000287 seconds to synchronously load lazily loaded font '../../../Engine/Content/Slate/Fonts/Roboto-Light.ttf' (167K)
[2019.03.25-17.00.30:916][  0]LogContentBrowser: Native class hierarchy updated for 'HierarchicalLODOutliner' in 0.0009 seconds. Added 0 classes and 0 folders.
[2019.03.25-17.00.30:917][  0]LogLoad: (Engine Initialization) Total time: 15.99 seconds
[2019.03.25-17.00.30:917][  0]LogLoad: (Engine Initialization) Total Blueprint compile time: 0.00 seconds
[2019.03.25-17.00.30:937][  0]LogWindowsTextInputMethodSystem: Display: IME system now deactivated.
[2019.03.25-17.00.30:999][  0]LogContentStreaming: Texture pool size now 1000 MB
[2019.03.25-17.00.31:152][  2]LogAssetRegistry: Asset discovery search completed in 9.0834 seconds
[2019.03.25-17.00.31:154][  2]LogCollectionManager: Rebuilt the object cache for 0 collections in 0.000000 seconds (found 0 objects)
[2019.03.25-17.00.31:154][  2]LogCollectionManager: Fixed up redirectors for 0 collections in 0.000211 seconds (updated 0 objects)
[2019.03.25-17.01.44:395][225]LogSlate: FSceneViewport::OnFocusLost() reason 2
[2019.03.25-17.01.44:990][261]LogTemp: Repeating last play command: Simulate
[2019.03.25-17.01.45:010][261]LogBlueprintUserMessages: Early PlayInEditor Detection: Level '/Game/LevelOne.LevelOne:PersistentLevel' has LevelScriptBlueprint '/Game/LevelOne.LevelOne:PersistentLevel.LevelOne' with GeneratedClass '/Game/LevelOne.LevelOne_C' with ClassGeneratedBy '/Game/LevelOne.LevelOne:PersistentLevel.LevelOne'
[2019.03.25-17.01.45:010][261]LogPlayLevel: PlayLevel: No blueprints needed recompiling
[2019.03.25-17.01.45:011][261]PIE: New page: SIE session: LevelOne (Mar 25, 2019, 9:01:45 AM)
[2019.03.25-17.01.45:027][261]LogPlayLevel: Creating play world package: /Game/UEDPIE_0_LevelOne
[2019.03.25-17.01.45:034][261]LogPlayLevel: PIE: StaticDuplicateObject took: (0.006514s)
[2019.03.25-17.01.45:035][261]LogAIModule: Creating AISystem for world LevelOne
[2019.03.25-17.01.45:035][261]LogPlayLevel: PIE: World Init took: (0.001519s)
[2019.03.25-17.01.45:036][261]LogPlayLevel: PIE: Created PIE world by copying editor world from /Game/LevelOne.LevelOne to /Game/UEDPIE_0_LevelOne.LevelOne (0.008880s)
[2019.03.25-17.01.45:071][261]LogInit: XAudio2 using 'Speakers (Realtek High Definition Audio)' : 2 channels at 48 kHz using 16 bits per sample (channel mask 0x3)
[2019.03.25-17.01.45:095][261]LogInit: FAudioDevice initialized.
[2019.03.25-17.01.45:096][261]LogSlate: FSceneViewport::OnFocusLost() reason 2
[2019.03.25-17.01.45:148][261]LogLoad: Game class is 'ScaryMazeGameMode'
[2019.03.25-17.01.45:150][261]LogWorld: Bringing World /Game/UEDPIE_0_LevelOne.LevelOne up for play (max tick rate 60) at 2019.03.25-13.01.45
[2019.03.25-17.01.45:151][261]LogWorld: Bringing up level for play took: 0.000895
[2019.03.25-17.01.45:173][261]LogContentBrowser: Native class hierarchy updated for 'MovieSceneCapture' in 0.0007 seconds. Added 20 classes and 0 folders.
[2019.03.25-17.01.45:348][261]PIE: Play in editor start time for /Game/UEDPIE_0_LevelOne 1.169
[2019.03.25-17.01.45:352][261]LogBlueprintUserMessages: Late PlayInEditor Detection: Level '/Game/LevelOne.LevelOne:PersistentLevel' has LevelScriptBlueprint '/Game/LevelOne.LevelOne:PersistentLevel.LevelOne' with GeneratedClass '/Game/LevelOne.LevelOne_C' with ClassGeneratedBy '/Game/LevelOne.LevelOne:PersistentLevel.LevelOne'
[2019.03.25-17.01.46:186][283]LogSlate: Updating window title bar state: overlay mode, drag disabled, window buttons hidden, title bar hidden
[2019.03.25-17.02.04:931][344]LogBlueprintUserMessages: Early EndPlayMap Detection: Level '/Game/LevelOne.LevelOne:PersistentLevel' has LevelScriptBlueprint '/Game/LevelOne.LevelOne:PersistentLevel.LevelOne' with GeneratedClass '/Game/LevelOne.LevelOne_C' with ClassGeneratedBy '/Game/LevelOne.LevelOne:PersistentLevel.LevelOne'
[2019.03.25-17.02.04:932][344]LogSlate: Updating window title bar state: overlay mode, drag disabled, window buttons hidden, title bar hidden
[2019.03.25-17.02.04:992][344]LogPlayLevel: Display: Shutting down PIE online subsystems
[2019.03.25-17.02.04:994][344]LogBlueprintUserMessages: Late EndPlayMap Detection: Level '/Game/LevelOne.LevelOne:PersistentLevel' has LevelScriptBlueprint '/Game/LevelOne.LevelOne:PersistentLevel.LevelOne' with GeneratedClass '/Game/LevelOne.LevelOne_C' with ClassGeneratedBy '/Game/LevelOne.LevelOne:PersistentLevel.LevelOne'
[2019.03.25-17.02.05:038][344]LogSlate: Updating window title bar state: overlay mode, drag disabled, window buttons hidden, title bar hidden
[2019.03.25-17.02.05:056][345]LogPlayLevel: Display: Destroying online subsystem :Context_2
[2019.03.25-17.08.18:642][688]LogSlate: FSceneViewport::OnFocusLost() reason 0
[2019.03.25-17.08.29:949][323]LogUObjectGlobals: Reloading 1 Package(s):
	Asset Name: /Game/Assets/Lights/Matches/Blueprints/BP_Match
[2019.03.25-17.08.29:952][323]LogSlate: Took 0.000277 seconds to synchronously load lazily loaded font '../../../Engine/Content/Slate/Fonts/Roboto-Light.ttf' (167K)
[2019.03.25-17.08.34:238][548]Candidate modules for hot reload:
[2019.03.25-17.08.34:238][548]  ScaryMaze
[2019.03.25-17.08.34:238][548]Launching UnrealBuildTool... [C:/Program Files/Epic Games/UE_4.21/Engine/Binaries/DotNET/UnrealBuildTool.exe  -ModuleWithSuffix=ScaryMaze,9933 Win64 Development -TargetType=Editor -Project="../../../../../../Users/james/Desktop/Processes for OOS/COP4331 Project/ScaryMaze/ScaryMaze.uproject" -canskiplink "C:/Users/james/Desktop/Processes for OOS/COP4331 Project/ScaryMaze/ScaryMaze.uproject" ]
[2019.03.25-17.08.34:243][548]Warning: Starting HotReload took  0.1s.
[2019.03.25-17.08.53:513][696]CompilerResultsLog: New page: Compilation - Mar 25, 2019, 9:08:53 AM
[2019.03.25-17.08.53:514][696]CompilerResultsLog: Using 'git status' to determine working set for adaptive non-unity build (C:\Users\james\Desktop\Processes for OOS\COP4331 Project).
[2019.03.25-17.08.53:514][696]CompilerResultsLog: Creating makefile for hot reloading ScaryMazeEditor (source directory changed)
[2019.03.25-17.08.53:514][696]CompilerResultsLog: Compiling game modules for hot reload
[2019.03.25-17.08.53:515][696]CompilerResultsLog: Using Visual Studio 2017 14.16.27023 toolchain (C:\Program Files (x86)\Microsoft Visual Studio\2017\Community\VC\Tools\MSVC\14.16.27023) and Windows 10.0.17763.0 SDK (C:\Program Files (x86)\Windows Kits\10).
[2019.03.25-17.08.53:515][696]CompilerResultsLog: Building 3 actions with 4 processes...
[2019.03.25-17.08.53:516][696]CompilerResultsLog:   [1/3] Match.cpp
[2019.03.25-17.08.53:517][696]CompilerResultsLog:   [2/3] UE4Editor-ScaryMaze-9933.lib
[2019.03.25-17.08.53:519][696]CompilerResultsLog:      Creating library C:\Users\james\Desktop\Processes for OOS\COP4331 Project\ScaryMaze\Intermediate\Build\Win64\UE4Editor\Development\ScaryMaze\UE4Editor-ScaryMaze-9933.lib and object C:\Users\james\Desktop\Processes for OOS\COP4331 Project\ScaryMaze\Intermediate\Build\Win64\UE4Editor\Development\ScaryMaze\UE4Editor-ScaryMaze-9933.exp
[2019.03.25-17.08.53:519][696]CompilerResultsLog:   [3/3] UE4Editor-ScaryMaze-9933.dll
[2019.03.25-17.08.53:520][696]CompilerResultsLog:      Creating library C:\Users\james\Desktop\Processes for OOS\COP4331 Project\ScaryMaze\Intermediate\Build\Win64\UE4Editor\Development\ScaryMaze\UE4Editor-ScaryMaze-9933.suppressed.lib and object C:\Users\james\Desktop\Processes for OOS\COP4331 Project\ScaryMaze\Intermediate\Build\Win64\UE4Editor\Development\ScaryMaze\UE4Editor-ScaryMaze-9933.suppressed.exp
[2019.03.25-17.08.53:520][696]CompilerResultsLog: Total build time: 18.71 seconds (Parallel executor: 7.11 seconds)
[2019.03.25-17.08.53:521][696]LogMainFrame: MainFrame: Module compiling took 19.287 seconds
[2019.03.25-17.08.53:864][696]LogHotReload: Re-instancing Match after hot-reload.
[2019.03.25-17.08.54:029][696]LogContentBrowser: Native class hierarchy updated for 'ScaryMaze' in 0.0008 seconds. Added 16 classes and 2 folders.
[2019.03.25-17.08.54:032][696]Display: HotReload successful (30 functions remapped  0 scriptstructs remapped)
[2019.03.25-17.08.54:168][696]LogContentBrowser: Native class hierarchy populated in 0.0094 seconds. Added 2668 classes and 624 folders.
[2019.03.25-17.08.54:168][696]Display: HotReload took 20.0s.
[2019.03.25-17.08.56:869][853]MapCheck: New page: Map Check
[2019.03.25-17.08.57:000][853]Cmd: MAP REBUILD ALLVISIBLE
[2019.03.25-17.08.57:007][853]LogEditorServer: Rebuildmap Clear paths rebuilt
[2019.03.25-17.08.57:344][853]LogMaterial: Display: Missing cached shader map for material FDebugViewModeMaterialProxy MaterialInstanceDynamic_0, compiling. 
[2019.03.25-17.08.59:372][853]LogShaderCompilers: Display: Shaders left to compile 1
[2019.03.25-17.08.59:373][853]TextureStreamingBuild: Display: Compiling optional shaders took 2.061 seconds.
[2019.03.25-17.08.59:429][853]LogLevel: Display: Export Material TexCoord Scales took 0.055 seconds.
[2019.03.25-17.08.59:551][853]TextureStreamingBuild: Display: Build Texture Streaming took 0.109 seconds.
[2019.03.25-17.08.59:617][853]LightingResults: New page: Lighting Build - Mar 25, 2019, 9:08:59 AM
[2019.03.25-17.09.00:269][853]LogSwarmInterface: [OpenConnection] Registering TCP channel ...
[2019.03.25-17.09.00:725][853]LogSwarmInterface: [OpenConnection] Connecting to agent ...
[2019.03.25-17.09.01:094][853]LogSwarmInterface: [TryOpenConnection] Testing the Agent
[2019.03.25-17.09.04:241][853]LogSwarmInterface: Error: [TryOpenConnection] Waiting for the agent to start up ...
[2019.03.25-17.09.04:583][853]LogSwarmInterface: Error: System.Net.Sockets.SocketException (0x80004005): No connection could be made because the target machine actively refused it 127.0.0.1:8008

Server stack trace: 
   at System.Net.Sockets.Socket.DoConnect(EndPoint endPointSnapshot, SocketAddress socketAddress)
   at System.Net.Sockets.Socket.Connect(EndPoint remoteEP)
   at System.Runtime.Remoting.Channels.RemoteConnection.CreateNewSocket(EndPoint ipEndPoint)
   at System.Runtime.Remoting.Channels.SocketCache.GetSocket(String machinePortAndSid, Boolean openNew)
   at System.Runtime.Remoting.Channels.Tcp.TcpClientTransportSink.SendRequestWithRetry(IMessage msg, ITransportHeaders requestHeaders, Stream requestStream)
   at System.Runtime.Remoting.Channels.Tcp.TcpClientTransportSink.AsyncProcessRequest(IClientChannelSinkStack sinkStack, IMessage msg, ITransportHeaders headers, Stream stream)
   at System.Runtime.Remoting.Channels.BinaryClientFormatterSink.AsyncProcessMessage(IMessage msg, IMessageSink replySink)

Exception rethrown at [0]: 
   at System.Runtime.Remoting.Proxies.RealProxy.HandleReturnMessage(IMessage reqMsg, IMessage retMsg)
   at System.Runtime.Remoting.Proxies.RealProxy.PrivateInvoke(MessageData& msgData, Int32 type)
   at NSwarm.IAgentInterfaceWrapper.MethodDelegate.EndInvoke(Hashtable& OutParameters, IAsyncResult result)
   at NSwarm.FSwarmInterface.TryOpenConnection(FConnectionCallback CallbackFunc, IntPtr CallbackData, ELogFlags LoggingFlags) in D:\Build\++UE4\Sync\Engine\Saved\CsTools\Engine\Source\Editor\SwarmInterface\DotNET\SwarmInterface.cs:line 2811
[2019.03.25-17.09.10:035][853]LogSwarmInterface: [TryOpenConnection] Opening Connection to Agent
[2019.03.25-17.09.10:036][853]LogSwarmInterface: [TryOpenConnection] Local Process ID is 14848
[2019.03.25-17.09.20:485][853]LogStaticLightingSystem: Warning: No importance volume found, so the scene bounding box was used.  You can optimize your scene's quality and lighting build times by adding importance volumes.
[2019.03.25-17.09.20:494][853]LogStaticLightingSystem: Running Lightmass w/ ImmediateImport mode ENABLED
[2019.03.25-17.09.20:494][853]LogStaticLightingSystem: Running Lightmass w/ ImmediateProcess mode ENABLED
[2019.03.25-17.09.20:494][853]LogStaticLightingSystem: Running Lightmass w/ Sorting mode ENABLED
[2019.03.25-17.09.20:494][853]LogStaticLightingSystem: Running Lightmass w/ Mapping paddings ENABLED
[2019.03.25-17.09.20:494][853]LogStaticLightingSystem: Running Lightmass w/ Mapping debug paddings DISABLED
[2019.03.25-17.09.21:485][853]Cmd: MAP CHECK DONTDISPLAYDIALOG
[2019.03.25-17.09.21:485][853]MapCheck: New page: LevelOne - Mar 25, 2019, 9:09:21 AM
[2019.03.25-17.09.21:551][853]MapCheck: Map check complete: 0 Error(s), 0 Warning(s), took 66.353ms to complete.
[2019.03.25-17.09.21:579][853]LogEditorBuildUtils: Build time 0:24
[2019.03.25-17.09.27:469][ 52]Job is a success!
[2019.03.25-17.09.27:631][ 53]LogVolumetricLightmapImport: Imported Volumetric Lightmap in 0.014s
[2019.03.25-17.09.27:632][ 53]LogVolumetricLightmapImport:      Indirection Texture 16x16x16 = 0.0Mb
[2019.03.25-17.09.27:632][ 53]LogVolumetricLightmapImport:      BrickData 5x5x5 = 0.0Mb
[2019.03.25-17.09.27:632][ 53]LogVolumetricLightmapImport:      Bricks at Level
[2019.03.25-17.09.27:632][ 53]LogVolumetricLightmapImport:          0: 100.0% covering 100.0% of volume
[2019.03.25-17.09.27:632][ 53]LogVolumetricLightmapImport:          1: 0.0% covering 0.0% of volume
[2019.03.25-17.09.27:632][ 53]LogVolumetricLightmapImport:          2: 0.0% covering 0.0% of volume
[2019.03.25-17.09.27:810][ 53]LogTexture: Display: Building textures: HQ_Lightmap0_1 (AutoDXT, 64X64)
[2019.03.25-17.09.27:810][ 53]LogTexture: Display: Building textures: LQ_Lightmap_0_1 (DXT1, 64X64)
[2019.03.25-17.09.27:810][ 53]LogTexture: Display: Building textures: ShadowMapTexture2D_0 (G8, 32X32)
[2019.03.25-17.09.28:076][ 53]Lightmass on LAPTOP-Q1QSGUBH: 2.56 sec total, 748 ms importing, 72 ms setup, 173 ms photons, 983 ms processing, 0 ms extra exporting [1/1 mappings]. Threads: 3.89 sec total, 178 ms processing.
[2019.03.25-17.09.28:138][ 53]LogStaticLightingSystem: Illumination: 28.4 sec (101 ms encoding lightmaps, 20 ms encoding shadowmaps)
[2019.03.25-17.09.28:138][ 53]LogStaticLightingSystem: Lightmap texture memory:  0.0 MB (0.0 MB streaming, 0.0 MB non-streaming), 2 textures
[2019.03.25-17.09.28:138][ 53]LogStaticLightingSystem: Shadowmap texture memory: 0.0 MB (0.0 MB streaming, 0.0 MB non-streaming), 1 textures
[2019.03.25-17.09.28:522][ 53]DumpUnbuiltLightIteractions
[2019.03.25-17.09.28:522][ 53]Lights with unbuilt interactions: 0
[2019.03.25-17.09.28:523][ 53]
[2019.03.25-17.09.28:525][ 53]Primitives with unbuilt interactions: 0
[2019.03.25-17.09.29:054][ 54]Cmd: MAP CHECK NOTIFYRESULTS
[2019.03.25-17.09.29:055][ 54]MapCheck: New page: LevelOne - Mar 25, 2019, 9:09:29 AM
[2019.03.25-17.09.29:056][ 54]MapCheck: Map check complete: 0 Error(s), 0 Warning(s), took 1.735ms to complete.
[2019.03.25-17.09.33:764][330]LogTemp: Repeating last play command: Simulate
[2019.03.25-17.09.33:786][330]LogBlueprintUserMessages: Early PlayInEditor Detection: Level '/Game/LevelOne.LevelOne:PersistentLevel' has LevelScriptBlueprint '/Game/LevelOne.LevelOne:PersistentLevel.LevelOne' with GeneratedClass '/Game/LevelOne.LevelOne_C' with ClassGeneratedBy '/Game/LevelOne.LevelOne:PersistentLevel.LevelOne'
[2019.03.25-17.09.33:787][330]LogPlayLevel: PlayLevel: No blueprints needed recompiling
[2019.03.25-17.09.33:787][330]PIE: New page: SIE session: LevelOne (Mar 25, 2019, 9:09:33 AM)
[2019.03.25-17.09.33:787][330]LogPlayLevel: Creating play world package: /Game/UEDPIE_0_LevelOne
[2019.03.25-17.09.33:791][330]LogPlayLevel: PIE: StaticDuplicateObject took: (0.003799s)
[2019.03.25-17.09.33:792][330]LogAIModule: Creating AISystem for world LevelOne
[2019.03.25-17.09.33:793][330]LogPlayLevel: PIE: World Init took: (0.001532s)
[2019.03.25-17.09.33:793][330]LogPlayLevel: PIE: Created PIE world by copying editor world from /Game/LevelOne.LevelOne to /Game/UEDPIE_0_LevelOne.LevelOne (0.005882s)
[2019.03.25-17.09.33:860][330]LogInit: XAudio2 using 'Speakers (Realtek High Definition Audio)' : 2 channels at 48 kHz using 16 bits per sample (channel mask 0x3)
[2019.03.25-17.09.33:886][330]LogInit: FAudioDevice initialized.
[2019.03.25-17.09.33:924][330]LogLoad: Game class is 'ScaryMazeGameMode'
[2019.03.25-17.09.33:925][330]LogWorld: Bringing World /Game/UEDPIE_0_LevelOne.LevelOne up for play (max tick rate 60) at 2019.03.25-13.09.33
[2019.03.25-17.09.33:926][330]LogWorld: Bringing up level for play took: 0.001377
[2019.03.25-17.09.34:120][330]PIE: Play in editor start time for /Game/UEDPIE_0_LevelOne -0.06
[2019.03.25-17.09.34:122][330]LogBlueprintUserMessages: Late PlayInEditor Detection: Level '/Game/LevelOne.LevelOne:PersistentLevel' has LevelScriptBlueprint '/Game/LevelOne.LevelOne:PersistentLevel.LevelOne' with GeneratedClass '/Game/LevelOne.LevelOne_C' with ClassGeneratedBy '/Game/LevelOne.LevelOne:PersistentLevel.LevelOne'
[2019.03.25-17.09.35:927][391]LogSlate: Updating window title bar state: overlay mode, drag disabled, window buttons hidden, title bar hidden
[2019.03.25-17.09.41:502][675]LogEditorViewport: Clicking on Actor (LMB): BP_Match_C (BP_Match18)
[2019.03.25-17.09.45:948][903]LogSlate: FSceneViewport::OnFocusLost() reason 0
[2019.03.25-17.09.46:982][964]LogSlate: Took 0.000348 seconds to synchronously load lazily loaded font '../../../Engine/Content/Slate/Fonts/Roboto-Italic.ttf' (157K)
[2019.03.25-17.09.50:187][136]Cmd: SELECT NONE
[2019.03.25-17.09.52:099][223]Cmd: SELECT NONE
[2019.03.25-17.09.52:603][247]LogEditorViewport: Clicking on Actor (LMB): BP_Ground_1_C (BP_Ground_176)
[2019.03.25-17.09.52:743][248]LogBlueprintUserMessages: Early EndPlayMap Detection: Level '/Game/LevelOne.LevelOne:PersistentLevel' has LevelScriptBlueprint '/Game/LevelOne.LevelOne:PersistentLevel.LevelOne' with GeneratedClass '/Game/LevelOne.LevelOne_C' with ClassGeneratedBy '/Game/LevelOne.LevelOne:PersistentLevel.LevelOne'
[2019.03.25-17.09.52:744][248]LogSlate: Updating window title bar state: overlay mode, drag disabled, window buttons hidden, title bar hidden
[2019.03.25-17.09.52:822][248]LogPlayLevel: Display: Shutting down PIE online subsystems
[2019.03.25-17.09.52:822][248]LogBlueprintUserMessages: Late EndPlayMap Detection: Level '/Game/LevelOne.LevelOne:PersistentLevel' has LevelScriptBlueprint '/Game/LevelOne.LevelOne:PersistentLevel.LevelOne' with GeneratedClass '/Game/LevelOne.LevelOne_C' with ClassGeneratedBy '/Game/LevelOne.LevelOne:PersistentLevel.LevelOne'
[2019.03.25-17.09.52:850][248]LogSlate: Updating window title bar state: overlay mode, drag disabled, window buttons hidden, title bar hidden
[2019.03.25-17.09.52:878][249]LogPlayLevel: Display: Destroying online subsystem :Context_3
[2019.03.25-17.10.12:336][766]LogSlate: FSceneViewport::OnFocusLost() reason 2
[2019.03.25-17.11.11:793][993]LogSavePackage: Moving '../../../../../../Users/james/Desktop/Processes for OOS/COP4331 Project/ScaryMaze/Saved/LevelOne_Auto1E61A77924E4D09E883DB22833450F631.tmp' to '../../../../../../Users/james/Desktop/Processes for OOS/COP4331 Project/ScaryMaze/Saved/Autosaves/Game/LevelOne_Auto1.umap'
[2019.03.25-17.11.11:813][993]LogFileHelpers: Editor autosave (incl. sublevels) for '/Game/LevelOne' took 0.283
[2019.03.25-17.11.11:814][993]LogFileHelpers: Editor autosave (incl. sublevels) for all levels took 0.283
