Log file open, 03/25/19 12:18:17
LogWindows: Failed to load 'aqProf.dll' (GetLastError=126)
LogWindows: File 'aqProf.dll' does not exist
LogWindows: Failed to load 'VtuneApi.dll' (GetLastError=126)
LogWindows: File 'VtuneApi.dll' does not exist
LogWindows: Failed to load 'VtuneApi32e.dll' (GetLastError=126)
LogWindows: File 'VtuneApi32e.dll' does not exist
LogConsoleResponse: Display: Failed to find resolution value strings in scalability ini. Falling back to default.
LogInit: Display: Running engine for game: ScaryMaze
LogPakFile: Registered encryption key '00000000000000000000000000000000': 0 pak files mounted, 0 remain pending
LogPlatformFile: Not using cached read wrapper
LogTaskGraph: Started task graph with 5 named threads and 11 total threads with 3 sets of task threads.
LogStats: Stats thread started at 0.627053
LogD3D11RHI: Loaded GFSDK_Aftermath_Lib.x64.dll
LogICUInternationalization: ICU TimeZone Detection - Raw Offset: -5:00, Platform Override: ''
LogPluginManager: Mounting plugin Paper2D
LogPluginManager: Mounting plugin AISupport
LogPluginManager: Mounting plugin LightPropagationVolume
LogPluginManager: Mounting plugin ActorLayerUtilities
LogPluginManager: Mounting plugin CLionSourceCodeAccess
LogPluginManager: Mounting plugin CodeLiteSourceCodeAccess
LogPluginManager: Mounting plugin GitSourceControl
LogPluginManager: Mounting plugin KDevelopSourceCodeAccess
LogPluginManager: Mounting plugin NullSourceCodeAccess
LogPluginManager: Mounting plugin PerforceSourceControl
LogPluginManager: Mounting plugin SubversionSourceControl
LogPluginManager: Mounting plugin UObjectPlugin
LogPluginManager: Mounting plugin VisualStudioCodeSourceCodeAccess
LogPluginManager: Mounting plugin VisualStudioSourceCodeAccess
LogPluginManager: Mounting plugin XCodeSourceCodeAccess
LogPluginManager: Mounting plugin AssetManagerEditor
LogPluginManager: Mounting plugin CryptoKeys
LogPluginManager: Mounting plugin DataValidation
LogPluginManager: Mounting plugin FacialAnimation
LogPluginManager: Mounting plugin GameplayTagsEditor
LogPluginManager: Mounting plugin MacGraphicsSwitching
LogPluginManager: Mounting plugin MeshEditor
LogPluginManager: Mounting plugin MobileLauncherProfileWizard
LogPluginManager: Mounting plugin PluginBrowser
LogPluginManager: Mounting plugin SpeedTreeImporter
LogPluginManager: Mounting plugin DatasmithContent
LogPluginManager: Mounting plugin VariantManagerContent
LogPluginManager: Mounting plugin AlembicImporter
LogPluginManager: Mounting plugin AppleImageUtils
LogPluginManager: Mounting plugin AppleVision
LogPluginManager: Mounting plugin BackChannel
LogPluginManager: Mounting plugin CharacterAI
LogPluginManager: Mounting plugin GeometryCache
LogPluginManager: Mounting plugin HTML5Networking
LogPluginManager: Mounting plugin ProxyLODPlugin
LogPluginManager: Mounting plugin MagicLeap
LogPluginManager: Mounting plugin MagicLeapMedia
LogPluginManager: Mounting plugin AndroidMedia
LogPluginManager: Mounting plugin AvfMedia
LogPluginManager: Mounting plugin ImgMedia
LogPluginManager: Mounting plugin LinearTimecode
LogPluginManager: Mounting plugin MediaCompositing
LogPluginManager: Mounting plugin MediaPlayerEditor
LogPluginManager: Mounting plugin WebMMedia
LogPluginManager: Mounting plugin WmfMedia
LogPluginManager: Mounting plugin TcpMessaging
LogPluginManager: Mounting plugin UdpMessaging
LogPluginManager: Mounting plugin ActorSequence
LogPluginManager: Mounting plugin LevelSequenceEditor
LogPluginManager: Mounting plugin MatineeToLevelSequence
LogPluginManager: Mounting plugin NetcodeUnitTest
LogPluginManager: Mounting plugin NUTUnrealEngine4
LogPluginManager: Mounting plugin OnlineSubsystemGooglePlay
LogPluginManager: Mounting plugin OnlineSubsystemIOS
LogPluginManager: Mounting plugin OnlineSubsystem
LogPluginManager: Mounting plugin OnlineSubsystemNull
LogPluginManager: Mounting plugin OnlineSubsystemUtils
LogPluginManager: Mounting plugin LauncherChunkInstaller
LogPluginManager: Mounting plugin AndroidDeviceProfileSelector
LogPluginManager: Mounting plugin AndroidMoviePlayer
LogPluginManager: Mounting plugin AndroidPermission
LogPluginManager: Mounting plugin AppleMoviePlayer
LogPluginManager: Mounting plugin ArchVisCharacter
LogPluginManager: Mounting plugin AudioCapture
LogPluginManager: Mounting plugin CableComponent
LogPluginManager: Mounting plugin CustomMeshComponent
LogPluginManager: Mounting plugin EditableMesh
LogPluginManager: Mounting plugin ExampleDeviceProfileSelector
LogPluginManager: Mounting plugin Firebase
LogPluginManager: Mounting plugin GoogleCloudMessaging
LogPluginManager: Mounting plugin IOSDeviceProfileSelector
LogPluginManager: Mounting plugin LinuxDeviceProfileSelector
LogPluginManager: Mounting plugin LocationServicesBPLibrary
LogPluginManager: Mounting plugin MobilePatchingUtils
LogPluginManager: Mounting plugin OculusVR
LogPluginManager: Mounting plugin PhysXVehicles
LogPluginManager: Mounting plugin ProceduralMeshComponent
LogPluginManager: Mounting plugin RuntimePhysXCooking
LogPluginManager: Mounting plugin SteamVR
LogPluginManager: Mounting plugin WebMMoviePlayer
LogPluginManager: Mounting plugin WindowsMoviePlayer
LogStreaming: Display: Took  0.350s to configure plugins.
LogInit: Using libcurl 7.55.1-DEV
LogInit:  - built for x86_64-pc-win32
LogInit:  - supports SSL with OpenSSL/1.0.2h
LogInit:  - supports HTTP deflate (compression) using libz 1.2.8
LogInit:  - other features:
LogInit:      CURL_VERSION_SSL
LogInit:      CURL_VERSION_LIBZ
LogInit:      CURL_VERSION_IPV6
LogInit:      CURL_VERSION_ASYNCHDNS
LogInit:      CURL_VERSION_LARGEFILE
LogInit:      CURL_VERSION_IDN
LogInit:  CurlRequestOptions (configurable via config and command line):
LogInit:  - bVerifyPeer = true  - Libcurl will verify peer certificate
LogInit:  - bUseHttpProxy = false  - Libcurl will NOT use HTTP proxy
LogInit:  - bDontReuseConnections = false  - Libcurl will reuse connections
LogInit:  - MaxHostConnections = 16  - Libcurl will limit the number of connections to a host
LogInit:  - LocalHostAddr = Default
LogInit:  - BufferSize = 65536
LogInit: WinSock: version 1.1 (2.2), MaxSocks=32767, MaxUdp=65467
LogInit: Build: ++UE4+Release-4.21-CL-4753647
LogInit: Engine Version: 4.21.2-4753647+++UE4+Release-4.21
LogInit: Compatible Engine Version: 4.21.0-4541578+++UE4+Release-4.21
LogInit: Net CL: 4541578
LogInit: OS: Windows 10 (), CPU: Intel(R) Core(TM) i5-7200U CPU @ 2.50GHz, GPU: Intel(R) HD Graphics 620
LogInit: Compiled (64-bit): Jan 19 2019 02:07:31
LogInit: Compiled with Visual C++: 19.13.26129.00
LogInit: Build Configuration: Development
LogInit: Branch Name: ++UE4+Release-4.21
LogInit: Command Line:  -skipcompile
LogInit: Base Directory: C:/Program Files/Epic Games/UE_4.21/Engine/Binaries/Win64/
LogInit: Installed Engine Build: 1
LogDevObjectVersion: Number of dev versions registered: 22
LogDevObjectVersion:   Dev-Blueprints (B0D832E4-1F89-4F0D-ACCF-7EB736FD4AA2): 10
LogDevObjectVersion:   Dev-Build (E1C64328-A22C-4D53-A36C-8E866417BD8C): 0
LogDevObjectVersion:   Dev-Core (375EC13C-06E4-48FB-B500-84F0262A717E): 2
LogDevObjectVersion:   Dev-Editor (E4B068ED-F494-42E9-A231-DA0B2E46BB41): 26
LogDevObjectVersion:   Dev-Framework (CFFC743F-43B0-4480-9391-14DF171D2073): 34
LogDevObjectVersion:   Dev-Mobile (B02B49B5-BB20-44E9-A304-32B752E40360): 2
LogDevObjectVersion:   Dev-Networking (A4E4105C-59A1-49B5-A7C5-40C4547EDFEE): 0
LogDevObjectVersion:   Dev-Online (39C831C9-5AE6-47DC-9A44-9C173E1C8E7C): 0
LogDevObjectVersion:   Dev-Physics (78F01B33-EBEA-4F98-B9B4-84EACCB95AA2): 0
LogDevObjectVersion:   Dev-Platform (6631380F-2D4D-43E0-8009-CF276956A95A): 0
LogDevObjectVersion:   Dev-Rendering (12F88B9F-8875-4AFC-A67C-D90C383ABD29): 27
LogDevObjectVersion:   Dev-Sequencer (7B5AE74C-D270-4C10-A958-57980B212A5A): 9
LogDevObjectVersion:   Dev-VR (D7296918-1DD6-4BDD-9DE2-64A83CC13884): 2
LogDevObjectVersion:   Dev-LoadTimes (C2A15278-BFE7-4AFE-6C17-90FF531DF755): 1
LogDevObjectVersion:   Private-Geometry (6EACA3D4-40EC-4CC1-B786-8BED09428FC5): 3
LogDevObjectVersion:   Dev-AnimPhys (29E575DD-E0A3-4627-9D10-D276232CDCEA): 17
LogDevObjectVersion:   Dev-Anim (AF43A65D-7FD3-4947-9873-3E8ED9C1BB05): 2
LogDevObjectVersion:   Dev-ReflectionCapture (6B266CEC-1EC7-4B8F-A30B-E4D90942FC07): 1
LogDevObjectVersion:   Dev-Automation (0DF73D61-A23F-47EA-B727-89E90C41499A): 1
LogDevObjectVersion:   FortniteMain (601D1886-AC64-4F84-AA16-D3DE0DEAC7D6): 17
LogDevObjectVersion:   Dev-Enterprise (9DFFBCD6-494F-0158-E221-12823C92A888): 4
LogDevObjectVersion:   Dev-Niagara (F2AED0AC-9AFE-416F-8664-AA7FFA26D6FC): 1
LogStreaming: Display: Took  0.015s to delete old logs.
LogInit: Presizing for max 8388607 objects, including 0 objects not considered by GC, pre-allocating 0 bytes for permanent pool.
LogInit: Object subsystem initialized
LogConfig: Setting CVar [[con.DebugEarlyDefault:1]]
LogConfig: Setting CVar [[r.setres:1280x720]]
[2019.03.25-16.18.19:209][  0]LogConfig: Setting CVar [[r.VSync:0]]
[2019.03.25-16.18.19:209][  0]LogConfig: Setting CVar [[r.RHICmdBypass:0]]
[2019.03.25-16.18.19:209][  0]LogConfig: Applying CVar settings from Section [/Script/Engine.RendererSettings] File [C:/Users/james/Desktop/Processes for OOS/COP4331 Project/ScaryMaze/Saved/Config/Windows/Engine.ini]
[2019.03.25-16.18.19:209][  0]LogConfig: Setting CVar [[r.GPUCrashDebugging:0]]
[2019.03.25-16.18.19:209][  0]LogConfig: Applying CVar settings from Section [/Script/Engine.RendererOverrideSettings] File [C:/Users/james/Desktop/Processes for OOS/COP4331 Project/ScaryMaze/Saved/Config/Windows/Engine.ini]
[2019.03.25-16.18.19:209][  0]LogConfig: Applying CVar settings from Section [/Script/Engine.StreamingSettings] File [C:/Users/james/Desktop/Processes for OOS/COP4331 Project/ScaryMaze/Saved/Config/Windows/Engine.ini]
[2019.03.25-16.18.19:209][  0]LogConfig: Setting CVar [[s.MinBulkDataSizeForAsyncLoading:131072]]
[2019.03.25-16.18.19:209][  0]LogConfig: Setting CVar [[s.AsyncLoadingThreadEnabled:0]]
[2019.03.25-16.18.19:210][  0]LogConfig: Setting CVar [[s.EventDrivenLoaderEnabled:1]]
[2019.03.25-16.18.19:210][  0]LogConfig: Setting CVar [[s.WarnIfTimeLimitExceeded:0]]
[2019.03.25-16.18.19:210][  0]LogConfig: Setting CVar [[s.TimeLimitExceededMultiplier:1.5]]
[2019.03.25-16.18.19:210][  0]LogConfig: Setting CVar [[s.TimeLimitExceededMinTime:0.005]]
[2019.03.25-16.18.19:210][  0]LogConfig: Setting CVar [[s.UseBackgroundLevelStreaming:1]]
[2019.03.25-16.18.19:210][  0]LogConfig: Setting CVar [[s.PriorityAsyncLoadingExtraTime:15.0]]
[2019.03.25-16.18.19:210][  0]LogConfig: Setting CVar [[s.LevelStreamingActorsUpdateTimeLimit:5.0]]
[2019.03.25-16.18.19:210][  0]LogConfig: Setting CVar [[s.PriorityLevelStreamingActorsUpdateExtraTime:5.0]]
[2019.03.25-16.18.19:210][  0]LogConfig: Setting CVar [[s.LevelStreamingComponentsRegistrationGranularity:10]]
[2019.03.25-16.18.19:210][  0]LogConfig: Setting CVar [[s.UnregisterComponentsTimeLimit:1.0]]
[2019.03.25-16.18.19:210][  0]LogConfig: Setting CVar [[s.LevelStreamingComponentsUnregistrationGranularity:5]]
[2019.03.25-16.18.19:210][  0]LogConfig: Applying CVar settings from Section [/Script/Engine.GarbageCollectionSettings] File [C:/Users/james/Desktop/Processes for OOS/COP4331 Project/ScaryMaze/Saved/Config/Windows/Engine.ini]
[2019.03.25-16.18.19:210][  0]LogConfig: Setting CVar [[gc.MaxObjectsNotConsideredByGC:1]]
[2019.03.25-16.18.19:210][  0]LogConfig: Setting CVar [[gc.SizeOfPermanentObjectPool:0]]
[2019.03.25-16.18.19:210][  0]LogConfig: Setting CVar [[gc.FlushStreamingOnGC:0]]
[2019.03.25-16.18.19:210][  0]LogConfig: Setting CVar [[gc.NumRetriesBeforeForcingGC:10]]
[2019.03.25-16.18.19:211][  0]LogConfig: Setting CVar [[gc.AllowParallelGC:1]]
[2019.03.25-16.18.19:211][  0]LogConfig: Setting CVar [[gc.TimeBetweenPurgingPendingKillObjects:61.1]]
[2019.03.25-16.18.19:211][  0]LogConfig: Setting CVar [[gc.MaxObjectsInEditor:8388607]]
[2019.03.25-16.18.19:211][  0]LogConfig: Setting CVar [[gc.IncrementalBeginDestroyEnabled:1]]
[2019.03.25-16.18.19:211][  0]LogConfig: Setting CVar [[gc.CreateGCClusters:1]]
[2019.03.25-16.18.19:211][  0]LogConfig: Setting CVar [[gc.MergeGCClusters:0]]
[2019.03.25-16.18.19:211][  0]LogConfig: Setting CVar [[gc.MinGCClusterSize:5]]
[2019.03.25-16.18.19:211][  0]LogConfig: Setting CVar [[gc.ActorClusteringEnabled:0]]
[2019.03.25-16.18.19:211][  0]LogConfig: Setting CVar [[gc.BlueprintClusteringEnabled:0]]
[2019.03.25-16.18.19:211][  0]LogConfig: Setting CVar [[gc.UseDisregardForGCOnDedicatedServers:0]]
[2019.03.25-16.18.19:211][  0]LogConfig: Applying CVar settings from Section [/Script/Engine.NetworkSettings] File [C:/Users/james/Desktop/Processes for OOS/COP4331 Project/ScaryMaze/Saved/Config/Windows/Engine.ini]
[2019.03.25-16.18.19:211][  0]LogConfig: Applying CVar settings from Section [/Script/UnrealEd.CookerSettings] File [C:/Users/james/Desktop/Processes for OOS/COP4331 Project/ScaryMaze/Saved/Config/Windows/Engine.ini]
[2019.03.25-16.18.19:222][  0]LogConfig: Applying CVar settings from Section [ViewDistanceQuality@3] File [C:/Users/james/Desktop/Processes for OOS/COP4331 Project/ScaryMaze/Saved/Config/Windows/Scalability.ini]
[2019.03.25-16.18.19:222][  0]LogConfig: Setting CVar [[r.SkeletalMeshLODBias:0]]
[2019.03.25-16.18.19:222][  0]LogConfig: Setting CVar [[r.ViewDistanceScale:1.0]]
[2019.03.25-16.18.19:222][  0]LogConfig: Applying CVar settings from Section [AntiAliasingQuality@3] File [C:/Users/james/Desktop/Processes for OOS/COP4331 Project/ScaryMaze/Saved/Config/Windows/Scalability.ini]
[2019.03.25-16.18.19:222][  0]LogConfig: Setting CVar [[r.PostProcessAAQuality:4]]
[2019.03.25-16.18.19:222][  0]LogConfig: Applying CVar settings from Section [ShadowQuality@3] File [C:/Users/james/Desktop/Processes for OOS/COP4331 Project/ScaryMaze/Saved/Config/Windows/Scalability.ini]
[2019.03.25-16.18.19:222][  0]LogConfig: Setting CVar [[r.LightFunctionQuality:1]]
[2019.03.25-16.18.19:222][  0]LogConfig: Setting CVar [[r.ShadowQuality:5]]
[2019.03.25-16.18.19:222][  0]LogConfig: Setting CVar [[r.Shadow.CSM.MaxCascades:10]]
[2019.03.25-16.18.19:222][  0]LogConfig: Setting CVar [[r.Shadow.MaxResolution:2048]]
[2019.03.25-16.18.19:222][  0]LogConfig: Setting CVar [[r.Shadow.MaxCSMResolution:2048]]
[2019.03.25-16.18.19:223][  0]LogConfig: Setting CVar [[r.Shadow.RadiusThreshold:0.01]]
[2019.03.25-16.18.19:223][  0]LogConfig: Setting CVar [[r.Shadow.DistanceScale:1.0]]
[2019.03.25-16.18.19:223][  0]LogConfig: Setting CVar [[r.Shadow.CSM.TransitionScale:1.0]]
[2019.03.25-16.18.19:223][  0]LogConfig: Setting CVar [[r.Shadow.PreShadowResolutionFactor:1.0]]
[2019.03.25-16.18.19:223][  0]LogConfig: Setting CVar [[r.DistanceFieldShadowing:1]]
[2019.03.25-16.18.19:223][  0]LogConfig: Setting CVar [[r.DistanceFieldAO:1]]
[2019.03.25-16.18.19:223][  0]LogConfig: Setting CVar [[r.AOQuality:2]]
[2019.03.25-16.18.19:223][  0]LogConfig: Setting CVar [[r.VolumetricFog:1]]
[2019.03.25-16.18.19:223][  0]LogConfig: Setting CVar [[r.VolumetricFog.GridPixelSize:8]]
[2019.03.25-16.18.19:223][  0]LogConfig: Setting CVar [[r.VolumetricFog.GridSizeZ:128]]
[2019.03.25-16.18.19:223][  0]LogConfig: Setting CVar [[r.VolumetricFog.HistoryMissSupersampleCount:4]]
[2019.03.25-16.18.19:223][  0]LogConfig: Setting CVar [[r.LightMaxDrawDistanceScale:1]]
[2019.03.25-16.18.19:223][  0]LogConfig: Setting CVar [[r.CapsuleShadows:1]]
[2019.03.25-16.18.19:223][  0]LogConfig: Applying CVar settings from Section [PostProcessQuality@3] File [C:/Users/james/Desktop/Processes for OOS/COP4331 Project/ScaryMaze/Saved/Config/Windows/Scalability.ini]
[2019.03.25-16.18.19:223][  0]LogConfig: Setting CVar [[r.MotionBlurQuality:4]]
[2019.03.25-16.18.19:223][  0]LogConfig: Setting CVar [[r.AmbientOcclusionMipLevelFactor:0.4]]
[2019.03.25-16.18.19:224][  0]LogConfig: Setting CVar [[r.AmbientOcclusionMaxQuality:100]]
[2019.03.25-16.18.19:224][  0]LogConfig: Setting CVar [[r.AmbientOcclusionLevels:-1]]
[2019.03.25-16.18.19:224][  0]LogConfig: Setting CVar [[r.AmbientOcclusionRadiusScale:1.0]]
[2019.03.25-16.18.19:224][  0]LogConfig: Setting CVar [[r.DepthOfFieldQuality:2]]
[2019.03.25-16.18.19:224][  0]LogConfig: Setting CVar [[r.RenderTargetPoolMin:400]]
[2019.03.25-16.18.19:224][  0]LogConfig: Setting CVar [[r.LensFlareQuality:2]]
[2019.03.25-16.18.19:224][  0]LogConfig: Setting CVar [[r.SceneColorFringeQuality:1]]
[2019.03.25-16.18.19:224][  0]LogConfig: Setting CVar [[r.EyeAdaptationQuality:2]]
[2019.03.25-16.18.19:224][  0]LogConfig: Setting CVar [[r.BloomQuality:5]]
[2019.03.25-16.18.19:224][  0]LogConfig: Setting CVar [[r.FastBlurThreshold:100]]
[2019.03.25-16.18.19:224][  0]LogConfig: Setting CVar [[r.Upscale.Quality:3]]
[2019.03.25-16.18.19:224][  0]LogConfig: Setting CVar [[r.Tonemapper.GrainQuantization:1]]
[2019.03.25-16.18.19:224][  0]LogConfig: Setting CVar [[r.LightShaftQuality:1]]
[2019.03.25-16.18.19:224][  0]LogConfig: Setting CVar [[r.Filter.SizeScale:1]]
[2019.03.25-16.18.19:224][  0]LogConfig: Setting CVar [[r.Tonemapper.Quality:5]]
[2019.03.25-16.18.19:224][  0]LogConfig: Setting CVar [[r.DOF.Gather.AccumulatorQuality:1        ; higher gathering accumulator quality]]
[2019.03.25-16.18.19:224][  0]LogConfig: Setting CVar [[r.DOF.Gather.PostfilterMethod:1          ; Median3x3 postfilering method]]
[2019.03.25-16.18.19:225][  0]LogConfig: Setting CVar [[r.DOF.Gather.EnableBokehSettings:0       ; no bokeh simulation when gathering]]
[2019.03.25-16.18.19:225][  0]LogConfig: Setting CVar [[r.DOF.Gather.RingCount:4                 ; medium number of samples when gathering]]
[2019.03.25-16.18.19:225][  0]LogConfig: Setting CVar [[r.DOF.Scatter.ForegroundCompositing:1    ; additive foreground scattering]]
[2019.03.25-16.18.19:225][  0]LogConfig: Setting CVar [[r.DOF.Scatter.BackgroundCompositing:2    ; additive background scattering]]
[2019.03.25-16.18.19:225][  0]LogConfig: Setting CVar [[r.DOF.Scatter.EnableBokehSettings:1      ; bokeh simulation when scattering]]
[2019.03.25-16.18.19:225][  0]LogConfig: Setting CVar [[r.DOF.Scatter.MaxSpriteRatio:0.1         ; only a maximum of 10% of scattered bokeh]]
[2019.03.25-16.18.19:225][  0]LogConfig: Setting CVar [[r.DOF.Recombine.Quality:1                ; cheap slight out of focus]]
[2019.03.25-16.18.19:225][  0]LogConfig: Setting CVar [[r.DOF.Recombine.EnableBokehSettings:0    ; no bokeh simulation on slight out of focus]]
[2019.03.25-16.18.19:225][  0]LogConfig: Setting CVar [[r.DOF.TemporalAAQuality:1                ; more stable temporal accumulation]]
[2019.03.25-16.18.19:225][  0]LogConfig: Setting CVar [[r.DOF.Kernel.MaxForegroundRadius:0.025]]
[2019.03.25-16.18.19:225][  0]LogConfig: Setting CVar [[r.DOF.Kernel.MaxBackgroundRadius:0.025]]
[2019.03.25-16.18.19:225][  0]LogConfig: Applying CVar settings from Section [TextureQuality@3] File [C:/Users/james/Desktop/Processes for OOS/COP4331 Project/ScaryMaze/Saved/Config/Windows/Scalability.ini]
[2019.03.25-16.18.19:225][  0]LogConfig: Setting CVar [[r.Streaming.MipBias:0]]
[2019.03.25-16.18.19:225][  0]LogConfig: Setting CVar [[r.Streaming.AmortizeCPUToGPUCopy:0]]
[2019.03.25-16.18.19:225][  0]LogConfig: Setting CVar [[r.Streaming.MaxNumTexturesToStreamPerFrame:0]]
[2019.03.25-16.18.19:225][  0]LogConfig: Setting CVar [[r.Streaming.Boost:1]]
[2019.03.25-16.18.19:225][  0]LogConfig: Setting CVar [[r.MaxAnisotropy:8]]
[2019.03.25-16.18.19:226][  0]LogConfig: Setting CVar [[r.Streaming.LimitPoolSizeToVRAM:0]]
[2019.03.25-16.18.19:226][  0]LogConfig: Setting CVar [[r.Streaming.PoolSize:1000]]
[2019.03.25-16.18.19:226][  0]LogConfig: Setting CVar [[r.Streaming.MaxEffectiveScreenSize:0]]
[2019.03.25-16.18.19:226][  0]LogConfig: Applying CVar settings from Section [EffectsQuality@3] File [C:/Users/james/Desktop/Processes for OOS/COP4331 Project/ScaryMaze/Saved/Config/Windows/Scalability.ini]
[2019.03.25-16.18.19:226][  0]LogConfig: Setting CVar [[r.TranslucencyLightingVolumeDim:64]]
[2019.03.25-16.18.19:226][  0]LogConfig: Setting CVar [[r.RefractionQuality:2]]
[2019.03.25-16.18.19:226][  0]LogConfig: Setting CVar [[r.SSR.Quality:3]]
[2019.03.25-16.18.19:226][  0]LogConfig: Setting CVar [[r.SceneColorFormat:4]]
[2019.03.25-16.18.19:226][  0]LogConfig: Setting CVar [[r.DetailMode:2]]
[2019.03.25-16.18.19:226][  0]LogConfig: Setting CVar [[r.TranslucencyVolumeBlur:1]]
[2019.03.25-16.18.19:226][  0]LogConfig: Setting CVar [[r.MaterialQualityLevel:1 ; High quality]]
[2019.03.25-16.18.19:226][  0]LogConfig: Setting CVar [[r.SSS.Scale:1]]
[2019.03.25-16.18.19:226][  0]LogConfig: Setting CVar [[r.SSS.SampleSet:2]]
[2019.03.25-16.18.19:226][  0]LogConfig: Setting CVar [[r.SSS.Quality:1]]
[2019.03.25-16.18.19:226][  0]LogConfig: Setting CVar [[r.SSS.HalfRes:1]]
[2019.03.25-16.18.19:226][  0]LogConfig: Setting CVar [[r.EmitterSpawnRateScale:1.0]]
[2019.03.25-16.18.19:226][  0]LogConfig: Setting CVar [[r.ParticleLightQuality:2]]
[2019.03.25-16.18.19:226][  0]LogConfig: Applying CVar settings from Section [FoliageQuality@3] File [C:/Users/james/Desktop/Processes for OOS/COP4331 Project/ScaryMaze/Saved/Config/Windows/Scalability.ini]
[2019.03.25-16.18.19:226][  0]LogConfig: Setting CVar [[foliage.DensityScale:1.0]]
[2019.03.25-16.18.19:227][  0]LogConfig: Setting CVar [[grass.DensityScale:1.0]]
[2019.03.25-16.18.19:227][  0]LogInit: Selected Device Profile: [Windows]
[2019.03.25-16.18.19:227][  0]LogInit: Applying CVar settings loaded from the selected device profile: [Windows]
[2019.03.25-16.18.19:283][  0]LogHAL: Display: Platform has ~ 8 GB [8499228672 / 8589934592 / 8], which maps to Default [LargestMinGB=32, LargerMinGB=12, DefaultMinGB=8, SmallerMinGB=6, SmallestMinGB=0)
[2019.03.25-16.18.19:283][  0]LogConfig: Setting CVar [[r.Vulkan.UseRealUBs:1]]
[2019.03.25-16.18.19:283][  0]LogInit: Going up to parent DeviceProfile []
[2019.03.25-16.18.19:283][  0]LogConfig: Applying CVar settings from Section [ViewDistanceQuality@3] File [C:/Users/james/Desktop/Processes for OOS/COP4331 Project/ScaryMaze/Saved/Config/Windows/Scalability.ini]
[2019.03.25-16.18.19:283][  0]LogConfig: Setting CVar [[r.SkeletalMeshLODBias:0]]
[2019.03.25-16.18.19:283][  0]LogConfig: Setting CVar [[r.ViewDistanceScale:1.0]]
[2019.03.25-16.18.19:283][  0]LogConfig: Applying CVar settings from Section [AntiAliasingQuality@3] File [C:/Users/james/Desktop/Processes for OOS/COP4331 Project/ScaryMaze/Saved/Config/Windows/Scalability.ini]
[2019.03.25-16.18.19:284][  0]LogConfig: Setting CVar [[r.PostProcessAAQuality:4]]
[2019.03.25-16.18.19:284][  0]LogConfig: Applying CVar settings from Section [ShadowQuality@3] File [C:/Users/james/Desktop/Processes for OOS/COP4331 Project/ScaryMaze/Saved/Config/Windows/Scalability.ini]
[2019.03.25-16.18.19:284][  0]LogConfig: Setting CVar [[r.LightFunctionQuality:1]]
[2019.03.25-16.18.19:284][  0]LogConfig: Setting CVar [[r.ShadowQuality:5]]
[2019.03.25-16.18.19:284][  0]LogConfig: Setting CVar [[r.Shadow.CSM.MaxCascades:10]]
[2019.03.25-16.18.19:284][  0]LogConfig: Setting CVar [[r.Shadow.MaxResolution:2048]]
[2019.03.25-16.18.19:284][  0]LogConfig: Setting CVar [[r.Shadow.MaxCSMResolution:2048]]
[2019.03.25-16.18.19:284][  0]LogConfig: Setting CVar [[r.Shadow.RadiusThreshold:0.01]]
[2019.03.25-16.18.19:284][  0]LogConfig: Setting CVar [[r.Shadow.DistanceScale:1.0]]
[2019.03.25-16.18.19:284][  0]LogConfig: Setting CVar [[r.Shadow.CSM.TransitionScale:1.0]]
[2019.03.25-16.18.19:284][  0]LogConfig: Setting CVar [[r.Shadow.PreShadowResolutionFactor:1.0]]
[2019.03.25-16.18.19:284][  0]LogConfig: Setting CVar [[r.DistanceFieldShadowing:1]]
[2019.03.25-16.18.19:284][  0]LogConfig: Setting CVar [[r.DistanceFieldAO:1]]
[2019.03.25-16.18.19:284][  0]LogConfig: Setting CVar [[r.AOQuality:2]]
[2019.03.25-16.18.19:284][  0]LogConfig: Setting CVar [[r.VolumetricFog:1]]
[2019.03.25-16.18.19:284][  0]LogConfig: Setting CVar [[r.VolumetricFog.GridPixelSize:8]]
[2019.03.25-16.18.19:284][  0]LogConfig: Setting CVar [[r.VolumetricFog.GridSizeZ:128]]
[2019.03.25-16.18.19:285][  0]LogConfig: Setting CVar [[r.VolumetricFog.HistoryMissSupersampleCount:4]]
[2019.03.25-16.18.19:285][  0]LogConfig: Setting CVar [[r.LightMaxDrawDistanceScale:1]]
[2019.03.25-16.18.19:285][  0]LogConfig: Setting CVar [[r.CapsuleShadows:1]]
[2019.03.25-16.18.19:285][  0]LogConfig: Applying CVar settings from Section [PostProcessQuality@3] File [C:/Users/james/Desktop/Processes for OOS/COP4331 Project/ScaryMaze/Saved/Config/Windows/Scalability.ini]
[2019.03.25-16.18.19:285][  0]LogConfig: Setting CVar [[r.MotionBlurQuality:4]]
[2019.03.25-16.18.19:285][  0]LogConfig: Setting CVar [[r.AmbientOcclusionMipLevelFactor:0.4]]
[2019.03.25-16.18.19:285][  0]LogConfig: Setting CVar [[r.AmbientOcclusionMaxQuality:100]]
[2019.03.25-16.18.19:285][  0]LogConfig: Setting CVar [[r.AmbientOcclusionLevels:-1]]
[2019.03.25-16.18.19:285][  0]LogConfig: Setting CVar [[r.AmbientOcclusionRadiusScale:1.0]]
[2019.03.25-16.18.19:285][  0]LogConfig: Setting CVar [[r.DepthOfFieldQuality:2]]
[2019.03.25-16.18.19:285][  0]LogConfig: Setting CVar [[r.RenderTargetPoolMin:400]]
[2019.03.25-16.18.19:285][  0]LogConfig: Setting CVar [[r.LensFlareQuality:2]]
[2019.03.25-16.18.19:285][  0]LogConfig: Setting CVar [[r.SceneColorFringeQuality:1]]
[2019.03.25-16.18.19:285][  0]LogConfig: Setting CVar [[r.EyeAdaptationQuality:2]]
[2019.03.25-16.18.19:285][  0]LogConfig: Setting CVar [[r.BloomQuality:5]]
[2019.03.25-16.18.19:285][  0]LogConfig: Setting CVar [[r.FastBlurThreshold:100]]
[2019.03.25-16.18.19:286][  0]LogConfig: Setting CVar [[r.Upscale.Quality:3]]
[2019.03.25-16.18.19:286][  0]LogConfig: Setting CVar [[r.Tonemapper.GrainQuantization:1]]
[2019.03.25-16.18.19:286][  0]LogConfig: Setting CVar [[r.LightShaftQuality:1]]
[2019.03.25-16.18.19:286][  0]LogConfig: Setting CVar [[r.Filter.SizeScale:1]]
[2019.03.25-16.18.19:286][  0]LogConfig: Setting CVar [[r.Tonemapper.Quality:5]]
[2019.03.25-16.18.19:286][  0]LogConfig: Setting CVar [[r.DOF.Gather.AccumulatorQuality:1        ; higher gathering accumulator quality]]
[2019.03.25-16.18.19:286][  0]LogConfig: Setting CVar [[r.DOF.Gather.PostfilterMethod:1          ; Median3x3 postfilering method]]
[2019.03.25-16.18.19:286][  0]LogConfig: Setting CVar [[r.DOF.Gather.EnableBokehSettings:0       ; no bokeh simulation when gathering]]
[2019.03.25-16.18.19:286][  0]LogConfig: Setting CVar [[r.DOF.Gather.RingCount:4                 ; medium number of samples when gathering]]
[2019.03.25-16.18.19:286][  0]LogConfig: Setting CVar [[r.DOF.Scatter.ForegroundCompositing:1    ; additive foreground scattering]]
[2019.03.25-16.18.19:286][  0]LogConfig: Setting CVar [[r.DOF.Scatter.BackgroundCompositing:2    ; additive background scattering]]
[2019.03.25-16.18.19:286][  0]LogConfig: Setting CVar [[r.DOF.Scatter.EnableBokehSettings:1      ; bokeh simulation when scattering]]
[2019.03.25-16.18.19:286][  0]LogConfig: Setting CVar [[r.DOF.Scatter.MaxSpriteRatio:0.1         ; only a maximum of 10% of scattered bokeh]]
[2019.03.25-16.18.19:286][  0]LogConfig: Setting CVar [[r.DOF.Recombine.Quality:1                ; cheap slight out of focus]]
[2019.03.25-16.18.19:286][  0]LogConfig: Setting CVar [[r.DOF.Recombine.EnableBokehSettings:0    ; no bokeh simulation on slight out of focus]]
[2019.03.25-16.18.19:286][  0]LogConfig: Setting CVar [[r.DOF.TemporalAAQuality:1                ; more stable temporal accumulation]]
[2019.03.25-16.18.19:286][  0]LogConfig: Setting CVar [[r.DOF.Kernel.MaxForegroundRadius:0.025]]
[2019.03.25-16.18.19:287][  0]LogConfig: Setting CVar [[r.DOF.Kernel.MaxBackgroundRadius:0.025]]
[2019.03.25-16.18.19:287][  0]LogConfig: Applying CVar settings from Section [TextureQuality@3] File [C:/Users/james/Desktop/Processes for OOS/COP4331 Project/ScaryMaze/Saved/Config/Windows/Scalability.ini]
[2019.03.25-16.18.19:287][  0]LogConfig: Setting CVar [[r.Streaming.MipBias:0]]
[2019.03.25-16.18.19:287][  0]LogConfig: Setting CVar [[r.Streaming.AmortizeCPUToGPUCopy:0]]
[2019.03.25-16.18.19:287][  0]LogConfig: Setting CVar [[r.Streaming.MaxNumTexturesToStreamPerFrame:0]]
[2019.03.25-16.18.19:287][  0]LogConfig: Setting CVar [[r.Streaming.Boost:1]]
[2019.03.25-16.18.19:287][  0]LogConfig: Setting CVar [[r.MaxAnisotropy:8]]
[2019.03.25-16.18.19:287][  0]LogConfig: Setting CVar [[r.Streaming.LimitPoolSizeToVRAM:0]]
[2019.03.25-16.18.19:287][  0]LogConfig: Setting CVar [[r.Streaming.PoolSize:1000]]
[2019.03.25-16.18.19:287][  0]LogConfig: Setting CVar [[r.Streaming.MaxEffectiveScreenSize:0]]
[2019.03.25-16.18.19:287][  0]LogConfig: Applying CVar settings from Section [EffectsQuality@3] File [C:/Users/james/Desktop/Processes for OOS/COP4331 Project/ScaryMaze/Saved/Config/Windows/Scalability.ini]
[2019.03.25-16.18.19:287][  0]LogConfig: Setting CVar [[r.TranslucencyLightingVolumeDim:64]]
[2019.03.25-16.18.19:287][  0]LogConfig: Setting CVar [[r.RefractionQuality:2]]
[2019.03.25-16.18.19:287][  0]LogConfig: Setting CVar [[r.SSR.Quality:3]]
[2019.03.25-16.18.19:287][  0]LogConfig: Setting CVar [[r.SceneColorFormat:4]]
[2019.03.25-16.18.19:287][  0]LogConfig: Setting CVar [[r.DetailMode:2]]
[2019.03.25-16.18.19:288][  0]LogConfig: Setting CVar [[r.TranslucencyVolumeBlur:1]]
[2019.03.25-16.18.19:288][  0]LogConfig: Setting CVar [[r.MaterialQualityLevel:1 ; High quality]]
[2019.03.25-16.18.19:288][  0]LogConfig: Setting CVar [[r.SSS.Scale:1]]
[2019.03.25-16.18.19:288][  0]LogConfig: Setting CVar [[r.SSS.SampleSet:2]]
[2019.03.25-16.18.19:288][  0]LogConfig: Setting CVar [[r.SSS.Quality:1]]
[2019.03.25-16.18.19:288][  0]LogConfig: Setting CVar [[r.SSS.HalfRes:1]]
[2019.03.25-16.18.19:288][  0]LogConfig: Setting CVar [[r.EmitterSpawnRateScale:1.0]]
[2019.03.25-16.18.19:288][  0]LogConfig: Setting CVar [[r.ParticleLightQuality:2]]
[2019.03.25-16.18.19:288][  0]LogConfig: Applying CVar settings from Section [FoliageQuality@3] File [C:/Users/james/Desktop/Processes for OOS/COP4331 Project/ScaryMaze/Saved/Config/Windows/Scalability.ini]
[2019.03.25-16.18.19:288][  0]LogConfig: Setting CVar [[foliage.DensityScale:1.0]]
[2019.03.25-16.18.19:288][  0]LogConfig: Setting CVar [[grass.DensityScale:1.0]]
[2019.03.25-16.18.19:288][  0]LogConfig: Applying CVar settings from Section [Startup] File [../../../Engine/Config/ConsoleVariables.ini]
[2019.03.25-16.18.19:325][  0]LogConfig: Setting CVar [[net.UseAdaptiveNetUpdateFrequency:0]]
[2019.03.25-16.18.19:325][  0]LogConfig: Applying CVar settings from Section [ConsoleVariables] File [C:/Users/james/Desktop/Processes for OOS/COP4331 Project/ScaryMaze/Saved/Config/Windows/Engine.ini]
[2019.03.25-16.18.19:325][  0]LogInit: Computer: LAPTOP-Q1QSGUBH
[2019.03.25-16.18.19:325][  0]LogInit: User: james
[2019.03.25-16.18.19:325][  0]LogInit: CPU Page size=4096, Cores=2
[2019.03.25-16.18.19:325][  0]LogInit: High frequency timer resolution =2.648438 MHz
[2019.03.25-16.18.19:326][  0]LogMemory: Memory total: Physical=7.9GB (8GB approx)
[2019.03.25-16.18.19:326][  0]LogMemory: Platform Memory Stats for Windows
[2019.03.25-16.18.19:326][  0]LogMemory: Process Physical Memory: 102.54 MB used, 102.54 MB peak
[2019.03.25-16.18.19:326][  0]LogMemory: Process Virtual Memory: 84.52 MB used, 84.52 MB peak
[2019.03.25-16.18.19:326][  0]LogMemory: Physical Memory: 5294.81 MB used,  2810.69 MB free, 8105.50 MB total
[2019.03.25-16.18.19:326][  0]LogMemory: Virtual Memory: 4628.92 MB used,  134213096.00 MB free, 134217728.00 MB total
[2019.03.25-16.18.20:406][  0]LogInit: Using OS detected language (en-US).
[2019.03.25-16.18.20:406][  0]LogInit: Using OS detected locale (en-US).
[2019.03.25-16.18.20:408][  0]LogTextLocalizationManager: No specific localization for 'en-US' exists, so the 'en' localization will be used.
[2019.03.25-16.18.21:491][  0]LogStreaming: Display: Took  1.085s to InitEngineTextLocalization.
[2019.03.25-16.18.21:492][  0]LogInit: Setting process to per monitor DPI aware
[2019.03.25-16.18.21:842][  0]LogSlate: New Slate User Created.  User Index 0, Is Virtual User: 0
[2019.03.25-16.18.21:842][  0]LogSlate: Slate User Registered.  User Index 0, Is Virtual User: 0
[2019.03.25-16.18.28:422][  0]LogHMD: Failed to initialize OpenVR with code 110
[2019.03.25-16.18.28:422][  0]LogD3D11RHI: D3D11 adapters:
[2019.03.25-16.18.29:357][  0]LogD3D11RHI:    0. 'NVIDIA GeForce 920MX' (Feature Level 11_0)
[2019.03.25-16.18.29:357][  0]LogD3D11RHI:       2010/0/4052 MB DedicatedVideo/DedicatedSystem/SharedSystem, Outputs:1, VendorId:0x10de
[2019.03.25-16.18.29:513][  0]LogD3D11RHI:    1. 'Intel(R) HD Graphics 620' (Feature Level 11_0)
[2019.03.25-16.18.29:513][  0]LogD3D11RHI:       128/0/4052 MB DedicatedVideo/DedicatedSystem/SharedSystem, Outputs:0, VendorId:0x8086
[2019.03.25-16.18.29:558][  0]LogD3D11RHI:    2. 'Microsoft Basic Render Driver' (Feature Level 11_0)
[2019.03.25-16.18.29:558][  0]LogD3D11RHI:       0/0/4052 MB DedicatedVideo/DedicatedSystem/SharedSystem, Outputs:0, VendorId:0x1414
[2019.03.25-16.18.29:558][  0]LogD3D11RHI: Chosen D3D11 Adapter: 0
[2019.03.25-16.18.29:594][  0]LogD3D11RHI: Creating new Direct3DDevice
[2019.03.25-16.18.29:594][  0]LogD3D11RHI:     GPU DeviceId: 0x134f (for the marketing name, search the web for "GPU Device Id")
[2019.03.25-16.18.29:594][  0]LogWindows: EnumDisplayDevices:
[2019.03.25-16.18.29:594][  0]LogWindows:    0. 'Intel(R) HD Graphics 620' (P:1 D:1)
[2019.03.25-16.18.29:595][  0]LogWindows:    1. 'Intel(R) HD Graphics 620' (P:0 D:0)
[2019.03.25-16.18.29:596][  0]LogWindows:    2. 'Intel(R) HD Graphics 620' (P:0 D:0)
[2019.03.25-16.18.29:597][  0]LogWindows: DebugString: PrimaryIsNotTheChoosenAdapter PrimaryIsNotTheChoosenAdapter PrimaryIsNotTheChoosenAdapter FoundDriverCount:0 
[2019.03.25-16.18.29:597][  0]LogD3D11RHI:     Adapter Name: NVIDIA GeForce 920MX
[2019.03.25-16.18.29:597][  0]LogD3D11RHI:   Driver Version: Unknown (internal:Unknown, unified:Unknown)
[2019.03.25-16.18.29:597][  0]LogD3D11RHI:      Driver Date: Unknown
[2019.03.25-16.18.29:597][  0]LogRHI: Texture pool is 1407 MB (70% of 2010 MB)
[2019.03.25-16.18.29:652][  0]LogD3D11RHI: Async texture creation enabled
[2019.03.25-16.18.29:727][  0]LogD3D11RHI: GPU Timing Frequency: 1000.000000 (Debug: 2 2)
[2019.03.25-16.18.30:310][  0]LogTemp: Display: Loaded TP AllDesktopTargetPlatform
[2019.03.25-16.18.30:376][  0]LogTemp: Display: Loaded TP MacClientTargetPlatform
[2019.03.25-16.18.30:470][  0]LogTemp: Display: Loaded TP MacNoEditorTargetPlatform
[2019.03.25-16.18.30:546][  0]LogTemp: Display: Loaded TP MacServerTargetPlatform
[2019.03.25-16.18.30:683][  0]LogTemp: Display: Loaded TP MacTargetPlatform
[2019.03.25-16.18.30:754][  0]LogTemp: Display: Loaded TP WindowsClientTargetPlatform
[2019.03.25-16.18.30:857][  0]LogTemp: Display: Loaded TP WindowsNoEditorTargetPlatform
[2019.03.25-16.18.30:960][  0]LogTemp: Display: Loaded TP WindowsServerTargetPlatform
[2019.03.25-16.18.31:175][  0]LogTemp: Display: Loaded TP WindowsTargetPlatform
[2019.03.25-16.18.31:456][  0]LogTemp: Display: Loaded TP AndroidTargetPlatform
[2019.03.25-16.18.31:456][  0]LogTemp: Display: Loaded TP AndroidTargetPlatform
[2019.03.25-16.18.31:457][  0]LogTemp: Display: Loaded TP AndroidTargetPlatform
[2019.03.25-16.18.31:457][  0]LogTemp: Display: Loaded TP AndroidTargetPlatform
[2019.03.25-16.18.31:457][  0]LogTemp: Display: Loaded TP AndroidTargetPlatform
[2019.03.25-16.18.31:457][  0]LogTemp: Display: Loaded TP AndroidTargetPlatform
[2019.03.25-16.18.31:457][  0]LogTemp: Display: Loaded TP AndroidTargetPlatform
[2019.03.25-16.18.31:457][  0]LogTemp: Display: Loaded TP AndroidTargetPlatform
[2019.03.25-16.18.31:457][  0]LogTemp: Display: Loaded TP AndroidTargetPlatform
[2019.03.25-16.18.31:457][  0]LogTemp: Display: Loaded TP AndroidTargetPlatform
[2019.03.25-16.18.31:457][  0]LogTemp: Display: Loaded TP AndroidTargetPlatform
[2019.03.25-16.18.31:457][  0]LogTemp: Display: Loaded TP AndroidTargetPlatform
[2019.03.25-16.18.31:457][  0]LogTemp: Display: Loaded TP AndroidTargetPlatform
[2019.03.25-16.18.31:457][  0]LogTemp: Display: Loaded TP AndroidTargetPlatform
[2019.03.25-16.18.31:457][  0]LogTemp: Display: Loaded TP AndroidTargetPlatform
[2019.03.25-16.18.31:457][  0]LogTemp: Display: Loaded TP AndroidTargetPlatform
[2019.03.25-16.18.31:457][  0]LogTemp: Display: Loaded TP AndroidTargetPlatform
[2019.03.25-16.18.31:457][  0]LogTemp: Display: Loaded TP AndroidTargetPlatform
[2019.03.25-16.18.31:534][  0]LogTemp: Display: Loaded TP HTML5TargetPlatform
[2019.03.25-16.18.31:876][  0]LogTemp: Display: Loaded TP IOSTargetPlatform
[2019.03.25-16.18.31:876][  0]LogTemp: Display: Loaded TP IOSTargetPlatform
[2019.03.25-16.18.31:943][  0]LogTemp: Display: Loaded TP TVOSTargetPlatform
[2019.03.25-16.18.31:943][  0]LogTemp: Display: Loaded TP TVOSTargetPlatform
[2019.03.25-16.18.32:007][  0]LogTemp: Display: Loaded TP LinuxClientTargetPlatform
[2019.03.25-16.18.32:038][  0]LogTemp: Display: Loaded TP LinuxNoEditorTargetPlatform
[2019.03.25-16.18.32:088][  0]LogTemp: Display: Loaded TP LinuxServerTargetPlatform
[2019.03.25-16.18.32:184][  0]LogTemp: Display: Loaded TP LinuxTargetPlatform
[2019.03.25-16.18.32:276][  0]LogTemp: Display: Loaded TP LuminTargetPlatform
[2019.03.25-16.18.32:276][  0]LogTemp: Display: Loaded TP LuminTargetPlatform
[2019.03.25-16.18.32:276][  0]LogTargetPlatformManager: Display: Building Assets For Windows
[2019.03.25-16.18.33:112][  0]LogShaderCompilers: Guid format shader working directory is -35 characters bigger than the processId version (../../../../../../Users/james/Desktop/Processes for OOS/COP4331 Project/ScaryMaze/Intermediate/Shaders/WorkingDirectory/4940/).
[2019.03.25-16.18.33:112][  0]LogShaderCompilers: Cleaned the shader compiler working directory 'C:/Users/james/AppData/Local/Temp/UnrealShaderWorkingDir/22A07FE0426E146EF750F29ADD4688B2/'.
[2019.03.25-16.18.33:128][  0]LogXGEController: Cleaning working directory: C:/Users/james/AppData/Local/Temp/UnrealXGEWorkingDir/
[2019.03.25-16.18.33:129][  0]LogXGEController: Cannot use XGE Controller as Incredibuild is not installed on this machine.
[2019.03.25-16.18.33:129][  0]LogShaderCompilers: Cannot use XGE Shader Compiler as Incredibuild is not installed on this machine.
[2019.03.25-16.18.33:129][  0]LogShaderCompilers: Display: Using Local Shader Compiler.
[2019.03.25-16.18.38:233][  0]LogDerivedDataCache: Display: Max Cache Size: 512 MB
[2019.03.25-16.18.39:182][  0]LogDerivedDataCache: Loaded boot cache 0.95s 76MB C:/Users/james/AppData/Local/UnrealEngine/4.21/DerivedDataCache/Boot.ddc.
[2019.03.25-16.18.39:182][  0]LogDerivedDataCache: Display: Loaded Boot cache: C:/Users/james/AppData/Local/UnrealEngine/4.21/DerivedDataCache/Boot.ddc
[2019.03.25-16.18.39:182][  0]LogDerivedDataCache: FDerivedDataBackendGraph:  Pak pak cache file ../../../../../../Users/james/Desktop/Processes for OOS/COP4331 Project/ScaryMaze/DerivedDataCache/DDC.ddp not found, will not use a pak cache.
[2019.03.25-16.18.39:182][  0]LogDerivedDataCache: Unable to find inner node Pak for hierarchical cache Hierarchy.
[2019.03.25-16.18.39:183][  0]LogDerivedDataCache: FDerivedDataBackendGraph:  CompressedPak pak cache file ../../../../../../Users/james/Desktop/Processes for OOS/COP4331 Project/ScaryMaze/DerivedDataCache/Compressed.ddp not found, will not use a pak cache.
[2019.03.25-16.18.39:183][  0]LogDerivedDataCache: Unable to find inner node CompressedPak for hierarchical cache Hierarchy.
[2019.03.25-16.18.39:220][  0]LogDerivedDataCache: Display: Pak cache opened for reading ../../../Engine/DerivedDataCache/Compressed.ddp.
[2019.03.25-16.18.39:220][  0]LogDerivedDataCache: FDerivedDataBackendGraph:  EnterprisePak pak cache file ../../../Enterprise/DerivedDataCache/Compressed.ddp not found, will not use a pak cache.
[2019.03.25-16.18.39:221][  0]LogDerivedDataCache: Unable to find inner node EnterprisePak for hierarchical cache Hierarchy.
[2019.03.25-16.18.39:241][  0]LogDerivedDataCache: Using Local data cache path C:/Users/james/AppData/Local/UnrealEngine/Common/DerivedDataCache: Writable
[2019.03.25-16.18.39:241][  0]LogDerivedDataCache: Shared data cache path not found in *engine.ini, will not use an Shared cache.
[2019.03.25-16.18.39:241][  0]LogDerivedDataCache: Unable to find inner node Shared for hierarchical cache Hierarchy.
[2019.03.25-16.18.39:267][  0]LogMaterial: Verifying Global Shaders for PCD3D_SM5
[2019.03.25-16.18.39:268][  0]LogSlate: Using FreeType 2.6.0
[2019.03.25-16.18.39:319][  0]LogSlate: SlateFontServices - WITH_FREETYPE: 1, WITH_HARFBUZZ: 1
[2019.03.25-16.18.41:487][  0]LogAssetRegistry: FAssetRegistry took 0.0408 seconds to start up
[2019.03.25-16.18.42:525][  0]LogInit: Selected Device Profile: [Windows]
[2019.03.25-16.18.43:260][  0]LogSimplygon: Simplygon DLL not present - disabling.
[2019.03.25-16.18.43:424][  0]LogMeshReduction: Using SimplygonSwarm for distributed automatic mesh merging
[2019.03.25-16.18.43:424][  0]LogMeshReduction: Using ProxyLODMeshReduction for automatic mesh merging
[2019.03.25-16.18.43:424][  0]LogMeshReduction: Using QuadricMeshReduction for automatic static mesh reduction
[2019.03.25-16.18.43:424][  0]LogMeshReduction: No automatic skeletal mesh reduction module available
[2019.03.25-16.18.43:618][  0]LogNetVersion: ScaryMaze 1.0.0, NetCL: 4541578, EngineNetVer: 5, GameNetVer: 0 (Checksum: 3370334168)
[2019.03.25-16.18.45:131][  0]LogPackageLocalizationCache: Processed 11 localized package path(s) for 2 prioritized culture(s) in 0.157774 seconds
[2019.03.25-16.18.45:138][  0]LogUObjectArray: 39775 objects as part of root set at end of initial load.
[2019.03.25-16.18.45:138][  0]LogUObjectAllocator: 6914664 out of 0 bytes used by permanent object pool.
[2019.03.25-16.18.45:138][  0]LogUObjectArray: CloseDisregardForGC: 0/0 objects in disregard for GC pool
[2019.03.25-16.19.09:654][  0]LogTcpMessaging: Initializing TcpMessaging bridge
[2019.03.25-16.19.09:713][  0]LogUdpMessaging: Initializing bridge on interface 0.0.0.0:0 to multicast group 230.0.0.1:6666.
[2019.03.25-16.19.12:983][  0]SourceControl: Source control is disabled
[2019.03.25-16.19.12:983][  0]SourceControl: Source control is disabled
[2019.03.25-16.19.13:018][  0]SourceControl: Source control is disabled
[2019.03.25-16.19.13:035][  0]SourceControl: Source control is disabled
[2019.03.25-16.19.14:414][  0]LogAndroidPermission: UAndroidPermissionCallbackProxy::GetInstance
[2019.03.25-16.19.14:837][  0]LogOcInput: OculusInput pre-init called
[2019.03.25-16.19.15:463][  0]LogEngine: Initializing Engine...
[2019.03.25-16.19.15:481][  0]LogHMD: Failed to initialize OpenVR with code 110
[2019.03.25-16.19.15:483][  0]LogStats: UGameplayTagsManager::ConstructGameplayTagTree: ImportINI prefixes -  0.000 s
[2019.03.25-16.19.15:483][  0]LogStats: UGameplayTagsManager::ConstructGameplayTagTree: Construct from data asset -  0.000 s
[2019.03.25-16.19.15:484][  0]LogStats: UGameplayTagsManager::ConstructGameplayTagTree: ImportINI -  0.000 s
[2019.03.25-16.19.15:484][  0]LogStats: UGameplayTagsManager::ConstructGameplayTagTree: GameplayTagTreeChangedEvent.Broadcast -  0.000 s
[2019.03.25-16.19.15:900][  0]LogInit: Initializing FReadOnlyCVARCache
[2019.03.25-16.19.16:017][  0]LogAIModule: Creating AISystem for world Untitled
[2019.03.25-16.19.16:072][  0]LogInit: XAudio2 using 'Speakers (Realtek High Definition Audio)' : 2 channels at 48 kHz using 16 bits per sample (channel mask 0x3)
[2019.03.25-16.19.16:163][  0]LogInit: FAudioDevice initialized.
[2019.03.25-16.19.16:163][  0]LogNetVersion: Set ProjectVersion to 1.0.0.0. Version Checksum will be recalculated on next use.
[2019.03.25-16.19.16:424][  0]LogDerivedDataCache: Saved boot cache 0.26s 76MB C:/Users/james/AppData/Local/UnrealEngine/4.21/DerivedDataCache/Boot.ddc.
[2019.03.25-16.19.16:465][  0]LogInit: Texture streaming: Enabled
[2019.03.25-16.19.16:733][  0]LogEngineSessionManager: EngineSessionManager initialized
[2019.03.25-16.19.16:857][  0]LogInit: Transaction tracking system initialized
[2019.03.25-16.19.17:156][  0]BlueprintLog: New page: Editor Load
[2019.03.25-16.19.18:443][  0]LocalizationService: Localization service is disabled
[2019.03.25-16.19.20:204][  0]LogFileCache: Scanning file cache for directory 'C:/Users/james/Desktop/Processes for OOS/COP4331 Project/ScaryMaze/Content/' took 0.05s
[2019.03.25-16.19.20:204][  0]LogCook: Display: Max memory allowance for cook 16384mb min free memory 0mb
[2019.03.25-16.19.20:204][  0]LogCook: Display: Mobile HDR setting 1
[2019.03.25-16.19.20:204][  0]LogGameplayTags: Display: UGameplayTagsManager::DoneAddingNativeTags. DelegateIsBound: 0
[2019.03.25-16.19.20:205][  0]LogStats: UGameplayTagsManager::ConstructGameplayTagTree: ImportINI prefixes -  0.000 s
[2019.03.25-16.19.20:205][  0]LogStats: UGameplayTagsManager::ConstructGameplayTagTree: Construct from data asset -  0.000 s
[2019.03.25-16.19.20:205][  0]LogStats: UGameplayTagsManager::ConstructGameplayTagTree: ImportINI -  0.000 s
[2019.03.25-16.19.20:205][  0]LogStats: UGameplayTagsManager::ConstructGameplayTagTree: GameplayTagTreeChangedEvent.Broadcast -  0.000 s
[2019.03.25-16.19.22:052][  0]SourceControl: Source control is disabled
[2019.03.25-16.19.22:052][  0]Cmd: MAP LOAD FILE="../../../../../../Users/james/Desktop/Processes for OOS/COP4331 Project/ScaryMaze/Content/LevelOne.umap" TEMPLATE=0 SHOWPROGRESS=1 FEATURELEVEL=3
[2019.03.25-16.19.22:053][  0]LightingResults: New page: Lighting Build
[2019.03.25-16.19.22:074][  0]MapCheck: New page: Map Check
[2019.03.25-16.19.22:074][  0]LightingResults: New page: Lighting Build
[2019.03.25-16.19.22:444][  0]LogAIModule: Creating AISystem for world LevelOne
[2019.03.25-16.19.22:470][  0]LogEditorServer: Finished looking for orphan Actors (0.000 secs)
[2019.03.25-16.19.22:496][  0]Cmd: MAP CHECKDEP NOCLEARLOG
[2019.03.25-16.19.22:496][  0]MapCheck: Map check complete: 0 Error(s), 0 Warning(s), took 0.333ms to complete.
[2019.03.25-16.19.22:496][  0]LogFileHelpers: Loading map 'LevelOne' took 0.445
[2019.03.25-16.19.22:703][  0]LogSlate: Updating window title bar state: overlay mode, drag disabled, window buttons hidden, title bar hidden
[2019.03.25-16.19.22:711][  0]LogSlate: Updating window title bar state: overlay mode, drag disabled, window buttons hidden, title bar hidden
[2019.03.25-16.19.22:720][  0]LogSlate: Updating window title bar state: overlay mode, drag disabled, window buttons hidden, title bar hidden
[2019.03.25-16.19.22:728][  0]LogSlate: Updating window title bar state: overlay mode, drag disabled, window buttons hidden, title bar hidden
[2019.03.25-16.19.22:790][  0]LogCollectionManager: Loaded 0 collections in 0.003078 seconds
[2019.03.25-16.19.22:876][  0]LogFileCache: Scanning file cache for directory 'C:/Users/james/Desktop/Processes for OOS/COP4331 Project/ScaryMaze/Saved/Collections/' took 0.01s
[2019.03.25-16.19.22:876][  0]LogFileCache: Scanning file cache for directory 'C:/Users/james/Desktop/Processes for OOS/COP4331 Project/ScaryMaze/Content/Developers/james/Collections/' took 0.01s
[2019.03.25-16.19.22:876][  0]LogFileCache: Scanning file cache for directory 'C:/Users/james/Desktop/Processes for OOS/COP4331 Project/ScaryMaze/Content/Collections/' took 0.01s
[2019.03.25-16.19.22:876][  0]LogCollectionManager: Rebuilt the GUID cache for 0 collections in 0.000000 seconds
[2019.03.25-16.19.22:887][  0]LogContentBrowser: Native class hierarchy populated in 0.0103 seconds. Added 2667 classes and 622 folders.
[2019.03.25-16.19.22:925][  0]LogContentBrowser: Native class hierarchy updated for 'WidgetCarousel' in 0.0007 seconds. Added 0 classes and 0 folders.
[2019.03.25-16.19.22:976][  0]LogPakFile: Registered encryption key '00000000000000000000000000000000': 0 pak files mounted, 0 remain pending
[2019.03.25-16.19.23:005][  0]LogPakFile: Registered encryption key '00000000000000000000000000000000': 0 pak files mounted, 0 remain pending
[2019.03.25-16.19.23:031][  0]LogPakFile: Registered encryption key '00000000000000000000000000000000': 0 pak files mounted, 0 remain pending
[2019.03.25-16.19.23:042][  0]LogPakFile: Registered encryption key '00000000000000000000000000000000': 0 pak files mounted, 0 remain pending
[2019.03.25-16.19.23:052][  0]LogPakFile: Registered encryption key '00000000000000000000000000000000': 0 pak files mounted, 0 remain pending
[2019.03.25-16.19.23:070][  0]LogPakFile: Registered encryption key '00000000000000000000000000000000': 0 pak files mounted, 0 remain pending
[2019.03.25-16.19.23:086][  0]LogPakFile: Registered encryption key '00000000000000000000000000000000': 0 pak files mounted, 0 remain pending
[2019.03.25-16.19.23:106][  0]LogPakFile: Registered encryption key '00000000000000000000000000000000': 0 pak files mounted, 0 remain pending
[2019.03.25-16.19.23:119][  0]LogPakFile: Registered encryption key '00000000000000000000000000000000': 0 pak files mounted, 0 remain pending
[2019.03.25-16.19.23:153][  0]LogPakFile: Registered encryption key '00000000000000000000000000000000': 0 pak files mounted, 0 remain pending
[2019.03.25-16.19.23:207][  0]LogPakFile: Registered encryption key '00000000000000000000000000000000': 0 pak files mounted, 0 remain pending
[2019.03.25-16.19.23:281][  0]LogPakFile: Registered encryption key '00000000000000000000000000000000': 0 pak files mounted, 0 remain pending
[2019.03.25-16.19.23:304][  0]LogPakFile: Registered encryption key '00000000000000000000000000000000': 0 pak files mounted, 0 remain pending
[2019.03.25-16.19.23:338][  0]LogPakFile: Registered encryption key '00000000000000000000000000000000': 0 pak files mounted, 0 remain pending
[2019.03.25-16.19.23:362][  0]LogPakFile: Registered encryption key '00000000000000000000000000000000': 0 pak files mounted, 0 remain pending
[2019.03.25-16.19.23:376][  0]LogPakFile: Registered encryption key '00000000000000000000000000000000': 0 pak files mounted, 0 remain pending
[2019.03.25-16.19.23:411][  0]LogPakFile: Registered encryption key '00000000000000000000000000000000': 0 pak files mounted, 0 remain pending
[2019.03.25-16.19.23:431][  0]LogPakFile: Registered encryption key '00000000000000000000000000000000': 0 pak files mounted, 0 remain pending
[2019.03.25-16.19.23:445][  0]LogPakFile: Registered encryption key '00000000000000000000000000000000': 0 pak files mounted, 0 remain pending
[2019.03.25-16.19.23:470][  0]LogPakFile: Registered encryption key '00000000000000000000000000000000': 0 pak files mounted, 0 remain pending
[2019.03.25-16.19.23:515][  0]LogPakFile: Registered encryption key '00000000000000000000000000000000': 0 pak files mounted, 0 remain pending
[2019.03.25-16.19.23:544][  0]LogPakFile: Registered encryption key '00000000000000000000000000000000': 0 pak files mounted, 0 remain pending
[2019.03.25-16.19.23:551][  0]LogPakFile: Registered encryption key '00000000000000000000000000000000': 0 pak files mounted, 0 remain pending
[2019.03.25-16.19.23:563][  0]LogPakFile: Registered encryption key '00000000000000000000000000000000': 0 pak files mounted, 0 remain pending
[2019.03.25-16.19.23:576][  0]LogPakFile: Registered encryption key '00000000000000000000000000000000': 0 pak files mounted, 0 remain pending
[2019.03.25-16.19.23:586][  0]LogPakFile: Registered encryption key '00000000000000000000000000000000': 0 pak files mounted, 0 remain pending
[2019.03.25-16.19.26:899][  0]LogContentBrowser: Native class hierarchy updated for 'AddContentDialog' in 0.0011 seconds. Added 0 classes and 0 folders.
[2019.03.25-16.19.26:943][  0]LogContentBrowser: Native class hierarchy updated for 'SceneOutliner' in 0.0007 seconds. Added 1 classes and 2 folders.
[2019.03.25-16.19.27:006][  0]LogSlate: Took 0.038427 seconds to synchronously load lazily loaded font '../../../Engine/Content/Slate/Fonts/Roboto-Regular.ttf' (155K)
[2019.03.25-16.19.27:038][  0]LogSlate: Took 0.029672 seconds to synchronously load lazily loaded font '../../../Engine/Content/Slate/Fonts/Roboto-Bold.ttf' (160K)
[2019.03.25-16.19.27:072][  0]LogSlate: Took 0.025092 seconds to synchronously load lazily loaded font '../../../Engine/Content/Editor/Slate/Fonts/FontAwesome.ttf' (139K)
[2019.03.25-16.19.27:364][  0]LogRenderer: Reallocating scene render targets to support 732x360 Format 10 NumSamples 1 (Frame:1).
[2019.03.25-16.19.27:529][  0]LogSlate: Took 0.023200 seconds to synchronously load lazily loaded font '../../../Engine/Content/Slate/Fonts/Roboto-Light.ttf' (167K)
[2019.03.25-16.19.27:937][  0]LogContentBrowser: Native class hierarchy updated for 'HierarchicalLODOutliner' in 0.0007 seconds. Added 0 classes and 0 folders.
[2019.03.25-16.19.27:937][  0]LogLoad: (Engine Initialization) Total time: 89.22 seconds
[2019.03.25-16.19.27:937][  0]LogLoad: (Engine Initialization) Total Blueprint compile time: 0.00 seconds
[2019.03.25-16.19.28:033][  0]LogContentStreaming: Texture pool size now 1000 MB
[2019.03.25-16.19.28:599][  2]LogAssetRegistry: Asset discovery search completed in 47.1359 seconds
[2019.03.25-16.19.28:625][  2]LogCollectionManager: Rebuilt the object cache for 0 collections in 0.000000 seconds (found 0 objects)
[2019.03.25-16.19.28:625][  2]LogCollectionManager: Fixed up redirectors for 0 collections in 0.000203 seconds (updated 0 objects)
[2019.03.25-16.22.16:083][580]LogSlate: FSceneViewport::OnFocusLost() reason 2
[2019.03.25-16.22.16:847][626]LogTemp: Repeating last play command: Simulate
[2019.03.25-16.22.16:870][626]LogBlueprintUserMessages: Early PlayInEditor Detection: Level '/Game/LevelOne.LevelOne:PersistentLevel' has LevelScriptBlueprint '/Game/LevelOne.LevelOne:PersistentLevel.LevelOne' with GeneratedClass '/Game/LevelOne.LevelOne_C' with ClassGeneratedBy '/Game/LevelOne.LevelOne:PersistentLevel.LevelOne'
[2019.03.25-16.22.16:871][626]LogPlayLevel: PlayLevel: No blueprints needed recompiling
[2019.03.25-16.22.16:872][626]PIE: New page: SIE session: LevelOne (Mar 25, 2019, 8:22:16 AM)
[2019.03.25-16.22.16:889][626]LogPlayLevel: Creating play world package: /Game/UEDPIE_0_LevelOne
[2019.03.25-16.22.16:894][626]LogPlayLevel: PIE: StaticDuplicateObject took: (0.005838s)
[2019.03.25-16.22.16:895][626]LogAIModule: Creating AISystem for world LevelOne
[2019.03.25-16.22.16:896][626]LogPlayLevel: PIE: World Init took: (0.001923s)
[2019.03.25-16.22.16:896][626]LogPlayLevel: PIE: Created PIE world by copying editor world from /Game/LevelOne.LevelOne to /Game/UEDPIE_0_LevelOne.LevelOne (0.008707s)
[2019.03.25-16.22.16:924][626]LogInit: XAudio2 using 'Speakers (Realtek High Definition Audio)' : 2 channels at 48 kHz using 16 bits per sample (channel mask 0x3)
[2019.03.25-16.22.16:947][626]LogInit: FAudioDevice initialized.
[2019.03.25-16.22.16:948][626]LogSlate: FSceneViewport::OnFocusLost() reason 2
[2019.03.25-16.22.16:999][626]LogLoad: Game class is 'ScaryMazeGameMode'
[2019.03.25-16.22.17:001][626]LogWorld: Bringing World /Game/UEDPIE_0_LevelOne.LevelOne up for play (max tick rate 60) at 2019.03.25-12.22.17
[2019.03.25-16.22.17:002][626]LogWorld: Bringing up level for play took: 0.000989
[2019.03.25-16.22.17:071][626]LogContentBrowser: Native class hierarchy updated for 'MovieSceneCapture' in 0.0010 seconds. Added 20 classes and 0 folders.
[2019.03.25-16.22.17:232][626]PIE: Play in editor start time for /Game/UEDPIE_0_LevelOne 1.051
[2019.03.25-16.22.17:235][626]LogBlueprintUserMessages: Late PlayInEditor Detection: Level '/Game/LevelOne.LevelOne:PersistentLevel' has LevelScriptBlueprint '/Game/LevelOne.LevelOne:PersistentLevel.LevelOne' with GeneratedClass '/Game/LevelOne.LevelOne_C' with ClassGeneratedBy '/Game/LevelOne.LevelOne:PersistentLevel.LevelOne'
[2019.03.25-16.22.18:416][665]LogSlate: Updating window title bar state: overlay mode, drag disabled, window buttons hidden, title bar hidden
[2019.03.25-16.22.33:454][513]LogEditorViewport: Clicking on Actor (LMB): BP_Match_C (BP_Match3)
[2019.03.25-16.24.14:904][660]LogEditorViewport: Clicking on Actor (LMB): BP_Wall_One_C (BP_Wall_One256)
[2019.03.25-16.24.15:668][697]LogBlueprintUserMessages: Early EndPlayMap Detection: Level '/Game/LevelOne.LevelOne:PersistentLevel' has LevelScriptBlueprint '/Game/LevelOne.LevelOne:PersistentLevel.LevelOne' with GeneratedClass '/Game/LevelOne.LevelOne_C' with ClassGeneratedBy '/Game/LevelOne.LevelOne:PersistentLevel.LevelOne'
[2019.03.25-16.24.15:670][697]LogSlate: Updating window title bar state: overlay mode, drag disabled, window buttons hidden, title bar hidden
[2019.03.25-16.24.15:758][697]LogPlayLevel: Display: Shutting down PIE online subsystems
[2019.03.25-16.24.15:760][697]LogBlueprintUserMessages: Late EndPlayMap Detection: Level '/Game/LevelOne.LevelOne:PersistentLevel' has LevelScriptBlueprint '/Game/LevelOne.LevelOne:PersistentLevel.LevelOne' with GeneratedClass '/Game/LevelOne.LevelOne_C' with ClassGeneratedBy '/Game/LevelOne.LevelOne:PersistentLevel.LevelOne'
[2019.03.25-16.24.15:809][697]LogSlate: Updating window title bar state: overlay mode, drag disabled, window buttons hidden, title bar hidden
[2019.03.25-16.24.15:828][698]LogPlayLevel: Display: Destroying online subsystem :Context_2
[2019.03.25-16.29.50:654][287]LogSlate: FSceneViewport::OnFocusLost() reason 0
[2019.03.25-16.29.50:764][292]Candidate modules for hot reload:
[2019.03.25-16.29.50:764][292]  ScaryMaze
[2019.03.25-16.29.50:764][292]Launching UnrealBuildTool... [C:/Program Files/Epic Games/UE_4.21/Engine/Binaries/DotNET/UnrealBuildTool.exe  -ModuleWithSuffix=ScaryMaze,6959 Win64 Development -TargetType=Editor -Project="../../../../../../Users/james/Desktop/Processes for OOS/COP4331 Project/ScaryMaze/ScaryMaze.uproject" -canskiplink "C:/Users/james/Desktop/Processes for OOS/COP4331 Project/ScaryMaze/ScaryMaze.uproject" ]
[2019.03.25-16.29.50:768][292]Warning: Starting HotReload took  0.0s.
[2019.03.25-16.30.23:967][237]CompilerResultsLog: New page: Compilation - Mar 25, 2019, 8:30:23 AM
[2019.03.25-16.30.23:971][237]CompilerResultsLog: Using 'git status' to determine working set for adaptive non-unity build (C:\Users\james\Desktop\Processes for OOS\COP4331 Project).
[2019.03.25-16.30.23:971][237]CompilerResultsLog: Creating makefile for hot reloading ScaryMazeEditor (source directory changed)
[2019.03.25-16.30.23:974][237]CompilerResultsLog: Compiling game modules for hot reload
[2019.03.25-16.30.23:976][237]CompilerResultsLog: Using Visual Studio 2017 14.16.27023 toolchain (C:\Program Files (x86)\Microsoft Visual Studio\2017\Community\VC\Tools\MSVC\14.16.27023) and Windows 10.0.17763.0 SDK (C:\Program Files (x86)\Windows Kits\10).
[2019.03.25-16.30.23:980][237]CompilerResultsLog: Building 4 actions with 4 processes...
[2019.03.25-16.30.23:982][237]CompilerResultsLog:   [1/4] Match.cpp
[2019.03.25-16.30.23:983][237]CompilerResultsLog:   [2/4] LightItem.cpp
[2019.03.25-16.30.23:983][237]CompilerResultsLog:   [3/4] UE4Editor-ScaryMaze-6959.lib
[2019.03.25-16.30.23:993][237]CompilerResultsLog:      Creating library C:\Users\james\Desktop\Processes for OOS\COP4331 Project\ScaryMaze\Intermediate\Build\Win64\UE4Editor\Development\ScaryMaze\UE4Editor-ScaryMaze-6959.lib and object C:\Users\james\Desktop\Processes for OOS\COP4331 Project\ScaryMaze\Intermediate\Build\Win64\UE4Editor\Development\ScaryMaze\UE4Editor-ScaryMaze-6959.exp
[2019.03.25-16.30.23:993][237]CompilerResultsLog:   [4/4] UE4Editor-ScaryMaze-6959.dll
[2019.03.25-16.30.23:995][237]CompilerResultsLog:      Creating library C:\Users\james\Desktop\Processes for OOS\COP4331 Project\ScaryMaze\Intermediate\Build\Win64\UE4Editor\Development\ScaryMaze\UE4Editor-ScaryMaze-6959.suppressed.lib and object C:\Users\james\Desktop\Processes for OOS\COP4331 Project\ScaryMaze\Intermediate\Build\Win64\UE4Editor\Development\ScaryMaze\UE4Editor-ScaryMaze-6959.suppressed.exp
[2019.03.25-16.30.23:995][237]CompilerResultsLog: Total build time: 32.41 seconds (Parallel executor: 18.91 seconds)
[2019.03.25-16.30.23:996][237]LogMainFrame: MainFrame: Module compiling took 33.235 seconds
[2019.03.25-16.30.26:666][237]LogHotReload: Re-instancing LightItem after hot-reload.
[2019.03.25-16.30.26:751][237]LogContentBrowser: Native class hierarchy updated for 'ScaryMaze' in 0.0008 seconds. Added 16 classes and 2 folders.
[2019.03.25-16.30.26:754][237]Display: HotReload successful (30 functions remapped  0 scriptstructs remapped)
[2019.03.25-16.30.26:878][237]LogContentBrowser: Native class hierarchy populated in 0.0129 seconds. Added 2668 classes and 624 folders.
[2019.03.25-16.30.26:879][237]Display: HotReload took 36.1s.
[2019.03.25-16.30.31:443][503]LogTemp: Repeating last play command: Simulate
[2019.03.25-16.30.31:468][503]LogBlueprintUserMessages: Early PlayInEditor Detection: Level '/Game/LevelOne.LevelOne:PersistentLevel' has LevelScriptBlueprint '/Game/LevelOne.LevelOne:PersistentLevel.LevelOne' with GeneratedClass '/Game/LevelOne.LevelOne_C' with ClassGeneratedBy '/Game/LevelOne.LevelOne:PersistentLevel.LevelOne'
[2019.03.25-16.30.31:468][503]LogPlayLevel: PlayLevel: No blueprints needed recompiling
[2019.03.25-16.30.31:468][503]PIE: New page: SIE session: LevelOne (Mar 25, 2019, 8:30:31 AM)
[2019.03.25-16.30.31:469][503]LogPlayLevel: Creating play world package: /Game/UEDPIE_0_LevelOne
[2019.03.25-16.30.31:474][503]LogPlayLevel: PIE: StaticDuplicateObject took: (0.004972s)
[2019.03.25-16.30.31:475][503]LogAIModule: Creating AISystem for world LevelOne
[2019.03.25-16.30.31:476][503]LogPlayLevel: PIE: World Init took: (0.002100s)
[2019.03.25-16.30.31:476][503]LogPlayLevel: PIE: Created PIE world by copying editor world from /Game/LevelOne.LevelOne to /Game/UEDPIE_0_LevelOne.LevelOne (0.007671s)
[2019.03.25-16.30.31:507][503]LogInit: XAudio2 using 'Speakers (Realtek High Definition Audio)' : 2 channels at 48 kHz using 16 bits per sample (channel mask 0x3)
[2019.03.25-16.30.31:529][503]LogInit: FAudioDevice initialized.
[2019.03.25-16.30.31:569][503]LogLoad: Game class is 'ScaryMazeGameMode'
[2019.03.25-16.30.31:570][503]LogWorld: Bringing World /Game/UEDPIE_0_LevelOne.LevelOne up for play (max tick rate 60) at 2019.03.25-12.30.31
[2019.03.25-16.30.31:570][503]LogWorld: Bringing up level for play took: 0.001058
[2019.03.25-16.30.31:781][503]PIE: Play in editor start time for /Game/UEDPIE_0_LevelOne -0.398
[2019.03.25-16.30.31:784][503]LogBlueprintUserMessages: Late PlayInEditor Detection: Level '/Game/LevelOne.LevelOne:PersistentLevel' has LevelScriptBlueprint '/Game/LevelOne.LevelOne:PersistentLevel.LevelOne' with GeneratedClass '/Game/LevelOne.LevelOne_C' with ClassGeneratedBy '/Game/LevelOne.LevelOne:PersistentLevel.LevelOne'
[2019.03.25-16.30.32:922][543]LogSlate: Updating window title bar state: overlay mode, drag disabled, window buttons hidden, title bar hidden
[2019.03.25-16.36.36:997][786]LogSlate: FSceneViewport::OnFocusLost() reason 2
[2019.03.25-16.36.39:047][850]LogEditorViewport: Clicking on Actor (LMB): BP_Wall_One_C (BP_Wall_One260)
[2019.03.25-16.36.39:923][891]LogBlueprintUserMessages: Early EndPlayMap Detection: Level '/Game/LevelOne.LevelOne:PersistentLevel' has LevelScriptBlueprint '/Game/LevelOne.LevelOne:PersistentLevel.LevelOne' with GeneratedClass '/Game/LevelOne.LevelOne_C' with ClassGeneratedBy '/Game/LevelOne.LevelOne:PersistentLevel.LevelOne'
[2019.03.25-16.36.39:924][891]LogSlate: Updating window title bar state: overlay mode, drag disabled, window buttons hidden, title bar hidden
[2019.03.25-16.36.39:980][891]LogPlayLevel: Display: Shutting down PIE online subsystems
[2019.03.25-16.36.39:980][891]LogBlueprintUserMessages: Late EndPlayMap Detection: Level '/Game/LevelOne.LevelOne:PersistentLevel' has LevelScriptBlueprint '/Game/LevelOne.LevelOne:PersistentLevel.LevelOne' with GeneratedClass '/Game/LevelOne.LevelOne_C' with ClassGeneratedBy '/Game/LevelOne.LevelOne:PersistentLevel.LevelOne'
[2019.03.25-16.36.40:008][891]LogSlate: Updating window title bar state: overlay mode, drag disabled, window buttons hidden, title bar hidden
[2019.03.25-16.36.40:027][892]LogPlayLevel: Display: Destroying online subsystem :Context_4
[2019.03.25-16.36.41:600][986]LogSlate: FSceneViewport::OnFocusLost() reason 0
[2019.03.25-16.36.41:698][991]Candidate modules for hot reload:
[2019.03.25-16.36.41:698][991]  ScaryMaze
[2019.03.25-16.36.41:700][991]Launching UnrealBuildTool... [C:/Program Files/Epic Games/UE_4.21/Engine/Binaries/DotNET/UnrealBuildTool.exe  -ModuleWithSuffix=ScaryMaze,6297 Win64 Development -TargetType=Editor -Project="../../../../../../Users/james/Desktop/Processes for OOS/COP4331 Project/ScaryMaze/ScaryMaze.uproject" -canskiplink "C:/Users/james/Desktop/Processes for OOS/COP4331 Project/ScaryMaze/ScaryMaze.uproject" ]
[2019.03.25-16.36.41:704][991]Warning: Starting HotReload took  0.0s.
[2019.03.25-16.37.26:285][615]LogSlate: Took 0.000365 seconds to synchronously load lazily loaded font '../../../Engine/Content/Slate/Fonts/Roboto-Light.ttf' (167K)
[2019.03.25-16.38.45:024][239]CompilerResultsLog: New page: Compilation - Mar 25, 2019, 8:38:45 AM
[2019.03.25-16.38.45:024][239]CompilerResultsLog: Using 'git status' to determine working set for adaptive non-unity build (C:\Users\james\Desktop\Processes for OOS\COP4331 Project).
[2019.03.25-16.38.45:024][239]CompilerResultsLog: Creating makefile for hot reloading ScaryMazeEditor (source directory changed)
[2019.03.25-16.38.45:025][239]CompilerResultsLog: Compiling game modules for hot reload
[2019.03.25-16.38.45:025][239]CompilerResultsLog: Using Visual Studio 2017 14.16.27023 toolchain (C:\Program Files (x86)\Microsoft Visual Studio\2017\Community\VC\Tools\MSVC\14.16.27023) and Windows 10.0.17763.0 SDK (C:\Program Files (x86)\Windows Kits\10).
[2019.03.25-16.38.45:025][239]CompilerResultsLog: Building 3 actions with 4 processes...
[2019.03.25-16.38.45:025][239]CompilerResultsLog:   [1/3] LightItem.cpp
[2019.03.25-16.38.45:026][239]CompilerResultsLog:   [2/3] UE4Editor-ScaryMaze-6297.lib
[2019.03.25-16.38.45:026][239]CompilerResultsLog:      Creating library C:\Users\james\Desktop\Processes for OOS\COP4331 Project\ScaryMaze\Intermediate\Build\Win64\UE4Editor\Development\ScaryMaze\UE4Editor-ScaryMaze-6297.lib and object C:\Users\james\Desktop\Processes for OOS\COP4331 Project\ScaryMaze\Intermediate\Build\Win64\UE4Editor\Development\ScaryMaze\UE4Editor-ScaryMaze-6297.exp
[2019.03.25-16.38.45:026][239]CompilerResultsLog:   [3/3] UE4Editor-ScaryMaze-6297.dll
[2019.03.25-16.38.45:027][239]CompilerResultsLog:      Creating library C:\Users\james\Desktop\Processes for OOS\COP4331 Project\ScaryMaze\Intermediate\Build\Win64\UE4Editor\Development\ScaryMaze\UE4Editor-ScaryMaze-6297.suppressed.lib and object C:\Users\james\Desktop\Processes for OOS\COP4331 Project\ScaryMaze\Intermediate\Build\Win64\UE4Editor\Development\ScaryMaze\UE4Editor-ScaryMaze-6297.suppressed.exp
[2019.03.25-16.38.45:027][239]CompilerResultsLog: Total build time: 122.52 seconds (Parallel executor: 4.66 seconds)
[2019.03.25-16.38.45:028][239]LogMainFrame: MainFrame: Module compiling took 123.333 seconds
[2019.03.25-16.38.45:144][239]LogContentBrowser: Native class hierarchy updated for 'ScaryMaze' in 0.0009 seconds. Added 16 classes and 2 folders.
[2019.03.25-16.38.45:147][239]Display: HotReload successful (30 functions remapped  0 scriptstructs remapped)
[2019.03.25-16.38.45:231][239]LogContentBrowser: Native class hierarchy populated in 0.0102 seconds. Added 2668 classes and 624 folders.
[2019.03.25-16.38.45:232][239]Display: HotReload took 123.5s.
[2019.03.25-16.38.48:647][429]LogTemp: Repeating last play command: Simulate
[2019.03.25-16.38.48:676][429]LogBlueprintUserMessages: Early PlayInEditor Detection: Level '/Game/LevelOne.LevelOne:PersistentLevel' has LevelScriptBlueprint '/Game/LevelOne.LevelOne:PersistentLevel.LevelOne' with GeneratedClass '/Game/LevelOne.LevelOne_C' with ClassGeneratedBy '/Game/LevelOne.LevelOne:PersistentLevel.LevelOne'
[2019.03.25-16.38.48:677][429]LogPlayLevel: PlayLevel: No blueprints needed recompiling
[2019.03.25-16.38.48:677][429]PIE: New page: SIE session: LevelOne (Mar 25, 2019, 8:38:48 AM)
[2019.03.25-16.38.48:677][429]LogPlayLevel: Creating play world package: /Game/UEDPIE_0_LevelOne
[2019.03.25-16.38.48:684][429]LogPlayLevel: PIE: StaticDuplicateObject took: (0.006209s)
[2019.03.25-16.38.48:685][429]LogAIModule: Creating AISystem for world LevelOne
[2019.03.25-16.38.48:686][429]LogPlayLevel: PIE: World Init took: (0.001760s)
[2019.03.25-16.38.48:686][429]LogPlayLevel: PIE: Created PIE world by copying editor world from /Game/LevelOne.LevelOne to /Game/UEDPIE_0_LevelOne.LevelOne (0.009041s)
[2019.03.25-16.38.48:715][429]LogInit: XAudio2 using 'Speakers (Realtek High Definition Audio)' : 2 channels at 48 kHz using 16 bits per sample (channel mask 0x3)
[2019.03.25-16.38.48:739][429]LogInit: FAudioDevice initialized.
[2019.03.25-16.38.48:781][429]LogLoad: Game class is 'ScaryMazeGameMode'
[2019.03.25-16.38.48:782][429]LogWorld: Bringing World /Game/UEDPIE_0_LevelOne.LevelOne up for play (max tick rate 60) at 2019.03.25-12.38.48
[2019.03.25-16.38.48:782][429]LogWorld: Bringing up level for play took: 0.001028
[2019.03.25-16.38.49:011][429]PIE: Play in editor start time for /Game/UEDPIE_0_LevelOne 0.831
[2019.03.25-16.38.49:014][429]LogBlueprintUserMessages: Late PlayInEditor Detection: Level '/Game/LevelOne.LevelOne:PersistentLevel' has LevelScriptBlueprint '/Game/LevelOne.LevelOne:PersistentLevel.LevelOne' with GeneratedClass '/Game/LevelOne.LevelOne_C' with ClassGeneratedBy '/Game/LevelOne.LevelOne:PersistentLevel.LevelOne'
[2019.03.25-16.38.50:287][461]LogSlate: Updating window title bar state: overlay mode, drag disabled, window buttons hidden, title bar hidden
[2019.03.25-16.39.09:116][551]LogBlueprintUserMessages: Early EndPlayMap Detection: Level '/Game/LevelOne.LevelOne:PersistentLevel' has LevelScriptBlueprint '/Game/LevelOne.LevelOne:PersistentLevel.LevelOne' with GeneratedClass '/Game/LevelOne.LevelOne_C' with ClassGeneratedBy '/Game/LevelOne.LevelOne:PersistentLevel.LevelOne'
[2019.03.25-16.39.09:117][551]LogSlate: Updating window title bar state: overlay mode, drag disabled, window buttons hidden, title bar hidden
[2019.03.25-16.39.09:185][551]LogPlayLevel: Display: Shutting down PIE online subsystems
[2019.03.25-16.39.09:185][551]LogBlueprintUserMessages: Late EndPlayMap Detection: Level '/Game/LevelOne.LevelOne:PersistentLevel' has LevelScriptBlueprint '/Game/LevelOne.LevelOne:PersistentLevel.LevelOne' with GeneratedClass '/Game/LevelOne.LevelOne_C' with ClassGeneratedBy '/Game/LevelOne.LevelOne:PersistentLevel.LevelOne'
[2019.03.25-16.39.09:214][551]LogSlate: Updating window title bar state: overlay mode, drag disabled, window buttons hidden, title bar hidden
[2019.03.25-16.39.09:228][552]LogPlayLevel: Display: Destroying online subsystem :Context_5
[2019.03.25-16.39.26:173][771]LogSlate: FSceneViewport::OnFocusLost() reason 2
[2019.03.25-16.39.37:636][357]LogSlate: FSceneViewport::OnFocusLost() reason 0
[2019.03.25-16.39.39:749][473]LogSlate: Took 0.056685 seconds to synchronously load lazily loaded font '../../../Engine/Content/Slate/Fonts/Roboto-Italic.ttf' (157K)
[2019.03.25-16.39.54:039][205]LogEditorViewport: Clicking on Component (LMB): StaticMeshComponent (LightMesh)
[2019.03.25-16.39.57:520][397]LogSlate: FSceneViewport::OnFocusLost() reason 0
[2019.03.25-16.39.59:310][497]Cmd: DELETE
[2019.03.25-16.39.59:310][497]Cmd: ACTOR DELETE
[2019.03.25-16.39.59:491][497]LogLinker: Warning: CreateExport: Failed to load Parent for BlueprintGeneratedClass /Game/Assets/MazeWalls/Blueprints/BP_StoneWall.BP_StoneWall_C
[2019.03.25-16.39.59:492][497]LogLinker: Warning: CreateExport: Failed to load Parent for BlueprintGeneratedClass /Game/Assets/MazeWalls/Blueprints/BP_StoneWall.BP_StoneWall_C
[2019.03.25-16.39.59:492][497]LogLinker: Warning: Unable to load Default__BP_StoneWall_C with outer Package /Game/Assets/MazeWalls/Blueprints/BP_StoneWall because its class does not exist
[2019.03.25-16.39.59:493][497]LogLinker: Warning: CreateExport: Failed to load Parent for BlueprintGeneratedClass /Game/Assets/MazeWalls/Blueprints/BP_StoneWall.BP_StoneWall_C
[2019.03.25-16.39.59:494][497]LogLinker: Warning: CreateExport: Failed to load Parent for BlueprintGeneratedClass /Game/Assets/MazeWalls/Blueprints/BP_StoneWall.BP_StoneWall_C
[2019.03.25-16.39.59:508][497]LogLinker: Warning: CreateExport: Failed to load Parent for BlueprintGeneratedClass /Game/Assets/MazeWalls/Blueprints/BP_StoneWall.BP_StoneWall_C
[2019.03.25-16.39.59:518][497]LogLinker: Warning: CreateExport: Failed to load Parent for BlueprintGeneratedClass /Game/Assets/MazeWalls/Blueprints/BP_StoneWall.BP_StoneWall_C
[2019.03.25-16.39.59:518][497]LogLinker: Warning: CreateExport: Failed to load Parent for BlueprintGeneratedClass /Game/Assets/MazeWalls/Blueprints/BP_StoneWall.BP_StoneWall_C
[2019.03.25-16.39.59:518][497]LogLinker: Warning: CreateExport: Failed to load Parent for BlueprintGeneratedClass /Game/Assets/MazeWalls/Blueprints/BP_StoneWall.BP_StoneWall_C
[2019.03.25-16.39.59:519][497]LogLinker: Warning: CreateExport: Failed to load Parent for BlueprintGeneratedClass /Game/Assets/MazeWalls/Blueprints/BP_StoneWall.BP_StoneWall_C
[2019.03.25-16.39.59:519][497]LogLinker: Warning: CreateExport: Failed to load Parent for BlueprintGeneratedClass /Game/Assets/MazeWalls/Blueprints/BP_StoneWall.BP_StoneWall_C
[2019.03.25-16.39.59:519][497]LogLinker: Warning: CreateExport: Failed to load Parent for BlueprintGeneratedClass /Game/Assets/MazeWalls/Blueprints/BP_StoneWall.BP_StoneWall_C
[2019.03.25-16.39.59:519][497]LogLinker: Warning: CreateExport: Failed to load Parent for BlueprintGeneratedClass /Game/Assets/MazeWalls/Blueprints/BP_StoneWall.BP_StoneWall_C
[2019.03.25-16.39.59:520][497]LogLinker: Warning: CreateExport: Failed to load Parent for BlueprintGeneratedClass /Game/Assets/MazeWalls/Blueprints/BP_StoneWall.BP_StoneWall_C
[2019.03.25-16.39.59:520][497]LogLinker: Warning: CreateExport: Failed to load Parent for BlueprintGeneratedClass /Game/Assets/MazeWalls/Blueprints/BP_StoneWall.BP_StoneWall_C
[2019.03.25-16.39.59:520][497]LogLinker: Warning: CreateExport: Failed to load Parent for BlueprintGeneratedClass /Game/Assets/MazeWalls/Blueprints/BP_StoneWall.BP_StoneWall_C
[2019.03.25-16.39.59:520][497]LogLinker: Warning: CreateExport: Failed to load Parent for BlueprintGeneratedClass /Game/Assets/MazeWalls/Blueprints/BP_StoneWall.BP_StoneWall_C
[2019.03.25-16.39.59:521][497]LogLinker: Warning: CreateExport: Failed to load Parent for BlueprintGeneratedClass /Game/Assets/MazeWalls/Blueprints/BP_StoneWall.BP_StoneWall_C
[2019.03.25-16.39.59:521][497]LogLinker: Warning: CreateExport: Failed to load Parent for BlueprintGeneratedClass /Game/Assets/MazeWalls/Blueprints/BP_StoneWall.BP_StoneWall_C
[2019.03.25-16.39.59:521][497]LogLinker: Warning: CreateExport: Failed to load Parent for BlueprintGeneratedClass /Game/Assets/MazeWalls/Blueprints/BP_StoneWall.BP_StoneWall_C
[2019.03.25-16.39.59:522][497]LogLinker: Warning: CreateExport: Failed to load Parent for BlueprintGeneratedClass /Game/Assets/MazeWalls/Blueprints/BP_StoneWall.BP_StoneWall_C
[2019.03.25-16.39.59:522][497]LogLinker: Warning: CreateExport: Failed to load Parent for BlueprintGeneratedClass /Game/Assets/MazeWalls/Blueprints/BP_StoneWall.BP_StoneWall_C
[2019.03.25-16.39.59:522][497]LogLinker: Warning: CreateExport: Failed to load Parent for BlueprintGeneratedClass /Game/Assets/MazeWalls/Blueprints/BP_StoneWall.BP_StoneWall_C
[2019.03.25-16.39.59:523][497]LogLinker: Warning: CreateExport: Failed to load Parent for BlueprintGeneratedClass /Game/Assets/MazeWalls/Blueprints/BP_StoneWall.BP_StoneWall_C
[2019.03.25-16.39.59:523][497]LogLinker: Warning: CreateExport: Failed to load Parent for BlueprintGeneratedClass /Game/Assets/MazeWalls/Blueprints/BP_StoneWall.BP_StoneWall_C
[2019.03.25-16.39.59:523][497]LogLinker: Warning: CreateExport: Failed to load Parent for BlueprintGeneratedClass /Game/Assets/MazeWalls/Blueprints/BP_StoneWall.BP_StoneWall_C
[2019.03.25-16.39.59:523][497]LogLinker: Warning: CreateExport: Failed to load Parent for BlueprintGeneratedClass /Game/Assets/MazeWalls/Blueprints/BP_StoneWall.BP_StoneWall_C
[2019.03.25-16.39.59:524][497]LogLinker: Warning: CreateExport: Failed to load Parent for BlueprintGeneratedClass /Game/Assets/MazeWalls/Blueprints/BP_StoneWall.BP_StoneWall_C
[2019.03.25-16.39.59:524][497]LogLinker: Warning: CreateExport: Failed to load Parent for BlueprintGeneratedClass /Game/Assets/MazeWalls/Blueprints/BP_StoneWall.BP_StoneWall_C
[2019.03.25-16.39.59:524][497]LogLinker: Warning: CreateExport: Failed to load Parent for BlueprintGeneratedClass /Game/Assets/MazeWalls/Blueprints/BP_StoneWall.BP_StoneWall_C
[2019.03.25-16.39.59:524][497]LogLinker: Warning: CreateExport: Failed to load Parent for BlueprintGeneratedClass /Game/Assets/MazeWalls/Blueprints/BP_StoneWall.BP_StoneWall_C
[2019.03.25-16.39.59:524][497]LogLinker: Warning: CreateExport: Failed to load Parent for BlueprintGeneratedClass /Game/Assets/MazeWalls/Blueprints/BP_StoneWall.BP_StoneWall_C
[2019.03.25-16.39.59:525][497]LogLinker: Warning: CreateExport: Failed to load Parent for BlueprintGeneratedClass /Game/Assets/MazeWalls/Blueprints/BP_StoneWall.BP_StoneWall_C
[2019.03.25-16.39.59:525][497]LogLinker: Warning: CreateExport: Failed to load Parent for BlueprintGeneratedClass /Game/Assets/MazeWalls/Blueprints/BP_StoneWall.BP_StoneWall_C
[2019.03.25-16.39.59:525][497]LogLinker: Warning: CreateExport: Failed to load Parent for BlueprintGeneratedClass /Game/Assets/MazeWalls/Blueprints/BP_StoneWall.BP_StoneWall_C
[2019.03.25-16.39.59:525][497]LogLinker: Warning: CreateExport: Failed to load Parent for BlueprintGeneratedClass /Game/Assets/MazeWalls/Blueprints/BP_StoneWall.BP_StoneWall_C
[2019.03.25-16.39.59:526][497]LogLinker: Warning: CreateExport: Failed to load Parent for BlueprintGeneratedClass /Game/Assets/MazeWalls/Blueprints/BP_StoneWall.BP_StoneWall_C
[2019.03.25-16.39.59:526][497]LogLinker: Warning: CreateExport: Failed to load Parent for BlueprintGeneratedClass /Game/Assets/MazeWalls/Blueprints/BP_StoneWall.BP_StoneWall_C
[2019.03.25-16.39.59:526][497]LogLinker: Warning: CreateExport: Failed to load Parent for BlueprintGeneratedClass /Game/Assets/MazeWalls/Blueprints/BP_StoneWall.BP_StoneWall_C
[2019.03.25-16.39.59:526][497]LogLinker: Warning: CreateExport: Failed to load Parent for BlueprintGeneratedClass /Game/Assets/MazeWalls/Blueprints/BP_StoneWall.BP_StoneWall_C
[2019.03.25-16.39.59:526][497]LogLinker: Warning: CreateExport: Failed to load Parent for BlueprintGeneratedClass /Game/Assets/MazeWalls/Blueprints/BP_StoneWall.BP_StoneWall_C
[2019.03.25-16.39.59:527][497]LogLinker: Warning: CreateExport: Failed to load Parent for BlueprintGeneratedClass /Game/Assets/MazeWalls/Blueprints/BP_StoneWall.BP_StoneWall_C
[2019.03.25-16.39.59:527][497]LogLinker: Warning: CreateExport: Failed to load Parent for BlueprintGeneratedClass /Game/Assets/MazeWalls/Blueprints/BP_StoneWall.BP_StoneWall_C
[2019.03.25-16.39.59:527][497]LogLinker: Warning: CreateExport: Failed to load Parent for BlueprintGeneratedClass /Game/Assets/MazeWalls/Blueprints/BP_StoneWall.BP_StoneWall_C
[2019.03.25-16.39.59:527][497]LogLinker: Warning: CreateExport: Failed to load Parent for BlueprintGeneratedClass /Game/Assets/MazeWalls/Blueprints/BP_StoneWall.BP_StoneWall_C
[2019.03.25-16.39.59:527][497]LogLinker: Warning: CreateExport: Failed to load Parent for BlueprintGeneratedClass /Game/Assets/MazeWalls/Blueprints/BP_StoneWall.BP_StoneWall_C
[2019.03.25-16.39.59:528][497]LogLinker: Warning: CreateExport: Failed to load Parent for BlueprintGeneratedClass /Game/Assets/MazeWalls/Blueprints/BP_StoneWall.BP_StoneWall_C
[2019.03.25-16.39.59:528][497]LogLinker: Warning: CreateExport: Failed to load Parent for BlueprintGeneratedClass /Game/Assets/MazeWalls/Blueprints/BP_StoneWall.BP_StoneWall_C
[2019.03.25-16.39.59:528][497]LogLinker: Warning: CreateExport: Failed to load Parent for BlueprintGeneratedClass /Game/Assets/MazeWalls/Blueprints/BP_StoneWall.BP_StoneWall_C
[2019.03.25-16.39.59:528][497]LogLinker: Warning: CreateExport: Failed to load Parent for BlueprintGeneratedClass /Game/Assets/MazeWalls/Blueprints/BP_StoneWall.BP_StoneWall_C
[2019.03.25-16.39.59:529][497]LogLinker: Warning: CreateExport: Failed to load Parent for BlueprintGeneratedClass /Game/Assets/MazeWalls/Blueprints/BP_StoneWall.BP_StoneWall_C
[2019.03.25-16.39.59:529][497]LogLinker: Warning: CreateExport: Failed to load Parent for BlueprintGeneratedClass /Game/Assets/MazeWalls/Blueprints/BP_StoneWall.BP_StoneWall_C
[2019.03.25-16.39.59:529][497]LogLinker: Warning: CreateExport: Failed to load Parent for BlueprintGeneratedClass /Game/Assets/MazeWalls/Blueprints/BP_StoneWall.BP_StoneWall_C
[2019.03.25-16.39.59:529][497]LogLinker: Warning: CreateExport: Failed to load Parent for BlueprintGeneratedClass /Game/Assets/MazeWalls/Blueprints/BP_StoneWall.BP_StoneWall_C
[2019.03.25-16.39.59:530][497]LogLinker: Warning: CreateExport: Failed to load Parent for BlueprintGeneratedClass /Game/Assets/MazeWalls/Blueprints/BP_StoneWall.BP_StoneWall_C
[2019.03.25-16.39.59:530][497]LogLinker: Warning: CreateExport: Failed to load Parent for BlueprintGeneratedClass /Game/Assets/MazeWalls/Blueprints/BP_StoneWall.BP_StoneWall_C
[2019.03.25-16.39.59:530][497]LogLinker: Warning: CreateExport: Failed to load Parent for BlueprintGeneratedClass /Game/Assets/MazeWalls/Blueprints/BP_StoneWall.BP_StoneWall_C
[2019.03.25-16.39.59:539][497]LogLinker: Warning: CreateExport: Failed to load Parent for BlueprintGeneratedClass /Game/Assets/MazeWalls/Blueprints/BP_StoneWall.BP_StoneWall_C
[2019.03.25-16.39.59:540][497]LogLinker: Warning: CreateExport: Failed to load Parent for BlueprintGeneratedClass /Game/Assets/MazeWalls/Blueprints/BP_StoneWall.BP_StoneWall_C
[2019.03.25-16.39.59:917][497]LogAIModule: Creating AISystem for world LevelOneOriginal
[2019.03.25-16.39.59:938][497]LogEditorActor: Deleted Actor: BP_Match_C
[2019.03.25-16.39.59:965][497]LogEditorActor: Deleted 1 Actors (0.655 secs)
[2019.03.25-16.39.59:966][497]LoadErrors: Warning: CreateExport: Failed to load Outer for resource 'DefaultSceneRoot_GEN_VARIABLE': BlueprintGeneratedClass /Game/Assets/MazeWalls/Blueprints/BP_StoneWall.BP_StoneWall_C
[2019.03.25-16.39.59:966][497]LoadErrors: Warning: CreateExport: Failed to load Outer for resource 'SimpleConstructionScript_0': BlueprintGeneratedClass /Game/Assets/MazeWalls/Blueprints/BP_StoneWall.BP_StoneWall_C
[2019.03.25-16.39.59:967][497]LoadErrors: Warning: CreateExport: Failed to load Outer for resource 'SCS_Node_0': SimpleConstructionScript /Game/Assets/MazeWalls/Blueprints/BP_StoneWall.BP_StoneWall_C:SimpleConstructionScript_0
[2019.03.25-16.39.59:967][497]LoadErrors: Warning: CreateExport: Failed to load Outer for resource 'WallMesh': BP_StoneWall_C /Game/Assets/MazeWalls/Blueprints/BP_StoneWall.Default__BP_StoneWall_C
[2019.03.25-16.39.59:967][497]LoadErrors: Warning: CreateExport: Failed to load Outer for resource 'WallMesh': BP_StoneWall_C /Game/LevelOneOriginal.LevelOne:PersistentLevel.BP_StoneWall10_17
[2019.03.25-16.39.59:967][497]LoadErrors: Warning: CreateExport: Failed to load Outer for resource 'WallMesh': BP_StoneWall_C /Game/LevelOneOriginal.LevelOne:PersistentLevel.BP_StoneWall11_18
[2019.03.25-16.39.59:967][497]LoadErrors: Warning: CreateExport: Failed to load Outer for resource 'WallMesh': BP_StoneWall_C /Game/LevelOneOriginal.LevelOne:PersistentLevel.BP_StoneWall12_19
[2019.03.25-16.39.59:967][497]LoadErrors: Warning: CreateExport: Failed to load Outer for resource 'WallMesh': BP_StoneWall_C /Game/LevelOneOriginal.LevelOne:PersistentLevel.BP_StoneWall13
[2019.03.25-16.39.59:967][497]LoadErrors: Warning: CreateExport: Failed to load Outer for resource 'WallMesh': BP_StoneWall_C /Game/LevelOneOriginal.LevelOne:PersistentLevel.BP_StoneWall14
[2019.03.25-16.39.59:968][497]LoadErrors: Warning: CreateExport: Failed to load Outer for resource 'WallMesh': BP_StoneWall_C /Game/LevelOneOriginal.LevelOne:PersistentLevel.BP_StoneWall15
[2019.03.25-16.39.59:968][497]LoadErrors: Warning: CreateExport: Failed to load Outer for resource 'WallMesh': BP_StoneWall_C /Game/LevelOneOriginal.LevelOne:PersistentLevel.BP_StoneWall16
[2019.03.25-16.39.59:968][497]LoadErrors: Warning: CreateExport: Failed to load Outer for resource 'WallMesh': BP_StoneWall_C /Game/LevelOneOriginal.LevelOne:PersistentLevel.BP_StoneWall17
[2019.03.25-16.39.59:968][497]LoadErrors: Warning: CreateExport: Failed to load Outer for resource 'WallMesh': BP_StoneWall_C /Game/LevelOneOriginal.LevelOne:PersistentLevel.BP_StoneWall18
[2019.03.25-16.39.59:968][497]LoadErrors: Warning: CreateExport: Failed to load Outer for resource 'WallMesh': BP_StoneWall_C /Game/LevelOneOriginal.LevelOne:PersistentLevel.BP_StoneWall19
[2019.03.25-16.39.59:968][497]LoadErrors: Warning: CreateExport: Failed to load Outer for resource 'WallMesh': BP_StoneWall_C /Game/LevelOneOriginal.LevelOne:PersistentLevel.BP_StoneWall2
[2019.03.25-16.39.59:969][497]LoadErrors: Warning: CreateExport: Failed to load Outer for resource 'WallMesh': BP_StoneWall_C /Game/LevelOneOriginal.LevelOne:PersistentLevel.BP_StoneWall20
[2019.03.25-16.39.59:969][497]LoadErrors: Warning: CreateExport: Failed to load Outer for resource 'WallMesh': BP_StoneWall_C /Game/LevelOneOriginal.LevelOne:PersistentLevel.BP_StoneWall21
[2019.03.25-16.39.59:969][497]LoadErrors: Warning: CreateExport: Failed to load Outer for resource 'WallMesh': BP_StoneWall_C /Game/LevelOneOriginal.LevelOne:PersistentLevel.BP_StoneWall22
[2019.03.25-16.39.59:969][497]LoadErrors: Warning: CreateExport: Failed to load Outer for resource 'WallMesh': BP_StoneWall_C /Game/LevelOneOriginal.LevelOne:PersistentLevel.BP_StoneWall23
[2019.03.25-16.39.59:969][497]LoadErrors: Warning: CreateExport: Failed to load Outer for resource 'WallMesh': BP_StoneWall_C /Game/LevelOneOriginal.LevelOne:PersistentLevel.BP_StoneWall24
[2019.03.25-16.39.59:970][497]LoadErrors: Warning: CreateExport: Failed to load Outer for resource 'WallMesh': BP_StoneWall_C /Game/LevelOneOriginal.LevelOne:PersistentLevel.BP_StoneWall25
[2019.03.25-16.39.59:970][497]LoadErrors: Warning: CreateExport: Failed to load Outer for resource 'WallMesh': BP_StoneWall_C /Game/LevelOneOriginal.LevelOne:PersistentLevel.BP_StoneWall28
[2019.03.25-16.39.59:970][497]LoadErrors: Warning: CreateExport: Failed to load Outer for resource 'WallMesh': BP_StoneWall_C /Game/LevelOneOriginal.LevelOne:PersistentLevel.BP_StoneWall3
[2019.03.25-16.39.59:970][497]LoadErrors: Warning: CreateExport: Failed to load Outer for resource 'WallMesh': BP_StoneWall_C /Game/LevelOneOriginal.LevelOne:PersistentLevel.BP_StoneWall34
[2019.03.25-16.39.59:971][497]LoadErrors: Warning: CreateExport: Failed to load Outer for resource 'WallMesh': BP_StoneWall_C /Game/LevelOneOriginal.LevelOne:PersistentLevel.BP_StoneWall38
[2019.03.25-16.39.59:971][497]LoadErrors: Warning: CreateExport: Failed to load Outer for resource 'WallMesh': BP_StoneWall_C /Game/LevelOneOriginal.LevelOne:PersistentLevel.BP_StoneWall4
[2019.03.25-16.39.59:971][497]LoadErrors: Warning: CreateExport: Failed to load Outer for resource 'WallMesh': BP_StoneWall_C /Game/LevelOneOriginal.LevelOne:PersistentLevel.BP_StoneWall40
[2019.03.25-16.39.59:971][497]LoadErrors: Warning: CreateExport: Failed to load Outer for resource 'WallMesh': BP_StoneWall_C /Game/LevelOneOriginal.LevelOne:PersistentLevel.BP_StoneWall42
[2019.03.25-16.39.59:972][497]LoadErrors: Warning: CreateExport: Failed to load Outer for resource 'WallMesh': BP_StoneWall_C /Game/LevelOneOriginal.LevelOne:PersistentLevel.BP_StoneWall43
[2019.03.25-16.39.59:972][497]LoadErrors: Warning: CreateExport: Failed to load Outer for resource 'WallMesh': BP_StoneWall_C /Game/LevelOneOriginal.LevelOne:PersistentLevel.BP_StoneWall44
[2019.03.25-16.39.59:973][497]LoadErrors: Warning: CreateExport: Failed to load Outer for resource 'WallMesh': BP_StoneWall_C /Game/LevelOneOriginal.LevelOne:PersistentLevel.BP_StoneWall45
[2019.03.25-16.39.59:973][497]LoadErrors: Warning: CreateExport: Failed to load Outer for resource 'WallMesh': BP_StoneWall_C /Game/LevelOneOriginal.LevelOne:PersistentLevel.BP_StoneWall47
[2019.03.25-16.39.59:973][497]LoadErrors: Warning: CreateExport: Failed to load Outer for resource 'WallMesh': BP_StoneWall_C /Game/LevelOneOriginal.LevelOne:PersistentLevel.BP_StoneWall5
[2019.03.25-16.39.59:974][497]LoadErrors: Warning: CreateExport: Failed to load Outer for resource 'WallMesh': BP_StoneWall_C /Game/LevelOneOriginal.LevelOne:PersistentLevel.BP_StoneWall51
[2019.03.25-16.39.59:974][497]LoadErrors: Warning: CreateExport: Failed to load Outer for resource 'WallMesh': BP_StoneWall_C /Game/LevelOneOriginal.LevelOne:PersistentLevel.BP_StoneWall53
[2019.03.25-16.39.59:974][497]LoadErrors: Warning: CreateExport: Failed to load Outer for resource 'WallMesh': BP_StoneWall_C /Game/LevelOneOriginal.LevelOne:PersistentLevel.BP_StoneWall55
[2019.03.25-16.39.59:975][497]LoadErrors: Warning: CreateExport: Failed to load Outer for resource 'WallMesh': BP_StoneWall_C /Game/LevelOneOriginal.LevelOne:PersistentLevel.BP_StoneWall56
[2019.03.25-16.39.59:975][497]LoadErrors: Warning: CreateExport: Failed to load Outer for resource 'WallMesh': BP_StoneWall_C /Game/LevelOneOriginal.LevelOne:PersistentLevel.BP_StoneWall59
[2019.03.25-16.39.59:975][497]LoadErrors: Warning: CreateExport: Failed to load Outer for resource 'WallMesh': BP_StoneWall_C /Game/LevelOneOriginal.LevelOne:PersistentLevel.BP_StoneWall6
[2019.03.25-16.39.59:976][497]LoadErrors: Warning: CreateExport: Failed to load Outer for resource 'WallMesh': BP_StoneWall_C /Game/LevelOneOriginal.LevelOne:PersistentLevel.BP_StoneWall62
[2019.03.25-16.39.59:976][497]LoadErrors: Warning: CreateExport: Failed to load Outer for resource 'WallMesh': BP_StoneWall_C /Game/LevelOneOriginal.LevelOne:PersistentLevel.BP_StoneWall63
[2019.03.25-16.39.59:976][497]LoadErrors: Warning: CreateExport: Failed to load Outer for resource 'WallMesh': BP_StoneWall_C /Game/LevelOneOriginal.LevelOne:PersistentLevel.BP_StoneWall64
[2019.03.25-16.39.59:977][497]LoadErrors: Warning: CreateExport: Failed to load Outer for resource 'WallMesh': BP_StoneWall_C /Game/LevelOneOriginal.LevelOne:PersistentLevel.BP_StoneWall66
[2019.03.25-16.39.59:977][497]LoadErrors: Warning: CreateExport: Failed to load Outer for resource 'WallMesh': BP_StoneWall_C /Game/LevelOneOriginal.LevelOne:PersistentLevel.BP_StoneWall68
[2019.03.25-16.39.59:977][497]LoadErrors: Warning: CreateExport: Failed to load Outer for resource 'WallMesh': BP_StoneWall_C /Game/LevelOneOriginal.LevelOne:PersistentLevel.BP_StoneWall7
[2019.03.25-16.39.59:978][497]LoadErrors: Warning: CreateExport: Failed to load Outer for resource 'WallMesh': BP_StoneWall_C /Game/LevelOneOriginal.LevelOne:PersistentLevel.BP_StoneWall71
[2019.03.25-16.39.59:978][497]LoadErrors: Warning: CreateExport: Failed to load Outer for resource 'WallMesh': BP_StoneWall_C /Game/LevelOneOriginal.LevelOne:PersistentLevel.BP_StoneWall73
[2019.03.25-16.39.59:979][497]LoadErrors: Warning: CreateExport: Failed to load Outer for resource 'WallMesh': BP_StoneWall_C /Game/LevelOneOriginal.LevelOne:PersistentLevel.BP_StoneWall74
[2019.03.25-16.39.59:979][497]LoadErrors: Warning: CreateExport: Failed to load Outer for resource 'WallMesh': BP_StoneWall_C /Game/LevelOneOriginal.LevelOne:PersistentLevel.BP_StoneWall76
[2019.03.25-16.39.59:979][497]LoadErrors: Warning: CreateExport: Failed to load Outer for resource 'WallMesh': BP_StoneWall_C /Game/LevelOneOriginal.LevelOne:PersistentLevel.BP_StoneWall77
[2019.03.25-16.39.59:980][497]LoadErrors: Warning: CreateExport: Failed to load Outer for resource 'WallMesh': BP_StoneWall_C /Game/LevelOneOriginal.LevelOne:PersistentLevel.BP_StoneWall8
[2019.03.25-16.39.59:980][497]LoadErrors: Warning: CreateExport: Failed to load Outer for resource 'WallMesh': BP_StoneWall_C /Game/LevelOneOriginal.LevelOne:PersistentLevel.BP_StoneWall81
[2019.03.25-16.39.59:981][497]LoadErrors: Warning: CreateExport: Failed to load Outer for resource 'WallMesh': BP_StoneWall_C /Game/LevelOneOriginal.LevelOne:PersistentLevel.BP_StoneWall84
[2019.03.25-16.39.59:981][497]LoadErrors: Warning: CreateExport: Failed to load Outer for resource 'WallMesh': BP_StoneWall_C /Game/LevelOneOriginal.LevelOne:PersistentLevel.BP_StoneWall9
[2019.03.25-16.39.59:982][497]LoadErrors: Warning: CreateExport: Failed to load Outer for resource 'WallMesh': BP_StoneWall_C /Game/LevelOneOriginal.LevelOne:PersistentLevel.BP_StoneWall_2
[2019.03.25-16.40.01:594][556]LogAssetEditorManager: Opening Asset editor for Blueprint /Game/Assets/Lights/Matches/Blueprints/BP_Match.BP_Match
[2019.03.25-16.40.02:256][556]LogContentBrowser: Native class hierarchy updated for 'BlueprintGraph' in 0.0009 seconds. Added 117 classes and 0 folders.
[2019.03.25-16.40.27:743][479]LogSlate: Window 'BP_Match' being destroyed
[2019.03.25-16.40.27:824][479]LogAssetEditorManager: Opening Asset editor for Blueprint /Game/Assets/Lights/Matches/Blueprints/BP_Match.BP_Match
[2019.03.25-16.40.28:622][479]LogSlate: Took 0.016754 seconds to synchronously load lazily loaded font '../../../Engine/Content/Slate/Fonts/Roboto-BoldCondensed.ttf' (158K)
[2019.03.25-16.41.17:236][309]LogSlate: Window 'BP_Match' being destroyed
[2019.03.25-16.41.17:240][309]LogSlate: Window 'BP_Match' being destroyed
[2019.03.25-16.43.02:547][870]Candidate modules for hot reload:
[2019.03.25-16.43.02:547][870]  ScaryMaze
[2019.03.25-16.43.02:548][870]Launching UnrealBuildTool... [C:/Program Files/Epic Games/UE_4.21/Engine/Binaries/DotNET/UnrealBuildTool.exe  -ModuleWithSuffix=ScaryMaze,3714 Win64 Development -TargetType=Editor -Project="../../../../../../Users/james/Desktop/Processes for OOS/COP4331 Project/ScaryMaze/ScaryMaze.uproject" -canskiplink "C:/Users/james/Desktop/Processes for OOS/COP4331 Project/ScaryMaze/ScaryMaze.uproject" ]
[2019.03.25-16.43.02:552][870]Warning: Starting HotReload took  0.0s.
[2019.03.25-16.43.20:364][931]CompilerResultsLog: New page: Compilation - Mar 25, 2019, 8:43:20 AM
[2019.03.25-16.43.20:365][931]CompilerResultsLog: Using 'git status' to determine working set for adaptive non-unity build (C:\Users\james\Desktop\Processes for OOS\COP4331 Project).
[2019.03.25-16.43.20:365][931]CompilerResultsLog: Creating makefile for hot reloading ScaryMazeEditor (source directory changed)
[2019.03.25-16.43.20:365][931]CompilerResultsLog: Compiling game modules for hot reload
[2019.03.25-16.43.20:365][931]CompilerResultsLog: Using Visual Studio 2017 14.16.27023 toolchain (C:\Program Files (x86)\Microsoft Visual Studio\2017\Community\VC\Tools\MSVC\14.16.27023) and Windows 10.0.17763.0 SDK (C:\Program Files (x86)\Windows Kits\10).
[2019.03.25-16.43.20:366][931]CompilerResultsLog: Building 3 actions with 4 processes...
[2019.03.25-16.43.20:366][931]CompilerResultsLog:   [1/3] LightItem.cpp
[2019.03.25-16.43.20:366][931]CompilerResultsLog:   [2/3] UE4Editor-ScaryMaze-3714.lib
[2019.03.25-16.43.20:367][931]CompilerResultsLog:      Creating library C:\Users\james\Desktop\Processes for OOS\COP4331 Project\ScaryMaze\Intermediate\Build\Win64\UE4Editor\Development\ScaryMaze\UE4Editor-ScaryMaze-3714.lib and object C:\Users\james\Desktop\Processes for OOS\COP4331 Project\ScaryMaze\Intermediate\Build\Win64\UE4Editor\Development\ScaryMaze\UE4Editor-ScaryMaze-3714.exp
[2019.03.25-16.43.20:367][931]CompilerResultsLog:   [3/3] UE4Editor-ScaryMaze-3714.dll
[2019.03.25-16.43.20:368][931]CompilerResultsLog:      Creating library C:\Users\james\Desktop\Processes for OOS\COP4331 Project\ScaryMaze\Intermediate\Build\Win64\UE4Editor\Development\ScaryMaze\UE4Editor-ScaryMaze-3714.suppressed.lib and object C:\Users\james\Desktop\Processes for OOS\COP4331 Project\ScaryMaze\Intermediate\Build\Win64\UE4Editor\Development\ScaryMaze\UE4Editor-ScaryMaze-3714.suppressed.exp
[2019.03.25-16.43.20:369][931]CompilerResultsLog: Total build time: 17.14 seconds (Parallel executor: 5.17 seconds)
[2019.03.25-16.43.20:369][931]LogMainFrame: MainFrame: Module compiling took 17.824 seconds
[2019.03.25-16.43.20:613][931]LogContentBrowser: Native class hierarchy updated for 'ScaryMaze' in 0.0006 seconds. Added 16 classes and 2 folders.
[2019.03.25-16.43.20:618][931]Display: HotReload successful (30 functions remapped  0 scriptstructs remapped)
[2019.03.25-16.43.21:035][931]LogContentBrowser: Native class hierarchy populated in 0.0095 seconds. Added 2668 classes and 624 folders.
[2019.03.25-16.43.21:036][931]Display: HotReload took 18.5s.
[2019.03.25-16.43.28:089][335]LogTemp: Repeating last play command: Simulate
[2019.03.25-16.43.28:121][335]LogBlueprintUserMessages: Early PlayInEditor Detection: Level '/Game/LevelOne.LevelOne:PersistentLevel' has LevelScriptBlueprint '/Game/LevelOne.LevelOne:PersistentLevel.LevelOne' with GeneratedClass '/Game/LevelOne.LevelOne_C' with ClassGeneratedBy '/Game/LevelOne.LevelOne:PersistentLevel.LevelOne'
[2019.03.25-16.43.28:121][335]LogPlayLevel: PlayLevel: No blueprints needed recompiling
[2019.03.25-16.43.28:121][335]PIE: New page: SIE session: LevelOne (Mar 25, 2019, 8:43:28 AM)
[2019.03.25-16.43.28:122][335]LogPlayLevel: Creating play world package: /Game/UEDPIE_0_LevelOne
[2019.03.25-16.43.28:127][335]LogPlayLevel: PIE: StaticDuplicateObject took: (0.004841s)
[2019.03.25-16.43.28:129][335]LogAIModule: Creating AISystem for world LevelOne
[2019.03.25-16.43.28:130][335]LogPlayLevel: PIE: World Init took: (0.002412s)
[2019.03.25-16.43.28:130][335]LogPlayLevel: PIE: Created PIE world by copying editor world from /Game/LevelOne.LevelOne to /Game/UEDPIE_0_LevelOne.LevelOne (0.007968s)
[2019.03.25-16.43.28:223][335]LogInit: XAudio2 using 'Speakers (Realtek High Definition Audio)' : 2 channels at 48 kHz using 16 bits per sample (channel mask 0x3)
[2019.03.25-16.43.28:247][335]LogInit: FAudioDevice initialized.
[2019.03.25-16.43.28:289][335]LogLoad: Game class is 'ScaryMazeGameMode'
[2019.03.25-16.43.28:290][335]LogWorld: Bringing World /Game/UEDPIE_0_LevelOne.LevelOne up for play (max tick rate 60) at 2019.03.25-12.43.28
[2019.03.25-16.43.28:290][335]LogWorld: Bringing up level for play took: 0.001072
[2019.03.25-16.43.28:465][335]PIE: Play in editor start time for /Game/UEDPIE_0_LevelOne 0.285
[2019.03.25-16.43.28:468][335]LogBlueprintUserMessages: Late PlayInEditor Detection: Level '/Game/LevelOne.LevelOne:PersistentLevel' has LevelScriptBlueprint '/Game/LevelOne.LevelOne:PersistentLevel.LevelOne' with GeneratedClass '/Game/LevelOne.LevelOne_C' with ClassGeneratedBy '/Game/LevelOne.LevelOne:PersistentLevel.LevelOne'
[2019.03.25-16.43.29:493][371]LogSlate: Updating window title bar state: overlay mode, drag disabled, window buttons hidden, title bar hidden
