Log file open, 02/19/19 17:27:11
LogWindows: Failed to load 'aqProf.dll' (GetLastError=126)
LogWindows: File 'aqProf.dll' does not exist
LogWindows: Failed to load 'VtuneApi.dll' (GetLastError=126)
LogWindows: File 'VtuneApi.dll' does not exist
LogWindows: Failed to load 'VtuneApi32e.dll' (GetLastError=126)
LogWindows: File 'VtuneApi32e.dll' does not exist
LogConsoleResponse: Display: Failed to find resolution value strings in scalability ini. Falling back to default.
LogInit: Display: Running engine for game: ScaryMaze
LogPakFile: Registered encryption key '00000000000000000000000000000000': 0 pak files mounted, 0 remain pending
LogPlatformFile: Not using cached read wrapper
LogTaskGraph: Started task graph with 5 named threads and 11 total threads with 3 sets of task threads.
LogStats: Stats thread started at 0.193719
LogD3D11RHI: Loaded GFSDK_Aftermath_Lib.x64.dll
LogICUInternationalization: ICU TimeZone Detection - Raw Offset: -5:00, Platform Override: ''
LogPluginManager: Mounting plugin Paper2D
LogPluginManager: Mounting plugin AISupport
LogPluginManager: Mounting plugin LightPropagationVolume
LogPluginManager: Mounting plugin ActorLayerUtilities
LogPluginManager: Mounting plugin CLionSourceCodeAccess
LogPluginManager: Mounting plugin CodeLiteSourceCodeAccess
LogPluginManager: Mounting plugin GitSourceControl
LogPluginManager: Mounting plugin KDevelopSourceCodeAccess
LogPluginManager: Mounting plugin NullSourceCodeAccess
LogPluginManager: Mounting plugin PerforceSourceControl
LogPluginManager: Mounting plugin SubversionSourceControl
LogPluginManager: Mounting plugin UObjectPlugin
LogPluginManager: Mounting plugin VisualStudioCodeSourceCodeAccess
LogPluginManager: Mounting plugin VisualStudioSourceCodeAccess
LogPluginManager: Mounting plugin XCodeSourceCodeAccess
LogPluginManager: Mounting plugin AssetManagerEditor
LogPluginManager: Mounting plugin CryptoKeys
LogPluginManager: Mounting plugin DataValidation
LogPluginManager: Mounting plugin FacialAnimation
LogPluginManager: Mounting plugin GameplayTagsEditor
LogPluginManager: Mounting plugin MacGraphicsSwitching
LogPluginManager: Mounting plugin MeshEditor
LogPluginManager: Mounting plugin MobileLauncherProfileWizard
LogPluginManager: Mounting plugin PluginBrowser
LogPluginManager: Mounting plugin SpeedTreeImporter
LogPluginManager: Mounting plugin DatasmithContent
LogPluginManager: Mounting plugin VariantManagerContent
LogPluginManager: Mounting plugin AlembicImporter
LogPluginManager: Mounting plugin AppleImageUtils
LogPluginManager: Mounting plugin AppleVision
LogPluginManager: Mounting plugin BackChannel
LogPluginManager: Mounting plugin CharacterAI
LogPluginManager: Mounting plugin GeometryCache
LogPluginManager: Mounting plugin HTML5Networking
LogPluginManager: Mounting plugin ProxyLODPlugin
LogPluginManager: Mounting plugin MagicLeap
LogPluginManager: Mounting plugin MagicLeapMedia
LogPluginManager: Mounting plugin AndroidMedia
LogPluginManager: Mounting plugin AvfMedia
LogPluginManager: Mounting plugin ImgMedia
LogPluginManager: Mounting plugin LinearTimecode
LogPluginManager: Mounting plugin MediaCompositing
LogPluginManager: Mounting plugin MediaPlayerEditor
LogPluginManager: Mounting plugin WebMMedia
LogPluginManager: Mounting plugin WmfMedia
LogPluginManager: Mounting plugin TcpMessaging
LogPluginManager: Mounting plugin UdpMessaging
LogPluginManager: Mounting plugin ActorSequence
LogPluginManager: Mounting plugin LevelSequenceEditor
LogPluginManager: Mounting plugin MatineeToLevelSequence
LogPluginManager: Mounting plugin NetcodeUnitTest
LogPluginManager: Mounting plugin NUTUnrealEngine4
LogPluginManager: Mounting plugin OnlineSubsystemGooglePlay
LogPluginManager: Mounting plugin OnlineSubsystemIOS
LogPluginManager: Mounting plugin OnlineSubsystem
LogPluginManager: Mounting plugin OnlineSubsystemNull
LogPluginManager: Mounting plugin OnlineSubsystemUtils
LogPluginManager: Mounting plugin LauncherChunkInstaller
LogPluginManager: Mounting plugin AndroidDeviceProfileSelector
LogPluginManager: Mounting plugin AndroidMoviePlayer
LogPluginManager: Mounting plugin AndroidPermission
LogPluginManager: Mounting plugin AppleMoviePlayer
LogPluginManager: Mounting plugin ArchVisCharacter
LogPluginManager: Mounting plugin AudioCapture
LogPluginManager: Mounting plugin CableComponent
LogPluginManager: Mounting plugin CustomMeshComponent
LogPluginManager: Mounting plugin EditableMesh
LogPluginManager: Mounting plugin ExampleDeviceProfileSelector
LogPluginManager: Mounting plugin Firebase
LogPluginManager: Mounting plugin GoogleCloudMessaging
LogPluginManager: Mounting plugin IOSDeviceProfileSelector
LogPluginManager: Mounting plugin LinuxDeviceProfileSelector
LogPluginManager: Mounting plugin LocationServicesBPLibrary
LogPluginManager: Mounting plugin MobilePatchingUtils
LogPluginManager: Mounting plugin OculusVR
LogPluginManager: Mounting plugin PhysXVehicles
LogPluginManager: Mounting plugin ProceduralMeshComponent
LogPluginManager: Mounting plugin RuntimePhysXCooking
LogPluginManager: Mounting plugin SteamVR
LogPluginManager: Mounting plugin WebMMoviePlayer
LogPluginManager: Mounting plugin WindowsMoviePlayer
LogStreaming: Display: Took  0.167s to configure plugins.
LogInit: Using libcurl 7.55.1-DEV
LogInit:  - built for x86_64-pc-win32
LogInit:  - supports SSL with OpenSSL/1.0.2h
LogInit:  - supports HTTP deflate (compression) using libz 1.2.8
LogInit:  - other features:
LogInit:      CURL_VERSION_SSL
LogInit:      CURL_VERSION_LIBZ
LogInit:      CURL_VERSION_IPV6
LogInit:      CURL_VERSION_ASYNCHDNS
LogInit:      CURL_VERSION_LARGEFILE
LogInit:      CURL_VERSION_IDN
LogInit:  CurlRequestOptions (configurable via config and command line):
LogInit:  - bVerifyPeer = true  - Libcurl will verify peer certificate
LogInit:  - bUseHttpProxy = false  - Libcurl will NOT use HTTP proxy
LogInit:  - bDontReuseConnections = false  - Libcurl will reuse connections
LogInit:  - MaxHostConnections = 16  - Libcurl will limit the number of connections to a host
LogInit:  - LocalHostAddr = Default
LogInit:  - BufferSize = 65536
LogInit: WinSock: version 1.1 (2.2), MaxSocks=32767, MaxUdp=65467
LogInit: Build: ++UE4+Release-4.21-CL-4753647
LogInit: Engine Version: 4.21.2-4753647+++UE4+Release-4.21
LogInit: Compatible Engine Version: 4.21.0-4541578+++UE4+Release-4.21
LogInit: Net CL: 4541578
LogInit: OS: Windows 10 (), CPU: Intel(R) Core(TM) i5-7200U CPU @ 2.50GHz, GPU: Intel(R) HD Graphics 620
LogInit: Compiled (64-bit): Jan 19 2019 02:07:31
LogInit: Compiled with Visual C++: 19.13.26129.00
LogInit: Build Configuration: Development
LogInit: Branch Name: ++UE4+Release-4.21
LogInit: Command Line: 
LogInit: Base Directory: C:/Program Files/Epic Games/UE_4.21/Engine/Binaries/Win64/
LogInit: Installed Engine Build: 1
LogDevObjectVersion: Number of dev versions registered: 22
LogDevObjectVersion:   Dev-Blueprints (B0D832E4-1F89-4F0D-ACCF-7EB736FD4AA2): 10
LogDevObjectVersion:   Dev-Build (E1C64328-A22C-4D53-A36C-8E866417BD8C): 0
LogDevObjectVersion:   Dev-Core (375EC13C-06E4-48FB-B500-84F0262A717E): 2
LogDevObjectVersion:   Dev-Editor (E4B068ED-F494-42E9-A231-DA0B2E46BB41): 26
LogDevObjectVersion:   Dev-Framework (CFFC743F-43B0-4480-9391-14DF171D2073): 34
LogDevObjectVersion:   Dev-Mobile (B02B49B5-BB20-44E9-A304-32B752E40360): 2
LogDevObjectVersion:   Dev-Networking (A4E4105C-59A1-49B5-A7C5-40C4547EDFEE): 0
LogDevObjectVersion:   Dev-Online (39C831C9-5AE6-47DC-9A44-9C173E1C8E7C): 0
LogDevObjectVersion:   Dev-Physics (78F01B33-EBEA-4F98-B9B4-84EACCB95AA2): 0
LogDevObjectVersion:   Dev-Platform (6631380F-2D4D-43E0-8009-CF276956A95A): 0
LogDevObjectVersion:   Dev-Rendering (12F88B9F-8875-4AFC-A67C-D90C383ABD29): 27
LogDevObjectVersion:   Dev-Sequencer (7B5AE74C-D270-4C10-A958-57980B212A5A): 9
LogDevObjectVersion:   Dev-VR (D7296918-1DD6-4BDD-9DE2-64A83CC13884): 2
LogDevObjectVersion:   Dev-LoadTimes (C2A15278-BFE7-4AFE-6C17-90FF531DF755): 1
LogDevObjectVersion:   Private-Geometry (6EACA3D4-40EC-4CC1-B786-8BED09428FC5): 3
LogDevObjectVersion:   Dev-AnimPhys (29E575DD-E0A3-4627-9D10-D276232CDCEA): 17
LogDevObjectVersion:   Dev-Anim (AF43A65D-7FD3-4947-9873-3E8ED9C1BB05): 2
LogDevObjectVersion:   Dev-ReflectionCapture (6B266CEC-1EC7-4B8F-A30B-E4D90942FC07): 1
LogDevObjectVersion:   Dev-Automation (0DF73D61-A23F-47EA-B727-89E90C41499A): 1
LogDevObjectVersion:   FortniteMain (601D1886-AC64-4F84-AA16-D3DE0DEAC7D6): 17
LogDevObjectVersion:   Dev-Enterprise (9DFFBCD6-494F-0158-E221-12823C92A888): 4
LogDevObjectVersion:   Dev-Niagara (F2AED0AC-9AFE-416F-8664-AA7FFA26D6FC): 1
LogStreaming: Display: Took  0.005s to delete old logs.
LogInit: Presizing for max 8388607 objects, including 0 objects not considered by GC, pre-allocating 0 bytes for permanent pool.
LogInit: Object subsystem initialized
LogConfig: Setting CVar [[con.DebugEarlyDefault:1]]
LogConfig: Setting CVar [[r.setres:1280x720]]
[2019.02.19-22.27.12:267][  0]LogConfig: Setting CVar [[r.VSync:0]]
[2019.02.19-22.27.12:267][  0]LogConfig: Setting CVar [[r.RHICmdBypass:0]]
[2019.02.19-22.27.12:267][  0]LogConfig: Applying CVar settings from Section [/Script/Engine.RendererSettings] File [C:/Users/james/Desktop/Processes for OOS/COP4331 Project/ScaryMaze/Saved/Config/Windows/Engine.ini]
[2019.02.19-22.27.12:267][  0]LogConfig: Setting CVar [[r.GPUCrashDebugging:0]]
[2019.02.19-22.27.12:267][  0]LogConfig: Applying CVar settings from Section [/Script/Engine.RendererOverrideSettings] File [C:/Users/james/Desktop/Processes for OOS/COP4331 Project/ScaryMaze/Saved/Config/Windows/Engine.ini]
[2019.02.19-22.27.12:267][  0]LogConfig: Applying CVar settings from Section [/Script/Engine.StreamingSettings] File [C:/Users/james/Desktop/Processes for OOS/COP4331 Project/ScaryMaze/Saved/Config/Windows/Engine.ini]
[2019.02.19-22.27.12:268][  0]LogConfig: Setting CVar [[s.MinBulkDataSizeForAsyncLoading:131072]]
[2019.02.19-22.27.12:268][  0]LogConfig: Setting CVar [[s.AsyncLoadingThreadEnabled:0]]
[2019.02.19-22.27.12:268][  0]LogConfig: Setting CVar [[s.EventDrivenLoaderEnabled:1]]
[2019.02.19-22.27.12:268][  0]LogConfig: Setting CVar [[s.WarnIfTimeLimitExceeded:0]]
[2019.02.19-22.27.12:268][  0]LogConfig: Setting CVar [[s.TimeLimitExceededMultiplier:1.5]]
[2019.02.19-22.27.12:268][  0]LogConfig: Setting CVar [[s.TimeLimitExceededMinTime:0.005]]
[2019.02.19-22.27.12:268][  0]LogConfig: Setting CVar [[s.UseBackgroundLevelStreaming:1]]
[2019.02.19-22.27.12:268][  0]LogConfig: Setting CVar [[s.PriorityAsyncLoadingExtraTime:15.0]]
[2019.02.19-22.27.12:268][  0]LogConfig: Setting CVar [[s.LevelStreamingActorsUpdateTimeLimit:5.0]]
[2019.02.19-22.27.12:268][  0]LogConfig: Setting CVar [[s.PriorityLevelStreamingActorsUpdateExtraTime:5.0]]
[2019.02.19-22.27.12:268][  0]LogConfig: Setting CVar [[s.LevelStreamingComponentsRegistrationGranularity:10]]
[2019.02.19-22.27.12:268][  0]LogConfig: Setting CVar [[s.UnregisterComponentsTimeLimit:1.0]]
[2019.02.19-22.27.12:268][  0]LogConfig: Setting CVar [[s.LevelStreamingComponentsUnregistrationGranularity:5]]
[2019.02.19-22.27.12:268][  0]LogConfig: Applying CVar settings from Section [/Script/Engine.GarbageCollectionSettings] File [C:/Users/james/Desktop/Processes for OOS/COP4331 Project/ScaryMaze/Saved/Config/Windows/Engine.ini]
[2019.02.19-22.27.12:268][  0]LogConfig: Setting CVar [[gc.MaxObjectsNotConsideredByGC:1]]
[2019.02.19-22.27.12:268][  0]LogConfig: Setting CVar [[gc.SizeOfPermanentObjectPool:0]]
[2019.02.19-22.27.12:268][  0]LogConfig: Setting CVar [[gc.FlushStreamingOnGC:0]]
[2019.02.19-22.27.12:268][  0]LogConfig: Setting CVar [[gc.NumRetriesBeforeForcingGC:10]]
[2019.02.19-22.27.12:268][  0]LogConfig: Setting CVar [[gc.AllowParallelGC:1]]
[2019.02.19-22.27.12:268][  0]LogConfig: Setting CVar [[gc.TimeBetweenPurgingPendingKillObjects:61.1]]
[2019.02.19-22.27.12:268][  0]LogConfig: Setting CVar [[gc.MaxObjectsInEditor:8388607]]
[2019.02.19-22.27.12:268][  0]LogConfig: Setting CVar [[gc.IncrementalBeginDestroyEnabled:1]]
[2019.02.19-22.27.12:268][  0]LogConfig: Setting CVar [[gc.CreateGCClusters:1]]
[2019.02.19-22.27.12:268][  0]LogConfig: Setting CVar [[gc.MergeGCClusters:0]]
[2019.02.19-22.27.12:268][  0]LogConfig: Setting CVar [[gc.MinGCClusterSize:5]]
[2019.02.19-22.27.12:268][  0]LogConfig: Setting CVar [[gc.ActorClusteringEnabled:0]]
[2019.02.19-22.27.12:268][  0]LogConfig: Setting CVar [[gc.BlueprintClusteringEnabled:0]]
[2019.02.19-22.27.12:268][  0]LogConfig: Setting CVar [[gc.UseDisregardForGCOnDedicatedServers:0]]
[2019.02.19-22.27.12:268][  0]LogConfig: Applying CVar settings from Section [/Script/Engine.NetworkSettings] File [C:/Users/james/Desktop/Processes for OOS/COP4331 Project/ScaryMaze/Saved/Config/Windows/Engine.ini]
[2019.02.19-22.27.12:268][  0]LogConfig: Applying CVar settings from Section [/Script/UnrealEd.CookerSettings] File [C:/Users/james/Desktop/Processes for OOS/COP4331 Project/ScaryMaze/Saved/Config/Windows/Engine.ini]
[2019.02.19-22.27.12:273][  0]LogConfig: Applying CVar settings from Section [ViewDistanceQuality@3] File [C:/Users/james/Desktop/Processes for OOS/COP4331 Project/ScaryMaze/Saved/Config/Windows/Scalability.ini]
[2019.02.19-22.27.12:273][  0]LogConfig: Setting CVar [[r.SkeletalMeshLODBias:0]]
[2019.02.19-22.27.12:273][  0]LogConfig: Setting CVar [[r.ViewDistanceScale:1.0]]
[2019.02.19-22.27.12:273][  0]LogConfig: Applying CVar settings from Section [AntiAliasingQuality@3] File [C:/Users/james/Desktop/Processes for OOS/COP4331 Project/ScaryMaze/Saved/Config/Windows/Scalability.ini]
[2019.02.19-22.27.12:273][  0]LogConfig: Setting CVar [[r.PostProcessAAQuality:4]]
[2019.02.19-22.27.12:273][  0]LogConfig: Applying CVar settings from Section [ShadowQuality@3] File [C:/Users/james/Desktop/Processes for OOS/COP4331 Project/ScaryMaze/Saved/Config/Windows/Scalability.ini]
[2019.02.19-22.27.12:274][  0]LogConfig: Setting CVar [[r.LightFunctionQuality:1]]
[2019.02.19-22.27.12:274][  0]LogConfig: Setting CVar [[r.ShadowQuality:5]]
[2019.02.19-22.27.12:274][  0]LogConfig: Setting CVar [[r.Shadow.CSM.MaxCascades:10]]
[2019.02.19-22.27.12:274][  0]LogConfig: Setting CVar [[r.Shadow.MaxResolution:2048]]
[2019.02.19-22.27.12:274][  0]LogConfig: Setting CVar [[r.Shadow.MaxCSMResolution:2048]]
[2019.02.19-22.27.12:274][  0]LogConfig: Setting CVar [[r.Shadow.RadiusThreshold:0.01]]
[2019.02.19-22.27.12:274][  0]LogConfig: Setting CVar [[r.Shadow.DistanceScale:1.0]]
[2019.02.19-22.27.12:274][  0]LogConfig: Setting CVar [[r.Shadow.CSM.TransitionScale:1.0]]
[2019.02.19-22.27.12:274][  0]LogConfig: Setting CVar [[r.Shadow.PreShadowResolutionFactor:1.0]]
[2019.02.19-22.27.12:274][  0]LogConfig: Setting CVar [[r.DistanceFieldShadowing:1]]
[2019.02.19-22.27.12:274][  0]LogConfig: Setting CVar [[r.DistanceFieldAO:1]]
[2019.02.19-22.27.12:274][  0]LogConfig: Setting CVar [[r.AOQuality:2]]
[2019.02.19-22.27.12:274][  0]LogConfig: Setting CVar [[r.VolumetricFog:1]]
[2019.02.19-22.27.12:274][  0]LogConfig: Setting CVar [[r.VolumetricFog.GridPixelSize:8]]
[2019.02.19-22.27.12:274][  0]LogConfig: Setting CVar [[r.VolumetricFog.GridSizeZ:128]]
[2019.02.19-22.27.12:274][  0]LogConfig: Setting CVar [[r.VolumetricFog.HistoryMissSupersampleCount:4]]
[2019.02.19-22.27.12:274][  0]LogConfig: Setting CVar [[r.LightMaxDrawDistanceScale:1]]
[2019.02.19-22.27.12:274][  0]LogConfig: Setting CVar [[r.CapsuleShadows:1]]
[2019.02.19-22.27.12:274][  0]LogConfig: Applying CVar settings from Section [PostProcessQuality@3] File [C:/Users/james/Desktop/Processes for OOS/COP4331 Project/ScaryMaze/Saved/Config/Windows/Scalability.ini]
[2019.02.19-22.27.12:274][  0]LogConfig: Setting CVar [[r.MotionBlurQuality:4]]
[2019.02.19-22.27.12:274][  0]LogConfig: Setting CVar [[r.AmbientOcclusionMipLevelFactor:0.4]]
[2019.02.19-22.27.12:274][  0]LogConfig: Setting CVar [[r.AmbientOcclusionMaxQuality:100]]
[2019.02.19-22.27.12:274][  0]LogConfig: Setting CVar [[r.AmbientOcclusionLevels:-1]]
[2019.02.19-22.27.12:274][  0]LogConfig: Setting CVar [[r.AmbientOcclusionRadiusScale:1.0]]
[2019.02.19-22.27.12:274][  0]LogConfig: Setting CVar [[r.DepthOfFieldQuality:2]]
[2019.02.19-22.27.12:274][  0]LogConfig: Setting CVar [[r.RenderTargetPoolMin:400]]
[2019.02.19-22.27.12:274][  0]LogConfig: Setting CVar [[r.LensFlareQuality:2]]
[2019.02.19-22.27.12:274][  0]LogConfig: Setting CVar [[r.SceneColorFringeQuality:1]]
[2019.02.19-22.27.12:275][  0]LogConfig: Setting CVar [[r.EyeAdaptationQuality:2]]
[2019.02.19-22.27.12:275][  0]LogConfig: Setting CVar [[r.BloomQuality:5]]
[2019.02.19-22.27.12:275][  0]LogConfig: Setting CVar [[r.FastBlurThreshold:100]]
[2019.02.19-22.27.12:275][  0]LogConfig: Setting CVar [[r.Upscale.Quality:3]]
[2019.02.19-22.27.12:275][  0]LogConfig: Setting CVar [[r.Tonemapper.GrainQuantization:1]]
[2019.02.19-22.27.12:275][  0]LogConfig: Setting CVar [[r.LightShaftQuality:1]]
[2019.02.19-22.27.12:275][  0]LogConfig: Setting CVar [[r.Filter.SizeScale:1]]
[2019.02.19-22.27.12:275][  0]LogConfig: Setting CVar [[r.Tonemapper.Quality:5]]
[2019.02.19-22.27.12:275][  0]LogConfig: Setting CVar [[r.DOF.Gather.AccumulatorQuality:1        ; higher gathering accumulator quality]]
[2019.02.19-22.27.12:275][  0]LogConfig: Setting CVar [[r.DOF.Gather.PostfilterMethod:1          ; Median3x3 postfilering method]]
[2019.02.19-22.27.12:275][  0]LogConfig: Setting CVar [[r.DOF.Gather.EnableBokehSettings:0       ; no bokeh simulation when gathering]]
[2019.02.19-22.27.12:275][  0]LogConfig: Setting CVar [[r.DOF.Gather.RingCount:4                 ; medium number of samples when gathering]]
[2019.02.19-22.27.12:275][  0]LogConfig: Setting CVar [[r.DOF.Scatter.ForegroundCompositing:1    ; additive foreground scattering]]
[2019.02.19-22.27.12:275][  0]LogConfig: Setting CVar [[r.DOF.Scatter.BackgroundCompositing:2    ; additive background scattering]]
[2019.02.19-22.27.12:275][  0]LogConfig: Setting CVar [[r.DOF.Scatter.EnableBokehSettings:1      ; bokeh simulation when scattering]]
[2019.02.19-22.27.12:275][  0]LogConfig: Setting CVar [[r.DOF.Scatter.MaxSpriteRatio:0.1         ; only a maximum of 10% of scattered bokeh]]
[2019.02.19-22.27.12:275][  0]LogConfig: Setting CVar [[r.DOF.Recombine.Quality:1                ; cheap slight out of focus]]
[2019.02.19-22.27.12:275][  0]LogConfig: Setting CVar [[r.DOF.Recombine.EnableBokehSettings:0    ; no bokeh simulation on slight out of focus]]
[2019.02.19-22.27.12:275][  0]LogConfig: Setting CVar [[r.DOF.TemporalAAQuality:1                ; more stable temporal accumulation]]
[2019.02.19-22.27.12:275][  0]LogConfig: Setting CVar [[r.DOF.Kernel.MaxForegroundRadius:0.025]]
[2019.02.19-22.27.12:275][  0]LogConfig: Setting CVar [[r.DOF.Kernel.MaxBackgroundRadius:0.025]]
[2019.02.19-22.27.12:275][  0]LogConfig: Applying CVar settings from Section [TextureQuality@3] File [C:/Users/james/Desktop/Processes for OOS/COP4331 Project/ScaryMaze/Saved/Config/Windows/Scalability.ini]
[2019.02.19-22.27.12:275][  0]LogConfig: Setting CVar [[r.Streaming.MipBias:0]]
[2019.02.19-22.27.12:275][  0]LogConfig: Setting CVar [[r.Streaming.AmortizeCPUToGPUCopy:0]]
[2019.02.19-22.27.12:275][  0]LogConfig: Setting CVar [[r.Streaming.MaxNumTexturesToStreamPerFrame:0]]
[2019.02.19-22.27.12:275][  0]LogConfig: Setting CVar [[r.Streaming.Boost:1]]
[2019.02.19-22.27.12:275][  0]LogConfig: Setting CVar [[r.MaxAnisotropy:8]]
[2019.02.19-22.27.12:275][  0]LogConfig: Setting CVar [[r.Streaming.LimitPoolSizeToVRAM:0]]
[2019.02.19-22.27.12:276][  0]LogConfig: Setting CVar [[r.Streaming.PoolSize:1000]]
[2019.02.19-22.27.12:276][  0]LogConfig: Setting CVar [[r.Streaming.MaxEffectiveScreenSize:0]]
[2019.02.19-22.27.12:276][  0]LogConfig: Applying CVar settings from Section [EffectsQuality@3] File [C:/Users/james/Desktop/Processes for OOS/COP4331 Project/ScaryMaze/Saved/Config/Windows/Scalability.ini]
[2019.02.19-22.27.12:276][  0]LogConfig: Setting CVar [[r.TranslucencyLightingVolumeDim:64]]
[2019.02.19-22.27.12:276][  0]LogConfig: Setting CVar [[r.RefractionQuality:2]]
[2019.02.19-22.27.12:276][  0]LogConfig: Setting CVar [[r.SSR.Quality:3]]
[2019.02.19-22.27.12:276][  0]LogConfig: Setting CVar [[r.SceneColorFormat:4]]
[2019.02.19-22.27.12:276][  0]LogConfig: Setting CVar [[r.DetailMode:2]]
[2019.02.19-22.27.12:276][  0]LogConfig: Setting CVar [[r.TranslucencyVolumeBlur:1]]
[2019.02.19-22.27.12:276][  0]LogConfig: Setting CVar [[r.MaterialQualityLevel:1 ; High quality]]
[2019.02.19-22.27.12:276][  0]LogConfig: Setting CVar [[r.SSS.Scale:1]]
[2019.02.19-22.27.12:276][  0]LogConfig: Setting CVar [[r.SSS.SampleSet:2]]
[2019.02.19-22.27.12:276][  0]LogConfig: Setting CVar [[r.SSS.Quality:1]]
[2019.02.19-22.27.12:276][  0]LogConfig: Setting CVar [[r.SSS.HalfRes:1]]
[2019.02.19-22.27.12:276][  0]LogConfig: Setting CVar [[r.EmitterSpawnRateScale:1.0]]
[2019.02.19-22.27.12:276][  0]LogConfig: Setting CVar [[r.ParticleLightQuality:2]]
[2019.02.19-22.27.12:276][  0]LogConfig: Applying CVar settings from Section [FoliageQuality@3] File [C:/Users/james/Desktop/Processes for OOS/COP4331 Project/ScaryMaze/Saved/Config/Windows/Scalability.ini]
[2019.02.19-22.27.12:276][  0]LogConfig: Setting CVar [[foliage.DensityScale:1.0]]
[2019.02.19-22.27.12:276][  0]LogConfig: Setting CVar [[grass.DensityScale:1.0]]
[2019.02.19-22.27.12:276][  0]LogInit: Selected Device Profile: [Windows]
[2019.02.19-22.27.12:276][  0]LogInit: Applying CVar settings loaded from the selected device profile: [Windows]
[2019.02.19-22.27.12:298][  0]LogHAL: Display: Platform has ~ 8 GB [8499228672 / 8589934592 / 8], which maps to Default [LargestMinGB=32, LargerMinGB=12, DefaultMinGB=8, SmallerMinGB=6, SmallestMinGB=0)
[2019.02.19-22.27.12:298][  0]LogConfig: Setting CVar [[r.Vulkan.UseRealUBs:1]]
[2019.02.19-22.27.12:298][  0]LogInit: Going up to parent DeviceProfile []
[2019.02.19-22.27.12:298][  0]LogConfig: Applying CVar settings from Section [ViewDistanceQuality@3] File [C:/Users/james/Desktop/Processes for OOS/COP4331 Project/ScaryMaze/Saved/Config/Windows/Scalability.ini]
[2019.02.19-22.27.12:298][  0]LogConfig: Setting CVar [[r.SkeletalMeshLODBias:0]]
[2019.02.19-22.27.12:298][  0]LogConfig: Setting CVar [[r.ViewDistanceScale:1.0]]
[2019.02.19-22.27.12:298][  0]LogConfig: Applying CVar settings from Section [AntiAliasingQuality@3] File [C:/Users/james/Desktop/Processes for OOS/COP4331 Project/ScaryMaze/Saved/Config/Windows/Scalability.ini]
[2019.02.19-22.27.12:298][  0]LogConfig: Setting CVar [[r.PostProcessAAQuality:4]]
[2019.02.19-22.27.12:298][  0]LogConfig: Applying CVar settings from Section [ShadowQuality@3] File [C:/Users/james/Desktop/Processes for OOS/COP4331 Project/ScaryMaze/Saved/Config/Windows/Scalability.ini]
[2019.02.19-22.27.12:298][  0]LogConfig: Setting CVar [[r.LightFunctionQuality:1]]
[2019.02.19-22.27.12:298][  0]LogConfig: Setting CVar [[r.ShadowQuality:5]]
[2019.02.19-22.27.12:298][  0]LogConfig: Setting CVar [[r.Shadow.CSM.MaxCascades:10]]
[2019.02.19-22.27.12:298][  0]LogConfig: Setting CVar [[r.Shadow.MaxResolution:2048]]
[2019.02.19-22.27.12:298][  0]LogConfig: Setting CVar [[r.Shadow.MaxCSMResolution:2048]]
[2019.02.19-22.27.12:298][  0]LogConfig: Setting CVar [[r.Shadow.RadiusThreshold:0.01]]
[2019.02.19-22.27.12:298][  0]LogConfig: Setting CVar [[r.Shadow.DistanceScale:1.0]]
[2019.02.19-22.27.12:298][  0]LogConfig: Setting CVar [[r.Shadow.CSM.TransitionScale:1.0]]
[2019.02.19-22.27.12:299][  0]LogConfig: Setting CVar [[r.Shadow.PreShadowResolutionFactor:1.0]]
[2019.02.19-22.27.12:299][  0]LogConfig: Setting CVar [[r.DistanceFieldShadowing:1]]
[2019.02.19-22.27.12:299][  0]LogConfig: Setting CVar [[r.DistanceFieldAO:1]]
[2019.02.19-22.27.12:299][  0]LogConfig: Setting CVar [[r.AOQuality:2]]
[2019.02.19-22.27.12:299][  0]LogConfig: Setting CVar [[r.VolumetricFog:1]]
[2019.02.19-22.27.12:299][  0]LogConfig: Setting CVar [[r.VolumetricFog.GridPixelSize:8]]
[2019.02.19-22.27.12:299][  0]LogConfig: Setting CVar [[r.VolumetricFog.GridSizeZ:128]]
[2019.02.19-22.27.12:299][  0]LogConfig: Setting CVar [[r.VolumetricFog.HistoryMissSupersampleCount:4]]
[2019.02.19-22.27.12:299][  0]LogConfig: Setting CVar [[r.LightMaxDrawDistanceScale:1]]
[2019.02.19-22.27.12:299][  0]LogConfig: Setting CVar [[r.CapsuleShadows:1]]
[2019.02.19-22.27.12:299][  0]LogConfig: Applying CVar settings from Section [PostProcessQuality@3] File [C:/Users/james/Desktop/Processes for OOS/COP4331 Project/ScaryMaze/Saved/Config/Windows/Scalability.ini]
[2019.02.19-22.27.12:299][  0]LogConfig: Setting CVar [[r.MotionBlurQuality:4]]
[2019.02.19-22.27.12:299][  0]LogConfig: Setting CVar [[r.AmbientOcclusionMipLevelFactor:0.4]]
[2019.02.19-22.27.12:299][  0]LogConfig: Setting CVar [[r.AmbientOcclusionMaxQuality:100]]
[2019.02.19-22.27.12:299][  0]LogConfig: Setting CVar [[r.AmbientOcclusionLevels:-1]]
[2019.02.19-22.27.12:299][  0]LogConfig: Setting CVar [[r.AmbientOcclusionRadiusScale:1.0]]
[2019.02.19-22.27.12:299][  0]LogConfig: Setting CVar [[r.DepthOfFieldQuality:2]]
[2019.02.19-22.27.12:299][  0]LogConfig: Setting CVar [[r.RenderTargetPoolMin:400]]
[2019.02.19-22.27.12:299][  0]LogConfig: Setting CVar [[r.LensFlareQuality:2]]
[2019.02.19-22.27.12:299][  0]LogConfig: Setting CVar [[r.SceneColorFringeQuality:1]]
[2019.02.19-22.27.12:299][  0]LogConfig: Setting CVar [[r.EyeAdaptationQuality:2]]
[2019.02.19-22.27.12:299][  0]LogConfig: Setting CVar [[r.BloomQuality:5]]
[2019.02.19-22.27.12:299][  0]LogConfig: Setting CVar [[r.FastBlurThreshold:100]]
[2019.02.19-22.27.12:299][  0]LogConfig: Setting CVar [[r.Upscale.Quality:3]]
[2019.02.19-22.27.12:299][  0]LogConfig: Setting CVar [[r.Tonemapper.GrainQuantization:1]]
[2019.02.19-22.27.12:299][  0]LogConfig: Setting CVar [[r.LightShaftQuality:1]]
[2019.02.19-22.27.12:299][  0]LogConfig: Setting CVar [[r.Filter.SizeScale:1]]
[2019.02.19-22.27.12:299][  0]LogConfig: Setting CVar [[r.Tonemapper.Quality:5]]
[2019.02.19-22.27.12:299][  0]LogConfig: Setting CVar [[r.DOF.Gather.AccumulatorQuality:1        ; higher gathering accumulator quality]]
[2019.02.19-22.27.12:299][  0]LogConfig: Setting CVar [[r.DOF.Gather.PostfilterMethod:1          ; Median3x3 postfilering method]]
[2019.02.19-22.27.12:299][  0]LogConfig: Setting CVar [[r.DOF.Gather.EnableBokehSettings:0       ; no bokeh simulation when gathering]]
[2019.02.19-22.27.12:299][  0]LogConfig: Setting CVar [[r.DOF.Gather.RingCount:4                 ; medium number of samples when gathering]]
[2019.02.19-22.27.12:299][  0]LogConfig: Setting CVar [[r.DOF.Scatter.ForegroundCompositing:1    ; additive foreground scattering]]
[2019.02.19-22.27.12:299][  0]LogConfig: Setting CVar [[r.DOF.Scatter.BackgroundCompositing:2    ; additive background scattering]]
[2019.02.19-22.27.12:299][  0]LogConfig: Setting CVar [[r.DOF.Scatter.EnableBokehSettings:1      ; bokeh simulation when scattering]]
[2019.02.19-22.27.12:299][  0]LogConfig: Setting CVar [[r.DOF.Scatter.MaxSpriteRatio:0.1         ; only a maximum of 10% of scattered bokeh]]
[2019.02.19-22.27.12:299][  0]LogConfig: Setting CVar [[r.DOF.Recombine.Quality:1                ; cheap slight out of focus]]
[2019.02.19-22.27.12:299][  0]LogConfig: Setting CVar [[r.DOF.Recombine.EnableBokehSettings:0    ; no bokeh simulation on slight out of focus]]
[2019.02.19-22.27.12:299][  0]LogConfig: Setting CVar [[r.DOF.TemporalAAQuality:1                ; more stable temporal accumulation]]
[2019.02.19-22.27.12:299][  0]LogConfig: Setting CVar [[r.DOF.Kernel.MaxForegroundRadius:0.025]]
[2019.02.19-22.27.12:299][  0]LogConfig: Setting CVar [[r.DOF.Kernel.MaxBackgroundRadius:0.025]]
[2019.02.19-22.27.12:299][  0]LogConfig: Applying CVar settings from Section [TextureQuality@3] File [C:/Users/james/Desktop/Processes for OOS/COP4331 Project/ScaryMaze/Saved/Config/Windows/Scalability.ini]
[2019.02.19-22.27.12:299][  0]LogConfig: Setting CVar [[r.Streaming.MipBias:0]]
[2019.02.19-22.27.12:299][  0]LogConfig: Setting CVar [[r.Streaming.AmortizeCPUToGPUCopy:0]]
[2019.02.19-22.27.12:299][  0]LogConfig: Setting CVar [[r.Streaming.MaxNumTexturesToStreamPerFrame:0]]
[2019.02.19-22.27.12:299][  0]LogConfig: Setting CVar [[r.Streaming.Boost:1]]
[2019.02.19-22.27.12:299][  0]LogConfig: Setting CVar [[r.MaxAnisotropy:8]]
[2019.02.19-22.27.12:299][  0]LogConfig: Setting CVar [[r.Streaming.LimitPoolSizeToVRAM:0]]
[2019.02.19-22.27.12:299][  0]LogConfig: Setting CVar [[r.Streaming.PoolSize:1000]]
[2019.02.19-22.27.12:299][  0]LogConfig: Setting CVar [[r.Streaming.MaxEffectiveScreenSize:0]]
[2019.02.19-22.27.12:299][  0]LogConfig: Applying CVar settings from Section [EffectsQuality@3] File [C:/Users/james/Desktop/Processes for OOS/COP4331 Project/ScaryMaze/Saved/Config/Windows/Scalability.ini]
[2019.02.19-22.27.12:299][  0]LogConfig: Setting CVar [[r.TranslucencyLightingVolumeDim:64]]
[2019.02.19-22.27.12:299][  0]LogConfig: Setting CVar [[r.RefractionQuality:2]]
[2019.02.19-22.27.12:299][  0]LogConfig: Setting CVar [[r.SSR.Quality:3]]
[2019.02.19-22.27.12:299][  0]LogConfig: Setting CVar [[r.SceneColorFormat:4]]
[2019.02.19-22.27.12:299][  0]LogConfig: Setting CVar [[r.DetailMode:2]]
[2019.02.19-22.27.12:299][  0]LogConfig: Setting CVar [[r.TranslucencyVolumeBlur:1]]
[2019.02.19-22.27.12:299][  0]LogConfig: Setting CVar [[r.MaterialQualityLevel:1 ; High quality]]
[2019.02.19-22.27.12:299][  0]LogConfig: Setting CVar [[r.SSS.Scale:1]]
[2019.02.19-22.27.12:299][  0]LogConfig: Setting CVar [[r.SSS.SampleSet:2]]
[2019.02.19-22.27.12:299][  0]LogConfig: Setting CVar [[r.SSS.Quality:1]]
[2019.02.19-22.27.12:300][  0]LogConfig: Setting CVar [[r.SSS.HalfRes:1]]
[2019.02.19-22.27.12:300][  0]LogConfig: Setting CVar [[r.EmitterSpawnRateScale:1.0]]
[2019.02.19-22.27.12:300][  0]LogConfig: Setting CVar [[r.ParticleLightQuality:2]]
[2019.02.19-22.27.12:300][  0]LogConfig: Applying CVar settings from Section [FoliageQuality@3] File [C:/Users/james/Desktop/Processes for OOS/COP4331 Project/ScaryMaze/Saved/Config/Windows/Scalability.ini]
[2019.02.19-22.27.12:300][  0]LogConfig: Setting CVar [[foliage.DensityScale:1.0]]
[2019.02.19-22.27.12:300][  0]LogConfig: Setting CVar [[grass.DensityScale:1.0]]
[2019.02.19-22.27.12:300][  0]LogConfig: Applying CVar settings from Section [Startup] File [../../../Engine/Config/ConsoleVariables.ini]
[2019.02.19-22.27.12:300][  0]LogConfig: Setting CVar [[net.UseAdaptiveNetUpdateFrequency:0]]
[2019.02.19-22.27.12:300][  0]LogConfig: Applying CVar settings from Section [ConsoleVariables] File [C:/Users/james/Desktop/Processes for OOS/COP4331 Project/ScaryMaze/Saved/Config/Windows/Engine.ini]
[2019.02.19-22.27.12:300][  0]LogInit: Computer: LAPTOP-Q1QSGUBH
[2019.02.19-22.27.12:300][  0]LogInit: User: james
[2019.02.19-22.27.12:300][  0]LogInit: CPU Page size=4096, Cores=2
[2019.02.19-22.27.12:300][  0]LogInit: High frequency timer resolution =2.648439 MHz
[2019.02.19-22.27.12:300][  0]LogMemory: Memory total: Physical=7.9GB (8GB approx)
[2019.02.19-22.27.12:301][  0]LogMemory: Platform Memory Stats for Windows
[2019.02.19-22.27.12:301][  0]LogMemory: Process Physical Memory: 102.30 MB used, 102.30 MB peak
[2019.02.19-22.27.12:301][  0]LogMemory: Process Virtual Memory: 84.88 MB used, 84.88 MB peak
[2019.02.19-22.27.12:301][  0]LogMemory: Physical Memory: 3948.85 MB used,  4156.65 MB free, 8105.50 MB total
[2019.02.19-22.27.12:301][  0]LogMemory: Virtual Memory: 4628.93 MB used,  134213096.00 MB free, 134217728.00 MB total
[2019.02.19-22.27.12:334][  0]LogInit: Using OS detected language (en-US).
[2019.02.19-22.27.12:334][  0]LogInit: Using OS detected locale (en-US).
[2019.02.19-22.27.12:336][  0]LogTextLocalizationManager: No specific localization for 'en-US' exists, so the 'en' localization will be used.
[2019.02.19-22.27.13:027][  0]LogStreaming: Display: Took  0.693s to InitEngineTextLocalization.
[2019.02.19-22.27.13:028][  0]LogInit: Setting process to per monitor DPI aware
[2019.02.19-22.27.13:102][  0]LogSlate: New Slate User Created.  User Index 0, Is Virtual User: 0
[2019.02.19-22.27.13:102][  0]LogSlate: Slate User Registered.  User Index 0, Is Virtual User: 0
[2019.02.19-22.27.13:533][  0]LogHMD: Failed to initialize OpenVR with code 110
[2019.02.19-22.27.13:533][  0]LogD3D11RHI: D3D11 adapters:
[2019.02.19-22.27.13:609][  0]LogD3D11RHI:    0. 'NVIDIA GeForce 920MX' (Feature Level 11_0)
[2019.02.19-22.27.13:610][  0]LogD3D11RHI:       2010/0/4052 MB DedicatedVideo/DedicatedSystem/SharedSystem, Outputs:1, VendorId:0x10de
[2019.02.19-22.27.13:625][  0]LogD3D11RHI:    1. 'Intel(R) HD Graphics 620' (Feature Level 11_0)
[2019.02.19-22.27.13:625][  0]LogD3D11RHI:       128/0/4052 MB DedicatedVideo/DedicatedSystem/SharedSystem, Outputs:0, VendorId:0x8086
[2019.02.19-22.27.13:628][  0]LogD3D11RHI:    2. 'Microsoft Basic Render Driver' (Feature Level 11_0)
[2019.02.19-22.27.13:628][  0]LogD3D11RHI:       0/0/4052 MB DedicatedVideo/DedicatedSystem/SharedSystem, Outputs:0, VendorId:0x1414
[2019.02.19-22.27.13:628][  0]LogD3D11RHI: Chosen D3D11 Adapter: 0
[2019.02.19-22.27.13:667][  0]LogD3D11RHI: Creating new Direct3DDevice
[2019.02.19-22.27.13:667][  0]LogD3D11RHI:     GPU DeviceId: 0x134f (for the marketing name, search the web for "GPU Device Id")
[2019.02.19-22.27.13:667][  0]LogWindows: EnumDisplayDevices:
[2019.02.19-22.27.13:668][  0]LogWindows:    0. 'Intel(R) HD Graphics 620' (P:1 D:1)
[2019.02.19-22.27.13:668][  0]LogWindows:    1. 'Intel(R) HD Graphics 620' (P:0 D:0)
[2019.02.19-22.27.13:668][  0]LogWindows:    2. 'Intel(R) HD Graphics 620' (P:0 D:0)
[2019.02.19-22.27.13:668][  0]LogWindows: DebugString: PrimaryIsNotTheChoosenAdapter PrimaryIsNotTheChoosenAdapter PrimaryIsNotTheChoosenAdapter FoundDriverCount:0 
[2019.02.19-22.27.13:668][  0]LogD3D11RHI:     Adapter Name: NVIDIA GeForce 920MX
[2019.02.19-22.27.13:668][  0]LogD3D11RHI:   Driver Version: Unknown (internal:Unknown, unified:Unknown)
[2019.02.19-22.27.13:668][  0]LogD3D11RHI:      Driver Date: Unknown
[2019.02.19-22.27.13:668][  0]LogRHI: Texture pool is 1407 MB (70% of 2010 MB)
[2019.02.19-22.27.13:717][  0]LogD3D11RHI: Async texture creation enabled
[2019.02.19-22.27.13:737][  0]LogD3D11RHI: GPU Timing Frequency: 1000.000000 (Debug: 2 2)
[2019.02.19-22.27.14:240][  0]LogTemp: Display: Loaded TP AllDesktopTargetPlatform
[2019.02.19-22.27.14:259][  0]LogTemp: Display: Loaded TP MacClientTargetPlatform
[2019.02.19-22.27.14:278][  0]LogTemp: Display: Loaded TP MacNoEditorTargetPlatform
[2019.02.19-22.27.14:295][  0]LogTemp: Display: Loaded TP MacServerTargetPlatform
[2019.02.19-22.27.14:314][  0]LogTemp: Display: Loaded TP MacTargetPlatform
[2019.02.19-22.27.14:333][  0]LogTemp: Display: Loaded TP WindowsClientTargetPlatform
[2019.02.19-22.27.14:351][  0]LogTemp: Display: Loaded TP WindowsNoEditorTargetPlatform
[2019.02.19-22.27.14:370][  0]LogTemp: Display: Loaded TP WindowsServerTargetPlatform
[2019.02.19-22.27.14:380][  0]LogTemp: Display: Loaded TP WindowsTargetPlatform
[2019.02.19-22.27.14:485][  0]LogTemp: Display: Loaded TP AndroidTargetPlatform
[2019.02.19-22.27.14:485][  0]LogTemp: Display: Loaded TP AndroidTargetPlatform
[2019.02.19-22.27.14:485][  0]LogTemp: Display: Loaded TP AndroidTargetPlatform
[2019.02.19-22.27.14:485][  0]LogTemp: Display: Loaded TP AndroidTargetPlatform
[2019.02.19-22.27.14:485][  0]LogTemp: Display: Loaded TP AndroidTargetPlatform
[2019.02.19-22.27.14:485][  0]LogTemp: Display: Loaded TP AndroidTargetPlatform
[2019.02.19-22.27.14:485][  0]LogTemp: Display: Loaded TP AndroidTargetPlatform
[2019.02.19-22.27.14:485][  0]LogTemp: Display: Loaded TP AndroidTargetPlatform
[2019.02.19-22.27.14:485][  0]LogTemp: Display: Loaded TP AndroidTargetPlatform
[2019.02.19-22.27.14:485][  0]LogTemp: Display: Loaded TP AndroidTargetPlatform
[2019.02.19-22.27.14:485][  0]LogTemp: Display: Loaded TP AndroidTargetPlatform
[2019.02.19-22.27.14:485][  0]LogTemp: Display: Loaded TP AndroidTargetPlatform
[2019.02.19-22.27.14:485][  0]LogTemp: Display: Loaded TP AndroidTargetPlatform
[2019.02.19-22.27.14:485][  0]LogTemp: Display: Loaded TP AndroidTargetPlatform
[2019.02.19-22.27.14:485][  0]LogTemp: Display: Loaded TP AndroidTargetPlatform
[2019.02.19-22.27.14:485][  0]LogTemp: Display: Loaded TP AndroidTargetPlatform
[2019.02.19-22.27.14:485][  0]LogTemp: Display: Loaded TP AndroidTargetPlatform
[2019.02.19-22.27.14:485][  0]LogTemp: Display: Loaded TP AndroidTargetPlatform
[2019.02.19-22.27.14:488][  0]LogTemp: Display: Loaded TP HTML5TargetPlatform
[2019.02.19-22.27.14:571][  0]LogTemp: Display: Loaded TP IOSTargetPlatform
[2019.02.19-22.27.14:571][  0]LogTemp: Display: Loaded TP IOSTargetPlatform
[2019.02.19-22.27.14:622][  0]LogTemp: Display: Loaded TP TVOSTargetPlatform
[2019.02.19-22.27.14:622][  0]LogTemp: Display: Loaded TP TVOSTargetPlatform
[2019.02.19-22.27.14:639][  0]LogTemp: Display: Loaded TP LinuxClientTargetPlatform
[2019.02.19-22.27.14:656][  0]LogTemp: Display: Loaded TP LinuxNoEditorTargetPlatform
[2019.02.19-22.27.14:672][  0]LogTemp: Display: Loaded TP LinuxServerTargetPlatform
[2019.02.19-22.27.14:690][  0]LogTemp: Display: Loaded TP LinuxTargetPlatform
[2019.02.19-22.27.14:751][  0]LogTemp: Display: Loaded TP LuminTargetPlatform
[2019.02.19-22.27.14:751][  0]LogTemp: Display: Loaded TP LuminTargetPlatform
[2019.02.19-22.27.14:751][  0]LogTargetPlatformManager: Display: Building Assets For Windows
[2019.02.19-22.27.14:857][  0]LogShaderCompilers: Guid format shader working directory is -36 characters bigger than the processId version (../../../../../../Users/james/Desktop/Processes for OOS/COP4331 Project/ScaryMaze/Intermediate/Shaders/WorkingDirectory/26728/).
[2019.02.19-22.27.14:857][  0]LogShaderCompilers: Cleaned the shader compiler working directory 'C:/Users/james/AppData/Local/Temp/UnrealShaderWorkingDir/02995A854EC8296398531F9329C672ED/'.
[2019.02.19-22.27.14:862][  0]LogXGEController: Cannot use XGE Controller as Incredibuild is not installed on this machine.
[2019.02.19-22.27.14:862][  0]LogShaderCompilers: Cannot use XGE Shader Compiler as Incredibuild is not installed on this machine.
[2019.02.19-22.27.14:862][  0]LogShaderCompilers: Display: Using Local Shader Compiler.
[2019.02.19-22.27.15:600][  0]LogDerivedDataCache: Display: Max Cache Size: 512 MB
[2019.02.19-22.27.15:684][  0]LogDerivedDataCache: Loaded boot cache 0.08s 73MB C:/Users/james/AppData/Local/UnrealEngine/4.21/DerivedDataCache/Boot.ddc.
[2019.02.19-22.27.15:684][  0]LogDerivedDataCache: Display: Loaded Boot cache: C:/Users/james/AppData/Local/UnrealEngine/4.21/DerivedDataCache/Boot.ddc
[2019.02.19-22.27.15:684][  0]LogDerivedDataCache: FDerivedDataBackendGraph:  Pak pak cache file ../../../../../../Users/james/Desktop/Processes for OOS/COP4331 Project/ScaryMaze/DerivedDataCache/DDC.ddp not found, will not use a pak cache.
[2019.02.19-22.27.15:684][  0]LogDerivedDataCache: Unable to find inner node Pak for hierarchical cache Hierarchy.
[2019.02.19-22.27.15:684][  0]LogDerivedDataCache: FDerivedDataBackendGraph:  CompressedPak pak cache file ../../../../../../Users/james/Desktop/Processes for OOS/COP4331 Project/ScaryMaze/DerivedDataCache/Compressed.ddp not found, will not use a pak cache.
[2019.02.19-22.27.15:684][  0]LogDerivedDataCache: Unable to find inner node CompressedPak for hierarchical cache Hierarchy.
[2019.02.19-22.27.15:702][  0]LogDerivedDataCache: Display: Pak cache opened for reading ../../../Engine/DerivedDataCache/Compressed.ddp.
[2019.02.19-22.27.15:702][  0]LogDerivedDataCache: FDerivedDataBackendGraph:  EnterprisePak pak cache file ../../../Enterprise/DerivedDataCache/Compressed.ddp not found, will not use a pak cache.
[2019.02.19-22.27.15:702][  0]LogDerivedDataCache: Unable to find inner node EnterprisePak for hierarchical cache Hierarchy.
[2019.02.19-22.27.15:715][  0]LogDerivedDataCache: Using Local data cache path C:/Users/james/AppData/Local/UnrealEngine/Common/DerivedDataCache: Writable
[2019.02.19-22.27.15:715][  0]LogDerivedDataCache: Shared data cache path not found in *engine.ini, will not use an Shared cache.
[2019.02.19-22.27.15:715][  0]LogDerivedDataCache: Unable to find inner node Shared for hierarchical cache Hierarchy.
[2019.02.19-22.27.15:754][  0]LogMaterial: Verifying Global Shaders for PCD3D_SM5
[2019.02.19-22.27.15:756][  0]LogSlate: Using FreeType 2.6.0
[2019.02.19-22.27.15:757][  0]LogSlate: SlateFontServices - WITH_FREETYPE: 1, WITH_HARFBUZZ: 1
[2019.02.19-22.27.15:875][  0]LogAssetRegistry: FAssetRegistry took 0.0377 seconds to start up
[2019.02.19-22.27.16:368][  0]LogInit: Selected Device Profile: [Windows]
[2019.02.19-22.27.16:585][  0]LogSimplygon: Simplygon DLL not present - disabling.
[2019.02.19-22.27.16:592][  0]LogMeshReduction: Using SimplygonSwarm for distributed automatic mesh merging
[2019.02.19-22.27.16:592][  0]LogMeshReduction: Using ProxyLODMeshReduction for automatic mesh merging
[2019.02.19-22.27.16:592][  0]LogMeshReduction: Using QuadricMeshReduction for automatic static mesh reduction
[2019.02.19-22.27.16:592][  0]LogMeshReduction: No automatic skeletal mesh reduction module available
[2019.02.19-22.27.16:613][  0]LogNetVersion: ScaryMaze 1.0.0, NetCL: 4541578, EngineNetVer: 5, GameNetVer: 0 (Checksum: 3370334168)
[2019.02.19-22.27.17:385][  0]LogPackageLocalizationCache: Processed 11 localized package path(s) for 2 prioritized culture(s) in 0.138934 seconds
[2019.02.19-22.27.17:392][  0]LogUObjectArray: 39775 objects as part of root set at end of initial load.
[2019.02.19-22.27.17:392][  0]LogUObjectAllocator: 6914664 out of 0 bytes used by permanent object pool.
[2019.02.19-22.27.17:392][  0]LogUObjectArray: CloseDisregardForGC: 0/0 objects in disregard for GC pool
[2019.02.19-22.27.18:689][  0]LogTcpMessaging: Initializing TcpMessaging bridge
[2019.02.19-22.27.18:706][  0]LogUdpMessaging: Initializing bridge on interface 0.0.0.0:0 to multicast group 230.0.0.1:6666.
[2019.02.19-22.27.20:053][  0]SourceControl: Source control is disabled
[2019.02.19-22.27.20:053][  0]SourceControl: Source control is disabled
[2019.02.19-22.27.20:056][  0]SourceControl: Source control is disabled
[2019.02.19-22.27.20:057][  0]SourceControl: Source control is disabled
[2019.02.19-22.27.20:275][  0]LogAndroidPermission: UAndroidPermissionCallbackProxy::GetInstance
[2019.02.19-22.27.20:361][  0]LogOcInput: OculusInput pre-init called
[2019.02.19-22.27.20:524][  0]LogEngine: Initializing Engine...
[2019.02.19-22.27.20:525][  0]LogHMD: Failed to initialize OpenVR with code 110
[2019.02.19-22.27.20:527][  0]LogStats: UGameplayTagsManager::ConstructGameplayTagTree: ImportINI prefixes -  0.000 s
[2019.02.19-22.27.20:527][  0]LogStats: UGameplayTagsManager::ConstructGameplayTagTree: Construct from data asset -  0.000 s
[2019.02.19-22.27.20:527][  0]LogStats: UGameplayTagsManager::ConstructGameplayTagTree: ImportINI -  0.000 s
[2019.02.19-22.27.20:527][  0]LogStats: UGameplayTagsManager::ConstructGameplayTagTree: GameplayTagTreeChangedEvent.Broadcast -  0.000 s
[2019.02.19-22.27.20:853][  0]LogInit: Initializing FReadOnlyCVARCache
[2019.02.19-22.27.20:883][  0]LogAIModule: Creating AISystem for world Untitled
[2019.02.19-22.27.20:899][  0]LogInit: XAudio2 using 'Speakers (Realtek High Definition Audio)' : 2 channels at 48 kHz using 16 bits per sample (channel mask 0x3)
[2019.02.19-22.27.20:952][  0]LogInit: FAudioDevice initialized.
[2019.02.19-22.27.20:953][  0]LogNetVersion: Set ProjectVersion to 1.0.0.0. Version Checksum will be recalculated on next use.
[2019.02.19-22.27.21:165][  0]LogDerivedDataCache: Saved boot cache 0.21s 73MB C:/Users/james/AppData/Local/UnrealEngine/4.21/DerivedDataCache/Boot.ddc.
[2019.02.19-22.27.21:183][  0]LogInit: Texture streaming: Enabled
[2019.02.19-22.27.21:217][  0]LogEngineSessionManager: EngineSessionManager initialized
[2019.02.19-22.27.21:240][  0]LogInit: Transaction tracking system initialized
[2019.02.19-22.27.21:287][  0]BlueprintLog: New page: Editor Load
[2019.02.19-22.27.21:463][  0]LocalizationService: Localization service is disabled
[2019.02.19-22.27.22:228][  0]LogFileCache: Scanning file cache for directory 'C:/Users/james/Desktop/Processes for OOS/COP4331 Project/ScaryMaze/Content/' took 0.03s
[2019.02.19-22.27.22:228][  0]LogCook: Display: Max memory allowance for cook 16384mb min free memory 0mb
[2019.02.19-22.27.22:229][  0]LogCook: Display: Mobile HDR setting 1
[2019.02.19-22.27.22:229][  0]LogGameplayTags: Display: UGameplayTagsManager::DoneAddingNativeTags. DelegateIsBound: 0
[2019.02.19-22.27.22:229][  0]LogStats: UGameplayTagsManager::ConstructGameplayTagTree: ImportINI prefixes -  0.000 s
[2019.02.19-22.27.22:229][  0]LogStats: UGameplayTagsManager::ConstructGameplayTagTree: Construct from data asset -  0.000 s
[2019.02.19-22.27.22:229][  0]LogStats: UGameplayTagsManager::ConstructGameplayTagTree: ImportINI -  0.000 s
[2019.02.19-22.27.22:229][  0]LogStats: UGameplayTagsManager::ConstructGameplayTagTree: GameplayTagTreeChangedEvent.Broadcast -  0.000 s
[2019.02.19-22.27.22:476][  0]SourceControl: Source control is disabled
[2019.02.19-22.27.22:476][  0]Cmd: MAP LOAD FILE="../../../../../../Users/james/Desktop/Processes for OOS/COP4331 Project/ScaryMaze/Content/FirstPersonCPP/Maps/FirstPersonExampleMap.umap" TEMPLATE=0 SHOWPROGRESS=1 FEATURELEVEL=3
[2019.02.19-22.27.22:477][  0]LightingResults: New page: Lighting Build
[2019.02.19-22.27.22:483][  0]MapCheck: New page: Map Check
[2019.02.19-22.27.22:483][  0]LightingResults: New page: Lighting Build
[2019.02.19-22.27.22:880][  0]LogAIModule: Creating AISystem for world FirstPersonExampleMap
[2019.02.19-22.27.22:908][  0]LogEditorServer: Finished looking for orphan Actors (0.000 secs)
[2019.02.19-22.27.22:952][  0]Cmd: MAP CHECKDEP NOCLEARLOG
[2019.02.19-22.27.22:952][  0]MapCheck: Map check complete: 0 Error(s), 0 Warning(s), took 0.29ms to complete.
[2019.02.19-22.27.22:952][  0]LogFileHelpers: Loading map 'FirstPersonExampleMap' took 0.476
[2019.02.19-22.27.23:181][  0]LogSlate: Updating window title bar state: overlay mode, drag disabled, window buttons hidden, title bar hidden
[2019.02.19-22.27.23:200][  0]LogSlate: Updating window title bar state: overlay mode, drag disabled, window buttons hidden, title bar hidden
[2019.02.19-22.27.23:216][  0]LogSlate: Updating window title bar state: overlay mode, drag disabled, window buttons hidden, title bar hidden
[2019.02.19-22.27.23:232][  0]LogSlate: Updating window title bar state: overlay mode, drag disabled, window buttons hidden, title bar hidden
[2019.02.19-22.27.23:260][  0]LogCollectionManager: Loaded 0 collections in 0.006371 seconds
[2019.02.19-22.27.23:298][  0]LogFileCache: Scanning file cache for directory 'C:/Users/james/Desktop/Processes for OOS/COP4331 Project/ScaryMaze/Saved/Collections/' took 0.01s
[2019.02.19-22.27.23:298][  0]LogFileCache: Scanning file cache for directory 'C:/Users/james/Desktop/Processes for OOS/COP4331 Project/ScaryMaze/Content/Developers/james/Collections/' took 0.01s
[2019.02.19-22.27.23:298][  0]LogFileCache: Scanning file cache for directory 'C:/Users/james/Desktop/Processes for OOS/COP4331 Project/ScaryMaze/Content/Collections/' took 0.00s
[2019.02.19-22.27.23:298][  0]LogCollectionManager: Rebuilt the GUID cache for 0 collections in 0.000001 seconds
[2019.02.19-22.27.23:320][  0]LogContentBrowser: Native class hierarchy populated in 0.0209 seconds. Added 2656 classes and 622 folders.
[2019.02.19-22.27.23:340][  0]LogContentBrowser: Native class hierarchy updated for 'WidgetCarousel' in 0.0012 seconds. Added 0 classes and 0 folders.
[2019.02.19-22.27.23:431][  0]LogPakFile: Registered encryption key '00000000000000000000000000000000': 0 pak files mounted, 0 remain pending
[2019.02.19-22.27.23:433][  0]LogPakFile: Registered encryption key '00000000000000000000000000000000': 0 pak files mounted, 0 remain pending
[2019.02.19-22.27.23:434][  0]LogPakFile: Registered encryption key '00000000000000000000000000000000': 0 pak files mounted, 0 remain pending
[2019.02.19-22.27.23:436][  0]LogPakFile: Registered encryption key '00000000000000000000000000000000': 0 pak files mounted, 0 remain pending
[2019.02.19-22.27.23:437][  0]LogPakFile: Registered encryption key '00000000000000000000000000000000': 0 pak files mounted, 0 remain pending
[2019.02.19-22.27.23:438][  0]LogPakFile: Registered encryption key '00000000000000000000000000000000': 0 pak files mounted, 0 remain pending
[2019.02.19-22.27.23:439][  0]LogPakFile: Registered encryption key '00000000000000000000000000000000': 0 pak files mounted, 0 remain pending
[2019.02.19-22.27.23:440][  0]LogPakFile: Registered encryption key '00000000000000000000000000000000': 0 pak files mounted, 0 remain pending
[2019.02.19-22.27.23:442][  0]LogPakFile: Registered encryption key '00000000000000000000000000000000': 0 pak files mounted, 0 remain pending
[2019.02.19-22.27.23:443][  0]LogPakFile: Registered encryption key '00000000000000000000000000000000': 0 pak files mounted, 0 remain pending
[2019.02.19-22.27.23:444][  0]LogPakFile: Registered encryption key '00000000000000000000000000000000': 0 pak files mounted, 0 remain pending
[2019.02.19-22.27.23:446][  0]LogPakFile: Registered encryption key '00000000000000000000000000000000': 0 pak files mounted, 0 remain pending
[2019.02.19-22.27.23:447][  0]LogPakFile: Registered encryption key '00000000000000000000000000000000': 0 pak files mounted, 0 remain pending
[2019.02.19-22.27.23:449][  0]LogPakFile: Registered encryption key '00000000000000000000000000000000': 0 pak files mounted, 0 remain pending
[2019.02.19-22.27.23:450][  0]LogPakFile: Registered encryption key '00000000000000000000000000000000': 0 pak files mounted, 0 remain pending
[2019.02.19-22.27.23:452][  0]LogPakFile: Registered encryption key '00000000000000000000000000000000': 0 pak files mounted, 0 remain pending
[2019.02.19-22.27.23:453][  0]LogPakFile: Registered encryption key '00000000000000000000000000000000': 0 pak files mounted, 0 remain pending
[2019.02.19-22.27.23:455][  0]LogPakFile: Registered encryption key '00000000000000000000000000000000': 0 pak files mounted, 0 remain pending
[2019.02.19-22.27.23:456][  0]LogPakFile: Registered encryption key '00000000000000000000000000000000': 0 pak files mounted, 0 remain pending
[2019.02.19-22.27.23:458][  0]LogPakFile: Registered encryption key '00000000000000000000000000000000': 0 pak files mounted, 0 remain pending
[2019.02.19-22.27.23:459][  0]LogPakFile: Registered encryption key '00000000000000000000000000000000': 0 pak files mounted, 0 remain pending
[2019.02.19-22.27.23:461][  0]LogPakFile: Registered encryption key '00000000000000000000000000000000': 0 pak files mounted, 0 remain pending
[2019.02.19-22.27.23:462][  0]LogPakFile: Registered encryption key '00000000000000000000000000000000': 0 pak files mounted, 0 remain pending
[2019.02.19-22.27.23:464][  0]LogPakFile: Registered encryption key '00000000000000000000000000000000': 0 pak files mounted, 0 remain pending
[2019.02.19-22.27.23:466][  0]LogPakFile: Registered encryption key '00000000000000000000000000000000': 0 pak files mounted, 0 remain pending
[2019.02.19-22.27.23:468][  0]LogPakFile: Registered encryption key '00000000000000000000000000000000': 0 pak files mounted, 0 remain pending
[2019.02.19-22.27.24:367][  0]LogContentBrowser: Native class hierarchy updated for 'AddContentDialog' in 0.0020 seconds. Added 0 classes and 0 folders.
[2019.02.19-22.27.24:384][  0]LogContentBrowser: Native class hierarchy updated for 'SceneOutliner' in 0.0013 seconds. Added 1 classes and 2 folders.
[2019.02.19-22.27.24:410][  0]LogSlate: Took 0.000341 seconds to synchronously load lazily loaded font '../../../Engine/Content/Slate/Fonts/Roboto-Regular.ttf' (155K)
[2019.02.19-22.27.24:414][  0]LogSlate: Took 0.000460 seconds to synchronously load lazily loaded font '../../../Engine/Content/Slate/Fonts/Roboto-Bold.ttf' (160K)
[2019.02.19-22.27.24:444][  0]LogSlate: Took 0.018419 seconds to synchronously load lazily loaded font '../../../Engine/Content/Editor/Slate/Fonts/FontAwesome.ttf' (139K)
[2019.02.19-22.27.24:555][  0]LogRenderer: Reallocating scene render targets to support 676x352 Format 10 NumSamples 1 (Frame:1).
[2019.02.19-22.27.24:779][  0]LogContentBrowser: Native class hierarchy updated for 'HierarchicalLODOutliner' in 0.0006 seconds. Added 0 classes and 0 folders.
[2019.02.19-22.27.24:779][  0]LogLoad: (Engine Initialization) Total time: 15.64 seconds
[2019.02.19-22.27.24:779][  0]LogLoad: (Engine Initialization) Total Blueprint compile time: 0.00 seconds
[2019.02.19-22.27.24:790][  0]LogWindowsTextInputMethodSystem: Display: IME system now deactivated.
[2019.02.19-22.27.24:867][  0]LogContentStreaming: Texture pool size now 1000 MB
[2019.02.19-22.27.24:982][  2]LogAssetRegistry: Asset discovery search completed in 9.1297 seconds
[2019.02.19-22.27.24:984][  2]LogCollectionManager: Rebuilt the object cache for 0 collections in 0.000000 seconds (found 0 objects)
[2019.02.19-22.27.24:984][  2]LogCollectionManager: Fixed up redirectors for 0 collections in 0.000100 seconds (updated 0 objects)
[2019.02.19-22.27.28:205][282]LogSlate: FSceneViewport::OnFocusLost() reason 0
[2019.02.19-22.27.28:889][351]LogSlate: Took 0.000355 seconds to synchronously load lazily loaded font '../../../Engine/Content/Slate/Fonts/Roboto-Light.ttf' (167K)
[2019.02.19-22.27.30:067][467]LogLinker: Warning: CreateExport: Failed to load Parent for BlueprintGeneratedClass /Game/Blueprints/ScaryMazeMainCharacter.ScaryMazeMainCharacter_C
[2019.02.19-22.27.30:067][467]LogLinker: Warning: CreateExport: Failed to load Parent for BlueprintGeneratedClass /Game/Blueprints/ScaryMazeMainCharacter.ScaryMazeMainCharacter_C
[2019.02.19-22.27.30:067][467]LogLinker: Warning: CreateExport: Failed to load Parent for BlueprintGeneratedClass /Game/Blueprints/ScaryMazeMainCharacter.ScaryMazeMainCharacter_C
[2019.02.19-22.27.30:067][467]LogLinker: Warning: CreateExport: Failed to load Parent for BlueprintGeneratedClass /Game/Blueprints/ScaryMazeMainCharacter.ScaryMazeMainCharacter_C
[2019.02.19-22.27.30:067][467]LogLinker: Warning: Unable to load Default__ScaryMazeMainCharacter_C with outer Package /Game/Blueprints/ScaryMazeMainCharacter because its class does not exist
[2019.02.19-22.27.30:068][467]LogLinker: Warning: CreateExport: Failed to load Parent for BlueprintGeneratedClass /Game/Blueprints/ScaryMazeMainCharacter.ScaryMazeMainCharacter_C
[2019.02.19-22.27.30:068][467]LogLinker: Warning: CreateExport: Failed to load Parent for BlueprintGeneratedClass /Game/Blueprints/ScaryMazeMainCharacter.ScaryMazeMainCharacter_C
[2019.02.19-22.27.30:068][467]LogLinker: Warning: CreateExport: Failed to load Parent for BlueprintGeneratedClass /Game/Blueprints/ScaryMazeMainCharacter.ScaryMazeMainCharacter_C
[2019.02.19-22.27.30:069][467]LogLinker: Warning: CreateExport: Failed to load Parent for BlueprintGeneratedClass /Game/Blueprints/ScaryMazeMainCharacter.ScaryMazeMainCharacter_C
[2019.02.19-22.27.30:069][467]LogLinker: Warning: CreateExport: Failed to load Parent for BlueprintGeneratedClass /Game/Blueprints/ScaryMazeMainCharacter.ScaryMazeMainCharacter_C
[2019.02.19-22.27.30:075][467]LoadErrors: Warning: CreateExport: Failed to load Outer for resource 'Camera': BlueprintGeneratedClass /Game/Blueprints/ScaryMazeMainCharacter.ScaryMazeMainCharacter_C
[2019.02.19-22.27.30:075][467]LoadErrors: Warning: CreateExport: Failed to load Outer for resource 'UserConstructionScript': BlueprintGeneratedClass /Game/Blueprints/ScaryMazeMainCharacter.ScaryMazeMainCharacter_C
[2019.02.19-22.27.30:075][467]LoadErrors: Warning: CreateExport: Failed to load Outer for resource 'Arrow': ScaryMazeMainCharacter_C /Game/Blueprints/ScaryMazeMainCharacter.Default__ScaryMazeMainCharacter_C
[2019.02.19-22.27.30:075][467]LoadErrors: Warning: CreateExport: Failed to load Outer for resource 'Camera_GEN_VARIABLE': BlueprintGeneratedClass /Game/Blueprints/ScaryMazeMainCharacter.ScaryMazeMainCharacter_C
[2019.02.19-22.27.30:075][467]LoadErrors: Warning: CreateExport: Failed to load Outer for resource 'CollisionCylinder': ScaryMazeMainCharacter_C /Game/Blueprints/ScaryMazeMainCharacter.Default__ScaryMazeMainCharacter_C
[2019.02.19-22.27.30:075][467]LoadErrors: Warning: CreateExport: Failed to load Outer for resource 'CharMoveComp': ScaryMazeMainCharacter_C /Game/Blueprints/ScaryMazeMainCharacter.Default__ScaryMazeMainCharacter_C
[2019.02.19-22.27.30:075][467]LoadErrors: Warning: CreateExport: Failed to load Outer for resource 'DefaultSceneRoot_GEN_VARIABLE': BlueprintGeneratedClass /Game/Blueprints/ScaryMazeMainCharacter.ScaryMazeMainCharacter_C
[2019.02.19-22.27.30:075][467]LoadErrors: Warning: CreateExport: Failed to load Outer for resource 'SimpleConstructionScript_0': BlueprintGeneratedClass /Game/Blueprints/ScaryMazeMainCharacter.ScaryMazeMainCharacter_C
[2019.02.19-22.27.30:075][467]LoadErrors: Warning: CreateExport: Failed to load Outer for resource 'SCS_Node_0': SimpleConstructionScript /Game/Blueprints/ScaryMazeMainCharacter.ScaryMazeMainCharacter_C:SimpleConstructionScript_0
[2019.02.19-22.27.30:075][467]LoadErrors: Warning: CreateExport: Failed to load Outer for resource 'SCS_Node_2': SimpleConstructionScript /Game/Blueprints/ScaryMazeMainCharacter.ScaryMazeMainCharacter_C:SimpleConstructionScript_0
[2019.02.19-22.27.30:075][467]LoadErrors: Warning: CreateExport: Failed to load Outer for resource 'CharacterMesh0': ScaryMazeMainCharacter_C /Game/Blueprints/ScaryMazeMainCharacter.Default__ScaryMazeMainCharacter_C
[2019.02.19-22.28.44:923][549]LogSlate: Took 0.000312 seconds to synchronously load lazily loaded font '../../../Engine/Content/Slate/Fonts/Roboto-Light.ttf' (167K)
[2019.02.19-22.28.44:936][549]LogAssetEditorManager: Opening Asset editor for Blueprint /Game/Blueprints/ScaryMazeMainCharacter.ScaryMazeMainCharacter
[2019.02.19-22.29.05:047][549]LogSlate: Window 'Message' being destroyed
[2019.02.19-22.31.53:230][721]MapCheck: New page: Map Check
[2019.02.19-22.31.53:257][721]Cmd: MAP REBUILD ALLVISIBLE
[2019.02.19-22.31.53:257][721]LogEditorServer: Rebuildmap Clear paths rebuilt
[2019.02.19-22.31.53:341][721]LogMaterial: Display: Missing cached shader map for material FDebugViewModeMaterialProxy CubeMaterialOverride, compiling. 
[2019.02.19-22.31.53:354][721]LogMaterial: Display: Missing cached shader map for material FDebugViewModeMaterialProxy AntiAliasedTextMaterialTranslucent, compiling. 
[2019.02.19-22.31.53:365][721]LogShaderCompilers: Display: Shaders left to compile 1
[2019.02.19-22.31.53:365][721]LogMaterial: Display: Missing cached shader map for material FDebugViewModeMaterialProxy MaterialInstanceDynamic_0, compiling. 
[2019.02.19-22.31.53:380][721]LogShaderCompilers: Display: Shaders left to compile 2
[2019.02.19-22.31.53:380][721]LogShaderCompilers: Display: Shaders left to compile 1
[2019.02.19-22.31.53:380][721]LogMaterial: Display: Missing cached shader map for material FDebugViewModeMaterialProxy CubeMaterial, compiling. 
[2019.02.19-22.31.53:393][721]LogMaterial: Display: Missing cached shader map for material FDebugViewModeMaterialProxy M_UE4Man_Body, compiling. 
[2019.02.19-22.31.53:419][721]LogMaterial: Display: Missing cached shader map for material FDebugViewModeMaterialProxy M_FPGun, compiling. 
[2019.02.19-22.31.53:447][721]LogMaterial: Display: Missing cached shader map for material FDebugViewModeMaterialProxy MatineeCam_mat, compiling. 
[2019.02.19-22.31.54:896][721]LogShaderCompilers: Display: Shaders left to compile 4
[2019.02.19-22.31.54:896][721]LogShaderCompilers: Display: Shaders left to compile 3
[2019.02.19-22.31.54:896][721]LogShaderCompilers: Display: Shaders left to compile 2
[2019.02.19-22.31.54:896][721]LogShaderCompilers: Display: Shaders left to compile 1
[2019.02.19-22.31.54:896][721]TextureStreamingBuild: Display: Compiling optional shaders took 1.564 seconds.
[2019.02.19-22.31.54:911][721]LogLevel: Display: Export Material TexCoord Scales took 0.015 seconds.
[2019.02.19-22.31.54:943][721]TextureStreamingBuild: Display: Build Texture Streaming took 0.031 seconds.
[2019.02.19-22.31.54:971][721]LightingResults: New page: Lighting Build - Feb 19, 2019, 12:31:54 PM
[2019.02.19-22.31.55:029][721]LogSwarmInterface: [OpenConnection] Registering TCP channel ...
[2019.02.19-22.31.55:195][721]LogSwarmInterface: [OpenConnection] Connecting to agent ...
[2019.02.19-22.31.55:213][721]LogSwarmInterface: [TryOpenConnection] Testing the Agent
[2019.02.19-22.31.56:254][721]LogSwarmInterface: [TryOpenConnection] Opening Connection to Agent
[2019.02.19-22.31.56:254][721]LogSwarmInterface: [TryOpenConnection] Local Process ID is 26728
[2019.02.19-22.31.59:053][721]LogStaticLightingSystem: Running Lightmass w/ ImmediateImport mode ENABLED
[2019.02.19-22.31.59:053][721]LogStaticLightingSystem: Running Lightmass w/ ImmediateProcess mode ENABLED
[2019.02.19-22.31.59:054][721]LogStaticLightingSystem: Running Lightmass w/ Sorting mode ENABLED
[2019.02.19-22.31.59:055][721]LogStaticLightingSystem: Running Lightmass w/ Mapping paddings ENABLED
[2019.02.19-22.31.59:055][721]LogStaticLightingSystem: Running Lightmass w/ Mapping debug paddings DISABLED
[2019.02.19-22.31.59:390][721]Cmd: MAP CHECK DONTDISPLAYDIALOG
[2019.02.19-22.31.59:390][721]MapCheck: New page: FirstPersonExampleMap - Feb 19, 2019, 12:31:59 PM
[2019.02.19-22.31.59:391][721]MapCheck: Map check complete: 0 Error(s), 0 Warning(s), took 1.454ms to complete.
[2019.02.19-22.31.59:415][721]LogEditorBuildUtils: Build time 0:06
[2019.02.19-22.33.29:879][187]LogStaticLightingSystem: Warning: Failed to build lighting!!! Lighting build canceled.
[2019.02.19-22.33.32:196][187]Job has failed! Job is closed while Tasks are still PENDING
[2019.02.19-22.33.32:250][187]DumpUnbuiltLightIteractions
[2019.02.19-22.33.32:250][187]Lights with unbuilt interactions: 0
[2019.02.19-22.33.32:250][187]
[2019.02.19-22.33.32:250][187]Primitives with unbuilt interactions: 0
[2019.02.19-22.33.33:480][188]Cmd: MAP CHECK NOTIFYRESULTS
[2019.02.19-22.33.33:481][188]MapCheck: New page: FirstPersonExampleMap - Feb 19, 2019, 12:33:33 PM
[2019.02.19-22.33.33:483][188]MapCheck: Map check complete: 0 Error(s), 0 Warning(s), took 2.764ms to complete.
[2019.02.19-22.33.39:531][241]LogSlate: Window 'Save Content' being destroyed
[2019.02.19-22.33.41:999][241]LogSavePackage: Moving '../../../../../../Users/james/Desktop/Processes for OOS/COP4331 Project/ScaryMaze/Saved/FirstPersonExampleMapCE736A8B44BD6488D4EB1B877B2DAA91.tmp' to '../../../../../../Users/james/Desktop/Processes for OOS/COP4331 Project/ScaryMaze/Content/FirstPersonCPP/Maps/FirstPersonExampleMap.umap'
[2019.02.19-22.33.42:263][241]LogFileHelpers: Saving map 'FirstPersonExampleMap' took 2.553
[2019.02.19-22.33.47:652][241]LogSavePackage: Moving '../../../../../../Users/james/Desktop/Processes for OOS/COP4331 Project/ScaryMaze/Saved/FirstPersonExampleMap_BuiltDataA11BFAA14B904C685612D4B7FC026F1B.tmp' to '../../../../../../Users/james/Desktop/Processes for OOS/COP4331 Project/ScaryMaze/Content/FirstPersonCPP/Maps/FirstPersonExampleMap_BuiltData.uasset'
[2019.02.19-22.33.48:984][241]LogSlate: Window 'ScaryMaze - Unreal Editor' being destroyed
[2019.02.19-22.33.48:986][241]LogWindowsTextInputMethodSystem: Display: IME system now deactivated.
[2019.02.19-22.33.50:015][242]Cmd: QUIT_EDITOR
[2019.02.19-22.33.51:335][242]LogExit: Preparing to exit.
[2019.02.19-22.33.53:408][242]LogExit: Editor shut down
[2019.02.19-22.33.53:409][242]LogExit: Transaction tracking system shut down
[2019.02.19-22.33.57:906][242]LogExit: Object subsystem successfully closed.
[2019.02.19-22.33.58:375][242]LogShaderCompilers: Display: Shaders left to compile 0
[2019.02.19-22.33.58:409][242]LogD3D11RHI: Shutdown
[2019.02.19-22.33.58:409][242]LogD3D11RHI: CleanupD3DDevice
[2019.02.19-22.33.58:569][242]LogD3D11RHI: ~FD3D11DynamicRHI
[2019.02.19-22.34.00:705][242]LogModuleManager: Shutting down and abandoning module HierarchicalLODUtilities (626)
[2019.02.19-22.34.00:722][242]LogModuleManager: Shutting down and abandoning module HierarchicalLODOutliner (624)
[2019.02.19-22.34.00:722][242]LogModuleManager: Shutting down and abandoning module SceneOutliner (622)
[2019.02.19-22.34.00:733][242]LogModuleManager: Shutting down and abandoning module AddContentDialog (620)
[2019.02.19-22.34.00:813][242]LogModuleManager: Shutting down and abandoning module WidgetCarousel (619)
[2019.02.19-22.34.00:813][242]LogModuleManager: Shutting down and abandoning module EditorWidgets (616)
[2019.02.19-22.34.00:813][242]LogModuleManager: Shutting down and abandoning module CollectionManager (614)
[2019.02.19-22.34.00:857][242]LogModuleManager: Shutting down and abandoning module StatsViewer (612)
[2019.02.19-22.34.00:869][242]LogModuleManager: Shutting down and abandoning module FoliageEdit (610)
[2019.02.19-22.34.00:880][242]LogModuleManager: Shutting down and abandoning module LandscapeEditor (608)
[2019.02.19-22.34.00:959][242]LogModuleManager: Shutting down and abandoning module MeshPaintMode (606)
[2019.02.19-22.34.00:978][242]LogModuleManager: Shutting down and abandoning module SceneDepthPickerMode (604)
[2019.02.19-22.34.00:979][242]LogModuleManager: Shutting down and abandoning module ActorPickerMode (602)
[2019.02.19-22.34.00:979][242]LogModuleManager: Shutting down and abandoning module GeometryMode (600)
[2019.02.19-22.34.00:979][242]LogModuleManager: Shutting down and abandoning module TextureAlignMode (598)
[2019.02.19-22.34.00:979][242]LogModuleManager: Shutting down and abandoning module BspMode (596)
[2019.02.19-22.34.00:979][242]LogModuleManager: Shutting down and abandoning module PIEPreviewDeviceProfileSelector (594)
[2019.02.19-22.34.00:986][242]LogModuleManager: Shutting down and abandoning module SequenceRecorderSections (592)
[2019.02.19-22.34.00:992][242]LogModuleManager: Shutting down and abandoning module AutomationWorker (590)
[2019.02.19-22.34.00:992][242]LogModuleManager: Shutting down and abandoning module AudioCaptureEditor (588)
[2019.02.19-22.34.00:992][242]LogModuleManager: Shutting down and abandoning module MatineeToLevelSequence (586)
[2019.02.19-22.34.01:000][242]LogModuleManager: Shutting down and abandoning module LevelSequenceEditor (584)
[2019.02.19-22.34.01:029][242]LogModuleManager: Shutting down and abandoning module PlacementMode (583)
[2019.02.19-22.34.01:029][242]LogModuleManager: Shutting down and abandoning module MaterialEditor (582)
[2019.02.19-22.34.01:121][242]LogModuleManager: Shutting down and abandoning module WmfMediaFactory (578)
[2019.02.19-22.34.01:122][242]LogModuleManager: Shutting down and abandoning module WmfMediaEditor (576)
[2019.02.19-22.34.01:122][242]LogModuleManager: Shutting down and abandoning module WebMMediaFactory (574)
[2019.02.19-22.34.01:122][242]LogModuleManager: Shutting down and abandoning module WebMMediaEditor (572)
[2019.02.19-22.34.01:122][242]LogModuleManager: Shutting down and abandoning module WebMMedia (570)
[2019.02.19-22.34.01:132][242]LogModuleManager: Shutting down and abandoning module MediaPlayerEditor (568)
[2019.02.19-22.34.01:164][242]LogModuleManager: Shutting down and abandoning module MediaCompositingEditor (566)
[2019.02.19-22.34.01:211][242]LogModuleManager: Shutting down and abandoning module SequenceRecorder (565)
[2019.02.19-22.34.01:217][242]LogModuleManager: Shutting down and abandoning module OpenExrWrapper (562)
[2019.02.19-22.34.01:217][242]LogModuleManager: Shutting down and abandoning module ImgMediaFactory (560)
[2019.02.19-22.34.01:217][242]LogModuleManager: Shutting down and abandoning module ImgMediaEditor (558)
[2019.02.19-22.34.01:217][242]LogModuleManager: Shutting down and abandoning module AvfMediaFactory (556)
[2019.02.19-22.34.01:217][242]LogModuleManager: Shutting down and abandoning module AvfMediaEditor (554)
[2019.02.19-22.34.01:218][242]LogModuleManager: Shutting down and abandoning module AndroidMediaFactory (552)
[2019.02.19-22.34.01:218][242]LogModuleManager: Shutting down and abandoning module AndroidMediaEditor (550)
[2019.02.19-22.34.01:218][242]LogModuleManager: Shutting down and abandoning module MagicLeapCameraPreviewFactory (548)
[2019.02.19-22.34.01:218][242]LogModuleManager: Shutting down and abandoning module MagicLeapMediaFactory (546)
[2019.02.19-22.34.01:218][242]LogModuleManager: Shutting down and abandoning module MagicLeapMediaEditor (544)
[2019.02.19-22.34.01:218][242]LogModuleManager: Shutting down and abandoning module CharacterAI (542)
[2019.02.19-22.34.01:218][242]LogModuleManager: Shutting down and abandoning module SmartSnapping (540)
[2019.02.19-22.34.01:218][242]LogModuleManager: Shutting down and abandoning module SessionServices (538)
[2019.02.19-22.34.01:218][242]LogModuleManager: Shutting down and abandoning module ViewportSnapping (536)
[2019.02.19-22.34.01:218][242]LogModuleManager: Shutting down and abandoning module ViewportInteraction (534)
[2019.02.19-22.34.01:218][242]LogModuleManager: Shutting down and abandoning module ClothPainter (532)
[2019.02.19-22.34.01:263][242]LogModuleManager: Shutting down and abandoning module SkeletalMeshEditor (531)
[2019.02.19-22.34.01:291][242]LogModuleManager: Shutting down and abandoning module LogVisualizer (528)
[2019.02.19-22.34.01:330][242]LogModuleManager: Shutting down and abandoning module IntroTutorials (526)
[2019.02.19-22.34.01:362][242]LogModuleManager: Shutting down and abandoning module GameProjectGeneration (525)
[2019.02.19-22.34.01:367][242]LogModuleManager: Shutting down and abandoning module LuminPlatformEditor (522)
[2019.02.19-22.34.01:368][242]LogModuleManager: Shutting down and abandoning module IOSPlatformEditor (520)
[2019.02.19-22.34.01:368][242]LogModuleManager: Shutting down and abandoning module HTML5PlatformEditor (518)
[2019.02.19-22.34.01:368][242]LogModuleManager: Shutting down and abandoning module AndroidPlatformEditor (516)
[2019.02.19-22.34.01:368][242]LogModuleManager: Shutting down and abandoning module AndroidDeviceDetection (515)
[2019.02.19-22.34.02:025][242]LogModuleManager: Shutting down and abandoning module WindowsPlatformEditor (512)
[2019.02.19-22.34.02:025][242]LogModuleManager: Shutting down and abandoning module LuminRuntimeSettings (510)
[2019.02.19-22.34.02:025][242]LogModuleManager: Shutting down and abandoning module IOSRuntimeSettings (508)
[2019.02.19-22.34.02:025][242]LogModuleManager: Shutting down and abandoning module AndroidRuntimeSettings (506)
[2019.02.19-22.34.02:025][242]LogModuleManager: Shutting down and abandoning module TimeManagementEditor (504)
[2019.02.19-22.34.02:025][242]LogModuleManager: Shutting down and abandoning module InputBindingEditor (502)
[2019.02.19-22.34.02:034][242]LogModuleManager: Shutting down and abandoning module MergeActors (500)
[2019.02.19-22.34.02:043][242]LogModuleManager: Shutting down and abandoning module LocalizationDashboard (498)
[2019.02.19-22.34.02:060][242]LogModuleManager: Shutting down and abandoning module LocalizationService (497)
[2019.02.19-22.34.02:070][242]LogModuleManager: Shutting down and abandoning module HardwareTargeting (494)
[2019.02.19-22.34.02:070][242]LogModuleManager: Shutting down and abandoning module DeviceProfileEditor (492)
[2019.02.19-22.34.02:082][242]LogModuleManager: Shutting down and abandoning module UndoHistory (490)
[2019.02.19-22.34.02:126][242]LogModuleManager: Shutting down and abandoning module XmlParser (488)
[2019.02.19-22.34.02:126][242]LogModuleManager: Shutting down and abandoning module Blutility (486)
[2019.02.19-22.34.02:164][242]LogModuleManager: Shutting down and abandoning module ProjectSettingsViewer (484)
[2019.02.19-22.34.02:167][242]LogModuleManager: Shutting down and abandoning module ProjectTargetPlatformEditor (483)
[2019.02.19-22.34.02:167][242]LogModuleManager: Shutting down and abandoning module EditorSettingsViewer (480)
[2019.02.19-22.34.02:167][242]LogModuleManager: Shutting down and abandoning module SettingsEditor (478)
[2019.02.19-22.34.02:196][242]LogModuleManager: Shutting down and abandoning module ProjectLauncher (476)
[2019.02.19-22.34.02:210][242]LogModuleManager: Shutting down and abandoning module SessionFrontend (474)
[2019.02.19-22.34.02:212][242]LogModuleManager: Shutting down and abandoning module ProfilerClient (472)
[2019.02.19-22.34.02:223][242]LogModuleManager: Shutting down and abandoning module DeviceManager (470)
[2019.02.19-22.34.02:238][242]LogModuleManager: Shutting down and abandoning module TargetDeviceServices (469)
[2019.02.19-22.34.02:306][242]LogModuleManager: Shutting down and abandoning module AutomationController (466)
[2019.02.19-22.34.02:329][242]LogModuleManager: Shutting down and abandoning module AutomationWindow (464)
[2019.02.19-22.34.02:346][242]LogModuleManager: Shutting down and abandoning module Layers (462)
[2019.02.19-22.34.02:391][242]LogModuleManager: Shutting down and abandoning module ComponentVisualizers (460)
[2019.02.19-22.34.02:392][242]LogModuleManager: Shutting down and abandoning module DetailCustomizations (458)
[2019.02.19-22.34.02:435][242]LogModuleManager: Shutting down and abandoning module PackagesDialog (456)
[2019.02.19-22.34.02:436][242]LogModuleManager: Shutting down and abandoning module Persona (454)
[2019.02.19-22.34.02:454][242]LogModuleManager: Shutting down and abandoning module AdvancedPreviewScene (453)
[2019.02.19-22.34.02:454][242]LogModuleManager: Shutting down and abandoning module AnimGraph (451)
[2019.02.19-22.34.02:454][242]LogModuleManager: Shutting down and abandoning module Kismet (448)
[2019.02.19-22.34.02:557][242]LogModuleManager: Shutting down and abandoning module GraphEditor (446)
[2019.02.19-22.34.02:606][242]LogModuleManager: Shutting down and abandoning module ClassViewer (444)
[2019.02.19-22.34.02:607][242]LogModuleManager: Shutting down and abandoning module Toolbox (442)
[2019.02.19-22.34.02:607][242]LogModuleManager: Shutting down and abandoning module DesktopPlatform (441)
[2019.02.19-22.34.02:619][242]LogModuleManager: Shutting down and abandoning module ModuleUI (438)
[2019.02.19-22.34.02:629][242]LogModuleManager: Shutting down and abandoning module MovieSceneTools (436)
[2019.02.19-22.34.02:629][242]LogModuleManager: Shutting down and abandoning module OutputLog (434)
[2019.02.19-22.34.02:629][242]LogModuleManager: Shutting down and abandoning module GammaUI (432)
[2019.02.19-22.34.02:638][242]LogModuleManager: Shutting down and abandoning module Documentation (430)
[2019.02.19-22.34.02:638][242]LogModuleManager: Shutting down and abandoning module MovieSceneTracks (428)
[2019.02.19-22.34.02:638][242]LogModuleManager: Shutting down and abandoning module MovieScene (426)
[2019.02.19-22.34.02:639][242]LogModuleManager: Shutting down and abandoning module StreamingPauseRendering (424)
[2019.02.19-22.34.02:644][242]LogModuleManager: Shutting down and abandoning module LauncherPlatform (422)
[2019.02.19-22.34.02:644][242]LogModuleManager: Shutting down and abandoning module AnalyticsET (420)
[2019.02.19-22.34.02:645][242]LogModuleManager: Shutting down and abandoning module PortalServices (418)
[2019.02.19-22.34.02:645][242]LogModuleManager: Shutting down and abandoning module PortalRpc (416)
[2019.02.19-22.34.02:645][242]LogModuleManager: Shutting down and abandoning module MessagingRpc (414)
[2019.02.19-22.34.02:645][242]LogModuleManager: Shutting down and abandoning module AIModule (412)
[2019.02.19-22.34.02:655][242]LogModuleManager: Shutting down and abandoning module GameplayDebugger (411)
[2019.02.19-22.34.02:672][242]LogModuleManager: Shutting down and abandoning module AITestSuite (409)
[2019.02.19-22.34.02:693][242]LogModuleManager: Shutting down and abandoning module NavigationSystem (407)
[2019.02.19-22.34.02:693][242]LogModuleManager: Shutting down and abandoning module ImageWriteQueue (404)
[2019.02.19-22.34.02:710][242]LogModuleManager: Shutting down and abandoning module ProfilerService (402)
[2019.02.19-22.34.02:784][242]LogModuleManager: Shutting down and abandoning module TaskGraph (400)
[2019.02.19-22.34.02:811][242]LogModuleManager: Shutting down and abandoning module SteamVRController (398)
[2019.02.19-22.34.02:811][242]LogModuleManager: Shutting down and abandoning module ProceduralMeshComponentEditor (396)
[2019.02.19-22.34.02:811][242]LogModuleManager: Shutting down and abandoning module ProceduralMeshComponent (394)
[2019.02.19-22.34.02:822][242]LogModuleManager: Shutting down and abandoning module OculusInput (392)
[2019.02.19-22.34.02:822][242]LogModuleManager: Shutting down and abandoning module MobilePatchingUtils (390)
[2019.02.19-22.34.02:823][242]LogModuleManager: Shutting down and abandoning module EditableMesh (388)
[2019.02.19-22.34.02:823][242]LogModuleManager: Shutting down and abandoning module CustomMeshComponent (386)
[2019.02.19-22.34.02:823][242]LogModuleManager: Shutting down and abandoning module CableComponent (384)
[2019.02.19-22.34.02:839][242]LogModuleManager: Shutting down and abandoning module AudioCapture (382)
[2019.02.19-22.34.02:840][242]LogModuleManager: Shutting down and abandoning module ArchVisCharacter (380)
[2019.02.19-22.34.02:840][242]LogModuleManager: Shutting down and abandoning module AndroidPermission (378)
[2019.02.19-22.34.02:840][242]LogModuleManager: Shutting down and abandoning module NUTUnrealEngine4 (376)
[2019.02.19-22.34.02:851][242]LogModuleManager: Shutting down and abandoning module NetcodeUnitTest (374)
[2019.02.19-22.34.02:864][242]LogModuleManager: Shutting down and abandoning module MediaCompositing (372)
[2019.02.19-22.34.02:864][242]LogModuleManager: Shutting down and abandoning module LinearTimecode (370)
[2019.02.19-22.34.02:864][242]LogModuleManager: Shutting down and abandoning module ImgMedia (368)
[2019.02.19-22.34.02:888][242]LogModuleManager: Shutting down and abandoning module HTML5Networking (366)
[2019.02.19-22.34.02:888][242]LogModuleManager: Shutting down and abandoning module GeometryCacheTracks (364)
[2019.02.19-22.34.02:889][242]LogModuleManager: Shutting down and abandoning module GeometryCacheSequencer (362)
[2019.02.19-22.34.02:889][242]LogModuleManager: Shutting down and abandoning module BackChannel (360)
[2019.02.19-22.34.02:903][242]LogModuleManager: Shutting down and abandoning module AppleVision (358)
[2019.02.19-22.34.02:903][242]LogModuleManager: Shutting down and abandoning module AppleImageUtilsBlueprintSupport (356)
[2019.02.19-22.34.02:904][242]LogModuleManager: Shutting down and abandoning module AppleImageUtils (354)
[2019.02.19-22.34.02:904][242]LogModuleManager: Shutting down and abandoning module AlembicImporter (352)
[2019.02.19-22.34.02:904][242]LogModuleManager: Shutting down and abandoning module AlembicLibrary (351)
[2019.02.19-22.34.02:904][242]LogModuleManager: Shutting down and abandoning module GeometryCache (350)
[2019.02.19-22.34.02:904][242]LogModuleManager: Shutting down and abandoning module GeometryCacheEd (349)
[2019.02.19-22.34.02:904][242]LogModuleManager: Shutting down and abandoning module VariantManagerContent (344)
[2019.02.19-22.34.02:904][242]LogModuleManager: Shutting down and abandoning module DatasmithContentEditor (342)
[2019.02.19-22.34.02:929][242]LogModuleManager: Shutting down and abandoning module SpeedTreeImporter (340)
[2019.02.19-22.34.02:930][242]LogModuleManager: Shutting down and abandoning module PluginBrowser (338)
[2019.02.19-22.34.03:001][242]LogModuleManager: Shutting down and abandoning module MobileLauncherProfileWizard (336)
[2019.02.19-22.34.03:007][242]LogModuleManager: Shutting down and abandoning module PolygonModeling (334)
[2019.02.19-22.34.03:007][242]LogModuleManager: Shutting down and abandoning module MeshEditor (332)
[2019.02.19-22.34.03:011][242]LogModuleManager: Shutting down and abandoning module CryptoKeysOpenSSL (330)
[2019.02.19-22.34.03:016][242]LogModuleManager: Shutting down and abandoning module CryptoKeys (328)
[2019.02.19-22.34.03:016][242]LogModuleManager: Shutting down and abandoning module VisualStudioSourceCodeAccess (326)
[2019.02.19-22.34.03:016][242]LogModuleManager: Shutting down and abandoning module VisualStudioCodeSourceCodeAccess (324)
[2019.02.19-22.34.03:016][242]LogModuleManager: Shutting down and abandoning module UObjectPlugin (322)
[2019.02.19-22.34.03:016][242]LogModuleManager: Shutting down and abandoning module SubversionSourceControl (320)
[2019.02.19-22.34.03:027][242]LogModuleManager: Shutting down and abandoning module PerforceSourceControl (318)
[2019.02.19-22.34.03:052][242]LogModuleManager: Shutting down and abandoning module GitSourceControl (316)
[2019.02.19-22.34.03:069][242]LogModuleManager: Shutting down and abandoning module SourceControl (315)
[2019.02.19-22.34.03:070][242]LogModuleManager: Shutting down and abandoning module CLionSourceCodeAccess (312)
[2019.02.19-22.34.03:083][242]LogModuleManager: Shutting down and abandoning module ActorLayerUtilitiesEditor (310)
[2019.02.19-22.34.03:083][242]LogModuleManager: Shutting down and abandoning module ActorLayerUtilities (308)
[2019.02.19-22.34.03:083][242]LogModuleManager: Shutting down and abandoning module LightPropagationVolumeEditor (306)
[2019.02.19-22.34.03:083][242]LogModuleManager: Shutting down and abandoning module PaperTiledImporter (304)
[2019.02.19-22.34.03:084][242]LogModuleManager: Shutting down and abandoning module PaperSpriteSheetImporter (302)
[2019.02.19-22.34.03:084][242]LogModuleManager: Shutting down and abandoning module Paper2DEditor (300)
[2019.02.19-22.34.03:120][242]LogModuleManager: Shutting down and abandoning module MeshPaint (299)
[2019.02.19-22.34.03:135][242]LogModuleManager: Shutting down and abandoning module ScaryMaze (296)
[2019.02.19-22.34.03:135][242]LogModuleManager: Shutting down and abandoning module RuntimePhysXCooking (294)
[2019.02.19-22.34.03:136][242]LogModuleManager: Shutting down and abandoning module PhysXVehiclesEditor (292)
[2019.02.19-22.34.03:136][242]LogModuleManager: Shutting down and abandoning module PhysXVehicles (290)
[2019.02.19-22.34.03:136][242]LogModuleManager: Shutting down and abandoning module OculusEditor (288)
[2019.02.19-22.34.03:150][242]LogModuleManager: Shutting down and abandoning module LocationServicesBPLibrary (286)
[2019.02.19-22.34.03:151][242]LogModuleManager: Shutting down and abandoning module ActorSequence (284)
[2019.02.19-22.34.03:151][242]LogModuleManager: Shutting down and abandoning module UdpMessaging (282)
[2019.02.19-22.34.03:252][242]LogModuleManager: Shutting down and abandoning module TcpMessaging (280)
[2019.02.19-22.34.03:366][242]LogModuleManager: Shutting down and abandoning module MagicLeapAudio (278)
[2019.02.19-22.34.03:366][242]LogModuleManager: Shutting down and abandoning module GameplayTagsEditor (276)
[2019.02.19-22.34.03:387][242]LogModuleManager: Shutting down and abandoning module FacialAnimationEditor (274)
[2019.02.19-22.34.03:387][242]LogModuleManager: Shutting down and abandoning module FacialAnimation (272)
[2019.02.19-22.34.03:387][242]LogModuleManager: Shutting down and abandoning module DataValidation (270)
[2019.02.19-22.34.03:388][242]LogModuleManager: Shutting down and abandoning module AssetManagerEditor (268)
[2019.02.19-22.34.03:413][242]LogModuleManager: Shutting down and abandoning module LevelEditor (267)
[2019.02.19-22.34.03:444][242]LogModuleManager: Shutting down and abandoning module PixelInspectorModule (266)
[2019.02.19-22.34.03:465][242]LogModuleManager: Shutting down and abandoning module CommonMenuExtensions (264)
[2019.02.19-22.34.03:468][242]LogModuleManager: Shutting down and abandoning module MainFrame (262)
[2019.02.19-22.34.03:468][242]LogModuleManager: Shutting down and abandoning module HotReload (261)
[2019.02.19-22.34.03:501][242]LogModuleManager: Shutting down and abandoning module ContentBrowser (257)
[2019.02.19-22.34.03:504][242]LogModuleManager: Shutting down and abandoning module TreeMap (255)
[2019.02.19-22.34.03:517][242]LogModuleManager: Shutting down and abandoning module LightPropagationVolumeRuntime (252)
[2019.02.19-22.34.03:518][242]LogModuleManager: Shutting down and abandoning module AISupportModule (250)
[2019.02.19-22.34.03:518][242]LogModuleManager: Shutting down and abandoning module Paper2D (248)
[2019.02.19-22.34.03:533][242]LogModuleManager: Shutting down and abandoning module WindowsMoviePlayer (246)
[2019.02.19-22.34.03:560][242]LogModuleManager: Shutting down and abandoning module WebMMoviePlayer (244)
[2019.02.19-22.34.03:560][242]LogModuleManager: Shutting down and abandoning module WmfMedia (242)
[2019.02.19-22.34.03:589][242]LogModuleManager: Shutting down and abandoning module Media (241)
[2019.02.19-22.34.03:598][242]LogModuleManager: Shutting down and abandoning module PacketHandler (238)
[2019.02.19-22.34.03:598][242]LogModuleManager: Shutting down and abandoning module ClothingSystemEditor (236)
[2019.02.19-22.34.03:598][242]LogModuleManager: Shutting down and abandoning module ClothingSystemRuntime (234)
[2019.02.19-22.34.03:615][242]LogModuleManager: Shutting down and abandoning module MediaAssets (232)
[2019.02.19-22.34.03:615][242]LogModuleManager: Shutting down and abandoning module Overlay (230)
[2019.02.19-22.34.03:615][242]LogModuleManager: Shutting down and abandoning module OverlayEditor (229)
[2019.02.19-22.34.03:615][242]LogModuleManager: Shutting down and abandoning module VREditor (226)
[2019.02.19-22.34.03:642][242]LogModuleManager: Shutting down and abandoning module StringTableEditor (224)
[2019.02.19-22.34.03:661][242]LogModuleManager: Shutting down and abandoning module GameplayTasksEditor (222)
[2019.02.19-22.34.03:661][242]LogModuleManager: Shutting down and abandoning module BehaviorTreeEditor (220)
[2019.02.19-22.34.03:711][242]LogModuleManager: Shutting down and abandoning module FunctionalTesting (218)
[2019.02.19-22.34.03:733][242]LogModuleManager: Shutting down and abandoning module CollisionAnalyzer (216)
[2019.02.19-22.34.03:752][242]LogModuleManager: Shutting down and abandoning module WorkspaceMenuStructure (215)
[2019.02.19-22.34.03:752][242]LogModuleManager: Shutting down and abandoning module UMG (212)
[2019.02.19-22.34.03:763][242]LogModuleManager: Shutting down and abandoning module UMGEditor (211)
[2019.02.19-22.34.03:826][242]LogModuleManager: Shutting down and abandoning module Sequencer (210)
[2019.02.19-22.34.03:945][242]LogModuleManager: Shutting down and abandoning module MessageLog (207)
[2019.02.19-22.34.03:954][242]LogModuleManager: Shutting down and abandoning module SlateReflector (202)
[2019.02.19-22.34.04:014][242]LogModuleManager: Shutting down and abandoning module Slate (200)
[2019.02.19-22.34.04:014][242]LogModuleManager: Shutting down and abandoning module EditorStyle (198)
[2019.02.19-22.34.04:021][242]LogModuleManager: Shutting down and abandoning module MRMesh (196)
[2019.02.19-22.34.04:053][242]LogModuleManager: Shutting down and abandoning module SourceCodeAccess (194)
[2019.02.19-22.34.04:054][242]LogModuleManager: Shutting down and abandoning module HeadMountedDisplay (192)
[2019.02.19-22.34.04:055][242]LogModuleManager: Shutting down and abandoning module XAudio2 (190)
[2019.02.19-22.34.04:056][242]LogModuleManager: Shutting down and abandoning module Networking (188)
[2019.02.19-22.34.04:056][242]LogModuleManager: Shutting down and abandoning module Core (186)
[2019.02.19-22.34.04:056][242]LogModuleManager: Shutting down and abandoning module LevelSequence (184)
[2019.02.19-22.34.04:056][242]LogModuleManager: Shutting down and abandoning module KismetCompiler (182)
[2019.02.19-22.34.04:056][242]LogModuleManager: Shutting down and abandoning module MeshUtilities (180)
[2019.02.19-22.34.04:071][242]LogModuleManager: Shutting down and abandoning module MeshMergeUtilities (179)
[2019.02.19-22.34.04:087][242]LogModuleManager: Shutting down and abandoning module MeshReductionInterface (178)
[2019.02.19-22.34.04:087][242]LogModuleManager: Shutting down and abandoning module SimplygonSwarm (177)
[2019.02.19-22.34.04:110][242]LogModuleManager: Shutting down and abandoning module ProxyLODMeshReduction (175)
[2019.02.19-22.34.04:183][242]LogModuleManager: Shutting down and abandoning module SimplygonMeshReduction (173)
[2019.02.19-22.34.04:184][242]LogModuleManager: Shutting down and abandoning module QuadricMeshReduction (171)
[2019.02.19-22.34.04:197][242]LogModuleManager: Shutting down and abandoning module MaterialBaking (167)
[2019.02.19-22.34.04:211][242]LogModuleManager: Shutting down and abandoning module DirectoryWatcher (163)
[2019.02.19-22.34.04:212][242]LogModuleManager: Shutting down and abandoning module DerivedDataCache (160)
[2019.02.19-22.34.04:280][242]LogDerivedDataCache: Shutdown
[2019.02.19-22.34.04:280][242]LogModuleManager: Shutting down and abandoning module XGEController (158)
[2019.02.19-22.34.04:289][242]LogModuleManager: Shutting down and abandoning module TargetPlatform (156)
[2019.02.19-22.34.04:289][242]LogModuleManager: Shutting down and abandoning module VulkanShaderFormat (155)
[2019.02.19-22.34.04:295][242]LogModuleManager: Shutting down and abandoning module ShaderFormatVectorVM (153)
[2019.02.19-22.34.04:302][242]LogModuleManager: Shutting down and abandoning module ShaderFormatOpenGL (151)
[2019.02.19-22.34.04:326][242]LogModuleManager: Shutting down and abandoning module ShaderFormatD3D (149)
[2019.02.19-22.34.04:326][242]LogModuleManager: Shutting down and abandoning module MetalShaderFormat (147)
[2019.02.19-22.34.04:344][242]LogModuleManager: Shutting down and abandoning module TextureFormatUncompressed (145)
[2019.02.19-22.34.04:344][242]LogModuleManager: Shutting down and abandoning module TextureFormatPVR (143)
[2019.02.19-22.34.04:344][242]LogModuleManager: Shutting down and abandoning module TextureFormatDXT (141)
[2019.02.19-22.34.04:360][242]LogModuleManager: Shutting down and abandoning module TextureFormatIntelISPCTexComp (139)
[2019.02.19-22.34.04:368][242]LogModuleManager: Shutting down and abandoning module TextureFormatASTC (137)
[2019.02.19-22.34.04:368][242]LogModuleManager: Shutting down and abandoning module ImageWrapper (136)
[2019.02.19-22.34.04:369][242]LogModuleManager: Shutting down and abandoning module TextureFormatAndroid (133)
[2019.02.19-22.34.04:369][242]LogModuleManager: Shutting down and abandoning module AudioFormatOpus (131)
[2019.02.19-22.34.04:369][242]LogModuleManager: Shutting down and abandoning module AudioFormatOgg (129)
[2019.02.19-22.34.04:369][242]LogModuleManager: Shutting down and abandoning module AudioFormatADPCM (127)
[2019.02.19-22.34.04:370][242]LogModuleManager: Shutting down and abandoning module LuminTargetPlatform (125)
[2019.02.19-22.34.04:385][242]LogModuleManager: Shutting down and abandoning module LinuxTargetPlatform (123)
[2019.02.19-22.34.04:386][242]LogModuleManager: Shutting down and abandoning module LinuxServerTargetPlatform (121)
[2019.02.19-22.34.04:386][242]LogModuleManager: Shutting down and abandoning module LinuxNoEditorTargetPlatform (119)
[2019.02.19-22.34.04:386][242]LogModuleManager: Shutting down and abandoning module LinuxClientTargetPlatform (117)
[2019.02.19-22.34.04:386][242]LogModuleManager: Shutting down and abandoning module TVOSTargetPlatform (115)
[2019.02.19-22.34.04:433][242]LogModuleManager: Shutting down and abandoning module Messaging (113)
[2019.02.19-22.34.04:433][242]LogModuleManager: Shutting down and abandoning module IOSTargetPlatform (111)
[2019.02.19-22.34.04:435][242]LogModuleManager: Shutting down and abandoning module HTML5TargetPlatform (109)
[2019.02.19-22.34.04:435][242]LogModuleManager: Shutting down and abandoning module AndroidTargetPlatform (107)
[2019.02.19-22.34.04:457][242]LogModuleManager: Shutting down and abandoning module WindowsTargetPlatform (105)
[2019.02.19-22.34.04:459][242]LogModuleManager: Shutting down and abandoning module WindowsServerTargetPlatform (103)
[2019.02.19-22.34.04:459][242]LogModuleManager: Shutting down and abandoning module WindowsNoEditorTargetPlatform (101)
[2019.02.19-22.34.04:459][242]LogModuleManager: Shutting down and abandoning module WindowsClientTargetPlatform (99)
[2019.02.19-22.34.04:459][242]LogModuleManager: Shutting down and abandoning module MacTargetPlatform (97)
[2019.02.19-22.34.04:459][242]LogModuleManager: Shutting down and abandoning module MacServerTargetPlatform (95)
[2019.02.19-22.34.04:459][242]LogModuleManager: Shutting down and abandoning module MacNoEditorTargetPlatform (93)
[2019.02.19-22.34.04:459][242]LogModuleManager: Shutting down and abandoning module MacClientTargetPlatform (91)
[2019.02.19-22.34.04:459][242]LogModuleManager: Shutting down and abandoning module AllDesktopTargetPlatform (89)
[2019.02.19-22.34.04:459][242]LogModuleManager: Shutting down and abandoning module InputCore (86)
[2019.02.19-22.34.04:459][242]LogModuleManager: Shutting down and abandoning module Settings (84)
[2019.02.19-22.34.04:459][242]LogModuleManager: Shutting down and abandoning module PhysXCooking (82)
[2019.02.19-22.34.04:459][242]LogModuleManager: Shutting down and abandoning module SteamVR (80)
[2019.02.19-22.34.04:478][242]LogHMD: Freeing OpenVRDLLHandle.
[2019.02.19-22.34.04:478][242]LogModuleManager: Shutting down and abandoning module OculusHMD (78)
[2019.02.19-22.34.04:506][242]LogModuleManager: Shutting down and abandoning module ExampleDeviceProfileSelector (76)
[2019.02.19-22.34.04:506][242]LogModuleManager: Shutting down and abandoning module LauncherChunkInstaller (74)
[2019.02.19-22.34.04:506][242]LogModuleManager: Shutting down and abandoning module OnlineBlueprintSupport (72)
[2019.02.19-22.34.04:507][242]LogModuleManager: Shutting down and abandoning module OnlineSubsystem (68)
[2019.02.19-22.34.04:550][242]LogModuleManager: Shutting down and abandoning module XMPP (63)
[2019.02.19-22.34.04:594][242]LogModuleManager: Shutting down and abandoning module WebSockets (62)
[2019.02.19-22.34.04:639][242]LogModuleManager: Shutting down and abandoning module HTTP (59)
[2019.02.19-22.34.04:640][242]LogHttp: Display: Http module shutting down, but needs to wait on 1 outstanding Http requests:
[2019.02.19-22.34.04:640][242]LogHttp: Display: 	verb=[POST] url=[https://datarouter.ol.epicgames.com/datarouter/api/v1/public/data?SessionID=%7B43021984-46CA-B948-FB2F-1DA0155C42A8%7D&AppID=UEEditor.Rocket.Release&AppVersion=4.21.2-4753647%2B%2B%2BUE4%2BRelease-4.21&UserID=ef1351464ecd6da1ec8cad9f92cf0fc4%7C29239fdcda3245059010fcf3993924f0%7Cfffb1d74-d26c-4892-9d78-db39a79cbb39&AppEnvironment=datacollector-binary&UploadType=eteventstream] status=Processing
[2019.02.19-22.34.04:661][242]LogModuleManager: Shutting down and abandoning module SSL (58)
[2019.02.19-22.34.04:669][242]LogModuleManager: Shutting down and abandoning module MagicLeapIdentity (54)
[2019.02.19-22.34.04:670][242]LogModuleManager: Shutting down and abandoning module MagicLeapHelperVulkan (52)
[2019.02.19-22.34.04:670][242]LogModuleManager: Shutting down and abandoning module MagicLeapHelperOpenGL (50)
[2019.02.19-22.34.04:670][242]LogModuleManager: Shutting down and abandoning module MagicLeapSecureStorage (48)
[2019.02.19-22.34.04:670][242]LogModuleManager: Shutting down and abandoning module MagicLeapHandTracking (46)
[2019.02.19-22.34.04:670][242]LogModuleManager: Shutting down and abandoning module MagicLeapEyeTracker (44)
[2019.02.19-22.34.04:670][242]LogModuleManager: Shutting down and abandoning module MagicLeapController (42)
[2019.02.19-22.34.04:671][242]LogSlate: Slate User Destroyed.  User Index 0, Is Virtual User: 0
[2019.02.19-22.34.04:671][242]LogModuleManager: Shutting down and abandoning module MagicLeap (40)
[2019.02.19-22.34.04:703][242]LogModuleManager: Shutting down and abandoning module DatasmithContent (38)
[2019.02.19-22.34.04:708][242]LogModuleManager: Shutting down and abandoning module AnimationModifiers (36)
[2019.02.19-22.34.04:754][242]LogModuleManager: Shutting down and abandoning module PropertyEditor (35)
[2019.02.19-22.34.04:766][242]LogModuleManager: Shutting down and abandoning module AudioEditor (32)
[2019.02.19-22.34.04:816][242]LogModuleManager: Shutting down and abandoning module TextureCompressor (30)
[2019.02.19-22.34.04:847][242]LogModuleManager: Shutting down and abandoning module ShaderCore (28)
[2019.02.19-22.34.04:847][242]LogModuleManager: Shutting down and abandoning module Landscape (26)
[2019.02.19-22.34.04:847][242]LogModuleManager: Shutting down and abandoning module SlateRHIRenderer (24)
[2019.02.19-22.34.04:887][242]LogModuleManager: Shutting down and abandoning module OpenGLDrv (22)
[2019.02.19-22.34.04:907][242]LogModuleManager: Shutting down and abandoning module D3D11RHI (20)
[2019.02.19-22.34.04:907][242]LogModuleManager: Shutting down and abandoning module AnimGraphRuntime (18)
[2019.02.19-22.34.04:943][242]LogModuleManager: Shutting down and abandoning module Renderer (16)
[2019.02.19-22.34.04:943][242]LogModuleManager: Shutting down and abandoning module Engine (14)
[2019.02.19-22.34.04:943][242]LogModuleManager: Shutting down and abandoning module CoreUObject (12)
[2019.02.19-22.34.04:943][242]LogModuleManager: Shutting down and abandoning module NetworkFile (10)
[2019.02.19-22.34.04:967][242]LogModuleManager: Shutting down and abandoning module CookedIterativeFile (8)
[2019.02.19-22.34.04:968][242]LogModuleManager: Shutting down and abandoning module StreamingFile (6)
[2019.02.19-22.34.04:994][242]LogModuleManager: Shutting down and abandoning module SandboxFile (4)
[2019.02.19-22.34.04:994][242]LogModuleManager: Shutting down and abandoning module PakFile (2)
[2019.02.19-22.34.05:055][242]LogExit: Exiting.
[2019.02.19-22.34.05:093][242]Log file closed, 02/19/19 17:34:05
