Log file open, 04/11/19 10:46:39
LogWindows: Failed to load 'aqProf.dll' (GetLastError=126)
LogWindows: File 'aqProf.dll' does not exist
LogWindows: Failed to load 'VtuneApi.dll' (GetLastError=126)
LogWindows: File 'VtuneApi.dll' does not exist
LogWindows: Failed to load 'VtuneApi32e.dll' (GetLastError=126)
LogWindows: File 'VtuneApi32e.dll' does not exist
LogConsoleResponse: Display: Failed to find resolution value strings in scalability ini. Falling back to default.
LogInit: Display: Running engine for game: ScaryMaze
LogPakFile: Registered encryption key '00000000000000000000000000000000': 0 pak files mounted, 0 remain pending
LogPlatformFile: Not using cached read wrapper
LogTaskGraph: Started task graph with 5 named threads and 11 total threads with 3 sets of task threads.
LogStats: Stats thread started at 0.298617
LogD3D11RHI: Loaded GFSDK_Aftermath_Lib.x64.dll
LogICUInternationalization: ICU TimeZone Detection - Raw Offset: -5:00, Platform Override: ''
LogPluginManager: Mounting plugin Paper2D
LogPluginManager: Mounting plugin AISupport
LogPluginManager: Mounting plugin LightPropagationVolume
LogPluginManager: Mounting plugin ActorLayerUtilities
LogPluginManager: Mounting plugin CLionSourceCodeAccess
LogPluginManager: Mounting plugin CodeLiteSourceCodeAccess
LogPluginManager: Mounting plugin GitSourceControl
LogPluginManager: Mounting plugin KDevelopSourceCodeAccess
LogPluginManager: Mounting plugin NullSourceCodeAccess
LogPluginManager: Mounting plugin PerforceSourceControl
LogPluginManager: Mounting plugin SubversionSourceControl
LogPluginManager: Mounting plugin UObjectPlugin
LogPluginManager: Mounting plugin VisualStudioCodeSourceCodeAccess
LogPluginManager: Mounting plugin VisualStudioSourceCodeAccess
LogPluginManager: Mounting plugin XCodeSourceCodeAccess
LogPluginManager: Mounting plugin AssetManagerEditor
LogPluginManager: Mounting plugin CryptoKeys
LogPluginManager: Mounting plugin DataValidation
LogPluginManager: Mounting plugin FacialAnimation
LogPluginManager: Mounting plugin GameplayTagsEditor
LogPluginManager: Mounting plugin MacGraphicsSwitching
LogPluginManager: Mounting plugin MeshEditor
LogPluginManager: Mounting plugin MobileLauncherProfileWizard
LogPluginManager: Mounting plugin PluginBrowser
LogPluginManager: Mounting plugin SpeedTreeImporter
LogPluginManager: Mounting plugin DatasmithContent
LogPluginManager: Mounting plugin VariantManagerContent
LogPluginManager: Mounting plugin AlembicImporter
LogPluginManager: Mounting plugin AppleImageUtils
LogPluginManager: Mounting plugin AppleVision
LogPluginManager: Mounting plugin BackChannel
LogPluginManager: Mounting plugin CharacterAI
LogPluginManager: Mounting plugin GeometryCache
LogPluginManager: Mounting plugin HTML5Networking
LogPluginManager: Mounting plugin ProxyLODPlugin
LogPluginManager: Mounting plugin MagicLeap
LogPluginManager: Mounting plugin MagicLeapMedia
LogPluginManager: Mounting plugin AndroidMedia
LogPluginManager: Mounting plugin AvfMedia
LogPluginManager: Mounting plugin ImgMedia
LogPluginManager: Mounting plugin LinearTimecode
LogPluginManager: Mounting plugin MediaCompositing
LogPluginManager: Mounting plugin MediaPlayerEditor
LogPluginManager: Mounting plugin WebMMedia
LogPluginManager: Mounting plugin WmfMedia
LogPluginManager: Mounting plugin TcpMessaging
LogPluginManager: Mounting plugin UdpMessaging
LogPluginManager: Mounting plugin ActorSequence
LogPluginManager: Mounting plugin LevelSequenceEditor
LogPluginManager: Mounting plugin MatineeToLevelSequence
LogPluginManager: Mounting plugin NetcodeUnitTest
LogPluginManager: Mounting plugin NUTUnrealEngine4
LogPluginManager: Mounting plugin OnlineSubsystemGooglePlay
LogPluginManager: Mounting plugin OnlineSubsystemIOS
LogPluginManager: Mounting plugin OnlineSubsystem
LogPluginManager: Mounting plugin OnlineSubsystemNull
LogPluginManager: Mounting plugin OnlineSubsystemUtils
LogPluginManager: Mounting plugin LauncherChunkInstaller
LogPluginManager: Mounting plugin AndroidDeviceProfileSelector
LogPluginManager: Mounting plugin AndroidMoviePlayer
LogPluginManager: Mounting plugin AndroidPermission
LogPluginManager: Mounting plugin AppleMoviePlayer
LogPluginManager: Mounting plugin ArchVisCharacter
LogPluginManager: Mounting plugin AudioCapture
LogPluginManager: Mounting plugin CableComponent
LogPluginManager: Mounting plugin CustomMeshComponent
LogPluginManager: Mounting plugin EditableMesh
LogPluginManager: Mounting plugin ExampleDeviceProfileSelector
LogPluginManager: Mounting plugin Firebase
LogPluginManager: Mounting plugin GoogleCloudMessaging
LogPluginManager: Mounting plugin IOSDeviceProfileSelector
LogPluginManager: Mounting plugin LinuxDeviceProfileSelector
LogPluginManager: Mounting plugin LocationServicesBPLibrary
LogPluginManager: Mounting plugin MobilePatchingUtils
LogPluginManager: Mounting plugin OculusVR
LogPluginManager: Mounting plugin PhysXVehicles
LogPluginManager: Mounting plugin ProceduralMeshComponent
LogPluginManager: Mounting plugin RuntimePhysXCooking
LogPluginManager: Mounting plugin SteamVR
LogPluginManager: Mounting plugin WebMMoviePlayer
LogPluginManager: Mounting plugin WindowsMoviePlayer
LogStreaming: Display: Took  0.212s to configure plugins.
LogInit: Using libcurl 7.55.1-DEV
LogInit:  - built for x86_64-pc-win32
LogInit:  - supports SSL with OpenSSL/1.0.2h
LogInit:  - supports HTTP deflate (compression) using libz 1.2.8
LogInit:  - other features:
LogInit:      CURL_VERSION_SSL
LogInit:      CURL_VERSION_LIBZ
LogInit:      CURL_VERSION_IPV6
LogInit:      CURL_VERSION_ASYNCHDNS
LogInit:      CURL_VERSION_LARGEFILE
LogInit:      CURL_VERSION_IDN
LogInit:  CurlRequestOptions (configurable via config and command line):
LogInit:  - bVerifyPeer = true  - Libcurl will verify peer certificate
LogInit:  - bUseHttpProxy = false  - Libcurl will NOT use HTTP proxy
LogInit:  - bDontReuseConnections = false  - Libcurl will reuse connections
LogInit:  - MaxHostConnections = 16  - Libcurl will limit the number of connections to a host
LogInit:  - LocalHostAddr = Default
LogInit:  - BufferSize = 65536
LogInit: WinSock: version 1.1 (2.2), MaxSocks=32767, MaxUdp=65467
LogInit: Build: ++UE4+Release-4.21-CL-4753647
LogInit: Engine Version: 4.21.2-4753647+++UE4+Release-4.21
LogInit: Compatible Engine Version: 4.21.0-4541578+++UE4+Release-4.21
LogInit: Net CL: 4541578
LogInit: OS: Windows 10 (), CPU: Intel(R) Core(TM) i5-7200U CPU @ 2.50GHz, GPU: Intel(R) HD Graphics 620
LogInit: Compiled (64-bit): Jan 19 2019 02:07:31
LogInit: Compiled with Visual C++: 19.13.26129.00
LogInit: Build Configuration: Development
LogInit: Branch Name: ++UE4+Release-4.21
LogInit: Command Line:  -skipcompile
LogInit: Base Directory: C:/Program Files/Epic Games/UE_4.21/Engine/Binaries/Win64/
LogInit: Installed Engine Build: 1
LogDevObjectVersion: Number of dev versions registered: 22
LogDevObjectVersion:   Dev-Blueprints (B0D832E4-1F89-4F0D-ACCF-7EB736FD4AA2): 10
LogDevObjectVersion:   Dev-Build (E1C64328-A22C-4D53-A36C-8E866417BD8C): 0
LogDevObjectVersion:   Dev-Core (375EC13C-06E4-48FB-B500-84F0262A717E): 2
LogDevObjectVersion:   Dev-Editor (E4B068ED-F494-42E9-A231-DA0B2E46BB41): 26
LogDevObjectVersion:   Dev-Framework (CFFC743F-43B0-4480-9391-14DF171D2073): 34
LogDevObjectVersion:   Dev-Mobile (B02B49B5-BB20-44E9-A304-32B752E40360): 2
LogDevObjectVersion:   Dev-Networking (A4E4105C-59A1-49B5-A7C5-40C4547EDFEE): 0
LogDevObjectVersion:   Dev-Online (39C831C9-5AE6-47DC-9A44-9C173E1C8E7C): 0
LogDevObjectVersion:   Dev-Physics (78F01B33-EBEA-4F98-B9B4-84EACCB95AA2): 0
LogDevObjectVersion:   Dev-Platform (6631380F-2D4D-43E0-8009-CF276956A95A): 0
LogDevObjectVersion:   Dev-Rendering (12F88B9F-8875-4AFC-A67C-D90C383ABD29): 27
LogDevObjectVersion:   Dev-Sequencer (7B5AE74C-D270-4C10-A958-57980B212A5A): 9
LogDevObjectVersion:   Dev-VR (D7296918-1DD6-4BDD-9DE2-64A83CC13884): 2
LogDevObjectVersion:   Dev-LoadTimes (C2A15278-BFE7-4AFE-6C17-90FF531DF755): 1
LogDevObjectVersion:   Private-Geometry (6EACA3D4-40EC-4CC1-B786-8BED09428FC5): 3
LogDevObjectVersion:   Dev-AnimPhys (29E575DD-E0A3-4627-9D10-D276232CDCEA): 17
LogDevObjectVersion:   Dev-Anim (AF43A65D-7FD3-4947-9873-3E8ED9C1BB05): 2
LogDevObjectVersion:   Dev-ReflectionCapture (6B266CEC-1EC7-4B8F-A30B-E4D90942FC07): 1
LogDevObjectVersion:   Dev-Automation (0DF73D61-A23F-47EA-B727-89E90C41499A): 1
LogDevObjectVersion:   FortniteMain (601D1886-AC64-4F84-AA16-D3DE0DEAC7D6): 17
LogDevObjectVersion:   Dev-Enterprise (9DFFBCD6-494F-0158-E221-12823C92A888): 4
LogDevObjectVersion:   Dev-Niagara (F2AED0AC-9AFE-416F-8664-AA7FFA26D6FC): 1
LogStreaming: Display: Took  0.008s to delete old logs.
LogInit: Presizing for max 8388607 objects, including 0 objects not considered by GC, pre-allocating 0 bytes for permanent pool.
LogInit: Object subsystem initialized
LogConfig: Setting CVar [[con.DebugEarlyDefault:1]]
LogConfig: Setting CVar [[r.setres:1280x720]]
[2019.04.11-14.46.40:351][  0]LogConfig: Setting CVar [[r.VSync:0]]
[2019.04.11-14.46.40:351][  0]LogConfig: Setting CVar [[r.RHICmdBypass:0]]
[2019.04.11-14.46.40:351][  0]LogConfig: Applying CVar settings from Section [/Script/Engine.RendererSettings] File [C:/Users/james/Desktop/Processes for OOS/COP4331-Project/ScaryMaze/Saved/Config/Windows/Engine.ini]
[2019.04.11-14.46.40:352][  0]LogConfig: Setting CVar [[r.GPUCrashDebugging:0]]
[2019.04.11-14.46.40:352][  0]LogConfig: Applying CVar settings from Section [/Script/Engine.RendererOverrideSettings] File [C:/Users/james/Desktop/Processes for OOS/COP4331-Project/ScaryMaze/Saved/Config/Windows/Engine.ini]
[2019.04.11-14.46.40:352][  0]LogConfig: Applying CVar settings from Section [/Script/Engine.StreamingSettings] File [C:/Users/james/Desktop/Processes for OOS/COP4331-Project/ScaryMaze/Saved/Config/Windows/Engine.ini]
[2019.04.11-14.46.40:352][  0]LogConfig: Setting CVar [[s.MinBulkDataSizeForAsyncLoading:131072]]
[2019.04.11-14.46.40:352][  0]LogConfig: Setting CVar [[s.AsyncLoadingThreadEnabled:0]]
[2019.04.11-14.46.40:352][  0]LogConfig: Setting CVar [[s.EventDrivenLoaderEnabled:1]]
[2019.04.11-14.46.40:353][  0]LogConfig: Setting CVar [[s.WarnIfTimeLimitExceeded:0]]
[2019.04.11-14.46.40:353][  0]LogConfig: Setting CVar [[s.TimeLimitExceededMultiplier:1.5]]
[2019.04.11-14.46.40:353][  0]LogConfig: Setting CVar [[s.TimeLimitExceededMinTime:0.005]]
[2019.04.11-14.46.40:353][  0]LogConfig: Setting CVar [[s.UseBackgroundLevelStreaming:1]]
[2019.04.11-14.46.40:353][  0]LogConfig: Setting CVar [[s.PriorityAsyncLoadingExtraTime:15.0]]
[2019.04.11-14.46.40:353][  0]LogConfig: Setting CVar [[s.LevelStreamingActorsUpdateTimeLimit:5.0]]
[2019.04.11-14.46.40:354][  0]LogConfig: Setting CVar [[s.PriorityLevelStreamingActorsUpdateExtraTime:5.0]]
[2019.04.11-14.46.40:354][  0]LogConfig: Setting CVar [[s.LevelStreamingComponentsRegistrationGranularity:10]]
[2019.04.11-14.46.40:354][  0]LogConfig: Setting CVar [[s.UnregisterComponentsTimeLimit:1.0]]
[2019.04.11-14.46.40:354][  0]LogConfig: Setting CVar [[s.LevelStreamingComponentsUnregistrationGranularity:5]]
[2019.04.11-14.46.40:354][  0]LogConfig: Applying CVar settings from Section [/Script/Engine.GarbageCollectionSettings] File [C:/Users/james/Desktop/Processes for OOS/COP4331-Project/ScaryMaze/Saved/Config/Windows/Engine.ini]
[2019.04.11-14.46.40:354][  0]LogConfig: Setting CVar [[gc.MaxObjectsNotConsideredByGC:1]]
[2019.04.11-14.46.40:354][  0]LogConfig: Setting CVar [[gc.SizeOfPermanentObjectPool:0]]
[2019.04.11-14.46.40:355][  0]LogConfig: Setting CVar [[gc.FlushStreamingOnGC:0]]
[2019.04.11-14.46.40:355][  0]LogConfig: Setting CVar [[gc.NumRetriesBeforeForcingGC:10]]
[2019.04.11-14.46.40:355][  0]LogConfig: Setting CVar [[gc.AllowParallelGC:1]]
[2019.04.11-14.46.40:355][  0]LogConfig: Setting CVar [[gc.TimeBetweenPurgingPendingKillObjects:61.1]]
[2019.04.11-14.46.40:355][  0]LogConfig: Setting CVar [[gc.MaxObjectsInEditor:8388607]]
[2019.04.11-14.46.40:356][  0]LogConfig: Setting CVar [[gc.IncrementalBeginDestroyEnabled:1]]
[2019.04.11-14.46.40:356][  0]LogConfig: Setting CVar [[gc.CreateGCClusters:1]]
[2019.04.11-14.46.40:356][  0]LogConfig: Setting CVar [[gc.MergeGCClusters:0]]
[2019.04.11-14.46.40:356][  0]LogConfig: Setting CVar [[gc.MinGCClusterSize:5]]
[2019.04.11-14.46.40:356][  0]LogConfig: Setting CVar [[gc.ActorClusteringEnabled:0]]
[2019.04.11-14.46.40:356][  0]LogConfig: Setting CVar [[gc.BlueprintClusteringEnabled:0]]
[2019.04.11-14.46.40:356][  0]LogConfig: Setting CVar [[gc.UseDisregardForGCOnDedicatedServers:0]]
[2019.04.11-14.46.40:357][  0]LogConfig: Applying CVar settings from Section [/Script/Engine.NetworkSettings] File [C:/Users/james/Desktop/Processes for OOS/COP4331-Project/ScaryMaze/Saved/Config/Windows/Engine.ini]
[2019.04.11-14.46.40:357][  0]LogConfig: Applying CVar settings from Section [/Script/UnrealEd.CookerSettings] File [C:/Users/james/Desktop/Processes for OOS/COP4331-Project/ScaryMaze/Saved/Config/Windows/Engine.ini]
[2019.04.11-14.46.40:371][  0]LogConfig: Applying CVar settings from Section [ViewDistanceQuality@3] File [C:/Users/james/Desktop/Processes for OOS/COP4331-Project/ScaryMaze/Saved/Config/Windows/Scalability.ini]
[2019.04.11-14.46.40:371][  0]LogConfig: Setting CVar [[r.SkeletalMeshLODBias:0]]
[2019.04.11-14.46.40:371][  0]LogConfig: Setting CVar [[r.ViewDistanceScale:1.0]]
[2019.04.11-14.46.40:371][  0]LogConfig: Applying CVar settings from Section [AntiAliasingQuality@3] File [C:/Users/james/Desktop/Processes for OOS/COP4331-Project/ScaryMaze/Saved/Config/Windows/Scalability.ini]
[2019.04.11-14.46.40:371][  0]LogConfig: Setting CVar [[r.PostProcessAAQuality:4]]
[2019.04.11-14.46.40:371][  0]LogConfig: Applying CVar settings from Section [ShadowQuality@3] File [C:/Users/james/Desktop/Processes for OOS/COP4331-Project/ScaryMaze/Saved/Config/Windows/Scalability.ini]
[2019.04.11-14.46.40:371][  0]LogConfig: Setting CVar [[r.LightFunctionQuality:1]]
[2019.04.11-14.46.40:371][  0]LogConfig: Setting CVar [[r.ShadowQuality:5]]
[2019.04.11-14.46.40:372][  0]LogConfig: Setting CVar [[r.Shadow.CSM.MaxCascades:10]]
[2019.04.11-14.46.40:372][  0]LogConfig: Setting CVar [[r.Shadow.MaxResolution:2048]]
[2019.04.11-14.46.40:372][  0]LogConfig: Setting CVar [[r.Shadow.MaxCSMResolution:2048]]
[2019.04.11-14.46.40:372][  0]LogConfig: Setting CVar [[r.Shadow.RadiusThreshold:0.01]]
[2019.04.11-14.46.40:372][  0]LogConfig: Setting CVar [[r.Shadow.DistanceScale:1.0]]
[2019.04.11-14.46.40:372][  0]LogConfig: Setting CVar [[r.Shadow.CSM.TransitionScale:1.0]]
[2019.04.11-14.46.40:372][  0]LogConfig: Setting CVar [[r.Shadow.PreShadowResolutionFactor:1.0]]
[2019.04.11-14.46.40:372][  0]LogConfig: Setting CVar [[r.DistanceFieldShadowing:1]]
[2019.04.11-14.46.40:372][  0]LogConfig: Setting CVar [[r.DistanceFieldAO:1]]
[2019.04.11-14.46.40:372][  0]LogConfig: Setting CVar [[r.AOQuality:2]]
[2019.04.11-14.46.40:372][  0]LogConfig: Setting CVar [[r.VolumetricFog:1]]
[2019.04.11-14.46.40:372][  0]LogConfig: Setting CVar [[r.VolumetricFog.GridPixelSize:8]]
[2019.04.11-14.46.40:372][  0]LogConfig: Setting CVar [[r.VolumetricFog.GridSizeZ:128]]
[2019.04.11-14.46.40:373][  0]LogConfig: Setting CVar [[r.VolumetricFog.HistoryMissSupersampleCount:4]]
[2019.04.11-14.46.40:373][  0]LogConfig: Setting CVar [[r.LightMaxDrawDistanceScale:1]]
[2019.04.11-14.46.40:373][  0]LogConfig: Setting CVar [[r.CapsuleShadows:1]]
[2019.04.11-14.46.40:373][  0]LogConfig: Applying CVar settings from Section [PostProcessQuality@3] File [C:/Users/james/Desktop/Processes for OOS/COP4331-Project/ScaryMaze/Saved/Config/Windows/Scalability.ini]
[2019.04.11-14.46.40:373][  0]LogConfig: Setting CVar [[r.MotionBlurQuality:4]]
[2019.04.11-14.46.40:373][  0]LogConfig: Setting CVar [[r.AmbientOcclusionMipLevelFactor:0.4]]
[2019.04.11-14.46.40:373][  0]LogConfig: Setting CVar [[r.AmbientOcclusionMaxQuality:100]]
[2019.04.11-14.46.40:373][  0]LogConfig: Setting CVar [[r.AmbientOcclusionLevels:-1]]
[2019.04.11-14.46.40:373][  0]LogConfig: Setting CVar [[r.AmbientOcclusionRadiusScale:1.0]]
[2019.04.11-14.46.40:373][  0]LogConfig: Setting CVar [[r.DepthOfFieldQuality:2]]
[2019.04.11-14.46.40:373][  0]LogConfig: Setting CVar [[r.RenderTargetPoolMin:400]]
[2019.04.11-14.46.40:373][  0]LogConfig: Setting CVar [[r.LensFlareQuality:2]]
[2019.04.11-14.46.40:373][  0]LogConfig: Setting CVar [[r.SceneColorFringeQuality:1]]
[2019.04.11-14.46.40:373][  0]LogConfig: Setting CVar [[r.EyeAdaptationQuality:2]]
[2019.04.11-14.46.40:373][  0]LogConfig: Setting CVar [[r.BloomQuality:5]]
[2019.04.11-14.46.40:374][  0]LogConfig: Setting CVar [[r.FastBlurThreshold:100]]
[2019.04.11-14.46.40:374][  0]LogConfig: Setting CVar [[r.Upscale.Quality:3]]
[2019.04.11-14.46.40:374][  0]LogConfig: Setting CVar [[r.Tonemapper.GrainQuantization:1]]
[2019.04.11-14.46.40:374][  0]LogConfig: Setting CVar [[r.LightShaftQuality:1]]
[2019.04.11-14.46.40:374][  0]LogConfig: Setting CVar [[r.Filter.SizeScale:1]]
[2019.04.11-14.46.40:374][  0]LogConfig: Setting CVar [[r.Tonemapper.Quality:5]]
[2019.04.11-14.46.40:374][  0]LogConfig: Setting CVar [[r.DOF.Gather.AccumulatorQuality:1        ; higher gathering accumulator quality]]
[2019.04.11-14.46.40:374][  0]LogConfig: Setting CVar [[r.DOF.Gather.PostfilterMethod:1          ; Median3x3 postfilering method]]
[2019.04.11-14.46.40:374][  0]LogConfig: Setting CVar [[r.DOF.Gather.EnableBokehSettings:0       ; no bokeh simulation when gathering]]
[2019.04.11-14.46.40:374][  0]LogConfig: Setting CVar [[r.DOF.Gather.RingCount:4                 ; medium number of samples when gathering]]
[2019.04.11-14.46.40:374][  0]LogConfig: Setting CVar [[r.DOF.Scatter.ForegroundCompositing:1    ; additive foreground scattering]]
[2019.04.11-14.46.40:374][  0]LogConfig: Setting CVar [[r.DOF.Scatter.BackgroundCompositing:2    ; additive background scattering]]
[2019.04.11-14.46.40:374][  0]LogConfig: Setting CVar [[r.DOF.Scatter.EnableBokehSettings:1      ; bokeh simulation when scattering]]
[2019.04.11-14.46.40:374][  0]LogConfig: Setting CVar [[r.DOF.Scatter.MaxSpriteRatio:0.1         ; only a maximum of 10% of scattered bokeh]]
[2019.04.11-14.46.40:374][  0]LogConfig: Setting CVar [[r.DOF.Recombine.Quality:1                ; cheap slight out of focus]]
[2019.04.11-14.46.40:375][  0]LogConfig: Setting CVar [[r.DOF.Recombine.EnableBokehSettings:0    ; no bokeh simulation on slight out of focus]]
[2019.04.11-14.46.40:375][  0]LogConfig: Setting CVar [[r.DOF.TemporalAAQuality:1                ; more stable temporal accumulation]]
[2019.04.11-14.46.40:375][  0]LogConfig: Setting CVar [[r.DOF.Kernel.MaxForegroundRadius:0.025]]
[2019.04.11-14.46.40:375][  0]LogConfig: Setting CVar [[r.DOF.Kernel.MaxBackgroundRadius:0.025]]
[2019.04.11-14.46.40:375][  0]LogConfig: Applying CVar settings from Section [TextureQuality@3] File [C:/Users/james/Desktop/Processes for OOS/COP4331-Project/ScaryMaze/Saved/Config/Windows/Scalability.ini]
[2019.04.11-14.46.40:375][  0]LogConfig: Setting CVar [[r.Streaming.MipBias:0]]
[2019.04.11-14.46.40:375][  0]LogConfig: Setting CVar [[r.Streaming.AmortizeCPUToGPUCopy:0]]
[2019.04.11-14.46.40:375][  0]LogConfig: Setting CVar [[r.Streaming.MaxNumTexturesToStreamPerFrame:0]]
[2019.04.11-14.46.40:375][  0]LogConfig: Setting CVar [[r.Streaming.Boost:1]]
[2019.04.11-14.46.40:375][  0]LogConfig: Setting CVar [[r.MaxAnisotropy:8]]
[2019.04.11-14.46.40:375][  0]LogConfig: Setting CVar [[r.Streaming.LimitPoolSizeToVRAM:0]]
[2019.04.11-14.46.40:375][  0]LogConfig: Setting CVar [[r.Streaming.PoolSize:1000]]
[2019.04.11-14.46.40:375][  0]LogConfig: Setting CVar [[r.Streaming.MaxEffectiveScreenSize:0]]
[2019.04.11-14.46.40:375][  0]LogConfig: Applying CVar settings from Section [EffectsQuality@3] File [C:/Users/james/Desktop/Processes for OOS/COP4331-Project/ScaryMaze/Saved/Config/Windows/Scalability.ini]
[2019.04.11-14.46.40:375][  0]LogConfig: Setting CVar [[r.TranslucencyLightingVolumeDim:64]]
[2019.04.11-14.46.40:376][  0]LogConfig: Setting CVar [[r.RefractionQuality:2]]
[2019.04.11-14.46.40:376][  0]LogConfig: Setting CVar [[r.SSR.Quality:3]]
[2019.04.11-14.46.40:376][  0]LogConfig: Setting CVar [[r.SceneColorFormat:4]]
[2019.04.11-14.46.40:376][  0]LogConfig: Setting CVar [[r.DetailMode:2]]
[2019.04.11-14.46.40:376][  0]LogConfig: Setting CVar [[r.TranslucencyVolumeBlur:1]]
[2019.04.11-14.46.40:376][  0]LogConfig: Setting CVar [[r.MaterialQualityLevel:1 ; High quality]]
[2019.04.11-14.46.40:376][  0]LogConfig: Setting CVar [[r.SSS.Scale:1]]
[2019.04.11-14.46.40:376][  0]LogConfig: Setting CVar [[r.SSS.SampleSet:2]]
[2019.04.11-14.46.40:376][  0]LogConfig: Setting CVar [[r.SSS.Quality:1]]
[2019.04.11-14.46.40:376][  0]LogConfig: Setting CVar [[r.SSS.HalfRes:1]]
[2019.04.11-14.46.40:376][  0]LogConfig: Setting CVar [[r.EmitterSpawnRateScale:1.0]]
[2019.04.11-14.46.40:376][  0]LogConfig: Setting CVar [[r.ParticleLightQuality:2]]
[2019.04.11-14.46.40:376][  0]LogConfig: Applying CVar settings from Section [FoliageQuality@3] File [C:/Users/james/Desktop/Processes for OOS/COP4331-Project/ScaryMaze/Saved/Config/Windows/Scalability.ini]
[2019.04.11-14.46.40:376][  0]LogConfig: Setting CVar [[foliage.DensityScale:1.0]]
[2019.04.11-14.46.40:376][  0]LogConfig: Setting CVar [[grass.DensityScale:1.0]]
[2019.04.11-14.46.40:376][  0]LogInit: Selected Device Profile: [Windows]
[2019.04.11-14.46.40:377][  0]LogInit: Applying CVar settings loaded from the selected device profile: [Windows]
[2019.04.11-14.46.40:392][  0]LogHAL: Display: Platform has ~ 8 GB [8499228672 / 8589934592 / 8], which maps to Default [LargestMinGB=32, LargerMinGB=12, DefaultMinGB=8, SmallerMinGB=6, SmallestMinGB=0)
[2019.04.11-14.46.40:392][  0]LogConfig: Setting CVar [[r.Vulkan.UseRealUBs:1]]
[2019.04.11-14.46.40:392][  0]LogInit: Going up to parent DeviceProfile []
[2019.04.11-14.46.40:392][  0]LogConfig: Applying CVar settings from Section [ViewDistanceQuality@0] File [C:/Users/james/Desktop/Processes for OOS/COP4331-Project/ScaryMaze/Saved/Config/Windows/Scalability.ini]
[2019.04.11-14.46.40:392][  0]LogConfig: Setting CVar [[r.SkeletalMeshLODBias:2]]
[2019.04.11-14.46.40:393][  0]LogConfig: Setting CVar [[r.ViewDistanceScale:0.4]]
[2019.04.11-14.46.40:393][  0]LogConfig: Applying CVar settings from Section [AntiAliasingQuality@3] File [C:/Users/james/Desktop/Processes for OOS/COP4331-Project/ScaryMaze/Saved/Config/Windows/Scalability.ini]
[2019.04.11-14.46.40:393][  0]LogConfig: Setting CVar [[r.PostProcessAAQuality:4]]
[2019.04.11-14.46.40:393][  0]LogConfig: Applying CVar settings from Section [ShadowQuality@1] File [C:/Users/james/Desktop/Processes for OOS/COP4331-Project/ScaryMaze/Saved/Config/Windows/Scalability.ini]
[2019.04.11-14.46.40:393][  0]LogConfig: Setting CVar [[r.LightFunctionQuality:1]]
[2019.04.11-14.46.40:393][  0]LogConfig: Setting CVar [[r.ShadowQuality:3]]
[2019.04.11-14.46.40:393][  0]LogConfig: Setting CVar [[r.Shadow.CSM.MaxCascades:1]]
[2019.04.11-14.46.40:393][  0]LogConfig: Setting CVar [[r.Shadow.MaxResolution:1024]]
[2019.04.11-14.46.40:393][  0]LogConfig: Setting CVar [[r.Shadow.MaxCSMResolution:1024]]
[2019.04.11-14.46.40:393][  0]LogConfig: Setting CVar [[r.Shadow.RadiusThreshold:0.05]]
[2019.04.11-14.46.40:393][  0]LogConfig: Setting CVar [[r.Shadow.DistanceScale:0.7]]
[2019.04.11-14.46.40:393][  0]LogConfig: Setting CVar [[r.Shadow.CSM.TransitionScale:0.25]]
[2019.04.11-14.46.40:393][  0]LogConfig: Setting CVar [[r.Shadow.PreShadowResolutionFactor:0.5]]
[2019.04.11-14.46.40:393][  0]LogConfig: Setting CVar [[r.DistanceFieldShadowing:0]]
[2019.04.11-14.46.40:393][  0]LogConfig: Setting CVar [[r.DistanceFieldAO:0]]
[2019.04.11-14.46.40:393][  0]LogConfig: Setting CVar [[r.VolumetricFog:0]]
[2019.04.11-14.46.40:394][  0]LogConfig: Setting CVar [[r.LightMaxDrawDistanceScale:.5]]
[2019.04.11-14.46.40:394][  0]LogConfig: Setting CVar [[r.CapsuleShadows:1]]
[2019.04.11-14.46.40:394][  0]LogConfig: Applying CVar settings from Section [PostProcessQuality@2] File [C:/Users/james/Desktop/Processes for OOS/COP4331-Project/ScaryMaze/Saved/Config/Windows/Scalability.ini]
[2019.04.11-14.46.40:394][  0]LogConfig: Setting CVar [[r.MotionBlurQuality:3]]
[2019.04.11-14.46.40:394][  0]LogConfig: Setting CVar [[r.AmbientOcclusionMipLevelFactor:0.6]]
[2019.04.11-14.46.40:394][  0]LogConfig: Setting CVar [[r.AmbientOcclusionMaxQuality:100]]
[2019.04.11-14.46.40:394][  0]LogConfig: Setting CVar [[r.AmbientOcclusionLevels:-1]]
[2019.04.11-14.46.40:394][  0]LogConfig: Setting CVar [[r.AmbientOcclusionRadiusScale:1.5]]
[2019.04.11-14.46.40:394][  0]LogConfig: Setting CVar [[r.DepthOfFieldQuality:2]]
[2019.04.11-14.46.40:394][  0]LogConfig: Setting CVar [[r.RenderTargetPoolMin:400]]
[2019.04.11-14.46.40:394][  0]LogConfig: Setting CVar [[r.LensFlareQuality:2]]
[2019.04.11-14.46.40:394][  0]LogConfig: Setting CVar [[r.SceneColorFringeQuality:1]]
[2019.04.11-14.46.40:394][  0]LogConfig: Setting CVar [[r.EyeAdaptationQuality:2]]
[2019.04.11-14.46.40:394][  0]LogConfig: Setting CVar [[r.BloomQuality:5]]
[2019.04.11-14.46.40:394][  0]LogConfig: Setting CVar [[r.FastBlurThreshold:3]]
[2019.04.11-14.46.40:394][  0]LogConfig: Setting CVar [[r.Upscale.Quality:2]]
[2019.04.11-14.46.40:394][  0]LogConfig: Setting CVar [[r.Tonemapper.GrainQuantization:1]]
[2019.04.11-14.46.40:394][  0]LogConfig: Setting CVar [[r.LightShaftQuality:1]]
[2019.04.11-14.46.40:395][  0]LogConfig: Setting CVar [[r.Filter.SizeScale:0.8]]
[2019.04.11-14.46.40:395][  0]LogConfig: Setting CVar [[r.Tonemapper.Quality:5]]
[2019.04.11-14.46.40:395][  0]LogConfig: Setting CVar [[r.DOF.Gather.AccumulatorQuality:0        ; lower gathering accumulator quality]]
[2019.04.11-14.46.40:395][  0]LogConfig: Setting CVar [[r.DOF.Gather.PostfilterMethod:2          ; Max3x3 postfilering method]]
[2019.04.11-14.46.40:395][  0]LogConfig: Setting CVar [[r.DOF.Gather.EnableBokehSettings:0       ; no bokeh simulation when gathering]]
[2019.04.11-14.46.40:395][  0]LogConfig: Setting CVar [[r.DOF.Gather.RingCount:4                 ; medium number of samples when gathering]]
[2019.04.11-14.46.40:395][  0]LogConfig: Setting CVar [[r.DOF.Scatter.ForegroundCompositing:1    ; additive foreground scattering]]
[2019.04.11-14.46.40:395][  0]LogConfig: Setting CVar [[r.DOF.Scatter.BackgroundCompositing:1    ; no background occlusion]]
[2019.04.11-14.46.40:395][  0]LogConfig: Setting CVar [[r.DOF.Scatter.EnableBokehSettings:0      ; no bokeh simulation when scattering]]
[2019.04.11-14.46.40:395][  0]LogConfig: Setting CVar [[r.DOF.Scatter.MaxSpriteRatio:0.04        ; only a maximum of 4% of scattered bokeh]]
[2019.04.11-14.46.40:395][  0]LogConfig: Setting CVar [[r.DOF.Recombine.Quality:0                ; no slight out of focus]]
[2019.04.11-14.46.40:395][  0]LogConfig: Setting CVar [[r.DOF.TemporalAAQuality:0                ; faster temporal accumulation]]
[2019.04.11-14.46.40:395][  0]LogConfig: Setting CVar [[r.DOF.Kernel.MaxForegroundRadius:0.012   ; required because of AccumulatorQuality=0]]
[2019.04.11-14.46.40:395][  0]LogConfig: Setting CVar [[r.DOF.Kernel.MaxBackgroundRadius:0.012   ; required because of AccumulatorQuality=0]]
[2019.04.11-14.46.40:395][  0]LogConfig: Applying CVar settings from Section [TextureQuality@3] File [C:/Users/james/Desktop/Processes for OOS/COP4331-Project/ScaryMaze/Saved/Config/Windows/Scalability.ini]
[2019.04.11-14.46.40:395][  0]LogConfig: Setting CVar [[r.Streaming.MipBias:0]]
[2019.04.11-14.46.40:395][  0]LogConfig: Setting CVar [[r.Streaming.AmortizeCPUToGPUCopy:0]]
[2019.04.11-14.46.40:395][  0]LogConfig: Setting CVar [[r.Streaming.MaxNumTexturesToStreamPerFrame:0]]
[2019.04.11-14.46.40:396][  0]LogConfig: Setting CVar [[r.Streaming.Boost:1]]
[2019.04.11-14.46.40:396][  0]LogConfig: Setting CVar [[r.MaxAnisotropy:8]]
[2019.04.11-14.46.40:396][  0]LogConfig: Setting CVar [[r.Streaming.LimitPoolSizeToVRAM:0]]
[2019.04.11-14.46.40:396][  0]LogConfig: Setting CVar [[r.Streaming.PoolSize:1000]]
[2019.04.11-14.46.40:396][  0]LogConfig: Setting CVar [[r.Streaming.MaxEffectiveScreenSize:0]]
[2019.04.11-14.46.40:396][  0]LogConfig: Applying CVar settings from Section [EffectsQuality@1] File [C:/Users/james/Desktop/Processes for OOS/COP4331-Project/ScaryMaze/Saved/Config/Windows/Scalability.ini]
[2019.04.11-14.46.40:396][  0]LogConfig: Setting CVar [[r.TranslucencyLightingVolumeDim:32]]
[2019.04.11-14.46.40:396][  0]LogConfig: Setting CVar [[r.RefractionQuality:0]]
[2019.04.11-14.46.40:396][  0]LogConfig: Setting CVar [[r.SSR.Quality:0]]
[2019.04.11-14.46.40:396][  0]LogConfig: Setting CVar [[r.SceneColorFormat:3]]
[2019.04.11-14.46.40:396][  0]LogConfig: Setting CVar [[r.DetailMode:1]]
[2019.04.11-14.46.40:396][  0]LogConfig: Setting CVar [[r.TranslucencyVolumeBlur:0]]
[2019.04.11-14.46.40:396][  0]LogConfig: Setting CVar [[r.MaterialQualityLevel:2 ; Medium quality]]
[2019.04.11-14.46.40:396][  0]LogConfig: Setting CVar [[r.SSS.Scale:0.75]]
[2019.04.11-14.46.40:396][  0]LogConfig: Setting CVar [[r.SSS.SampleSet:0]]
[2019.04.11-14.46.40:396][  0]LogConfig: Setting CVar [[r.SSS.Quality:0]]
[2019.04.11-14.46.40:396][  0]LogConfig: Setting CVar [[r.SSS.HalfRes:1]]
[2019.04.11-14.46.40:396][  0]LogConfig: Setting CVar [[r.EmitterSpawnRateScale:0.25]]
[2019.04.11-14.46.40:397][  0]LogConfig: Setting CVar [[r.ParticleLightQuality:0]]
[2019.04.11-14.46.40:397][  0]LogConfig: Applying CVar settings from Section [FoliageQuality@0] File [C:/Users/james/Desktop/Processes for OOS/COP4331-Project/ScaryMaze/Saved/Config/Windows/Scalability.ini]
[2019.04.11-14.46.40:397][  0]LogConfig: Setting CVar [[foliage.DensityScale:0]]
[2019.04.11-14.46.40:397][  0]LogConfig: Setting CVar [[grass.DensityScale:0]]
[2019.04.11-14.46.40:397][  0]LogConfig: Applying CVar settings from Section [Startup] File [../../../Engine/Config/ConsoleVariables.ini]
[2019.04.11-14.46.40:397][  0]LogConfig: Setting CVar [[net.UseAdaptiveNetUpdateFrequency:0]]
[2019.04.11-14.46.40:398][  0]LogConfig: Applying CVar settings from Section [ConsoleVariables] File [C:/Users/james/Desktop/Processes for OOS/COP4331-Project/ScaryMaze/Saved/Config/Windows/Engine.ini]
[2019.04.11-14.46.40:398][  0]LogInit: Computer: LAPTOP-Q1QSGUBH
[2019.04.11-14.46.40:398][  0]LogInit: User: james
[2019.04.11-14.46.40:398][  0]LogInit: CPU Page size=4096, Cores=2
[2019.04.11-14.46.40:398][  0]LogInit: High frequency timer resolution =2.648441 MHz
[2019.04.11-14.46.40:399][  0]LogMemory: Memory total: Physical=7.9GB (8GB approx)
[2019.04.11-14.46.40:399][  0]LogMemory: Platform Memory Stats for Windows
[2019.04.11-14.46.40:399][  0]LogMemory: Process Physical Memory: 102.79 MB used, 102.79 MB peak
[2019.04.11-14.46.40:399][  0]LogMemory: Process Virtual Memory: 84.61 MB used, 84.61 MB peak
[2019.04.11-14.46.40:399][  0]LogMemory: Physical Memory: 4706.99 MB used,  3398.51 MB free, 8105.50 MB total
[2019.04.11-14.46.40:399][  0]LogMemory: Virtual Memory: 4628.91 MB used,  134213096.00 MB free, 134217728.00 MB total
[2019.04.11-14.46.40:543][  0]LogInit: Using OS detected language (en-US).
[2019.04.11-14.46.40:543][  0]LogInit: Using OS detected locale (en-US).
[2019.04.11-14.46.40:545][  0]LogTextLocalizationManager: No specific localization for 'en-US' exists, so the 'en' localization will be used.
[2019.04.11-14.46.41:049][  0]LogStreaming: Display: Took  0.506s to InitEngineTextLocalization.
[2019.04.11-14.46.41:049][  0]LogInit: Setting process to per monitor DPI aware
[2019.04.11-14.46.41:116][  0]LogSlate: New Slate User Created.  User Index 0, Is Virtual User: 0
[2019.04.11-14.46.41:116][  0]LogSlate: Slate User Registered.  User Index 0, Is Virtual User: 0
[2019.04.11-14.46.41:504][  0]LogHMD: Failed to initialize OpenVR with code 110
[2019.04.11-14.46.41:504][  0]LogD3D11RHI: D3D11 adapters:
[2019.04.11-14.46.41:961][  0]LogD3D11RHI:    0. 'NVIDIA GeForce 920MX' (Feature Level 11_0)
[2019.04.11-14.46.41:961][  0]LogD3D11RHI:       2010/0/4052 MB DedicatedVideo/DedicatedSystem/SharedSystem, Outputs:1, VendorId:0x10de
[2019.04.11-14.46.41:987][  0]LogD3D11RHI:    1. 'Intel(R) HD Graphics 620' (Feature Level 11_0)
[2019.04.11-14.46.41:987][  0]LogD3D11RHI:       128/0/4052 MB DedicatedVideo/DedicatedSystem/SharedSystem, Outputs:0, VendorId:0x8086
[2019.04.11-14.46.41:995][  0]LogD3D11RHI:    2. 'Microsoft Basic Render Driver' (Feature Level 11_0)
[2019.04.11-14.46.41:995][  0]LogD3D11RHI:       0/0/4052 MB DedicatedVideo/DedicatedSystem/SharedSystem, Outputs:0, VendorId:0x1414
[2019.04.11-14.46.41:995][  0]LogD3D11RHI: Chosen D3D11 Adapter: 0
[2019.04.11-14.46.42:028][  0]LogD3D11RHI: Creating new Direct3DDevice
[2019.04.11-14.46.42:028][  0]LogD3D11RHI:     GPU DeviceId: 0x134f (for the marketing name, search the web for "GPU Device Id")
[2019.04.11-14.46.42:028][  0]LogWindows: EnumDisplayDevices:
[2019.04.11-14.46.42:028][  0]LogWindows:    0. 'Intel(R) HD Graphics 620' (P:1 D:1)
[2019.04.11-14.46.42:029][  0]LogWindows:    1. 'Intel(R) HD Graphics 620' (P:0 D:0)
[2019.04.11-14.46.42:030][  0]LogWindows:    2. 'Intel(R) HD Graphics 620' (P:0 D:0)
[2019.04.11-14.46.42:030][  0]LogWindows: DebugString: PrimaryIsNotTheChoosenAdapter PrimaryIsNotTheChoosenAdapter PrimaryIsNotTheChoosenAdapter FoundDriverCount:0 
[2019.04.11-14.46.42:030][  0]LogD3D11RHI:     Adapter Name: NVIDIA GeForce 920MX
[2019.04.11-14.46.42:030][  0]LogD3D11RHI:   Driver Version: Unknown (internal:Unknown, unified:Unknown)
[2019.04.11-14.46.42:030][  0]LogD3D11RHI:      Driver Date: Unknown
[2019.04.11-14.46.42:030][  0]LogRHI: Texture pool is 1407 MB (70% of 2010 MB)
[2019.04.11-14.46.42:078][  0]LogD3D11RHI: Async texture creation enabled
[2019.04.11-14.46.42:097][  0]LogD3D11RHI: GPU Timing Frequency: 1000.000000 (Debug: 2 2)
[2019.04.11-14.46.42:563][  0]LogTemp: Display: Loaded TP AllDesktopTargetPlatform
[2019.04.11-14.46.42:582][  0]LogTemp: Display: Loaded TP MacClientTargetPlatform
[2019.04.11-14.46.42:601][  0]LogTemp: Display: Loaded TP MacNoEditorTargetPlatform
[2019.04.11-14.46.42:621][  0]LogTemp: Display: Loaded TP MacServerTargetPlatform
[2019.04.11-14.46.42:642][  0]LogTemp: Display: Loaded TP MacTargetPlatform
[2019.04.11-14.46.42:660][  0]LogTemp: Display: Loaded TP WindowsClientTargetPlatform
[2019.04.11-14.46.42:685][  0]LogTemp: Display: Loaded TP WindowsNoEditorTargetPlatform
[2019.04.11-14.46.42:716][  0]LogTemp: Display: Loaded TP WindowsServerTargetPlatform
[2019.04.11-14.46.42:732][  0]LogTemp: Display: Loaded TP WindowsTargetPlatform
[2019.04.11-14.46.42:852][  0]LogTemp: Display: Loaded TP AndroidTargetPlatform
[2019.04.11-14.46.42:852][  0]LogTemp: Display: Loaded TP AndroidTargetPlatform
[2019.04.11-14.46.42:852][  0]LogTemp: Display: Loaded TP AndroidTargetPlatform
[2019.04.11-14.46.42:852][  0]LogTemp: Display: Loaded TP AndroidTargetPlatform
[2019.04.11-14.46.42:852][  0]LogTemp: Display: Loaded TP AndroidTargetPlatform
[2019.04.11-14.46.42:852][  0]LogTemp: Display: Loaded TP AndroidTargetPlatform
[2019.04.11-14.46.42:852][  0]LogTemp: Display: Loaded TP AndroidTargetPlatform
[2019.04.11-14.46.42:853][  0]LogTemp: Display: Loaded TP AndroidTargetPlatform
[2019.04.11-14.46.42:853][  0]LogTemp: Display: Loaded TP AndroidTargetPlatform
[2019.04.11-14.46.42:853][  0]LogTemp: Display: Loaded TP AndroidTargetPlatform
[2019.04.11-14.46.42:853][  0]LogTemp: Display: Loaded TP AndroidTargetPlatform
[2019.04.11-14.46.42:853][  0]LogTemp: Display: Loaded TP AndroidTargetPlatform
[2019.04.11-14.46.42:853][  0]LogTemp: Display: Loaded TP AndroidTargetPlatform
[2019.04.11-14.46.42:853][  0]LogTemp: Display: Loaded TP AndroidTargetPlatform
[2019.04.11-14.46.42:853][  0]LogTemp: Display: Loaded TP AndroidTargetPlatform
[2019.04.11-14.46.42:853][  0]LogTemp: Display: Loaded TP AndroidTargetPlatform
[2019.04.11-14.46.42:853][  0]LogTemp: Display: Loaded TP AndroidTargetPlatform
[2019.04.11-14.46.42:853][  0]LogTemp: Display: Loaded TP AndroidTargetPlatform
[2019.04.11-14.46.42:859][  0]LogTemp: Display: Loaded TP HTML5TargetPlatform
[2019.04.11-14.46.42:949][  0]LogTemp: Display: Loaded TP IOSTargetPlatform
[2019.04.11-14.46.42:949][  0]LogTemp: Display: Loaded TP IOSTargetPlatform
[2019.04.11-14.46.42:984][  0]LogTemp: Display: Loaded TP TVOSTargetPlatform
[2019.04.11-14.46.42:984][  0]LogTemp: Display: Loaded TP TVOSTargetPlatform
[2019.04.11-14.46.43:006][  0]LogTemp: Display: Loaded TP LinuxClientTargetPlatform
[2019.04.11-14.46.43:026][  0]LogTemp: Display: Loaded TP LinuxNoEditorTargetPlatform
[2019.04.11-14.46.43:049][  0]LogTemp: Display: Loaded TP LinuxServerTargetPlatform
[2019.04.11-14.46.43:071][  0]LogTemp: Display: Loaded TP LinuxTargetPlatform
[2019.04.11-14.46.43:139][  0]LogTemp: Display: Loaded TP LuminTargetPlatform
[2019.04.11-14.46.43:139][  0]LogTemp: Display: Loaded TP LuminTargetPlatform
[2019.04.11-14.46.43:139][  0]LogTargetPlatformManager: Display: Building Assets For Windows
[2019.04.11-14.46.43:320][  0]LogShaderCompilers: Guid format shader working directory is -36 characters bigger than the processId version (../../../../../../Users/james/Desktop/Processes for OOS/COP4331-Project/ScaryMaze/Intermediate/Shaders/WorkingDirectory/12864/).
[2019.04.11-14.46.43:321][  0]LogShaderCompilers: Cleaned the shader compiler working directory 'C:/Users/james/AppData/Local/Temp/UnrealShaderWorkingDir/B80CD1EA4E87571BEF8B4BA4EE4B19C7/'.
[2019.04.11-14.46.43:324][  0]LogXGEController: Cleaning working directory: C:/Users/james/AppData/Local/Temp/UnrealXGEWorkingDir/
[2019.04.11-14.46.43:325][  0]LogXGEController: Cannot use XGE Controller as Incredibuild is not installed on this machine.
[2019.04.11-14.46.43:325][  0]LogShaderCompilers: Cannot use XGE Shader Compiler as Incredibuild is not installed on this machine.
[2019.04.11-14.46.43:325][  0]LogShaderCompilers: Display: Using Local Shader Compiler.
[2019.04.11-14.46.43:951][  0]LogDerivedDataCache: Display: Max Cache Size: 512 MB
[2019.04.11-14.46.44:061][  0]LogDerivedDataCache: Loaded boot cache 0.11s 124MB C:/Users/james/AppData/Local/UnrealEngine/4.21/DerivedDataCache/Boot.ddc.
[2019.04.11-14.46.44:061][  0]LogDerivedDataCache: Display: Loaded Boot cache: C:/Users/james/AppData/Local/UnrealEngine/4.21/DerivedDataCache/Boot.ddc
[2019.04.11-14.46.44:062][  0]LogDerivedDataCache: FDerivedDataBackendGraph:  Pak pak cache file ../../../../../../Users/james/Desktop/Processes for OOS/COP4331-Project/ScaryMaze/DerivedDataCache/DDC.ddp not found, will not use a pak cache.
[2019.04.11-14.46.44:062][  0]LogDerivedDataCache: Unable to find inner node Pak for hierarchical cache Hierarchy.
[2019.04.11-14.46.44:062][  0]LogDerivedDataCache: FDerivedDataBackendGraph:  CompressedPak pak cache file ../../../../../../Users/james/Desktop/Processes for OOS/COP4331-Project/ScaryMaze/DerivedDataCache/Compressed.ddp not found, will not use a pak cache.
[2019.04.11-14.46.44:062][  0]LogDerivedDataCache: Unable to find inner node CompressedPak for hierarchical cache Hierarchy.
[2019.04.11-14.46.44:080][  0]LogDerivedDataCache: Display: Pak cache opened for reading ../../../Engine/DerivedDataCache/Compressed.ddp.
[2019.04.11-14.46.44:080][  0]LogDerivedDataCache: FDerivedDataBackendGraph:  EnterprisePak pak cache file ../../../Enterprise/DerivedDataCache/Compressed.ddp not found, will not use a pak cache.
[2019.04.11-14.46.44:080][  0]LogDerivedDataCache: Unable to find inner node EnterprisePak for hierarchical cache Hierarchy.
[2019.04.11-14.46.44:094][  0]LogDerivedDataCache: Using Local data cache path C:/Users/james/AppData/Local/UnrealEngine/Common/DerivedDataCache: Writable
[2019.04.11-14.46.44:094][  0]LogDerivedDataCache: Shared data cache path not found in *engine.ini, will not use an Shared cache.
[2019.04.11-14.46.44:094][  0]LogDerivedDataCache: Unable to find inner node Shared for hierarchical cache Hierarchy.
[2019.04.11-14.46.44:120][  0]LogMaterial: Verifying Global Shaders for PCD3D_SM5
[2019.04.11-14.46.44:122][  0]LogSlate: Using FreeType 2.6.0
[2019.04.11-14.46.44:123][  0]LogSlate: SlateFontServices - WITH_FREETYPE: 1, WITH_HARFBUZZ: 1
[2019.04.11-14.46.44:235][  0]LogAssetRegistry: FAssetRegistry took 0.0379 seconds to start up
[2019.04.11-14.46.44:724][  0]LogInit: Selected Device Profile: [Windows]
[2019.04.11-14.46.44:970][  0]LogSimplygon: Simplygon DLL not present - disabling.
[2019.04.11-14.46.44:985][  0]LogMeshReduction: Using SimplygonSwarm for distributed automatic mesh merging
[2019.04.11-14.46.44:985][  0]LogMeshReduction: Using ProxyLODMeshReduction for automatic mesh merging
[2019.04.11-14.46.44:985][  0]LogMeshReduction: Using QuadricMeshReduction for automatic static mesh reduction
[2019.04.11-14.46.44:985][  0]LogMeshReduction: No automatic skeletal mesh reduction module available
[2019.04.11-14.46.45:003][  0]LogNetVersion: ScaryMaze 1.0.0, NetCL: 4541578, EngineNetVer: 5, GameNetVer: 0 (Checksum: 3370334168)
[2019.04.11-14.46.45:692][  0]LogPackageLocalizationCache: Processed 11 localized package path(s) for 2 prioritized culture(s) in 0.137117 seconds
[2019.04.11-14.46.45:699][  0]LogUObjectArray: 39775 objects as part of root set at end of initial load.
[2019.04.11-14.46.45:699][  0]LogUObjectAllocator: 6914656 out of 0 bytes used by permanent object pool.
[2019.04.11-14.46.45:699][  0]LogUObjectArray: CloseDisregardForGC: 0/0 objects in disregard for GC pool
[2019.04.11-14.46.47:059][  0]LogTcpMessaging: Initializing TcpMessaging bridge
[2019.04.11-14.46.47:078][  0]LogUdpMessaging: Initializing bridge on interface 0.0.0.0:0 to multicast group 230.0.0.1:6666.
[2019.04.11-14.46.48:258][  0]LogBlueprint: Warning: Node '/Game/MixamoAnimPack/MixamoCharacter_Master.MixamoCharacter_Master:EdGraph_0.K2Node_FunctionEntry_19' missing NodeGuid because of upgrade from old package version, this can cause deterministic cooking issues please resave package.
[2019.04.11-14.46.48:851][  0]LogBlueprint: Warning: Node '/Game/MixamoAnimPack/MixamoCharacter_Master.MixamoCharacter_Master:EventGraph.EdGraphNode_Comment_93' missing NodeGuid because of upgrade from old package version, this can cause deterministic cooking issues please resave package.
[2019.04.11-14.46.48:851][  0]LogBlueprint: Warning: Node '/Game/MixamoAnimPack/MixamoCharacter_Master.MixamoCharacter_Master:EventGraph.K2Node_Comment_1' missing NodeGuid because of upgrade from old package version, this can cause deterministic cooking issues please resave package.
[2019.04.11-14.46.48:851][  0]LogBlueprint: Warning: Node '/Game/MixamoAnimPack/MixamoCharacter_Master.MixamoCharacter_Master:EventGraph.K2Node_Comment_39' missing NodeGuid because of upgrade from old package version, this can cause deterministic cooking issues please resave package.
[2019.04.11-14.46.48:852][  0]LogBlueprint: Warning: Node '/Game/MixamoAnimPack/MixamoCharacter_Master.MixamoCharacter_Master:EventGraph.K2Node_Comment_56' missing NodeGuid because of upgrade from old package version, this can cause deterministic cooking issues please resave package.
[2019.04.11-14.46.48:853][  0]LogBlueprint: Warning: Node '/Game/MixamoAnimPack/MixamoCharacter_Master.MixamoCharacter_Master:EventGraph.K2Node_CallFunction_108971' missing NodeGuid because of upgrade from old package version, this can cause deterministic cooking issues please resave package.
[2019.04.11-14.46.48:853][  0]LogBlueprint: Warning: Node '/Game/MixamoAnimPack/MixamoCharacter_Master.MixamoCharacter_Master:EventGraph.K2Node_CallFunction_112027' missing NodeGuid because of upgrade from old package version, this can cause deterministic cooking issues please resave package.
[2019.04.11-14.46.48:853][  0]LogBlueprint: Warning: Node '/Game/MixamoAnimPack/MixamoCharacter_Master.MixamoCharacter_Master:EventGraph.K2Node_CallFunction_20844' missing NodeGuid because of upgrade from old package version, this can cause deterministic cooking issues please resave package.
[2019.04.11-14.46.48:853][  0]LogBlueprint: Warning: Node '/Game/MixamoAnimPack/MixamoCharacter_Master.MixamoCharacter_Master:EventGraph.K2Node_CallFunction_21305' missing NodeGuid because of upgrade from old package version, this can cause deterministic cooking issues please resave package.
[2019.04.11-14.46.48:854][  0]LogBlueprint: Warning: Node '/Game/MixamoAnimPack/MixamoCharacter_Master.MixamoCharacter_Master:EventGraph.K2Node_CallFunction_3716' missing NodeGuid because of upgrade from old package version, this can cause deterministic cooking issues please resave package.
[2019.04.11-14.46.48:854][  0]LogBlueprint: Warning: Node '/Game/MixamoAnimPack/MixamoCharacter_Master.MixamoCharacter_Master:EventGraph.K2Node_CallFunction_4184' missing NodeGuid because of upgrade from old package version, this can cause deterministic cooking issues please resave package.
[2019.04.11-14.46.48:854][  0]LogBlueprint: Warning: Node '/Game/MixamoAnimPack/MixamoCharacter_Master.MixamoCharacter_Master:EventGraph.K2Node_CallFunction_4223' missing NodeGuid because of upgrade from old package version, this can cause deterministic cooking issues please resave package.
[2019.04.11-14.46.48:854][  0]LogBlueprint: Warning: Node '/Game/MixamoAnimPack/MixamoCharacter_Master.MixamoCharacter_Master:EventGraph.K2Node_CallFunction_4678' missing NodeGuid because of upgrade from old package version, this can cause deterministic cooking issues please resave package.
[2019.04.11-14.46.48:854][  0]LogBlueprint: Warning: Node '/Game/MixamoAnimPack/MixamoCharacter_Master.MixamoCharacter_Master:EventGraph.K2Node_CallFunction_61214' missing NodeGuid because of upgrade from old package version, this can cause deterministic cooking issues please resave package.
[2019.04.11-14.46.48:854][  0]LogBlueprint: Warning: Node '/Game/MixamoAnimPack/MixamoCharacter_Master.MixamoCharacter_Master:EventGraph.K2Node_CallFunction_61534' missing NodeGuid because of upgrade from old package version, this can cause deterministic cooking issues please resave package.
[2019.04.11-14.46.48:854][  0]LogBlueprint: Warning: Node '/Game/MixamoAnimPack/MixamoCharacter_Master.MixamoCharacter_Master:EventGraph.K2Node_CallFunction_65164' missing NodeGuid because of upgrade from old package version, this can cause deterministic cooking issues please resave package.
[2019.04.11-14.46.48:854][  0]LogBlueprint: Warning: Node '/Game/MixamoAnimPack/MixamoCharacter_Master.MixamoCharacter_Master:EventGraph.K2Node_CallFunction_7346' missing NodeGuid because of upgrade from old package version, this can cause deterministic cooking issues please resave package.
[2019.04.11-14.46.48:854][  0]LogBlueprint: Warning: Node '/Game/MixamoAnimPack/MixamoCharacter_Master.MixamoCharacter_Master:EventGraph.K2Node_CallFunction_8160' missing NodeGuid because of upgrade from old package version, this can cause deterministic cooking issues please resave package.
[2019.04.11-14.46.48:855][  0]LogBlueprint: Warning: Node '/Game/MixamoAnimPack/MixamoCharacter_Master.MixamoCharacter_Master:EventGraph.K2Node_CallFunction_8427' missing NodeGuid because of upgrade from old package version, this can cause deterministic cooking issues please resave package.
[2019.04.11-14.46.48:855][  0]LogBlueprint: Warning: Node '/Game/MixamoAnimPack/MixamoCharacter_Master.MixamoCharacter_Master:EventGraph.K2Node_CallFunction_8733' missing NodeGuid because of upgrade from old package version, this can cause deterministic cooking issues please resave package.
[2019.04.11-14.46.48:855][  0]LogBlueprint: Warning: Node '/Game/MixamoAnimPack/MixamoCharacter_Master.MixamoCharacter_Master:EventGraph.K2Node_CallFunction_87421' missing NodeGuid because of upgrade from old package version, this can cause deterministic cooking issues please resave package.
[2019.04.11-14.46.48:855][  0]LogBlueprint: Warning: Node '/Game/MixamoAnimPack/MixamoCharacter_Master.MixamoCharacter_Master:EventGraph.K2Node_CallFunction_8781' missing NodeGuid because of upgrade from old package version, this can cause deterministic cooking issues please resave package.
[2019.04.11-14.46.48:855][  0]LogBlueprint: Warning: Node '/Game/MixamoAnimPack/MixamoCharacter_Master.MixamoCharacter_Master:EventGraph.K2Node_CommutativeAssociativeBinaryOperator_153' missing NodeGuid because of upgrade from old package version, this can cause deterministic cooking issues please resave package.
[2019.04.11-14.46.48:855][  0]LogBlueprint: Warning: Node '/Game/MixamoAnimPack/MixamoCharacter_Master.MixamoCharacter_Master:EventGraph.K2Node_CommutativeAssociativeBinaryOperator_155' missing NodeGuid because of upgrade from old package version, this can cause deterministic cooking issues please resave package.
[2019.04.11-14.46.48:856][  0]LogBlueprint: Warning: Node '/Game/MixamoAnimPack/MixamoCharacter_Master.MixamoCharacter_Master:EventGraph.K2Node_DynamicCast_179' missing NodeGuid because of upgrade from old package version, this can cause deterministic cooking issues please resave package.
[2019.04.11-14.46.48:857][  0]LogBlueprint: Warning: Node '/Game/MixamoAnimPack/MixamoCharacter_Master.MixamoCharacter_Master:UserConstructionScript.K2Node_FunctionEntry_19' missing NodeGuid because of upgrade from old package version, this can cause deterministic cooking issues please resave package.
[2019.04.11-14.46.48:857][  0]LogBlueprint: Warning: Node '/Game/MixamoAnimPack/MixamoCharacter_Master.MixamoCharacter_Master:EventGraph.K2Node_IfThenElse_203' missing NodeGuid because of upgrade from old package version, this can cause deterministic cooking issues please resave package.
[2019.04.11-14.46.48:858][  0]LogBlueprint: Warning: Node '/Game/MixamoAnimPack/MixamoCharacter_Master.MixamoCharacter_Master:EventGraph.K2Node_IfThenElse_27' missing NodeGuid because of upgrade from old package version, this can cause deterministic cooking issues please resave package.
[2019.04.11-14.46.48:858][  0]LogBlueprint: Warning: Node '/Game/MixamoAnimPack/MixamoCharacter_Master.MixamoCharacter_Master:EventGraph.K2Node_IfThenElse_41' missing NodeGuid because of upgrade from old package version, this can cause deterministic cooking issues please resave package.
[2019.04.11-14.46.48:858][  0]LogBlueprint: Warning: Node '/Game/MixamoAnimPack/MixamoCharacter_Master.MixamoCharacter_Master:EventGraph.K2Node_InputAction_52' missing NodeGuid because of upgrade from old package version, this can cause deterministic cooking issues please resave package.
[2019.04.11-14.46.48:858][  0]LogBlueprint: Warning: Node '/Game/MixamoAnimPack/MixamoCharacter_Master.MixamoCharacter_Master:EventGraph.K2Node_InputAxisEvent_1058' missing NodeGuid because of upgrade from old package version, this can cause deterministic cooking issues please resave package.
[2019.04.11-14.46.48:858][  0]LogBlueprint: Warning: Node '/Game/MixamoAnimPack/MixamoCharacter_Master.MixamoCharacter_Master:EventGraph.K2Node_InputAxisEvent_1657' missing NodeGuid because of upgrade from old package version, this can cause deterministic cooking issues please resave package.
[2019.04.11-14.46.48:858][  0]LogBlueprint: Warning: Node '/Game/MixamoAnimPack/MixamoCharacter_Master.MixamoCharacter_Master:EventGraph.K2Node_InputAxisEvent_43' missing NodeGuid because of upgrade from old package version, this can cause deterministic cooking issues please resave package.
[2019.04.11-14.46.48:858][  0]LogBlueprint: Warning: Node '/Game/MixamoAnimPack/MixamoCharacter_Master.MixamoCharacter_Master:EventGraph.K2Node_InputAxisEvent_50' missing NodeGuid because of upgrade from old package version, this can cause deterministic cooking issues please resave package.
[2019.04.11-14.46.48:859][  0]LogBlueprint: Warning: Node '/Game/MixamoAnimPack/MixamoCharacter_Master.MixamoCharacter_Master:EventGraph.K2Node_InputAxisEvent_55' missing NodeGuid because of upgrade from old package version, this can cause deterministic cooking issues please resave package.
[2019.04.11-14.46.48:859][  0]LogBlueprint: Warning: Node '/Game/MixamoAnimPack/MixamoCharacter_Master.MixamoCharacter_Master:EventGraph.K2Node_InputAxisEvent_86' missing NodeGuid because of upgrade from old package version, this can cause deterministic cooking issues please resave package.
[2019.04.11-14.46.48:859][  0]LogBlueprint: Warning: Node '/Game/MixamoAnimPack/MixamoCharacter_Master.MixamoCharacter_Master:EventGraph.K2Node_InputKey_17975' missing NodeGuid because of upgrade from old package version, this can cause deterministic cooking issues please resave package.
[2019.04.11-14.46.48:860][  0]LogBlueprint: Warning: Node '/Game/MixamoAnimPack/MixamoCharacter_Master.MixamoCharacter_Master:EventGraph.K2Node_VariableGet_1700' missing NodeGuid because of upgrade from old package version, this can cause deterministic cooking issues please resave package.
[2019.04.11-14.46.48:860][  0]LogBlueprint: Warning: Node '/Game/MixamoAnimPack/MixamoCharacter_Master.MixamoCharacter_Master:EventGraph.K2Node_VariableGet_174' missing NodeGuid because of upgrade from old package version, this can cause deterministic cooking issues please resave package.
[2019.04.11-14.46.48:860][  0]LogBlueprint: Warning: Node '/Game/MixamoAnimPack/MixamoCharacter_Master.MixamoCharacter_Master:EventGraph.K2Node_VariableGet_190' missing NodeGuid because of upgrade from old package version, this can cause deterministic cooking issues please resave package.
[2019.04.11-14.46.48:860][  0]LogBlueprint: Warning: Node '/Game/MixamoAnimPack/MixamoCharacter_Master.MixamoCharacter_Master:EventGraph.K2Node_VariableGet_91' missing NodeGuid because of upgrade from old package version, this can cause deterministic cooking issues please resave package.
[2019.04.11-14.46.48:860][  0]LogBlueprint: Warning: Node '/Game/MixamoAnimPack/MixamoCharacter_Master.MixamoCharacter_Master:EventGraph.K2Node_VariableGet_93' missing NodeGuid because of upgrade from old package version, this can cause deterministic cooking issues please resave package.
[2019.04.11-14.46.48:860][  0]LogBlueprint: Warning: Node '/Game/MixamoAnimPack/MixamoCharacter_Master.MixamoCharacter_Master:EventGraph.K2Node_VariableSet_1333' missing NodeGuid because of upgrade from old package version, this can cause deterministic cooking issues please resave package.
[2019.04.11-14.46.48:861][  0]LogBlueprint: Warning: Node '/Game/MixamoAnimPack/MixamoCharacter_Master.MixamoCharacter_Master:EventGraph.K2Node_VariableSet_1684' missing NodeGuid because of upgrade from old package version, this can cause deterministic cooking issues please resave package.
[2019.04.11-14.46.48:861][  0]LogBlueprint: Warning: Node '/Game/MixamoAnimPack/MixamoCharacter_Master.MixamoCharacter_Master:EventGraph.K2Node_VariableSet_1685' missing NodeGuid because of upgrade from old package version, this can cause deterministic cooking issues please resave package.
[2019.04.11-14.46.48:861][  0]LogBlueprint: Warning: Node '/Game/MixamoAnimPack/MixamoCharacter_Master.MixamoCharacter_Master:EventGraph.K2Node_VariableSet_660' missing NodeGuid because of upgrade from old package version, this can cause deterministic cooking issues please resave package.
[2019.04.11-14.46.48:862][  0]LogBlueprint: Warning: Node '/Game/MixamoAnimPack/MixamoCharacter_Master.MixamoCharacter_Master:EventGraph.K2Node_VariableSet_803' missing NodeGuid because of upgrade from old package version, this can cause deterministic cooking issues please resave package.
[2019.04.11-14.46.48:862][  0]LogBlueprint: Warning: Node '/Game/MixamoAnimPack/MixamoCharacter_Master.MixamoCharacter_Master:EventGraph.K2Node_VariableSet_850' missing NodeGuid because of upgrade from old package version, this can cause deterministic cooking issues please resave package.
[2019.04.11-14.46.49:406][  0]SourceControl: Source control is disabled
[2019.04.11-14.46.49:406][  0]SourceControl: Source control is disabled
[2019.04.11-14.46.49:412][  0]SourceControl: Source control is disabled
[2019.04.11-14.46.49:417][  0]SourceControl: Source control is disabled
[2019.04.11-14.46.49:787][  0]LogAndroidPermission: UAndroidPermissionCallbackProxy::GetInstance
[2019.04.11-14.46.49:931][  0]LogOcInput: OculusInput pre-init called
[2019.04.11-14.46.50:122][  0]LogEngine: Initializing Engine...
[2019.04.11-14.46.50:124][  0]LogHMD: Failed to initialize OpenVR with code 110
[2019.04.11-14.46.50:125][  0]LogStats: UGameplayTagsManager::ConstructGameplayTagTree: ImportINI prefixes -  0.000 s
[2019.04.11-14.46.50:125][  0]LogStats: UGameplayTagsManager::ConstructGameplayTagTree: Construct from data asset -  0.000 s
[2019.04.11-14.46.50:126][  0]LogStats: UGameplayTagsManager::ConstructGameplayTagTree: ImportINI -  0.000 s
[2019.04.11-14.46.50:126][  0]LogStats: UGameplayTagsManager::ConstructGameplayTagTree: GameplayTagTreeChangedEvent.Broadcast -  0.000 s
[2019.04.11-14.46.50:412][  0]LogInit: Initializing FReadOnlyCVARCache
[2019.04.11-14.46.50:441][  0]LogAIModule: Creating AISystem for world Untitled
[2019.04.11-14.46.50:464][  0]LogInit: XAudio2 using 'Speakers (Realtek High Definition Audio)' : 2 channels at 48 kHz using 16 bits per sample (channel mask 0x3)
[2019.04.11-14.46.50:526][  0]LogInit: FAudioDevice initialized.
[2019.04.11-14.46.50:526][  0]LogNetVersion: Set ProjectVersion to 1.0.0.0. Version Checksum will be recalculated on next use.
[2019.04.11-14.46.51:123][  0]LogDerivedDataCache: Saved boot cache 0.60s 124MB C:/Users/james/AppData/Local/UnrealEngine/4.21/DerivedDataCache/Boot.ddc.
[2019.04.11-14.46.51:137][  0]LogInit: Texture streaming: Enabled
[2019.04.11-14.46.51:191][  0]LogEngineSessionManager: EngineSessionManager initialized
[2019.04.11-14.46.51:192][  0]LogEngineSessionManager: EngineSessionManager sent abnormal shutdown report. Type=Debugger, SessionId={7E5C5A43-4ADE-B1C9-921F-C09E76433571}
[2019.04.11-14.46.51:212][  0]LogInit: Transaction tracking system initialized
[2019.04.11-14.46.51:276][  0]BlueprintLog: New page: Editor Load
[2019.04.11-14.46.51:683][  0]LocalizationService: Localization service is disabled
[2019.04.11-14.46.53:105][  0]LogFileCache: Scanning file cache for directory 'C:/Users/james/Desktop/Processes for OOS/COP4331-Project/ScaryMaze/Content/' took 0.05s
[2019.04.11-14.46.53:105][  0]LogCook: Display: Max memory allowance for cook 16384mb min free memory 0mb
[2019.04.11-14.46.53:105][  0]LogCook: Display: Mobile HDR setting 1
[2019.04.11-14.46.53:105][  0]LogGameplayTags: Display: UGameplayTagsManager::DoneAddingNativeTags. DelegateIsBound: 0
[2019.04.11-14.46.53:105][  0]LogStats: UGameplayTagsManager::ConstructGameplayTagTree: ImportINI prefixes -  0.000 s
[2019.04.11-14.46.53:105][  0]LogStats: UGameplayTagsManager::ConstructGameplayTagTree: Construct from data asset -  0.000 s
[2019.04.11-14.46.53:106][  0]LogStats: UGameplayTagsManager::ConstructGameplayTagTree: ImportINI -  0.000 s
[2019.04.11-14.46.53:106][  0]LogStats: UGameplayTagsManager::ConstructGameplayTagTree: GameplayTagTreeChangedEvent.Broadcast -  0.000 s
[2019.04.11-14.46.53:453][  0]SourceControl: Source control is disabled
[2019.04.11-14.46.53:453][  0]Cmd: MAP LOAD FILE="../../../../../../Users/james/Desktop/Processes for OOS/COP4331-Project/ScaryMaze/Content/MainMenuLevel.umap" TEMPLATE=0 SHOWPROGRESS=1 FEATURELEVEL=3
[2019.04.11-14.46.53:454][  0]LightingResults: New page: Lighting Build
[2019.04.11-14.46.53:460][  0]MapCheck: New page: Map Check
[2019.04.11-14.46.53:461][  0]LightingResults: New page: Lighting Build
[2019.04.11-14.46.53:539][  0]LogAIModule: Creating AISystem for world MainMenuLevel
[2019.04.11-14.46.53:560][  0]LogEditorServer: Finished looking for orphan Actors (0.000 secs)
[2019.04.11-14.46.53:600][  0]Cmd: MAP CHECKDEP NOCLEARLOG
[2019.04.11-14.46.53:606][  0]MapCheck: Map check complete: 0 Error(s), 0 Warning(s), took 0.31ms to complete.
[2019.04.11-14.46.53:606][  0]LogFileHelpers: Loading map 'MainMenuLevel' took 0.153
[2019.04.11-14.46.53:807][  0]LogSlate: Updating window title bar state: overlay mode, drag disabled, window buttons hidden, title bar hidden
[2019.04.11-14.46.53:816][  0]LogSlate: Updating window title bar state: overlay mode, drag disabled, window buttons hidden, title bar hidden
[2019.04.11-14.46.53:826][  0]LogSlate: Updating window title bar state: overlay mode, drag disabled, window buttons hidden, title bar hidden
[2019.04.11-14.46.53:837][  0]LogSlate: Updating window title bar state: overlay mode, drag disabled, window buttons hidden, title bar hidden
[2019.04.11-14.46.53:851][  0]LogCollectionManager: Loaded 0 collections in 0.003652 seconds
[2019.04.11-14.46.53:887][  0]LogFileCache: Scanning file cache for directory 'C:/Users/james/Desktop/Processes for OOS/COP4331-Project/ScaryMaze/Saved/Collections/' took 0.01s
[2019.04.11-14.46.53:888][  0]LogFileCache: Scanning file cache for directory 'C:/Users/james/Desktop/Processes for OOS/COP4331-Project/ScaryMaze/Content/Developers/james/Collections/' took 0.01s
[2019.04.11-14.46.53:888][  0]LogFileCache: Scanning file cache for directory 'C:/Users/james/Desktop/Processes for OOS/COP4331-Project/ScaryMaze/Content/Collections/' took 0.00s
[2019.04.11-14.46.53:888][  0]LogCollectionManager: Rebuilt the GUID cache for 0 collections in 0.000000 seconds
[2019.04.11-14.46.53:899][  0]LogContentBrowser: Native class hierarchy populated in 0.0108 seconds. Added 2675 classes and 622 folders.
[2019.04.11-14.46.53:910][  0]LogContentBrowser: Native class hierarchy updated for 'WidgetCarousel' in 0.0007 seconds. Added 0 classes and 0 folders.
[2019.04.11-14.46.53:913][  0]LogPakFile: Registered encryption key '00000000000000000000000000000000': 0 pak files mounted, 0 remain pending
[2019.04.11-14.46.53:915][  0]LogPakFile: Registered encryption key '00000000000000000000000000000000': 0 pak files mounted, 0 remain pending
[2019.04.11-14.46.53:916][  0]LogPakFile: Registered encryption key '00000000000000000000000000000000': 0 pak files mounted, 0 remain pending
[2019.04.11-14.46.53:917][  0]LogPakFile: Registered encryption key '00000000000000000000000000000000': 0 pak files mounted, 0 remain pending
[2019.04.11-14.46.53:918][  0]LogPakFile: Registered encryption key '00000000000000000000000000000000': 0 pak files mounted, 0 remain pending
[2019.04.11-14.46.53:919][  0]LogPakFile: Registered encryption key '00000000000000000000000000000000': 0 pak files mounted, 0 remain pending
[2019.04.11-14.46.53:920][  0]LogPakFile: Registered encryption key '00000000000000000000000000000000': 0 pak files mounted, 0 remain pending
[2019.04.11-14.46.53:921][  0]LogPakFile: Registered encryption key '00000000000000000000000000000000': 0 pak files mounted, 0 remain pending
[2019.04.11-14.46.53:922][  0]LogPakFile: Registered encryption key '00000000000000000000000000000000': 0 pak files mounted, 0 remain pending
[2019.04.11-14.46.53:923][  0]LogPakFile: Registered encryption key '00000000000000000000000000000000': 0 pak files mounted, 0 remain pending
[2019.04.11-14.46.53:924][  0]LogPakFile: Registered encryption key '00000000000000000000000000000000': 0 pak files mounted, 0 remain pending
[2019.04.11-14.46.53:925][  0]LogPakFile: Registered encryption key '00000000000000000000000000000000': 0 pak files mounted, 0 remain pending
[2019.04.11-14.46.53:926][  0]LogPakFile: Registered encryption key '00000000000000000000000000000000': 0 pak files mounted, 0 remain pending
[2019.04.11-14.46.53:927][  0]LogPakFile: Registered encryption key '00000000000000000000000000000000': 0 pak files mounted, 0 remain pending
[2019.04.11-14.46.53:929][  0]LogPakFile: Registered encryption key '00000000000000000000000000000000': 0 pak files mounted, 0 remain pending
[2019.04.11-14.46.53:930][  0]LogPakFile: Registered encryption key '00000000000000000000000000000000': 0 pak files mounted, 0 remain pending
[2019.04.11-14.46.53:931][  0]LogPakFile: Registered encryption key '00000000000000000000000000000000': 0 pak files mounted, 0 remain pending
[2019.04.11-14.46.53:932][  0]LogPakFile: Registered encryption key '00000000000000000000000000000000': 0 pak files mounted, 0 remain pending
[2019.04.11-14.46.53:934][  0]LogPakFile: Registered encryption key '00000000000000000000000000000000': 0 pak files mounted, 0 remain pending
[2019.04.11-14.46.53:935][  0]LogPakFile: Registered encryption key '00000000000000000000000000000000': 0 pak files mounted, 0 remain pending
[2019.04.11-14.46.53:936][  0]LogPakFile: Registered encryption key '00000000000000000000000000000000': 0 pak files mounted, 0 remain pending
[2019.04.11-14.46.53:937][  0]LogPakFile: Registered encryption key '00000000000000000000000000000000': 0 pak files mounted, 0 remain pending
[2019.04.11-14.46.53:938][  0]LogPakFile: Registered encryption key '00000000000000000000000000000000': 0 pak files mounted, 0 remain pending
[2019.04.11-14.46.53:939][  0]LogPakFile: Registered encryption key '00000000000000000000000000000000': 0 pak files mounted, 0 remain pending
[2019.04.11-14.46.53:940][  0]LogPakFile: Registered encryption key '00000000000000000000000000000000': 0 pak files mounted, 0 remain pending
[2019.04.11-14.46.53:942][  0]LogPakFile: Registered encryption key '00000000000000000000000000000000': 0 pak files mounted, 0 remain pending
[2019.04.11-14.46.54:009][  0]LogContentBrowser: Native class hierarchy updated for 'AddContentDialog' in 0.0005 seconds. Added 0 classes and 0 folders.
[2019.04.11-14.46.54:022][  0]LogContentBrowser: Native class hierarchy updated for 'SceneOutliner' in 0.0009 seconds. Added 1 classes and 2 folders.
[2019.04.11-14.46.54:039][  0]LogSlate: Took 0.000261 seconds to synchronously load lazily loaded font '../../../Engine/Content/Slate/Fonts/Roboto-Regular.ttf' (155K)
[2019.04.11-14.46.54:042][  0]LogSlate: Took 0.000341 seconds to synchronously load lazily loaded font '../../../Engine/Content/Slate/Fonts/Roboto-Bold.ttf' (160K)
[2019.04.11-14.46.54:053][  0]LogSlate: Took 0.000323 seconds to synchronously load lazily loaded font '../../../Engine/Content/Editor/Slate/Fonts/FontAwesome.ttf' (139K)
[2019.04.11-14.46.54:171][  0]LogRenderer: Reallocating scene render targets to support 732x360 Format 9 NumSamples 1 (Frame:1).
[2019.04.11-14.46.54:243][  0]LogSlate: Took 0.000262 seconds to synchronously load lazily loaded font '../../../Engine/Content/Slate/Fonts/Roboto-Light.ttf' (167K)
[2019.04.11-14.46.54:435][  0]LogContentBrowser: Native class hierarchy updated for 'HierarchicalLODOutliner' in 0.0012 seconds. Added 0 classes and 0 folders.
[2019.04.11-14.46.54:436][  0]LogLoad: (Engine Initialization) Total time: 16.88 seconds
[2019.04.11-14.46.54:436][  0]LogLoad: (Engine Initialization) Total Blueprint compile time: 0.00 seconds
[2019.04.11-14.46.54:471][  0]LogWindowsTextInputMethodSystem: Display: IME system now deactivated.
[2019.04.11-14.46.54:525][  0]LogContentStreaming: Texture pool size now 1000 MB
[2019.04.11-14.46.55:192][  5]LogAssetRegistry: Asset discovery search completed in 10.9810 seconds
[2019.04.11-14.46.55:194][  5]LogCollectionManager: Rebuilt the object cache for 0 collections in 0.000000 seconds (found 0 objects)
[2019.04.11-14.46.55:195][  5]LogCollectionManager: Fixed up redirectors for 0 collections in 0.000226 seconds (updated 0 objects)
[2019.04.11-14.46.59:245][243]LogSlate: FSceneViewport::OnFocusLost() reason 2
[2019.04.11-14.47.00:141][297]LogTemp: Repeating last play command: New Editor Window (PIE)
[2019.04.11-14.47.00:167][297]LogBlueprintUserMessages: Early PlayInEditor Detection: Level '/Game/MainMenuLevel.MainMenuLevel:PersistentLevel' has LevelScriptBlueprint '/Game/MainMenuLevel.MainMenuLevel:PersistentLevel.MainMenuLevel' with GeneratedClass '/Game/MainMenuLevel.MainMenuLevel_C' with ClassGeneratedBy '/Game/MainMenuLevel.MainMenuLevel:PersistentLevel.MainMenuLevel'
[2019.04.11-14.47.00:167][297]LogPlayLevel: PlayLevel: No blueprints needed recompiling
[2019.04.11-14.47.00:167][297]PIE: New page: PIE session: MainMenuLevel (Apr 11, 2019, 6:47:00 AM)
[2019.04.11-14.47.00:183][297]LogPlayLevel: Creating play world package: /Game/UEDPIE_0_MainMenuLevel
[2019.04.11-14.47.00:185][297]LogPlayLevel: PIE: StaticDuplicateObject took: (0.001478s)
[2019.04.11-14.47.00:186][297]LogAIModule: Creating AISystem for world MainMenuLevel
[2019.04.11-14.47.00:186][297]LogPlayLevel: PIE: World Init took: (0.001192s)
[2019.04.11-14.47.00:187][297]LogPlayLevel: PIE: Created PIE world by copying editor world from /Game/MainMenuLevel.MainMenuLevel to /Game/UEDPIE_0_MainMenuLevel.MainMenuLevel (0.003549s)
[2019.04.11-14.47.00:215][297]LogInit: XAudio2 using 'Speakers (Realtek High Definition Audio)' : 2 channels at 48 kHz using 16 bits per sample (channel mask 0x3)
[2019.04.11-14.47.00:240][297]LogInit: FAudioDevice initialized.
[2019.04.11-14.47.00:243][297]LogSlate: FSceneViewport::OnFocusLost() reason 2
[2019.04.11-14.47.00:248][297]LogSlate: Updating window title bar state: overlay mode, drag disabled, window buttons hidden, title bar hidden
[2019.04.11-14.47.00:310][297]LogLoad: Game class is 'GameModeBase'
[2019.04.11-14.47.00:312][297]LogWorld: Bringing World /Game/UEDPIE_0_MainMenuLevel.MainMenuLevel up for play (max tick rate 60) at 2019.04.11-10.47.00
[2019.04.11-14.47.00:313][297]LogWorld: Bringing up level for play took: 0.000993
[2019.04.11-14.47.00:350][297]LogContentBrowser: Native class hierarchy updated for 'MovieSceneCapture' in 0.0008 seconds. Added 20 classes and 0 folders.
[2019.04.11-14.47.00:359][297]PIE: Play in editor start time for /Game/UEDPIE_0_MainMenuLevel 0.591
[2019.04.11-14.47.00:361][297]LogBlueprintUserMessages: Late PlayInEditor Detection: Level '/Game/MainMenuLevel.MainMenuLevel:PersistentLevel' has LevelScriptBlueprint '/Game/MainMenuLevel.MainMenuLevel:PersistentLevel.MainMenuLevel' with GeneratedClass '/Game/MainMenuLevel.MainMenuLevel_C' with ClassGeneratedBy '/Game/MainMenuLevel.MainMenuLevel:PersistentLevel.MainMenuLevel'
[2019.04.11-14.47.00:372][297]LogRenderer: Reallocating scene render targets to support 1292x756 Format 9 NumSamples 1 (Frame:1).
[2019.04.11-14.47.01:573][362]LogNet: Browse: /Game/LevelOne
[2019.04.11-14.47.01:574][362]LogLoad: LoadMap: /Game/LevelOne
[2019.04.11-14.47.01:744][362]LogAIModule: Creating AISystem for world LevelOne
[2019.04.11-14.47.01:745][362]LogLoad: Game class is 'BP_ScaryMazeGameMode_C'
[2019.04.11-14.47.01:750][362]LogWorld: Bringing World /Game/UEDPIE_0_LevelOne.LevelOne up for play (max tick rate 60) at 2019.04.11-10.47.01
[2019.04.11-14.47.01:750][362]LogWorld: Bringing up level for play took: 0.004654
[2019.04.11-14.47.01:885][362]LogSkinnedMeshComp: Warning: GetSocketByName(GripPoint): No SkeletalMesh for Component(CharacterMesh1P) Actor(ScaryMazeBaseCharacter_0)
[2019.04.11-14.47.01:885][362]LogSkinnedMeshComp: Warning: GetSocketByName(GripPoint): No SkeletalMesh for Component(CharacterMesh1P) Actor(ScaryMazeBaseCharacter_0)
[2019.04.11-14.47.01:885][362]LogLoad: Took 0.311325 seconds to LoadMap(/Game/LevelOne)
[2019.04.11-14.47.11:406][747]LogBlueprintUserMessages: Early EndPlayMap Detection: Level '/Game/MainMenuLevel.MainMenuLevel:PersistentLevel' has LevelScriptBlueprint '/Game/MainMenuLevel.MainMenuLevel:PersistentLevel.MainMenuLevel' with GeneratedClass '/Game/MainMenuLevel.MainMenuLevel_C' with ClassGeneratedBy '/Game/MainMenuLevel.MainMenuLevel:PersistentLevel.MainMenuLevel'
[2019.04.11-14.47.11:407][747]LogSlate: Updating window title bar state: overlay mode, drag disabled, window buttons hidden, title bar hidden
[2019.04.11-14.47.11:439][747]LogSlate: Window 'ScaryMaze Game Preview Standalone (64-bit/PCD3D_SM5)' being destroyed
[2019.04.11-14.47.11:508][747]LogPlayLevel: Display: Shutting down PIE online subsystems
[2019.04.11-14.47.11:508][747]LogBlueprintUserMessages: Late EndPlayMap Detection: Level '/Game/MainMenuLevel.MainMenuLevel:PersistentLevel' has LevelScriptBlueprint '/Game/MainMenuLevel.MainMenuLevel:PersistentLevel.MainMenuLevel' with GeneratedClass '/Game/MainMenuLevel.MainMenuLevel_C' with ClassGeneratedBy '/Game/MainMenuLevel.MainMenuLevel:PersistentLevel.MainMenuLevel'
[2019.04.11-14.47.11:592][748]LogPlayLevel: Display: Destroying online subsystem :Context_2
[2019.04.11-14.48.09:267][415]LogSlate: FSceneViewport::OnFocusLost() reason 0
[2019.04.11-14.48.10:892][511]LogSlate: Took 0.000341 seconds to synchronously load lazily loaded font '../../../Engine/Content/Slate/Fonts/Roboto-Light.ttf' (167K)
[2019.04.11-14.48.10:901][511]LogAssetEditorManager: Opening Asset editor for WidgetBlueprint /Game/MainMenu/MainMenu.MainMenu
[2019.04.11-14.48.11:473][511]LogContentBrowser: Native class hierarchy updated for 'BlueprintGraph' in 0.0008 seconds. Added 117 classes and 0 folders.
[2019.04.11-14.48.12:379][511]LogSlate: Took 0.000268 seconds to synchronously load lazily loaded font '../../../Engine/Content/Slate/Fonts/Roboto-BoldCondensed.ttf' (158K)
[2019.04.11-14.48.20:050][928]LogSlate: Took 0.000268 seconds to synchronously load lazily loaded font '../../../Engine/Content/Slate/Fonts/Roboto-Italic.ttf' (157K)
[2019.04.11-14.49.15:660][223]BlueprintLog: New page: Compile MainMenu
[2019.04.11-14.49.16:427][258]Cmd: OBJ SAVEPACKAGE PACKAGE="/Game/MainMenu/MainMenu" FILE="../../../../../../Users/james/Desktop/Processes for OOS/COP4331-Project/ScaryMaze/Content/MainMenu/MainMenu.uasset" SILENT=true
[2019.04.11-14.49.16:534][258]LogSavePackage: Moving '../../../../../../Users/james/Desktop/Processes for OOS/COP4331-Project/ScaryMaze/Saved/MainMenuA0EC30DA4B69C1B0D30251B107AE4998.tmp' to '../../../../../../Users/james/Desktop/Processes for OOS/COP4331-Project/ScaryMaze/Content/MainMenu/MainMenu.uasset'
[2019.04.11-14.49.18:331][361]LogSlate: FSceneViewport::OnFocusLost() reason 0
[2019.04.11-14.49.18:431][367]LogSlate: Window 'MainMenu' being destroyed
[2019.04.11-14.49.18:435][367]LogSlate: Window 'MainMenu' being destroyed
