Log file open, 04/11/19 12:51:26
LogWindows: Failed to load 'aqProf.dll' (GetLastError=126)
LogWindows: File 'aqProf.dll' does not exist
LogWindows: Failed to load 'VtuneApi.dll' (GetLastError=126)
LogWindows: File 'VtuneApi.dll' does not exist
LogWindows: Failed to load 'VtuneApi32e.dll' (GetLastError=126)
LogWindows: File 'VtuneApi32e.dll' does not exist
LogConsoleResponse: Display: Failed to find resolution value strings in scalability ini. Falling back to default.
LogInit: Display: Running engine for game: ScaryMaze
LogPakFile: Registered encryption key '00000000000000000000000000000000': 0 pak files mounted, 0 remain pending
LogPlatformFile: Not using cached read wrapper
LogTaskGraph: Started task graph with 5 named threads and 11 total threads with 3 sets of task threads.
LogStats: Stats thread started at 1.154392
LogD3D11RHI: Loaded GFSDK_Aftermath_Lib.x64.dll
LogICUInternationalization: ICU TimeZone Detection - Raw Offset: -5:00, Platform Override: ''
LogPluginManager: Mounting plugin Paper2D
LogPluginManager: Mounting plugin AISupport
LogPluginManager: Mounting plugin LightPropagationVolume
LogPluginManager: Mounting plugin ActorLayerUtilities
LogPluginManager: Mounting plugin CLionSourceCodeAccess
LogPluginManager: Mounting plugin CodeLiteSourceCodeAccess
LogPluginManager: Mounting plugin GitSourceControl
LogPluginManager: Mounting plugin KDevelopSourceCodeAccess
LogPluginManager: Mounting plugin NullSourceCodeAccess
LogPluginManager: Mounting plugin PerforceSourceControl
LogPluginManager: Mounting plugin SubversionSourceControl
LogPluginManager: Mounting plugin UObjectPlugin
LogPluginManager: Mounting plugin VisualStudioCodeSourceCodeAccess
LogPluginManager: Mounting plugin VisualStudioSourceCodeAccess
LogPluginManager: Mounting plugin XCodeSourceCodeAccess
LogPluginManager: Mounting plugin AssetManagerEditor
LogPluginManager: Mounting plugin CryptoKeys
LogPluginManager: Mounting plugin DataValidation
LogPluginManager: Mounting plugin FacialAnimation
LogPluginManager: Mounting plugin GameplayTagsEditor
LogPluginManager: Mounting plugin MacGraphicsSwitching
LogPluginManager: Mounting plugin MeshEditor
LogPluginManager: Mounting plugin MobileLauncherProfileWizard
LogPluginManager: Mounting plugin PluginBrowser
LogPluginManager: Mounting plugin SpeedTreeImporter
LogPluginManager: Mounting plugin DatasmithContent
LogPluginManager: Mounting plugin VariantManagerContent
LogPluginManager: Mounting plugin AlembicImporter
LogPluginManager: Mounting plugin AppleImageUtils
LogPluginManager: Mounting plugin AppleVision
LogPluginManager: Mounting plugin BackChannel
LogPluginManager: Mounting plugin CharacterAI
LogPluginManager: Mounting plugin GeometryCache
LogPluginManager: Mounting plugin HTML5Networking
LogPluginManager: Mounting plugin ProxyLODPlugin
LogPluginManager: Mounting plugin MagicLeap
LogPluginManager: Mounting plugin MagicLeapMedia
LogPluginManager: Mounting plugin AndroidMedia
LogPluginManager: Mounting plugin AvfMedia
LogPluginManager: Mounting plugin ImgMedia
LogPluginManager: Mounting plugin LinearTimecode
LogPluginManager: Mounting plugin MediaCompositing
LogPluginManager: Mounting plugin MediaPlayerEditor
LogPluginManager: Mounting plugin WebMMedia
LogPluginManager: Mounting plugin WmfMedia
LogPluginManager: Mounting plugin TcpMessaging
LogPluginManager: Mounting plugin UdpMessaging
LogPluginManager: Mounting plugin ActorSequence
LogPluginManager: Mounting plugin LevelSequenceEditor
LogPluginManager: Mounting plugin MatineeToLevelSequence
LogPluginManager: Mounting plugin NetcodeUnitTest
LogPluginManager: Mounting plugin NUTUnrealEngine4
LogPluginManager: Mounting plugin OnlineSubsystemGooglePlay
LogPluginManager: Mounting plugin OnlineSubsystemIOS
LogPluginManager: Mounting plugin OnlineSubsystem
LogPluginManager: Mounting plugin OnlineSubsystemNull
LogPluginManager: Mounting plugin OnlineSubsystemUtils
LogPluginManager: Mounting plugin LauncherChunkInstaller
LogPluginManager: Mounting plugin AndroidDeviceProfileSelector
LogPluginManager: Mounting plugin AndroidMoviePlayer
LogPluginManager: Mounting plugin AndroidPermission
LogPluginManager: Mounting plugin AppleMoviePlayer
LogPluginManager: Mounting plugin ArchVisCharacter
LogPluginManager: Mounting plugin AudioCapture
LogPluginManager: Mounting plugin CableComponent
LogPluginManager: Mounting plugin CustomMeshComponent
LogPluginManager: Mounting plugin EditableMesh
LogPluginManager: Mounting plugin ExampleDeviceProfileSelector
LogPluginManager: Mounting plugin Firebase
LogPluginManager: Mounting plugin GoogleCloudMessaging
LogPluginManager: Mounting plugin IOSDeviceProfileSelector
LogPluginManager: Mounting plugin LinuxDeviceProfileSelector
LogPluginManager: Mounting plugin LocationServicesBPLibrary
LogPluginManager: Mounting plugin MobilePatchingUtils
LogPluginManager: Mounting plugin OculusVR
LogPluginManager: Mounting plugin PhysXVehicles
LogPluginManager: Mounting plugin ProceduralMeshComponent
LogPluginManager: Mounting plugin RuntimePhysXCooking
LogPluginManager: Mounting plugin SteamVR
LogPluginManager: Mounting plugin WebMMoviePlayer
LogPluginManager: Mounting plugin WindowsMoviePlayer
LogStreaming: Display: Took  0.495s to configure plugins.
LogInit: Using libcurl 7.55.1-DEV
LogInit:  - built for x86_64-pc-win32
LogInit:  - supports SSL with OpenSSL/1.0.2h
LogInit:  - supports HTTP deflate (compression) using libz 1.2.8
LogInit:  - other features:
LogInit:      CURL_VERSION_SSL
LogInit:      CURL_VERSION_LIBZ
LogInit:      CURL_VERSION_IPV6
LogInit:      CURL_VERSION_ASYNCHDNS
LogInit:      CURL_VERSION_LARGEFILE
LogInit:      CURL_VERSION_IDN
LogInit:  CurlRequestOptions (configurable via config and command line):
LogInit:  - bVerifyPeer = true  - Libcurl will verify peer certificate
LogInit:  - bUseHttpProxy = false  - Libcurl will NOT use HTTP proxy
LogInit:  - bDontReuseConnections = false  - Libcurl will reuse connections
LogInit:  - MaxHostConnections = 16  - Libcurl will limit the number of connections to a host
LogInit:  - LocalHostAddr = Default
LogInit:  - BufferSize = 65536
LogInit: WinSock: version 1.1 (2.2), MaxSocks=32767, MaxUdp=65467
LogInit: Build: ++UE4+Release-4.21-CL-4753647
LogInit: Engine Version: 4.21.2-4753647+++UE4+Release-4.21
LogInit: Compatible Engine Version: 4.21.0-4541578+++UE4+Release-4.21
LogInit: Net CL: 4541578
LogInit: OS: Windows 10 (), CPU: Intel(R) Core(TM) i5-7200U CPU @ 2.50GHz, GPU: Intel(R) HD Graphics 620
LogInit: Compiled (64-bit): Jan 19 2019 02:07:31
LogInit: Compiled with Visual C++: 19.13.26129.00
LogInit: Build Configuration: Development
LogInit: Branch Name: ++UE4+Release-4.21
LogInit: Command Line:  -skipcompile
LogInit: Base Directory: C:/Program Files/Epic Games/UE_4.21/Engine/Binaries/Win64/
LogInit: Installed Engine Build: 1
LogDevObjectVersion: Number of dev versions registered: 22
LogDevObjectVersion:   Dev-Blueprints (B0D832E4-1F89-4F0D-ACCF-7EB736FD4AA2): 10
LogDevObjectVersion:   Dev-Build (E1C64328-A22C-4D53-A36C-8E866417BD8C): 0
LogDevObjectVersion:   Dev-Core (375EC13C-06E4-48FB-B500-84F0262A717E): 2
LogDevObjectVersion:   Dev-Editor (E4B068ED-F494-42E9-A231-DA0B2E46BB41): 26
LogDevObjectVersion:   Dev-Framework (CFFC743F-43B0-4480-9391-14DF171D2073): 34
LogDevObjectVersion:   Dev-Mobile (B02B49B5-BB20-44E9-A304-32B752E40360): 2
LogDevObjectVersion:   Dev-Networking (A4E4105C-59A1-49B5-A7C5-40C4547EDFEE): 0
LogDevObjectVersion:   Dev-Online (39C831C9-5AE6-47DC-9A44-9C173E1C8E7C): 0
LogDevObjectVersion:   Dev-Physics (78F01B33-EBEA-4F98-B9B4-84EACCB95AA2): 0
LogDevObjectVersion:   Dev-Platform (6631380F-2D4D-43E0-8009-CF276956A95A): 0
LogDevObjectVersion:   Dev-Rendering (12F88B9F-8875-4AFC-A67C-D90C383ABD29): 27
LogDevObjectVersion:   Dev-Sequencer (7B5AE74C-D270-4C10-A958-57980B212A5A): 9
LogDevObjectVersion:   Dev-VR (D7296918-1DD6-4BDD-9DE2-64A83CC13884): 2
LogDevObjectVersion:   Dev-LoadTimes (C2A15278-BFE7-4AFE-6C17-90FF531DF755): 1
LogDevObjectVersion:   Private-Geometry (6EACA3D4-40EC-4CC1-B786-8BED09428FC5): 3
LogDevObjectVersion:   Dev-AnimPhys (29E575DD-E0A3-4627-9D10-D276232CDCEA): 17
LogDevObjectVersion:   Dev-Anim (AF43A65D-7FD3-4947-9873-3E8ED9C1BB05): 2
LogDevObjectVersion:   Dev-ReflectionCapture (6B266CEC-1EC7-4B8F-A30B-E4D90942FC07): 1
LogDevObjectVersion:   Dev-Automation (0DF73D61-A23F-47EA-B727-89E90C41499A): 1
LogDevObjectVersion:   FortniteMain (601D1886-AC64-4F84-AA16-D3DE0DEAC7D6): 17
LogDevObjectVersion:   Dev-Enterprise (9DFFBCD6-494F-0158-E221-12823C92A888): 4
LogDevObjectVersion:   Dev-Niagara (F2AED0AC-9AFE-416F-8664-AA7FFA26D6FC): 1
LogStreaming: Display: Took  0.111s to delete old logs.
LogInit: Presizing for max 8388607 objects, including 0 objects not considered by GC, pre-allocating 0 bytes for permanent pool.
LogInit: Object subsystem initialized
LogConfig: Setting CVar [[con.DebugEarlyDefault:1]]
LogConfig: Setting CVar [[r.setres:1280x720]]
[2019.04.11-16.51.31:149][  0]LogConfig: Setting CVar [[r.VSync:0]]
[2019.04.11-16.51.31:149][  0]LogConfig: Setting CVar [[r.RHICmdBypass:0]]
[2019.04.11-16.51.31:162][  0]LogConfig: Applying CVar settings from Section [/Script/Engine.RendererSettings] File [C:/Users/james/Desktop/Processes for OOS/COP4331-Project/ScaryMaze/Saved/Config/Windows/Engine.ini]
[2019.04.11-16.51.31:163][  0]LogConfig: Setting CVar [[r.GPUCrashDebugging:0]]
[2019.04.11-16.51.31:163][  0]LogConfig: Applying CVar settings from Section [/Script/Engine.RendererOverrideSettings] File [C:/Users/james/Desktop/Processes for OOS/COP4331-Project/ScaryMaze/Saved/Config/Windows/Engine.ini]
[2019.04.11-16.51.31:163][  0]LogConfig: Applying CVar settings from Section [/Script/Engine.StreamingSettings] File [C:/Users/james/Desktop/Processes for OOS/COP4331-Project/ScaryMaze/Saved/Config/Windows/Engine.ini]
[2019.04.11-16.51.31:163][  0]LogConfig: Setting CVar [[s.MinBulkDataSizeForAsyncLoading:131072]]
[2019.04.11-16.51.31:164][  0]LogConfig: Setting CVar [[s.AsyncLoadingThreadEnabled:0]]
[2019.04.11-16.51.31:164][  0]LogConfig: Setting CVar [[s.EventDrivenLoaderEnabled:1]]
[2019.04.11-16.51.31:164][  0]LogConfig: Setting CVar [[s.WarnIfTimeLimitExceeded:0]]
[2019.04.11-16.51.31:164][  0]LogConfig: Setting CVar [[s.TimeLimitExceededMultiplier:1.5]]
[2019.04.11-16.51.31:164][  0]LogConfig: Setting CVar [[s.TimeLimitExceededMinTime:0.005]]
[2019.04.11-16.51.31:164][  0]LogConfig: Setting CVar [[s.UseBackgroundLevelStreaming:1]]
[2019.04.11-16.51.31:165][  0]LogConfig: Setting CVar [[s.PriorityAsyncLoadingExtraTime:15.0]]
[2019.04.11-16.51.31:165][  0]LogConfig: Setting CVar [[s.LevelStreamingActorsUpdateTimeLimit:5.0]]
[2019.04.11-16.51.31:165][  0]LogConfig: Setting CVar [[s.PriorityLevelStreamingActorsUpdateExtraTime:5.0]]
[2019.04.11-16.51.31:165][  0]LogConfig: Setting CVar [[s.LevelStreamingComponentsRegistrationGranularity:10]]
[2019.04.11-16.51.31:165][  0]LogConfig: Setting CVar [[s.UnregisterComponentsTimeLimit:1.0]]
[2019.04.11-16.51.31:166][  0]LogConfig: Setting CVar [[s.LevelStreamingComponentsUnregistrationGranularity:5]]
[2019.04.11-16.51.31:166][  0]LogConfig: Applying CVar settings from Section [/Script/Engine.GarbageCollectionSettings] File [C:/Users/james/Desktop/Processes for OOS/COP4331-Project/ScaryMaze/Saved/Config/Windows/Engine.ini]
[2019.04.11-16.51.31:166][  0]LogConfig: Setting CVar [[gc.MaxObjectsNotConsideredByGC:1]]
[2019.04.11-16.51.31:166][  0]LogConfig: Setting CVar [[gc.SizeOfPermanentObjectPool:0]]
[2019.04.11-16.51.31:166][  0]LogConfig: Setting CVar [[gc.FlushStreamingOnGC:0]]
[2019.04.11-16.51.31:167][  0]LogConfig: Setting CVar [[gc.NumRetriesBeforeForcingGC:10]]
[2019.04.11-16.51.31:167][  0]LogConfig: Setting CVar [[gc.AllowParallelGC:1]]
[2019.04.11-16.51.31:167][  0]LogConfig: Setting CVar [[gc.TimeBetweenPurgingPendingKillObjects:61.1]]
[2019.04.11-16.51.31:168][  0]LogConfig: Setting CVar [[gc.MaxObjectsInEditor:8388607]]
[2019.04.11-16.51.31:168][  0]LogConfig: Setting CVar [[gc.IncrementalBeginDestroyEnabled:1]]
[2019.04.11-16.51.31:168][  0]LogConfig: Setting CVar [[gc.CreateGCClusters:1]]
[2019.04.11-16.51.31:169][  0]LogConfig: Setting CVar [[gc.MergeGCClusters:0]]
[2019.04.11-16.51.31:169][  0]LogConfig: Setting CVar [[gc.MinGCClusterSize:5]]
[2019.04.11-16.51.31:169][  0]LogConfig: Setting CVar [[gc.ActorClusteringEnabled:0]]
[2019.04.11-16.51.31:170][  0]LogConfig: Setting CVar [[gc.BlueprintClusteringEnabled:0]]
[2019.04.11-16.51.31:170][  0]LogConfig: Setting CVar [[gc.UseDisregardForGCOnDedicatedServers:0]]
[2019.04.11-16.51.31:170][  0]LogConfig: Applying CVar settings from Section [/Script/Engine.NetworkSettings] File [C:/Users/james/Desktop/Processes for OOS/COP4331-Project/ScaryMaze/Saved/Config/Windows/Engine.ini]
[2019.04.11-16.51.31:170][  0]LogConfig: Applying CVar settings from Section [/Script/UnrealEd.CookerSettings] File [C:/Users/james/Desktop/Processes for OOS/COP4331-Project/ScaryMaze/Saved/Config/Windows/Engine.ini]
[2019.04.11-16.51.31:320][  0]LogConfig: Applying CVar settings from Section [ViewDistanceQuality@3] File [C:/Users/james/Desktop/Processes for OOS/COP4331-Project/ScaryMaze/Saved/Config/Windows/Scalability.ini]
[2019.04.11-16.51.31:320][  0]LogConfig: Setting CVar [[r.SkeletalMeshLODBias:0]]
[2019.04.11-16.51.31:320][  0]LogConfig: Setting CVar [[r.ViewDistanceScale:1.0]]
[2019.04.11-16.51.31:320][  0]LogConfig: Applying CVar settings from Section [AntiAliasingQuality@3] File [C:/Users/james/Desktop/Processes for OOS/COP4331-Project/ScaryMaze/Saved/Config/Windows/Scalability.ini]
[2019.04.11-16.51.31:320][  0]LogConfig: Setting CVar [[r.PostProcessAAQuality:4]]
[2019.04.11-16.51.31:320][  0]LogConfig: Applying CVar settings from Section [ShadowQuality@3] File [C:/Users/james/Desktop/Processes for OOS/COP4331-Project/ScaryMaze/Saved/Config/Windows/Scalability.ini]
[2019.04.11-16.51.31:320][  0]LogConfig: Setting CVar [[r.LightFunctionQuality:1]]
[2019.04.11-16.51.31:321][  0]LogConfig: Setting CVar [[r.ShadowQuality:5]]
[2019.04.11-16.51.31:321][  0]LogConfig: Setting CVar [[r.Shadow.CSM.MaxCascades:10]]
[2019.04.11-16.51.31:321][  0]LogConfig: Setting CVar [[r.Shadow.MaxResolution:2048]]
[2019.04.11-16.51.31:321][  0]LogConfig: Setting CVar [[r.Shadow.MaxCSMResolution:2048]]
[2019.04.11-16.51.31:321][  0]LogConfig: Setting CVar [[r.Shadow.RadiusThreshold:0.01]]
[2019.04.11-16.51.31:321][  0]LogConfig: Setting CVar [[r.Shadow.DistanceScale:1.0]]
[2019.04.11-16.51.31:321][  0]LogConfig: Setting CVar [[r.Shadow.CSM.TransitionScale:1.0]]
[2019.04.11-16.51.31:321][  0]LogConfig: Setting CVar [[r.Shadow.PreShadowResolutionFactor:1.0]]
[2019.04.11-16.51.31:321][  0]LogConfig: Setting CVar [[r.DistanceFieldShadowing:1]]
[2019.04.11-16.51.31:321][  0]LogConfig: Setting CVar [[r.DistanceFieldAO:1]]
[2019.04.11-16.51.31:321][  0]LogConfig: Setting CVar [[r.AOQuality:2]]
[2019.04.11-16.51.31:321][  0]LogConfig: Setting CVar [[r.VolumetricFog:1]]
[2019.04.11-16.51.31:321][  0]LogConfig: Setting CVar [[r.VolumetricFog.GridPixelSize:8]]
[2019.04.11-16.51.31:321][  0]LogConfig: Setting CVar [[r.VolumetricFog.GridSizeZ:128]]
[2019.04.11-16.51.31:321][  0]LogConfig: Setting CVar [[r.VolumetricFog.HistoryMissSupersampleCount:4]]
[2019.04.11-16.51.31:321][  0]LogConfig: Setting CVar [[r.LightMaxDrawDistanceScale:1]]
[2019.04.11-16.51.31:321][  0]LogConfig: Setting CVar [[r.CapsuleShadows:1]]
[2019.04.11-16.51.31:321][  0]LogConfig: Applying CVar settings from Section [PostProcessQuality@3] File [C:/Users/james/Desktop/Processes for OOS/COP4331-Project/ScaryMaze/Saved/Config/Windows/Scalability.ini]
[2019.04.11-16.51.31:322][  0]LogConfig: Setting CVar [[r.MotionBlurQuality:4]]
[2019.04.11-16.51.31:322][  0]LogConfig: Setting CVar [[r.AmbientOcclusionMipLevelFactor:0.4]]
[2019.04.11-16.51.31:322][  0]LogConfig: Setting CVar [[r.AmbientOcclusionMaxQuality:100]]
[2019.04.11-16.51.31:322][  0]LogConfig: Setting CVar [[r.AmbientOcclusionLevels:-1]]
[2019.04.11-16.51.31:322][  0]LogConfig: Setting CVar [[r.AmbientOcclusionRadiusScale:1.0]]
[2019.04.11-16.51.31:322][  0]LogConfig: Setting CVar [[r.DepthOfFieldQuality:2]]
[2019.04.11-16.51.31:322][  0]LogConfig: Setting CVar [[r.RenderTargetPoolMin:400]]
[2019.04.11-16.51.31:322][  0]LogConfig: Setting CVar [[r.LensFlareQuality:2]]
[2019.04.11-16.51.31:322][  0]LogConfig: Setting CVar [[r.SceneColorFringeQuality:1]]
[2019.04.11-16.51.31:322][  0]LogConfig: Setting CVar [[r.EyeAdaptationQuality:2]]
[2019.04.11-16.51.31:322][  0]LogConfig: Setting CVar [[r.BloomQuality:5]]
[2019.04.11-16.51.31:322][  0]LogConfig: Setting CVar [[r.FastBlurThreshold:100]]
[2019.04.11-16.51.31:322][  0]LogConfig: Setting CVar [[r.Upscale.Quality:3]]
[2019.04.11-16.51.31:322][  0]LogConfig: Setting CVar [[r.Tonemapper.GrainQuantization:1]]
[2019.04.11-16.51.31:322][  0]LogConfig: Setting CVar [[r.LightShaftQuality:1]]
[2019.04.11-16.51.31:322][  0]LogConfig: Setting CVar [[r.Filter.SizeScale:1]]
[2019.04.11-16.51.31:323][  0]LogConfig: Setting CVar [[r.Tonemapper.Quality:5]]
[2019.04.11-16.51.31:323][  0]LogConfig: Setting CVar [[r.DOF.Gather.AccumulatorQuality:1        ; higher gathering accumulator quality]]
[2019.04.11-16.51.31:323][  0]LogConfig: Setting CVar [[r.DOF.Gather.PostfilterMethod:1          ; Median3x3 postfilering method]]
[2019.04.11-16.51.31:323][  0]LogConfig: Setting CVar [[r.DOF.Gather.EnableBokehSettings:0       ; no bokeh simulation when gathering]]
[2019.04.11-16.51.31:323][  0]LogConfig: Setting CVar [[r.DOF.Gather.RingCount:4                 ; medium number of samples when gathering]]
[2019.04.11-16.51.31:323][  0]LogConfig: Setting CVar [[r.DOF.Scatter.ForegroundCompositing:1    ; additive foreground scattering]]
[2019.04.11-16.51.31:323][  0]LogConfig: Setting CVar [[r.DOF.Scatter.BackgroundCompositing:2    ; additive background scattering]]
[2019.04.11-16.51.31:323][  0]LogConfig: Setting CVar [[r.DOF.Scatter.EnableBokehSettings:1      ; bokeh simulation when scattering]]
[2019.04.11-16.51.31:323][  0]LogConfig: Setting CVar [[r.DOF.Scatter.MaxSpriteRatio:0.1         ; only a maximum of 10% of scattered bokeh]]
[2019.04.11-16.51.31:323][  0]LogConfig: Setting CVar [[r.DOF.Recombine.Quality:1                ; cheap slight out of focus]]
[2019.04.11-16.51.31:323][  0]LogConfig: Setting CVar [[r.DOF.Recombine.EnableBokehSettings:0    ; no bokeh simulation on slight out of focus]]
[2019.04.11-16.51.31:323][  0]LogConfig: Setting CVar [[r.DOF.TemporalAAQuality:1                ; more stable temporal accumulation]]
[2019.04.11-16.51.31:323][  0]LogConfig: Setting CVar [[r.DOF.Kernel.MaxForegroundRadius:0.025]]
[2019.04.11-16.51.31:323][  0]LogConfig: Setting CVar [[r.DOF.Kernel.MaxBackgroundRadius:0.025]]
[2019.04.11-16.51.31:323][  0]LogConfig: Applying CVar settings from Section [TextureQuality@3] File [C:/Users/james/Desktop/Processes for OOS/COP4331-Project/ScaryMaze/Saved/Config/Windows/Scalability.ini]
[2019.04.11-16.51.31:323][  0]LogConfig: Setting CVar [[r.Streaming.MipBias:0]]
[2019.04.11-16.51.31:323][  0]LogConfig: Setting CVar [[r.Streaming.AmortizeCPUToGPUCopy:0]]
[2019.04.11-16.51.31:323][  0]LogConfig: Setting CVar [[r.Streaming.MaxNumTexturesToStreamPerFrame:0]]
[2019.04.11-16.51.31:324][  0]LogConfig: Setting CVar [[r.Streaming.Boost:1]]
[2019.04.11-16.51.31:324][  0]LogConfig: Setting CVar [[r.MaxAnisotropy:8]]
[2019.04.11-16.51.31:324][  0]LogConfig: Setting CVar [[r.Streaming.LimitPoolSizeToVRAM:0]]
[2019.04.11-16.51.31:324][  0]LogConfig: Setting CVar [[r.Streaming.PoolSize:1000]]
[2019.04.11-16.51.31:324][  0]LogConfig: Setting CVar [[r.Streaming.MaxEffectiveScreenSize:0]]
[2019.04.11-16.51.31:324][  0]LogConfig: Applying CVar settings from Section [EffectsQuality@3] File [C:/Users/james/Desktop/Processes for OOS/COP4331-Project/ScaryMaze/Saved/Config/Windows/Scalability.ini]
[2019.04.11-16.51.31:324][  0]LogConfig: Setting CVar [[r.TranslucencyLightingVolumeDim:64]]
[2019.04.11-16.51.31:324][  0]LogConfig: Setting CVar [[r.RefractionQuality:2]]
[2019.04.11-16.51.31:324][  0]LogConfig: Setting CVar [[r.SSR.Quality:3]]
[2019.04.11-16.51.31:324][  0]LogConfig: Setting CVar [[r.SceneColorFormat:4]]
[2019.04.11-16.51.31:324][  0]LogConfig: Setting CVar [[r.DetailMode:2]]
[2019.04.11-16.51.31:324][  0]LogConfig: Setting CVar [[r.TranslucencyVolumeBlur:1]]
[2019.04.11-16.51.31:324][  0]LogConfig: Setting CVar [[r.MaterialQualityLevel:1 ; High quality]]
[2019.04.11-16.51.31:324][  0]LogConfig: Setting CVar [[r.SSS.Scale:1]]
[2019.04.11-16.51.31:325][  0]LogConfig: Setting CVar [[r.SSS.SampleSet:2]]
[2019.04.11-16.51.31:325][  0]LogConfig: Setting CVar [[r.SSS.Quality:1]]
[2019.04.11-16.51.31:325][  0]LogConfig: Setting CVar [[r.SSS.HalfRes:1]]
[2019.04.11-16.51.31:325][  0]LogConfig: Setting CVar [[r.EmitterSpawnRateScale:1.0]]
[2019.04.11-16.51.31:325][  0]LogConfig: Setting CVar [[r.ParticleLightQuality:2]]
[2019.04.11-16.51.31:325][  0]LogConfig: Applying CVar settings from Section [FoliageQuality@3] File [C:/Users/james/Desktop/Processes for OOS/COP4331-Project/ScaryMaze/Saved/Config/Windows/Scalability.ini]
[2019.04.11-16.51.31:325][  0]LogConfig: Setting CVar [[foliage.DensityScale:1.0]]
[2019.04.11-16.51.31:325][  0]LogConfig: Setting CVar [[grass.DensityScale:1.0]]
[2019.04.11-16.51.31:330][  0]LogInit: Selected Device Profile: [Windows]
[2019.04.11-16.51.31:330][  0]LogInit: Applying CVar settings loaded from the selected device profile: [Windows]
[2019.04.11-16.51.31:439][  0]LogHAL: Display: Platform has ~ 8 GB [8499228672 / 8589934592 / 8], which maps to Default [LargestMinGB=32, LargerMinGB=12, DefaultMinGB=8, SmallerMinGB=6, SmallestMinGB=0)
[2019.04.11-16.51.31:492][  0]LogConfig: Setting CVar [[r.Vulkan.UseRealUBs:1]]
[2019.04.11-16.51.31:492][  0]LogInit: Going up to parent DeviceProfile []
[2019.04.11-16.51.31:515][  0]LogConfig: Applying CVar settings from Section [ViewDistanceQuality@0] File [C:/Users/james/Desktop/Processes for OOS/COP4331-Project/ScaryMaze/Saved/Config/Windows/Scalability.ini]
[2019.04.11-16.51.31:515][  0]LogConfig: Setting CVar [[r.SkeletalMeshLODBias:2]]
[2019.04.11-16.51.31:515][  0]LogConfig: Setting CVar [[r.ViewDistanceScale:0.4]]
[2019.04.11-16.51.31:515][  0]LogConfig: Applying CVar settings from Section [AntiAliasingQuality@3] File [C:/Users/james/Desktop/Processes for OOS/COP4331-Project/ScaryMaze/Saved/Config/Windows/Scalability.ini]
[2019.04.11-16.51.31:515][  0]LogConfig: Setting CVar [[r.PostProcessAAQuality:4]]
[2019.04.11-16.51.31:515][  0]LogConfig: Applying CVar settings from Section [ShadowQuality@1] File [C:/Users/james/Desktop/Processes for OOS/COP4331-Project/ScaryMaze/Saved/Config/Windows/Scalability.ini]
[2019.04.11-16.51.31:515][  0]LogConfig: Setting CVar [[r.LightFunctionQuality:1]]
[2019.04.11-16.51.31:515][  0]LogConfig: Setting CVar [[r.ShadowQuality:3]]
[2019.04.11-16.51.31:515][  0]LogConfig: Setting CVar [[r.Shadow.CSM.MaxCascades:1]]
[2019.04.11-16.51.31:515][  0]LogConfig: Setting CVar [[r.Shadow.MaxResolution:1024]]
[2019.04.11-16.51.31:515][  0]LogConfig: Setting CVar [[r.Shadow.MaxCSMResolution:1024]]
[2019.04.11-16.51.31:515][  0]LogConfig: Setting CVar [[r.Shadow.RadiusThreshold:0.05]]
[2019.04.11-16.51.31:515][  0]LogConfig: Setting CVar [[r.Shadow.DistanceScale:0.7]]
[2019.04.11-16.51.31:515][  0]LogConfig: Setting CVar [[r.Shadow.CSM.TransitionScale:0.25]]
[2019.04.11-16.51.31:515][  0]LogConfig: Setting CVar [[r.Shadow.PreShadowResolutionFactor:0.5]]
[2019.04.11-16.51.31:516][  0]LogConfig: Setting CVar [[r.DistanceFieldShadowing:0]]
[2019.04.11-16.51.31:516][  0]LogConfig: Setting CVar [[r.DistanceFieldAO:0]]
[2019.04.11-16.51.31:516][  0]LogConfig: Setting CVar [[r.VolumetricFog:0]]
[2019.04.11-16.51.31:516][  0]LogConfig: Setting CVar [[r.LightMaxDrawDistanceScale:.5]]
[2019.04.11-16.51.31:516][  0]LogConfig: Setting CVar [[r.CapsuleShadows:1]]
[2019.04.11-16.51.31:516][  0]LogConfig: Applying CVar settings from Section [PostProcessQuality@2] File [C:/Users/james/Desktop/Processes for OOS/COP4331-Project/ScaryMaze/Saved/Config/Windows/Scalability.ini]
[2019.04.11-16.51.31:516][  0]LogConfig: Setting CVar [[r.MotionBlurQuality:3]]
[2019.04.11-16.51.31:516][  0]LogConfig: Setting CVar [[r.AmbientOcclusionMipLevelFactor:0.6]]
[2019.04.11-16.51.31:516][  0]LogConfig: Setting CVar [[r.AmbientOcclusionMaxQuality:100]]
[2019.04.11-16.51.31:516][  0]LogConfig: Setting CVar [[r.AmbientOcclusionLevels:-1]]
[2019.04.11-16.51.31:516][  0]LogConfig: Setting CVar [[r.AmbientOcclusionRadiusScale:1.5]]
[2019.04.11-16.51.31:516][  0]LogConfig: Setting CVar [[r.DepthOfFieldQuality:2]]
[2019.04.11-16.51.31:516][  0]LogConfig: Setting CVar [[r.RenderTargetPoolMin:400]]
[2019.04.11-16.51.31:516][  0]LogConfig: Setting CVar [[r.LensFlareQuality:2]]
[2019.04.11-16.51.31:516][  0]LogConfig: Setting CVar [[r.SceneColorFringeQuality:1]]
[2019.04.11-16.51.31:517][  0]LogConfig: Setting CVar [[r.EyeAdaptationQuality:2]]
[2019.04.11-16.51.31:517][  0]LogConfig: Setting CVar [[r.BloomQuality:5]]
[2019.04.11-16.51.31:517][  0]LogConfig: Setting CVar [[r.FastBlurThreshold:3]]
[2019.04.11-16.51.31:517][  0]LogConfig: Setting CVar [[r.Upscale.Quality:2]]
[2019.04.11-16.51.31:517][  0]LogConfig: Setting CVar [[r.Tonemapper.GrainQuantization:1]]
[2019.04.11-16.51.31:517][  0]LogConfig: Setting CVar [[r.LightShaftQuality:1]]
[2019.04.11-16.51.31:517][  0]LogConfig: Setting CVar [[r.Filter.SizeScale:0.8]]
[2019.04.11-16.51.31:517][  0]LogConfig: Setting CVar [[r.Tonemapper.Quality:5]]
[2019.04.11-16.51.31:517][  0]LogConfig: Setting CVar [[r.DOF.Gather.AccumulatorQuality:0        ; lower gathering accumulator quality]]
[2019.04.11-16.51.31:517][  0]LogConfig: Setting CVar [[r.DOF.Gather.PostfilterMethod:2          ; Max3x3 postfilering method]]
[2019.04.11-16.51.31:517][  0]LogConfig: Setting CVar [[r.DOF.Gather.EnableBokehSettings:0       ; no bokeh simulation when gathering]]
[2019.04.11-16.51.31:517][  0]LogConfig: Setting CVar [[r.DOF.Gather.RingCount:4                 ; medium number of samples when gathering]]
[2019.04.11-16.51.31:517][  0]LogConfig: Setting CVar [[r.DOF.Scatter.ForegroundCompositing:1    ; additive foreground scattering]]
[2019.04.11-16.51.31:518][  0]LogConfig: Setting CVar [[r.DOF.Scatter.BackgroundCompositing:1    ; no background occlusion]]
[2019.04.11-16.51.31:518][  0]LogConfig: Setting CVar [[r.DOF.Scatter.EnableBokehSettings:0      ; no bokeh simulation when scattering]]
[2019.04.11-16.51.31:518][  0]LogConfig: Setting CVar [[r.DOF.Scatter.MaxSpriteRatio:0.04        ; only a maximum of 4% of scattered bokeh]]
[2019.04.11-16.51.31:518][  0]LogConfig: Setting CVar [[r.DOF.Recombine.Quality:0                ; no slight out of focus]]
[2019.04.11-16.51.31:518][  0]LogConfig: Setting CVar [[r.DOF.TemporalAAQuality:0                ; faster temporal accumulation]]
[2019.04.11-16.51.31:518][  0]LogConfig: Setting CVar [[r.DOF.Kernel.MaxForegroundRadius:0.012   ; required because of AccumulatorQuality=0]]
[2019.04.11-16.51.31:518][  0]LogConfig: Setting CVar [[r.DOF.Kernel.MaxBackgroundRadius:0.012   ; required because of AccumulatorQuality=0]]
[2019.04.11-16.51.31:518][  0]LogConfig: Applying CVar settings from Section [TextureQuality@3] File [C:/Users/james/Desktop/Processes for OOS/COP4331-Project/ScaryMaze/Saved/Config/Windows/Scalability.ini]
[2019.04.11-16.51.31:518][  0]LogConfig: Setting CVar [[r.Streaming.MipBias:0]]
[2019.04.11-16.51.31:518][  0]LogConfig: Setting CVar [[r.Streaming.AmortizeCPUToGPUCopy:0]]
[2019.04.11-16.51.31:518][  0]LogConfig: Setting CVar [[r.Streaming.MaxNumTexturesToStreamPerFrame:0]]
[2019.04.11-16.51.31:518][  0]LogConfig: Setting CVar [[r.Streaming.Boost:1]]
[2019.04.11-16.51.31:518][  0]LogConfig: Setting CVar [[r.MaxAnisotropy:8]]
[2019.04.11-16.51.31:518][  0]LogConfig: Setting CVar [[r.Streaming.LimitPoolSizeToVRAM:0]]
[2019.04.11-16.51.31:518][  0]LogConfig: Setting CVar [[r.Streaming.PoolSize:1000]]
[2019.04.11-16.51.31:518][  0]LogConfig: Setting CVar [[r.Streaming.MaxEffectiveScreenSize:0]]
[2019.04.11-16.51.31:519][  0]LogConfig: Applying CVar settings from Section [EffectsQuality@1] File [C:/Users/james/Desktop/Processes for OOS/COP4331-Project/ScaryMaze/Saved/Config/Windows/Scalability.ini]
[2019.04.11-16.51.31:519][  0]LogConfig: Setting CVar [[r.TranslucencyLightingVolumeDim:32]]
[2019.04.11-16.51.31:519][  0]LogConfig: Setting CVar [[r.RefractionQuality:0]]
[2019.04.11-16.51.31:519][  0]LogConfig: Setting CVar [[r.SSR.Quality:0]]
[2019.04.11-16.51.31:519][  0]LogConfig: Setting CVar [[r.SceneColorFormat:3]]
[2019.04.11-16.51.31:519][  0]LogConfig: Setting CVar [[r.DetailMode:1]]
[2019.04.11-16.51.31:519][  0]LogConfig: Setting CVar [[r.TranslucencyVolumeBlur:0]]
[2019.04.11-16.51.31:519][  0]LogConfig: Setting CVar [[r.MaterialQualityLevel:2 ; Medium quality]]
[2019.04.11-16.51.31:519][  0]LogConfig: Setting CVar [[r.SSS.Scale:0.75]]
[2019.04.11-16.51.31:519][  0]LogConfig: Setting CVar [[r.SSS.SampleSet:0]]
[2019.04.11-16.51.31:519][  0]LogConfig: Setting CVar [[r.SSS.Quality:0]]
[2019.04.11-16.51.31:519][  0]LogConfig: Setting CVar [[r.SSS.HalfRes:1]]
[2019.04.11-16.51.31:519][  0]LogConfig: Setting CVar [[r.EmitterSpawnRateScale:0.25]]
[2019.04.11-16.51.31:519][  0]LogConfig: Setting CVar [[r.ParticleLightQuality:0]]
[2019.04.11-16.51.31:519][  0]LogConfig: Applying CVar settings from Section [FoliageQuality@0] File [C:/Users/james/Desktop/Processes for OOS/COP4331-Project/ScaryMaze/Saved/Config/Windows/Scalability.ini]
[2019.04.11-16.51.31:519][  0]LogConfig: Setting CVar [[foliage.DensityScale:0]]
[2019.04.11-16.51.31:520][  0]LogConfig: Setting CVar [[grass.DensityScale:0]]
[2019.04.11-16.51.31:520][  0]LogConfig: Applying CVar settings from Section [Startup] File [../../../Engine/Config/ConsoleVariables.ini]
[2019.04.11-16.51.31:520][  0]LogConfig: Setting CVar [[net.UseAdaptiveNetUpdateFrequency:0]]
[2019.04.11-16.51.31:520][  0]LogConfig: Applying CVar settings from Section [ConsoleVariables] File [C:/Users/james/Desktop/Processes for OOS/COP4331-Project/ScaryMaze/Saved/Config/Windows/Engine.ini]
[2019.04.11-16.51.31:647][  0]LogInit: Computer: LAPTOP-Q1QSGUBH
[2019.04.11-16.51.31:647][  0]LogInit: User: james
[2019.04.11-16.51.31:647][  0]LogInit: CPU Page size=4096, Cores=2
[2019.04.11-16.51.31:648][  0]LogInit: High frequency timer resolution =2.648441 MHz
[2019.04.11-16.51.31:648][  0]LogMemory: Memory total: Physical=7.9GB (8GB approx)
[2019.04.11-16.51.31:648][  0]LogMemory: Platform Memory Stats for Windows
[2019.04.11-16.51.31:648][  0]LogMemory: Process Physical Memory: 102.99 MB used, 102.99 MB peak
[2019.04.11-16.51.31:648][  0]LogMemory: Process Virtual Memory: 96.66 MB used, 96.66 MB peak
[2019.04.11-16.51.31:648][  0]LogMemory: Physical Memory: 5664.97 MB used,  2440.53 MB free, 8105.50 MB total
[2019.04.11-16.51.31:648][  0]LogMemory: Virtual Memory: 4640.91 MB used,  134213088.00 MB free, 134217728.00 MB total
[2019.04.11-16.51.34:427][  0]LogInit: Using OS detected language (en-US).
[2019.04.11-16.51.34:427][  0]LogInit: Using OS detected locale (en-US).
[2019.04.11-16.51.34:517][  0]LogTextLocalizationManager: No specific localization for 'en-US' exists, so the 'en' localization will be used.
[2019.04.11-16.51.35:868][  0]LogStreaming: Display: Took  1.443s to InitEngineTextLocalization.
[2019.04.11-16.51.35:878][  0]LogInit: Setting process to per monitor DPI aware
[2019.04.11-16.51.37:071][  0]LogSlate: New Slate User Created.  User Index 0, Is Virtual User: 0
[2019.04.11-16.51.37:072][  0]LogSlate: Slate User Registered.  User Index 0, Is Virtual User: 0
[2019.04.11-16.51.46:038][  0]LogHMD: Failed to initialize OpenVR with code 110
[2019.04.11-16.51.46:038][  0]LogD3D11RHI: D3D11 adapters:
[2019.04.11-16.51.47:578][  0]LogD3D11RHI:    0. 'NVIDIA GeForce 920MX' (Feature Level 11_0)
[2019.04.11-16.51.47:578][  0]LogD3D11RHI:       2010/0/4052 MB DedicatedVideo/DedicatedSystem/SharedSystem, Outputs:1, VendorId:0x10de
[2019.04.11-16.51.47:829][  0]LogD3D11RHI:    1. 'Intel(R) HD Graphics 620' (Feature Level 11_0)
[2019.04.11-16.51.47:829][  0]LogD3D11RHI:       128/0/4052 MB DedicatedVideo/DedicatedSystem/SharedSystem, Outputs:0, VendorId:0x8086
[2019.04.11-16.51.47:926][  0]LogD3D11RHI:    2. 'Microsoft Basic Render Driver' (Feature Level 11_0)
[2019.04.11-16.51.47:926][  0]LogD3D11RHI:       0/0/4052 MB DedicatedVideo/DedicatedSystem/SharedSystem, Outputs:0, VendorId:0x1414
[2019.04.11-16.51.47:926][  0]LogD3D11RHI: Chosen D3D11 Adapter: 0
[2019.04.11-16.51.48:013][  0]LogD3D11RHI: Creating new Direct3DDevice
[2019.04.11-16.51.48:013][  0]LogD3D11RHI:     GPU DeviceId: 0x134f (for the marketing name, search the web for "GPU Device Id")
[2019.04.11-16.51.48:013][  0]LogWindows: EnumDisplayDevices:
[2019.04.11-16.51.48:013][  0]LogWindows:    0. 'Intel(R) HD Graphics 620' (P:1 D:1)
[2019.04.11-16.51.48:014][  0]LogWindows:    1. 'Intel(R) HD Graphics 620' (P:0 D:0)
[2019.04.11-16.51.48:014][  0]LogWindows:    2. 'Intel(R) HD Graphics 620' (P:0 D:0)
[2019.04.11-16.51.48:015][  0]LogWindows: DebugString: PrimaryIsNotTheChoosenAdapter PrimaryIsNotTheChoosenAdapter PrimaryIsNotTheChoosenAdapter FoundDriverCount:0 
[2019.04.11-16.51.48:015][  0]LogD3D11RHI:     Adapter Name: NVIDIA GeForce 920MX
[2019.04.11-16.51.48:015][  0]LogD3D11RHI:   Driver Version: Unknown (internal:Unknown, unified:Unknown)
[2019.04.11-16.51.48:015][  0]LogD3D11RHI:      Driver Date: Unknown
[2019.04.11-16.51.48:026][  0]LogRHI: Texture pool is 1407 MB (70% of 2010 MB)
[2019.04.11-16.51.48:177][  0]LogD3D11RHI: Async texture creation enabled
[2019.04.11-16.51.48:774][  0]LogD3D11RHI: GPU Timing Frequency: 1000.000000 (Debug: 2 7)
[2019.04.11-16.51.50:531][  0]LogTemp: Display: Loaded TP AllDesktopTargetPlatform
[2019.04.11-16.51.50:563][  0]LogTemp: Display: Loaded TP MacClientTargetPlatform
[2019.04.11-16.51.50:624][  0]LogTemp: Display: Loaded TP MacNoEditorTargetPlatform
[2019.04.11-16.51.50:665][  0]LogTemp: Display: Loaded TP MacServerTargetPlatform
[2019.04.11-16.51.50:728][  0]LogTemp: Display: Loaded TP MacTargetPlatform
[2019.04.11-16.51.50:784][  0]LogTemp: Display: Loaded TP WindowsClientTargetPlatform
[2019.04.11-16.51.50:818][  0]LogTemp: Display: Loaded TP WindowsNoEditorTargetPlatform
[2019.04.11-16.51.50:858][  0]LogTemp: Display: Loaded TP WindowsServerTargetPlatform
[2019.04.11-16.51.50:889][  0]LogTemp: Display: Loaded TP WindowsTargetPlatform
[2019.04.11-16.51.51:021][  0]LogTemp: Display: Loaded TP AndroidTargetPlatform
[2019.04.11-16.51.51:021][  0]LogTemp: Display: Loaded TP AndroidTargetPlatform
[2019.04.11-16.51.51:021][  0]LogTemp: Display: Loaded TP AndroidTargetPlatform
[2019.04.11-16.51.51:021][  0]LogTemp: Display: Loaded TP AndroidTargetPlatform
[2019.04.11-16.51.51:021][  0]LogTemp: Display: Loaded TP AndroidTargetPlatform
[2019.04.11-16.51.51:021][  0]LogTemp: Display: Loaded TP AndroidTargetPlatform
[2019.04.11-16.51.51:022][  0]LogTemp: Display: Loaded TP AndroidTargetPlatform
[2019.04.11-16.51.51:022][  0]LogTemp: Display: Loaded TP AndroidTargetPlatform
[2019.04.11-16.51.51:022][  0]LogTemp: Display: Loaded TP AndroidTargetPlatform
[2019.04.11-16.51.51:022][  0]LogTemp: Display: Loaded TP AndroidTargetPlatform
[2019.04.11-16.51.51:022][  0]LogTemp: Display: Loaded TP AndroidTargetPlatform
[2019.04.11-16.51.51:022][  0]LogTemp: Display: Loaded TP AndroidTargetPlatform
[2019.04.11-16.51.51:022][  0]LogTemp: Display: Loaded TP AndroidTargetPlatform
[2019.04.11-16.51.51:022][  0]LogTemp: Display: Loaded TP AndroidTargetPlatform
[2019.04.11-16.51.51:022][  0]LogTemp: Display: Loaded TP AndroidTargetPlatform
[2019.04.11-16.51.51:022][  0]LogTemp: Display: Loaded TP AndroidTargetPlatform
[2019.04.11-16.51.51:022][  0]LogTemp: Display: Loaded TP AndroidTargetPlatform
[2019.04.11-16.51.51:022][  0]LogTemp: Display: Loaded TP AndroidTargetPlatform
[2019.04.11-16.51.51:044][  0]LogTemp: Display: Loaded TP HTML5TargetPlatform
[2019.04.11-16.51.51:250][  0]LogTemp: Display: Loaded TP IOSTargetPlatform
[2019.04.11-16.51.51:251][  0]LogTemp: Display: Loaded TP IOSTargetPlatform
[2019.04.11-16.51.51:314][  0]LogTemp: Display: Loaded TP TVOSTargetPlatform
[2019.04.11-16.51.51:314][  0]LogTemp: Display: Loaded TP TVOSTargetPlatform
[2019.04.11-16.51.51:344][  0]LogTemp: Display: Loaded TP LinuxClientTargetPlatform
[2019.04.11-16.51.51:395][  0]LogTemp: Display: Loaded TP LinuxNoEditorTargetPlatform
[2019.04.11-16.51.51:420][  0]LogTemp: Display: Loaded TP LinuxServerTargetPlatform
[2019.04.11-16.51.51:495][  0]LogTemp: Display: Loaded TP LinuxTargetPlatform
[2019.04.11-16.51.51:571][  0]LogTemp: Display: Loaded TP LuminTargetPlatform
[2019.04.11-16.51.51:571][  0]LogTemp: Display: Loaded TP LuminTargetPlatform
[2019.04.11-16.51.51:571][  0]LogTargetPlatformManager: Display: Building Assets For Windows
[2019.04.11-16.51.52:726][  0]LogShaderCompilers: Guid format shader working directory is -36 characters bigger than the processId version (../../../../../../Users/james/Desktop/Processes for OOS/COP4331-Project/ScaryMaze/Intermediate/Shaders/WorkingDirectory/15800/).
[2019.04.11-16.51.52:727][  0]LogShaderCompilers: Cleaned the shader compiler working directory 'C:/Users/james/AppData/Local/Temp/UnrealShaderWorkingDir/02AFD10444442CE640AA02B72080E31E/'.
[2019.04.11-16.51.52:748][  0]LogXGEController: Cleaning working directory: C:/Users/james/AppData/Local/Temp/UnrealXGEWorkingDir/
[2019.04.11-16.51.52:749][  0]LogXGEController: Cannot use XGE Controller as Incredibuild is not installed on this machine.
[2019.04.11-16.51.52:750][  0]LogShaderCompilers: Cannot use XGE Shader Compiler as Incredibuild is not installed on this machine.
[2019.04.11-16.51.52:750][  0]LogShaderCompilers: Display: Using Local Shader Compiler.
[2019.04.11-16.52.01:225][  0]LogDerivedDataCache: Display: Max Cache Size: 512 MB
[2019.04.11-16.52.02:755][  0]LogDerivedDataCache: Loaded boot cache 1.51s 124MB C:/Users/james/AppData/Local/UnrealEngine/4.21/DerivedDataCache/Boot.ddc.
[2019.04.11-16.52.02:755][  0]LogDerivedDataCache: Display: Loaded Boot cache: C:/Users/james/AppData/Local/UnrealEngine/4.21/DerivedDataCache/Boot.ddc
[2019.04.11-16.52.02:756][  0]LogDerivedDataCache: FDerivedDataBackendGraph:  Pak pak cache file ../../../../../../Users/james/Desktop/Processes for OOS/COP4331-Project/ScaryMaze/DerivedDataCache/DDC.ddp not found, will not use a pak cache.
[2019.04.11-16.52.02:756][  0]LogDerivedDataCache: Unable to find inner node Pak for hierarchical cache Hierarchy.
[2019.04.11-16.52.02:756][  0]LogDerivedDataCache: FDerivedDataBackendGraph:  CompressedPak pak cache file ../../../../../../Users/james/Desktop/Processes for OOS/COP4331-Project/ScaryMaze/DerivedDataCache/Compressed.ddp not found, will not use a pak cache.
[2019.04.11-16.52.02:756][  0]LogDerivedDataCache: Unable to find inner node CompressedPak for hierarchical cache Hierarchy.
[2019.04.11-16.52.02:819][  0]LogDerivedDataCache: Display: Pak cache opened for reading ../../../Engine/DerivedDataCache/Compressed.ddp.
[2019.04.11-16.52.02:819][  0]LogDerivedDataCache: FDerivedDataBackendGraph:  EnterprisePak pak cache file ../../../Enterprise/DerivedDataCache/Compressed.ddp not found, will not use a pak cache.
[2019.04.11-16.52.02:819][  0]LogDerivedDataCache: Unable to find inner node EnterprisePak for hierarchical cache Hierarchy.
[2019.04.11-16.52.02:883][  0]LogDerivedDataCache: Using Local data cache path C:/Users/james/AppData/Local/UnrealEngine/Common/DerivedDataCache: Writable
[2019.04.11-16.52.02:883][  0]LogDerivedDataCache: Shared data cache path not found in *engine.ini, will not use an Shared cache.
[2019.04.11-16.52.02:883][  0]LogDerivedDataCache: Unable to find inner node Shared for hierarchical cache Hierarchy.
[2019.04.11-16.52.03:026][  0]LogMaterial: Verifying Global Shaders for PCD3D_SM5
[2019.04.11-16.52.03:097][  0]LogSlate: Using FreeType 2.6.0
[2019.04.11-16.52.03:210][  0]LogSlate: SlateFontServices - WITH_FREETYPE: 1, WITH_HARFBUZZ: 1
[2019.04.11-16.52.06:121][  0]LogAssetRegistry: FAssetRegistry took 0.0656 seconds to start up
[2019.04.11-16.52.13:527][  0]LogInit: Selected Device Profile: [Windows]
[2019.04.11-16.52.17:966][  0]LogSimplygon: Simplygon DLL not present - disabling.
[2019.04.11-16.52.18:133][  0]LogMeshReduction: Using SimplygonSwarm for distributed automatic mesh merging
[2019.04.11-16.52.18:140][  0]LogMeshReduction: Using ProxyLODMeshReduction for automatic mesh merging
[2019.04.11-16.52.18:164][  0]LogMeshReduction: Using QuadricMeshReduction for automatic static mesh reduction
[2019.04.11-16.52.18:164][  0]LogMeshReduction: No automatic skeletal mesh reduction module available
[2019.04.11-16.52.18:841][  0]LogNetVersion: ScaryMaze 1.0.0, NetCL: 4541578, EngineNetVer: 5, GameNetVer: 0 (Checksum: 3370334168)
[2019.04.11-16.52.27:402][  0]LogPackageLocalizationCache: Processed 11 localized package path(s) for 2 prioritized culture(s) in 0.222373 seconds
[2019.04.11-16.52.27:418][  0]LogUObjectArray: 39775 objects as part of root set at end of initial load.
[2019.04.11-16.52.27:418][  0]LogUObjectAllocator: 6914656 out of 0 bytes used by permanent object pool.
[2019.04.11-16.52.27:418][  0]LogUObjectArray: CloseDisregardForGC: 0/0 objects in disregard for GC pool
[2019.04.11-16.52.54:264][  0]LogTcpMessaging: Initializing TcpMessaging bridge
[2019.04.11-16.52.54:314][  0]LogUdpMessaging: Initializing bridge on interface 0.0.0.0:0 to multicast group 230.0.0.1:6666.
[2019.04.11-16.52.58:301][  0]LogBlueprint: Warning: Node '/Game/MixamoAnimPack/MixamoCharacter_Master.MixamoCharacter_Master:EdGraph_0.K2Node_FunctionEntry_19' missing NodeGuid because of upgrade from old package version, this can cause deterministic cooking issues please resave package.
[2019.04.11-16.53.03:244][  0]LogBlueprint: Warning: Node '/Game/MixamoAnimPack/MixamoCharacter_Master.MixamoCharacter_Master:EventGraph.EdGraphNode_Comment_93' missing NodeGuid because of upgrade from old package version, this can cause deterministic cooking issues please resave package.
[2019.04.11-16.53.03:244][  0]LogBlueprint: Warning: Node '/Game/MixamoAnimPack/MixamoCharacter_Master.MixamoCharacter_Master:EventGraph.K2Node_Comment_1' missing NodeGuid because of upgrade from old package version, this can cause deterministic cooking issues please resave package.
[2019.04.11-16.53.03:244][  0]LogBlueprint: Warning: Node '/Game/MixamoAnimPack/MixamoCharacter_Master.MixamoCharacter_Master:EventGraph.K2Node_Comment_39' missing NodeGuid because of upgrade from old package version, this can cause deterministic cooking issues please resave package.
[2019.04.11-16.53.03:244][  0]LogBlueprint: Warning: Node '/Game/MixamoAnimPack/MixamoCharacter_Master.MixamoCharacter_Master:EventGraph.K2Node_Comment_56' missing NodeGuid because of upgrade from old package version, this can cause deterministic cooking issues please resave package.
[2019.04.11-16.53.03:245][  0]LogBlueprint: Warning: Node '/Game/MixamoAnimPack/MixamoCharacter_Master.MixamoCharacter_Master:EventGraph.K2Node_CallFunction_108971' missing NodeGuid because of upgrade from old package version, this can cause deterministic cooking issues please resave package.
[2019.04.11-16.53.03:246][  0]LogBlueprint: Warning: Node '/Game/MixamoAnimPack/MixamoCharacter_Master.MixamoCharacter_Master:EventGraph.K2Node_CallFunction_112027' missing NodeGuid because of upgrade from old package version, this can cause deterministic cooking issues please resave package.
[2019.04.11-16.53.03:246][  0]LogBlueprint: Warning: Node '/Game/MixamoAnimPack/MixamoCharacter_Master.MixamoCharacter_Master:EventGraph.K2Node_CallFunction_20844' missing NodeGuid because of upgrade from old package version, this can cause deterministic cooking issues please resave package.
[2019.04.11-16.53.03:246][  0]LogBlueprint: Warning: Node '/Game/MixamoAnimPack/MixamoCharacter_Master.MixamoCharacter_Master:EventGraph.K2Node_CallFunction_21305' missing NodeGuid because of upgrade from old package version, this can cause deterministic cooking issues please resave package.
[2019.04.11-16.53.03:246][  0]LogBlueprint: Warning: Node '/Game/MixamoAnimPack/MixamoCharacter_Master.MixamoCharacter_Master:EventGraph.K2Node_CallFunction_3716' missing NodeGuid because of upgrade from old package version, this can cause deterministic cooking issues please resave package.
[2019.04.11-16.53.03:247][  0]LogBlueprint: Warning: Node '/Game/MixamoAnimPack/MixamoCharacter_Master.MixamoCharacter_Master:EventGraph.K2Node_CallFunction_4184' missing NodeGuid because of upgrade from old package version, this can cause deterministic cooking issues please resave package.
[2019.04.11-16.53.03:247][  0]LogBlueprint: Warning: Node '/Game/MixamoAnimPack/MixamoCharacter_Master.MixamoCharacter_Master:EventGraph.K2Node_CallFunction_4223' missing NodeGuid because of upgrade from old package version, this can cause deterministic cooking issues please resave package.
[2019.04.11-16.53.03:247][  0]LogBlueprint: Warning: Node '/Game/MixamoAnimPack/MixamoCharacter_Master.MixamoCharacter_Master:EventGraph.K2Node_CallFunction_4678' missing NodeGuid because of upgrade from old package version, this can cause deterministic cooking issues please resave package.
[2019.04.11-16.53.03:247][  0]LogBlueprint: Warning: Node '/Game/MixamoAnimPack/MixamoCharacter_Master.MixamoCharacter_Master:EventGraph.K2Node_CallFunction_61214' missing NodeGuid because of upgrade from old package version, this can cause deterministic cooking issues please resave package.
[2019.04.11-16.53.03:247][  0]LogBlueprint: Warning: Node '/Game/MixamoAnimPack/MixamoCharacter_Master.MixamoCharacter_Master:EventGraph.K2Node_CallFunction_61534' missing NodeGuid because of upgrade from old package version, this can cause deterministic cooking issues please resave package.
[2019.04.11-16.53.03:247][  0]LogBlueprint: Warning: Node '/Game/MixamoAnimPack/MixamoCharacter_Master.MixamoCharacter_Master:EventGraph.K2Node_CallFunction_65164' missing NodeGuid because of upgrade from old package version, this can cause deterministic cooking issues please resave package.
[2019.04.11-16.53.03:248][  0]LogBlueprint: Warning: Node '/Game/MixamoAnimPack/MixamoCharacter_Master.MixamoCharacter_Master:EventGraph.K2Node_CallFunction_7346' missing NodeGuid because of upgrade from old package version, this can cause deterministic cooking issues please resave package.
[2019.04.11-16.53.03:248][  0]LogBlueprint: Warning: Node '/Game/MixamoAnimPack/MixamoCharacter_Master.MixamoCharacter_Master:EventGraph.K2Node_CallFunction_8160' missing NodeGuid because of upgrade from old package version, this can cause deterministic cooking issues please resave package.
[2019.04.11-16.53.03:248][  0]LogBlueprint: Warning: Node '/Game/MixamoAnimPack/MixamoCharacter_Master.MixamoCharacter_Master:EventGraph.K2Node_CallFunction_8427' missing NodeGuid because of upgrade from old package version, this can cause deterministic cooking issues please resave package.
[2019.04.11-16.53.03:248][  0]LogBlueprint: Warning: Node '/Game/MixamoAnimPack/MixamoCharacter_Master.MixamoCharacter_Master:EventGraph.K2Node_CallFunction_8733' missing NodeGuid because of upgrade from old package version, this can cause deterministic cooking issues please resave package.
[2019.04.11-16.53.03:248][  0]LogBlueprint: Warning: Node '/Game/MixamoAnimPack/MixamoCharacter_Master.MixamoCharacter_Master:EventGraph.K2Node_CallFunction_87421' missing NodeGuid because of upgrade from old package version, this can cause deterministic cooking issues please resave package.
[2019.04.11-16.53.03:248][  0]LogBlueprint: Warning: Node '/Game/MixamoAnimPack/MixamoCharacter_Master.MixamoCharacter_Master:EventGraph.K2Node_CallFunction_8781' missing NodeGuid because of upgrade from old package version, this can cause deterministic cooking issues please resave package.
[2019.04.11-16.53.03:249][  0]LogBlueprint: Warning: Node '/Game/MixamoAnimPack/MixamoCharacter_Master.MixamoCharacter_Master:EventGraph.K2Node_CommutativeAssociativeBinaryOperator_153' missing NodeGuid because of upgrade from old package version, this can cause deterministic cooking issues please resave package.
[2019.04.11-16.53.03:249][  0]LogBlueprint: Warning: Node '/Game/MixamoAnimPack/MixamoCharacter_Master.MixamoCharacter_Master:EventGraph.K2Node_CommutativeAssociativeBinaryOperator_155' missing NodeGuid because of upgrade from old package version, this can cause deterministic cooking issues please resave package.
[2019.04.11-16.53.03:249][  0]LogBlueprint: Warning: Node '/Game/MixamoAnimPack/MixamoCharacter_Master.MixamoCharacter_Master:EventGraph.K2Node_DynamicCast_179' missing NodeGuid because of upgrade from old package version, this can cause deterministic cooking issues please resave package.
[2019.04.11-16.53.03:249][  0]LogBlueprint: Warning: Node '/Game/MixamoAnimPack/MixamoCharacter_Master.MixamoCharacter_Master:UserConstructionScript.K2Node_FunctionEntry_19' missing NodeGuid because of upgrade from old package version, this can cause deterministic cooking issues please resave package.
[2019.04.11-16.53.03:249][  0]LogBlueprint: Warning: Node '/Game/MixamoAnimPack/MixamoCharacter_Master.MixamoCharacter_Master:EventGraph.K2Node_IfThenElse_203' missing NodeGuid because of upgrade from old package version, this can cause deterministic cooking issues please resave package.
[2019.04.11-16.53.03:249][  0]LogBlueprint: Warning: Node '/Game/MixamoAnimPack/MixamoCharacter_Master.MixamoCharacter_Master:EventGraph.K2Node_IfThenElse_27' missing NodeGuid because of upgrade from old package version, this can cause deterministic cooking issues please resave package.
[2019.04.11-16.53.03:250][  0]LogBlueprint: Warning: Node '/Game/MixamoAnimPack/MixamoCharacter_Master.MixamoCharacter_Master:EventGraph.K2Node_IfThenElse_41' missing NodeGuid because of upgrade from old package version, this can cause deterministic cooking issues please resave package.
[2019.04.11-16.53.03:250][  0]LogBlueprint: Warning: Node '/Game/MixamoAnimPack/MixamoCharacter_Master.MixamoCharacter_Master:EventGraph.K2Node_InputAction_52' missing NodeGuid because of upgrade from old package version, this can cause deterministic cooking issues please resave package.
[2019.04.11-16.53.03:250][  0]LogBlueprint: Warning: Node '/Game/MixamoAnimPack/MixamoCharacter_Master.MixamoCharacter_Master:EventGraph.K2Node_InputAxisEvent_1058' missing NodeGuid because of upgrade from old package version, this can cause deterministic cooking issues please resave package.
[2019.04.11-16.53.03:250][  0]LogBlueprint: Warning: Node '/Game/MixamoAnimPack/MixamoCharacter_Master.MixamoCharacter_Master:EventGraph.K2Node_InputAxisEvent_1657' missing NodeGuid because of upgrade from old package version, this can cause deterministic cooking issues please resave package.
[2019.04.11-16.53.03:250][  0]LogBlueprint: Warning: Node '/Game/MixamoAnimPack/MixamoCharacter_Master.MixamoCharacter_Master:EventGraph.K2Node_InputAxisEvent_43' missing NodeGuid because of upgrade from old package version, this can cause deterministic cooking issues please resave package.
[2019.04.11-16.53.03:251][  0]LogBlueprint: Warning: Node '/Game/MixamoAnimPack/MixamoCharacter_Master.MixamoCharacter_Master:EventGraph.K2Node_InputAxisEvent_50' missing NodeGuid because of upgrade from old package version, this can cause deterministic cooking issues please resave package.
[2019.04.11-16.53.03:251][  0]LogBlueprint: Warning: Node '/Game/MixamoAnimPack/MixamoCharacter_Master.MixamoCharacter_Master:EventGraph.K2Node_InputAxisEvent_55' missing NodeGuid because of upgrade from old package version, this can cause deterministic cooking issues please resave package.
[2019.04.11-16.53.03:251][  0]LogBlueprint: Warning: Node '/Game/MixamoAnimPack/MixamoCharacter_Master.MixamoCharacter_Master:EventGraph.K2Node_InputAxisEvent_86' missing NodeGuid because of upgrade from old package version, this can cause deterministic cooking issues please resave package.
[2019.04.11-16.53.03:251][  0]LogBlueprint: Warning: Node '/Game/MixamoAnimPack/MixamoCharacter_Master.MixamoCharacter_Master:EventGraph.K2Node_InputKey_17975' missing NodeGuid because of upgrade from old package version, this can cause deterministic cooking issues please resave package.
[2019.04.11-16.53.03:251][  0]LogBlueprint: Warning: Node '/Game/MixamoAnimPack/MixamoCharacter_Master.MixamoCharacter_Master:EventGraph.K2Node_VariableGet_1700' missing NodeGuid because of upgrade from old package version, this can cause deterministic cooking issues please resave package.
[2019.04.11-16.53.03:252][  0]LogBlueprint: Warning: Node '/Game/MixamoAnimPack/MixamoCharacter_Master.MixamoCharacter_Master:EventGraph.K2Node_VariableGet_174' missing NodeGuid because of upgrade from old package version, this can cause deterministic cooking issues please resave package.
[2019.04.11-16.53.03:252][  0]LogBlueprint: Warning: Node '/Game/MixamoAnimPack/MixamoCharacter_Master.MixamoCharacter_Master:EventGraph.K2Node_VariableGet_190' missing NodeGuid because of upgrade from old package version, this can cause deterministic cooking issues please resave package.
[2019.04.11-16.53.03:252][  0]LogBlueprint: Warning: Node '/Game/MixamoAnimPack/MixamoCharacter_Master.MixamoCharacter_Master:EventGraph.K2Node_VariableGet_91' missing NodeGuid because of upgrade from old package version, this can cause deterministic cooking issues please resave package.
[2019.04.11-16.53.03:253][  0]LogBlueprint: Warning: Node '/Game/MixamoAnimPack/MixamoCharacter_Master.MixamoCharacter_Master:EventGraph.K2Node_VariableGet_93' missing NodeGuid because of upgrade from old package version, this can cause deterministic cooking issues please resave package.
[2019.04.11-16.53.03:253][  0]LogBlueprint: Warning: Node '/Game/MixamoAnimPack/MixamoCharacter_Master.MixamoCharacter_Master:EventGraph.K2Node_VariableSet_1333' missing NodeGuid because of upgrade from old package version, this can cause deterministic cooking issues please resave package.
[2019.04.11-16.53.03:253][  0]LogBlueprint: Warning: Node '/Game/MixamoAnimPack/MixamoCharacter_Master.MixamoCharacter_Master:EventGraph.K2Node_VariableSet_1684' missing NodeGuid because of upgrade from old package version, this can cause deterministic cooking issues please resave package.
[2019.04.11-16.53.03:253][  0]LogBlueprint: Warning: Node '/Game/MixamoAnimPack/MixamoCharacter_Master.MixamoCharacter_Master:EventGraph.K2Node_VariableSet_1685' missing NodeGuid because of upgrade from old package version, this can cause deterministic cooking issues please resave package.
[2019.04.11-16.53.03:253][  0]LogBlueprint: Warning: Node '/Game/MixamoAnimPack/MixamoCharacter_Master.MixamoCharacter_Master:EventGraph.K2Node_VariableSet_660' missing NodeGuid because of upgrade from old package version, this can cause deterministic cooking issues please resave package.
[2019.04.11-16.53.03:253][  0]LogBlueprint: Warning: Node '/Game/MixamoAnimPack/MixamoCharacter_Master.MixamoCharacter_Master:EventGraph.K2Node_VariableSet_803' missing NodeGuid because of upgrade from old package version, this can cause deterministic cooking issues please resave package.
[2019.04.11-16.53.03:253][  0]LogBlueprint: Warning: Node '/Game/MixamoAnimPack/MixamoCharacter_Master.MixamoCharacter_Master:EventGraph.K2Node_VariableSet_850' missing NodeGuid because of upgrade from old package version, this can cause deterministic cooking issues please resave package.
[2019.04.11-16.53.10:914][  0]SourceControl: Source control is disabled
[2019.04.11-16.53.10:915][  0]SourceControl: Source control is disabled
[2019.04.11-16.53.11:046][  0]SourceControl: Source control is disabled
[2019.04.11-16.53.11:068][  0]SourceControl: Source control is disabled
[2019.04.11-16.53.12:870][  0]LogAndroidPermission: UAndroidPermissionCallbackProxy::GetInstance
[2019.04.11-16.53.13:504][  0]LogOcInput: OculusInput pre-init called
[2019.04.11-16.53.15:965][  0]LogEngine: Initializing Engine...
[2019.04.11-16.53.16:066][  0]LogHMD: Failed to initialize OpenVR with code 110
[2019.04.11-16.53.16:116][  0]LogStats: UGameplayTagsManager::ConstructGameplayTagTree: ImportINI prefixes -  0.000 s
[2019.04.11-16.53.16:116][  0]LogStats: UGameplayTagsManager::ConstructGameplayTagTree: Construct from data asset -  0.000 s
[2019.04.11-16.53.16:124][  0]LogStats: UGameplayTagsManager::ConstructGameplayTagTree: ImportINI -  0.008 s
[2019.04.11-16.53.16:124][  0]LogStats: UGameplayTagsManager::ConstructGameplayTagTree: GameplayTagTreeChangedEvent.Broadcast -  0.000 s
[2019.04.11-16.53.17:598][  0]LogInit: Initializing FReadOnlyCVARCache
[2019.04.11-16.53.19:732][  0]LogAIModule: Creating AISystem for world Untitled
[2019.04.11-16.53.20:657][  0]LogInit: XAudio2 using 'Speakers (Realtek High Definition Audio)' : 2 channels at 48 kHz using 16 bits per sample (channel mask 0x3)
[2019.04.11-16.53.21:020][  0]LogInit: FAudioDevice initialized.
[2019.04.11-16.53.21:085][  0]LogNetVersion: Set ProjectVersion to 1.0.0.0. Version Checksum will be recalculated on next use.
[2019.04.11-16.53.23:078][  0]LogDerivedDataCache: Saved boot cache 1.97s 124MB C:/Users/james/AppData/Local/UnrealEngine/4.21/DerivedDataCache/Boot.ddc.
[2019.04.11-16.53.23:126][  0]LogInit: Texture streaming: Enabled
[2019.04.11-16.53.24:923][  0]LogEngineSessionManager: EngineSessionManager initialized
[2019.04.11-16.53.24:955][  0]LogEngineSessionManager: EngineSessionManager sent abnormal shutdown report. Type=Debugger, SessionId={B646AC96-4010-B912-93E5-F9B158257617}
[2019.04.11-16.53.25:410][  0]LogInit: Transaction tracking system initialized
[2019.04.11-16.53.26:156][  0]BlueprintLog: New page: Editor Load
[2019.04.11-16.53.28:987][  0]LocalizationService: Localization service is disabled
[2019.04.11-16.53.37:491][  0]LogFileCache: Scanning file cache for directory 'C:/Users/james/Desktop/Processes for OOS/COP4331-Project/ScaryMaze/Content/' took 0.07s
[2019.04.11-16.53.37:491][  0]LogCook: Display: Max memory allowance for cook 16384mb min free memory 0mb
[2019.04.11-16.53.37:491][  0]LogCook: Display: Mobile HDR setting 1
[2019.04.11-16.53.37:504][  0]LogGameplayTags: Display: UGameplayTagsManager::DoneAddingNativeTags. DelegateIsBound: 0
[2019.04.11-16.53.37:504][  0]LogStats: UGameplayTagsManager::ConstructGameplayTagTree: ImportINI prefixes -  0.000 s
[2019.04.11-16.53.37:505][  0]LogStats: UGameplayTagsManager::ConstructGameplayTagTree: Construct from data asset -  0.000 s
[2019.04.11-16.53.37:505][  0]LogStats: UGameplayTagsManager::ConstructGameplayTagTree: ImportINI -  0.000 s
[2019.04.11-16.53.37:505][  0]LogStats: UGameplayTagsManager::ConstructGameplayTagTree: GameplayTagTreeChangedEvent.Broadcast -  0.000 s
[2019.04.11-16.53.40:507][  0]SourceControl: Source control is disabled
[2019.04.11-16.53.40:579][  0]Cmd: MAP LOAD FILE="../../../../../../Users/james/Desktop/Processes for OOS/COP4331-Project/ScaryMaze/Content/MainMenuLevel.umap" TEMPLATE=0 SHOWPROGRESS=1 FEATURELEVEL=3
[2019.04.11-16.53.40:691][  0]LightingResults: New page: Lighting Build
[2019.04.11-16.53.40:985][  0]MapCheck: New page: Map Check
[2019.04.11-16.53.40:985][  0]LightingResults: New page: Lighting Build
[2019.04.11-16.53.42:168][  0]LogAIModule: Creating AISystem for world MainMenuLevel
[2019.04.11-16.53.42:521][  0]LogEditorServer: Finished looking for orphan Actors (0.000 secs)
[2019.04.11-16.53.42:814][  0]Cmd: MAP CHECKDEP NOCLEARLOG
[2019.04.11-16.53.42:828][  0]MapCheck: Map check complete: 0 Error(s), 0 Warning(s), took 0.261ms to complete.
[2019.04.11-16.53.42:838][  0]LogFileHelpers: Loading map 'MainMenuLevel' took 2.281
[2019.04.11-16.53.45:838][  0]LogSlate: Updating window title bar state: overlay mode, drag disabled, window buttons hidden, title bar hidden
[2019.04.11-16.53.45:900][  0]LogSlate: Updating window title bar state: overlay mode, drag disabled, window buttons hidden, title bar hidden
[2019.04.11-16.53.45:909][  0]LogSlate: Updating window title bar state: overlay mode, drag disabled, window buttons hidden, title bar hidden
[2019.04.11-16.53.45:917][  0]LogSlate: Updating window title bar state: overlay mode, drag disabled, window buttons hidden, title bar hidden
[2019.04.11-16.53.46:130][  0]LogCollectionManager: Loaded 0 collections in 0.005667 seconds
[2019.04.11-16.53.46:497][  0]LogFileCache: Scanning file cache for directory 'C:/Users/james/Desktop/Processes for OOS/COP4331-Project/ScaryMaze/Saved/Collections/' took 0.01s
[2019.04.11-16.53.46:498][  0]LogFileCache: Scanning file cache for directory 'C:/Users/james/Desktop/Processes for OOS/COP4331-Project/ScaryMaze/Content/Developers/james/Collections/' took 0.01s
[2019.04.11-16.53.46:498][  0]LogFileCache: Scanning file cache for directory 'C:/Users/james/Desktop/Processes for OOS/COP4331-Project/ScaryMaze/Content/Collections/' took 0.01s
[2019.04.11-16.53.46:498][  0]LogCollectionManager: Rebuilt the GUID cache for 0 collections in 0.000001 seconds
[2019.04.11-16.53.46:602][  0]LogContentBrowser: Native class hierarchy populated in 0.0786 seconds. Added 2675 classes and 622 folders.
[2019.04.11-16.53.46:805][  0]LogContentBrowser: Native class hierarchy updated for 'WidgetCarousel' in 0.0006 seconds. Added 0 classes and 0 folders.
[2019.04.11-16.53.46:905][  0]LogPakFile: Registered encryption key '00000000000000000000000000000000': 0 pak files mounted, 0 remain pending
[2019.04.11-16.53.46:968][  0]LogPakFile: Registered encryption key '00000000000000000000000000000000': 0 pak files mounted, 0 remain pending
[2019.04.11-16.53.46:994][  0]LogPakFile: Registered encryption key '00000000000000000000000000000000': 0 pak files mounted, 0 remain pending
[2019.04.11-16.53.47:022][  0]LogPakFile: Registered encryption key '00000000000000000000000000000000': 0 pak files mounted, 0 remain pending
[2019.04.11-16.53.47:043][  0]LogPakFile: Registered encryption key '00000000000000000000000000000000': 0 pak files mounted, 0 remain pending
[2019.04.11-16.53.47:060][  0]LogPakFile: Registered encryption key '00000000000000000000000000000000': 0 pak files mounted, 0 remain pending
[2019.04.11-16.53.47:080][  0]LogPakFile: Registered encryption key '00000000000000000000000000000000': 0 pak files mounted, 0 remain pending
[2019.04.11-16.53.47:099][  0]LogPakFile: Registered encryption key '00000000000000000000000000000000': 0 pak files mounted, 0 remain pending
[2019.04.11-16.53.47:114][  0]LogPakFile: Registered encryption key '00000000000000000000000000000000': 0 pak files mounted, 0 remain pending
[2019.04.11-16.53.47:167][  0]LogPakFile: Registered encryption key '00000000000000000000000000000000': 0 pak files mounted, 0 remain pending
[2019.04.11-16.53.47:190][  0]LogPakFile: Registered encryption key '00000000000000000000000000000000': 0 pak files mounted, 0 remain pending
[2019.04.11-16.53.47:211][  0]LogPakFile: Registered encryption key '00000000000000000000000000000000': 0 pak files mounted, 0 remain pending
[2019.04.11-16.53.47:228][  0]LogPakFile: Registered encryption key '00000000000000000000000000000000': 0 pak files mounted, 0 remain pending
[2019.04.11-16.53.47:267][  0]LogPakFile: Registered encryption key '00000000000000000000000000000000': 0 pak files mounted, 0 remain pending
[2019.04.11-16.53.47:288][  0]LogPakFile: Registered encryption key '00000000000000000000000000000000': 0 pak files mounted, 0 remain pending
[2019.04.11-16.53.47:376][  0]LogPakFile: Registered encryption key '00000000000000000000000000000000': 0 pak files mounted, 0 remain pending
[2019.04.11-16.53.47:424][  0]LogPakFile: Registered encryption key '00000000000000000000000000000000': 0 pak files mounted, 0 remain pending
[2019.04.11-16.53.47:463][  0]LogPakFile: Registered encryption key '00000000000000000000000000000000': 0 pak files mounted, 0 remain pending
[2019.04.11-16.53.47:486][  0]LogPakFile: Registered encryption key '00000000000000000000000000000000': 0 pak files mounted, 0 remain pending
[2019.04.11-16.53.47:499][  0]LogPakFile: Registered encryption key '00000000000000000000000000000000': 0 pak files mounted, 0 remain pending
[2019.04.11-16.53.47:544][  0]LogPakFile: Registered encryption key '00000000000000000000000000000000': 0 pak files mounted, 0 remain pending
[2019.04.11-16.53.47:591][  0]LogPakFile: Registered encryption key '00000000000000000000000000000000': 0 pak files mounted, 0 remain pending
[2019.04.11-16.53.47:606][  0]LogPakFile: Registered encryption key '00000000000000000000000000000000': 0 pak files mounted, 0 remain pending
[2019.04.11-16.53.47:623][  0]LogPakFile: Registered encryption key '00000000000000000000000000000000': 0 pak files mounted, 0 remain pending
[2019.04.11-16.53.47:659][  0]LogPakFile: Registered encryption key '00000000000000000000000000000000': 0 pak files mounted, 0 remain pending
[2019.04.11-16.53.47:677][  0]LogPakFile: Registered encryption key '00000000000000000000000000000000': 0 pak files mounted, 0 remain pending
[2019.04.11-16.53.48:779][  0]LogContentBrowser: Native class hierarchy updated for 'AddContentDialog' in 0.0006 seconds. Added 0 classes and 0 folders.
[2019.04.11-16.53.48:883][  0]LogContentBrowser: Native class hierarchy updated for 'SceneOutliner' in 0.0007 seconds. Added 1 classes and 2 folders.
[2019.04.11-16.53.49:921][  0]LogSlate: Took 0.016591 seconds to synchronously load lazily loaded font '../../../Engine/Content/Slate/Fonts/Roboto-Regular.ttf' (155K)
[2019.04.11-16.53.49:983][  0]LogSlate: Took 0.038872 seconds to synchronously load lazily loaded font '../../../Engine/Content/Slate/Fonts/Roboto-Bold.ttf' (160K)
[2019.04.11-16.53.50:116][  0]LogSlate: Took 0.024778 seconds to synchronously load lazily loaded font '../../../Engine/Content/Editor/Slate/Fonts/FontAwesome.ttf' (139K)
[2019.04.11-16.53.51:421][  0]LogRenderer: Reallocating scene render targets to support 732x360 Format 9 NumSamples 1 (Frame:1).
[2019.04.11-16.53.54:143][  0]LogSlate: Took 0.036656 seconds to synchronously load lazily loaded font '../../../Engine/Content/Slate/Fonts/Roboto-Light.ttf' (167K)
[2019.04.11-16.53.55:206][  0]LogContentBrowser: Native class hierarchy updated for 'HierarchicalLODOutliner' in 0.0009 seconds. Added 0 classes and 0 folders.
[2019.04.11-16.53.55:206][  0]LogLoad: (Engine Initialization) Total time: 170.31 seconds
[2019.04.11-16.53.55:207][  0]LogLoad: (Engine Initialization) Total Blueprint compile time: 0.00 seconds
[2019.04.11-16.53.56:226][  0]LogContentStreaming: Texture pool size now 1000 MB
[2019.04.11-16.53.58:489][  6]LogAssetRegistry: Asset discovery search completed in 112.3939 seconds
[2019.04.11-16.53.58:604][  6]LogCollectionManager: Rebuilt the object cache for 0 collections in 0.000002 seconds (found 0 objects)
[2019.04.11-16.53.58:605][  6]LogCollectionManager: Fixed up redirectors for 0 collections in 0.013728 seconds (updated 0 objects)
[2019.04.11-16.54.06:926][458]LogSlate: FSceneViewport::OnFocusLost() reason 0
[2019.04.11-16.54.10:850][663]LogSlate: Took 0.000342 seconds to synchronously load lazily loaded font '../../../Engine/Content/Slate/Fonts/Roboto-Light.ttf' (167K)
[2019.04.11-16.54.10:875][663]LogAssetEditorManager: Opening Asset editor for WidgetBlueprint /Game/MainMenu/MainMenu.MainMenu
[2019.04.11-16.54.13:353][663]LogContentBrowser: Native class hierarchy updated for 'BlueprintGraph' in 0.0014 seconds. Added 117 classes and 0 folders.
[2019.04.11-16.54.18:205][663]LogSlate: Took 0.014245 seconds to synchronously load lazily loaded font '../../../Engine/Content/Slate/Fonts/Roboto-BoldCondensed.ttf' (158K)
[2019.04.11-16.54.26:591][920]LogSlate: Took 0.030948 seconds to synchronously load lazily loaded font '../../../Engine/Content/Slate/Fonts/Roboto-Italic.ttf' (157K)
[2019.04.11-16.55.02:784][996]BlueprintLog: New page: Compile MainMenu
[2019.04.11-16.55.03:727][ 26]Cmd: OBJ SAVEPACKAGE PACKAGE="/Game/MainMenu/MainMenu" FILE="../../../../../../Users/james/Desktop/Processes for OOS/COP4331-Project/ScaryMaze/Content/MainMenu/MainMenu.uasset" SILENT=true
[2019.04.11-16.55.04:268][ 26]LogSavePackage: Moving '../../../../../../Users/james/Desktop/Processes for OOS/COP4331-Project/ScaryMaze/Saved/MainMenu0489D9B4431DABB5320BF99AFC52A73A.tmp' to '../../../../../../Users/james/Desktop/Processes for OOS/COP4331-Project/ScaryMaze/Content/MainMenu/MainMenu.uasset'
[2019.04.11-16.55.04:717][ 48]LogSlate: Window 'MainMenu' being destroyed
[2019.04.11-16.55.04:722][ 48]LogSlate: Window 'MainMenu' being destroyed
[2019.04.11-16.55.06:434][134]LogAssetEditorManager: Opening Asset editor for WidgetBlueprint /Game/MainMenu/MainMenu.MainMenu
[2019.04.11-16.55.42:728][239]BlueprintLog: New page: Compile MainMenu
[2019.04.11-16.55.43:574][264]Cmd: OBJ SAVEPACKAGE PACKAGE="/Game/MainMenu/MainMenu" FILE="../../../../../../Users/james/Desktop/Processes for OOS/COP4331-Project/ScaryMaze/Content/MainMenu/MainMenu.uasset" SILENT=true
[2019.04.11-16.55.43:658][264]LogSavePackage: Moving '../../../../../../Users/james/Desktop/Processes for OOS/COP4331-Project/ScaryMaze/Saved/MainMenu88D25007424CB7DDFB051E9063F1A4F8.tmp' to '../../../../../../Users/james/Desktop/Processes for OOS/COP4331-Project/ScaryMaze/Content/MainMenu/MainMenu.uasset'
[2019.04.11-16.55.46:379][424]LogSlate: Window 'MainMenu' being destroyed
[2019.04.11-16.55.46:385][424]LogSlate: Window 'MainMenu' being destroyed
[2019.04.11-16.55.48:656][555]LogTemp: Repeating last play command: New Editor Window (PIE)
[2019.04.11-16.55.48:743][555]LogBlueprintUserMessages: Early PlayInEditor Detection: Level '/Game/MainMenuLevel.MainMenuLevel:PersistentLevel' has LevelScriptBlueprint '/Game/MainMenuLevel.MainMenuLevel:PersistentLevel.MainMenuLevel' with GeneratedClass '/Game/MainMenuLevel.MainMenuLevel_C' with ClassGeneratedBy '/Game/MainMenuLevel.MainMenuLevel:PersistentLevel.MainMenuLevel'
[2019.04.11-16.55.48:768][555]LogPlayLevel: PlayLevel: No blueprints needed recompiling
[2019.04.11-16.55.48:847][555]PIE: New page: PIE session: MainMenuLevel (Apr 11, 2019, 8:55:48 AM)
[2019.04.11-16.55.49:071][555]LogPlayLevel: Creating play world package: /Game/UEDPIE_0_MainMenuLevel
[2019.04.11-16.55.49:108][555]LogPlayLevel: PIE: StaticDuplicateObject took: (0.037109s)
[2019.04.11-16.55.49:122][555]LogAIModule: Creating AISystem for world MainMenuLevel
[2019.04.11-16.55.49:130][555]LogPlayLevel: PIE: World Init took: (0.008462s)
[2019.04.11-16.55.49:130][555]LogPlayLevel: PIE: Created PIE world by copying editor world from /Game/MainMenuLevel.MainMenuLevel to /Game/UEDPIE_0_MainMenuLevel.MainMenuLevel (0.059724s)
[2019.04.11-16.55.49:264][555]LogInit: XAudio2 using 'Speakers (Realtek High Definition Audio)' : 2 channels at 48 kHz using 16 bits per sample (channel mask 0x3)
[2019.04.11-16.55.49:291][555]LogInit: FAudioDevice initialized.
[2019.04.11-16.55.49:353][555]LogSlate: Updating window title bar state: overlay mode, drag disabled, window buttons hidden, title bar hidden
[2019.04.11-16.55.49:466][555]LogLoad: Game class is 'GameModeBase'
[2019.04.11-16.55.49:467][555]LogWorld: Bringing World /Game/UEDPIE_0_MainMenuLevel.MainMenuLevel up for play (max tick rate 60) at 2019.04.11-12.55.49
[2019.04.11-16.55.49:489][555]LogWorld: Bringing up level for play took: 0.022074
[2019.04.11-16.55.49:965][555]LogContentBrowser: Native class hierarchy updated for 'MovieSceneCapture' in 0.0007 seconds. Added 20 classes and 0 folders.
[2019.04.11-16.55.50:281][555]PIE: Play in editor start time for /Game/UEDPIE_0_MainMenuLevel 2.513
[2019.04.11-16.55.50:296][555]LogBlueprintUserMessages: Late PlayInEditor Detection: Level '/Game/MainMenuLevel.MainMenuLevel:PersistentLevel' has LevelScriptBlueprint '/Game/MainMenuLevel.MainMenuLevel:PersistentLevel.MainMenuLevel' with GeneratedClass '/Game/MainMenuLevel.MainMenuLevel_C' with ClassGeneratedBy '/Game/MainMenuLevel.MainMenuLevel:PersistentLevel.MainMenuLevel'
[2019.04.11-16.55.50:810][555]LogRenderer: Reallocating scene render targets to support 1292x756 Format 9 NumSamples 1 (Frame:1).
[2019.04.11-16.55.53:329][684]LogNet: Browse: /Game/LevelOne
[2019.04.11-16.55.53:333][684]LogLoad: LoadMap: /Game/LevelOne
[2019.04.11-16.55.54:561][684]LogAIModule: Creating AISystem for world LevelOne
[2019.04.11-16.55.54:562][684]LogLoad: Game class is 'BP_ScaryMazeGameMode_C'
[2019.04.11-16.55.54:732][684]LogWorld: Bringing World /Game/UEDPIE_0_LevelOne.LevelOne up for play (max tick rate 60) at 2019.04.11-12.55.54
[2019.04.11-16.55.54:733][684]LogWorld: Bringing up level for play took: 0.169755
[2019.04.11-16.55.57:874][684]LogSkinnedMeshComp: Warning: GetSocketByName(GripPoint): No SkeletalMesh for Component(CharacterMesh1P) Actor(ScaryMazeBaseCharacter_0)
[2019.04.11-16.55.57:874][684]LogSkinnedMeshComp: Warning: GetSocketByName(GripPoint): No SkeletalMesh for Component(CharacterMesh1P) Actor(ScaryMazeBaseCharacter_0)
[2019.04.11-16.55.57:892][684]LogLoad: Took 4.558639 seconds to LoadMap(/Game/LevelOne)
[2019.04.11-16.56.56:808][523]LogCharacterMovement: MyScaryMazeMainCharacter_C_0 is stuck and failed to move! Velocity: X=-61.61 Y=3.83 Z=0.00 Location: X=3215.01 Y=26455.32 Z=98.15 Normal: X=-0.80 Y=-0.61 Z=0.00 PenetrationDepth:27.454 Actor:Heraklios_C_0 Component:CharacterMesh0 BoneName:LeftHand (0 other events since notify)
[2019.04.11-16.57.10:664][  9]LogBlueprintUserMessages: [MyScaryMazeMainCharacter_C_0] Enemy Killed!
[2019.04.11-16.57.16:938][214]LogBlueprintUserMessages: Early EndPlayMap Detection: Level '/Game/MainMenuLevel.MainMenuLevel:PersistentLevel' has LevelScriptBlueprint '/Game/MainMenuLevel.MainMenuLevel:PersistentLevel.MainMenuLevel' with GeneratedClass '/Game/MainMenuLevel.MainMenuLevel_C' with ClassGeneratedBy '/Game/MainMenuLevel.MainMenuLevel:PersistentLevel.MainMenuLevel'
[2019.04.11-16.57.16:954][214]LogSlate: Updating window title bar state: overlay mode, drag disabled, window buttons hidden, title bar hidden
[2019.04.11-16.57.17:032][214]LogSlate: Window 'ScaryMaze Game Preview Standalone (64-bit/PCD3D_SM5)' being destroyed
[2019.04.11-16.57.17:423][214]LogPlayLevel: Display: Shutting down PIE online subsystems
[2019.04.11-16.57.17:424][214]LogBlueprintUserMessages: Late EndPlayMap Detection: Level '/Game/MainMenuLevel.MainMenuLevel:PersistentLevel' has LevelScriptBlueprint '/Game/MainMenuLevel.MainMenuLevel:PersistentLevel.MainMenuLevel' with GeneratedClass '/Game/MainMenuLevel.MainMenuLevel_C' with ClassGeneratedBy '/Game/MainMenuLevel.MainMenuLevel:PersistentLevel.MainMenuLevel'
[2019.04.11-16.57.17:883][215]LogPlayLevel: Display: Destroying online subsystem :Context_6
[2019.04.11-16.57.19:637][309]LogTemp: Repeating last play command: New Editor Window (PIE)
[2019.04.11-16.57.19:666][309]LogBlueprintUserMessages: Early PlayInEditor Detection: Level '/Game/MainMenuLevel.MainMenuLevel:PersistentLevel' has LevelScriptBlueprint '/Game/MainMenuLevel.MainMenuLevel:PersistentLevel.MainMenuLevel' with GeneratedClass '/Game/MainMenuLevel.MainMenuLevel_C' with ClassGeneratedBy '/Game/MainMenuLevel.MainMenuLevel:PersistentLevel.MainMenuLevel'
[2019.04.11-16.57.19:667][309]LogPlayLevel: PlayLevel: No blueprints needed recompiling
[2019.04.11-16.57.19:667][309]PIE: New page: PIE session: MainMenuLevel (Apr 11, 2019, 8:57:19 AM)
[2019.04.11-16.57.19:667][309]LogPlayLevel: Creating play world package: /Game/UEDPIE_0_MainMenuLevel
[2019.04.11-16.57.19:669][309]LogPlayLevel: PIE: StaticDuplicateObject took: (0.001705s)
[2019.04.11-16.57.19:670][309]LogAIModule: Creating AISystem for world MainMenuLevel
[2019.04.11-16.57.19:670][309]LogPlayLevel: PIE: World Init took: (0.000967s)
[2019.04.11-16.57.19:670][309]LogPlayLevel: PIE: Created PIE world by copying editor world from /Game/MainMenuLevel.MainMenuLevel to /Game/UEDPIE_0_MainMenuLevel.MainMenuLevel (0.003251s)
[2019.04.11-16.57.19:701][309]LogInit: XAudio2 using 'Speakers (Realtek High Definition Audio)' : 2 channels at 48 kHz using 16 bits per sample (channel mask 0x3)
[2019.04.11-16.57.19:719][309]LogInit: FAudioDevice initialized.
[2019.04.11-16.57.19:725][309]LogSlate: Updating window title bar state: overlay mode, drag disabled, window buttons hidden, title bar hidden
[2019.04.11-16.57.19:767][309]LogLoad: Game class is 'GameModeBase'
[2019.04.11-16.57.19:769][309]LogWorld: Bringing World /Game/UEDPIE_0_MainMenuLevel.MainMenuLevel up for play (max tick rate 60) at 2019.04.11-12.57.19
[2019.04.11-16.57.19:769][309]LogWorld: Bringing up level for play took: 0.000953
[2019.04.11-16.57.19:790][309]PIE: Play in editor start time for /Game/UEDPIE_0_MainMenuLevel 0.022
[2019.04.11-16.57.19:791][309]LogBlueprintUserMessages: Late PlayInEditor Detection: Level '/Game/MainMenuLevel.MainMenuLevel:PersistentLevel' has LevelScriptBlueprint '/Game/MainMenuLevel.MainMenuLevel:PersistentLevel.MainMenuLevel' with GeneratedClass '/Game/MainMenuLevel.MainMenuLevel_C' with ClassGeneratedBy '/Game/MainMenuLevel.MainMenuLevel:PersistentLevel.MainMenuLevel'
[2019.04.11-16.57.20:813][367]LogNet: Browse: /Game/LevelOne
[2019.04.11-16.57.20:813][367]LogLoad: LoadMap: /Game/LevelOne
[2019.04.11-16.57.20:880][367]LogAIModule: Creating AISystem for world LevelOne
[2019.04.11-16.57.20:881][367]LogLoad: Game class is 'BP_ScaryMazeGameMode_C'
[2019.04.11-16.57.20:887][367]LogWorld: Bringing World /Game/UEDPIE_0_LevelOne.LevelOne up for play (max tick rate 60) at 2019.04.11-12.57.20
[2019.04.11-16.57.20:887][367]LogWorld: Bringing up level for play took: 0.005228
[2019.04.11-16.57.21:012][367]LogSkinnedMeshComp: Warning: GetSocketByName(GripPoint): No SkeletalMesh for Component(CharacterMesh1P) Actor(ScaryMazeBaseCharacter_0)
[2019.04.11-16.57.21:012][367]LogSkinnedMeshComp: Warning: GetSocketByName(GripPoint): No SkeletalMesh for Component(CharacterMesh1P) Actor(ScaryMazeBaseCharacter_0)
[2019.04.11-16.57.21:012][367]LogLoad: Took 0.198398 seconds to LoadMap(/Game/LevelOne)
[2019.04.11-16.57.59:988][941]LogBlueprintUserMessages: [MyScaryMazeMainCharacter_C_0] Enemy Killed!
[2019.04.11-16.58.05:694][172]LogSlate: FSceneViewport::OnFocusLost() reason 0
[2019.04.11-16.58.05:841][178]LogNet: Browse: /Game/LevelOne
[2019.04.11-16.58.05:862][178]LogLoad: LoadMap: /Game/LevelOne
[2019.04.11-16.58.05:962][178]LogAIModule: Creating AISystem for world LevelOne
[2019.04.11-16.58.05:962][178]LogLoad: Game class is 'BP_ScaryMazeGameMode_C'
[2019.04.11-16.58.05:967][178]LogWorld: Bringing World /Game/UEDPIE_0_LevelOne.LevelOne up for play (max tick rate 60) at 2019.04.11-12.58.05
[2019.04.11-16.58.05:967][178]LogWorld: Bringing up level for play took: 0.004187
[2019.04.11-16.58.08:126][178]LogSkinnedMeshComp: Warning: GetSocketByName(GripPoint): No SkeletalMesh for Component(CharacterMesh1P) Actor(ScaryMazeBaseCharacter_0)
[2019.04.11-16.58.08:126][178]LogSkinnedMeshComp: Warning: GetSocketByName(GripPoint): No SkeletalMesh for Component(CharacterMesh1P) Actor(ScaryMazeBaseCharacter_0)
[2019.04.11-16.58.08:128][178]LogLoad: Took 2.265803 seconds to LoadMap(/Game/LevelOne)
[2019.04.11-16.58.52:482][719]LogCharacterMovement: MyScaryMazeMainCharacter_C_0 is stuck and failed to move! Velocity: X=-209.80 Y=-309.23 Z=0.00 Location: X=7944.68 Y=1602.52 Z=98.15 Normal: X=0.91 Y=-0.41 Z=0.00 PenetrationDepth:3.257 Actor:Heraklios_C_0 Component:CharacterMesh0 BoneName:RightHand (0 other events since notify)
[2019.04.11-16.58.58:259][916]LogCharacterMovement: MyScaryMazeMainCharacter_C_0 is stuck and failed to move! Velocity: X=-18.35 Y=-149.06 Z=0.00 Location: X=6855.06 Y=1522.06 Z=98.15 Normal: X=-1.00 Y=0.06 Z=0.05 PenetrationDepth:0.433 Actor:Heraklios_C_0 Component:CharacterMesh0 BoneName:LeftUpLeg (0 other events since notify)
[2019.04.11-16.59.00:194][980]LogCharacterMovement: MyScaryMazeMainCharacter_C_0 is stuck and failed to move! Velocity: X=6.70 Y=68.75 Z=0.00 Location: X=6855.01 Y=1509.67 Z=98.15 Normal: X=1.00 Y=-0.05 Z=0.00 PenetrationDepth:43.830 Actor:Heraklios_C_0 Component:CharacterMesh0 BoneName:RightHand (0 other events since notify)
[2019.04.11-16.59.07:116][237]LogSlate: FSceneViewport::OnFocusLost() reason 0
[2019.04.11-16.59.07:191][240]LogNet: Browse: /Game/LevelOne
[2019.04.11-16.59.07:215][240]LogLoad: LoadMap: /Game/LevelOne
[2019.04.11-16.59.07:544][240]LogAIModule: Creating AISystem for world LevelOne
[2019.04.11-16.59.07:544][240]LogLoad: Game class is 'BP_ScaryMazeGameMode_C'
[2019.04.11-16.59.07:550][240]LogWorld: Bringing World /Game/UEDPIE_0_LevelOne.LevelOne up for play (max tick rate 60) at 2019.04.11-12.59.07
[2019.04.11-16.59.07:550][240]LogWorld: Bringing up level for play took: 0.005125
[2019.04.11-16.59.09:814][240]LogSkinnedMeshComp: Warning: GetSocketByName(GripPoint): No SkeletalMesh for Component(CharacterMesh1P) Actor(ScaryMazeBaseCharacter_0)
[2019.04.11-16.59.09:815][240]LogSkinnedMeshComp: Warning: GetSocketByName(GripPoint): No SkeletalMesh for Component(CharacterMesh1P) Actor(ScaryMazeBaseCharacter_0)
[2019.04.11-16.59.09:817][240]LogLoad: Took 2.602382 seconds to LoadMap(/Game/LevelOne)
[2019.04.11-16.59.48:630][588]LogCharacterMovement: MyScaryMazeMainCharacter_C_0 is stuck and failed to move! Velocity: X=5.65 Y=-44.74 Z=0.00 Location: X=889.79 Y=11255.08 Z=98.16 Normal: X=-0.98 Y=-0.21 Z=0.00 PenetrationDepth:61.152 Actor:Heraklios_C_0 Component:CharacterMesh0 BoneName:RightForeArm (0 other events since notify)
[2019.04.11-16.59.49:788][634]LogCharacterMovement: MyScaryMazeMainCharacter_C_0 is stuck and failed to move! Velocity: X=-5.22 Y=41.98 Z=0.00 Location: X=860.99 Y=11255.41 Z=98.16 Normal: X=-0.32 Y=-0.95 Z=0.00 PenetrationDepth:3.806 Actor:Heraklios_C_0 Component:CharacterMesh0 BoneName:LeftHand (1 other events since notify)
[2019.04.11-16.59.51:114][686]LogCharacterMovement: MyScaryMazeMainCharacter_C_0 is stuck and failed to move! Velocity: X=-46.73 Y=-16.13 Z=0.00 Location: X=860.98 Y=11255.05 Z=98.37 Normal: X=0.17 Y=-0.57 Z=0.80 PenetrationDepth:2.307 Actor:Heraklios_C_0 Component:CharacterMesh0 BoneName:LeftFoot (21 other events since notify)
[2019.04.11-17.00.13:233][474]LogBlueprintUserMessages: [MyScaryMazeMainCharacter_C_0] Enemy Killed!
[2019.04.11-17.00.17:793][628]LogSlate: FSceneViewport::OnFocusLost() reason 0
[2019.04.11-17.00.17:926][632]LogNet: Browse: /Game/LevelOne
[2019.04.11-17.00.17:952][632]LogLoad: LoadMap: /Game/LevelOne
[2019.04.11-17.00.18:305][632]LogAIModule: Creating AISystem for world LevelOne
[2019.04.11-17.00.18:305][632]LogLoad: Game class is 'BP_ScaryMazeGameMode_C'
[2019.04.11-17.00.18:312][632]LogWorld: Bringing World /Game/UEDPIE_0_LevelOne.LevelOne up for play (max tick rate 60) at 2019.04.11-13.00.18
[2019.04.11-17.00.18:312][632]LogWorld: Bringing up level for play took: 0.005015
[2019.04.11-17.00.20:468][632]LogSkinnedMeshComp: Warning: GetSocketByName(GripPoint): No SkeletalMesh for Component(CharacterMesh1P) Actor(ScaryMazeBaseCharacter_0)
[2019.04.11-17.00.20:469][632]LogSkinnedMeshComp: Warning: GetSocketByName(GripPoint): No SkeletalMesh for Component(CharacterMesh1P) Actor(ScaryMazeBaseCharacter_0)
[2019.04.11-17.00.20:471][632]LogLoad: Took 2.518935 seconds to LoadMap(/Game/LevelOne)
[2019.04.11-17.00.37:158][175]LogSlate: FSceneViewport::OnFocusLost() reason 0
[2019.04.11-17.00.37:286][179]LogNet: Browse: /Game/LevelOne
[2019.04.11-17.00.37:310][179]LogLoad: LoadMap: /Game/LevelOne
[2019.04.11-17.00.37:649][179]LogAIModule: Creating AISystem for world LevelOne
[2019.04.11-17.00.37:650][179]LogLoad: Game class is 'BP_ScaryMazeGameMode_C'
[2019.04.11-17.00.37:655][179]LogWorld: Bringing World /Game/UEDPIE_0_LevelOne.LevelOne up for play (max tick rate 60) at 2019.04.11-13.00.37
[2019.04.11-17.00.37:656][179]LogWorld: Bringing up level for play took: 0.005034
[2019.04.11-17.00.39:816][179]LogSkinnedMeshComp: Warning: GetSocketByName(GripPoint): No SkeletalMesh for Component(CharacterMesh1P) Actor(ScaryMazeBaseCharacter_0)
[2019.04.11-17.00.39:816][179]LogSkinnedMeshComp: Warning: GetSocketByName(GripPoint): No SkeletalMesh for Component(CharacterMesh1P) Actor(ScaryMazeBaseCharacter_0)
[2019.04.11-17.00.39:819][179]LogLoad: Took 2.509226 seconds to LoadMap(/Game/LevelOne)
[2019.04.11-17.00.42:741][271]LogBlueprintUserMessages: Early EndPlayMap Detection: Level '/Game/MainMenuLevel.MainMenuLevel:PersistentLevel' has LevelScriptBlueprint '/Game/MainMenuLevel.MainMenuLevel:PersistentLevel.MainMenuLevel' with GeneratedClass '/Game/MainMenuLevel.MainMenuLevel_C' with ClassGeneratedBy '/Game/MainMenuLevel.MainMenuLevel:PersistentLevel.MainMenuLevel'
[2019.04.11-17.00.42:742][271]LogSlate: Updating window title bar state: overlay mode, drag disabled, window buttons hidden, title bar hidden
[2019.04.11-17.00.42:798][271]LogSlate: Window 'ScaryMaze Game Preview Standalone (64-bit/PCD3D_SM5)' being destroyed
[2019.04.11-17.00.43:099][271]LogPlayLevel: Display: Shutting down PIE online subsystems
[2019.04.11-17.00.43:100][271]LogBlueprintUserMessages: Late EndPlayMap Detection: Level '/Game/MainMenuLevel.MainMenuLevel:PersistentLevel' has LevelScriptBlueprint '/Game/MainMenuLevel.MainMenuLevel:PersistentLevel.MainMenuLevel' with GeneratedClass '/Game/MainMenuLevel.MainMenuLevel_C' with ClassGeneratedBy '/Game/MainMenuLevel.MainMenuLevel:PersistentLevel.MainMenuLevel'
[2019.04.11-17.00.43:320][272]LogPlayLevel: Display: Destroying online subsystem :Context_7
