Log file open, 03/17/19 20:30:23
LogWindows: Failed to load 'aqProf.dll' (GetLastError=126)
LogWindows: File 'aqProf.dll' does not exist
LogWindows: Failed to load 'VtuneApi.dll' (GetLastError=126)
LogWindows: File 'VtuneApi.dll' does not exist
LogWindows: Failed to load 'VtuneApi32e.dll' (GetLastError=126)
LogWindows: File 'VtuneApi32e.dll' does not exist
LogConsoleResponse: Display: Failed to find resolution value strings in scalability ini. Falling back to default.
LogInit: Display: Running engine for game: ScaryMaze
LogPakFile: Registered encryption key '00000000000000000000000000000000': 0 pak files mounted, 0 remain pending
LogPlatformFile: Not using cached read wrapper
LogTaskGraph: Started task graph with 5 named threads and 23 total threads with 3 sets of task threads.
LogStats: Stats thread started at 0.398932
LogD3D11RHI: Loaded GFSDK_Aftermath_Lib.x64.dll
LogICUInternationalization: ICU TimeZone Detection - Raw Offset: -5:00, Platform Override: ''
LogPluginManager: Mounting plugin Paper2D
LogPluginManager: Mounting plugin AISupport
LogPluginManager: Mounting plugin LightPropagationVolume
LogPluginManager: Mounting plugin ActorLayerUtilities
LogPluginManager: Mounting plugin CLionSourceCodeAccess
LogPluginManager: Mounting plugin CodeLiteSourceCodeAccess
LogPluginManager: Mounting plugin GitSourceControl
LogPluginManager: Mounting plugin KDevelopSourceCodeAccess
LogPluginManager: Mounting plugin NullSourceCodeAccess
LogPluginManager: Mounting plugin PerforceSourceControl
LogPluginManager: Mounting plugin SubversionSourceControl
LogPluginManager: Mounting plugin UObjectPlugin
LogPluginManager: Mounting plugin VisualStudioCodeSourceCodeAccess
LogPluginManager: Mounting plugin VisualStudioSourceCodeAccess
LogPluginManager: Mounting plugin XCodeSourceCodeAccess
LogPluginManager: Mounting plugin AssetManagerEditor
LogPluginManager: Mounting plugin CryptoKeys
LogPluginManager: Mounting plugin DataValidation
LogPluginManager: Mounting plugin FacialAnimation
LogPluginManager: Mounting plugin GameplayTagsEditor
LogPluginManager: Mounting plugin MacGraphicsSwitching
LogPluginManager: Mounting plugin MeshEditor
LogPluginManager: Mounting plugin MobileLauncherProfileWizard
LogPluginManager: Mounting plugin PluginBrowser
LogPluginManager: Mounting plugin SpeedTreeImporter
LogPluginManager: Mounting plugin DatasmithContent
LogPluginManager: Mounting plugin VariantManagerContent
LogPluginManager: Mounting plugin AlembicImporter
LogPluginManager: Mounting plugin AppleImageUtils
LogPluginManager: Mounting plugin AppleVision
LogPluginManager: Mounting plugin BackChannel
LogPluginManager: Mounting plugin CharacterAI
LogPluginManager: Mounting plugin GeometryCache
LogPluginManager: Mounting plugin HTML5Networking
LogPluginManager: Mounting plugin ProxyLODPlugin
LogPluginManager: Mounting plugin MagicLeap
LogPluginManager: Mounting plugin MagicLeapMedia
LogPluginManager: Mounting plugin AndroidMedia
LogPluginManager: Mounting plugin AvfMedia
LogPluginManager: Mounting plugin ImgMedia
LogPluginManager: Mounting plugin LinearTimecode
LogPluginManager: Mounting plugin MediaCompositing
LogPluginManager: Mounting plugin MediaPlayerEditor
LogPluginManager: Mounting plugin WebMMedia
LogPluginManager: Mounting plugin WmfMedia
LogPluginManager: Mounting plugin TcpMessaging
LogPluginManager: Mounting plugin UdpMessaging
LogPluginManager: Mounting plugin ActorSequence
LogPluginManager: Mounting plugin LevelSequenceEditor
LogPluginManager: Mounting plugin MatineeToLevelSequence
LogPluginManager: Mounting plugin NetcodeUnitTest
LogPluginManager: Mounting plugin NUTUnrealEngine4
LogPluginManager: Mounting plugin OnlineSubsystemGooglePlay
LogPluginManager: Mounting plugin OnlineSubsystemIOS
LogPluginManager: Mounting plugin OnlineSubsystem
LogPluginManager: Mounting plugin OnlineSubsystemNull
LogPluginManager: Mounting plugin OnlineSubsystemUtils
LogPluginManager: Mounting plugin LauncherChunkInstaller
LogPluginManager: Mounting plugin AndroidDeviceProfileSelector
LogPluginManager: Mounting plugin AndroidMoviePlayer
LogPluginManager: Mounting plugin AndroidPermission
LogPluginManager: Mounting plugin AppleMoviePlayer
LogPluginManager: Mounting plugin ArchVisCharacter
LogPluginManager: Mounting plugin AudioCapture
LogPluginManager: Mounting plugin CableComponent
LogPluginManager: Mounting plugin CustomMeshComponent
LogPluginManager: Mounting plugin EditableMesh
LogPluginManager: Mounting plugin ExampleDeviceProfileSelector
LogPluginManager: Mounting plugin Firebase
LogPluginManager: Mounting plugin GoogleCloudMessaging
LogPluginManager: Mounting plugin IOSDeviceProfileSelector
LogPluginManager: Mounting plugin LinuxDeviceProfileSelector
LogPluginManager: Mounting plugin LocationServicesBPLibrary
LogPluginManager: Mounting plugin MobilePatchingUtils
LogPluginManager: Mounting plugin OculusVR
LogPluginManager: Mounting plugin PhysXVehicles
LogPluginManager: Mounting plugin ProceduralMeshComponent
LogPluginManager: Mounting plugin RuntimePhysXCooking
LogPluginManager: Mounting plugin SteamVR
LogPluginManager: Mounting plugin WebMMoviePlayer
LogPluginManager: Mounting plugin WindowsMoviePlayer
LogStreaming: Display: Took  0.176s to configure plugins.
LogInit: Using libcurl 7.55.1-DEV
LogInit:  - built for x86_64-pc-win32
LogInit:  - supports SSL with OpenSSL/1.0.2h
LogInit:  - supports HTTP deflate (compression) using libz 1.2.8
LogInit:  - other features:
LogInit:      CURL_VERSION_SSL
LogInit:      CURL_VERSION_LIBZ
LogInit:      CURL_VERSION_IPV6
LogInit:      CURL_VERSION_ASYNCHDNS
LogInit:      CURL_VERSION_LARGEFILE
LogInit:      CURL_VERSION_IDN
LogInit:  CurlRequestOptions (configurable via config and command line):
LogInit:  - bVerifyPeer = true  - Libcurl will verify peer certificate
LogInit:  - bUseHttpProxy = false  - Libcurl will NOT use HTTP proxy
LogInit:  - bDontReuseConnections = false  - Libcurl will reuse connections
LogInit:  - MaxHostConnections = 16  - Libcurl will limit the number of connections to a host
LogInit:  - LocalHostAddr = Default
LogInit:  - BufferSize = 65536
LogInit: WinSock: version 1.1 (2.2), MaxSocks=32767, MaxUdp=65467
LogInit: Build: ++UE4+Release-4.21-CL-4753647
LogInit: Engine Version: 4.21.2-4753647+++UE4+Release-4.21
LogInit: Compatible Engine Version: 4.21.0-4541578+++UE4+Release-4.21
LogInit: Net CL: 4541578
LogInit: OS: Windows 10 (), CPU: Intel(R) Core(TM) i7-7700HQ CPU @ 2.80GHz, GPU: Intel(R) HD Graphics 630
LogInit: Compiled (64-bit): Jan 19 2019 02:07:31
LogInit: Compiled with Visual C++: 19.13.26129.00
LogInit: Build Configuration: Development
LogInit: Branch Name: ++UE4+Release-4.21
LogInit: Command Line:  -skipcompile
LogInit: Base Directory: C:/UE_4.21/Engine/Binaries/Win64/
LogInit: Installed Engine Build: 1
LogDevObjectVersion: Number of dev versions registered: 22
LogDevObjectVersion:   Dev-Blueprints (B0D832E4-1F89-4F0D-ACCF-7EB736FD4AA2): 10
LogDevObjectVersion:   Dev-Build (E1C64328-A22C-4D53-A36C-8E866417BD8C): 0
LogDevObjectVersion:   Dev-Core (375EC13C-06E4-48FB-B500-84F0262A717E): 2
LogDevObjectVersion:   Dev-Editor (E4B068ED-F494-42E9-A231-DA0B2E46BB41): 26
LogDevObjectVersion:   Dev-Framework (CFFC743F-43B0-4480-9391-14DF171D2073): 34
LogDevObjectVersion:   Dev-Mobile (B02B49B5-BB20-44E9-A304-32B752E40360): 2
LogDevObjectVersion:   Dev-Networking (A4E4105C-59A1-49B5-A7C5-40C4547EDFEE): 0
LogDevObjectVersion:   Dev-Online (39C831C9-5AE6-47DC-9A44-9C173E1C8E7C): 0
LogDevObjectVersion:   Dev-Physics (78F01B33-EBEA-4F98-B9B4-84EACCB95AA2): 0
LogDevObjectVersion:   Dev-Platform (6631380F-2D4D-43E0-8009-CF276956A95A): 0
LogDevObjectVersion:   Dev-Rendering (12F88B9F-8875-4AFC-A67C-D90C383ABD29): 27
LogDevObjectVersion:   Dev-Sequencer (7B5AE74C-D270-4C10-A958-57980B212A5A): 9
LogDevObjectVersion:   Dev-VR (D7296918-1DD6-4BDD-9DE2-64A83CC13884): 2
LogDevObjectVersion:   Dev-LoadTimes (C2A15278-BFE7-4AFE-6C17-90FF531DF755): 1
LogDevObjectVersion:   Private-Geometry (6EACA3D4-40EC-4CC1-B786-8BED09428FC5): 3
LogDevObjectVersion:   Dev-AnimPhys (29E575DD-E0A3-4627-9D10-D276232CDCEA): 17
LogDevObjectVersion:   Dev-Anim (AF43A65D-7FD3-4947-9873-3E8ED9C1BB05): 2
LogDevObjectVersion:   Dev-ReflectionCapture (6B266CEC-1EC7-4B8F-A30B-E4D90942FC07): 1
LogDevObjectVersion:   Dev-Automation (0DF73D61-A23F-47EA-B727-89E90C41499A): 1
LogDevObjectVersion:   FortniteMain (601D1886-AC64-4F84-AA16-D3DE0DEAC7D6): 17
LogDevObjectVersion:   Dev-Enterprise (9DFFBCD6-494F-0158-E221-12823C92A888): 4
LogDevObjectVersion:   Dev-Niagara (F2AED0AC-9AFE-416F-8664-AA7FFA26D6FC): 1
LogStreaming: Display: Took  0.003s to delete old logs.
LogInit: Presizing for max 8388607 objects, including 0 objects not considered by GC, pre-allocating 0 bytes for permanent pool.
LogInit: Object subsystem initialized
LogConfig: Setting CVar [[con.DebugEarlyDefault:1]]
LogConfig: Setting CVar [[r.setres:1280x720]]
[2019.03.18-00.30.24:411][  0]LogConfig: Setting CVar [[r.VSync:0]]
[2019.03.18-00.30.24:411][  0]LogConfig: Setting CVar [[r.RHICmdBypass:0]]
[2019.03.18-00.30.24:411][  0]LogConfig: Applying CVar settings from Section [/Script/Engine.RendererSettings] File [C:/Users/tride/Desktop/Unreal Projects/COP4331-Project/ScaryMaze/Saved/Config/Windows/Engine.ini]
[2019.03.18-00.30.24:411][  0]LogConfig: Setting CVar [[r.GPUCrashDebugging:0]]
[2019.03.18-00.30.24:411][  0]LogConfig: Applying CVar settings from Section [/Script/Engine.RendererOverrideSettings] File [C:/Users/tride/Desktop/Unreal Projects/COP4331-Project/ScaryMaze/Saved/Config/Windows/Engine.ini]
[2019.03.18-00.30.24:411][  0]LogConfig: Applying CVar settings from Section [/Script/Engine.StreamingSettings] File [C:/Users/tride/Desktop/Unreal Projects/COP4331-Project/ScaryMaze/Saved/Config/Windows/Engine.ini]
[2019.03.18-00.30.24:412][  0]LogConfig: Setting CVar [[s.MinBulkDataSizeForAsyncLoading:131072]]
[2019.03.18-00.30.24:412][  0]LogConfig: Setting CVar [[s.AsyncLoadingThreadEnabled:0]]
[2019.03.18-00.30.24:412][  0]LogConfig: Setting CVar [[s.EventDrivenLoaderEnabled:1]]
[2019.03.18-00.30.24:412][  0]LogConfig: Setting CVar [[s.WarnIfTimeLimitExceeded:0]]
[2019.03.18-00.30.24:412][  0]LogConfig: Setting CVar [[s.TimeLimitExceededMultiplier:1.5]]
[2019.03.18-00.30.24:412][  0]LogConfig: Setting CVar [[s.TimeLimitExceededMinTime:0.005]]
[2019.03.18-00.30.24:412][  0]LogConfig: Setting CVar [[s.UseBackgroundLevelStreaming:1]]
[2019.03.18-00.30.24:412][  0]LogConfig: Setting CVar [[s.PriorityAsyncLoadingExtraTime:15.0]]
[2019.03.18-00.30.24:412][  0]LogConfig: Setting CVar [[s.LevelStreamingActorsUpdateTimeLimit:5.0]]
[2019.03.18-00.30.24:412][  0]LogConfig: Setting CVar [[s.PriorityLevelStreamingActorsUpdateExtraTime:5.0]]
[2019.03.18-00.30.24:412][  0]LogConfig: Setting CVar [[s.LevelStreamingComponentsRegistrationGranularity:10]]
[2019.03.18-00.30.24:412][  0]LogConfig: Setting CVar [[s.UnregisterComponentsTimeLimit:1.0]]
[2019.03.18-00.30.24:412][  0]LogConfig: Setting CVar [[s.LevelStreamingComponentsUnregistrationGranularity:5]]
[2019.03.18-00.30.24:412][  0]LogConfig: Applying CVar settings from Section [/Script/Engine.GarbageCollectionSettings] File [C:/Users/tride/Desktop/Unreal Projects/COP4331-Project/ScaryMaze/Saved/Config/Windows/Engine.ini]
[2019.03.18-00.30.24:412][  0]LogConfig: Setting CVar [[gc.MaxObjectsNotConsideredByGC:1]]
[2019.03.18-00.30.24:412][  0]LogConfig: Setting CVar [[gc.SizeOfPermanentObjectPool:0]]
[2019.03.18-00.30.24:413][  0]LogConfig: Setting CVar [[gc.FlushStreamingOnGC:0]]
[2019.03.18-00.30.24:413][  0]LogConfig: Setting CVar [[gc.NumRetriesBeforeForcingGC:10]]
[2019.03.18-00.30.24:413][  0]LogConfig: Setting CVar [[gc.AllowParallelGC:1]]
[2019.03.18-00.30.24:413][  0]LogConfig: Setting CVar [[gc.TimeBetweenPurgingPendingKillObjects:61.1]]
[2019.03.18-00.30.24:413][  0]LogConfig: Setting CVar [[gc.MaxObjectsInEditor:8388607]]
[2019.03.18-00.30.24:413][  0]LogConfig: Setting CVar [[gc.IncrementalBeginDestroyEnabled:1]]
[2019.03.18-00.30.24:413][  0]LogConfig: Setting CVar [[gc.CreateGCClusters:1]]
[2019.03.18-00.30.24:413][  0]LogConfig: Setting CVar [[gc.MergeGCClusters:0]]
[2019.03.18-00.30.24:413][  0]LogConfig: Setting CVar [[gc.MinGCClusterSize:5]]
[2019.03.18-00.30.24:413][  0]LogConfig: Setting CVar [[gc.ActorClusteringEnabled:0]]
[2019.03.18-00.30.24:413][  0]LogConfig: Setting CVar [[gc.BlueprintClusteringEnabled:0]]
[2019.03.18-00.30.24:413][  0]LogConfig: Setting CVar [[gc.UseDisregardForGCOnDedicatedServers:0]]
[2019.03.18-00.30.24:413][  0]LogConfig: Applying CVar settings from Section [/Script/Engine.NetworkSettings] File [C:/Users/tride/Desktop/Unreal Projects/COP4331-Project/ScaryMaze/Saved/Config/Windows/Engine.ini]
[2019.03.18-00.30.24:414][  0]LogConfig: Applying CVar settings from Section [/Script/UnrealEd.CookerSettings] File [C:/Users/tride/Desktop/Unreal Projects/COP4331-Project/ScaryMaze/Saved/Config/Windows/Engine.ini]
[2019.03.18-00.30.24:420][  0]LogConfig: Applying CVar settings from Section [ViewDistanceQuality@3] File [C:/Users/tride/Desktop/Unreal Projects/COP4331-Project/ScaryMaze/Saved/Config/Windows/Scalability.ini]
[2019.03.18-00.30.24:420][  0]LogConfig: Setting CVar [[r.SkeletalMeshLODBias:0]]
[2019.03.18-00.30.24:420][  0]LogConfig: Setting CVar [[r.ViewDistanceScale:1.0]]
[2019.03.18-00.30.24:420][  0]LogConfig: Applying CVar settings from Section [AntiAliasingQuality@3] File [C:/Users/tride/Desktop/Unreal Projects/COP4331-Project/ScaryMaze/Saved/Config/Windows/Scalability.ini]
[2019.03.18-00.30.24:420][  0]LogConfig: Setting CVar [[r.PostProcessAAQuality:4]]
[2019.03.18-00.30.24:420][  0]LogConfig: Applying CVar settings from Section [ShadowQuality@3] File [C:/Users/tride/Desktop/Unreal Projects/COP4331-Project/ScaryMaze/Saved/Config/Windows/Scalability.ini]
[2019.03.18-00.30.24:420][  0]LogConfig: Setting CVar [[r.LightFunctionQuality:1]]
[2019.03.18-00.30.24:420][  0]LogConfig: Setting CVar [[r.ShadowQuality:5]]
[2019.03.18-00.30.24:421][  0]LogConfig: Setting CVar [[r.Shadow.CSM.MaxCascades:10]]
[2019.03.18-00.30.24:421][  0]LogConfig: Setting CVar [[r.Shadow.MaxResolution:2048]]
[2019.03.18-00.30.24:421][  0]LogConfig: Setting CVar [[r.Shadow.MaxCSMResolution:2048]]
[2019.03.18-00.30.24:421][  0]LogConfig: Setting CVar [[r.Shadow.RadiusThreshold:0.01]]
[2019.03.18-00.30.24:421][  0]LogConfig: Setting CVar [[r.Shadow.DistanceScale:1.0]]
[2019.03.18-00.30.24:421][  0]LogConfig: Setting CVar [[r.Shadow.CSM.TransitionScale:1.0]]
[2019.03.18-00.30.24:421][  0]LogConfig: Setting CVar [[r.Shadow.PreShadowResolutionFactor:1.0]]
[2019.03.18-00.30.24:421][  0]LogConfig: Setting CVar [[r.DistanceFieldShadowing:1]]
[2019.03.18-00.30.24:421][  0]LogConfig: Setting CVar [[r.DistanceFieldAO:1]]
[2019.03.18-00.30.24:421][  0]LogConfig: Setting CVar [[r.AOQuality:2]]
[2019.03.18-00.30.24:421][  0]LogConfig: Setting CVar [[r.VolumetricFog:1]]
[2019.03.18-00.30.24:421][  0]LogConfig: Setting CVar [[r.VolumetricFog.GridPixelSize:8]]
[2019.03.18-00.30.24:421][  0]LogConfig: Setting CVar [[r.VolumetricFog.GridSizeZ:128]]
[2019.03.18-00.30.24:421][  0]LogConfig: Setting CVar [[r.VolumetricFog.HistoryMissSupersampleCount:4]]
[2019.03.18-00.30.24:421][  0]LogConfig: Setting CVar [[r.LightMaxDrawDistanceScale:1]]
[2019.03.18-00.30.24:421][  0]LogConfig: Setting CVar [[r.CapsuleShadows:1]]
[2019.03.18-00.30.24:422][  0]LogConfig: Applying CVar settings from Section [PostProcessQuality@3] File [C:/Users/tride/Desktop/Unreal Projects/COP4331-Project/ScaryMaze/Saved/Config/Windows/Scalability.ini]
[2019.03.18-00.30.24:422][  0]LogConfig: Setting CVar [[r.MotionBlurQuality:4]]
[2019.03.18-00.30.24:422][  0]LogConfig: Setting CVar [[r.AmbientOcclusionMipLevelFactor:0.4]]
[2019.03.18-00.30.24:422][  0]LogConfig: Setting CVar [[r.AmbientOcclusionMaxQuality:100]]
[2019.03.18-00.30.24:422][  0]LogConfig: Setting CVar [[r.AmbientOcclusionLevels:-1]]
[2019.03.18-00.30.24:422][  0]LogConfig: Setting CVar [[r.AmbientOcclusionRadiusScale:1.0]]
[2019.03.18-00.30.24:422][  0]LogConfig: Setting CVar [[r.DepthOfFieldQuality:2]]
[2019.03.18-00.30.24:422][  0]LogConfig: Setting CVar [[r.RenderTargetPoolMin:400]]
[2019.03.18-00.30.24:422][  0]LogConfig: Setting CVar [[r.LensFlareQuality:2]]
[2019.03.18-00.30.24:422][  0]LogConfig: Setting CVar [[r.SceneColorFringeQuality:1]]
[2019.03.18-00.30.24:422][  0]LogConfig: Setting CVar [[r.EyeAdaptationQuality:2]]
[2019.03.18-00.30.24:422][  0]LogConfig: Setting CVar [[r.BloomQuality:5]]
[2019.03.18-00.30.24:422][  0]LogConfig: Setting CVar [[r.FastBlurThreshold:100]]
[2019.03.18-00.30.24:423][  0]LogConfig: Setting CVar [[r.Upscale.Quality:3]]
[2019.03.18-00.30.24:423][  0]LogConfig: Setting CVar [[r.Tonemapper.GrainQuantization:1]]
[2019.03.18-00.30.24:423][  0]LogConfig: Setting CVar [[r.LightShaftQuality:1]]
[2019.03.18-00.30.24:423][  0]LogConfig: Setting CVar [[r.Filter.SizeScale:1]]
[2019.03.18-00.30.24:423][  0]LogConfig: Setting CVar [[r.Tonemapper.Quality:5]]
[2019.03.18-00.30.24:423][  0]LogConfig: Setting CVar [[r.DOF.Gather.AccumulatorQuality:1        ; higher gathering accumulator quality]]
[2019.03.18-00.30.24:423][  0]LogConfig: Setting CVar [[r.DOF.Gather.PostfilterMethod:1          ; Median3x3 postfilering method]]
[2019.03.18-00.30.24:423][  0]LogConfig: Setting CVar [[r.DOF.Gather.EnableBokehSettings:0       ; no bokeh simulation when gathering]]
[2019.03.18-00.30.24:423][  0]LogConfig: Setting CVar [[r.DOF.Gather.RingCount:4                 ; medium number of samples when gathering]]
[2019.03.18-00.30.24:423][  0]LogConfig: Setting CVar [[r.DOF.Scatter.ForegroundCompositing:1    ; additive foreground scattering]]
[2019.03.18-00.30.24:423][  0]LogConfig: Setting CVar [[r.DOF.Scatter.BackgroundCompositing:2    ; additive background scattering]]
[2019.03.18-00.30.24:423][  0]LogConfig: Setting CVar [[r.DOF.Scatter.EnableBokehSettings:1      ; bokeh simulation when scattering]]
[2019.03.18-00.30.24:424][  0]LogConfig: Setting CVar [[r.DOF.Scatter.MaxSpriteRatio:0.1         ; only a maximum of 10% of scattered bokeh]]
[2019.03.18-00.30.24:424][  0]LogConfig: Setting CVar [[r.DOF.Recombine.Quality:1                ; cheap slight out of focus]]
[2019.03.18-00.30.24:424][  0]LogConfig: Setting CVar [[r.DOF.Recombine.EnableBokehSettings:0    ; no bokeh simulation on slight out of focus]]
[2019.03.18-00.30.24:424][  0]LogConfig: Setting CVar [[r.DOF.TemporalAAQuality:1                ; more stable temporal accumulation]]
[2019.03.18-00.30.24:424][  0]LogConfig: Setting CVar [[r.DOF.Kernel.MaxForegroundRadius:0.025]]
[2019.03.18-00.30.24:424][  0]LogConfig: Setting CVar [[r.DOF.Kernel.MaxBackgroundRadius:0.025]]
[2019.03.18-00.30.24:424][  0]LogConfig: Applying CVar settings from Section [TextureQuality@3] File [C:/Users/tride/Desktop/Unreal Projects/COP4331-Project/ScaryMaze/Saved/Config/Windows/Scalability.ini]
[2019.03.18-00.30.24:424][  0]LogConfig: Setting CVar [[r.Streaming.MipBias:0]]
[2019.03.18-00.30.24:424][  0]LogConfig: Setting CVar [[r.Streaming.AmortizeCPUToGPUCopy:0]]
[2019.03.18-00.30.24:424][  0]LogConfig: Setting CVar [[r.Streaming.MaxNumTexturesToStreamPerFrame:0]]
[2019.03.18-00.30.24:424][  0]LogConfig: Setting CVar [[r.Streaming.Boost:1]]
[2019.03.18-00.30.24:424][  0]LogConfig: Setting CVar [[r.MaxAnisotropy:8]]
[2019.03.18-00.30.24:424][  0]LogConfig: Setting CVar [[r.Streaming.LimitPoolSizeToVRAM:0]]
[2019.03.18-00.30.24:424][  0]LogConfig: Setting CVar [[r.Streaming.PoolSize:1000]]
[2019.03.18-00.30.24:424][  0]LogConfig: Setting CVar [[r.Streaming.MaxEffectiveScreenSize:0]]
[2019.03.18-00.30.24:425][  0]LogConfig: Applying CVar settings from Section [EffectsQuality@3] File [C:/Users/tride/Desktop/Unreal Projects/COP4331-Project/ScaryMaze/Saved/Config/Windows/Scalability.ini]
[2019.03.18-00.30.24:425][  0]LogConfig: Setting CVar [[r.TranslucencyLightingVolumeDim:64]]
[2019.03.18-00.30.24:425][  0]LogConfig: Setting CVar [[r.RefractionQuality:2]]
[2019.03.18-00.30.24:425][  0]LogConfig: Setting CVar [[r.SSR.Quality:3]]
[2019.03.18-00.30.24:425][  0]LogConfig: Setting CVar [[r.SceneColorFormat:4]]
[2019.03.18-00.30.24:425][  0]LogConfig: Setting CVar [[r.DetailMode:2]]
[2019.03.18-00.30.24:425][  0]LogConfig: Setting CVar [[r.TranslucencyVolumeBlur:1]]
[2019.03.18-00.30.24:425][  0]LogConfig: Setting CVar [[r.MaterialQualityLevel:1 ; High quality]]
[2019.03.18-00.30.24:425][  0]LogConfig: Setting CVar [[r.SSS.Scale:1]]
[2019.03.18-00.30.24:425][  0]LogConfig: Setting CVar [[r.SSS.SampleSet:2]]
[2019.03.18-00.30.24:425][  0]LogConfig: Setting CVar [[r.SSS.Quality:1]]
[2019.03.18-00.30.24:425][  0]LogConfig: Setting CVar [[r.SSS.HalfRes:1]]
[2019.03.18-00.30.24:425][  0]LogConfig: Setting CVar [[r.EmitterSpawnRateScale:1.0]]
[2019.03.18-00.30.24:425][  0]LogConfig: Setting CVar [[r.ParticleLightQuality:2]]
[2019.03.18-00.30.24:425][  0]LogConfig: Applying CVar settings from Section [FoliageQuality@3] File [C:/Users/tride/Desktop/Unreal Projects/COP4331-Project/ScaryMaze/Saved/Config/Windows/Scalability.ini]
[2019.03.18-00.30.24:425][  0]LogConfig: Setting CVar [[foliage.DensityScale:1.0]]
[2019.03.18-00.30.24:426][  0]LogConfig: Setting CVar [[grass.DensityScale:1.0]]
[2019.03.18-00.30.24:426][  0]LogInit: Selected Device Profile: [Windows]
[2019.03.18-00.30.24:426][  0]LogInit: Applying CVar settings loaded from the selected device profile: [Windows]
[2019.03.18-00.30.24:436][  0]LogHAL: Display: Platform has ~ 16 GB [17048965120 / 17179869184 / 16], which maps to Larger [LargestMinGB=32, LargerMinGB=12, DefaultMinGB=8, SmallerMinGB=6, SmallestMinGB=0)
[2019.03.18-00.30.24:436][  0]LogConfig: Setting CVar [[r.Vulkan.UseRealUBs:1]]
[2019.03.18-00.30.24:436][  0]LogInit: Going up to parent DeviceProfile []
[2019.03.18-00.30.24:436][  0]LogConfig: Applying CVar settings from Section [ViewDistanceQuality@3] File [C:/Users/tride/Desktop/Unreal Projects/COP4331-Project/ScaryMaze/Saved/Config/Windows/Scalability.ini]
[2019.03.18-00.30.24:437][  0]LogConfig: Setting CVar [[r.SkeletalMeshLODBias:0]]
[2019.03.18-00.30.24:437][  0]LogConfig: Setting CVar [[r.ViewDistanceScale:1.0]]
[2019.03.18-00.30.24:437][  0]LogConfig: Applying CVar settings from Section [AntiAliasingQuality@3] File [C:/Users/tride/Desktop/Unreal Projects/COP4331-Project/ScaryMaze/Saved/Config/Windows/Scalability.ini]
[2019.03.18-00.30.24:437][  0]LogConfig: Setting CVar [[r.PostProcessAAQuality:4]]
[2019.03.18-00.30.24:437][  0]LogConfig: Applying CVar settings from Section [ShadowQuality@3] File [C:/Users/tride/Desktop/Unreal Projects/COP4331-Project/ScaryMaze/Saved/Config/Windows/Scalability.ini]
[2019.03.18-00.30.24:437][  0]LogConfig: Setting CVar [[r.LightFunctionQuality:1]]
[2019.03.18-00.30.24:437][  0]LogConfig: Setting CVar [[r.ShadowQuality:5]]
[2019.03.18-00.30.24:437][  0]LogConfig: Setting CVar [[r.Shadow.CSM.MaxCascades:10]]
[2019.03.18-00.30.24:437][  0]LogConfig: Setting CVar [[r.Shadow.MaxResolution:2048]]
[2019.03.18-00.30.24:437][  0]LogConfig: Setting CVar [[r.Shadow.MaxCSMResolution:2048]]
[2019.03.18-00.30.24:437][  0]LogConfig: Setting CVar [[r.Shadow.RadiusThreshold:0.01]]
[2019.03.18-00.30.24:437][  0]LogConfig: Setting CVar [[r.Shadow.DistanceScale:1.0]]
[2019.03.18-00.30.24:437][  0]LogConfig: Setting CVar [[r.Shadow.CSM.TransitionScale:1.0]]
[2019.03.18-00.30.24:437][  0]LogConfig: Setting CVar [[r.Shadow.PreShadowResolutionFactor:1.0]]
[2019.03.18-00.30.24:437][  0]LogConfig: Setting CVar [[r.DistanceFieldShadowing:1]]
[2019.03.18-00.30.24:438][  0]LogConfig: Setting CVar [[r.DistanceFieldAO:1]]
[2019.03.18-00.30.24:438][  0]LogConfig: Setting CVar [[r.AOQuality:2]]
[2019.03.18-00.30.24:438][  0]LogConfig: Setting CVar [[r.VolumetricFog:1]]
[2019.03.18-00.30.24:438][  0]LogConfig: Setting CVar [[r.VolumetricFog.GridPixelSize:8]]
[2019.03.18-00.30.24:438][  0]LogConfig: Setting CVar [[r.VolumetricFog.GridSizeZ:128]]
[2019.03.18-00.30.24:438][  0]LogConfig: Setting CVar [[r.VolumetricFog.HistoryMissSupersampleCount:4]]
[2019.03.18-00.30.24:438][  0]LogConfig: Setting CVar [[r.LightMaxDrawDistanceScale:1]]
[2019.03.18-00.30.24:438][  0]LogConfig: Setting CVar [[r.CapsuleShadows:1]]
[2019.03.18-00.30.24:438][  0]LogConfig: Applying CVar settings from Section [PostProcessQuality@3] File [C:/Users/tride/Desktop/Unreal Projects/COP4331-Project/ScaryMaze/Saved/Config/Windows/Scalability.ini]
[2019.03.18-00.30.24:438][  0]LogConfig: Setting CVar [[r.MotionBlurQuality:4]]
[2019.03.18-00.30.24:438][  0]LogConfig: Setting CVar [[r.AmbientOcclusionMipLevelFactor:0.4]]
[2019.03.18-00.30.24:438][  0]LogConfig: Setting CVar [[r.AmbientOcclusionMaxQuality:100]]
[2019.03.18-00.30.24:438][  0]LogConfig: Setting CVar [[r.AmbientOcclusionLevels:-1]]
[2019.03.18-00.30.24:438][  0]LogConfig: Setting CVar [[r.AmbientOcclusionRadiusScale:1.0]]
[2019.03.18-00.30.24:438][  0]LogConfig: Setting CVar [[r.DepthOfFieldQuality:2]]
[2019.03.18-00.30.24:439][  0]LogConfig: Setting CVar [[r.RenderTargetPoolMin:400]]
[2019.03.18-00.30.24:439][  0]LogConfig: Setting CVar [[r.LensFlareQuality:2]]
[2019.03.18-00.30.24:439][  0]LogConfig: Setting CVar [[r.SceneColorFringeQuality:1]]
[2019.03.18-00.30.24:439][  0]LogConfig: Setting CVar [[r.EyeAdaptationQuality:2]]
[2019.03.18-00.30.24:439][  0]LogConfig: Setting CVar [[r.BloomQuality:5]]
[2019.03.18-00.30.24:439][  0]LogConfig: Setting CVar [[r.FastBlurThreshold:100]]
[2019.03.18-00.30.24:439][  0]LogConfig: Setting CVar [[r.Upscale.Quality:3]]
[2019.03.18-00.30.24:439][  0]LogConfig: Setting CVar [[r.Tonemapper.GrainQuantization:1]]
[2019.03.18-00.30.24:439][  0]LogConfig: Setting CVar [[r.LightShaftQuality:1]]
[2019.03.18-00.30.24:439][  0]LogConfig: Setting CVar [[r.Filter.SizeScale:1]]
[2019.03.18-00.30.24:439][  0]LogConfig: Setting CVar [[r.Tonemapper.Quality:5]]
[2019.03.18-00.30.24:439][  0]LogConfig: Setting CVar [[r.DOF.Gather.AccumulatorQuality:1        ; higher gathering accumulator quality]]
[2019.03.18-00.30.24:439][  0]LogConfig: Setting CVar [[r.DOF.Gather.PostfilterMethod:1          ; Median3x3 postfilering method]]
[2019.03.18-00.30.24:439][  0]LogConfig: Setting CVar [[r.DOF.Gather.EnableBokehSettings:0       ; no bokeh simulation when gathering]]
[2019.03.18-00.30.24:439][  0]LogConfig: Setting CVar [[r.DOF.Gather.RingCount:4                 ; medium number of samples when gathering]]
[2019.03.18-00.30.24:440][  0]LogConfig: Setting CVar [[r.DOF.Scatter.ForegroundCompositing:1    ; additive foreground scattering]]
[2019.03.18-00.30.24:440][  0]LogConfig: Setting CVar [[r.DOF.Scatter.BackgroundCompositing:2    ; additive background scattering]]
[2019.03.18-00.30.24:440][  0]LogConfig: Setting CVar [[r.DOF.Scatter.EnableBokehSettings:1      ; bokeh simulation when scattering]]
[2019.03.18-00.30.24:440][  0]LogConfig: Setting CVar [[r.DOF.Scatter.MaxSpriteRatio:0.1         ; only a maximum of 10% of scattered bokeh]]
[2019.03.18-00.30.24:440][  0]LogConfig: Setting CVar [[r.DOF.Recombine.Quality:1                ; cheap slight out of focus]]
[2019.03.18-00.30.24:440][  0]LogConfig: Setting CVar [[r.DOF.Recombine.EnableBokehSettings:0    ; no bokeh simulation on slight out of focus]]
[2019.03.18-00.30.24:440][  0]LogConfig: Setting CVar [[r.DOF.TemporalAAQuality:1                ; more stable temporal accumulation]]
[2019.03.18-00.30.24:440][  0]LogConfig: Setting CVar [[r.DOF.Kernel.MaxForegroundRadius:0.025]]
[2019.03.18-00.30.24:440][  0]LogConfig: Setting CVar [[r.DOF.Kernel.MaxBackgroundRadius:0.025]]
[2019.03.18-00.30.24:440][  0]LogConfig: Applying CVar settings from Section [TextureQuality@3] File [C:/Users/tride/Desktop/Unreal Projects/COP4331-Project/ScaryMaze/Saved/Config/Windows/Scalability.ini]
[2019.03.18-00.30.24:440][  0]LogConfig: Setting CVar [[r.Streaming.MipBias:0]]
[2019.03.18-00.30.24:440][  0]LogConfig: Setting CVar [[r.Streaming.AmortizeCPUToGPUCopy:0]]
[2019.03.18-00.30.24:440][  0]LogConfig: Setting CVar [[r.Streaming.MaxNumTexturesToStreamPerFrame:0]]
[2019.03.18-00.30.24:440][  0]LogConfig: Setting CVar [[r.Streaming.Boost:1]]
[2019.03.18-00.30.24:440][  0]LogConfig: Setting CVar [[r.MaxAnisotropy:8]]
[2019.03.18-00.30.24:440][  0]LogConfig: Setting CVar [[r.Streaming.LimitPoolSizeToVRAM:0]]
[2019.03.18-00.30.24:440][  0]LogConfig: Setting CVar [[r.Streaming.PoolSize:1000]]
[2019.03.18-00.30.24:440][  0]LogConfig: Setting CVar [[r.Streaming.MaxEffectiveScreenSize:0]]
[2019.03.18-00.30.24:440][  0]LogConfig: Applying CVar settings from Section [EffectsQuality@3] File [C:/Users/tride/Desktop/Unreal Projects/COP4331-Project/ScaryMaze/Saved/Config/Windows/Scalability.ini]
[2019.03.18-00.30.24:441][  0]LogConfig: Setting CVar [[r.TranslucencyLightingVolumeDim:64]]
[2019.03.18-00.30.24:441][  0]LogConfig: Setting CVar [[r.RefractionQuality:2]]
[2019.03.18-00.30.24:441][  0]LogConfig: Setting CVar [[r.SSR.Quality:3]]
[2019.03.18-00.30.24:441][  0]LogConfig: Setting CVar [[r.SceneColorFormat:4]]
[2019.03.18-00.30.24:441][  0]LogConfig: Setting CVar [[r.DetailMode:2]]
[2019.03.18-00.30.24:441][  0]LogConfig: Setting CVar [[r.TranslucencyVolumeBlur:1]]
[2019.03.18-00.30.24:441][  0]LogConfig: Setting CVar [[r.MaterialQualityLevel:1 ; High quality]]
[2019.03.18-00.30.24:441][  0]LogConfig: Setting CVar [[r.SSS.Scale:1]]
[2019.03.18-00.30.24:441][  0]LogConfig: Setting CVar [[r.SSS.SampleSet:2]]
[2019.03.18-00.30.24:441][  0]LogConfig: Setting CVar [[r.SSS.Quality:1]]
[2019.03.18-00.30.24:441][  0]LogConfig: Setting CVar [[r.SSS.HalfRes:1]]
[2019.03.18-00.30.24:441][  0]LogConfig: Setting CVar [[r.EmitterSpawnRateScale:1.0]]
[2019.03.18-00.30.24:441][  0]LogConfig: Setting CVar [[r.ParticleLightQuality:2]]
[2019.03.18-00.30.24:441][  0]LogConfig: Applying CVar settings from Section [FoliageQuality@3] File [C:/Users/tride/Desktop/Unreal Projects/COP4331-Project/ScaryMaze/Saved/Config/Windows/Scalability.ini]
[2019.03.18-00.30.24:441][  0]LogConfig: Setting CVar [[foliage.DensityScale:1.0]]
[2019.03.18-00.30.24:441][  0]LogConfig: Setting CVar [[grass.DensityScale:1.0]]
[2019.03.18-00.30.24:441][  0]LogConfig: Applying CVar settings from Section [Startup] File [../../../Engine/Config/ConsoleVariables.ini]
[2019.03.18-00.30.24:442][  0]LogConfig: Setting CVar [[net.UseAdaptiveNetUpdateFrequency:0]]
[2019.03.18-00.30.24:442][  0]LogConfig: Applying CVar settings from Section [ConsoleVariables] File [C:/Users/tride/Desktop/Unreal Projects/COP4331-Project/ScaryMaze/Saved/Config/Windows/Engine.ini]
[2019.03.18-00.30.24:442][  0]LogInit: Computer: LAPTOP-QTRP2V0F
[2019.03.18-00.30.24:442][  0]LogInit: User: tride
[2019.03.18-00.30.24:442][  0]LogInit: CPU Page size=4096, Cores=4
[2019.03.18-00.30.24:442][  0]LogInit: High frequency timer resolution =2.742192 MHz
[2019.03.18-00.30.24:442][  0]LogMemory: Memory total: Physical=15.9GB (16GB approx)
[2019.03.18-00.30.24:442][  0]LogMemory: Platform Memory Stats for Windows
[2019.03.18-00.30.24:443][  0]LogMemory: Process Physical Memory: 102.46 MB used, 102.46 MB peak
[2019.03.18-00.30.24:443][  0]LogMemory: Process Virtual Memory: 92.30 MB used, 92.30 MB peak
[2019.03.18-00.30.24:443][  0]LogMemory: Physical Memory: 14011.89 MB used,  2247.27 MB free, 16259.16 MB total
[2019.03.18-00.30.24:443][  0]LogMemory: Virtual Memory: 4652.73 MB used,  134213072.00 MB free, 134217728.00 MB total
[2019.03.18-00.30.24:690][  0]LogInit: Using OS detected language (en-US).
[2019.03.18-00.30.24:690][  0]LogInit: Using OS detected locale (en-US).
[2019.03.18-00.30.24:691][  0]LogTextLocalizationManager: No specific localization for 'en-US' exists, so the 'en' localization will be used.
[2019.03.18-00.30.25:138][  0]LogStreaming: Display: Took  0.448s to InitEngineTextLocalization.
[2019.03.18-00.30.25:139][  0]LogInit: Setting process to per monitor DPI aware
[2019.03.18-00.30.25:206][  0]LogSlate: New Slate User Created.  User Index 0, Is Virtual User: 0
[2019.03.18-00.30.25:206][  0]LogSlate: Slate User Registered.  User Index 0, Is Virtual User: 0
[2019.03.18-00.30.25:641][  0]LogHMD: Failed to initialize OpenVR with code 110
[2019.03.18-00.30.25:641][  0]LogD3D11RHI: D3D11 adapters:
[2019.03.18-00.30.25:772][  0]LogD3D11RHI:    0. 'NVIDIA GeForce GTX 1050 Ti' (Feature Level 11_0)
[2019.03.18-00.30.25:772][  0]LogD3D11RHI:       4021/0/8129 MB DedicatedVideo/DedicatedSystem/SharedSystem, Outputs:1, VendorId:0x10de
[2019.03.18-00.30.25:799][  0]LogD3D11RHI:    1. 'Intel(R) HD Graphics 630' (Feature Level 11_0)
[2019.03.18-00.30.25:799][  0]LogD3D11RHI:       128/0/8129 MB DedicatedVideo/DedicatedSystem/SharedSystem, Outputs:0, VendorId:0x8086
[2019.03.18-00.30.25:806][  0]LogD3D11RHI:    2. 'Microsoft Basic Render Driver' (Feature Level 11_0)
[2019.03.18-00.30.25:806][  0]LogD3D11RHI:       0/0/8129 MB DedicatedVideo/DedicatedSystem/SharedSystem, Outputs:0, VendorId:0x1414
[2019.03.18-00.30.25:806][  0]LogD3D11RHI: Chosen D3D11 Adapter: 0
[2019.03.18-00.30.25:843][  0]LogD3D11RHI: Creating new Direct3DDevice
[2019.03.18-00.30.25:843][  0]LogD3D11RHI:     GPU DeviceId: 0x1c8c (for the marketing name, search the web for "GPU Device Id")
[2019.03.18-00.30.25:843][  0]LogWindows: EnumDisplayDevices:
[2019.03.18-00.30.25:844][  0]LogWindows:    0. 'Intel(R) HD Graphics 630' (P:1 D:1)
[2019.03.18-00.30.25:844][  0]LogWindows:    1. 'Intel(R) HD Graphics 630' (P:0 D:0)
[2019.03.18-00.30.25:845][  0]LogWindows:    2. 'Intel(R) HD Graphics 630' (P:0 D:0)
[2019.03.18-00.30.25:845][  0]LogWindows: DebugString: PrimaryIsNotTheChoosenAdapter PrimaryIsNotTheChoosenAdapter PrimaryIsNotTheChoosenAdapter FoundDriverCount:0 
[2019.03.18-00.30.25:845][  0]LogD3D11RHI:     Adapter Name: NVIDIA GeForce GTX 1050 Ti
[2019.03.18-00.30.25:846][  0]LogD3D11RHI:   Driver Version: Unknown (internal:Unknown, unified:Unknown)
[2019.03.18-00.30.25:846][  0]LogD3D11RHI:      Driver Date: Unknown
[2019.03.18-00.30.25:846][  0]LogRHI: Texture pool is 2814 MB (70% of 4021 MB)
[2019.03.18-00.30.25:892][  0]LogD3D11RHI: Async texture creation enabled
[2019.03.18-00.30.25:956][  0]LogD3D11RHI: GPU Timing Frequency: 1000.000000 (Debug: 2 2)
[2019.03.18-00.30.26:296][  0]LogTemp: Display: Loaded TP AllDesktopTargetPlatform
[2019.03.18-00.30.26:321][  0]LogTemp: Display: Loaded TP MacClientTargetPlatform
[2019.03.18-00.30.26:350][  0]LogTemp: Display: Loaded TP MacNoEditorTargetPlatform
[2019.03.18-00.30.26:372][  0]LogTemp: Display: Loaded TP MacServerTargetPlatform
[2019.03.18-00.30.26:402][  0]LogTemp: Display: Loaded TP MacTargetPlatform
[2019.03.18-00.30.26:427][  0]LogTemp: Display: Loaded TP WindowsClientTargetPlatform
[2019.03.18-00.30.26:450][  0]LogTemp: Display: Loaded TP WindowsNoEditorTargetPlatform
[2019.03.18-00.30.26:477][  0]LogTemp: Display: Loaded TP WindowsServerTargetPlatform
[2019.03.18-00.30.26:495][  0]LogTemp: Display: Loaded TP WindowsTargetPlatform
[2019.03.18-00.30.26:584][  0]LogTemp: Display: Loaded TP AndroidTargetPlatform
[2019.03.18-00.30.26:584][  0]LogTemp: Display: Loaded TP AndroidTargetPlatform
[2019.03.18-00.30.26:584][  0]LogTemp: Display: Loaded TP AndroidTargetPlatform
[2019.03.18-00.30.26:584][  0]LogTemp: Display: Loaded TP AndroidTargetPlatform
[2019.03.18-00.30.26:585][  0]LogTemp: Display: Loaded TP AndroidTargetPlatform
[2019.03.18-00.30.26:585][  0]LogTemp: Display: Loaded TP AndroidTargetPlatform
[2019.03.18-00.30.26:585][  0]LogTemp: Display: Loaded TP AndroidTargetPlatform
[2019.03.18-00.30.26:585][  0]LogTemp: Display: Loaded TP AndroidTargetPlatform
[2019.03.18-00.30.26:585][  0]LogTemp: Display: Loaded TP AndroidTargetPlatform
[2019.03.18-00.30.26:585][  0]LogTemp: Display: Loaded TP AndroidTargetPlatform
[2019.03.18-00.30.26:585][  0]LogTemp: Display: Loaded TP AndroidTargetPlatform
[2019.03.18-00.30.26:585][  0]LogTemp: Display: Loaded TP AndroidTargetPlatform
[2019.03.18-00.30.26:586][  0]LogTemp: Display: Loaded TP AndroidTargetPlatform
[2019.03.18-00.30.26:586][  0]LogTemp: Display: Loaded TP AndroidTargetPlatform
[2019.03.18-00.30.26:586][  0]LogTemp: Display: Loaded TP AndroidTargetPlatform
[2019.03.18-00.30.26:586][  0]LogTemp: Display: Loaded TP AndroidTargetPlatform
[2019.03.18-00.30.26:586][  0]LogTemp: Display: Loaded TP AndroidTargetPlatform
[2019.03.18-00.30.26:586][  0]LogTemp: Display: Loaded TP AndroidTargetPlatform
[2019.03.18-00.30.26:597][  0]LogTemp: Display: Loaded TP HTML5TargetPlatform
[2019.03.18-00.30.26:692][  0]LogTemp: Display: Loaded TP IOSTargetPlatform
[2019.03.18-00.30.26:692][  0]LogTemp: Display: Loaded TP IOSTargetPlatform
[2019.03.18-00.30.26:729][  0]LogTemp: Display: Loaded TP TVOSTargetPlatform
[2019.03.18-00.30.26:729][  0]LogTemp: Display: Loaded TP TVOSTargetPlatform
[2019.03.18-00.30.26:754][  0]LogTemp: Display: Loaded TP LinuxClientTargetPlatform
[2019.03.18-00.30.26:779][  0]LogTemp: Display: Loaded TP LinuxNoEditorTargetPlatform
[2019.03.18-00.30.26:802][  0]LogTemp: Display: Loaded TP LinuxServerTargetPlatform
[2019.03.18-00.30.26:827][  0]LogTemp: Display: Loaded TP LinuxTargetPlatform
[2019.03.18-00.30.26:890][  0]LogTemp: Display: Loaded TP LuminTargetPlatform
[2019.03.18-00.30.26:890][  0]LogTemp: Display: Loaded TP LuminTargetPlatform
[2019.03.18-00.30.26:890][  0]LogTargetPlatformManager: Display: Building Assets For Windows
[2019.03.18-00.30.27:247][  0]LogShaderCompilers: Guid format shader working directory is -28 characters bigger than the processId version (../../../../Users/tride/Desktop/Unreal Projects/COP4331-Project/ScaryMaze/Intermediate/Shaders/WorkingDirectory/41896/).
[2019.03.18-00.30.27:247][  0]LogShaderCompilers: Cleaned the shader compiler working directory 'C:/Users/tride/AppData/Local/Temp/UnrealShaderWorkingDir/DB8D66084888009877BA7CBE60BA3B55/'.
[2019.03.18-00.30.27:251][  0]LogXGEController: Cleaning working directory: C:/Users/tride/AppData/Local/Temp/UnrealXGEWorkingDir/
[2019.03.18-00.30.27:252][  0]LogXGEController: Cannot use XGE Controller as Incredibuild is not installed on this machine.
[2019.03.18-00.30.27:252][  0]LogShaderCompilers: Cannot use XGE Shader Compiler as Incredibuild is not installed on this machine.
[2019.03.18-00.30.27:252][  0]LogShaderCompilers: Display: Using Local Shader Compiler.
[2019.03.18-00.30.28:029][  0]LogDerivedDataCache: Display: Max Cache Size: 512 MB
[2019.03.18-00.30.28:116][  0]LogDerivedDataCache: Loaded boot cache 0.09s 73MB C:/Users/tride/AppData/Local/UnrealEngine/4.21/DerivedDataCache/Boot.ddc.
[2019.03.18-00.30.28:116][  0]LogDerivedDataCache: Display: Loaded Boot cache: C:/Users/tride/AppData/Local/UnrealEngine/4.21/DerivedDataCache/Boot.ddc
[2019.03.18-00.30.28:116][  0]LogDerivedDataCache: FDerivedDataBackendGraph:  Pak pak cache file ../../../../Users/tride/Desktop/Unreal Projects/COP4331-Project/ScaryMaze/DerivedDataCache/DDC.ddp not found, will not use a pak cache.
[2019.03.18-00.30.28:116][  0]LogDerivedDataCache: Unable to find inner node Pak for hierarchical cache Hierarchy.
[2019.03.18-00.30.28:117][  0]LogDerivedDataCache: FDerivedDataBackendGraph:  CompressedPak pak cache file ../../../../Users/tride/Desktop/Unreal Projects/COP4331-Project/ScaryMaze/DerivedDataCache/Compressed.ddp not found, will not use a pak cache.
[2019.03.18-00.30.28:117][  0]LogDerivedDataCache: Unable to find inner node CompressedPak for hierarchical cache Hierarchy.
[2019.03.18-00.30.28:136][  0]LogDerivedDataCache: Display: Pak cache opened for reading ../../../Engine/DerivedDataCache/Compressed.ddp.
[2019.03.18-00.30.28:136][  0]LogDerivedDataCache: FDerivedDataBackendGraph:  EnterprisePak pak cache file ../../../Enterprise/DerivedDataCache/Compressed.ddp not found, will not use a pak cache.
[2019.03.18-00.30.28:136][  0]LogDerivedDataCache: Unable to find inner node EnterprisePak for hierarchical cache Hierarchy.
[2019.03.18-00.30.28:151][  0]LogDerivedDataCache: Using Local data cache path C:/Users/tride/AppData/Local/UnrealEngine/Common/DerivedDataCache: Writable
[2019.03.18-00.30.28:151][  0]LogDerivedDataCache: Shared data cache path not found in *engine.ini, will not use an Shared cache.
[2019.03.18-00.30.28:151][  0]LogDerivedDataCache: Unable to find inner node Shared for hierarchical cache Hierarchy.
[2019.03.18-00.30.28:181][  0]LogMaterial: Verifying Global Shaders for PCD3D_SM5
[2019.03.18-00.30.28:184][  0]LogSlate: Using FreeType 2.6.0
[2019.03.18-00.30.28:186][  0]LogSlate: SlateFontServices - WITH_FREETYPE: 1, WITH_HARFBUZZ: 1
[2019.03.18-00.30.28:359][  0]LogAssetRegistry: FAssetRegistry took 0.0387 seconds to start up
[2019.03.18-00.30.28:806][  0]LogInit: Selected Device Profile: [Windows]
[2019.03.18-00.30.29:105][  0]LogSimplygon: Simplygon DLL not present - disabling.
[2019.03.18-00.30.29:153][  0]LogMeshReduction: Using SimplygonSwarm for distributed automatic mesh merging
[2019.03.18-00.30.29:153][  0]LogMeshReduction: Using ProxyLODMeshReduction for automatic mesh merging
[2019.03.18-00.30.29:154][  0]LogMeshReduction: Using QuadricMeshReduction for automatic static mesh reduction
[2019.03.18-00.30.29:154][  0]LogMeshReduction: No automatic skeletal mesh reduction module available
[2019.03.18-00.30.29:175][  0]LogNetVersion: ScaryMaze 1.0.0, NetCL: 4541578, EngineNetVer: 5, GameNetVer: 0 (Checksum: 3370334168)
[2019.03.18-00.30.30:133][  0]LogPackageLocalizationCache: Processed 11 localized package path(s) for 2 prioritized culture(s) in 0.174154 seconds
[2019.03.18-00.30.30:144][  0]LogUObjectArray: 39775 objects as part of root set at end of initial load.
[2019.03.18-00.30.30:144][  0]LogUObjectAllocator: 6914656 out of 0 bytes used by permanent object pool.
[2019.03.18-00.30.30:144][  0]LogUObjectArray: CloseDisregardForGC: 0/0 objects in disregard for GC pool
[2019.03.18-00.30.32:443][  0]LogTcpMessaging: Initializing TcpMessaging bridge
[2019.03.18-00.30.32:472][  0]LogUdpMessaging: Initializing bridge on interface 0.0.0.0:0 to multicast group 230.0.0.1:6666.
[2019.03.18-00.30.33:970][  0]SourceControl: Source control is disabled
[2019.03.18-00.30.33:970][  0]SourceControl: Source control is disabled
[2019.03.18-00.30.34:000][  0]SourceControl: Source control is disabled
[2019.03.18-00.30.34:013][  0]SourceControl: Source control is disabled
[2019.03.18-00.30.34:660][  0]LogAndroidPermission: UAndroidPermissionCallbackProxy::GetInstance
[2019.03.18-00.30.34:828][  0]LogOcInput: OculusInput pre-init called
[2019.03.18-00.30.35:115][  0]LogEngine: Initializing Engine...
[2019.03.18-00.30.35:118][  0]LogHMD: Failed to initialize OpenVR with code 110
[2019.03.18-00.30.35:122][  0]LogStats: UGameplayTagsManager::ConstructGameplayTagTree: ImportINI prefixes -  0.000 s
[2019.03.18-00.30.35:122][  0]LogStats: UGameplayTagsManager::ConstructGameplayTagTree: Construct from data asset -  0.000 s
[2019.03.18-00.30.35:123][  0]LogStats: UGameplayTagsManager::ConstructGameplayTagTree: ImportINI -  0.000 s
[2019.03.18-00.30.35:123][  0]LogStats: UGameplayTagsManager::ConstructGameplayTagTree: GameplayTagTreeChangedEvent.Broadcast -  0.000 s
[2019.03.18-00.30.35:403][  0]LogInit: Initializing FReadOnlyCVARCache
[2019.03.18-00.30.35:464][  0]LogAIModule: Creating AISystem for world Untitled
[2019.03.18-00.30.35:499][  0]LogInit: XAudio2 using 'Speakers (Realtek High Definition Audio)' : 2 channels at 48 kHz using 32 bits per sample (channel mask 0x3)
[2019.03.18-00.30.35:529][  0]LogInit: FAudioDevice initialized.
[2019.03.18-00.30.35:530][  0]LogNetVersion: Set ProjectVersion to 1.0.0.0. Version Checksum will be recalculated on next use.
[2019.03.18-00.30.35:579][  0]LogDerivedDataCache: Saved boot cache 0.05s 73MB C:/Users/tride/AppData/Local/UnrealEngine/4.21/DerivedDataCache/Boot.ddc.
[2019.03.18-00.30.35:589][  0]LogInit: Texture streaming: Enabled
[2019.03.18-00.30.35:685][  0]LogEngineSessionManager: EngineSessionManager initialized
[2019.03.18-00.30.35:686][  0]LogEngineSessionManager: EngineSessionManager sent abnormal shutdown report. Type=Debugger, SessionId={B3A767B1-459C-CA09-14D7-88AE156CC969}
[2019.03.18-00.30.35:730][  0]LogInit: Transaction tracking system initialized
[2019.03.18-00.30.35:864][  0]BlueprintLog: New page: Editor Load
[2019.03.18-00.30.36:385][  0]LocalizationService: Localization service is disabled
[2019.03.18-00.30.37:203][  0]LogFileCache: Scanning file cache for directory 'C:/Users/tride/Desktop/Unreal Projects/COP4331-Project/ScaryMaze/Content/' took 0.02s
[2019.03.18-00.30.37:203][  0]LogCook: Display: Max memory allowance for cook 16384mb min free memory 0mb
[2019.03.18-00.30.37:203][  0]LogCook: Display: Mobile HDR setting 1
[2019.03.18-00.30.37:204][  0]LogGameplayTags: Display: UGameplayTagsManager::DoneAddingNativeTags. DelegateIsBound: 0
[2019.03.18-00.30.37:205][  0]LogStats: UGameplayTagsManager::ConstructGameplayTagTree: ImportINI prefixes -  0.000 s
[2019.03.18-00.30.37:205][  0]LogStats: UGameplayTagsManager::ConstructGameplayTagTree: Construct from data asset -  0.000 s
[2019.03.18-00.30.37:205][  0]LogStats: UGameplayTagsManager::ConstructGameplayTagTree: ImportINI -  0.000 s
[2019.03.18-00.30.37:205][  0]LogStats: UGameplayTagsManager::ConstructGameplayTagTree: GameplayTagTreeChangedEvent.Broadcast -  0.000 s
[2019.03.18-00.30.37:764][  0]SourceControl: Source control is disabled
[2019.03.18-00.30.37:765][  0]Cmd: MAP LOAD FILE="../../../../Users/tride/Desktop/Unreal Projects/COP4331-Project/ScaryMaze/Content/LevelOne.umap" TEMPLATE=0 SHOWPROGRESS=1 FEATURELEVEL=3
[2019.03.18-00.30.37:768][  0]LightingResults: New page: Lighting Build
[2019.03.18-00.30.37:782][  0]MapCheck: New page: Map Check
[2019.03.18-00.30.37:782][  0]LightingResults: New page: Lighting Build
[2019.03.18-00.30.37:962][  0]LogLinker: Warning: Can't find file '/Game/LevelOne_BuiltData'
[2019.03.18-00.30.37:963][  0]LogLinker: Warning: Can't find file for asset '/Game/LevelOne_BuiltData' while loading ../../../../Users/tride/Desktop/Unreal Projects/COP4331-Project/ScaryMaze/Content/LevelOne.umap.
[2019.03.18-00.30.37:963][  0]LoadErrors: Error: /Game/LevelOne : Can't find file for asset. /Game/LevelOne_BuiltData
[2019.03.18-00.30.37:965][  0]LogLinker: Warning: Can't find file '/Game/LevelOne_BuiltData'
[2019.03.18-00.30.37:965][  0]LogLinker: Warning: Can't find file for asset '/Game/LevelOne_BuiltData' while loading ../../../../Users/tride/Desktop/Unreal Projects/COP4331-Project/ScaryMaze/Content/LevelOne.umap.
[2019.03.18-00.30.37:965][  0]LoadErrors: Error: /Game/LevelOne : Can't find file for asset. /Game/LevelOne_BuiltData
[2019.03.18-00.30.37:996][  0]LogLinker: Warning: Can't find file '/Game/LevelOne_BuiltData'
[2019.03.18-00.30.37:996][  0]LogLinker: Warning: Can't find file for asset '/Game/LevelOne_BuiltData' while loading NULL.
[2019.03.18-00.30.37:997][  0]LogLinker: Warning: Can't find file '/Game/LevelOne_BuiltData'
[2019.03.18-00.30.37:997][  0]LogLinker: Warning: Can't find file for asset '/Game/LevelOne_BuiltData' while loading NULL.
[2019.03.18-00.30.38:010][  0]LogLinker: Warning: Can't find file '/Game/LevelOne_BuiltData'
[2019.03.18-00.30.38:011][  0]LoadErrors: Failed to load /Game/LevelOne_BuiltData.LevelOne_BuiltData Referenced by PersistentLevel
[2019.03.18-00.30.38:011][  0]LogLinker: Warning: Can't find file for asset '/Game/LevelOne_BuiltData' while loading NULL.
[2019.03.18-00.30.38:011][  0]LoadErrors: Failed to load /Game/LevelOne_BuiltData.LevelOne_BuiltData Referenced by PersistentLevel
[2019.03.18-00.30.38:127][  0]LogAIModule: Creating AISystem for world LevelOne
[2019.03.18-00.30.38:174][  0]LogEditorServer: Finished looking for orphan Actors (0.000 secs)
[2019.03.18-00.30.38:208][  0]Cmd: MAP CHECKDEP NOCLEARLOG
[2019.03.18-00.30.38:209][  0]MapCheck: Map check complete: 0 Error(s), 0 Warning(s), took 0.215ms to complete.
[2019.03.18-00.30.38:209][  0]LogFileHelpers: Loading map 'LevelOne' took 0.444
[2019.03.18-00.30.38:460][  0]LogSlate: Updating window title bar state: overlay mode, drag disabled, window buttons hidden, title bar hidden
[2019.03.18-00.30.38:470][  0]LogSlate: Updating window title bar state: overlay mode, drag disabled, window buttons hidden, title bar hidden
[2019.03.18-00.30.38:477][  0]LogSlate: Updating window title bar state: overlay mode, drag disabled, window buttons hidden, title bar hidden
[2019.03.18-00.30.38:486][  0]LogSlate: Updating window title bar state: overlay mode, drag disabled, window buttons hidden, title bar hidden
[2019.03.18-00.30.38:517][  0]LogCollectionManager: Loaded 0 collections in 0.002304 seconds
[2019.03.18-00.30.38:579][  0]LogFileCache: Scanning file cache for directory 'C:/Users/tride/Desktop/Unreal Projects/COP4331-Project/ScaryMaze/Saved/Collections/' took 0.01s
[2019.03.18-00.30.38:579][  0]LogFileCache: Scanning file cache for directory 'C:/Users/tride/Desktop/Unreal Projects/COP4331-Project/ScaryMaze/Content/Developers/tride/Collections/' took 0.01s
[2019.03.18-00.30.38:579][  0]LogFileCache: Scanning file cache for directory 'C:/Users/tride/Desktop/Unreal Projects/COP4331-Project/ScaryMaze/Content/Collections/' took 0.00s
[2019.03.18-00.30.38:579][  0]LogCollectionManager: Rebuilt the GUID cache for 0 collections in 0.000000 seconds
[2019.03.18-00.30.38:595][  0]LogContentBrowser: Native class hierarchy populated in 0.0139 seconds. Added 2665 classes and 622 folders.
[2019.03.18-00.30.38:616][  0]LogContentBrowser: Native class hierarchy updated for 'WidgetCarousel' in 0.0005 seconds. Added 0 classes and 0 folders.
[2019.03.18-00.30.38:624][  0]LogPakFile: Registered encryption key '00000000000000000000000000000000': 0 pak files mounted, 0 remain pending
[2019.03.18-00.30.38:633][  0]LogPakFile: Registered encryption key '00000000000000000000000000000000': 0 pak files mounted, 0 remain pending
[2019.03.18-00.30.38:636][  0]LogPakFile: Registered encryption key '00000000000000000000000000000000': 0 pak files mounted, 0 remain pending
[2019.03.18-00.30.38:640][  0]LogPakFile: Registered encryption key '00000000000000000000000000000000': 0 pak files mounted, 0 remain pending
[2019.03.18-00.30.38:642][  0]LogPakFile: Registered encryption key '00000000000000000000000000000000': 0 pak files mounted, 0 remain pending
[2019.03.18-00.30.38:644][  0]LogPakFile: Registered encryption key '00000000000000000000000000000000': 0 pak files mounted, 0 remain pending
[2019.03.18-00.30.38:647][  0]LogPakFile: Registered encryption key '00000000000000000000000000000000': 0 pak files mounted, 0 remain pending
[2019.03.18-00.30.38:649][  0]LogPakFile: Registered encryption key '00000000000000000000000000000000': 0 pak files mounted, 0 remain pending
[2019.03.18-00.30.38:652][  0]LogPakFile: Registered encryption key '00000000000000000000000000000000': 0 pak files mounted, 0 remain pending
[2019.03.18-00.30.38:655][  0]LogPakFile: Registered encryption key '00000000000000000000000000000000': 0 pak files mounted, 0 remain pending
[2019.03.18-00.30.38:658][  0]LogPakFile: Registered encryption key '00000000000000000000000000000000': 0 pak files mounted, 0 remain pending
[2019.03.18-00.30.38:660][  0]LogPakFile: Registered encryption key '00000000000000000000000000000000': 0 pak files mounted, 0 remain pending
[2019.03.18-00.30.38:663][  0]LogPakFile: Registered encryption key '00000000000000000000000000000000': 0 pak files mounted, 0 remain pending
[2019.03.18-00.30.38:666][  0]LogPakFile: Registered encryption key '00000000000000000000000000000000': 0 pak files mounted, 0 remain pending
[2019.03.18-00.30.38:668][  0]LogPakFile: Registered encryption key '00000000000000000000000000000000': 0 pak files mounted, 0 remain pending
[2019.03.18-00.30.38:671][  0]LogPakFile: Registered encryption key '00000000000000000000000000000000': 0 pak files mounted, 0 remain pending
[2019.03.18-00.30.38:673][  0]LogPakFile: Registered encryption key '00000000000000000000000000000000': 0 pak files mounted, 0 remain pending
[2019.03.18-00.30.38:676][  0]LogPakFile: Registered encryption key '00000000000000000000000000000000': 0 pak files mounted, 0 remain pending
[2019.03.18-00.30.38:678][  0]LogPakFile: Registered encryption key '00000000000000000000000000000000': 0 pak files mounted, 0 remain pending
[2019.03.18-00.30.38:681][  0]LogPakFile: Registered encryption key '00000000000000000000000000000000': 0 pak files mounted, 0 remain pending
[2019.03.18-00.30.38:683][  0]LogPakFile: Registered encryption key '00000000000000000000000000000000': 0 pak files mounted, 0 remain pending
[2019.03.18-00.30.38:686][  0]LogPakFile: Registered encryption key '00000000000000000000000000000000': 0 pak files mounted, 0 remain pending
[2019.03.18-00.30.38:688][  0]LogPakFile: Registered encryption key '00000000000000000000000000000000': 0 pak files mounted, 0 remain pending
[2019.03.18-00.30.38:691][  0]LogPakFile: Registered encryption key '00000000000000000000000000000000': 0 pak files mounted, 0 remain pending
[2019.03.18-00.30.38:693][  0]LogPakFile: Registered encryption key '00000000000000000000000000000000': 0 pak files mounted, 0 remain pending
[2019.03.18-00.30.38:695][  0]LogPakFile: Registered encryption key '00000000000000000000000000000000': 0 pak files mounted, 0 remain pending
[2019.03.18-00.30.38:809][  0]LogContentBrowser: Native class hierarchy updated for 'AddContentDialog' in 0.0004 seconds. Added 0 classes and 0 folders.
[2019.03.18-00.30.38:837][  0]LogContentBrowser: Native class hierarchy updated for 'SceneOutliner' in 0.0004 seconds. Added 1 classes and 2 folders.
[2019.03.18-00.30.38:942][  0]LogSlate: Took 0.000915 seconds to synchronously load lazily loaded font '../../../Engine/Content/Slate/Fonts/Roboto-Regular.ttf' (155K)
[2019.03.18-00.30.38:950][  0]LogSlate: Took 0.000918 seconds to synchronously load lazily loaded font '../../../Engine/Content/Slate/Fonts/Roboto-Bold.ttf' (160K)
[2019.03.18-00.30.38:964][  0]LogSlate: Took 0.000878 seconds to synchronously load lazily loaded font '../../../Engine/Content/Editor/Slate/Fonts/FontAwesome.ttf' (139K)
[2019.03.18-00.30.39:085][  0]LogRenderer: Reallocating scene render targets to support 936x480 Format 10 NumSamples 1 (Frame:1).
[2019.03.18-00.30.39:213][  0]LogSlate: Took 0.000620 seconds to synchronously load lazily loaded font '../../../Engine/Content/Slate/Fonts/Roboto-Light.ttf' (167K)
[2019.03.18-00.30.39:428][  0]LogContentBrowser: Native class hierarchy updated for 'HierarchicalLODOutliner' in 0.0005 seconds. Added 0 classes and 0 folders.
[2019.03.18-00.30.39:428][  0]LogLoad: (Engine Initialization) Total time: 17.48 seconds
[2019.03.18-00.30.39:428][  0]LogLoad: (Engine Initialization) Total Blueprint compile time: 0.00 seconds
[2019.03.18-00.30.39:456][  0]LogWindowsTextInputMethodSystem: Display: IME system now deactivated.
[2019.03.18-00.30.39:524][  0]LogContentStreaming: Texture pool size now 1000 MB
[2019.03.18-00.30.39:532][  0]LogSlate: FSceneViewport::OnFocusLost() reason 2
[2019.03.18-00.30.39:760][  2]LogAssetRegistry: Asset discovery search completed in 11.4256 seconds
[2019.03.18-00.30.39:762][  2]LogCollectionManager: Rebuilt the object cache for 0 collections in 0.000000 seconds (found 0 objects)
[2019.03.18-00.30.39:762][  2]LogCollectionManager: Fixed up redirectors for 0 collections in 0.000186 seconds (updated 0 objects)
[2019.03.18-00.30.48:090][467]LogSlate: Window 'Message Log' being destroyed
[2019.03.18-00.30.48:096][467]LogSlate: Window 'Message Log' being destroyed
[2019.03.18-00.30.49:685][562]LogSlate: FSceneViewport::OnFocusLost() reason 2
[2019.03.18-00.30.51:677][681]LogSlate: FSceneViewport::OnFocusLost() reason 2
[2019.03.18-00.30.53:204][681]LogSlate: Only BGRA pngs, bmps or icos are supported in by External Image Picker
[2019.03.18-00.30.53:278][682]LogTemp: Executing iPhonePackager certificates Engine -bundlename com.YourCompany.ScaryMaze
[2019.03.18-00.30.53:279][682]LogTemp: CWD: C:\UE_4.21\Engine\Binaries\DotNET\IOS
[2019.03.18-00.30.53:279][682]LogTemp: Initial Dir: C:\UE_4.21
[2019.03.18-00.30.53:279][682]LogTemp: Env CWD: C:\UE_4.21\Engine\Binaries\DotNET\IOS
[2019.03.18-00.30.53:279][682]LogTemp: BranchPath = LAPTOP-QTRP2V0F/C/UE_4.21/Engine/Binaries --- GameBranchPath = LAPTOP-QTRP2V0F/C/UE_4.21/Engine/Binaries
[2019.03.18-00.30.53:289][682]LogTemp: IPP ERROR: Could not find provision directory 'C:\Users\tride\AppData\Local/Apple Computer/MobileDevice/Provisioning Profiles/'.
[2019.03.18-00.31.09:232][627]LogSlate: FSceneViewport::OnFocusLost() reason 0
[2019.03.18-00.31.09:315][632]LogTemp: Repeating last play command: Simulate
[2019.03.18-00.31.09:326][632]LogBlueprintUserMessages: Early PlayInEditor Detection: Level '/Game/LevelOne.LevelOne:PersistentLevel' has LevelScriptBlueprint '/Game/LevelOne.LevelOne:PersistentLevel.LevelOne' with GeneratedClass '/Game/LevelOne.LevelOne_C' with ClassGeneratedBy '/Game/LevelOne.LevelOne:PersistentLevel.LevelOne'
[2019.03.18-00.31.09:328][632]LogPlayLevel: PlayLevel: No blueprints needed recompiling
[2019.03.18-00.31.09:334][632]PIE: New page: SIE session: LevelOne (Mar 17, 2019, 4:31:09 PM)
[2019.03.18-00.31.09:354][632]LogPlayLevel: Creating play world package: /Game/UEDPIE_0_LevelOne
[2019.03.18-00.31.09:361][632]LogPlayLevel: PIE: StaticDuplicateObject took: (0.006203s)
[2019.03.18-00.31.09:362][632]LogAIModule: Creating AISystem for world LevelOne
[2019.03.18-00.31.09:363][632]LogPlayLevel: PIE: World Init took: (0.001479s)
[2019.03.18-00.31.09:363][632]LogPlayLevel: PIE: Created PIE world by copying editor world from /Game/LevelOne.LevelOne to /Game/UEDPIE_0_LevelOne.LevelOne (0.008653s)
[2019.03.18-00.31.09:394][632]LogInit: XAudio2 using 'Speakers (Realtek High Definition Audio)' : 2 channels at 48 kHz using 32 bits per sample (channel mask 0x3)
[2019.03.18-00.31.09:414][632]LogInit: FAudioDevice initialized.
[2019.03.18-00.31.09:472][632]LogLoad: Game class is 'ScaryMazeGameMode'
[2019.03.18-00.31.09:478][632]LogWorld: Bringing World /Game/UEDPIE_0_LevelOne.LevelOne up for play (max tick rate 60) at 2019.03.17-20.31.09
[2019.03.18-00.31.09:480][632]LogWorld: Bringing up level for play took: 0.002563
[2019.03.18-00.31.09:516][632]LogContentBrowser: Native class hierarchy updated for 'MovieSceneCapture' in 0.0009 seconds. Added 20 classes and 0 folders.
[2019.03.18-00.31.09:646][632]PIE: Play in editor start time for /Game/UEDPIE_0_LevelOne 1.257
[2019.03.18-00.31.09:651][632]LogBlueprintUserMessages: Late PlayInEditor Detection: Level '/Game/LevelOne.LevelOne:PersistentLevel' has LevelScriptBlueprint '/Game/LevelOne.LevelOne:PersistentLevel.LevelOne' with GeneratedClass '/Game/LevelOne.LevelOne_C' with ClassGeneratedBy '/Game/LevelOne.LevelOne:PersistentLevel.LevelOne'
[2019.03.18-00.31.10:671][689]LogSlate: Updating window title bar state: overlay mode, drag disabled, window buttons hidden, title bar hidden
[2019.03.18-00.31.33:695][ 58]LogSlate: FSceneViewport::OnFocusLost() reason 0
[2019.03.18-00.31.33:781][ 63]LogBlueprintUserMessages: Early EndPlayMap Detection: Level '/Game/LevelOne.LevelOne:PersistentLevel' has LevelScriptBlueprint '/Game/LevelOne.LevelOne:PersistentLevel.LevelOne' with GeneratedClass '/Game/LevelOne.LevelOne_C' with ClassGeneratedBy '/Game/LevelOne.LevelOne:PersistentLevel.LevelOne'
[2019.03.18-00.31.33:787][ 63]LogSlate: Updating window title bar state: overlay mode, drag disabled, window buttons hidden, title bar hidden
[2019.03.18-00.31.33:840][ 63]LogPlayLevel: Display: Shutting down PIE online subsystems
[2019.03.18-00.31.33:841][ 63]LogBlueprintUserMessages: Late EndPlayMap Detection: Level '/Game/LevelOne.LevelOne:PersistentLevel' has LevelScriptBlueprint '/Game/LevelOne.LevelOne:PersistentLevel.LevelOne' with GeneratedClass '/Game/LevelOne.LevelOne_C' with ClassGeneratedBy '/Game/LevelOne.LevelOne:PersistentLevel.LevelOne'
[2019.03.18-00.31.33:868][ 63]LogSlate: Updating window title bar state: overlay mode, drag disabled, window buttons hidden, title bar hidden
[2019.03.18-00.31.33:893][ 64]LogPlayLevel: Display: Destroying online subsystem :Context_2
[2019.03.18-00.31.34:629][108]LogTemp: Repeating last play command: Simulate
[2019.03.18-00.31.34:639][108]LogBlueprintUserMessages: Early PlayInEditor Detection: Level '/Game/LevelOne.LevelOne:PersistentLevel' has LevelScriptBlueprint '/Game/LevelOne.LevelOne:PersistentLevel.LevelOne' with GeneratedClass '/Game/LevelOne.LevelOne_C' with ClassGeneratedBy '/Game/LevelOne.LevelOne:PersistentLevel.LevelOne'
[2019.03.18-00.31.34:639][108]LogPlayLevel: PlayLevel: No blueprints needed recompiling
[2019.03.18-00.31.34:640][108]PIE: New page: SIE session: LevelOne (Mar 17, 2019, 4:31:34 PM)
[2019.03.18-00.31.34:640][108]LogPlayLevel: Creating play world package: /Game/UEDPIE_0_LevelOne
[2019.03.18-00.31.34:643][108]LogPlayLevel: PIE: StaticDuplicateObject took: (0.002588s)
[2019.03.18-00.31.34:644][108]LogAIModule: Creating AISystem for world LevelOne
[2019.03.18-00.31.34:644][108]LogPlayLevel: PIE: World Init took: (0.000934s)
[2019.03.18-00.31.34:645][108]LogPlayLevel: PIE: Created PIE world by copying editor world from /Game/LevelOne.LevelOne to /Game/UEDPIE_0_LevelOne.LevelOne (0.004178s)
[2019.03.18-00.31.34:671][108]LogInit: XAudio2 using 'Speakers (Realtek High Definition Audio)' : 2 channels at 48 kHz using 32 bits per sample (channel mask 0x3)
[2019.03.18-00.31.34:691][108]LogInit: FAudioDevice initialized.
[2019.03.18-00.31.34:729][108]LogLoad: Game class is 'ScaryMazeGameMode'
[2019.03.18-00.31.34:731][108]LogWorld: Bringing World /Game/UEDPIE_0_LevelOne.LevelOne up for play (max tick rate 60) at 2019.03.17-20.31.34
[2019.03.18-00.31.34:731][108]LogWorld: Bringing up level for play took: 0.000854
[2019.03.18-00.31.34:860][108]PIE: Play in editor start time for /Game/UEDPIE_0_LevelOne 0.471
[2019.03.18-00.31.34:862][108]LogBlueprintUserMessages: Late PlayInEditor Detection: Level '/Game/LevelOne.LevelOne:PersistentLevel' has LevelScriptBlueprint '/Game/LevelOne.LevelOne:PersistentLevel.LevelOne' with GeneratedClass '/Game/LevelOne.LevelOne_C' with ClassGeneratedBy '/Game/LevelOne.LevelOne:PersistentLevel.LevelOne'
[2019.03.18-00.31.36:225][187]LogSlate: Updating window title bar state: overlay mode, drag disabled, window buttons hidden, title bar hidden
[2019.03.18-01.13.39:817][988]LogHttp: Warning: 000002967D846840: request failed, libcurl error: 6 (Couldn't resolve host name)
[2019.03.18-01.13.39:818][988]LogHttp: Warning: 000002967D846840: libcurl info message cache 0 (Connection 17 seems to be dead!)
[2019.03.18-01.13.39:818][988]LogHttp: Warning: 000002967D846840: libcurl info message cache 1 (Closing connection 17)
[2019.03.18-01.13.39:818][988]LogHttp: Warning: 000002967D846840: libcurl info message cache 2 (TLSv1.2 (OUT), TLS alert, Client hello (1):)
[2019.03.18-01.13.39:818][988]LogHttp: Warning: 000002967D846840: libcurl info message cache 3 (Could not resolve host: datarouter.ol.epicgames.com)
[2019.03.18-01.13.39:818][988]LogHttp: Warning: 000002967D846840: libcurl info message cache 4 (Closing connection 18)
[2019.03.18-01.13.39:818][988]LogHttp: Warning: Retry exhausted on https://datarouter.ol.epicgames.com/datarouter/api/v1/public/data?SessionID=%7B273A6BD5-44CC-6886-D869-DBBD37B66FB2%7D&AppID=UEEditor.Rocket.Release&AppVersion=4.21.2-4753647%2B%2B%2BUE4%2BRelease-4.21&UserID=b391c1724124d2300a87dab0ece27b97%7Cd954fe5f5aad4be0b14237d9e462fb42%7Ccfdbaeed-b3d8-4ea9-9a4e-94379f5ce9a4&AppEnvironment=datacollector-binary&UploadType=eteventstream
