Log file open, 02/19/19 22:07:27
LogWindows: Failed to load 'aqProf.dll' (GetLastError=126)
LogWindows: File 'aqProf.dll' does not exist
LogWindows: Failed to load 'VtuneApi.dll' (GetLastError=126)
LogWindows: File 'VtuneApi.dll' does not exist
LogWindows: Failed to load 'VtuneApi32e.dll' (GetLastError=126)
LogWindows: File 'VtuneApi32e.dll' does not exist
LogConsoleResponse: Display: Failed to find resolution value strings in scalability ini. Falling back to default.
LogInit: Display: Running engine for game: ScaryMaze
LogPakFile: Registered encryption key '00000000000000000000000000000000': 0 pak files mounted, 0 remain pending
LogPlatformFile: Not using cached read wrapper
LogTaskGraph: Started task graph with 5 named threads and 14 total threads with 3 sets of task threads.
LogStats: Stats thread started at 24.674559
LogD3D11RHI: Loaded GFSDK_Aftermath_Lib.x64.dll
LogICUInternationalization: ICU TimeZone Detection - Raw Offset: -5:00, Platform Override: ''
LogPluginManager: Mounting plugin Paper2D
LogPluginManager: Mounting plugin AISupport
LogPluginManager: Mounting plugin LightPropagationVolume
LogPluginManager: Mounting plugin ActorLayerUtilities
LogPluginManager: Mounting plugin CLionSourceCodeAccess
LogPluginManager: Mounting plugin CodeLiteSourceCodeAccess
LogPluginManager: Mounting plugin GitSourceControl
LogPluginManager: Mounting plugin KDevelopSourceCodeAccess
LogPluginManager: Mounting plugin NullSourceCodeAccess
LogPluginManager: Mounting plugin PerforceSourceControl
LogPluginManager: Mounting plugin SubversionSourceControl
LogPluginManager: Mounting plugin UObjectPlugin
LogPluginManager: Mounting plugin VisualStudioCodeSourceCodeAccess
LogPluginManager: Mounting plugin VisualStudioSourceCodeAccess
LogPluginManager: Mounting plugin XCodeSourceCodeAccess
LogPluginManager: Mounting plugin AssetManagerEditor
LogPluginManager: Mounting plugin CryptoKeys
LogPluginManager: Mounting plugin DataValidation
LogPluginManager: Mounting plugin FacialAnimation
LogPluginManager: Mounting plugin GameplayTagsEditor
LogPluginManager: Mounting plugin MacGraphicsSwitching
LogPluginManager: Mounting plugin MeshEditor
LogPluginManager: Mounting plugin MobileLauncherProfileWizard
LogPluginManager: Mounting plugin PluginBrowser
LogPluginManager: Mounting plugin SpeedTreeImporter
LogPluginManager: Mounting plugin DatasmithContent
LogPluginManager: Mounting plugin VariantManagerContent
LogPluginManager: Mounting plugin AlembicImporter
LogPluginManager: Mounting plugin AppleImageUtils
LogPluginManager: Mounting plugin AppleVision
LogPluginManager: Mounting plugin BackChannel
LogPluginManager: Mounting plugin CharacterAI
LogPluginManager: Mounting plugin GeometryCache
LogPluginManager: Mounting plugin HTML5Networking
LogPluginManager: Mounting plugin ProxyLODPlugin
LogPluginManager: Mounting plugin MagicLeap
LogPluginManager: Mounting plugin MagicLeapMedia
LogPluginManager: Mounting plugin AndroidMedia
LogPluginManager: Mounting plugin AvfMedia
LogPluginManager: Mounting plugin ImgMedia
LogPluginManager: Mounting plugin LinearTimecode
LogPluginManager: Mounting plugin MediaCompositing
LogPluginManager: Mounting plugin MediaPlayerEditor
LogPluginManager: Mounting plugin WebMMedia
LogPluginManager: Mounting plugin WmfMedia
LogPluginManager: Mounting plugin TcpMessaging
LogPluginManager: Mounting plugin UdpMessaging
LogPluginManager: Mounting plugin ActorSequence
LogPluginManager: Mounting plugin LevelSequenceEditor
LogPluginManager: Mounting plugin MatineeToLevelSequence
LogPluginManager: Mounting plugin NetcodeUnitTest
LogPluginManager: Mounting plugin NUTUnrealEngine4
LogPluginManager: Mounting plugin OnlineSubsystemGooglePlay
LogPluginManager: Mounting plugin OnlineSubsystemIOS
LogPluginManager: Mounting plugin OnlineSubsystem
LogPluginManager: Mounting plugin OnlineSubsystemNull
LogPluginManager: Mounting plugin OnlineSubsystemUtils
LogPluginManager: Mounting plugin LauncherChunkInstaller
LogPluginManager: Mounting plugin AndroidDeviceProfileSelector
LogPluginManager: Mounting plugin AndroidMoviePlayer
LogPluginManager: Mounting plugin AndroidPermission
LogPluginManager: Mounting plugin AppleMoviePlayer
LogPluginManager: Mounting plugin ArchVisCharacter
LogPluginManager: Mounting plugin AudioCapture
LogPluginManager: Mounting plugin CableComponent
LogPluginManager: Mounting plugin CustomMeshComponent
LogPluginManager: Mounting plugin EditableMesh
LogPluginManager: Mounting plugin ExampleDeviceProfileSelector
LogPluginManager: Mounting plugin Firebase
LogPluginManager: Mounting plugin GoogleCloudMessaging
LogPluginManager: Mounting plugin IOSDeviceProfileSelector
LogPluginManager: Mounting plugin LinuxDeviceProfileSelector
LogPluginManager: Mounting plugin LocationServicesBPLibrary
LogPluginManager: Mounting plugin MobilePatchingUtils
LogPluginManager: Mounting plugin OculusVR
LogPluginManager: Mounting plugin PhysXVehicles
LogPluginManager: Mounting plugin ProceduralMeshComponent
LogPluginManager: Mounting plugin RuntimePhysXCooking
LogPluginManager: Mounting plugin SteamVR
LogPluginManager: Mounting plugin WebMMoviePlayer
LogPluginManager: Mounting plugin WindowsMoviePlayer
LogStreaming: Display: Took  0.661s to configure plugins.
LogInit: Using libcurl 7.55.1-DEV
LogInit:  - built for x86_64-pc-win32
LogInit:  - supports SSL with OpenSSL/1.0.2h
LogInit:  - supports HTTP deflate (compression) using libz 1.2.8
LogInit:  - other features:
LogInit:      CURL_VERSION_SSL
LogInit:      CURL_VERSION_LIBZ
LogInit:      CURL_VERSION_IPV6
LogInit:      CURL_VERSION_ASYNCHDNS
LogInit:      CURL_VERSION_LARGEFILE
LogInit:      CURL_VERSION_IDN
LogInit:  CurlRequestOptions (configurable via config and command line):
LogInit:  - bVerifyPeer = true  - Libcurl will verify peer certificate
LogInit:  - bUseHttpProxy = false  - Libcurl will NOT use HTTP proxy
LogInit:  - bDontReuseConnections = false  - Libcurl will reuse connections
LogInit:  - MaxHostConnections = 16  - Libcurl will limit the number of connections to a host
LogInit:  - LocalHostAddr = Default
LogInit:  - BufferSize = 65536
LogInit: WinSock: version 1.1 (2.2), MaxSocks=32767, MaxUdp=65467
LogInit: Build: ++UE4+Release-4.21-CL-4753647
LogInit: Engine Version: 4.21.2-4753647+++UE4+Release-4.21
LogInit: Compatible Engine Version: 4.21.0-4541578+++UE4+Release-4.21
LogInit: Net CL: 4541578
LogInit: OS: Windows 10 (), CPU:        Intel(R) Core(TM) i5-2500K CPU @ 3.30GHz, GPU: NVIDIA GeForce GTX 1060 6GB
LogInit: Compiled (64-bit): Jan 19 2019 02:07:31
LogInit: Compiled with Visual C++: 19.13.26129.00
LogInit: Build Configuration: Development
LogInit: Branch Name: ++UE4+Release-4.21
LogInit: Command Line: 
LogInit: Base Directory: D:/Fortnite/Epic Games/UE_4.21/Engine/Binaries/Win64/
LogInit: Installed Engine Build: 1
LogDevObjectVersion: Number of dev versions registered: 22
LogDevObjectVersion:   Dev-Blueprints (B0D832E4-1F89-4F0D-ACCF-7EB736FD4AA2): 10
LogDevObjectVersion:   Dev-Build (E1C64328-A22C-4D53-A36C-8E866417BD8C): 0
LogDevObjectVersion:   Dev-Core (375EC13C-06E4-48FB-B500-84F0262A717E): 2
LogDevObjectVersion:   Dev-Editor (E4B068ED-F494-42E9-A231-DA0B2E46BB41): 26
LogDevObjectVersion:   Dev-Framework (CFFC743F-43B0-4480-9391-14DF171D2073): 34
LogDevObjectVersion:   Dev-Mobile (B02B49B5-BB20-44E9-A304-32B752E40360): 2
LogDevObjectVersion:   Dev-Networking (A4E4105C-59A1-49B5-A7C5-40C4547EDFEE): 0
LogDevObjectVersion:   Dev-Online (39C831C9-5AE6-47DC-9A44-9C173E1C8E7C): 0
LogDevObjectVersion:   Dev-Physics (78F01B33-EBEA-4F98-B9B4-84EACCB95AA2): 0
LogDevObjectVersion:   Dev-Platform (6631380F-2D4D-43E0-8009-CF276956A95A): 0
LogDevObjectVersion:   Dev-Rendering (12F88B9F-8875-4AFC-A67C-D90C383ABD29): 27
LogDevObjectVersion:   Dev-Sequencer (7B5AE74C-D270-4C10-A958-57980B212A5A): 9
LogDevObjectVersion:   Dev-VR (D7296918-1DD6-4BDD-9DE2-64A83CC13884): 2
LogDevObjectVersion:   Dev-LoadTimes (C2A15278-BFE7-4AFE-6C17-90FF531DF755): 1
LogDevObjectVersion:   Private-Geometry (6EACA3D4-40EC-4CC1-B786-8BED09428FC5): 3
LogDevObjectVersion:   Dev-AnimPhys (29E575DD-E0A3-4627-9D10-D276232CDCEA): 17
LogDevObjectVersion:   Dev-Anim (AF43A65D-7FD3-4947-9873-3E8ED9C1BB05): 2
LogDevObjectVersion:   Dev-ReflectionCapture (6B266CEC-1EC7-4B8F-A30B-E4D90942FC07): 1
LogDevObjectVersion:   Dev-Automation (0DF73D61-A23F-47EA-B727-89E90C41499A): 1
LogDevObjectVersion:   FortniteMain (601D1886-AC64-4F84-AA16-D3DE0DEAC7D6): 17
LogDevObjectVersion:   Dev-Enterprise (9DFFBCD6-494F-0158-E221-12823C92A888): 4
LogDevObjectVersion:   Dev-Niagara (F2AED0AC-9AFE-416F-8664-AA7FFA26D6FC): 1
LogStreaming: Display: Took  0.034s to delete old logs.
LogInit: Presizing for max 8388607 objects, including 0 objects not considered by GC, pre-allocating 0 bytes for permanent pool.
LogInit: Object subsystem initialized
LogConfig: Setting CVar [[con.DebugEarlyDefault:1]]
LogConfig: Setting CVar [[r.setres:1280x720]]
[2019.02.20-03.07.39:265][  0]LogConfig: Setting CVar [[r.VSync:0]]
[2019.02.20-03.07.39:265][  0]LogConfig: Setting CVar [[r.RHICmdBypass:0]]
[2019.02.20-03.07.39:266][  0]LogConfig: Applying CVar settings from Section [/Script/Engine.RendererSettings] File [D:/Documents/GitHub/COP4331-Project/ScaryMaze/Saved/Config/Windows/Engine.ini]
[2019.02.20-03.07.39:266][  0]LogConfig: Setting CVar [[r.GPUCrashDebugging:0]]
[2019.02.20-03.07.39:266][  0]LogConfig: Applying CVar settings from Section [/Script/Engine.RendererOverrideSettings] File [D:/Documents/GitHub/COP4331-Project/ScaryMaze/Saved/Config/Windows/Engine.ini]
[2019.02.20-03.07.39:266][  0]LogConfig: Applying CVar settings from Section [/Script/Engine.StreamingSettings] File [D:/Documents/GitHub/COP4331-Project/ScaryMaze/Saved/Config/Windows/Engine.ini]
[2019.02.20-03.07.39:266][  0]LogConfig: Setting CVar [[s.MinBulkDataSizeForAsyncLoading:131072]]
[2019.02.20-03.07.39:266][  0]LogConfig: Setting CVar [[s.AsyncLoadingThreadEnabled:0]]
[2019.02.20-03.07.39:266][  0]LogConfig: Setting CVar [[s.EventDrivenLoaderEnabled:1]]
[2019.02.20-03.07.39:266][  0]LogConfig: Setting CVar [[s.WarnIfTimeLimitExceeded:0]]
[2019.02.20-03.07.39:266][  0]LogConfig: Setting CVar [[s.TimeLimitExceededMultiplier:1.5]]
[2019.02.20-03.07.39:266][  0]LogConfig: Setting CVar [[s.TimeLimitExceededMinTime:0.005]]
[2019.02.20-03.07.39:266][  0]LogConfig: Setting CVar [[s.UseBackgroundLevelStreaming:1]]
[2019.02.20-03.07.39:266][  0]LogConfig: Setting CVar [[s.PriorityAsyncLoadingExtraTime:15.0]]
[2019.02.20-03.07.39:266][  0]LogConfig: Setting CVar [[s.LevelStreamingActorsUpdateTimeLimit:5.0]]
[2019.02.20-03.07.39:266][  0]LogConfig: Setting CVar [[s.PriorityLevelStreamingActorsUpdateExtraTime:5.0]]
[2019.02.20-03.07.39:266][  0]LogConfig: Setting CVar [[s.LevelStreamingComponentsRegistrationGranularity:10]]
[2019.02.20-03.07.39:266][  0]LogConfig: Setting CVar [[s.UnregisterComponentsTimeLimit:1.0]]
[2019.02.20-03.07.39:266][  0]LogConfig: Setting CVar [[s.LevelStreamingComponentsUnregistrationGranularity:5]]
[2019.02.20-03.07.39:266][  0]LogConfig: Applying CVar settings from Section [/Script/Engine.GarbageCollectionSettings] File [D:/Documents/GitHub/COP4331-Project/ScaryMaze/Saved/Config/Windows/Engine.ini]
[2019.02.20-03.07.39:266][  0]LogConfig: Setting CVar [[gc.MaxObjectsNotConsideredByGC:1]]
[2019.02.20-03.07.39:266][  0]LogConfig: Setting CVar [[gc.SizeOfPermanentObjectPool:0]]
[2019.02.20-03.07.39:266][  0]LogConfig: Setting CVar [[gc.FlushStreamingOnGC:0]]
[2019.02.20-03.07.39:266][  0]LogConfig: Setting CVar [[gc.NumRetriesBeforeForcingGC:10]]
[2019.02.20-03.07.39:266][  0]LogConfig: Setting CVar [[gc.AllowParallelGC:1]]
[2019.02.20-03.07.39:266][  0]LogConfig: Setting CVar [[gc.TimeBetweenPurgingPendingKillObjects:61.1]]
[2019.02.20-03.07.39:266][  0]LogConfig: Setting CVar [[gc.MaxObjectsInEditor:8388607]]
[2019.02.20-03.07.39:266][  0]LogConfig: Setting CVar [[gc.IncrementalBeginDestroyEnabled:1]]
[2019.02.20-03.07.39:266][  0]LogConfig: Setting CVar [[gc.CreateGCClusters:1]]
[2019.02.20-03.07.39:266][  0]LogConfig: Setting CVar [[gc.MergeGCClusters:0]]
[2019.02.20-03.07.39:266][  0]LogConfig: Setting CVar [[gc.MinGCClusterSize:5]]
[2019.02.20-03.07.39:266][  0]LogConfig: Setting CVar [[gc.ActorClusteringEnabled:0]]
[2019.02.20-03.07.39:266][  0]LogConfig: Setting CVar [[gc.BlueprintClusteringEnabled:0]]
[2019.02.20-03.07.39:266][  0]LogConfig: Setting CVar [[gc.UseDisregardForGCOnDedicatedServers:0]]
[2019.02.20-03.07.39:266][  0]LogConfig: Applying CVar settings from Section [/Script/Engine.NetworkSettings] File [D:/Documents/GitHub/COP4331-Project/ScaryMaze/Saved/Config/Windows/Engine.ini]
[2019.02.20-03.07.39:266][  0]LogConfig: Applying CVar settings from Section [/Script/UnrealEd.CookerSettings] File [D:/Documents/GitHub/COP4331-Project/ScaryMaze/Saved/Config/Windows/Engine.ini]
[2019.02.20-03.07.39:645][  0]LogConfig: Applying CVar settings from Section [ViewDistanceQuality@3] File [D:/Documents/GitHub/COP4331-Project/ScaryMaze/Saved/Config/Windows/Scalability.ini]
[2019.02.20-03.07.39:645][  0]LogConfig: Setting CVar [[r.SkeletalMeshLODBias:0]]
[2019.02.20-03.07.39:645][  0]LogConfig: Setting CVar [[r.ViewDistanceScale:1.0]]
[2019.02.20-03.07.39:645][  0]LogConfig: Applying CVar settings from Section [AntiAliasingQuality@3] File [D:/Documents/GitHub/COP4331-Project/ScaryMaze/Saved/Config/Windows/Scalability.ini]
[2019.02.20-03.07.39:645][  0]LogConfig: Setting CVar [[r.PostProcessAAQuality:4]]
[2019.02.20-03.07.39:645][  0]LogConfig: Applying CVar settings from Section [ShadowQuality@3] File [D:/Documents/GitHub/COP4331-Project/ScaryMaze/Saved/Config/Windows/Scalability.ini]
[2019.02.20-03.07.39:645][  0]LogConfig: Setting CVar [[r.LightFunctionQuality:1]]
[2019.02.20-03.07.39:645][  0]LogConfig: Setting CVar [[r.ShadowQuality:5]]
[2019.02.20-03.07.39:645][  0]LogConfig: Setting CVar [[r.Shadow.CSM.MaxCascades:10]]
[2019.02.20-03.07.39:645][  0]LogConfig: Setting CVar [[r.Shadow.MaxResolution:2048]]
[2019.02.20-03.07.39:645][  0]LogConfig: Setting CVar [[r.Shadow.MaxCSMResolution:2048]]
[2019.02.20-03.07.39:645][  0]LogConfig: Setting CVar [[r.Shadow.RadiusThreshold:0.01]]
[2019.02.20-03.07.39:645][  0]LogConfig: Setting CVar [[r.Shadow.DistanceScale:1.0]]
[2019.02.20-03.07.39:645][  0]LogConfig: Setting CVar [[r.Shadow.CSM.TransitionScale:1.0]]
[2019.02.20-03.07.39:645][  0]LogConfig: Setting CVar [[r.Shadow.PreShadowResolutionFactor:1.0]]
[2019.02.20-03.07.39:645][  0]LogConfig: Setting CVar [[r.DistanceFieldShadowing:1]]
[2019.02.20-03.07.39:645][  0]LogConfig: Setting CVar [[r.DistanceFieldAO:1]]
[2019.02.20-03.07.39:645][  0]LogConfig: Setting CVar [[r.AOQuality:2]]
[2019.02.20-03.07.39:645][  0]LogConfig: Setting CVar [[r.VolumetricFog:1]]
[2019.02.20-03.07.39:645][  0]LogConfig: Setting CVar [[r.VolumetricFog.GridPixelSize:8]]
[2019.02.20-03.07.39:645][  0]LogConfig: Setting CVar [[r.VolumetricFog.GridSizeZ:128]]
[2019.02.20-03.07.39:646][  0]LogConfig: Setting CVar [[r.VolumetricFog.HistoryMissSupersampleCount:4]]
[2019.02.20-03.07.39:646][  0]LogConfig: Setting CVar [[r.LightMaxDrawDistanceScale:1]]
[2019.02.20-03.07.39:646][  0]LogConfig: Setting CVar [[r.CapsuleShadows:1]]
[2019.02.20-03.07.39:646][  0]LogConfig: Applying CVar settings from Section [PostProcessQuality@3] File [D:/Documents/GitHub/COP4331-Project/ScaryMaze/Saved/Config/Windows/Scalability.ini]
[2019.02.20-03.07.39:646][  0]LogConfig: Setting CVar [[r.MotionBlurQuality:4]]
[2019.02.20-03.07.39:646][  0]LogConfig: Setting CVar [[r.AmbientOcclusionMipLevelFactor:0.4]]
[2019.02.20-03.07.39:646][  0]LogConfig: Setting CVar [[r.AmbientOcclusionMaxQuality:100]]
[2019.02.20-03.07.39:646][  0]LogConfig: Setting CVar [[r.AmbientOcclusionLevels:-1]]
[2019.02.20-03.07.39:646][  0]LogConfig: Setting CVar [[r.AmbientOcclusionRadiusScale:1.0]]
[2019.02.20-03.07.39:646][  0]LogConfig: Setting CVar [[r.DepthOfFieldQuality:2]]
[2019.02.20-03.07.39:646][  0]LogConfig: Setting CVar [[r.RenderTargetPoolMin:400]]
[2019.02.20-03.07.39:646][  0]LogConfig: Setting CVar [[r.LensFlareQuality:2]]
[2019.02.20-03.07.39:646][  0]LogConfig: Setting CVar [[r.SceneColorFringeQuality:1]]
[2019.02.20-03.07.39:646][  0]LogConfig: Setting CVar [[r.EyeAdaptationQuality:2]]
[2019.02.20-03.07.39:646][  0]LogConfig: Setting CVar [[r.BloomQuality:5]]
[2019.02.20-03.07.39:646][  0]LogConfig: Setting CVar [[r.FastBlurThreshold:100]]
[2019.02.20-03.07.39:646][  0]LogConfig: Setting CVar [[r.Upscale.Quality:3]]
[2019.02.20-03.07.39:646][  0]LogConfig: Setting CVar [[r.Tonemapper.GrainQuantization:1]]
[2019.02.20-03.07.39:646][  0]LogConfig: Setting CVar [[r.LightShaftQuality:1]]
[2019.02.20-03.07.39:646][  0]LogConfig: Setting CVar [[r.Filter.SizeScale:1]]
[2019.02.20-03.07.39:646][  0]LogConfig: Setting CVar [[r.Tonemapper.Quality:5]]
[2019.02.20-03.07.39:646][  0]LogConfig: Setting CVar [[r.DOF.Gather.AccumulatorQuality:1        ; higher gathering accumulator quality]]
[2019.02.20-03.07.39:646][  0]LogConfig: Setting CVar [[r.DOF.Gather.PostfilterMethod:1          ; Median3x3 postfilering method]]
[2019.02.20-03.07.39:646][  0]LogConfig: Setting CVar [[r.DOF.Gather.EnableBokehSettings:0       ; no bokeh simulation when gathering]]
[2019.02.20-03.07.39:646][  0]LogConfig: Setting CVar [[r.DOF.Gather.RingCount:4                 ; medium number of samples when gathering]]
[2019.02.20-03.07.39:646][  0]LogConfig: Setting CVar [[r.DOF.Scatter.ForegroundCompositing:1    ; additive foreground scattering]]
[2019.02.20-03.07.39:646][  0]LogConfig: Setting CVar [[r.DOF.Scatter.BackgroundCompositing:2    ; additive background scattering]]
[2019.02.20-03.07.39:646][  0]LogConfig: Setting CVar [[r.DOF.Scatter.EnableBokehSettings:1      ; bokeh simulation when scattering]]
[2019.02.20-03.07.39:646][  0]LogConfig: Setting CVar [[r.DOF.Scatter.MaxSpriteRatio:0.1         ; only a maximum of 10% of scattered bokeh]]
[2019.02.20-03.07.39:646][  0]LogConfig: Setting CVar [[r.DOF.Recombine.Quality:1                ; cheap slight out of focus]]
[2019.02.20-03.07.39:646][  0]LogConfig: Setting CVar [[r.DOF.Recombine.EnableBokehSettings:0    ; no bokeh simulation on slight out of focus]]
[2019.02.20-03.07.39:646][  0]LogConfig: Setting CVar [[r.DOF.TemporalAAQuality:1                ; more stable temporal accumulation]]
[2019.02.20-03.07.39:646][  0]LogConfig: Setting CVar [[r.DOF.Kernel.MaxForegroundRadius:0.025]]
[2019.02.20-03.07.39:646][  0]LogConfig: Setting CVar [[r.DOF.Kernel.MaxBackgroundRadius:0.025]]
[2019.02.20-03.07.39:646][  0]LogConfig: Applying CVar settings from Section [TextureQuality@3] File [D:/Documents/GitHub/COP4331-Project/ScaryMaze/Saved/Config/Windows/Scalability.ini]
[2019.02.20-03.07.39:646][  0]LogConfig: Setting CVar [[r.Streaming.MipBias:0]]
[2019.02.20-03.07.39:646][  0]LogConfig: Setting CVar [[r.Streaming.AmortizeCPUToGPUCopy:0]]
[2019.02.20-03.07.39:646][  0]LogConfig: Setting CVar [[r.Streaming.MaxNumTexturesToStreamPerFrame:0]]
[2019.02.20-03.07.39:646][  0]LogConfig: Setting CVar [[r.Streaming.Boost:1]]
[2019.02.20-03.07.39:646][  0]LogConfig: Setting CVar [[r.MaxAnisotropy:8]]
[2019.02.20-03.07.39:646][  0]LogConfig: Setting CVar [[r.Streaming.LimitPoolSizeToVRAM:0]]
[2019.02.20-03.07.39:646][  0]LogConfig: Setting CVar [[r.Streaming.PoolSize:1000]]
[2019.02.20-03.07.39:646][  0]LogConfig: Setting CVar [[r.Streaming.MaxEffectiveScreenSize:0]]
[2019.02.20-03.07.39:646][  0]LogConfig: Applying CVar settings from Section [EffectsQuality@3] File [D:/Documents/GitHub/COP4331-Project/ScaryMaze/Saved/Config/Windows/Scalability.ini]
[2019.02.20-03.07.39:646][  0]LogConfig: Setting CVar [[r.TranslucencyLightingVolumeDim:64]]
[2019.02.20-03.07.39:646][  0]LogConfig: Setting CVar [[r.RefractionQuality:2]]
[2019.02.20-03.07.39:646][  0]LogConfig: Setting CVar [[r.SSR.Quality:3]]
[2019.02.20-03.07.39:646][  0]LogConfig: Setting CVar [[r.SceneColorFormat:4]]
[2019.02.20-03.07.39:647][  0]LogConfig: Setting CVar [[r.DetailMode:2]]
[2019.02.20-03.07.39:647][  0]LogConfig: Setting CVar [[r.TranslucencyVolumeBlur:1]]
[2019.02.20-03.07.39:647][  0]LogConfig: Setting CVar [[r.MaterialQualityLevel:1 ; High quality]]
[2019.02.20-03.07.39:647][  0]LogConfig: Setting CVar [[r.SSS.Scale:1]]
[2019.02.20-03.07.39:647][  0]LogConfig: Setting CVar [[r.SSS.SampleSet:2]]
[2019.02.20-03.07.39:647][  0]LogConfig: Setting CVar [[r.SSS.Quality:1]]
[2019.02.20-03.07.39:647][  0]LogConfig: Setting CVar [[r.SSS.HalfRes:1]]
[2019.02.20-03.07.39:647][  0]LogConfig: Setting CVar [[r.EmitterSpawnRateScale:1.0]]
[2019.02.20-03.07.39:647][  0]LogConfig: Setting CVar [[r.ParticleLightQuality:2]]
[2019.02.20-03.07.39:647][  0]LogConfig: Applying CVar settings from Section [FoliageQuality@3] File [D:/Documents/GitHub/COP4331-Project/ScaryMaze/Saved/Config/Windows/Scalability.ini]
[2019.02.20-03.07.39:647][  0]LogConfig: Setting CVar [[foliage.DensityScale:1.0]]
[2019.02.20-03.07.39:647][  0]LogConfig: Setting CVar [[grass.DensityScale:1.0]]
[2019.02.20-03.07.39:692][  0]LogInit: Selected Device Profile: [Windows]
[2019.02.20-03.07.39:695][  0]LogInit: Applying CVar settings loaded from the selected device profile: [Windows]
[2019.02.20-03.07.39:920][  0]LogHAL: Display: Platform has ~ 8 GB [8570228736 / 8589934592 / 8], which maps to Default [LargestMinGB=32, LargerMinGB=12, DefaultMinGB=8, SmallerMinGB=6, SmallestMinGB=0)
[2019.02.20-03.07.39:959][  0]LogConfig: Setting CVar [[r.Vulkan.UseRealUBs:1]]
[2019.02.20-03.07.39:959][  0]LogInit: Going up to parent DeviceProfile []
[2019.02.20-03.07.39:999][  0]LogConfig: Applying CVar settings from Section [ViewDistanceQuality@3] File [D:/Documents/GitHub/COP4331-Project/ScaryMaze/Saved/Config/Windows/Scalability.ini]
[2019.02.20-03.07.40:000][  0]LogConfig: Setting CVar [[r.SkeletalMeshLODBias:0]]
[2019.02.20-03.07.40:000][  0]LogConfig: Setting CVar [[r.ViewDistanceScale:1.0]]
[2019.02.20-03.07.40:000][  0]LogConfig: Applying CVar settings from Section [AntiAliasingQuality@3] File [D:/Documents/GitHub/COP4331-Project/ScaryMaze/Saved/Config/Windows/Scalability.ini]
[2019.02.20-03.07.40:000][  0]LogConfig: Setting CVar [[r.PostProcessAAQuality:4]]
[2019.02.20-03.07.40:000][  0]LogConfig: Applying CVar settings from Section [ShadowQuality@3] File [D:/Documents/GitHub/COP4331-Project/ScaryMaze/Saved/Config/Windows/Scalability.ini]
[2019.02.20-03.07.40:000][  0]LogConfig: Setting CVar [[r.LightFunctionQuality:1]]
[2019.02.20-03.07.40:000][  0]LogConfig: Setting CVar [[r.ShadowQuality:5]]
[2019.02.20-03.07.40:000][  0]LogConfig: Setting CVar [[r.Shadow.CSM.MaxCascades:10]]
[2019.02.20-03.07.40:000][  0]LogConfig: Setting CVar [[r.Shadow.MaxResolution:2048]]
[2019.02.20-03.07.40:000][  0]LogConfig: Setting CVar [[r.Shadow.MaxCSMResolution:2048]]
[2019.02.20-03.07.40:000][  0]LogConfig: Setting CVar [[r.Shadow.RadiusThreshold:0.01]]
[2019.02.20-03.07.40:000][  0]LogConfig: Setting CVar [[r.Shadow.DistanceScale:1.0]]
[2019.02.20-03.07.40:000][  0]LogConfig: Setting CVar [[r.Shadow.CSM.TransitionScale:1.0]]
[2019.02.20-03.07.40:000][  0]LogConfig: Setting CVar [[r.Shadow.PreShadowResolutionFactor:1.0]]
[2019.02.20-03.07.40:000][  0]LogConfig: Setting CVar [[r.DistanceFieldShadowing:1]]
[2019.02.20-03.07.40:000][  0]LogConfig: Setting CVar [[r.DistanceFieldAO:1]]
[2019.02.20-03.07.40:000][  0]LogConfig: Setting CVar [[r.AOQuality:2]]
[2019.02.20-03.07.40:000][  0]LogConfig: Setting CVar [[r.VolumetricFog:1]]
[2019.02.20-03.07.40:000][  0]LogConfig: Setting CVar [[r.VolumetricFog.GridPixelSize:8]]
[2019.02.20-03.07.40:000][  0]LogConfig: Setting CVar [[r.VolumetricFog.GridSizeZ:128]]
[2019.02.20-03.07.40:000][  0]LogConfig: Setting CVar [[r.VolumetricFog.HistoryMissSupersampleCount:4]]
[2019.02.20-03.07.40:000][  0]LogConfig: Setting CVar [[r.LightMaxDrawDistanceScale:1]]
[2019.02.20-03.07.40:000][  0]LogConfig: Setting CVar [[r.CapsuleShadows:1]]
[2019.02.20-03.07.40:000][  0]LogConfig: Applying CVar settings from Section [PostProcessQuality@3] File [D:/Documents/GitHub/COP4331-Project/ScaryMaze/Saved/Config/Windows/Scalability.ini]
[2019.02.20-03.07.40:000][  0]LogConfig: Setting CVar [[r.MotionBlurQuality:4]]
[2019.02.20-03.07.40:000][  0]LogConfig: Setting CVar [[r.AmbientOcclusionMipLevelFactor:0.4]]
[2019.02.20-03.07.40:000][  0]LogConfig: Setting CVar [[r.AmbientOcclusionMaxQuality:100]]
[2019.02.20-03.07.40:000][  0]LogConfig: Setting CVar [[r.AmbientOcclusionLevels:-1]]
[2019.02.20-03.07.40:000][  0]LogConfig: Setting CVar [[r.AmbientOcclusionRadiusScale:1.0]]
[2019.02.20-03.07.40:000][  0]LogConfig: Setting CVar [[r.DepthOfFieldQuality:2]]
[2019.02.20-03.07.40:000][  0]LogConfig: Setting CVar [[r.RenderTargetPoolMin:400]]
[2019.02.20-03.07.40:000][  0]LogConfig: Setting CVar [[r.LensFlareQuality:2]]
[2019.02.20-03.07.40:000][  0]LogConfig: Setting CVar [[r.SceneColorFringeQuality:1]]
[2019.02.20-03.07.40:000][  0]LogConfig: Setting CVar [[r.EyeAdaptationQuality:2]]
[2019.02.20-03.07.40:000][  0]LogConfig: Setting CVar [[r.BloomQuality:5]]
[2019.02.20-03.07.40:000][  0]LogConfig: Setting CVar [[r.FastBlurThreshold:100]]
[2019.02.20-03.07.40:000][  0]LogConfig: Setting CVar [[r.Upscale.Quality:3]]
[2019.02.20-03.07.40:000][  0]LogConfig: Setting CVar [[r.Tonemapper.GrainQuantization:1]]
[2019.02.20-03.07.40:000][  0]LogConfig: Setting CVar [[r.LightShaftQuality:1]]
[2019.02.20-03.07.40:000][  0]LogConfig: Setting CVar [[r.Filter.SizeScale:1]]
[2019.02.20-03.07.40:000][  0]LogConfig: Setting CVar [[r.Tonemapper.Quality:5]]
[2019.02.20-03.07.40:000][  0]LogConfig: Setting CVar [[r.DOF.Gather.AccumulatorQuality:1        ; higher gathering accumulator quality]]
[2019.02.20-03.07.40:000][  0]LogConfig: Setting CVar [[r.DOF.Gather.PostfilterMethod:1          ; Median3x3 postfilering method]]
[2019.02.20-03.07.40:000][  0]LogConfig: Setting CVar [[r.DOF.Gather.EnableBokehSettings:0       ; no bokeh simulation when gathering]]
[2019.02.20-03.07.40:001][  0]LogConfig: Setting CVar [[r.DOF.Gather.RingCount:4                 ; medium number of samples when gathering]]
[2019.02.20-03.07.40:001][  0]LogConfig: Setting CVar [[r.DOF.Scatter.ForegroundCompositing:1    ; additive foreground scattering]]
[2019.02.20-03.07.40:001][  0]LogConfig: Setting CVar [[r.DOF.Scatter.BackgroundCompositing:2    ; additive background scattering]]
[2019.02.20-03.07.40:001][  0]LogConfig: Setting CVar [[r.DOF.Scatter.EnableBokehSettings:1      ; bokeh simulation when scattering]]
[2019.02.20-03.07.40:001][  0]LogConfig: Setting CVar [[r.DOF.Scatter.MaxSpriteRatio:0.1         ; only a maximum of 10% of scattered bokeh]]
[2019.02.20-03.07.40:001][  0]LogConfig: Setting CVar [[r.DOF.Recombine.Quality:1                ; cheap slight out of focus]]
[2019.02.20-03.07.40:001][  0]LogConfig: Setting CVar [[r.DOF.Recombine.EnableBokehSettings:0    ; no bokeh simulation on slight out of focus]]
[2019.02.20-03.07.40:001][  0]LogConfig: Setting CVar [[r.DOF.TemporalAAQuality:1                ; more stable temporal accumulation]]
[2019.02.20-03.07.40:001][  0]LogConfig: Setting CVar [[r.DOF.Kernel.MaxForegroundRadius:0.025]]
[2019.02.20-03.07.40:001][  0]LogConfig: Setting CVar [[r.DOF.Kernel.MaxBackgroundRadius:0.025]]
[2019.02.20-03.07.40:001][  0]LogConfig: Applying CVar settings from Section [TextureQuality@3] File [D:/Documents/GitHub/COP4331-Project/ScaryMaze/Saved/Config/Windows/Scalability.ini]
[2019.02.20-03.07.40:001][  0]LogConfig: Setting CVar [[r.Streaming.MipBias:0]]
[2019.02.20-03.07.40:001][  0]LogConfig: Setting CVar [[r.Streaming.AmortizeCPUToGPUCopy:0]]
[2019.02.20-03.07.40:001][  0]LogConfig: Setting CVar [[r.Streaming.MaxNumTexturesToStreamPerFrame:0]]
[2019.02.20-03.07.40:001][  0]LogConfig: Setting CVar [[r.Streaming.Boost:1]]
[2019.02.20-03.07.40:001][  0]LogConfig: Setting CVar [[r.MaxAnisotropy:8]]
[2019.02.20-03.07.40:001][  0]LogConfig: Setting CVar [[r.Streaming.LimitPoolSizeToVRAM:0]]
[2019.02.20-03.07.40:001][  0]LogConfig: Setting CVar [[r.Streaming.PoolSize:1000]]
[2019.02.20-03.07.40:001][  0]LogConfig: Setting CVar [[r.Streaming.MaxEffectiveScreenSize:0]]
[2019.02.20-03.07.40:001][  0]LogConfig: Applying CVar settings from Section [EffectsQuality@3] File [D:/Documents/GitHub/COP4331-Project/ScaryMaze/Saved/Config/Windows/Scalability.ini]
[2019.02.20-03.07.40:001][  0]LogConfig: Setting CVar [[r.TranslucencyLightingVolumeDim:64]]
[2019.02.20-03.07.40:001][  0]LogConfig: Setting CVar [[r.RefractionQuality:2]]
[2019.02.20-03.07.40:001][  0]LogConfig: Setting CVar [[r.SSR.Quality:3]]
[2019.02.20-03.07.40:001][  0]LogConfig: Setting CVar [[r.SceneColorFormat:4]]
[2019.02.20-03.07.40:001][  0]LogConfig: Setting CVar [[r.DetailMode:2]]
[2019.02.20-03.07.40:001][  0]LogConfig: Setting CVar [[r.TranslucencyVolumeBlur:1]]
[2019.02.20-03.07.40:001][  0]LogConfig: Setting CVar [[r.MaterialQualityLevel:1 ; High quality]]
[2019.02.20-03.07.40:001][  0]LogConfig: Setting CVar [[r.SSS.Scale:1]]
[2019.02.20-03.07.40:001][  0]LogConfig: Setting CVar [[r.SSS.SampleSet:2]]
[2019.02.20-03.07.40:001][  0]LogConfig: Setting CVar [[r.SSS.Quality:1]]
[2019.02.20-03.07.40:001][  0]LogConfig: Setting CVar [[r.SSS.HalfRes:1]]
[2019.02.20-03.07.40:001][  0]LogConfig: Setting CVar [[r.EmitterSpawnRateScale:1.0]]
[2019.02.20-03.07.40:001][  0]LogConfig: Setting CVar [[r.ParticleLightQuality:2]]
[2019.02.20-03.07.40:001][  0]LogConfig: Applying CVar settings from Section [FoliageQuality@3] File [D:/Documents/GitHub/COP4331-Project/ScaryMaze/Saved/Config/Windows/Scalability.ini]
[2019.02.20-03.07.40:001][  0]LogConfig: Setting CVar [[foliage.DensityScale:1.0]]
[2019.02.20-03.07.40:001][  0]LogConfig: Setting CVar [[grass.DensityScale:1.0]]
[2019.02.20-03.07.40:001][  0]LogConfig: Applying CVar settings from Section [Startup] File [../../../Engine/Config/ConsoleVariables.ini]
[2019.02.20-03.07.40:023][  0]LogConfig: Setting CVar [[net.UseAdaptiveNetUpdateFrequency:0]]
[2019.02.20-03.07.40:023][  0]LogConfig: Applying CVar settings from Section [ConsoleVariables] File [D:/Documents/GitHub/COP4331-Project/ScaryMaze/Saved/Config/Windows/Engine.ini]
[2019.02.20-03.07.40:083][  0]LogInit: Computer: DESKTOP-GMK9F9M
[2019.02.20-03.07.40:084][  0]LogInit: User: Luis
[2019.02.20-03.07.40:084][  0]LogInit: CPU Page size=4096, Cores=4
[2019.02.20-03.07.40:084][  0]LogInit: High frequency timer resolution =10.000000 MHz
[2019.02.20-03.07.40:114][  0]LogMemory: Memory total: Physical=8.0GB (8GB approx)
[2019.02.20-03.07.40:115][  0]LogMemory: Platform Memory Stats for Windows
[2019.02.20-03.07.40:115][  0]LogMemory: Process Physical Memory: 101.98 MB used, 101.98 MB peak
[2019.02.20-03.07.40:115][  0]LogMemory: Process Virtual Memory: 84.51 MB used, 84.51 MB peak
[2019.02.20-03.07.40:115][  0]LogMemory: Physical Memory: 4677.29 MB used,  3495.92 MB free, 8173.21 MB total
[2019.02.20-03.07.40:115][  0]LogMemory: Virtual Memory: 4630.16 MB used,  134213096.00 MB free, 134217728.00 MB total
[2019.02.20-03.07.43:234][  0]LogInit: Using OS detected language (en-US).
[2019.02.20-03.07.43:234][  0]LogInit: Using OS detected locale (en-US).
[2019.02.20-03.07.43:397][  0]LogTextLocalizationManager: No specific localization for 'en-US' exists, so the 'en' localization will be used.
[2019.02.20-03.07.47:998][  0]LogStreaming: Display: Took  4.772s to InitEngineTextLocalization.
[2019.02.20-03.07.48:020][  0]LogInit: Setting process to per monitor DPI aware
[2019.02.20-03.07.50:623][  0]LogSlate: New Slate User Created.  User Index 0, Is Virtual User: 0
[2019.02.20-03.07.50:623][  0]LogSlate: Slate User Registered.  User Index 0, Is Virtual User: 0
[2019.02.20-03.07.56:431][  0]LogHMD: Failed to initialize OpenVR with code 110
[2019.02.20-03.07.56:431][  0]LogD3D11RHI: D3D11 adapters:
[2019.02.20-03.07.56:590][  0]LogD3D11RHI:    0. 'NVIDIA GeForce GTX 1060 6GB' (Feature Level 11_0)
[2019.02.20-03.07.56:590][  0]LogD3D11RHI:       6052/0/4086 MB DedicatedVideo/DedicatedSystem/SharedSystem, Outputs:2, VendorId:0x10de
[2019.02.20-03.07.56:593][  0]LogD3D11RHI:    1. 'Microsoft Basic Render Driver' (Feature Level 11_0)
[2019.02.20-03.07.56:593][  0]LogD3D11RHI:       0/0/4086 MB DedicatedVideo/DedicatedSystem/SharedSystem, Outputs:0, VendorId:0x1414
[2019.02.20-03.07.56:593][  0]LogD3D11RHI: Chosen D3D11 Adapter: 0
[2019.02.20-03.07.56:704][  0]LogD3D11RHI: Creating new Direct3DDevice
[2019.02.20-03.07.56:704][  0]LogD3D11RHI:     GPU DeviceId: 0x1c03 (for the marketing name, search the web for "GPU Device Id")
[2019.02.20-03.07.56:704][  0]LogWindows: EnumDisplayDevices:
[2019.02.20-03.07.56:705][  0]LogWindows:    0. 'NVIDIA GeForce GTX 1060 6GB' (P:1 D:1)
[2019.02.20-03.07.56:764][  0]LogWindows:    1. 'NVIDIA GeForce GTX 1060 6GB' (P:0 D:1)
[2019.02.20-03.07.56:765][  0]LogWindows:    2. 'NVIDIA GeForce GTX 1060 6GB' (P:0 D:0)
[2019.02.20-03.07.56:766][  0]LogWindows:    3. 'NVIDIA GeForce GTX 1060 6GB' (P:0 D:0)
[2019.02.20-03.07.56:766][  0]LogWindows: DebugString: FoundDriverCount:4 
[2019.02.20-03.07.56:766][  0]LogD3D11RHI:     Adapter Name: NVIDIA GeForce GTX 1060 6GB
[2019.02.20-03.07.56:767][  0]LogD3D11RHI:   Driver Version: 391.35 (internal:23.21.13.9135, unified:391.35)
[2019.02.20-03.07.56:767][  0]LogD3D11RHI:      Driver Date: 3-23-2018
[2019.02.20-03.07.56:794][  0]LogRHI: Texture pool is 4236 MB (70% of 6052 MB)
[2019.02.20-03.07.56:996][  0]LogD3D11RHI: Async texture creation enabled
[2019.02.20-03.07.57:778][  0]LogD3D11RHI: GPU Timing Frequency: 1000.000000 (Debug: 2 2)
[2019.02.20-03.07.58:975][  0]LogTemp: Display: Loaded TP AllDesktopTargetPlatform
[2019.02.20-03.07.59:044][  0]LogTemp: Display: Loaded TP MacClientTargetPlatform
[2019.02.20-03.07.59:128][  0]LogTemp: Display: Loaded TP MacNoEditorTargetPlatform
[2019.02.20-03.07.59:198][  0]LogTemp: Display: Loaded TP MacServerTargetPlatform
[2019.02.20-03.07.59:368][  0]LogTemp: Display: Loaded TP MacTargetPlatform
[2019.02.20-03.07.59:476][  0]LogTemp: Display: Loaded TP WindowsClientTargetPlatform
[2019.02.20-03.07.59:538][  0]LogTemp: Display: Loaded TP WindowsNoEditorTargetPlatform
[2019.02.20-03.07.59:592][  0]LogTemp: Display: Loaded TP WindowsServerTargetPlatform
[2019.02.20-03.07.59:672][  0]LogTemp: Display: Loaded TP WindowsTargetPlatform
[2019.02.20-03.07.59:921][  0]LogTemp: Display: Loaded TP AndroidTargetPlatform
[2019.02.20-03.07.59:921][  0]LogTemp: Display: Loaded TP AndroidTargetPlatform
[2019.02.20-03.07.59:921][  0]LogTemp: Display: Loaded TP AndroidTargetPlatform
[2019.02.20-03.07.59:921][  0]LogTemp: Display: Loaded TP AndroidTargetPlatform
[2019.02.20-03.07.59:921][  0]LogTemp: Display: Loaded TP AndroidTargetPlatform
[2019.02.20-03.07.59:921][  0]LogTemp: Display: Loaded TP AndroidTargetPlatform
[2019.02.20-03.07.59:921][  0]LogTemp: Display: Loaded TP AndroidTargetPlatform
[2019.02.20-03.07.59:921][  0]LogTemp: Display: Loaded TP AndroidTargetPlatform
[2019.02.20-03.07.59:921][  0]LogTemp: Display: Loaded TP AndroidTargetPlatform
[2019.02.20-03.07.59:921][  0]LogTemp: Display: Loaded TP AndroidTargetPlatform
[2019.02.20-03.07.59:921][  0]LogTemp: Display: Loaded TP AndroidTargetPlatform
[2019.02.20-03.07.59:921][  0]LogTemp: Display: Loaded TP AndroidTargetPlatform
[2019.02.20-03.07.59:921][  0]LogTemp: Display: Loaded TP AndroidTargetPlatform
[2019.02.20-03.07.59:921][  0]LogTemp: Display: Loaded TP AndroidTargetPlatform
[2019.02.20-03.07.59:921][  0]LogTemp: Display: Loaded TP AndroidTargetPlatform
[2019.02.20-03.07.59:921][  0]LogTemp: Display: Loaded TP AndroidTargetPlatform
[2019.02.20-03.07.59:921][  0]LogTemp: Display: Loaded TP AndroidTargetPlatform
[2019.02.20-03.07.59:921][  0]LogTemp: Display: Loaded TP AndroidTargetPlatform
[2019.02.20-03.07.59:958][  0]LogTemp: Display: Loaded TP HTML5TargetPlatform
[2019.02.20-03.08.00:274][  0]LogTemp: Display: Loaded TP IOSTargetPlatform
[2019.02.20-03.08.00:274][  0]LogTemp: Display: Loaded TP IOSTargetPlatform
[2019.02.20-03.08.00:386][  0]LogTemp: Display: Loaded TP TVOSTargetPlatform
[2019.02.20-03.08.00:386][  0]LogTemp: Display: Loaded TP TVOSTargetPlatform
[2019.02.20-03.08.00:512][  0]LogTemp: Display: Loaded TP LinuxClientTargetPlatform
[2019.02.20-03.08.00:538][  0]LogTemp: Display: Loaded TP LinuxNoEditorTargetPlatform
[2019.02.20-03.08.00:593][  0]LogTemp: Display: Loaded TP LinuxServerTargetPlatform
[2019.02.20-03.08.00:712][  0]LogTemp: Display: Loaded TP LinuxTargetPlatform
[2019.02.20-03.08.00:801][  0]LogTemp: Display: Loaded TP LuminTargetPlatform
[2019.02.20-03.08.00:801][  0]LogTemp: Display: Loaded TP LuminTargetPlatform
[2019.02.20-03.08.00:801][  0]LogTargetPlatformManager: Display: Building Assets For Windows
[2019.02.20-03.08.03:162][  0]LogShaderCompilers: Guid format shader working directory is -15 characters bigger than the processId version (../../../../../../Documents/GitHub/COP4331-Project/ScaryMaze/Intermediate/Shaders/WorkingDirectory/4168/).
[2019.02.20-03.08.03:163][  0]LogShaderCompilers: Cleaned the shader compiler working directory 'C:/Users/Luis/AppData/Local/Temp/UnrealShaderWorkingDir/E1629D8241C9DF881D0A0286B9DFD510/'.
[2019.02.20-03.08.03:195][  0]LogXGEController: Cleaning working directory: C:/Users/Luis/AppData/Local/Temp/UnrealXGEWorkingDir/
[2019.02.20-03.08.03:196][  0]LogXGEController: Cannot use XGE Controller as Incredibuild is not installed on this machine.
[2019.02.20-03.08.03:196][  0]LogShaderCompilers: Cannot use XGE Shader Compiler as Incredibuild is not installed on this machine.
[2019.02.20-03.08.03:196][  0]LogShaderCompilers: Display: Using Local Shader Compiler.
[2019.02.20-03.08.12:602][  0]LogDerivedDataCache: Display: Max Cache Size: 512 MB
[2019.02.20-03.08.12:810][  0]LogDerivedDataCache: Loaded boot cache 0.21s 71MB C:/Users/Luis/AppData/Local/UnrealEngine/4.21/DerivedDataCache/Boot.ddc.
[2019.02.20-03.08.12:810][  0]LogDerivedDataCache: Display: Loaded Boot cache: C:/Users/Luis/AppData/Local/UnrealEngine/4.21/DerivedDataCache/Boot.ddc
[2019.02.20-03.08.12:810][  0]LogDerivedDataCache: FDerivedDataBackendGraph:  Pak pak cache file ../../../../../../Documents/GitHub/COP4331-Project/ScaryMaze/DerivedDataCache/DDC.ddp not found, will not use a pak cache.
[2019.02.20-03.08.12:810][  0]LogDerivedDataCache: Unable to find inner node Pak for hierarchical cache Hierarchy.
[2019.02.20-03.08.12:810][  0]LogDerivedDataCache: FDerivedDataBackendGraph:  CompressedPak pak cache file ../../../../../../Documents/GitHub/COP4331-Project/ScaryMaze/DerivedDataCache/Compressed.ddp not found, will not use a pak cache.
[2019.02.20-03.08.12:810][  0]LogDerivedDataCache: Unable to find inner node CompressedPak for hierarchical cache Hierarchy.
[2019.02.20-03.08.12:960][  0]LogDerivedDataCache: Display: Pak cache opened for reading ../../../Engine/DerivedDataCache/Compressed.ddp.
[2019.02.20-03.08.12:960][  0]LogDerivedDataCache: FDerivedDataBackendGraph:  EnterprisePak pak cache file ../../../Enterprise/DerivedDataCache/Compressed.ddp not found, will not use a pak cache.
[2019.02.20-03.08.12:960][  0]LogDerivedDataCache: Unable to find inner node EnterprisePak for hierarchical cache Hierarchy.
[2019.02.20-03.08.12:974][  0]LogDerivedDataCache: Using Local data cache path C:/Users/Luis/AppData/Local/UnrealEngine/Common/DerivedDataCache: Writable
[2019.02.20-03.08.12:974][  0]LogDerivedDataCache: Shared data cache path not found in *engine.ini, will not use an Shared cache.
[2019.02.20-03.08.12:974][  0]LogDerivedDataCache: Unable to find inner node Shared for hierarchical cache Hierarchy.
[2019.02.20-03.08.13:455][  0]LogMaterial: Verifying Global Shaders for PCD3D_SM5
[2019.02.20-03.08.13:705][  0]LogSlate: Using FreeType 2.6.0
[2019.02.20-03.08.13:889][  0]LogSlate: SlateFontServices - WITH_FREETYPE: 1, WITH_HARFBUZZ: 1
[2019.02.20-03.08.16:829][  0]LogAssetRegistry: FAssetRegistry took 0.2121 seconds to start up
[2019.02.20-03.08.31:889][  0]LogInit: Selected Device Profile: [Windows]
[2019.02.20-03.08.36:673][  0]LogSimplygon: Simplygon DLL not present - disabling.
[2019.02.20-03.08.41:158][  0]LogMeshReduction: Using SimplygonSwarm for distributed automatic mesh merging
[2019.02.20-03.08.41:734][  0]LogMeshReduction: Using ProxyLODMeshReduction for automatic mesh merging
[2019.02.20-03.08.41:771][  0]LogMeshReduction: Using QuadricMeshReduction for automatic static mesh reduction
[2019.02.20-03.08.41:771][  0]LogMeshReduction: No automatic skeletal mesh reduction module available
[2019.02.20-03.08.44:782][  0]LogNetVersion: ScaryMaze 1.0.0, NetCL: 4541578, EngineNetVer: 5, GameNetVer: 0 (Checksum: 3370334168)
[2019.02.20-03.09.03:445][  0]LogPackageLocalizationCache: Processed 11 localized package path(s) for 2 prioritized culture(s) in 0.428185 seconds
[2019.02.20-03.09.03:610][  0]LogUObjectArray: 39775 objects as part of root set at end of initial load.
[2019.02.20-03.09.03:610][  0]LogUObjectAllocator: 6914656 out of 0 bytes used by permanent object pool.
[2019.02.20-03.09.03:610][  0]LogUObjectArray: CloseDisregardForGC: 0/0 objects in disregard for GC pool
[2019.02.20-03.09.45:832][  0]LogTcpMessaging: Initializing TcpMessaging bridge
[2019.02.20-03.09.45:923][  0]LogUdpMessaging: Initializing bridge on interface 0.0.0.0:0 to multicast group 230.0.0.1:6666.
[2019.02.20-03.09.48:547][  0]LogModuleManager: Warning: ModuleManager: Unable to load module 'ScaryMaze' because the file 'D:/Documents/GitHub/COP4331-Project/ScaryMaze/Binaries/Win64/UE4Editor-ScaryMaze-61.dll' was not found.
[2019.02.20-03.09.51:221][  0]LogWindowsTextInputMethodSystem: Display: IME system now deactivated.
[2019.02.20-03.09.51:749][  0]LogSlate: Slate User Destroyed.  User Index 0, Is Virtual User: 0
[2019.02.20-03.09.51:851][  0]LogExit: Preparing to exit.
[2019.02.20-03.10.01:130][  0]LogExit: Object subsystem successfully closed.
[2019.02.20-03.10.01:709][  0]LogShaderCompilers: Display: Shaders left to compile 0
[2019.02.20-03.10.01:990][  0]LogD3D11RHI: Shutdown
[2019.02.20-03.10.01:997][  0]LogD3D11RHI: CleanupD3DDevice
[2019.02.20-03.10.02:214][  0]LogD3D11RHI: ~FD3D11DynamicRHI
[2019.02.20-03.10.03:861][  0]LogModuleManager: Shutting down and abandoning module RuntimePhysXCooking (294)
[2019.02.20-03.10.03:861][  0]LogModuleManager: Shutting down and abandoning module PhysXVehiclesEditor (292)
[2019.02.20-03.10.03:862][  0]LogModuleManager: Shutting down and abandoning module PhysXVehicles (290)
[2019.02.20-03.10.03:915][  0]LogModuleManager: Shutting down and abandoning module OculusEditor (288)
[2019.02.20-03.10.04:049][  0]LogModuleManager: Shutting down and abandoning module LocationServicesBPLibrary (286)
[2019.02.20-03.10.04:049][  0]LogModuleManager: Shutting down and abandoning module ActorSequence (284)
[2019.02.20-03.10.04:049][  0]LogModuleManager: Shutting down and abandoning module UdpMessaging (282)
[2019.02.20-03.10.04:157][  0]LogModuleManager: Shutting down and abandoning module TcpMessaging (280)
[2019.02.20-03.10.04:396][  0]LogModuleManager: Shutting down and abandoning module MagicLeapAudio (278)
[2019.02.20-03.10.04:396][  0]LogModuleManager: Shutting down and abandoning module GameplayTagsEditor (276)
[2019.02.20-03.10.04:580][  0]LogModuleManager: Shutting down and abandoning module FacialAnimationEditor (274)
[2019.02.20-03.10.04:580][  0]LogModuleManager: Shutting down and abandoning module FacialAnimation (272)
[2019.02.20-03.10.04:580][  0]LogModuleManager: Shutting down and abandoning module DataValidation (270)
[2019.02.20-03.10.04:609][  0]LogModuleManager: Shutting down and abandoning module AssetManagerEditor (268)
[2019.02.20-03.10.04:650][  0]LogModuleManager: Shutting down and abandoning module LevelEditor (267)
[2019.02.20-03.10.04:806][  0]LogModuleManager: Shutting down and abandoning module PixelInspectorModule (266)
[2019.02.20-03.10.04:820][  0]LogModuleManager: Shutting down and abandoning module CommonMenuExtensions (264)
[2019.02.20-03.10.04:820][  0]LogModuleManager: Shutting down and abandoning module MainFrame (262)
[2019.02.20-03.10.04:850][  0]LogModuleManager: Shutting down and abandoning module HotReload (261)
[2019.02.20-03.10.04:855][  0]LogModuleManager: Shutting down and abandoning module ContentBrowser (257)
[2019.02.20-03.10.04:915][  0]LogModuleManager: Shutting down and abandoning module TreeMap (255)
[2019.02.20-03.10.04:932][  0]LogModuleManager: Shutting down and abandoning module LightPropagationVolumeRuntime (252)
[2019.02.20-03.10.04:932][  0]LogModuleManager: Shutting down and abandoning module AISupportModule (250)
[2019.02.20-03.10.04:932][  0]LogModuleManager: Shutting down and abandoning module Paper2D (248)
[2019.02.20-03.10.04:961][  0]LogModuleManager: Shutting down and abandoning module WindowsMoviePlayer (246)
[2019.02.20-03.10.04:995][  0]LogModuleManager: Shutting down and abandoning module WebMMoviePlayer (244)
[2019.02.20-03.10.04:995][  0]LogModuleManager: Shutting down and abandoning module WmfMedia (242)
[2019.02.20-03.10.05:060][  0]LogModuleManager: Shutting down and abandoning module Media (241)
[2019.02.20-03.10.05:066][  0]LogModuleManager: Shutting down and abandoning module PacketHandler (238)
[2019.02.20-03.10.05:066][  0]LogModuleManager: Shutting down and abandoning module ClothingSystemEditor (236)
[2019.02.20-03.10.05:066][  0]LogModuleManager: Shutting down and abandoning module ClothingSystemRuntime (234)
[2019.02.20-03.10.05:100][  0]LogModuleManager: Shutting down and abandoning module MediaAssets (232)
[2019.02.20-03.10.05:100][  0]LogModuleManager: Shutting down and abandoning module Overlay (230)
[2019.02.20-03.10.05:100][  0]LogModuleManager: Shutting down and abandoning module OverlayEditor (229)
[2019.02.20-03.10.05:100][  0]LogModuleManager: Shutting down and abandoning module VREditor (226)
[2019.02.20-03.10.05:124][  0]LogModuleManager: Shutting down and abandoning module StringTableEditor (224)
[2019.02.20-03.10.05:134][  0]LogModuleManager: Shutting down and abandoning module GameplayTasksEditor (222)
[2019.02.20-03.10.05:134][  0]LogModuleManager: Shutting down and abandoning module BehaviorTreeEditor (220)
[2019.02.20-03.10.05:205][  0]LogModuleManager: Shutting down and abandoning module FunctionalTesting (218)
[2019.02.20-03.10.05:215][  0]LogModuleManager: Shutting down and abandoning module CollisionAnalyzer (216)
[2019.02.20-03.10.05:268][  0]LogModuleManager: Shutting down and abandoning module WorkspaceMenuStructure (215)
[2019.02.20-03.10.05:290][  0]LogModuleManager: Shutting down and abandoning module UMG (212)
[2019.02.20-03.10.05:312][  0]LogModuleManager: Shutting down and abandoning module UMGEditor (211)
[2019.02.20-03.10.05:361][  0]LogModuleManager: Shutting down and abandoning module Sequencer (210)
[2019.02.20-03.10.05:487][  0]LogModuleManager: Shutting down and abandoning module MessageLog (207)
[2019.02.20-03.10.05:504][  0]LogModuleManager: Shutting down and abandoning module SlateReflector (202)
[2019.02.20-03.10.05:597][  0]LogModuleManager: Shutting down and abandoning module Slate (200)
[2019.02.20-03.10.05:608][  0]LogModuleManager: Shutting down and abandoning module EditorStyle (198)
[2019.02.20-03.10.05:611][  0]LogModuleManager: Shutting down and abandoning module MRMesh (196)
[2019.02.20-03.10.05:626][  0]LogModuleManager: Shutting down and abandoning module SourceCodeAccess (194)
[2019.02.20-03.10.05:626][  0]LogModuleManager: Shutting down and abandoning module HeadMountedDisplay (192)
[2019.02.20-03.10.05:636][  0]LogModuleManager: Shutting down and abandoning module XAudio2 (190)
[2019.02.20-03.10.05:647][  0]LogModuleManager: Shutting down and abandoning module Networking (188)
[2019.02.20-03.10.05:647][  0]LogModuleManager: Shutting down and abandoning module Core (186)
[2019.02.20-03.10.05:647][  0]LogModuleManager: Shutting down and abandoning module LevelSequence (184)
[2019.02.20-03.10.05:647][  0]LogModuleManager: Shutting down and abandoning module KismetCompiler (182)
[2019.02.20-03.10.05:647][  0]LogModuleManager: Shutting down and abandoning module MeshUtilities (180)
[2019.02.20-03.10.05:658][  0]LogModuleManager: Shutting down and abandoning module MeshMergeUtilities (179)
[2019.02.20-03.10.05:717][  0]LogModuleManager: Shutting down and abandoning module MeshReductionInterface (178)
[2019.02.20-03.10.05:717][  0]LogModuleManager: Shutting down and abandoning module SimplygonSwarm (177)
[2019.02.20-03.10.05:720][  0]LogModuleManager: Shutting down and abandoning module ProxyLODMeshReduction (175)
[2019.02.20-03.10.05:786][  0]LogModuleManager: Shutting down and abandoning module SimplygonMeshReduction (173)
[2019.02.20-03.10.05:786][  0]LogModuleManager: Shutting down and abandoning module QuadricMeshReduction (171)
[2019.02.20-03.10.05:820][  0]LogModuleManager: Shutting down and abandoning module MaterialBaking (167)
[2019.02.20-03.10.05:828][  0]LogModuleManager: Shutting down and abandoning module DirectoryWatcher (163)
[2019.02.20-03.10.05:838][  0]LogModuleManager: Shutting down and abandoning module DerivedDataCache (160)
[2019.02.20-03.10.06:122][  0]LogDerivedDataCache: Shutdown
[2019.02.20-03.10.06:122][  0]LogModuleManager: Shutting down and abandoning module XGEController (158)
[2019.02.20-03.10.06:123][  0]LogXGEController: Cleaning working directory: C:/Users/Luis/AppData/Local/Temp/UnrealXGEWorkingDir/
[2019.02.20-03.10.06:123][  0]LogModuleManager: Shutting down and abandoning module TargetPlatform (156)
[2019.02.20-03.10.06:123][  0]LogModuleManager: Shutting down and abandoning module VulkanShaderFormat (155)
[2019.02.20-03.10.06:143][  0]LogModuleManager: Shutting down and abandoning module ShaderFormatVectorVM (153)
[2019.02.20-03.10.06:152][  0]LogModuleManager: Shutting down and abandoning module ShaderFormatOpenGL (151)
[2019.02.20-03.10.06:160][  0]LogModuleManager: Shutting down and abandoning module ShaderFormatD3D (149)
[2019.02.20-03.10.06:160][  0]LogModuleManager: Shutting down and abandoning module MetalShaderFormat (147)
[2019.02.20-03.10.06:176][  0]LogModuleManager: Shutting down and abandoning module TextureFormatUncompressed (145)
[2019.02.20-03.10.06:177][  0]LogModuleManager: Shutting down and abandoning module TextureFormatPVR (143)
[2019.02.20-03.10.06:177][  0]LogModuleManager: Shutting down and abandoning module TextureFormatDXT (141)
[2019.02.20-03.10.06:180][  0]LogModuleManager: Shutting down and abandoning module TextureFormatIntelISPCTexComp (139)
[2019.02.20-03.10.06:180][  0]LogModuleManager: Shutting down and abandoning module TextureFormatASTC (137)
[2019.02.20-03.10.06:180][  0]LogModuleManager: Shutting down and abandoning module ImageWrapper (136)
[2019.02.20-03.10.06:180][  0]LogModuleManager: Shutting down and abandoning module TextureFormatAndroid (133)
[2019.02.20-03.10.06:180][  0]LogModuleManager: Shutting down and abandoning module AudioFormatOpus (131)
[2019.02.20-03.10.06:180][  0]LogModuleManager: Shutting down and abandoning module AudioFormatOgg (129)
[2019.02.20-03.10.06:180][  0]LogModuleManager: Shutting down and abandoning module AudioFormatADPCM (127)
[2019.02.20-03.10.06:180][  0]LogModuleManager: Shutting down and abandoning module LuminTargetPlatform (125)
[2019.02.20-03.10.06:201][  0]LogModuleManager: Shutting down and abandoning module LinuxTargetPlatform (123)
[2019.02.20-03.10.06:201][  0]LogModuleManager: Shutting down and abandoning module LinuxServerTargetPlatform (121)
[2019.02.20-03.10.06:201][  0]LogModuleManager: Shutting down and abandoning module LinuxNoEditorTargetPlatform (119)
[2019.02.20-03.10.06:201][  0]LogModuleManager: Shutting down and abandoning module LinuxClientTargetPlatform (117)
[2019.02.20-03.10.06:201][  0]LogModuleManager: Shutting down and abandoning module TVOSTargetPlatform (115)
[2019.02.20-03.10.06:226][  0]LogModuleManager: Shutting down and abandoning module Messaging (113)
[2019.02.20-03.10.06:226][  0]LogModuleManager: Shutting down and abandoning module IOSTargetPlatform (111)
[2019.02.20-03.10.06:227][  0]LogModuleManager: Shutting down and abandoning module HTML5TargetPlatform (109)
[2019.02.20-03.10.06:227][  0]LogModuleManager: Shutting down and abandoning module AndroidTargetPlatform (107)
[2019.02.20-03.10.06:236][  0]LogModuleManager: Shutting down and abandoning module WindowsTargetPlatform (105)
[2019.02.20-03.10.06:236][  0]LogModuleManager: Shutting down and abandoning module WindowsServerTargetPlatform (103)
[2019.02.20-03.10.06:236][  0]LogModuleManager: Shutting down and abandoning module WindowsNoEditorTargetPlatform (101)
[2019.02.20-03.10.06:236][  0]LogModuleManager: Shutting down and abandoning module WindowsClientTargetPlatform (99)
[2019.02.20-03.10.06:236][  0]LogModuleManager: Shutting down and abandoning module MacTargetPlatform (97)
[2019.02.20-03.10.06:236][  0]LogModuleManager: Shutting down and abandoning module MacServerTargetPlatform (95)
[2019.02.20-03.10.06:237][  0]LogModuleManager: Shutting down and abandoning module MacNoEditorTargetPlatform (93)
[2019.02.20-03.10.06:248][  0]LogModuleManager: Shutting down and abandoning module MacClientTargetPlatform (91)
[2019.02.20-03.10.06:269][  0]LogModuleManager: Shutting down and abandoning module AllDesktopTargetPlatform (89)
[2019.02.20-03.10.06:269][  0]LogModuleManager: Shutting down and abandoning module InputCore (86)
[2019.02.20-03.10.06:269][  0]LogModuleManager: Shutting down and abandoning module Settings (84)
[2019.02.20-03.10.06:269][  0]LogModuleManager: Shutting down and abandoning module PhysXCooking (82)
[2019.02.20-03.10.06:269][  0]LogModuleManager: Shutting down and abandoning module SteamVR (80)
[2019.02.20-03.10.06:303][  0]LogHMD: Freeing OpenVRDLLHandle.
[2019.02.20-03.10.06:311][  0]LogModuleManager: Shutting down and abandoning module OculusHMD (78)
[2019.02.20-03.10.06:316][  0]LogModuleManager: Shutting down and abandoning module ExampleDeviceProfileSelector (76)
[2019.02.20-03.10.06:316][  0]LogModuleManager: Shutting down and abandoning module LauncherChunkInstaller (74)
[2019.02.20-03.10.06:316][  0]LogModuleManager: Shutting down and abandoning module OnlineBlueprintSupport (72)
[2019.02.20-03.10.06:316][  0]LogModuleManager: Shutting down and abandoning module OnlineSubsystem (68)
[2019.02.20-03.10.06:473][  0]LogModuleManager: Shutting down and abandoning module XMPP (63)
[2019.02.20-03.10.06:519][  0]LogModuleManager: Shutting down and abandoning module WebSockets (62)
[2019.02.20-03.10.06:574][  0]LogModuleManager: Shutting down and abandoning module HTTP (59)
[2019.02.20-03.10.06:632][  0]LogModuleManager: Shutting down and abandoning module SSL (58)
[2019.02.20-03.10.06:634][  0]LogModuleManager: Shutting down and abandoning module MagicLeapIdentity (54)
[2019.02.20-03.10.06:634][  0]LogModuleManager: Shutting down and abandoning module MagicLeapHelperVulkan (52)
[2019.02.20-03.10.06:634][  0]LogModuleManager: Shutting down and abandoning module MagicLeapHelperOpenGL (50)
[2019.02.20-03.10.06:634][  0]LogModuleManager: Shutting down and abandoning module MagicLeapSecureStorage (48)
[2019.02.20-03.10.06:634][  0]LogModuleManager: Shutting down and abandoning module MagicLeapHandTracking (46)
[2019.02.20-03.10.06:661][  0]LogModuleManager: Shutting down and abandoning module MagicLeapEyeTracker (44)
[2019.02.20-03.10.06:661][  0]LogModuleManager: Shutting down and abandoning module MagicLeapController (42)
[2019.02.20-03.10.06:661][  0]LogModuleManager: Shutting down and abandoning module MagicLeap (40)
[2019.02.20-03.10.06:736][  0]LogModuleManager: Shutting down and abandoning module DatasmithContent (38)
[2019.02.20-03.10.06:737][  0]LogModuleManager: Shutting down and abandoning module AnimationModifiers (36)
[2019.02.20-03.10.06:801][  0]LogModuleManager: Shutting down and abandoning module PropertyEditor (35)
[2019.02.20-03.10.06:869][  0]LogModuleManager: Shutting down and abandoning module AudioEditor (32)
[2019.02.20-03.10.06:946][  0]LogModuleManager: Shutting down and abandoning module TextureCompressor (30)
[2019.02.20-03.10.06:976][  0]LogModuleManager: Shutting down and abandoning module ShaderCore (28)
[2019.02.20-03.10.06:976][  0]LogModuleManager: Shutting down and abandoning module Landscape (26)
[2019.02.20-03.10.06:976][  0]LogModuleManager: Shutting down and abandoning module SlateRHIRenderer (24)
[2019.02.20-03.10.07:000][  0]LogModuleManager: Shutting down and abandoning module OpenGLDrv (22)
[2019.02.20-03.10.07:024][  0]LogModuleManager: Shutting down and abandoning module D3D11RHI (20)
[2019.02.20-03.10.07:024][  0]LogModuleManager: Shutting down and abandoning module AnimGraphRuntime (18)
[2019.02.20-03.10.07:034][  0]LogModuleManager: Shutting down and abandoning module Renderer (16)
[2019.02.20-03.10.07:063][  0]LogModuleManager: Shutting down and abandoning module Engine (14)
[2019.02.20-03.10.07:063][  0]LogModuleManager: Shutting down and abandoning module CoreUObject (12)
[2019.02.20-03.10.07:063][  0]LogModuleManager: Shutting down and abandoning module NetworkFile (10)
[2019.02.20-03.10.07:071][  0]LogModuleManager: Shutting down and abandoning module CookedIterativeFile (8)
[2019.02.20-03.10.07:071][  0]LogModuleManager: Shutting down and abandoning module StreamingFile (6)
[2019.02.20-03.10.07:078][  0]LogModuleManager: Shutting down and abandoning module SandboxFile (4)
[2019.02.20-03.10.07:078][  0]LogModuleManager: Shutting down and abandoning module PakFile (2)
[2019.02.20-03.10.07:337][  0]LogExit: Exiting.
[2019.02.20-03.10.07:365][  0]Log file closed, 02/19/19 22:10:07
