Log file open, 03/27/19 11:59:30
LogWindows: Failed to load 'aqProf.dll' (GetLastError=126)
LogWindows: File 'aqProf.dll' does not exist
LogWindows: Failed to load 'VtuneApi.dll' (GetLastError=126)
LogWindows: File 'VtuneApi.dll' does not exist
LogWindows: Failed to load 'VtuneApi32e.dll' (GetLastError=126)
LogWindows: File 'VtuneApi32e.dll' does not exist
LogConsoleResponse: Display: Failed to find resolution value strings in scalability ini. Falling back to default.
LogInit: Display: Running engine for game: ScaryMaze
LogPakFile: Registered encryption key '00000000000000000000000000000000': 0 pak files mounted, 0 remain pending
LogPlatformFile: Not using cached read wrapper
LogTaskGraph: Started task graph with 5 named threads and 11 total threads with 3 sets of task threads.
LogStats: Stats thread started at 5.035123
LogD3D11RHI: Loaded GFSDK_Aftermath_Lib.x64.dll
LogICUInternationalization: ICU TimeZone Detection - Raw Offset: -5:00, Platform Override: ''
LogPluginManager: Mounting plugin Paper2D
LogPluginManager: Mounting plugin AISupport
LogPluginManager: Mounting plugin LightPropagationVolume
LogPluginManager: Mounting plugin ActorLayerUtilities
LogPluginManager: Mounting plugin CLionSourceCodeAccess
LogPluginManager: Mounting plugin CodeLiteSourceCodeAccess
LogPluginManager: Mounting plugin GitSourceControl
LogPluginManager: Mounting plugin KDevelopSourceCodeAccess
LogPluginManager: Mounting plugin NullSourceCodeAccess
LogPluginManager: Mounting plugin PerforceSourceControl
LogPluginManager: Mounting plugin SubversionSourceControl
LogPluginManager: Mounting plugin UObjectPlugin
LogPluginManager: Mounting plugin VisualStudioCodeSourceCodeAccess
LogPluginManager: Mounting plugin VisualStudioSourceCodeAccess
LogPluginManager: Mounting plugin XCodeSourceCodeAccess
LogPluginManager: Mounting plugin AssetManagerEditor
LogPluginManager: Mounting plugin CryptoKeys
LogPluginManager: Mounting plugin DataValidation
LogPluginManager: Mounting plugin FacialAnimation
LogPluginManager: Mounting plugin GameplayTagsEditor
LogPluginManager: Mounting plugin MacGraphicsSwitching
LogPluginManager: Mounting plugin MeshEditor
LogPluginManager: Mounting plugin MobileLauncherProfileWizard
LogPluginManager: Mounting plugin PluginBrowser
LogPluginManager: Mounting plugin SpeedTreeImporter
LogPluginManager: Mounting plugin DatasmithContent
LogPluginManager: Mounting plugin VariantManagerContent
LogPluginManager: Mounting plugin AlembicImporter
LogPluginManager: Mounting plugin AppleImageUtils
LogPluginManager: Mounting plugin AppleVision
LogPluginManager: Mounting plugin BackChannel
LogPluginManager: Mounting plugin CharacterAI
LogPluginManager: Mounting plugin GeometryCache
LogPluginManager: Mounting plugin HTML5Networking
LogPluginManager: Mounting plugin ProxyLODPlugin
LogPluginManager: Mounting plugin MagicLeap
LogPluginManager: Mounting plugin MagicLeapMedia
LogPluginManager: Mounting plugin AndroidMedia
LogPluginManager: Mounting plugin AvfMedia
LogPluginManager: Mounting plugin ImgMedia
LogPluginManager: Mounting plugin LinearTimecode
LogPluginManager: Mounting plugin MediaCompositing
LogPluginManager: Mounting plugin MediaPlayerEditor
LogPluginManager: Mounting plugin WebMMedia
LogPluginManager: Mounting plugin WmfMedia
LogPluginManager: Mounting plugin TcpMessaging
LogPluginManager: Mounting plugin UdpMessaging
LogPluginManager: Mounting plugin ActorSequence
LogPluginManager: Mounting plugin LevelSequenceEditor
LogPluginManager: Mounting plugin MatineeToLevelSequence
LogPluginManager: Mounting plugin NetcodeUnitTest
LogPluginManager: Mounting plugin NUTUnrealEngine4
LogPluginManager: Mounting plugin OnlineSubsystemGooglePlay
LogPluginManager: Mounting plugin OnlineSubsystemIOS
LogPluginManager: Mounting plugin OnlineSubsystem
LogPluginManager: Mounting plugin OnlineSubsystemNull
LogPluginManager: Mounting plugin OnlineSubsystemUtils
LogPluginManager: Mounting plugin LauncherChunkInstaller
LogPluginManager: Mounting plugin AndroidDeviceProfileSelector
LogPluginManager: Mounting plugin AndroidMoviePlayer
LogPluginManager: Mounting plugin AndroidPermission
LogPluginManager: Mounting plugin AppleMoviePlayer
LogPluginManager: Mounting plugin ArchVisCharacter
LogPluginManager: Mounting plugin AudioCapture
LogPluginManager: Mounting plugin CableComponent
LogPluginManager: Mounting plugin CustomMeshComponent
LogPluginManager: Mounting plugin EditableMesh
LogPluginManager: Mounting plugin ExampleDeviceProfileSelector
LogPluginManager: Mounting plugin Firebase
LogPluginManager: Mounting plugin GoogleCloudMessaging
LogPluginManager: Mounting plugin IOSDeviceProfileSelector
LogPluginManager: Mounting plugin LinuxDeviceProfileSelector
LogPluginManager: Mounting plugin LocationServicesBPLibrary
LogPluginManager: Mounting plugin MobilePatchingUtils
LogPluginManager: Mounting plugin OculusVR
LogPluginManager: Mounting plugin PhysXVehicles
LogPluginManager: Mounting plugin ProceduralMeshComponent
LogPluginManager: Mounting plugin RuntimePhysXCooking
LogPluginManager: Mounting plugin SteamVR
LogPluginManager: Mounting plugin WebMMoviePlayer
LogPluginManager: Mounting plugin WindowsMoviePlayer
LogStreaming: Display: Took  0.305s to configure plugins.
LogInit: Using libcurl 7.55.1-DEV
LogInit:  - built for x86_64-pc-win32
LogInit:  - supports SSL with OpenSSL/1.0.2h
LogInit:  - supports HTTP deflate (compression) using libz 1.2.8
LogInit:  - other features:
LogInit:      CURL_VERSION_SSL
LogInit:      CURL_VERSION_LIBZ
LogInit:      CURL_VERSION_IPV6
LogInit:      CURL_VERSION_ASYNCHDNS
LogInit:      CURL_VERSION_LARGEFILE
LogInit:      CURL_VERSION_IDN
LogInit:  CurlRequestOptions (configurable via config and command line):
LogInit:  - bVerifyPeer = true  - Libcurl will verify peer certificate
LogInit:  - bUseHttpProxy = false  - Libcurl will NOT use HTTP proxy
LogInit:  - bDontReuseConnections = false  - Libcurl will reuse connections
LogInit:  - MaxHostConnections = 16  - Libcurl will limit the number of connections to a host
LogInit:  - LocalHostAddr = Default
LogInit:  - BufferSize = 65536
LogInit: WinSock: version 1.1 (2.2), MaxSocks=32767, MaxUdp=65467
LogInit: Build: ++UE4+Release-4.21-CL-4753647
LogInit: Engine Version: 4.21.2-4753647+++UE4+Release-4.21
LogInit: Compatible Engine Version: 4.21.0-4541578+++UE4+Release-4.21
LogInit: Net CL: 4541578
LogInit: OS: Windows 10 (), CPU: Intel(R) Core(TM) i5-7200U CPU @ 2.50GHz, GPU: Intel(R) HD Graphics 620
LogInit: Compiled (64-bit): Jan 19 2019 02:07:31
LogInit: Compiled with Visual C++: 19.13.26129.00
LogInit: Build Configuration: Development
LogInit: Branch Name: ++UE4+Release-4.21
LogInit: Command Line:  -skipcompile
LogInit: Base Directory: C:/Program Files/Epic Games/UE_4.21/Engine/Binaries/Win64/
LogInit: Installed Engine Build: 1
LogDevObjectVersion: Number of dev versions registered: 22
LogDevObjectVersion:   Dev-Blueprints (B0D832E4-1F89-4F0D-ACCF-7EB736FD4AA2): 10
LogDevObjectVersion:   Dev-Build (E1C64328-A22C-4D53-A36C-8E866417BD8C): 0
LogDevObjectVersion:   Dev-Core (375EC13C-06E4-48FB-B500-84F0262A717E): 2
LogDevObjectVersion:   Dev-Editor (E4B068ED-F494-42E9-A231-DA0B2E46BB41): 26
LogDevObjectVersion:   Dev-Framework (CFFC743F-43B0-4480-9391-14DF171D2073): 34
LogDevObjectVersion:   Dev-Mobile (B02B49B5-BB20-44E9-A304-32B752E40360): 2
LogDevObjectVersion:   Dev-Networking (A4E4105C-59A1-49B5-A7C5-40C4547EDFEE): 0
LogDevObjectVersion:   Dev-Online (39C831C9-5AE6-47DC-9A44-9C173E1C8E7C): 0
LogDevObjectVersion:   Dev-Physics (78F01B33-EBEA-4F98-B9B4-84EACCB95AA2): 0
LogDevObjectVersion:   Dev-Platform (6631380F-2D4D-43E0-8009-CF276956A95A): 0
LogDevObjectVersion:   Dev-Rendering (12F88B9F-8875-4AFC-A67C-D90C383ABD29): 27
LogDevObjectVersion:   Dev-Sequencer (7B5AE74C-D270-4C10-A958-57980B212A5A): 9
LogDevObjectVersion:   Dev-VR (D7296918-1DD6-4BDD-9DE2-64A83CC13884): 2
LogDevObjectVersion:   Dev-LoadTimes (C2A15278-BFE7-4AFE-6C17-90FF531DF755): 1
LogDevObjectVersion:   Private-Geometry (6EACA3D4-40EC-4CC1-B786-8BED09428FC5): 3
LogDevObjectVersion:   Dev-AnimPhys (29E575DD-E0A3-4627-9D10-D276232CDCEA): 17
LogDevObjectVersion:   Dev-Anim (AF43A65D-7FD3-4947-9873-3E8ED9C1BB05): 2
LogDevObjectVersion:   Dev-ReflectionCapture (6B266CEC-1EC7-4B8F-A30B-E4D90942FC07): 1
LogDevObjectVersion:   Dev-Automation (0DF73D61-A23F-47EA-B727-89E90C41499A): 1
LogDevObjectVersion:   FortniteMain (601D1886-AC64-4F84-AA16-D3DE0DEAC7D6): 17
LogDevObjectVersion:   Dev-Enterprise (9DFFBCD6-494F-0158-E221-12823C92A888): 4
LogDevObjectVersion:   Dev-Niagara (F2AED0AC-9AFE-416F-8664-AA7FFA26D6FC): 1
LogStreaming: Display: Took  0.019s to delete old logs.
LogInit: Presizing for max 8388607 objects, including 0 objects not considered by GC, pre-allocating 0 bytes for permanent pool.
LogInit: Object subsystem initialized
LogConfig: Setting CVar [[con.DebugEarlyDefault:1]]
LogConfig: Setting CVar [[r.setres:1280x720]]
[2019.03.27-15.59.33:037][  0]LogConfig: Setting CVar [[r.VSync:0]]
[2019.03.27-15.59.33:037][  0]LogConfig: Setting CVar [[r.RHICmdBypass:0]]
[2019.03.27-15.59.33:038][  0]LogConfig: Applying CVar settings from Section [/Script/Engine.RendererSettings] File [C:/Users/james/Desktop/Processes for OOS/COP4331 Project/ScaryMaze/Saved/Config/Windows/Engine.ini]
[2019.03.27-15.59.33:038][  0]LogConfig: Setting CVar [[r.GPUCrashDebugging:0]]
[2019.03.27-15.59.33:038][  0]LogConfig: Applying CVar settings from Section [/Script/Engine.RendererOverrideSettings] File [C:/Users/james/Desktop/Processes for OOS/COP4331 Project/ScaryMaze/Saved/Config/Windows/Engine.ini]
[2019.03.27-15.59.33:038][  0]LogConfig: Applying CVar settings from Section [/Script/Engine.StreamingSettings] File [C:/Users/james/Desktop/Processes for OOS/COP4331 Project/ScaryMaze/Saved/Config/Windows/Engine.ini]
[2019.03.27-15.59.33:039][  0]LogConfig: Setting CVar [[s.MinBulkDataSizeForAsyncLoading:131072]]
[2019.03.27-15.59.33:039][  0]LogConfig: Setting CVar [[s.AsyncLoadingThreadEnabled:0]]
[2019.03.27-15.59.33:039][  0]LogConfig: Setting CVar [[s.EventDrivenLoaderEnabled:1]]
[2019.03.27-15.59.33:040][  0]LogConfig: Setting CVar [[s.WarnIfTimeLimitExceeded:0]]
[2019.03.27-15.59.33:040][  0]LogConfig: Setting CVar [[s.TimeLimitExceededMultiplier:1.5]]
[2019.03.27-15.59.33:040][  0]LogConfig: Setting CVar [[s.TimeLimitExceededMinTime:0.005]]
[2019.03.27-15.59.33:040][  0]LogConfig: Setting CVar [[s.UseBackgroundLevelStreaming:1]]
[2019.03.27-15.59.33:041][  0]LogConfig: Setting CVar [[s.PriorityAsyncLoadingExtraTime:15.0]]
[2019.03.27-15.59.33:041][  0]LogConfig: Setting CVar [[s.LevelStreamingActorsUpdateTimeLimit:5.0]]
[2019.03.27-15.59.33:041][  0]LogConfig: Setting CVar [[s.PriorityLevelStreamingActorsUpdateExtraTime:5.0]]
[2019.03.27-15.59.33:042][  0]LogConfig: Setting CVar [[s.LevelStreamingComponentsRegistrationGranularity:10]]
[2019.03.27-15.59.33:042][  0]LogConfig: Setting CVar [[s.UnregisterComponentsTimeLimit:1.0]]
[2019.03.27-15.59.33:042][  0]LogConfig: Setting CVar [[s.LevelStreamingComponentsUnregistrationGranularity:5]]
[2019.03.27-15.59.33:043][  0]LogConfig: Applying CVar settings from Section [/Script/Engine.GarbageCollectionSettings] File [C:/Users/james/Desktop/Processes for OOS/COP4331 Project/ScaryMaze/Saved/Config/Windows/Engine.ini]
[2019.03.27-15.59.33:043][  0]LogConfig: Setting CVar [[gc.MaxObjectsNotConsideredByGC:1]]
[2019.03.27-15.59.33:043][  0]LogConfig: Setting CVar [[gc.SizeOfPermanentObjectPool:0]]
[2019.03.27-15.59.33:044][  0]LogConfig: Setting CVar [[gc.FlushStreamingOnGC:0]]
[2019.03.27-15.59.33:045][  0]LogConfig: Setting CVar [[gc.NumRetriesBeforeForcingGC:10]]
[2019.03.27-15.59.33:045][  0]LogConfig: Setting CVar [[gc.AllowParallelGC:1]]
[2019.03.27-15.59.33:045][  0]LogConfig: Setting CVar [[gc.TimeBetweenPurgingPendingKillObjects:61.1]]
[2019.03.27-15.59.33:045][  0]LogConfig: Setting CVar [[gc.MaxObjectsInEditor:8388607]]
[2019.03.27-15.59.33:046][  0]LogConfig: Setting CVar [[gc.IncrementalBeginDestroyEnabled:1]]
[2019.03.27-15.59.33:046][  0]LogConfig: Setting CVar [[gc.CreateGCClusters:1]]
[2019.03.27-15.59.33:046][  0]LogConfig: Setting CVar [[gc.MergeGCClusters:0]]
[2019.03.27-15.59.33:047][  0]LogConfig: Setting CVar [[gc.MinGCClusterSize:5]]
[2019.03.27-15.59.33:047][  0]LogConfig: Setting CVar [[gc.ActorClusteringEnabled:0]]
[2019.03.27-15.59.33:047][  0]LogConfig: Setting CVar [[gc.BlueprintClusteringEnabled:0]]
[2019.03.27-15.59.33:048][  0]LogConfig: Setting CVar [[gc.UseDisregardForGCOnDedicatedServers:0]]
[2019.03.27-15.59.33:048][  0]LogConfig: Applying CVar settings from Section [/Script/Engine.NetworkSettings] File [C:/Users/james/Desktop/Processes for OOS/COP4331 Project/ScaryMaze/Saved/Config/Windows/Engine.ini]
[2019.03.27-15.59.33:048][  0]LogConfig: Applying CVar settings from Section [/Script/UnrealEd.CookerSettings] File [C:/Users/james/Desktop/Processes for OOS/COP4331 Project/ScaryMaze/Saved/Config/Windows/Engine.ini]
[2019.03.27-15.59.33:067][  0]LogConfig: Applying CVar settings from Section [ViewDistanceQuality@3] File [C:/Users/james/Desktop/Processes for OOS/COP4331 Project/ScaryMaze/Saved/Config/Windows/Scalability.ini]
[2019.03.27-15.59.33:067][  0]LogConfig: Setting CVar [[r.SkeletalMeshLODBias:0]]
[2019.03.27-15.59.33:067][  0]LogConfig: Setting CVar [[r.ViewDistanceScale:1.0]]
[2019.03.27-15.59.33:067][  0]LogConfig: Applying CVar settings from Section [AntiAliasingQuality@3] File [C:/Users/james/Desktop/Processes for OOS/COP4331 Project/ScaryMaze/Saved/Config/Windows/Scalability.ini]
[2019.03.27-15.59.33:067][  0]LogConfig: Setting CVar [[r.PostProcessAAQuality:4]]
[2019.03.27-15.59.33:067][  0]LogConfig: Applying CVar settings from Section [ShadowQuality@3] File [C:/Users/james/Desktop/Processes for OOS/COP4331 Project/ScaryMaze/Saved/Config/Windows/Scalability.ini]
[2019.03.27-15.59.33:067][  0]LogConfig: Setting CVar [[r.LightFunctionQuality:1]]
[2019.03.27-15.59.33:067][  0]LogConfig: Setting CVar [[r.ShadowQuality:5]]
[2019.03.27-15.59.33:068][  0]LogConfig: Setting CVar [[r.Shadow.CSM.MaxCascades:10]]
[2019.03.27-15.59.33:068][  0]LogConfig: Setting CVar [[r.Shadow.MaxResolution:2048]]
[2019.03.27-15.59.33:070][  0]LogConfig: Setting CVar [[r.Shadow.MaxCSMResolution:2048]]
[2019.03.27-15.59.33:070][  0]LogConfig: Setting CVar [[r.Shadow.RadiusThreshold:0.01]]
[2019.03.27-15.59.33:070][  0]LogConfig: Setting CVar [[r.Shadow.DistanceScale:1.0]]
[2019.03.27-15.59.33:070][  0]LogConfig: Setting CVar [[r.Shadow.CSM.TransitionScale:1.0]]
[2019.03.27-15.59.33:071][  0]LogConfig: Setting CVar [[r.Shadow.PreShadowResolutionFactor:1.0]]
[2019.03.27-15.59.33:072][  0]LogConfig: Setting CVar [[r.DistanceFieldShadowing:1]]
[2019.03.27-15.59.33:072][  0]LogConfig: Setting CVar [[r.DistanceFieldAO:1]]
[2019.03.27-15.59.33:072][  0]LogConfig: Setting CVar [[r.AOQuality:2]]
[2019.03.27-15.59.33:072][  0]LogConfig: Setting CVar [[r.VolumetricFog:1]]
[2019.03.27-15.59.33:072][  0]LogConfig: Setting CVar [[r.VolumetricFog.GridPixelSize:8]]
[2019.03.27-15.59.33:073][  0]LogConfig: Setting CVar [[r.VolumetricFog.GridSizeZ:128]]
[2019.03.27-15.59.33:073][  0]LogConfig: Setting CVar [[r.VolumetricFog.HistoryMissSupersampleCount:4]]
[2019.03.27-15.59.33:073][  0]LogConfig: Setting CVar [[r.LightMaxDrawDistanceScale:1]]
[2019.03.27-15.59.33:073][  0]LogConfig: Setting CVar [[r.CapsuleShadows:1]]
[2019.03.27-15.59.33:073][  0]LogConfig: Applying CVar settings from Section [PostProcessQuality@3] File [C:/Users/james/Desktop/Processes for OOS/COP4331 Project/ScaryMaze/Saved/Config/Windows/Scalability.ini]
[2019.03.27-15.59.33:073][  0]LogConfig: Setting CVar [[r.MotionBlurQuality:4]]
[2019.03.27-15.59.33:073][  0]LogConfig: Setting CVar [[r.AmbientOcclusionMipLevelFactor:0.4]]
[2019.03.27-15.59.33:073][  0]LogConfig: Setting CVar [[r.AmbientOcclusionMaxQuality:100]]
[2019.03.27-15.59.33:074][  0]LogConfig: Setting CVar [[r.AmbientOcclusionLevels:-1]]
[2019.03.27-15.59.33:074][  0]LogConfig: Setting CVar [[r.AmbientOcclusionRadiusScale:1.0]]
[2019.03.27-15.59.33:074][  0]LogConfig: Setting CVar [[r.DepthOfFieldQuality:2]]
[2019.03.27-15.59.33:074][  0]LogConfig: Setting CVar [[r.RenderTargetPoolMin:400]]
[2019.03.27-15.59.33:074][  0]LogConfig: Setting CVar [[r.LensFlareQuality:2]]
[2019.03.27-15.59.33:074][  0]LogConfig: Setting CVar [[r.SceneColorFringeQuality:1]]
[2019.03.27-15.59.33:074][  0]LogConfig: Setting CVar [[r.EyeAdaptationQuality:2]]
[2019.03.27-15.59.33:074][  0]LogConfig: Setting CVar [[r.BloomQuality:5]]
[2019.03.27-15.59.33:074][  0]LogConfig: Setting CVar [[r.FastBlurThreshold:100]]
[2019.03.27-15.59.33:074][  0]LogConfig: Setting CVar [[r.Upscale.Quality:3]]
[2019.03.27-15.59.33:074][  0]LogConfig: Setting CVar [[r.Tonemapper.GrainQuantization:1]]
[2019.03.27-15.59.33:075][  0]LogConfig: Setting CVar [[r.LightShaftQuality:1]]
[2019.03.27-15.59.33:075][  0]LogConfig: Setting CVar [[r.Filter.SizeScale:1]]
[2019.03.27-15.59.33:075][  0]LogConfig: Setting CVar [[r.Tonemapper.Quality:5]]
[2019.03.27-15.59.33:075][  0]LogConfig: Setting CVar [[r.DOF.Gather.AccumulatorQuality:1        ; higher gathering accumulator quality]]
[2019.03.27-15.59.33:075][  0]LogConfig: Setting CVar [[r.DOF.Gather.PostfilterMethod:1          ; Median3x3 postfilering method]]
[2019.03.27-15.59.33:075][  0]LogConfig: Setting CVar [[r.DOF.Gather.EnableBokehSettings:0       ; no bokeh simulation when gathering]]
[2019.03.27-15.59.33:075][  0]LogConfig: Setting CVar [[r.DOF.Gather.RingCount:4                 ; medium number of samples when gathering]]
[2019.03.27-15.59.33:075][  0]LogConfig: Setting CVar [[r.DOF.Scatter.ForegroundCompositing:1    ; additive foreground scattering]]
[2019.03.27-15.59.33:076][  0]LogConfig: Setting CVar [[r.DOF.Scatter.BackgroundCompositing:2    ; additive background scattering]]
[2019.03.27-15.59.33:076][  0]LogConfig: Setting CVar [[r.DOF.Scatter.EnableBokehSettings:1      ; bokeh simulation when scattering]]
[2019.03.27-15.59.33:076][  0]LogConfig: Setting CVar [[r.DOF.Scatter.MaxSpriteRatio:0.1         ; only a maximum of 10% of scattered bokeh]]
[2019.03.27-15.59.33:076][  0]LogConfig: Setting CVar [[r.DOF.Recombine.Quality:1                ; cheap slight out of focus]]
[2019.03.27-15.59.33:076][  0]LogConfig: Setting CVar [[r.DOF.Recombine.EnableBokehSettings:0    ; no bokeh simulation on slight out of focus]]
[2019.03.27-15.59.33:076][  0]LogConfig: Setting CVar [[r.DOF.TemporalAAQuality:1                ; more stable temporal accumulation]]
[2019.03.27-15.59.33:076][  0]LogConfig: Setting CVar [[r.DOF.Kernel.MaxForegroundRadius:0.025]]
[2019.03.27-15.59.33:077][  0]LogConfig: Setting CVar [[r.DOF.Kernel.MaxBackgroundRadius:0.025]]
[2019.03.27-15.59.33:077][  0]LogConfig: Applying CVar settings from Section [TextureQuality@3] File [C:/Users/james/Desktop/Processes for OOS/COP4331 Project/ScaryMaze/Saved/Config/Windows/Scalability.ini]
[2019.03.27-15.59.33:077][  0]LogConfig: Setting CVar [[r.Streaming.MipBias:0]]
[2019.03.27-15.59.33:077][  0]LogConfig: Setting CVar [[r.Streaming.AmortizeCPUToGPUCopy:0]]
[2019.03.27-15.59.33:077][  0]LogConfig: Setting CVar [[r.Streaming.MaxNumTexturesToStreamPerFrame:0]]
[2019.03.27-15.59.33:077][  0]LogConfig: Setting CVar [[r.Streaming.Boost:1]]
[2019.03.27-15.59.33:077][  0]LogConfig: Setting CVar [[r.MaxAnisotropy:8]]
[2019.03.27-15.59.33:078][  0]LogConfig: Setting CVar [[r.Streaming.LimitPoolSizeToVRAM:0]]
[2019.03.27-15.59.33:078][  0]LogConfig: Setting CVar [[r.Streaming.PoolSize:1000]]
[2019.03.27-15.59.33:078][  0]LogConfig: Setting CVar [[r.Streaming.MaxEffectiveScreenSize:0]]
[2019.03.27-15.59.33:078][  0]LogConfig: Applying CVar settings from Section [EffectsQuality@3] File [C:/Users/james/Desktop/Processes for OOS/COP4331 Project/ScaryMaze/Saved/Config/Windows/Scalability.ini]
[2019.03.27-15.59.33:078][  0]LogConfig: Setting CVar [[r.TranslucencyLightingVolumeDim:64]]
[2019.03.27-15.59.33:078][  0]LogConfig: Setting CVar [[r.RefractionQuality:2]]
[2019.03.27-15.59.33:078][  0]LogConfig: Setting CVar [[r.SSR.Quality:3]]
[2019.03.27-15.59.33:078][  0]LogConfig: Setting CVar [[r.SceneColorFormat:4]]
[2019.03.27-15.59.33:079][  0]LogConfig: Setting CVar [[r.DetailMode:2]]
[2019.03.27-15.59.33:079][  0]LogConfig: Setting CVar [[r.TranslucencyVolumeBlur:1]]
[2019.03.27-15.59.33:079][  0]LogConfig: Setting CVar [[r.MaterialQualityLevel:1 ; High quality]]
[2019.03.27-15.59.33:079][  0]LogConfig: Setting CVar [[r.SSS.Scale:1]]
[2019.03.27-15.59.33:079][  0]LogConfig: Setting CVar [[r.SSS.SampleSet:2]]
[2019.03.27-15.59.33:079][  0]LogConfig: Setting CVar [[r.SSS.Quality:1]]
[2019.03.27-15.59.33:079][  0]LogConfig: Setting CVar [[r.SSS.HalfRes:1]]
[2019.03.27-15.59.33:079][  0]LogConfig: Setting CVar [[r.EmitterSpawnRateScale:1.0]]
[2019.03.27-15.59.33:079][  0]LogConfig: Setting CVar [[r.ParticleLightQuality:2]]
[2019.03.27-15.59.33:079][  0]LogConfig: Applying CVar settings from Section [FoliageQuality@3] File [C:/Users/james/Desktop/Processes for OOS/COP4331 Project/ScaryMaze/Saved/Config/Windows/Scalability.ini]
[2019.03.27-15.59.33:079][  0]LogConfig: Setting CVar [[foliage.DensityScale:1.0]]
[2019.03.27-15.59.33:079][  0]LogConfig: Setting CVar [[grass.DensityScale:1.0]]
[2019.03.27-15.59.33:079][  0]LogInit: Selected Device Profile: [Windows]
[2019.03.27-15.59.33:084][  0]LogInit: Applying CVar settings loaded from the selected device profile: [Windows]
[2019.03.27-15.59.33:111][  0]LogHAL: Display: Platform has ~ 8 GB [8499228672 / 8589934592 / 8], which maps to Default [LargestMinGB=32, LargerMinGB=12, DefaultMinGB=8, SmallerMinGB=6, SmallestMinGB=0)
[2019.03.27-15.59.33:111][  0]LogConfig: Setting CVar [[r.Vulkan.UseRealUBs:1]]
[2019.03.27-15.59.33:111][  0]LogInit: Going up to parent DeviceProfile []
[2019.03.27-15.59.33:111][  0]LogConfig: Applying CVar settings from Section [ViewDistanceQuality@3] File [C:/Users/james/Desktop/Processes for OOS/COP4331 Project/ScaryMaze/Saved/Config/Windows/Scalability.ini]
[2019.03.27-15.59.33:111][  0]LogConfig: Setting CVar [[r.SkeletalMeshLODBias:0]]
[2019.03.27-15.59.33:111][  0]LogConfig: Setting CVar [[r.ViewDistanceScale:1.0]]
[2019.03.27-15.59.33:111][  0]LogConfig: Applying CVar settings from Section [AntiAliasingQuality@3] File [C:/Users/james/Desktop/Processes for OOS/COP4331 Project/ScaryMaze/Saved/Config/Windows/Scalability.ini]
[2019.03.27-15.59.33:111][  0]LogConfig: Setting CVar [[r.PostProcessAAQuality:4]]
[2019.03.27-15.59.33:111][  0]LogConfig: Applying CVar settings from Section [ShadowQuality@3] File [C:/Users/james/Desktop/Processes for OOS/COP4331 Project/ScaryMaze/Saved/Config/Windows/Scalability.ini]
[2019.03.27-15.59.33:111][  0]LogConfig: Setting CVar [[r.LightFunctionQuality:1]]
[2019.03.27-15.59.33:111][  0]LogConfig: Setting CVar [[r.ShadowQuality:5]]
[2019.03.27-15.59.33:111][  0]LogConfig: Setting CVar [[r.Shadow.CSM.MaxCascades:10]]
[2019.03.27-15.59.33:112][  0]LogConfig: Setting CVar [[r.Shadow.MaxResolution:2048]]
[2019.03.27-15.59.33:112][  0]LogConfig: Setting CVar [[r.Shadow.MaxCSMResolution:2048]]
[2019.03.27-15.59.33:112][  0]LogConfig: Setting CVar [[r.Shadow.RadiusThreshold:0.01]]
[2019.03.27-15.59.33:112][  0]LogConfig: Setting CVar [[r.Shadow.DistanceScale:1.0]]
[2019.03.27-15.59.33:112][  0]LogConfig: Setting CVar [[r.Shadow.CSM.TransitionScale:1.0]]
[2019.03.27-15.59.33:112][  0]LogConfig: Setting CVar [[r.Shadow.PreShadowResolutionFactor:1.0]]
[2019.03.27-15.59.33:112][  0]LogConfig: Setting CVar [[r.DistanceFieldShadowing:1]]
[2019.03.27-15.59.33:112][  0]LogConfig: Setting CVar [[r.DistanceFieldAO:1]]
[2019.03.27-15.59.33:112][  0]LogConfig: Setting CVar [[r.AOQuality:2]]
[2019.03.27-15.59.33:112][  0]LogConfig: Setting CVar [[r.VolumetricFog:1]]
[2019.03.27-15.59.33:112][  0]LogConfig: Setting CVar [[r.VolumetricFog.GridPixelSize:8]]
[2019.03.27-15.59.33:112][  0]LogConfig: Setting CVar [[r.VolumetricFog.GridSizeZ:128]]
[2019.03.27-15.59.33:112][  0]LogConfig: Setting CVar [[r.VolumetricFog.HistoryMissSupersampleCount:4]]
[2019.03.27-15.59.33:112][  0]LogConfig: Setting CVar [[r.LightMaxDrawDistanceScale:1]]
[2019.03.27-15.59.33:112][  0]LogConfig: Setting CVar [[r.CapsuleShadows:1]]
[2019.03.27-15.59.33:112][  0]LogConfig: Applying CVar settings from Section [PostProcessQuality@3] File [C:/Users/james/Desktop/Processes for OOS/COP4331 Project/ScaryMaze/Saved/Config/Windows/Scalability.ini]
[2019.03.27-15.59.33:112][  0]LogConfig: Setting CVar [[r.MotionBlurQuality:4]]
[2019.03.27-15.59.33:112][  0]LogConfig: Setting CVar [[r.AmbientOcclusionMipLevelFactor:0.4]]
[2019.03.27-15.59.33:113][  0]LogConfig: Setting CVar [[r.AmbientOcclusionMaxQuality:100]]
[2019.03.27-15.59.33:113][  0]LogConfig: Setting CVar [[r.AmbientOcclusionLevels:-1]]
[2019.03.27-15.59.33:113][  0]LogConfig: Setting CVar [[r.AmbientOcclusionRadiusScale:1.0]]
[2019.03.27-15.59.33:113][  0]LogConfig: Setting CVar [[r.DepthOfFieldQuality:2]]
[2019.03.27-15.59.33:113][  0]LogConfig: Setting CVar [[r.RenderTargetPoolMin:400]]
[2019.03.27-15.59.33:113][  0]LogConfig: Setting CVar [[r.LensFlareQuality:2]]
[2019.03.27-15.59.33:113][  0]LogConfig: Setting CVar [[r.SceneColorFringeQuality:1]]
[2019.03.27-15.59.33:113][  0]LogConfig: Setting CVar [[r.EyeAdaptationQuality:2]]
[2019.03.27-15.59.33:113][  0]LogConfig: Setting CVar [[r.BloomQuality:5]]
[2019.03.27-15.59.33:113][  0]LogConfig: Setting CVar [[r.FastBlurThreshold:100]]
[2019.03.27-15.59.33:113][  0]LogConfig: Setting CVar [[r.Upscale.Quality:3]]
[2019.03.27-15.59.33:113][  0]LogConfig: Setting CVar [[r.Tonemapper.GrainQuantization:1]]
[2019.03.27-15.59.33:113][  0]LogConfig: Setting CVar [[r.LightShaftQuality:1]]
[2019.03.27-15.59.33:113][  0]LogConfig: Setting CVar [[r.Filter.SizeScale:1]]
[2019.03.27-15.59.33:113][  0]LogConfig: Setting CVar [[r.Tonemapper.Quality:5]]
[2019.03.27-15.59.33:113][  0]LogConfig: Setting CVar [[r.DOF.Gather.AccumulatorQuality:1        ; higher gathering accumulator quality]]
[2019.03.27-15.59.33:113][  0]LogConfig: Setting CVar [[r.DOF.Gather.PostfilterMethod:1          ; Median3x3 postfilering method]]
[2019.03.27-15.59.33:113][  0]LogConfig: Setting CVar [[r.DOF.Gather.EnableBokehSettings:0       ; no bokeh simulation when gathering]]
[2019.03.27-15.59.33:114][  0]LogConfig: Setting CVar [[r.DOF.Gather.RingCount:4                 ; medium number of samples when gathering]]
[2019.03.27-15.59.33:114][  0]LogConfig: Setting CVar [[r.DOF.Scatter.ForegroundCompositing:1    ; additive foreground scattering]]
[2019.03.27-15.59.33:114][  0]LogConfig: Setting CVar [[r.DOF.Scatter.BackgroundCompositing:2    ; additive background scattering]]
[2019.03.27-15.59.33:114][  0]LogConfig: Setting CVar [[r.DOF.Scatter.EnableBokehSettings:1      ; bokeh simulation when scattering]]
[2019.03.27-15.59.33:114][  0]LogConfig: Setting CVar [[r.DOF.Scatter.MaxSpriteRatio:0.1         ; only a maximum of 10% of scattered bokeh]]
[2019.03.27-15.59.33:114][  0]LogConfig: Setting CVar [[r.DOF.Recombine.Quality:1                ; cheap slight out of focus]]
[2019.03.27-15.59.33:114][  0]LogConfig: Setting CVar [[r.DOF.Recombine.EnableBokehSettings:0    ; no bokeh simulation on slight out of focus]]
[2019.03.27-15.59.33:114][  0]LogConfig: Setting CVar [[r.DOF.TemporalAAQuality:1                ; more stable temporal accumulation]]
[2019.03.27-15.59.33:114][  0]LogConfig: Setting CVar [[r.DOF.Kernel.MaxForegroundRadius:0.025]]
[2019.03.27-15.59.33:114][  0]LogConfig: Setting CVar [[r.DOF.Kernel.MaxBackgroundRadius:0.025]]
[2019.03.27-15.59.33:114][  0]LogConfig: Applying CVar settings from Section [TextureQuality@3] File [C:/Users/james/Desktop/Processes for OOS/COP4331 Project/ScaryMaze/Saved/Config/Windows/Scalability.ini]
[2019.03.27-15.59.33:114][  0]LogConfig: Setting CVar [[r.Streaming.MipBias:0]]
[2019.03.27-15.59.33:114][  0]LogConfig: Setting CVar [[r.Streaming.AmortizeCPUToGPUCopy:0]]
[2019.03.27-15.59.33:114][  0]LogConfig: Setting CVar [[r.Streaming.MaxNumTexturesToStreamPerFrame:0]]
[2019.03.27-15.59.33:114][  0]LogConfig: Setting CVar [[r.Streaming.Boost:1]]
[2019.03.27-15.59.33:114][  0]LogConfig: Setting CVar [[r.MaxAnisotropy:8]]
[2019.03.27-15.59.33:114][  0]LogConfig: Setting CVar [[r.Streaming.LimitPoolSizeToVRAM:0]]
[2019.03.27-15.59.33:115][  0]LogConfig: Setting CVar [[r.Streaming.PoolSize:1000]]
[2019.03.27-15.59.33:115][  0]LogConfig: Setting CVar [[r.Streaming.MaxEffectiveScreenSize:0]]
[2019.03.27-15.59.33:115][  0]LogConfig: Applying CVar settings from Section [EffectsQuality@3] File [C:/Users/james/Desktop/Processes for OOS/COP4331 Project/ScaryMaze/Saved/Config/Windows/Scalability.ini]
[2019.03.27-15.59.33:115][  0]LogConfig: Setting CVar [[r.TranslucencyLightingVolumeDim:64]]
[2019.03.27-15.59.33:115][  0]LogConfig: Setting CVar [[r.RefractionQuality:2]]
[2019.03.27-15.59.33:115][  0]LogConfig: Setting CVar [[r.SSR.Quality:3]]
[2019.03.27-15.59.33:115][  0]LogConfig: Setting CVar [[r.SceneColorFormat:4]]
[2019.03.27-15.59.33:115][  0]LogConfig: Setting CVar [[r.DetailMode:2]]
[2019.03.27-15.59.33:115][  0]LogConfig: Setting CVar [[r.TranslucencyVolumeBlur:1]]
[2019.03.27-15.59.33:115][  0]LogConfig: Setting CVar [[r.MaterialQualityLevel:1 ; High quality]]
[2019.03.27-15.59.33:115][  0]LogConfig: Setting CVar [[r.SSS.Scale:1]]
[2019.03.27-15.59.33:115][  0]LogConfig: Setting CVar [[r.SSS.SampleSet:2]]
[2019.03.27-15.59.33:115][  0]LogConfig: Setting CVar [[r.SSS.Quality:1]]
[2019.03.27-15.59.33:115][  0]LogConfig: Setting CVar [[r.SSS.HalfRes:1]]
[2019.03.27-15.59.33:115][  0]LogConfig: Setting CVar [[r.EmitterSpawnRateScale:1.0]]
[2019.03.27-15.59.33:115][  0]LogConfig: Setting CVar [[r.ParticleLightQuality:2]]
[2019.03.27-15.59.33:115][  0]LogConfig: Applying CVar settings from Section [FoliageQuality@3] File [C:/Users/james/Desktop/Processes for OOS/COP4331 Project/ScaryMaze/Saved/Config/Windows/Scalability.ini]
[2019.03.27-15.59.33:115][  0]LogConfig: Setting CVar [[foliage.DensityScale:1.0]]
[2019.03.27-15.59.33:116][  0]LogConfig: Setting CVar [[grass.DensityScale:1.0]]
[2019.03.27-15.59.33:116][  0]LogConfig: Applying CVar settings from Section [Startup] File [../../../Engine/Config/ConsoleVariables.ini]
[2019.03.27-15.59.33:116][  0]LogConfig: Setting CVar [[net.UseAdaptiveNetUpdateFrequency:0]]
[2019.03.27-15.59.33:116][  0]LogConfig: Applying CVar settings from Section [ConsoleVariables] File [C:/Users/james/Desktop/Processes for OOS/COP4331 Project/ScaryMaze/Saved/Config/Windows/Engine.ini]
[2019.03.27-15.59.33:117][  0]LogInit: Computer: LAPTOP-Q1QSGUBH
[2019.03.27-15.59.33:117][  0]LogInit: User: james
[2019.03.27-15.59.33:117][  0]LogInit: CPU Page size=4096, Cores=2
[2019.03.27-15.59.33:117][  0]LogInit: High frequency timer resolution =2.648438 MHz
[2019.03.27-15.59.33:117][  0]LogMemory: Memory total: Physical=7.9GB (8GB approx)
[2019.03.27-15.59.33:117][  0]LogMemory: Platform Memory Stats for Windows
[2019.03.27-15.59.33:118][  0]LogMemory: Process Physical Memory: 102.52 MB used, 102.52 MB peak
[2019.03.27-15.59.33:118][  0]LogMemory: Process Virtual Memory: 84.59 MB used, 84.59 MB peak
[2019.03.27-15.59.33:118][  0]LogMemory: Physical Memory: 5452.20 MB used,  2653.30 MB free, 8105.50 MB total
[2019.03.27-15.59.33:118][  0]LogMemory: Virtual Memory: 4628.92 MB used,  134213096.00 MB free, 134217728.00 MB total
[2019.03.27-15.59.34:199][  0]LogInit: Using OS detected language (en-US).
[2019.03.27-15.59.34:199][  0]LogInit: Using OS detected locale (en-US).
[2019.03.27-15.59.34:231][  0]LogTextLocalizationManager: No specific localization for 'en-US' exists, so the 'en' localization will be used.
[2019.03.27-15.59.35:531][  0]LogStreaming: Display: Took  1.332s to InitEngineTextLocalization.
[2019.03.27-15.59.35:531][  0]LogInit: Setting process to per monitor DPI aware
[2019.03.27-15.59.36:085][  0]LogSlate: New Slate User Created.  User Index 0, Is Virtual User: 0
[2019.03.27-15.59.36:085][  0]LogSlate: Slate User Registered.  User Index 0, Is Virtual User: 0
[2019.03.27-15.59.43:513][  0]LogHMD: Failed to initialize OpenVR with code 110
[2019.03.27-15.59.43:513][  0]LogD3D11RHI: D3D11 adapters:
[2019.03.27-15.59.44:703][  0]LogD3D11RHI:    0. 'NVIDIA GeForce 920MX' (Feature Level 11_0)
[2019.03.27-15.59.44:703][  0]LogD3D11RHI:       2010/0/4052 MB DedicatedVideo/DedicatedSystem/SharedSystem, Outputs:1, VendorId:0x10de
[2019.03.27-15.59.44:810][  0]LogD3D11RHI:    1. 'Intel(R) HD Graphics 620' (Feature Level 11_0)
[2019.03.27-15.59.44:810][  0]LogD3D11RHI:       128/0/4052 MB DedicatedVideo/DedicatedSystem/SharedSystem, Outputs:0, VendorId:0x8086
[2019.03.27-15.59.44:921][  0]LogD3D11RHI:    2. 'Microsoft Basic Render Driver' (Feature Level 11_0)
[2019.03.27-15.59.44:921][  0]LogD3D11RHI:       0/0/4052 MB DedicatedVideo/DedicatedSystem/SharedSystem, Outputs:0, VendorId:0x1414
[2019.03.27-15.59.44:921][  0]LogD3D11RHI: Chosen D3D11 Adapter: 0
[2019.03.27-15.59.44:968][  0]LogD3D11RHI: Creating new Direct3DDevice
[2019.03.27-15.59.44:969][  0]LogD3D11RHI:     GPU DeviceId: 0x134f (for the marketing name, search the web for "GPU Device Id")
[2019.03.27-15.59.44:969][  0]LogWindows: EnumDisplayDevices:
[2019.03.27-15.59.44:969][  0]LogWindows:    0. 'Intel(R) HD Graphics 620' (P:1 D:1)
[2019.03.27-15.59.44:969][  0]LogWindows:    1. 'Intel(R) HD Graphics 620' (P:0 D:0)
[2019.03.27-15.59.44:970][  0]LogWindows:    2. 'Intel(R) HD Graphics 620' (P:0 D:0)
[2019.03.27-15.59.44:970][  0]LogWindows: DebugString: PrimaryIsNotTheChoosenAdapter PrimaryIsNotTheChoosenAdapter PrimaryIsNotTheChoosenAdapter FoundDriverCount:0 
[2019.03.27-15.59.44:970][  0]LogD3D11RHI:     Adapter Name: NVIDIA GeForce 920MX
[2019.03.27-15.59.44:970][  0]LogD3D11RHI:   Driver Version: Unknown (internal:Unknown, unified:Unknown)
[2019.03.27-15.59.44:970][  0]LogD3D11RHI:      Driver Date: Unknown
[2019.03.27-15.59.44:971][  0]LogRHI: Texture pool is 1407 MB (70% of 2010 MB)
[2019.03.27-15.59.45:040][  0]LogD3D11RHI: Async texture creation enabled
[2019.03.27-15.59.45:129][  0]LogD3D11RHI: GPU Timing Frequency: 1000.000000 (Debug: 2 2)
[2019.03.27-15.59.45:785][  0]LogTemp: Display: Loaded TP AllDesktopTargetPlatform
[2019.03.27-15.59.45:848][  0]LogTemp: Display: Loaded TP MacClientTargetPlatform
[2019.03.27-15.59.45:893][  0]LogTemp: Display: Loaded TP MacNoEditorTargetPlatform
[2019.03.27-15.59.45:920][  0]LogTemp: Display: Loaded TP MacServerTargetPlatform
[2019.03.27-15.59.45:984][  0]LogTemp: Display: Loaded TP MacTargetPlatform
[2019.03.27-15.59.46:022][  0]LogTemp: Display: Loaded TP WindowsClientTargetPlatform
[2019.03.27-15.59.46:051][  0]LogTemp: Display: Loaded TP WindowsNoEditorTargetPlatform
[2019.03.27-15.59.46:087][  0]LogTemp: Display: Loaded TP WindowsServerTargetPlatform
[2019.03.27-15.59.46:113][  0]LogTemp: Display: Loaded TP WindowsTargetPlatform
[2019.03.27-15.59.46:242][  0]LogTemp: Display: Loaded TP AndroidTargetPlatform
[2019.03.27-15.59.46:242][  0]LogTemp: Display: Loaded TP AndroidTargetPlatform
[2019.03.27-15.59.46:243][  0]LogTemp: Display: Loaded TP AndroidTargetPlatform
[2019.03.27-15.59.46:243][  0]LogTemp: Display: Loaded TP AndroidTargetPlatform
[2019.03.27-15.59.46:243][  0]LogTemp: Display: Loaded TP AndroidTargetPlatform
[2019.03.27-15.59.46:243][  0]LogTemp: Display: Loaded TP AndroidTargetPlatform
[2019.03.27-15.59.46:243][  0]LogTemp: Display: Loaded TP AndroidTargetPlatform
[2019.03.27-15.59.46:243][  0]LogTemp: Display: Loaded TP AndroidTargetPlatform
[2019.03.27-15.59.46:243][  0]LogTemp: Display: Loaded TP AndroidTargetPlatform
[2019.03.27-15.59.46:243][  0]LogTemp: Display: Loaded TP AndroidTargetPlatform
[2019.03.27-15.59.46:243][  0]LogTemp: Display: Loaded TP AndroidTargetPlatform
[2019.03.27-15.59.46:243][  0]LogTemp: Display: Loaded TP AndroidTargetPlatform
[2019.03.27-15.59.46:243][  0]LogTemp: Display: Loaded TP AndroidTargetPlatform
[2019.03.27-15.59.46:243][  0]LogTemp: Display: Loaded TP AndroidTargetPlatform
[2019.03.27-15.59.46:243][  0]LogTemp: Display: Loaded TP AndroidTargetPlatform
[2019.03.27-15.59.46:243][  0]LogTemp: Display: Loaded TP AndroidTargetPlatform
[2019.03.27-15.59.46:244][  0]LogTemp: Display: Loaded TP AndroidTargetPlatform
[2019.03.27-15.59.46:244][  0]LogTemp: Display: Loaded TP AndroidTargetPlatform
[2019.03.27-15.59.46:259][  0]LogTemp: Display: Loaded TP HTML5TargetPlatform
[2019.03.27-15.59.46:402][  0]LogTemp: Display: Loaded TP IOSTargetPlatform
[2019.03.27-15.59.46:402][  0]LogTemp: Display: Loaded TP IOSTargetPlatform
[2019.03.27-15.59.46:446][  0]LogTemp: Display: Loaded TP TVOSTargetPlatform
[2019.03.27-15.59.46:446][  0]LogTemp: Display: Loaded TP TVOSTargetPlatform
[2019.03.27-15.59.46:502][  0]LogTemp: Display: Loaded TP LinuxClientTargetPlatform
[2019.03.27-15.59.46:530][  0]LogTemp: Display: Loaded TP LinuxNoEditorTargetPlatform
[2019.03.27-15.59.46:555][  0]LogTemp: Display: Loaded TP LinuxServerTargetPlatform
[2019.03.27-15.59.46:618][  0]LogTemp: Display: Loaded TP LinuxTargetPlatform
[2019.03.27-15.59.46:706][  0]LogTemp: Display: Loaded TP LuminTargetPlatform
[2019.03.27-15.59.46:706][  0]LogTemp: Display: Loaded TP LuminTargetPlatform
[2019.03.27-15.59.46:706][  0]LogTargetPlatformManager: Display: Building Assets For Windows
[2019.03.27-15.59.47:453][  0]LogShaderCompilers: Guid format shader working directory is -36 characters bigger than the processId version (../../../../../../Users/james/Desktop/Processes for OOS/COP4331 Project/ScaryMaze/Intermediate/Shaders/WorkingDirectory/16424/).
[2019.03.27-15.59.47:453][  0]LogShaderCompilers: Cleaned the shader compiler working directory 'C:/Users/james/AppData/Local/Temp/UnrealShaderWorkingDir/06ECD8C947605F6BF32FF794186E662D/'.
[2019.03.27-15.59.47:474][  0]LogXGEController: Cleaning working directory: C:/Users/james/AppData/Local/Temp/UnrealXGEWorkingDir/
[2019.03.27-15.59.47:474][  0]LogXGEController: Cannot use XGE Controller as Incredibuild is not installed on this machine.
[2019.03.27-15.59.47:475][  0]LogShaderCompilers: Cannot use XGE Shader Compiler as Incredibuild is not installed on this machine.
[2019.03.27-15.59.47:475][  0]LogShaderCompilers: Display: Using Local Shader Compiler.
[2019.03.27-15.59.52:411][  0]LogDerivedDataCache: Display: Max Cache Size: 512 MB
[2019.03.27-15.59.53:415][  0]LogDerivedDataCache: Loaded boot cache 0.99s 76MB C:/Users/james/AppData/Local/UnrealEngine/4.21/DerivedDataCache/Boot.ddc.
[2019.03.27-15.59.53:415][  0]LogDerivedDataCache: Display: Loaded Boot cache: C:/Users/james/AppData/Local/UnrealEngine/4.21/DerivedDataCache/Boot.ddc
[2019.03.27-15.59.53:428][  0]LogDerivedDataCache: FDerivedDataBackendGraph:  Pak pak cache file ../../../../../../Users/james/Desktop/Processes for OOS/COP4331 Project/ScaryMaze/DerivedDataCache/DDC.ddp not found, will not use a pak cache.
[2019.03.27-15.59.53:428][  0]LogDerivedDataCache: Unable to find inner node Pak for hierarchical cache Hierarchy.
[2019.03.27-15.59.53:428][  0]LogDerivedDataCache: FDerivedDataBackendGraph:  CompressedPak pak cache file ../../../../../../Users/james/Desktop/Processes for OOS/COP4331 Project/ScaryMaze/DerivedDataCache/Compressed.ddp not found, will not use a pak cache.
[2019.03.27-15.59.53:428][  0]LogDerivedDataCache: Unable to find inner node CompressedPak for hierarchical cache Hierarchy.
[2019.03.27-15.59.53:470][  0]LogDerivedDataCache: Display: Pak cache opened for reading ../../../Engine/DerivedDataCache/Compressed.ddp.
[2019.03.27-15.59.53:470][  0]LogDerivedDataCache: FDerivedDataBackendGraph:  EnterprisePak pak cache file ../../../Enterprise/DerivedDataCache/Compressed.ddp not found, will not use a pak cache.
[2019.03.27-15.59.53:470][  0]LogDerivedDataCache: Unable to find inner node EnterprisePak for hierarchical cache Hierarchy.
[2019.03.27-15.59.53:486][  0]LogDerivedDataCache: Using Local data cache path C:/Users/james/AppData/Local/UnrealEngine/Common/DerivedDataCache: Writable
[2019.03.27-15.59.53:486][  0]LogDerivedDataCache: Shared data cache path not found in *engine.ini, will not use an Shared cache.
[2019.03.27-15.59.53:487][  0]LogDerivedDataCache: Unable to find inner node Shared for hierarchical cache Hierarchy.
[2019.03.27-15.59.53:523][  0]LogMaterial: Verifying Global Shaders for PCD3D_SM5
[2019.03.27-15.59.53:537][  0]LogSlate: Using FreeType 2.6.0
[2019.03.27-15.59.53:632][  0]LogSlate: SlateFontServices - WITH_FREETYPE: 1, WITH_HARFBUZZ: 1
[2019.03.27-15.59.57:232][  0]LogAssetRegistry: FAssetRegistry took 0.0408 seconds to start up
[2019.03.27-15.59.59:835][  0]LogInit: Selected Device Profile: [Windows]
[2019.03.27-16.00.00:953][  0]LogSimplygon: Simplygon DLL not present - disabling.
[2019.03.27-16.00.01:102][  0]LogMeshReduction: Using SimplygonSwarm for distributed automatic mesh merging
[2019.03.27-16.00.01:129][  0]LogMeshReduction: Using ProxyLODMeshReduction for automatic mesh merging
[2019.03.27-16.00.01:137][  0]LogMeshReduction: Using QuadricMeshReduction for automatic static mesh reduction
[2019.03.27-16.00.01:137][  0]LogMeshReduction: No automatic skeletal mesh reduction module available
[2019.03.27-16.00.01:383][  0]LogNetVersion: ScaryMaze 1.0.0, NetCL: 4541578, EngineNetVer: 5, GameNetVer: 0 (Checksum: 3370334168)
[2019.03.27-16.00.04:743][  0]LogPackageLocalizationCache: Processed 11 localized package path(s) for 2 prioritized culture(s) in 0.258836 seconds
[2019.03.27-16.00.04:771][  0]LogUObjectArray: 39775 objects as part of root set at end of initial load.
[2019.03.27-16.00.04:771][  0]LogUObjectAllocator: 6914664 out of 0 bytes used by permanent object pool.
[2019.03.27-16.00.04:771][  0]LogUObjectArray: CloseDisregardForGC: 0/0 objects in disregard for GC pool
[2019.03.27-16.00.29:902][  0]LogTcpMessaging: Initializing TcpMessaging bridge
[2019.03.27-16.00.29:945][  0]LogUdpMessaging: Initializing bridge on interface 0.0.0.0:0 to multicast group 230.0.0.1:6666.
[2019.03.27-16.00.36:196][  0]SourceControl: Source control is disabled
[2019.03.27-16.00.36:196][  0]SourceControl: Source control is disabled
[2019.03.27-16.00.36:295][  0]SourceControl: Source control is disabled
[2019.03.27-16.00.36:315][  0]SourceControl: Source control is disabled
[2019.03.27-16.00.37:786][  0]LogAndroidPermission: UAndroidPermissionCallbackProxy::GetInstance
[2019.03.27-16.00.38:371][  0]LogOcInput: OculusInput pre-init called
[2019.03.27-16.00.39:194][  0]LogEngine: Initializing Engine...
[2019.03.27-16.00.39:207][  0]LogHMD: Failed to initialize OpenVR with code 110
[2019.03.27-16.00.39:227][  0]LogStats: UGameplayTagsManager::ConstructGameplayTagTree: ImportINI prefixes -  0.000 s
[2019.03.27-16.00.39:227][  0]LogStats: UGameplayTagsManager::ConstructGameplayTagTree: Construct from data asset -  0.000 s
[2019.03.27-16.00.39:229][  0]LogStats: UGameplayTagsManager::ConstructGameplayTagTree: ImportINI -  0.001 s
[2019.03.27-16.00.39:231][  0]LogStats: UGameplayTagsManager::ConstructGameplayTagTree: GameplayTagTreeChangedEvent.Broadcast -  0.000 s
[2019.03.27-16.00.40:269][  0]LogInit: Initializing FReadOnlyCVARCache
[2019.03.27-16.00.40:452][  0]LogAIModule: Creating AISystem for world Untitled
[2019.03.27-16.00.40:548][  0]LogInit: XAudio2 using 'Speakers (Realtek High Definition Audio)' : 2 channels at 48 kHz using 16 bits per sample (channel mask 0x3)
[2019.03.27-16.00.40:907][  0]LogInit: FAudioDevice initialized.
[2019.03.27-16.00.40:907][  0]LogNetVersion: Set ProjectVersion to 1.0.0.0. Version Checksum will be recalculated on next use.
[2019.03.27-16.00.41:140][  0]LogDerivedDataCache: Saved boot cache 0.23s 77MB C:/Users/james/AppData/Local/UnrealEngine/4.21/DerivedDataCache/Boot.ddc.
[2019.03.27-16.00.41:156][  0]LogInit: Texture streaming: Enabled
[2019.03.27-16.00.41:337][  0]LogEngineSessionManager: EngineSessionManager initialized
[2019.03.27-16.00.41:337][  0]LogEngineSessionManager: EngineSessionManager sent abnormal shutdown report. Type=Debugger, SessionId={F45D8CE4-4C32-D08C-1BA3-7BBC88439EE0}
[2019.03.27-16.00.41:434][  0]LogInit: Transaction tracking system initialized
[2019.03.27-16.00.42:221][  0]BlueprintLog: New page: Editor Load
[2019.03.27-16.00.43:966][  0]LocalizationService: Localization service is disabled
[2019.03.27-16.00.46:657][  0]LogFileCache: Scanning file cache for directory 'C:/Users/james/Desktop/Processes for OOS/COP4331 Project/ScaryMaze/Content/' took 0.03s
[2019.03.27-16.00.46:657][  0]LogCook: Display: Max memory allowance for cook 16384mb min free memory 0mb
[2019.03.27-16.00.46:657][  0]LogCook: Display: Mobile HDR setting 1
[2019.03.27-16.00.46:658][  0]LogGameplayTags: Display: UGameplayTagsManager::DoneAddingNativeTags. DelegateIsBound: 0
[2019.03.27-16.00.46:672][  0]LogStats: UGameplayTagsManager::ConstructGameplayTagTree: ImportINI prefixes -  0.000 s
[2019.03.27-16.00.46:672][  0]LogStats: UGameplayTagsManager::ConstructGameplayTagTree: Construct from data asset -  0.000 s
[2019.03.27-16.00.46:672][  0]LogStats: UGameplayTagsManager::ConstructGameplayTagTree: ImportINI -  0.000 s
[2019.03.27-16.00.46:673][  0]LogStats: UGameplayTagsManager::ConstructGameplayTagTree: GameplayTagTreeChangedEvent.Broadcast -  0.000 s
[2019.03.27-16.00.48:849][  0]SourceControl: Source control is disabled
[2019.03.27-16.00.48:857][  0]Cmd: MAP LOAD FILE="../../../../../../Users/james/Desktop/Processes for OOS/COP4331 Project/ScaryMaze/Content/LevelOne.umap" TEMPLATE=0 SHOWPROGRESS=1 FEATURELEVEL=3
[2019.03.27-16.00.48:858][  0]LightingResults: New page: Lighting Build
[2019.03.27-16.00.48:892][  0]MapCheck: New page: Map Check
[2019.03.27-16.00.48:893][  0]LightingResults: New page: Lighting Build
[2019.03.27-16.00.49:893][  0]LogAIModule: Creating AISystem for world LevelOne
[2019.03.27-16.00.49:993][  0]LogEditorServer: Finished looking for orphan Actors (0.000 secs)
[2019.03.27-16.00.50:060][  0]Cmd: MAP CHECKDEP NOCLEARLOG
[2019.03.27-16.00.50:075][  0]MapCheck: Map check complete: 0 Error(s), 0 Warning(s), took 15.412ms to complete.
[2019.03.27-16.00.50:075][  0]LogFileHelpers: Loading map 'LevelOne' took 1.218
[2019.03.27-16.00.50:657][  0]LogSlate: Updating window title bar state: overlay mode, drag disabled, window buttons hidden, title bar hidden
[2019.03.27-16.00.50:668][  0]LogSlate: Updating window title bar state: overlay mode, drag disabled, window buttons hidden, title bar hidden
[2019.03.27-16.00.50:676][  0]LogSlate: Updating window title bar state: overlay mode, drag disabled, window buttons hidden, title bar hidden
[2019.03.27-16.00.50:685][  0]LogSlate: Updating window title bar state: overlay mode, drag disabled, window buttons hidden, title bar hidden
[2019.03.27-16.00.50:823][  0]LogCollectionManager: Loaded 0 collections in 0.002615 seconds
[2019.03.27-16.00.51:045][  0]LogFileCache: Scanning file cache for directory 'C:/Users/james/Desktop/Processes for OOS/COP4331 Project/ScaryMaze/Saved/Collections/' took 0.01s
[2019.03.27-16.00.51:045][  0]LogFileCache: Scanning file cache for directory 'C:/Users/james/Desktop/Processes for OOS/COP4331 Project/ScaryMaze/Content/Developers/james/Collections/' took 0.01s
[2019.03.27-16.00.51:046][  0]LogFileCache: Scanning file cache for directory 'C:/Users/james/Desktop/Processes for OOS/COP4331 Project/ScaryMaze/Content/Collections/' took 0.02s
[2019.03.27-16.00.51:046][  0]LogCollectionManager: Rebuilt the GUID cache for 0 collections in 0.000001 seconds
[2019.03.27-16.00.51:070][  0]LogContentBrowser: Native class hierarchy populated in 0.0227 seconds. Added 2667 classes and 622 folders.
[2019.03.27-16.00.51:493][  0]LogContentBrowser: Native class hierarchy updated for 'WidgetCarousel' in 0.0007 seconds. Added 0 classes and 0 folders.
[2019.03.27-16.00.51:723][  0]LogPakFile: Registered encryption key '00000000000000000000000000000000': 0 pak files mounted, 0 remain pending
[2019.03.27-16.00.51:915][  0]LogPakFile: Registered encryption key '00000000000000000000000000000000': 0 pak files mounted, 0 remain pending
[2019.03.27-16.00.52:006][  0]LogPakFile: Registered encryption key '00000000000000000000000000000000': 0 pak files mounted, 0 remain pending
[2019.03.27-16.00.52:062][  0]LogPakFile: Registered encryption key '00000000000000000000000000000000': 0 pak files mounted, 0 remain pending
[2019.03.27-16.00.52:118][  0]LogPakFile: Registered encryption key '00000000000000000000000000000000': 0 pak files mounted, 0 remain pending
[2019.03.27-16.00.52:182][  0]LogPakFile: Registered encryption key '00000000000000000000000000000000': 0 pak files mounted, 0 remain pending
[2019.03.27-16.00.52:238][  0]LogPakFile: Registered encryption key '00000000000000000000000000000000': 0 pak files mounted, 0 remain pending
[2019.03.27-16.00.52:313][  0]LogPakFile: Registered encryption key '00000000000000000000000000000000': 0 pak files mounted, 0 remain pending
[2019.03.27-16.00.52:387][  0]LogPakFile: Registered encryption key '00000000000000000000000000000000': 0 pak files mounted, 0 remain pending
[2019.03.27-16.00.52:497][  0]LogPakFile: Registered encryption key '00000000000000000000000000000000': 0 pak files mounted, 0 remain pending
[2019.03.27-16.00.52:557][  0]LogPakFile: Registered encryption key '00000000000000000000000000000000': 0 pak files mounted, 0 remain pending
[2019.03.27-16.00.52:611][  0]LogPakFile: Registered encryption key '00000000000000000000000000000000': 0 pak files mounted, 0 remain pending
[2019.03.27-16.00.52:669][  0]LogPakFile: Registered encryption key '00000000000000000000000000000000': 0 pak files mounted, 0 remain pending
[2019.03.27-16.00.52:730][  0]LogPakFile: Registered encryption key '00000000000000000000000000000000': 0 pak files mounted, 0 remain pending
[2019.03.27-16.00.52:774][  0]LogPakFile: Registered encryption key '00000000000000000000000000000000': 0 pak files mounted, 0 remain pending
[2019.03.27-16.00.52:813][  0]LogPakFile: Registered encryption key '00000000000000000000000000000000': 0 pak files mounted, 0 remain pending
[2019.03.27-16.00.52:897][  0]LogPakFile: Registered encryption key '00000000000000000000000000000000': 0 pak files mounted, 0 remain pending
[2019.03.27-16.00.52:921][  0]LogPakFile: Registered encryption key '00000000000000000000000000000000': 0 pak files mounted, 0 remain pending
[2019.03.27-16.00.52:969][  0]LogPakFile: Registered encryption key '00000000000000000000000000000000': 0 pak files mounted, 0 remain pending
[2019.03.27-16.00.53:010][  0]LogPakFile: Registered encryption key '00000000000000000000000000000000': 0 pak files mounted, 0 remain pending
[2019.03.27-16.00.53:125][  0]LogPakFile: Registered encryption key '00000000000000000000000000000000': 0 pak files mounted, 0 remain pending
[2019.03.27-16.00.53:190][  0]LogPakFile: Registered encryption key '00000000000000000000000000000000': 0 pak files mounted, 0 remain pending
[2019.03.27-16.00.53:237][  0]LogPakFile: Registered encryption key '00000000000000000000000000000000': 0 pak files mounted, 0 remain pending
[2019.03.27-16.00.53:348][  0]LogPakFile: Registered encryption key '00000000000000000000000000000000': 0 pak files mounted, 0 remain pending
[2019.03.27-16.00.53:368][  0]LogPakFile: Registered encryption key '00000000000000000000000000000000': 0 pak files mounted, 0 remain pending
[2019.03.27-16.00.53:436][  0]LogPakFile: Registered encryption key '00000000000000000000000000000000': 0 pak files mounted, 0 remain pending
[2019.03.27-16.00.55:335][  0]LogContentBrowser: Native class hierarchy updated for 'AddContentDialog' in 0.0009 seconds. Added 0 classes and 0 folders.
[2019.03.27-16.00.55:394][  0]LogContentBrowser: Native class hierarchy updated for 'SceneOutliner' in 0.0006 seconds. Added 1 classes and 2 folders.
[2019.03.27-16.00.55:738][  0]LogSlate: Took 0.040194 seconds to synchronously load lazily loaded font '../../../Engine/Content/Slate/Fonts/Roboto-Regular.ttf' (155K)
[2019.03.27-16.00.55:773][  0]LogSlate: Took 0.031872 seconds to synchronously load lazily loaded font '../../../Engine/Content/Slate/Fonts/Roboto-Bold.ttf' (160K)
[2019.03.27-16.00.55:815][  0]LogSlate: Took 0.035380 seconds to synchronously load lazily loaded font '../../../Engine/Content/Editor/Slate/Fonts/FontAwesome.ttf' (139K)
[2019.03.27-16.00.56:167][  0]LogRenderer: Reallocating scene render targets to support 732x360 Format 10 NumSamples 1 (Frame:1).
[2019.03.27-16.00.56:331][  0]LogSlate: Took 0.035830 seconds to synchronously load lazily loaded font '../../../Engine/Content/Slate/Fonts/Roboto-Light.ttf' (167K)
[2019.03.27-16.00.56:692][  0]LogContentBrowser: Native class hierarchy updated for 'HierarchicalLODOutliner' in 0.0009 seconds. Added 0 classes and 0 folders.
[2019.03.27-16.00.56:692][  0]LogLoad: (Engine Initialization) Total time: 96.66 seconds
[2019.03.27-16.00.56:692][  0]LogLoad: (Engine Initialization) Total Blueprint compile time: 0.00 seconds
[2019.03.27-16.00.56:898][  0]LogContentStreaming: Texture pool size now 1000 MB
[2019.03.27-16.00.57:156][  2]LogAssetRegistry: Asset discovery search completed in 59.9500 seconds
[2019.03.27-16.00.57:169][  2]LogCollectionManager: Rebuilt the object cache for 0 collections in 0.000001 seconds (found 0 objects)
[2019.03.27-16.00.57:170][  2]LogCollectionManager: Fixed up redirectors for 0 collections in 0.010533 seconds (updated 0 objects)
[2019.03.27-16.01.12:738][900]LogSlate: FSceneViewport::OnFocusLost() reason 0
[2019.03.27-16.01.13:113][905]Candidate modules for hot reload:
[2019.03.27-16.01.13:114][905]  ScaryMaze
[2019.03.27-16.01.13:125][905]Launching UnrealBuildTool... [C:/Program Files/Epic Games/UE_4.21/Engine/Binaries/DotNET/UnrealBuildTool.exe  -ModuleWithSuffix=ScaryMaze,1857 Win64 Development -TargetType=Editor -Project="../../../../../../Users/james/Desktop/Processes for OOS/COP4331 Project/ScaryMaze/ScaryMaze.uproject" -canskiplink "C:/Users/james/Desktop/Processes for OOS/COP4331 Project/ScaryMaze/ScaryMaze.uproject" ]
[2019.03.27-16.01.13:130][905]Warning: Starting HotReload took  0.3s.
[2019.03.27-16.03.58:724][682]CompilerResultsLog: New page: Compilation - Mar 27, 2019, 8:03:58 AM
[2019.03.27-16.03.58:739][682]CompilerResultsLog: Performing full C++ include scan (hot reloading a new target)
[2019.03.27-16.03.58:739][682]CompilerResultsLog: Using 'git status' to determine working set for adaptive non-unity build (C:\Users\james\Desktop\Processes for OOS\COP4331 Project).
[2019.03.27-16.03.58:739][682]CompilerResultsLog: Creating makefile for hot reloading ScaryMazeEditor (source directory changed)
[2019.03.27-16.03.58:739][682]CompilerResultsLog: Compiling game modules for hot reload
[2019.03.27-16.03.58:740][682]CompilerResultsLog: Using Visual Studio 2017 14.16.27023 toolchain (C:\Program Files (x86)\Microsoft Visual Studio\2017\Community\VC\Tools\MSVC\14.16.27023) and Windows 10.0.17763.0 SDK (C:\Program Files (x86)\Windows Kits\10).
[2019.03.27-16.03.58:740][682]CompilerResultsLog: Parsing headers for ScaryMazeEditor
[2019.03.27-16.03.58:741][682]CompilerResultsLog:   Running UnrealHeaderTool "C:\Users\james\Desktop\Processes for OOS\COP4331 Project\ScaryMaze\ScaryMaze.uproject" "C:\Users\james\Desktop\Processes for OOS\COP4331 Project\ScaryMaze\Intermediate\Build\Win64\ScaryMazeEditor\Development\ScaryMazeEditor.uhtmanifest" -LogCmds="loginit warning, logexit warning, logdatabase error" -Unattended -WarningsAsErrors -installed
[2019.03.27-16.03.58:741][682]CompilerResultsLog: Error: C:/Users/james/Desktop/Processes for OOS/COP4331 Project/ScaryMaze/Source/ScaryMaze/Match.h(14)  : Error: 'Match' can't be compiled: Parent class 'LightItem' has errors
[2019.03.27-16.03.58:742][682]CompilerResultsLog: Error: UnrealHeaderTool failed for target 'ScaryMazeEditor' (platform: Win64, module info: C:\Users\james\Desktop\Processes for OOS\COP4331 Project\ScaryMaze\Intermediate\Build\Win64\ScaryMazeEditor\Development\ScaryMazeEditor.uhtmanifest, exit code: OtherCompilationError (5)).
[2019.03.27-16.03.58:752][682]LogMainFrame: MainFrame: Module compiling took 165.642 seconds
[2019.03.27-16.03.58:758][682]Warning: HotReload failed, recompile failed
[2019.03.27-16.04.21:524][ 15]LogSlate: Window 'Message Log' being destroyed
[2019.03.27-16.04.21:528][ 15]LogSlate: Window 'Message Log' being destroyed
[2019.03.27-16.08.50:186][232]Candidate modules for hot reload:
[2019.03.27-16.08.50:186][232]  ScaryMaze
[2019.03.27-16.08.50:187][232]Launching UnrealBuildTool... [C:/Program Files/Epic Games/UE_4.21/Engine/Binaries/DotNET/UnrealBuildTool.exe  -ModuleWithSuffix=ScaryMaze,4479 Win64 Development -TargetType=Editor -Project="../../../../../../Users/james/Desktop/Processes for OOS/COP4331 Project/ScaryMaze/ScaryMaze.uproject" -canskiplink "C:/Users/james/Desktop/Processes for OOS/COP4331 Project/ScaryMaze/ScaryMaze.uproject" ]
[2019.03.27-16.08.50:192][232]Warning: Starting HotReload took  0.0s.
[2019.03.27-16.15.54:750][164]CompilerResultsLog: New page: Compilation - Mar 27, 2019, 8:15:54 AM
[2019.03.27-16.15.54:750][164]CompilerResultsLog: Using 'git status' to determine working set for adaptive non-unity build (C:\Users\james\Desktop\Processes for OOS\COP4331 Project).
[2019.03.27-16.15.54:750][164]CompilerResultsLog: Creating makefile for hot reloading ScaryMazeEditor (source directory changed)
[2019.03.27-16.15.54:750][164]CompilerResultsLog: Compiling game modules for hot reload
[2019.03.27-16.15.54:751][164]CompilerResultsLog: Using Visual Studio 2017 14.16.27023 toolchain (C:\Program Files (x86)\Microsoft Visual Studio\2017\Community\VC\Tools\MSVC\14.16.27023) and Windows 10.0.17763.0 SDK (C:\Program Files (x86)\Windows Kits\10).
[2019.03.27-16.15.54:751][164]CompilerResultsLog: Parsing headers for ScaryMazeEditor
[2019.03.27-16.15.54:751][164]CompilerResultsLog:   Running UnrealHeaderTool "C:\Users\james\Desktop\Processes for OOS\COP4331 Project\ScaryMaze\ScaryMaze.uproject" "C:\Users\james\Desktop\Processes for OOS\COP4331 Project\ScaryMaze\Intermediate\Build\Win64\ScaryMazeEditor\Development\ScaryMazeEditor.uhtmanifest" -LogCmds="loginit warning, logexit warning, logdatabase error" -Unattended -WarningsAsErrors -installed
[2019.03.27-16.15.54:751][164]CompilerResultsLog: Reflection code generated for ScaryMazeEditor in 22.1462227 seconds
[2019.03.27-16.15.54:751][164]CompilerResultsLog: Building 9 actions with 4 processes...
[2019.03.27-16.15.54:751][164]CompilerResultsLog:   [1/9] ScaryMaze.init.gen.cpp
[2019.03.27-16.15.54:751][164]CompilerResultsLog:   [2/9] LightItem.gen.cpp
[2019.03.27-16.15.54:751][164]CompilerResultsLog:   [3/9] Match.gen.cpp
[2019.03.27-16.15.54:752][164]CompilerResultsLog:   [4/9] Match.cpp
[2019.03.27-16.15.54:752][164]CompilerResultsLog:   [5/9] ScaryMazeGameMode.gen.cpp
[2019.03.27-16.15.54:752][164]CompilerResultsLog:   [6/9] LightItem.cpp
[2019.03.27-16.15.54:752][164]CompilerResultsLog:   [7/9] ScaryMazeGameMode.cpp
[2019.03.27-16.15.54:752][164]CompilerResultsLog:   [8/9] UE4Editor-ScaryMaze-4479.lib
[2019.03.27-16.15.54:752][164]CompilerResultsLog:      Creating library C:\Users\james\Desktop\Processes for OOS\COP4331 Project\ScaryMaze\Intermediate\Build\Win64\UE4Editor\Development\ScaryMaze\UE4Editor-ScaryMaze-4479.lib and object C:\Users\james\Desktop\Processes for OOS\COP4331 Project\ScaryMaze\Intermediate\Build\Win64\UE4Editor\Development\ScaryMaze\UE4Editor-ScaryMaze-4479.exp
[2019.03.27-16.15.54:752][164]CompilerResultsLog:   [9/9] UE4Editor-ScaryMaze-4479.dll
[2019.03.27-16.15.54:752][164]CompilerResultsLog:      Creating library C:\Users\james\Desktop\Processes for OOS\COP4331 Project\ScaryMaze\Intermediate\Build\Win64\UE4Editor\Development\ScaryMaze\UE4Editor-ScaryMaze-4479.suppressed.lib and object C:\Users\james\Desktop\Processes for OOS\COP4331 Project\ScaryMaze\Intermediate\Build\Win64\UE4Editor\Development\ScaryMaze\UE4Editor-ScaryMaze-4479.suppressed.exp
[2019.03.27-16.15.54:752][164]CompilerResultsLog: Total build time: 423.68 seconds (Parallel executor: 314.14 seconds)
[2019.03.27-16.15.54:752][164]LogMainFrame: MainFrame: Module compiling took 424.569 seconds
[2019.03.27-16.15.55:132][164]LogClass: Could not find existing class LightItem in package /Script/ScaryMaze for HotReload, assuming new class
[2019.03.27-16.15.55:132][164]LogClass: Function DisplayLightCollectionMessage is new.
[2019.03.27-16.15.55:132][164]LogClass: Function OnPlayerEnterLightBox is new.
[2019.03.27-16.15.55:132][164]LogClass: Could not find existing class Match in package /Script/ScaryMaze for HotReload, assuming new class
[2019.03.27-16.15.55:175][164]LogHotReload: Re-instancing LightItem after hot-reload.
[2019.03.27-16.15.56:001][164]LogHotReload: Re-instancing Match after hot-reload.
[2019.03.27-16.15.56:349][164]LogContentBrowser: Native class hierarchy updated for 'ScaryMaze' in 0.0010 seconds. Added 16 classes and 2 folders.
[2019.03.27-16.15.56:353][164]Display: HotReload successful (30 functions remapped  0 scriptstructs remapped)
[2019.03.27-16.15.56:563][164]LogContentBrowser: Native class hierarchy populated in 0.0387 seconds. Added 2668 classes and 624 folders.
[2019.03.27-16.15.56:683][164]Display: HotReload took 426.5s.
[2019.03.27-16.16.26:475][887]LogTemp: Repeating last play command: Simulate
[2019.03.27-16.16.26:548][887]LogBlueprintUserMessages: Early PlayInEditor Detection: Level '/Game/LevelOne.LevelOne:PersistentLevel' has LevelScriptBlueprint '/Game/LevelOne.LevelOne:PersistentLevel.LevelOne' with GeneratedClass '/Game/LevelOne.LevelOne_C' with ClassGeneratedBy '/Game/LevelOne.LevelOne:PersistentLevel.LevelOne'
[2019.03.27-16.16.26:549][887]LogPlayLevel: PlayLevel: No blueprints needed recompiling
[2019.03.27-16.16.26:549][887]PIE: New page: SIE session: LevelOne (Mar 27, 2019, 8:16:26 AM)
[2019.03.27-16.16.26:580][887]LogPlayLevel: Creating play world package: /Game/UEDPIE_0_LevelOne
[2019.03.27-16.16.26:617][887]LogPlayLevel: PIE: StaticDuplicateObject took: (0.036519s)
[2019.03.27-16.16.26:618][887]LogAIModule: Creating AISystem for world LevelOne
[2019.03.27-16.16.26:618][887]LogPlayLevel: PIE: World Init took: (0.001266s)
[2019.03.27-16.16.26:618][887]LogPlayLevel: PIE: Created PIE world by copying editor world from /Game/LevelOne.LevelOne to /Game/UEDPIE_0_LevelOne.LevelOne (0.038593s)
[2019.03.27-16.16.26:649][887]LogInit: XAudio2 using 'Speakers (Realtek High Definition Audio)' : 2 channels at 48 kHz using 16 bits per sample (channel mask 0x3)
[2019.03.27-16.16.26:673][887]LogInit: FAudioDevice initialized.
[2019.03.27-16.16.26:763][887]LogLoad: Game class is 'ScaryMazeGameMode'
[2019.03.27-16.16.26:770][887]LogWorld: Bringing World /Game/UEDPIE_0_LevelOne.LevelOne up for play (max tick rate 60) at 2019.03.27-12.16.26
[2019.03.27-16.16.26:771][887]LogWorld: Bringing up level for play took: 0.000804
[2019.03.27-16.16.26:846][887]LogContentBrowser: Native class hierarchy updated for 'MovieSceneCapture' in 0.0011 seconds. Added 20 classes and 0 folders.
[2019.03.27-16.16.27:166][887]PIE: Play in editor start time for /Game/UEDPIE_0_LevelOne -0.189
[2019.03.27-16.16.27:187][887]LogBlueprintUserMessages: Late PlayInEditor Detection: Level '/Game/LevelOne.LevelOne:PersistentLevel' has LevelScriptBlueprint '/Game/LevelOne.LevelOne:PersistentLevel.LevelOne' with GeneratedClass '/Game/LevelOne.LevelOne_C' with ClassGeneratedBy '/Game/LevelOne.LevelOne:PersistentLevel.LevelOne'
[2019.03.27-16.16.28:393][925]LogSlate: Updating window title bar state: overlay mode, drag disabled, window buttons hidden, title bar hidden
[2019.03.27-16.16.53:245][251]LogBlueprintUserMessages: Early EndPlayMap Detection: Level '/Game/LevelOne.LevelOne:PersistentLevel' has LevelScriptBlueprint '/Game/LevelOne.LevelOne:PersistentLevel.LevelOne' with GeneratedClass '/Game/LevelOne.LevelOne_C' with ClassGeneratedBy '/Game/LevelOne.LevelOne:PersistentLevel.LevelOne'
[2019.03.27-16.16.53:259][251]LogSlate: Updating window title bar state: overlay mode, drag disabled, window buttons hidden, title bar hidden
[2019.03.27-16.16.53:414][251]LogPlayLevel: Display: Shutting down PIE online subsystems
[2019.03.27-16.16.53:427][251]LogBlueprintUserMessages: Late EndPlayMap Detection: Level '/Game/LevelOne.LevelOne:PersistentLevel' has LevelScriptBlueprint '/Game/LevelOne.LevelOne:PersistentLevel.LevelOne' with GeneratedClass '/Game/LevelOne.LevelOne_C' with ClassGeneratedBy '/Game/LevelOne.LevelOne:PersistentLevel.LevelOne'
[2019.03.27-16.16.53:452][251]LogSlate: Updating window title bar state: overlay mode, drag disabled, window buttons hidden, title bar hidden
[2019.03.27-16.16.53:523][252]LogPlayLevel: Display: Destroying online subsystem :Context_2
[2019.03.27-16.17.12:662][468]LogSlate: Took 0.000273 seconds to synchronously load lazily loaded font '../../../Engine/Content/Slate/Fonts/Roboto-Light.ttf' (167K)
