Log file open, 03/20/19 21:35:43
LogWindows: Failed to load 'aqProf.dll' (GetLastError=126)
LogWindows: File 'aqProf.dll' does not exist
LogWindows: Failed to load 'VtuneApi.dll' (GetLastError=126)
LogWindows: File 'VtuneApi.dll' does not exist
LogWindows: Failed to load 'VtuneApi32e.dll' (GetLastError=126)
LogWindows: File 'VtuneApi32e.dll' does not exist
LogConsoleResponse: Display: Failed to find resolution value strings in scalability ini. Falling back to default.
LogInit: Display: Running engine for game: ScaryMaze
LogPakFile: Registered encryption key '00000000000000000000000000000000': 0 pak files mounted, 0 remain pending
LogPlatformFile: Not using cached read wrapper
LogTaskGraph: Started task graph with 5 named threads and 14 total threads with 3 sets of task threads.
LogStats: Stats thread started at 0.594847
LogD3D11RHI: Loaded GFSDK_Aftermath_Lib.x64.dll
LogICUInternationalization: ICU TimeZone Detection - Raw Offset: -5:00, Platform Override: ''
LogPluginManager: Mounting plugin Paper2D
LogPluginManager: Mounting plugin AISupport
LogPluginManager: Mounting plugin LightPropagationVolume
LogPluginManager: Mounting plugin ActorLayerUtilities
LogPluginManager: Mounting plugin CLionSourceCodeAccess
LogPluginManager: Mounting plugin CodeLiteSourceCodeAccess
LogPluginManager: Mounting plugin GitSourceControl
LogPluginManager: Mounting plugin KDevelopSourceCodeAccess
LogPluginManager: Mounting plugin NullSourceCodeAccess
LogPluginManager: Mounting plugin PerforceSourceControl
LogPluginManager: Mounting plugin SubversionSourceControl
LogPluginManager: Mounting plugin UObjectPlugin
LogPluginManager: Mounting plugin VisualStudioCodeSourceCodeAccess
LogPluginManager: Mounting plugin VisualStudioSourceCodeAccess
LogPluginManager: Mounting plugin XCodeSourceCodeAccess
LogPluginManager: Mounting plugin AssetManagerEditor
LogPluginManager: Mounting plugin CryptoKeys
LogPluginManager: Mounting plugin DataValidation
LogPluginManager: Mounting plugin FacialAnimation
LogPluginManager: Mounting plugin GameplayTagsEditor
LogPluginManager: Mounting plugin MacGraphicsSwitching
LogPluginManager: Mounting plugin MeshEditor
LogPluginManager: Mounting plugin MobileLauncherProfileWizard
LogPluginManager: Mounting plugin PluginBrowser
LogPluginManager: Mounting plugin SpeedTreeImporter
LogPluginManager: Mounting plugin DatasmithContent
LogPluginManager: Mounting plugin VariantManagerContent
LogPluginManager: Mounting plugin AlembicImporter
LogPluginManager: Mounting plugin AppleImageUtils
LogPluginManager: Mounting plugin AppleVision
LogPluginManager: Mounting plugin BackChannel
LogPluginManager: Mounting plugin CharacterAI
LogPluginManager: Mounting plugin GeometryCache
LogPluginManager: Mounting plugin HTML5Networking
LogPluginManager: Mounting plugin ProxyLODPlugin
LogPluginManager: Mounting plugin MagicLeap
LogPluginManager: Mounting plugin MagicLeapMedia
LogPluginManager: Mounting plugin AndroidMedia
LogPluginManager: Mounting plugin AvfMedia
LogPluginManager: Mounting plugin ImgMedia
LogPluginManager: Mounting plugin LinearTimecode
LogPluginManager: Mounting plugin MediaCompositing
LogPluginManager: Mounting plugin MediaPlayerEditor
LogPluginManager: Mounting plugin WebMMedia
LogPluginManager: Mounting plugin WmfMedia
LogPluginManager: Mounting plugin TcpMessaging
LogPluginManager: Mounting plugin UdpMessaging
LogPluginManager: Mounting plugin ActorSequence
LogPluginManager: Mounting plugin LevelSequenceEditor
LogPluginManager: Mounting plugin MatineeToLevelSequence
LogPluginManager: Mounting plugin NetcodeUnitTest
LogPluginManager: Mounting plugin NUTUnrealEngine4
LogPluginManager: Mounting plugin OnlineSubsystemGooglePlay
LogPluginManager: Mounting plugin OnlineSubsystemIOS
LogPluginManager: Mounting plugin OnlineSubsystem
LogPluginManager: Mounting plugin OnlineSubsystemNull
LogPluginManager: Mounting plugin OnlineSubsystemUtils
LogPluginManager: Mounting plugin LauncherChunkInstaller
LogPluginManager: Mounting plugin AndroidDeviceProfileSelector
LogPluginManager: Mounting plugin AndroidMoviePlayer
LogPluginManager: Mounting plugin AndroidPermission
LogPluginManager: Mounting plugin AppleMoviePlayer
LogPluginManager: Mounting plugin ArchVisCharacter
LogPluginManager: Mounting plugin AudioCapture
LogPluginManager: Mounting plugin CableComponent
LogPluginManager: Mounting plugin CustomMeshComponent
LogPluginManager: Mounting plugin EditableMesh
LogPluginManager: Mounting plugin ExampleDeviceProfileSelector
LogPluginManager: Mounting plugin Firebase
LogPluginManager: Mounting plugin GoogleCloudMessaging
LogPluginManager: Mounting plugin IOSDeviceProfileSelector
LogPluginManager: Mounting plugin LinuxDeviceProfileSelector
LogPluginManager: Mounting plugin LocationServicesBPLibrary
LogPluginManager: Mounting plugin MobilePatchingUtils
LogPluginManager: Mounting plugin OculusVR
LogPluginManager: Mounting plugin PhysXVehicles
LogPluginManager: Mounting plugin ProceduralMeshComponent
LogPluginManager: Mounting plugin RuntimePhysXCooking
LogPluginManager: Mounting plugin SteamVR
LogPluginManager: Mounting plugin WebMMoviePlayer
LogPluginManager: Mounting plugin WindowsMoviePlayer
LogStreaming: Display: Took  0.338s to configure plugins.
LogInit: Using libcurl 7.55.1-DEV
LogInit:  - built for x86_64-pc-win32
LogInit:  - supports SSL with OpenSSL/1.0.2h
LogInit:  - supports HTTP deflate (compression) using libz 1.2.8
LogInit:  - other features:
LogInit:      CURL_VERSION_SSL
LogInit:      CURL_VERSION_LIBZ
LogInit:      CURL_VERSION_IPV6
LogInit:      CURL_VERSION_ASYNCHDNS
LogInit:      CURL_VERSION_LARGEFILE
LogInit:      CURL_VERSION_IDN
LogInit:  CurlRequestOptions (configurable via config and command line):
LogInit:  - bVerifyPeer = true  - Libcurl will verify peer certificate
LogInit:  - bUseHttpProxy = false  - Libcurl will NOT use HTTP proxy
LogInit:  - bDontReuseConnections = false  - Libcurl will reuse connections
LogInit:  - MaxHostConnections = 16  - Libcurl will limit the number of connections to a host
LogInit:  - LocalHostAddr = Default
LogInit:  - BufferSize = 65536
LogInit: WinSock: version 1.1 (2.2), MaxSocks=32767, MaxUdp=65467
LogInit: Build: ++UE4+Release-4.21-CL-4753647
LogInit: Engine Version: 4.21.2-4753647+++UE4+Release-4.21
LogInit: Compatible Engine Version: 4.21.0-4541578+++UE4+Release-4.21
LogInit: Net CL: 4541578
LogInit: OS: Windows 10 (), CPU:        Intel(R) Core(TM) i5-2500K CPU @ 3.30GHz, GPU: NVIDIA GeForce GTX 1060 6GB
LogInit: Compiled (64-bit): Jan 19 2019 02:07:31
LogInit: Compiled with Visual C++: 19.13.26129.00
LogInit: Build Configuration: Development
LogInit: Branch Name: ++UE4+Release-4.21
LogInit: Command Line:  -skipcompile
LogInit: Base Directory: D:/Fortnite/Epic Games/UE_4.21/Engine/Binaries/Win64/
LogInit: Installed Engine Build: 1
LogDevObjectVersion: Number of dev versions registered: 22
LogDevObjectVersion:   Dev-Blueprints (B0D832E4-1F89-4F0D-ACCF-7EB736FD4AA2): 10
LogDevObjectVersion:   Dev-Build (E1C64328-A22C-4D53-A36C-8E866417BD8C): 0
LogDevObjectVersion:   Dev-Core (375EC13C-06E4-48FB-B500-84F0262A717E): 2
LogDevObjectVersion:   Dev-Editor (E4B068ED-F494-42E9-A231-DA0B2E46BB41): 26
LogDevObjectVersion:   Dev-Framework (CFFC743F-43B0-4480-9391-14DF171D2073): 34
LogDevObjectVersion:   Dev-Mobile (B02B49B5-BB20-44E9-A304-32B752E40360): 2
LogDevObjectVersion:   Dev-Networking (A4E4105C-59A1-49B5-A7C5-40C4547EDFEE): 0
LogDevObjectVersion:   Dev-Online (39C831C9-5AE6-47DC-9A44-9C173E1C8E7C): 0
LogDevObjectVersion:   Dev-Physics (78F01B33-EBEA-4F98-B9B4-84EACCB95AA2): 0
LogDevObjectVersion:   Dev-Platform (6631380F-2D4D-43E0-8009-CF276956A95A): 0
LogDevObjectVersion:   Dev-Rendering (12F88B9F-8875-4AFC-A67C-D90C383ABD29): 27
LogDevObjectVersion:   Dev-Sequencer (7B5AE74C-D270-4C10-A958-57980B212A5A): 9
LogDevObjectVersion:   Dev-VR (D7296918-1DD6-4BDD-9DE2-64A83CC13884): 2
LogDevObjectVersion:   Dev-LoadTimes (C2A15278-BFE7-4AFE-6C17-90FF531DF755): 1
LogDevObjectVersion:   Private-Geometry (6EACA3D4-40EC-4CC1-B786-8BED09428FC5): 3
LogDevObjectVersion:   Dev-AnimPhys (29E575DD-E0A3-4627-9D10-D276232CDCEA): 17
LogDevObjectVersion:   Dev-Anim (AF43A65D-7FD3-4947-9873-3E8ED9C1BB05): 2
LogDevObjectVersion:   Dev-ReflectionCapture (6B266CEC-1EC7-4B8F-A30B-E4D90942FC07): 1
LogDevObjectVersion:   Dev-Automation (0DF73D61-A23F-47EA-B727-89E90C41499A): 1
LogDevObjectVersion:   FortniteMain (601D1886-AC64-4F84-AA16-D3DE0DEAC7D6): 17
LogDevObjectVersion:   Dev-Enterprise (9DFFBCD6-494F-0158-E221-12823C92A888): 4
LogDevObjectVersion:   Dev-Niagara (F2AED0AC-9AFE-416F-8664-AA7FFA26D6FC): 1
LogStreaming: Display: Took  0.002s to delete old logs.
LogInit: Presizing for max 8388607 objects, including 0 objects not considered by GC, pre-allocating 0 bytes for permanent pool.
LogInit: Object subsystem initialized
LogConfig: Setting CVar [[con.DebugEarlyDefault:1]]
LogConfig: Setting CVar [[r.setres:1280x720]]
[2019.03.21-01.35.45:523][  0]LogConfig: Setting CVar [[r.VSync:0]]
[2019.03.21-01.35.45:523][  0]LogConfig: Setting CVar [[r.RHICmdBypass:0]]
[2019.03.21-01.35.45:524][  0]LogConfig: Applying CVar settings from Section [/Script/Engine.RendererSettings] File [D:/Documents/GitHub/COP4331-Project/ScaryMaze/Saved/Config/Windows/Engine.ini]
[2019.03.21-01.35.45:524][  0]LogConfig: Setting CVar [[r.GPUCrashDebugging:0]]
[2019.03.21-01.35.45:524][  0]LogConfig: Applying CVar settings from Section [/Script/Engine.RendererOverrideSettings] File [D:/Documents/GitHub/COP4331-Project/ScaryMaze/Saved/Config/Windows/Engine.ini]
[2019.03.21-01.35.45:524][  0]LogConfig: Applying CVar settings from Section [/Script/Engine.StreamingSettings] File [D:/Documents/GitHub/COP4331-Project/ScaryMaze/Saved/Config/Windows/Engine.ini]
[2019.03.21-01.35.45:524][  0]LogConfig: Setting CVar [[s.MinBulkDataSizeForAsyncLoading:131072]]
[2019.03.21-01.35.45:525][  0]LogConfig: Setting CVar [[s.AsyncLoadingThreadEnabled:0]]
[2019.03.21-01.35.45:525][  0]LogConfig: Setting CVar [[s.EventDrivenLoaderEnabled:1]]
[2019.03.21-01.35.45:525][  0]LogConfig: Setting CVar [[s.WarnIfTimeLimitExceeded:0]]
[2019.03.21-01.35.45:525][  0]LogConfig: Setting CVar [[s.TimeLimitExceededMultiplier:1.5]]
[2019.03.21-01.35.45:525][  0]LogConfig: Setting CVar [[s.TimeLimitExceededMinTime:0.005]]
[2019.03.21-01.35.45:526][  0]LogConfig: Setting CVar [[s.UseBackgroundLevelStreaming:1]]
[2019.03.21-01.35.45:526][  0]LogConfig: Setting CVar [[s.PriorityAsyncLoadingExtraTime:15.0]]
[2019.03.21-01.35.45:526][  0]LogConfig: Setting CVar [[s.LevelStreamingActorsUpdateTimeLimit:5.0]]
[2019.03.21-01.35.45:526][  0]LogConfig: Setting CVar [[s.PriorityLevelStreamingActorsUpdateExtraTime:5.0]]
[2019.03.21-01.35.45:526][  0]LogConfig: Setting CVar [[s.LevelStreamingComponentsRegistrationGranularity:10]]
[2019.03.21-01.35.45:526][  0]LogConfig: Setting CVar [[s.UnregisterComponentsTimeLimit:1.0]]
[2019.03.21-01.35.45:526][  0]LogConfig: Setting CVar [[s.LevelStreamingComponentsUnregistrationGranularity:5]]
[2019.03.21-01.35.45:527][  0]LogConfig: Applying CVar settings from Section [/Script/Engine.GarbageCollectionSettings] File [D:/Documents/GitHub/COP4331-Project/ScaryMaze/Saved/Config/Windows/Engine.ini]
[2019.03.21-01.35.45:527][  0]LogConfig: Setting CVar [[gc.MaxObjectsNotConsideredByGC:1]]
[2019.03.21-01.35.45:527][  0]LogConfig: Setting CVar [[gc.SizeOfPermanentObjectPool:0]]
[2019.03.21-01.35.45:527][  0]LogConfig: Setting CVar [[gc.FlushStreamingOnGC:0]]
[2019.03.21-01.35.45:527][  0]LogConfig: Setting CVar [[gc.NumRetriesBeforeForcingGC:10]]
[2019.03.21-01.35.45:528][  0]LogConfig: Setting CVar [[gc.AllowParallelGC:1]]
[2019.03.21-01.35.45:528][  0]LogConfig: Setting CVar [[gc.TimeBetweenPurgingPendingKillObjects:61.1]]
[2019.03.21-01.35.45:528][  0]LogConfig: Setting CVar [[gc.MaxObjectsInEditor:8388607]]
[2019.03.21-01.35.45:528][  0]LogConfig: Setting CVar [[gc.IncrementalBeginDestroyEnabled:1]]
[2019.03.21-01.35.45:528][  0]LogConfig: Setting CVar [[gc.CreateGCClusters:1]]
[2019.03.21-01.35.45:528][  0]LogConfig: Setting CVar [[gc.MergeGCClusters:0]]
[2019.03.21-01.35.45:528][  0]LogConfig: Setting CVar [[gc.MinGCClusterSize:5]]
[2019.03.21-01.35.45:528][  0]LogConfig: Setting CVar [[gc.ActorClusteringEnabled:0]]
[2019.03.21-01.35.45:529][  0]LogConfig: Setting CVar [[gc.BlueprintClusteringEnabled:0]]
[2019.03.21-01.35.45:529][  0]LogConfig: Setting CVar [[gc.UseDisregardForGCOnDedicatedServers:0]]
[2019.03.21-01.35.45:529][  0]LogConfig: Applying CVar settings from Section [/Script/Engine.NetworkSettings] File [D:/Documents/GitHub/COP4331-Project/ScaryMaze/Saved/Config/Windows/Engine.ini]
[2019.03.21-01.35.45:529][  0]LogConfig: Applying CVar settings from Section [/Script/UnrealEd.CookerSettings] File [D:/Documents/GitHub/COP4331-Project/ScaryMaze/Saved/Config/Windows/Engine.ini]
[2019.03.21-01.35.45:624][  0]LogConfig: Applying CVar settings from Section [ViewDistanceQuality@3] File [D:/Documents/GitHub/COP4331-Project/ScaryMaze/Saved/Config/Windows/Scalability.ini]
[2019.03.21-01.35.45:624][  0]LogConfig: Setting CVar [[r.SkeletalMeshLODBias:0]]
[2019.03.21-01.35.45:624][  0]LogConfig: Setting CVar [[r.ViewDistanceScale:1.0]]
[2019.03.21-01.35.45:624][  0]LogConfig: Applying CVar settings from Section [AntiAliasingQuality@3] File [D:/Documents/GitHub/COP4331-Project/ScaryMaze/Saved/Config/Windows/Scalability.ini]
[2019.03.21-01.35.45:624][  0]LogConfig: Setting CVar [[r.PostProcessAAQuality:4]]
[2019.03.21-01.35.45:624][  0]LogConfig: Applying CVar settings from Section [ShadowQuality@3] File [D:/Documents/GitHub/COP4331-Project/ScaryMaze/Saved/Config/Windows/Scalability.ini]
[2019.03.21-01.35.45:625][  0]LogConfig: Setting CVar [[r.LightFunctionQuality:1]]
[2019.03.21-01.35.45:625][  0]LogConfig: Setting CVar [[r.ShadowQuality:5]]
[2019.03.21-01.35.45:625][  0]LogConfig: Setting CVar [[r.Shadow.CSM.MaxCascades:10]]
[2019.03.21-01.35.45:625][  0]LogConfig: Setting CVar [[r.Shadow.MaxResolution:2048]]
[2019.03.21-01.35.45:625][  0]LogConfig: Setting CVar [[r.Shadow.MaxCSMResolution:2048]]
[2019.03.21-01.35.45:625][  0]LogConfig: Setting CVar [[r.Shadow.RadiusThreshold:0.01]]
[2019.03.21-01.35.45:625][  0]LogConfig: Setting CVar [[r.Shadow.DistanceScale:1.0]]
[2019.03.21-01.35.45:625][  0]LogConfig: Setting CVar [[r.Shadow.CSM.TransitionScale:1.0]]
[2019.03.21-01.35.45:625][  0]LogConfig: Setting CVar [[r.Shadow.PreShadowResolutionFactor:1.0]]
[2019.03.21-01.35.45:625][  0]LogConfig: Setting CVar [[r.DistanceFieldShadowing:1]]
[2019.03.21-01.35.45:625][  0]LogConfig: Setting CVar [[r.DistanceFieldAO:1]]
[2019.03.21-01.35.45:625][  0]LogConfig: Setting CVar [[r.AOQuality:2]]
[2019.03.21-01.35.45:626][  0]LogConfig: Setting CVar [[r.VolumetricFog:1]]
[2019.03.21-01.35.45:626][  0]LogConfig: Setting CVar [[r.VolumetricFog.GridPixelSize:8]]
[2019.03.21-01.35.45:626][  0]LogConfig: Setting CVar [[r.VolumetricFog.GridSizeZ:128]]
[2019.03.21-01.35.45:626][  0]LogConfig: Setting CVar [[r.VolumetricFog.HistoryMissSupersampleCount:4]]
[2019.03.21-01.35.45:627][  0]LogConfig: Setting CVar [[r.LightMaxDrawDistanceScale:1]]
[2019.03.21-01.35.45:627][  0]LogConfig: Setting CVar [[r.CapsuleShadows:1]]
[2019.03.21-01.35.45:627][  0]LogConfig: Applying CVar settings from Section [PostProcessQuality@3] File [D:/Documents/GitHub/COP4331-Project/ScaryMaze/Saved/Config/Windows/Scalability.ini]
[2019.03.21-01.35.45:627][  0]LogConfig: Setting CVar [[r.MotionBlurQuality:4]]
[2019.03.21-01.35.45:627][  0]LogConfig: Setting CVar [[r.AmbientOcclusionMipLevelFactor:0.4]]
[2019.03.21-01.35.45:628][  0]LogConfig: Setting CVar [[r.AmbientOcclusionMaxQuality:100]]
[2019.03.21-01.35.45:628][  0]LogConfig: Setting CVar [[r.AmbientOcclusionLevels:-1]]
[2019.03.21-01.35.45:628][  0]LogConfig: Setting CVar [[r.AmbientOcclusionRadiusScale:1.0]]
[2019.03.21-01.35.45:628][  0]LogConfig: Setting CVar [[r.DepthOfFieldQuality:2]]
[2019.03.21-01.35.45:628][  0]LogConfig: Setting CVar [[r.RenderTargetPoolMin:400]]
[2019.03.21-01.35.45:628][  0]LogConfig: Setting CVar [[r.LensFlareQuality:2]]
[2019.03.21-01.35.45:628][  0]LogConfig: Setting CVar [[r.SceneColorFringeQuality:1]]
[2019.03.21-01.35.45:629][  0]LogConfig: Setting CVar [[r.EyeAdaptationQuality:2]]
[2019.03.21-01.35.45:629][  0]LogConfig: Setting CVar [[r.BloomQuality:5]]
[2019.03.21-01.35.45:629][  0]LogConfig: Setting CVar [[r.FastBlurThreshold:100]]
[2019.03.21-01.35.45:629][  0]LogConfig: Setting CVar [[r.Upscale.Quality:3]]
[2019.03.21-01.35.45:630][  0]LogConfig: Setting CVar [[r.Tonemapper.GrainQuantization:1]]
[2019.03.21-01.35.45:630][  0]LogConfig: Setting CVar [[r.LightShaftQuality:1]]
[2019.03.21-01.35.45:630][  0]LogConfig: Setting CVar [[r.Filter.SizeScale:1]]
[2019.03.21-01.35.45:630][  0]LogConfig: Setting CVar [[r.Tonemapper.Quality:5]]
[2019.03.21-01.35.45:630][  0]LogConfig: Setting CVar [[r.DOF.Gather.AccumulatorQuality:1        ; higher gathering accumulator quality]]
[2019.03.21-01.35.45:630][  0]LogConfig: Setting CVar [[r.DOF.Gather.PostfilterMethod:1          ; Median3x3 postfilering method]]
[2019.03.21-01.35.45:630][  0]LogConfig: Setting CVar [[r.DOF.Gather.EnableBokehSettings:0       ; no bokeh simulation when gathering]]
[2019.03.21-01.35.45:630][  0]LogConfig: Setting CVar [[r.DOF.Gather.RingCount:4                 ; medium number of samples when gathering]]
[2019.03.21-01.35.45:630][  0]LogConfig: Setting CVar [[r.DOF.Scatter.ForegroundCompositing:1    ; additive foreground scattering]]
[2019.03.21-01.35.45:630][  0]LogConfig: Setting CVar [[r.DOF.Scatter.BackgroundCompositing:2    ; additive background scattering]]
[2019.03.21-01.35.45:630][  0]LogConfig: Setting CVar [[r.DOF.Scatter.EnableBokehSettings:1      ; bokeh simulation when scattering]]
[2019.03.21-01.35.45:631][  0]LogConfig: Setting CVar [[r.DOF.Scatter.MaxSpriteRatio:0.1         ; only a maximum of 10% of scattered bokeh]]
[2019.03.21-01.35.45:631][  0]LogConfig: Setting CVar [[r.DOF.Recombine.Quality:1                ; cheap slight out of focus]]
[2019.03.21-01.35.45:631][  0]LogConfig: Setting CVar [[r.DOF.Recombine.EnableBokehSettings:0    ; no bokeh simulation on slight out of focus]]
[2019.03.21-01.35.45:631][  0]LogConfig: Setting CVar [[r.DOF.TemporalAAQuality:1                ; more stable temporal accumulation]]
[2019.03.21-01.35.45:631][  0]LogConfig: Setting CVar [[r.DOF.Kernel.MaxForegroundRadius:0.025]]
[2019.03.21-01.35.45:631][  0]LogConfig: Setting CVar [[r.DOF.Kernel.MaxBackgroundRadius:0.025]]
[2019.03.21-01.35.45:631][  0]LogConfig: Applying CVar settings from Section [TextureQuality@3] File [D:/Documents/GitHub/COP4331-Project/ScaryMaze/Saved/Config/Windows/Scalability.ini]
[2019.03.21-01.35.45:631][  0]LogConfig: Setting CVar [[r.Streaming.MipBias:0]]
[2019.03.21-01.35.45:631][  0]LogConfig: Setting CVar [[r.Streaming.AmortizeCPUToGPUCopy:0]]
[2019.03.21-01.35.45:631][  0]LogConfig: Setting CVar [[r.Streaming.MaxNumTexturesToStreamPerFrame:0]]
[2019.03.21-01.35.45:631][  0]LogConfig: Setting CVar [[r.Streaming.Boost:1]]
[2019.03.21-01.35.45:631][  0]LogConfig: Setting CVar [[r.MaxAnisotropy:8]]
[2019.03.21-01.35.45:631][  0]LogConfig: Setting CVar [[r.Streaming.LimitPoolSizeToVRAM:0]]
[2019.03.21-01.35.45:631][  0]LogConfig: Setting CVar [[r.Streaming.PoolSize:1000]]
[2019.03.21-01.35.45:631][  0]LogConfig: Setting CVar [[r.Streaming.MaxEffectiveScreenSize:0]]
[2019.03.21-01.35.45:631][  0]LogConfig: Applying CVar settings from Section [EffectsQuality@3] File [D:/Documents/GitHub/COP4331-Project/ScaryMaze/Saved/Config/Windows/Scalability.ini]
[2019.03.21-01.35.45:631][  0]LogConfig: Setting CVar [[r.TranslucencyLightingVolumeDim:64]]
[2019.03.21-01.35.45:632][  0]LogConfig: Setting CVar [[r.RefractionQuality:2]]
[2019.03.21-01.35.45:632][  0]LogConfig: Setting CVar [[r.SSR.Quality:3]]
[2019.03.21-01.35.45:632][  0]LogConfig: Setting CVar [[r.SceneColorFormat:4]]
[2019.03.21-01.35.45:632][  0]LogConfig: Setting CVar [[r.DetailMode:2]]
[2019.03.21-01.35.45:632][  0]LogConfig: Setting CVar [[r.TranslucencyVolumeBlur:1]]
[2019.03.21-01.35.45:632][  0]LogConfig: Setting CVar [[r.MaterialQualityLevel:1 ; High quality]]
[2019.03.21-01.35.45:632][  0]LogConfig: Setting CVar [[r.SSS.Scale:1]]
[2019.03.21-01.35.45:632][  0]LogConfig: Setting CVar [[r.SSS.SampleSet:2]]
[2019.03.21-01.35.45:632][  0]LogConfig: Setting CVar [[r.SSS.Quality:1]]
[2019.03.21-01.35.45:632][  0]LogConfig: Setting CVar [[r.SSS.HalfRes:1]]
[2019.03.21-01.35.45:632][  0]LogConfig: Setting CVar [[r.EmitterSpawnRateScale:1.0]]
[2019.03.21-01.35.45:632][  0]LogConfig: Setting CVar [[r.ParticleLightQuality:2]]
[2019.03.21-01.35.45:632][  0]LogConfig: Applying CVar settings from Section [FoliageQuality@3] File [D:/Documents/GitHub/COP4331-Project/ScaryMaze/Saved/Config/Windows/Scalability.ini]
[2019.03.21-01.35.45:632][  0]LogConfig: Setting CVar [[foliage.DensityScale:1.0]]
[2019.03.21-01.35.45:632][  0]LogConfig: Setting CVar [[grass.DensityScale:1.0]]
[2019.03.21-01.35.45:643][  0]LogInit: Selected Device Profile: [Windows]
[2019.03.21-01.35.45:645][  0]LogInit: Applying CVar settings loaded from the selected device profile: [Windows]
[2019.03.21-01.35.45:696][  0]LogHAL: Display: Platform has ~ 8 GB [8570228736 / 8589934592 / 8], which maps to Default [LargestMinGB=32, LargerMinGB=12, DefaultMinGB=8, SmallerMinGB=6, SmallestMinGB=0)
[2019.03.21-01.35.45:711][  0]LogConfig: Setting CVar [[r.Vulkan.UseRealUBs:1]]
[2019.03.21-01.35.45:711][  0]LogInit: Going up to parent DeviceProfile []
[2019.03.21-01.35.45:712][  0]LogConfig: Applying CVar settings from Section [ViewDistanceQuality@3] File [D:/Documents/GitHub/COP4331-Project/ScaryMaze/Saved/Config/Windows/Scalability.ini]
[2019.03.21-01.35.45:712][  0]LogConfig: Setting CVar [[r.SkeletalMeshLODBias:0]]
[2019.03.21-01.35.45:712][  0]LogConfig: Setting CVar [[r.ViewDistanceScale:1.0]]
[2019.03.21-01.35.45:713][  0]LogConfig: Applying CVar settings from Section [AntiAliasingQuality@3] File [D:/Documents/GitHub/COP4331-Project/ScaryMaze/Saved/Config/Windows/Scalability.ini]
[2019.03.21-01.35.45:713][  0]LogConfig: Setting CVar [[r.PostProcessAAQuality:4]]
[2019.03.21-01.35.45:713][  0]LogConfig: Applying CVar settings from Section [ShadowQuality@3] File [D:/Documents/GitHub/COP4331-Project/ScaryMaze/Saved/Config/Windows/Scalability.ini]
[2019.03.21-01.35.45:713][  0]LogConfig: Setting CVar [[r.LightFunctionQuality:1]]
[2019.03.21-01.35.45:713][  0]LogConfig: Setting CVar [[r.ShadowQuality:5]]
[2019.03.21-01.35.45:713][  0]LogConfig: Setting CVar [[r.Shadow.CSM.MaxCascades:10]]
[2019.03.21-01.35.45:713][  0]LogConfig: Setting CVar [[r.Shadow.MaxResolution:2048]]
[2019.03.21-01.35.45:713][  0]LogConfig: Setting CVar [[r.Shadow.MaxCSMResolution:2048]]
[2019.03.21-01.35.45:713][  0]LogConfig: Setting CVar [[r.Shadow.RadiusThreshold:0.01]]
[2019.03.21-01.35.45:713][  0]LogConfig: Setting CVar [[r.Shadow.DistanceScale:1.0]]
[2019.03.21-01.35.45:713][  0]LogConfig: Setting CVar [[r.Shadow.CSM.TransitionScale:1.0]]
[2019.03.21-01.35.45:713][  0]LogConfig: Setting CVar [[r.Shadow.PreShadowResolutionFactor:1.0]]
[2019.03.21-01.35.45:713][  0]LogConfig: Setting CVar [[r.DistanceFieldShadowing:1]]
[2019.03.21-01.35.45:713][  0]LogConfig: Setting CVar [[r.DistanceFieldAO:1]]
[2019.03.21-01.35.45:713][  0]LogConfig: Setting CVar [[r.AOQuality:2]]
[2019.03.21-01.35.45:714][  0]LogConfig: Setting CVar [[r.VolumetricFog:1]]
[2019.03.21-01.35.45:714][  0]LogConfig: Setting CVar [[r.VolumetricFog.GridPixelSize:8]]
[2019.03.21-01.35.45:714][  0]LogConfig: Setting CVar [[r.VolumetricFog.GridSizeZ:128]]
[2019.03.21-01.35.45:714][  0]LogConfig: Setting CVar [[r.VolumetricFog.HistoryMissSupersampleCount:4]]
[2019.03.21-01.35.45:714][  0]LogConfig: Setting CVar [[r.LightMaxDrawDistanceScale:1]]
[2019.03.21-01.35.45:714][  0]LogConfig: Setting CVar [[r.CapsuleShadows:1]]
[2019.03.21-01.35.45:714][  0]LogConfig: Applying CVar settings from Section [PostProcessQuality@3] File [D:/Documents/GitHub/COP4331-Project/ScaryMaze/Saved/Config/Windows/Scalability.ini]
[2019.03.21-01.35.45:714][  0]LogConfig: Setting CVar [[r.MotionBlurQuality:4]]
[2019.03.21-01.35.45:714][  0]LogConfig: Setting CVar [[r.AmbientOcclusionMipLevelFactor:0.4]]
[2019.03.21-01.35.45:714][  0]LogConfig: Setting CVar [[r.AmbientOcclusionMaxQuality:100]]
[2019.03.21-01.35.45:714][  0]LogConfig: Setting CVar [[r.AmbientOcclusionLevels:-1]]
[2019.03.21-01.35.45:714][  0]LogConfig: Setting CVar [[r.AmbientOcclusionRadiusScale:1.0]]
[2019.03.21-01.35.45:714][  0]LogConfig: Setting CVar [[r.DepthOfFieldQuality:2]]
[2019.03.21-01.35.45:714][  0]LogConfig: Setting CVar [[r.RenderTargetPoolMin:400]]
[2019.03.21-01.35.45:714][  0]LogConfig: Setting CVar [[r.LensFlareQuality:2]]
[2019.03.21-01.35.45:714][  0]LogConfig: Setting CVar [[r.SceneColorFringeQuality:1]]
[2019.03.21-01.35.45:714][  0]LogConfig: Setting CVar [[r.EyeAdaptationQuality:2]]
[2019.03.21-01.35.45:715][  0]LogConfig: Setting CVar [[r.BloomQuality:5]]
[2019.03.21-01.35.45:715][  0]LogConfig: Setting CVar [[r.FastBlurThreshold:100]]
[2019.03.21-01.35.45:715][  0]LogConfig: Setting CVar [[r.Upscale.Quality:3]]
[2019.03.21-01.35.45:715][  0]LogConfig: Setting CVar [[r.Tonemapper.GrainQuantization:1]]
[2019.03.21-01.35.45:715][  0]LogConfig: Setting CVar [[r.LightShaftQuality:1]]
[2019.03.21-01.35.45:715][  0]LogConfig: Setting CVar [[r.Filter.SizeScale:1]]
[2019.03.21-01.35.45:715][  0]LogConfig: Setting CVar [[r.Tonemapper.Quality:5]]
[2019.03.21-01.35.45:715][  0]LogConfig: Setting CVar [[r.DOF.Gather.AccumulatorQuality:1        ; higher gathering accumulator quality]]
[2019.03.21-01.35.45:715][  0]LogConfig: Setting CVar [[r.DOF.Gather.PostfilterMethod:1          ; Median3x3 postfilering method]]
[2019.03.21-01.35.45:715][  0]LogConfig: Setting CVar [[r.DOF.Gather.EnableBokehSettings:0       ; no bokeh simulation when gathering]]
[2019.03.21-01.35.45:715][  0]LogConfig: Setting CVar [[r.DOF.Gather.RingCount:4                 ; medium number of samples when gathering]]
[2019.03.21-01.35.45:715][  0]LogConfig: Setting CVar [[r.DOF.Scatter.ForegroundCompositing:1    ; additive foreground scattering]]
[2019.03.21-01.35.45:715][  0]LogConfig: Setting CVar [[r.DOF.Scatter.BackgroundCompositing:2    ; additive background scattering]]
[2019.03.21-01.35.45:715][  0]LogConfig: Setting CVar [[r.DOF.Scatter.EnableBokehSettings:1      ; bokeh simulation when scattering]]
[2019.03.21-01.35.45:715][  0]LogConfig: Setting CVar [[r.DOF.Scatter.MaxSpriteRatio:0.1         ; only a maximum of 10% of scattered bokeh]]
[2019.03.21-01.35.45:716][  0]LogConfig: Setting CVar [[r.DOF.Recombine.Quality:1                ; cheap slight out of focus]]
[2019.03.21-01.35.45:716][  0]LogConfig: Setting CVar [[r.DOF.Recombine.EnableBokehSettings:0    ; no bokeh simulation on slight out of focus]]
[2019.03.21-01.35.45:716][  0]LogConfig: Setting CVar [[r.DOF.TemporalAAQuality:1                ; more stable temporal accumulation]]
[2019.03.21-01.35.45:716][  0]LogConfig: Setting CVar [[r.DOF.Kernel.MaxForegroundRadius:0.025]]
[2019.03.21-01.35.45:716][  0]LogConfig: Setting CVar [[r.DOF.Kernel.MaxBackgroundRadius:0.025]]
[2019.03.21-01.35.45:716][  0]LogConfig: Applying CVar settings from Section [TextureQuality@3] File [D:/Documents/GitHub/COP4331-Project/ScaryMaze/Saved/Config/Windows/Scalability.ini]
[2019.03.21-01.35.45:716][  0]LogConfig: Setting CVar [[r.Streaming.MipBias:0]]
[2019.03.21-01.35.45:716][  0]LogConfig: Setting CVar [[r.Streaming.AmortizeCPUToGPUCopy:0]]
[2019.03.21-01.35.45:716][  0]LogConfig: Setting CVar [[r.Streaming.MaxNumTexturesToStreamPerFrame:0]]
[2019.03.21-01.35.45:716][  0]LogConfig: Setting CVar [[r.Streaming.Boost:1]]
[2019.03.21-01.35.45:716][  0]LogConfig: Setting CVar [[r.MaxAnisotropy:8]]
[2019.03.21-01.35.45:716][  0]LogConfig: Setting CVar [[r.Streaming.LimitPoolSizeToVRAM:0]]
[2019.03.21-01.35.45:716][  0]LogConfig: Setting CVar [[r.Streaming.PoolSize:1000]]
[2019.03.21-01.35.45:716][  0]LogConfig: Setting CVar [[r.Streaming.MaxEffectiveScreenSize:0]]
[2019.03.21-01.35.45:716][  0]LogConfig: Applying CVar settings from Section [EffectsQuality@3] File [D:/Documents/GitHub/COP4331-Project/ScaryMaze/Saved/Config/Windows/Scalability.ini]
[2019.03.21-01.35.45:716][  0]LogConfig: Setting CVar [[r.TranslucencyLightingVolumeDim:64]]
[2019.03.21-01.35.45:716][  0]LogConfig: Setting CVar [[r.RefractionQuality:2]]
[2019.03.21-01.35.45:716][  0]LogConfig: Setting CVar [[r.SSR.Quality:3]]
[2019.03.21-01.35.45:716][  0]LogConfig: Setting CVar [[r.SceneColorFormat:4]]
[2019.03.21-01.35.45:717][  0]LogConfig: Setting CVar [[r.DetailMode:2]]
[2019.03.21-01.35.45:717][  0]LogConfig: Setting CVar [[r.TranslucencyVolumeBlur:1]]
[2019.03.21-01.35.45:717][  0]LogConfig: Setting CVar [[r.MaterialQualityLevel:1 ; High quality]]
[2019.03.21-01.35.45:717][  0]LogConfig: Setting CVar [[r.SSS.Scale:1]]
[2019.03.21-01.35.45:717][  0]LogConfig: Setting CVar [[r.SSS.SampleSet:2]]
[2019.03.21-01.35.45:717][  0]LogConfig: Setting CVar [[r.SSS.Quality:1]]
[2019.03.21-01.35.45:717][  0]LogConfig: Setting CVar [[r.SSS.HalfRes:1]]
[2019.03.21-01.35.45:717][  0]LogConfig: Setting CVar [[r.EmitterSpawnRateScale:1.0]]
[2019.03.21-01.35.45:717][  0]LogConfig: Setting CVar [[r.ParticleLightQuality:2]]
[2019.03.21-01.35.45:717][  0]LogConfig: Applying CVar settings from Section [FoliageQuality@3] File [D:/Documents/GitHub/COP4331-Project/ScaryMaze/Saved/Config/Windows/Scalability.ini]
[2019.03.21-01.35.45:717][  0]LogConfig: Setting CVar [[foliage.DensityScale:1.0]]
[2019.03.21-01.35.45:717][  0]LogConfig: Setting CVar [[grass.DensityScale:1.0]]
[2019.03.21-01.35.45:717][  0]LogConfig: Applying CVar settings from Section [Startup] File [../../../Engine/Config/ConsoleVariables.ini]
[2019.03.21-01.35.45:718][  0]LogConfig: Setting CVar [[net.UseAdaptiveNetUpdateFrequency:0]]
[2019.03.21-01.35.45:718][  0]LogConfig: Applying CVar settings from Section [ConsoleVariables] File [D:/Documents/GitHub/COP4331-Project/ScaryMaze/Saved/Config/Windows/Engine.ini]
[2019.03.21-01.35.45:740][  0]LogInit: Computer: DESKTOP-GMK9F9M
[2019.03.21-01.35.45:740][  0]LogInit: User: Luis
[2019.03.21-01.35.45:740][  0]LogInit: CPU Page size=4096, Cores=4
[2019.03.21-01.35.45:740][  0]LogInit: High frequency timer resolution =10.000000 MHz
[2019.03.21-01.35.45:740][  0]LogMemory: Memory total: Physical=8.0GB (8GB approx)
[2019.03.21-01.35.45:741][  0]LogMemory: Platform Memory Stats for Windows
[2019.03.21-01.35.45:741][  0]LogMemory: Process Physical Memory: 103.08 MB used, 103.09 MB peak
[2019.03.21-01.35.45:741][  0]LogMemory: Process Virtual Memory: 84.71 MB used, 84.71 MB peak
[2019.03.21-01.35.45:741][  0]LogMemory: Physical Memory: 4790.36 MB used,  3382.85 MB free, 8173.21 MB total
[2019.03.21-01.35.45:741][  0]LogMemory: Virtual Memory: 4630.16 MB used,  134213096.00 MB free, 134217728.00 MB total
[2019.03.21-01.35.47:020][  0]LogInit: Using OS detected language (en-US).
[2019.03.21-01.35.47:020][  0]LogInit: Using OS detected locale (en-US).
[2019.03.21-01.35.47:047][  0]LogTextLocalizationManager: No specific localization for 'en-US' exists, so the 'en' localization will be used.
[2019.03.21-01.35.48:812][  0]LogStreaming: Display: Took  1.781s to InitEngineTextLocalization.
[2019.03.21-01.35.48:820][  0]LogInit: Setting process to per monitor DPI aware
[2019.03.21-01.35.49:511][  0]LogSlate: New Slate User Created.  User Index 0, Is Virtual User: 0
[2019.03.21-01.35.49:512][  0]LogSlate: Slate User Registered.  User Index 0, Is Virtual User: 0
[2019.03.21-01.35.55:561][  0]LogHMD: Failed to initialize OpenVR with code 110
[2019.03.21-01.35.55:562][  0]LogD3D11RHI: D3D11 adapters:
[2019.03.21-01.35.55:705][  0]LogD3D11RHI:    0. 'NVIDIA GeForce GTX 1060 6GB' (Feature Level 11_0)
[2019.03.21-01.35.55:705][  0]LogD3D11RHI:       6052/0/4086 MB DedicatedVideo/DedicatedSystem/SharedSystem, Outputs:2, VendorId:0x10de
[2019.03.21-01.35.55:713][  0]LogD3D11RHI:    1. 'Microsoft Basic Render Driver' (Feature Level 11_0)
[2019.03.21-01.35.55:714][  0]LogD3D11RHI:       0/0/4086 MB DedicatedVideo/DedicatedSystem/SharedSystem, Outputs:0, VendorId:0x1414
[2019.03.21-01.35.55:714][  0]LogD3D11RHI: Chosen D3D11 Adapter: 0
[2019.03.21-01.35.55:750][  0]LogD3D11RHI: Creating new Direct3DDevice
[2019.03.21-01.35.55:750][  0]LogD3D11RHI:     GPU DeviceId: 0x1c03 (for the marketing name, search the web for "GPU Device Id")
[2019.03.21-01.35.55:750][  0]LogWindows: EnumDisplayDevices:
[2019.03.21-01.35.55:751][  0]LogWindows:    0. 'NVIDIA GeForce GTX 1060 6GB' (P:1 D:1)
[2019.03.21-01.35.55:751][  0]LogWindows:    1. 'NVIDIA GeForce GTX 1060 6GB' (P:0 D:1)
[2019.03.21-01.35.55:751][  0]LogWindows:    2. 'NVIDIA GeForce GTX 1060 6GB' (P:0 D:0)
[2019.03.21-01.35.55:752][  0]LogWindows:    3. 'NVIDIA GeForce GTX 1060 6GB' (P:0 D:0)
[2019.03.21-01.35.55:752][  0]LogWindows: DebugString: FoundDriverCount:4 
[2019.03.21-01.35.55:752][  0]LogD3D11RHI:     Adapter Name: NVIDIA GeForce GTX 1060 6GB
[2019.03.21-01.35.55:755][  0]LogD3D11RHI:   Driver Version: 391.35 (internal:23.21.13.9135, unified:391.35)
[2019.03.21-01.35.55:755][  0]LogD3D11RHI:      Driver Date: 3-23-2018
[2019.03.21-01.35.55:755][  0]LogRHI: Texture pool is 4236 MB (70% of 6052 MB)
[2019.03.21-01.35.55:830][  0]LogD3D11RHI: Async texture creation enabled
[2019.03.21-01.35.56:106][  0]LogD3D11RHI: GPU Timing Frequency: 1000.000000 (Debug: 2 2)
[2019.03.21-01.35.56:584][  0]LogTemp: Display: Loaded TP AllDesktopTargetPlatform
[2019.03.21-01.35.56:649][  0]LogTemp: Display: Loaded TP MacClientTargetPlatform
[2019.03.21-01.35.56:687][  0]LogTemp: Display: Loaded TP MacNoEditorTargetPlatform
[2019.03.21-01.35.56:761][  0]LogTemp: Display: Loaded TP MacServerTargetPlatform
[2019.03.21-01.35.56:937][  0]LogTemp: Display: Loaded TP MacTargetPlatform
[2019.03.21-01.35.57:014][  0]LogTemp: Display: Loaded TP WindowsClientTargetPlatform
[2019.03.21-01.35.57:067][  0]LogTemp: Display: Loaded TP WindowsNoEditorTargetPlatform
[2019.03.21-01.35.57:103][  0]LogTemp: Display: Loaded TP WindowsServerTargetPlatform
[2019.03.21-01.35.57:129][  0]LogTemp: Display: Loaded TP WindowsTargetPlatform
[2019.03.21-01.35.57:255][  0]LogTemp: Display: Loaded TP AndroidTargetPlatform
[2019.03.21-01.35.57:255][  0]LogTemp: Display: Loaded TP AndroidTargetPlatform
[2019.03.21-01.35.57:255][  0]LogTemp: Display: Loaded TP AndroidTargetPlatform
[2019.03.21-01.35.57:255][  0]LogTemp: Display: Loaded TP AndroidTargetPlatform
[2019.03.21-01.35.57:255][  0]LogTemp: Display: Loaded TP AndroidTargetPlatform
[2019.03.21-01.35.57:255][  0]LogTemp: Display: Loaded TP AndroidTargetPlatform
[2019.03.21-01.35.57:255][  0]LogTemp: Display: Loaded TP AndroidTargetPlatform
[2019.03.21-01.35.57:255][  0]LogTemp: Display: Loaded TP AndroidTargetPlatform
[2019.03.21-01.35.57:255][  0]LogTemp: Display: Loaded TP AndroidTargetPlatform
[2019.03.21-01.35.57:256][  0]LogTemp: Display: Loaded TP AndroidTargetPlatform
[2019.03.21-01.35.57:256][  0]LogTemp: Display: Loaded TP AndroidTargetPlatform
[2019.03.21-01.35.57:256][  0]LogTemp: Display: Loaded TP AndroidTargetPlatform
[2019.03.21-01.35.57:256][  0]LogTemp: Display: Loaded TP AndroidTargetPlatform
[2019.03.21-01.35.57:256][  0]LogTemp: Display: Loaded TP AndroidTargetPlatform
[2019.03.21-01.35.57:256][  0]LogTemp: Display: Loaded TP AndroidTargetPlatform
[2019.03.21-01.35.57:256][  0]LogTemp: Display: Loaded TP AndroidTargetPlatform
[2019.03.21-01.35.57:256][  0]LogTemp: Display: Loaded TP AndroidTargetPlatform
[2019.03.21-01.35.57:256][  0]LogTemp: Display: Loaded TP AndroidTargetPlatform
[2019.03.21-01.35.57:285][  0]LogTemp: Display: Loaded TP HTML5TargetPlatform
[2019.03.21-01.35.57:494][  0]LogTemp: Display: Loaded TP IOSTargetPlatform
[2019.03.21-01.35.57:494][  0]LogTemp: Display: Loaded TP IOSTargetPlatform
[2019.03.21-01.35.57:539][  0]LogTemp: Display: Loaded TP TVOSTargetPlatform
[2019.03.21-01.35.57:539][  0]LogTemp: Display: Loaded TP TVOSTargetPlatform
[2019.03.21-01.35.57:583][  0]LogTemp: Display: Loaded TP LinuxClientTargetPlatform
[2019.03.21-01.35.57:624][  0]LogTemp: Display: Loaded TP LinuxNoEditorTargetPlatform
[2019.03.21-01.35.57:654][  0]LogTemp: Display: Loaded TP LinuxServerTargetPlatform
[2019.03.21-01.35.57:706][  0]LogTemp: Display: Loaded TP LinuxTargetPlatform
[2019.03.21-01.35.57:790][  0]LogTemp: Display: Loaded TP LuminTargetPlatform
[2019.03.21-01.35.57:790][  0]LogTemp: Display: Loaded TP LuminTargetPlatform
[2019.03.21-01.35.57:790][  0]LogTargetPlatformManager: Display: Building Assets For Windows
[2019.03.21-01.35.58:721][  0]LogShaderCompilers: Guid format shader working directory is -15 characters bigger than the processId version (../../../../../../Documents/GitHub/COP4331-Project/ScaryMaze/Intermediate/Shaders/WorkingDirectory/2264/).
[2019.03.21-01.35.58:721][  0]LogShaderCompilers: Cleaned the shader compiler working directory 'C:/Users/Luis/AppData/Local/Temp/UnrealShaderWorkingDir/ECAD100348A06FAF4A3B5094E8B601FF/'.
[2019.03.21-01.35.58:728][  0]LogXGEController: Cleaning working directory: C:/Users/Luis/AppData/Local/Temp/UnrealXGEWorkingDir/
[2019.03.21-01.35.58:728][  0]LogXGEController: Cannot use XGE Controller as Incredibuild is not installed on this machine.
[2019.03.21-01.35.58:729][  0]LogShaderCompilers: Cannot use XGE Shader Compiler as Incredibuild is not installed on this machine.
[2019.03.21-01.35.58:729][  0]LogShaderCompilers: Display: Using Local Shader Compiler.
[2019.03.21-01.36.02:041][  0]LogDerivedDataCache: Display: Max Cache Size: 512 MB
[2019.03.21-01.36.02:309][  0]LogDerivedDataCache: Loaded boot cache 0.27s 73MB C:/Users/Luis/AppData/Local/UnrealEngine/4.21/DerivedDataCache/Boot.ddc.
[2019.03.21-01.36.02:309][  0]LogDerivedDataCache: Display: Loaded Boot cache: C:/Users/Luis/AppData/Local/UnrealEngine/4.21/DerivedDataCache/Boot.ddc
[2019.03.21-01.36.02:309][  0]LogDerivedDataCache: FDerivedDataBackendGraph:  Pak pak cache file ../../../../../../Documents/GitHub/COP4331-Project/ScaryMaze/DerivedDataCache/DDC.ddp not found, will not use a pak cache.
[2019.03.21-01.36.02:309][  0]LogDerivedDataCache: Unable to find inner node Pak for hierarchical cache Hierarchy.
[2019.03.21-01.36.02:310][  0]LogDerivedDataCache: FDerivedDataBackendGraph:  CompressedPak pak cache file ../../../../../../Documents/GitHub/COP4331-Project/ScaryMaze/DerivedDataCache/Compressed.ddp not found, will not use a pak cache.
[2019.03.21-01.36.02:310][  0]LogDerivedDataCache: Unable to find inner node CompressedPak for hierarchical cache Hierarchy.
[2019.03.21-01.36.02:400][  0]LogDerivedDataCache: Display: Pak cache opened for reading ../../../Engine/DerivedDataCache/Compressed.ddp.
[2019.03.21-01.36.02:400][  0]LogDerivedDataCache: FDerivedDataBackendGraph:  EnterprisePak pak cache file ../../../Enterprise/DerivedDataCache/Compressed.ddp not found, will not use a pak cache.
[2019.03.21-01.36.02:400][  0]LogDerivedDataCache: Unable to find inner node EnterprisePak for hierarchical cache Hierarchy.
[2019.03.21-01.36.02:415][  0]LogDerivedDataCache: Using Local data cache path C:/Users/Luis/AppData/Local/UnrealEngine/Common/DerivedDataCache: Writable
[2019.03.21-01.36.02:415][  0]LogDerivedDataCache: Shared data cache path not found in *engine.ini, will not use an Shared cache.
[2019.03.21-01.36.02:415][  0]LogDerivedDataCache: Unable to find inner node Shared for hierarchical cache Hierarchy.
[2019.03.21-01.36.02:504][  0]LogMaterial: Verifying Global Shaders for PCD3D_SM5
[2019.03.21-01.36.02:599][  0]LogSlate: Using FreeType 2.6.0
[2019.03.21-01.36.02:725][  0]LogSlate: SlateFontServices - WITH_FREETYPE: 1, WITH_HARFBUZZ: 1
[2019.03.21-01.36.03:842][  0]LogAssetRegistry: FAssetRegistry took 0.0594 seconds to start up
[2019.03.21-01.36.10:286][  0]LogInit: Selected Device Profile: [Windows]
[2019.03.21-01.36.12:519][  0]LogSimplygon: Simplygon DLL not present - disabling.
[2019.03.21-01.36.12:840][  0]LogMeshReduction: Using SimplygonSwarm for distributed automatic mesh merging
[2019.03.21-01.36.12:840][  0]LogMeshReduction: Using ProxyLODMeshReduction for automatic mesh merging
[2019.03.21-01.36.12:847][  0]LogMeshReduction: Using QuadricMeshReduction for automatic static mesh reduction
[2019.03.21-01.36.12:847][  0]LogMeshReduction: No automatic skeletal mesh reduction module available
[2019.03.21-01.36.15:386][  0]LogNetVersion: ScaryMaze 1.0.0, NetCL: 4541578, EngineNetVer: 5, GameNetVer: 0 (Checksum: 3370334168)
[2019.03.21-01.36.23:806][  0]LogPackageLocalizationCache: Processed 11 localized package path(s) for 2 prioritized culture(s) in 0.222861 seconds
[2019.03.21-01.36.23:968][  0]LogUObjectArray: 39775 objects as part of root set at end of initial load.
[2019.03.21-01.36.23:968][  0]LogUObjectAllocator: 6914664 out of 0 bytes used by permanent object pool.
[2019.03.21-01.36.23:968][  0]LogUObjectArray: CloseDisregardForGC: 0/0 objects in disregard for GC pool
[2019.03.21-01.37.02:095][  0]LogTcpMessaging: Initializing TcpMessaging bridge
[2019.03.21-01.37.02:142][  0]LogUdpMessaging: Initializing bridge on interface 0.0.0.0:0 to multicast group 230.0.0.1:6666.
[2019.03.21-01.37.06:940][  0]LogStaticMesh: Building static mesh SM_Wall_BrickCutStone...
[2019.03.21-01.37.07:069][  0]LogStaticMesh: Built static mesh [0.19s] /Game/Assets/Walls/Meshes/SM_Wall_BrickCutStone.SM_Wall_BrickCutStone
[2019.03.21-01.37.07:300][  0]LogMaterial: Display: Missing cached shader map for material M_Ground_Grass, compiling. 
[2019.03.21-01.37.07:589][  0]LogShaderCompilers: Display: Shaders left to compile 31
[2019.03.21-01.37.07:589][  0]LogShaderCompilers: Display: Shaders left to compile 21
[2019.03.21-01.37.07:589][  0]LogShaderCompilers: Display: Shaders left to compile 11
[2019.03.21-01.37.07:589][  0]LogMaterial: Display: Missing cached shader map for material M_Goal, compiling. 
[2019.03.21-01.37.07:629][  0]LogStaticMesh: Building static mesh SM_Goal...
[2019.03.21-01.37.07:646][  0]LogStaticMesh: Built static mesh [0.02s] /Game/Assets/Goal/Meshes/SM_Goal.SM_Goal
[2019.03.21-01.37.07:661][  0]LogStaticMesh: Building static mesh SM_Ground_Grass...
[2019.03.21-01.37.07:662][  0]LogStaticMesh: Built static mesh [0.00s] /Game/Assets/Grounds/Meshes/SM_Ground_Grass.SM_Ground_Grass
[2019.03.21-01.37.07:676][  0]LogMaterial: Display: Missing cached shader map for material M_Wall_BrickCutStone, compiling. 
[2019.03.21-01.37.09:148][  0]SourceControl: Source control is disabled
[2019.03.21-01.37.09:148][  0]SourceControl: Source control is disabled
[2019.03.21-01.37.09:209][  0]SourceControl: Source control is disabled
[2019.03.21-01.37.09:237][  0]SourceControl: Source control is disabled
[2019.03.21-01.37.10:692][  0]LogAndroidPermission: UAndroidPermissionCallbackProxy::GetInstance
[2019.03.21-01.37.10:993][  0]LogOcInput: OculusInput pre-init called
[2019.03.21-01.37.12:493][  0]LogShaderCompilers: Display: Shaders left to compile 63
[2019.03.21-01.37.12:674][  0]LogShaderCompilers: Display: Shaders left to compile 53
[2019.03.21-01.37.12:674][  0]LogShaderCompilers: Display: Shaders left to compile 43
[2019.03.21-01.37.12:675][  0]LogEngine: Initializing Engine...
[2019.03.21-01.37.12:729][  0]LogHMD: Failed to initialize OpenVR with code 110
[2019.03.21-01.37.12:791][  0]LogStats: UGameplayTagsManager::ConstructGameplayTagTree: ImportINI prefixes -  0.000 s
[2019.03.21-01.37.12:791][  0]LogStats: UGameplayTagsManager::ConstructGameplayTagTree: Construct from data asset -  0.000 s
[2019.03.21-01.37.12:792][  0]LogStats: UGameplayTagsManager::ConstructGameplayTagTree: ImportINI -  0.000 s
[2019.03.21-01.37.12:792][  0]LogStats: UGameplayTagsManager::ConstructGameplayTagTree: GameplayTagTreeChangedEvent.Broadcast -  0.000 s
[2019.03.21-01.37.13:600][  0]LogShaderCompilers: Display: Shaders left to compile 33
[2019.03.21-01.37.13:600][  0]LogInit: Initializing FReadOnlyCVARCache
[2019.03.21-01.37.14:215][  0]LogAIModule: Creating AISystem for world Untitled
[2019.03.21-01.37.14:534][  0]LogInit: XAudio2 using 'Speakers (High Definition Audio Device)' : 2 channels at 48 kHz using 16 bits per sample (channel mask 0x3)
[2019.03.21-01.37.14:663][  0]LogInit: FAudioDevice initialized.
[2019.03.21-01.37.14:680][  0]LogNetVersion: Set ProjectVersion to 1.0.0.0. Version Checksum will be recalculated on next use.
[2019.03.21-01.37.14:763][  0]LogDerivedDataCache: Saved boot cache 0.08s 76MB C:/Users/Luis/AppData/Local/UnrealEngine/4.21/DerivedDataCache/Boot.ddc.
[2019.03.21-01.37.14:778][  0]LogInit: Texture streaming: Enabled
[2019.03.21-01.37.15:005][  0]LogEngineSessionManager: EngineSessionManager initialized
[2019.03.21-01.37.15:175][  0]LogShaderCompilers: Display: Shaders left to compile 23
[2019.03.21-01.37.15:276][  0]LogInit: Transaction tracking system initialized
[2019.03.21-01.37.15:677][  0]BlueprintLog: New page: Editor Load
[2019.03.21-01.37.16:641][  0]LogShaderCompilers: Display: Shaders left to compile 13
[2019.03.21-01.37.16:641][  0]LogShaderCompilers: Display: Shaders left to compile 3
[2019.03.21-01.37.17:259][  0]LocalizationService: Localization service is disabled
[2019.03.21-01.37.19:903][  0]LogFileCache: Scanning file cache for directory 'D:/Documents/GitHub/COP4331-Project/ScaryMaze/Content/' took 0.04s
[2019.03.21-01.37.19:904][  0]LogCook: Display: Max memory allowance for cook 16384mb min free memory 0mb
[2019.03.21-01.37.19:904][  0]LogCook: Display: Mobile HDR setting 1
[2019.03.21-01.37.19:916][  0]LogGameplayTags: Display: UGameplayTagsManager::DoneAddingNativeTags. DelegateIsBound: 0
[2019.03.21-01.37.19:916][  0]LogStats: UGameplayTagsManager::ConstructGameplayTagTree: ImportINI prefixes -  0.000 s
[2019.03.21-01.37.19:917][  0]LogStats: UGameplayTagsManager::ConstructGameplayTagTree: Construct from data asset -  0.000 s
[2019.03.21-01.37.19:917][  0]LogStats: UGameplayTagsManager::ConstructGameplayTagTree: ImportINI -  0.000 s
[2019.03.21-01.37.19:917][  0]LogStats: UGameplayTagsManager::ConstructGameplayTagTree: GameplayTagTreeChangedEvent.Broadcast -  0.000 s
[2019.03.21-01.37.21:870][  0]SourceControl: Source control is disabled
[2019.03.21-01.37.21:901][  0]Cmd: MAP LOAD FILE="../../../../../../Documents/GitHub/COP4331-Project/ScaryMaze/Content/LevelOne.umap" TEMPLATE=0 SHOWPROGRESS=1 FEATURELEVEL=3
[2019.03.21-01.37.21:923][  0]LightingResults: New page: Lighting Build
[2019.03.21-01.37.22:166][  0]MapCheck: New page: Map Check
[2019.03.21-01.37.22:167][  0]LightingResults: New page: Lighting Build
[2019.03.21-01.37.23:146][  0]LogLinker: Warning: Can't find file '/Game/LevelOne_BuiltData'
[2019.03.21-01.37.23:147][  0]LogLinker: Warning: Can't find file for asset '/Game/LevelOne_BuiltData' while loading ../../../../../../Documents/GitHub/COP4331-Project/ScaryMaze/Content/LevelOne.umap.
[2019.03.21-01.37.23:147][  0]LoadErrors: Error: /Game/LevelOne : Can't find file for asset. /Game/LevelOne_BuiltData
[2019.03.21-01.37.23:148][  0]LogLinker: Warning: Can't find file '/Game/LevelOne_BuiltData'
[2019.03.21-01.37.23:149][  0]LogLinker: Warning: Can't find file for asset '/Game/LevelOne_BuiltData' while loading ../../../../../../Documents/GitHub/COP4331-Project/ScaryMaze/Content/LevelOne.umap.
[2019.03.21-01.37.23:149][  0]LoadErrors: Error: /Game/LevelOne : Can't find file for asset. /Game/LevelOne_BuiltData
[2019.03.21-01.37.23:328][  0]LogLinker: Warning: Can't find file '/Game/LevelOne_BuiltData'
[2019.03.21-01.37.23:329][  0]LogLinker: Warning: Can't find file for asset '/Game/LevelOne_BuiltData' while loading NULL.
[2019.03.21-01.37.23:329][  0]LogLinker: Warning: Can't find file '/Game/LevelOne_BuiltData'
[2019.03.21-01.37.23:330][  0]LogLinker: Warning: Can't find file for asset '/Game/LevelOne_BuiltData' while loading NULL.
[2019.03.21-01.37.23:404][  0]LogLinker: Warning: Can't find file '/Game/LevelOne_BuiltData'
[2019.03.21-01.37.23:413][  0]LoadErrors: Failed to load /Game/LevelOne_BuiltData.LevelOne_BuiltData Referenced by PersistentLevel
[2019.03.21-01.37.23:413][  0]LogLinker: Warning: Can't find file for asset '/Game/LevelOne_BuiltData' while loading NULL.
[2019.03.21-01.37.23:413][  0]LoadErrors: Failed to load /Game/LevelOne_BuiltData.LevelOne_BuiltData Referenced by PersistentLevel
[2019.03.21-01.37.23:634][  0]LogAIModule: Creating AISystem for world LevelOne
[2019.03.21-01.37.24:232][  0]LogEditorServer: Finished looking for orphan Actors (0.000 secs)
[2019.03.21-01.37.24:410][  0]Cmd: MAP CHECKDEP NOCLEARLOG
[2019.03.21-01.37.24:414][  0]MapCheck: Map check complete: 0 Error(s), 0 Warning(s), took 0.13ms to complete.
[2019.03.21-01.37.24:415][  0]LogFileHelpers: Loading map 'LevelOne' took 2.528
[2019.03.21-01.37.25:943][  0]LogSlate: Updating window title bar state: overlay mode, drag disabled, window buttons hidden, title bar hidden
[2019.03.21-01.37.25:982][  0]LogSlate: Updating window title bar state: overlay mode, drag disabled, window buttons hidden, title bar hidden
[2019.03.21-01.37.26:000][  0]LogSlate: Updating window title bar state: overlay mode, drag disabled, window buttons hidden, title bar hidden
[2019.03.21-01.37.26:019][  0]LogSlate: Updating window title bar state: overlay mode, drag disabled, window buttons hidden, title bar hidden
[2019.03.21-01.37.26:202][  0]LogCollectionManager: Loaded 0 collections in 0.002447 seconds
[2019.03.21-01.37.26:345][  0]LogFileCache: Scanning file cache for directory 'D:/Documents/GitHub/COP4331-Project/ScaryMaze/Saved/Collections/' took 0.01s
[2019.03.21-01.37.26:345][  0]LogFileCache: Scanning file cache for directory 'D:/Documents/GitHub/COP4331-Project/ScaryMaze/Content/Developers/Luis/Collections/' took 0.01s
[2019.03.21-01.37.26:345][  0]LogFileCache: Scanning file cache for directory 'D:/Documents/GitHub/COP4331-Project/ScaryMaze/Content/Collections/' took 0.01s
[2019.03.21-01.37.26:345][  0]LogCollectionManager: Rebuilt the GUID cache for 0 collections in 0.000001 seconds
[2019.03.21-01.37.26:393][  0]LogContentBrowser: Native class hierarchy populated in 0.0447 seconds. Added 2667 classes and 622 folders.
[2019.03.21-01.37.26:482][  0]LogContentBrowser: Native class hierarchy updated for 'WidgetCarousel' in 0.0009 seconds. Added 0 classes and 0 folders.
[2019.03.21-01.37.26:624][  0]LogPakFile: Registered encryption key '00000000000000000000000000000000': 0 pak files mounted, 0 remain pending
[2019.03.21-01.37.26:711][  0]LogPakFile: Registered encryption key '00000000000000000000000000000000': 0 pak files mounted, 0 remain pending
[2019.03.21-01.37.26:750][  0]LogPakFile: Registered encryption key '00000000000000000000000000000000': 0 pak files mounted, 0 remain pending
[2019.03.21-01.37.26:757][  0]LogPakFile: Registered encryption key '00000000000000000000000000000000': 0 pak files mounted, 0 remain pending
[2019.03.21-01.37.26:763][  0]LogPakFile: Registered encryption key '00000000000000000000000000000000': 0 pak files mounted, 0 remain pending
[2019.03.21-01.37.26:769][  0]LogPakFile: Registered encryption key '00000000000000000000000000000000': 0 pak files mounted, 0 remain pending
[2019.03.21-01.37.26:825][  0]LogPakFile: Registered encryption key '00000000000000000000000000000000': 0 pak files mounted, 0 remain pending
[2019.03.21-01.37.26:838][  0]LogPakFile: Registered encryption key '00000000000000000000000000000000': 0 pak files mounted, 0 remain pending
[2019.03.21-01.37.26:852][  0]LogPakFile: Registered encryption key '00000000000000000000000000000000': 0 pak files mounted, 0 remain pending
[2019.03.21-01.37.26:867][  0]LogPakFile: Registered encryption key '00000000000000000000000000000000': 0 pak files mounted, 0 remain pending
[2019.03.21-01.37.26:880][  0]LogPakFile: Registered encryption key '00000000000000000000000000000000': 0 pak files mounted, 0 remain pending
[2019.03.21-01.37.26:888][  0]LogPakFile: Registered encryption key '00000000000000000000000000000000': 0 pak files mounted, 0 remain pending
[2019.03.21-01.37.26:897][  0]LogPakFile: Registered encryption key '00000000000000000000000000000000': 0 pak files mounted, 0 remain pending
[2019.03.21-01.37.26:906][  0]LogPakFile: Registered encryption key '00000000000000000000000000000000': 0 pak files mounted, 0 remain pending
[2019.03.21-01.37.26:914][  0]LogPakFile: Registered encryption key '00000000000000000000000000000000': 0 pak files mounted, 0 remain pending
[2019.03.21-01.37.26:921][  0]LogPakFile: Registered encryption key '00000000000000000000000000000000': 0 pak files mounted, 0 remain pending
[2019.03.21-01.37.26:963][  0]LogPakFile: Registered encryption key '00000000000000000000000000000000': 0 pak files mounted, 0 remain pending
[2019.03.21-01.37.26:969][  0]LogPakFile: Registered encryption key '00000000000000000000000000000000': 0 pak files mounted, 0 remain pending
[2019.03.21-01.37.26:976][  0]LogPakFile: Registered encryption key '00000000000000000000000000000000': 0 pak files mounted, 0 remain pending
[2019.03.21-01.37.26:983][  0]LogPakFile: Registered encryption key '00000000000000000000000000000000': 0 pak files mounted, 0 remain pending
[2019.03.21-01.37.27:035][  0]LogPakFile: Registered encryption key '00000000000000000000000000000000': 0 pak files mounted, 0 remain pending
[2019.03.21-01.37.27:042][  0]LogPakFile: Registered encryption key '00000000000000000000000000000000': 0 pak files mounted, 0 remain pending
[2019.03.21-01.37.27:049][  0]LogPakFile: Registered encryption key '00000000000000000000000000000000': 0 pak files mounted, 0 remain pending
[2019.03.21-01.37.27:057][  0]LogPakFile: Registered encryption key '00000000000000000000000000000000': 0 pak files mounted, 0 remain pending
[2019.03.21-01.37.27:065][  0]LogPakFile: Registered encryption key '00000000000000000000000000000000': 0 pak files mounted, 0 remain pending
[2019.03.21-01.37.27:072][  0]LogPakFile: Registered encryption key '00000000000000000000000000000000': 0 pak files mounted, 0 remain pending
[2019.03.21-01.37.27:819][  0]LogContentBrowser: Native class hierarchy updated for 'AddContentDialog' in 0.0008 seconds. Added 0 classes and 0 folders.
[2019.03.21-01.37.27:867][  0]LogContentBrowser: Native class hierarchy updated for 'SceneOutliner' in 0.0009 seconds. Added 1 classes and 2 folders.
[2019.03.21-01.37.28:330][  0]LogSlate: Took 0.021238 seconds to synchronously load lazily loaded font '../../../Engine/Content/Slate/Fonts/Roboto-Regular.ttf' (155K)
[2019.03.21-01.37.28:403][  0]LogSlate: Took 0.050388 seconds to synchronously load lazily loaded font '../../../Engine/Content/Slate/Fonts/Roboto-Bold.ttf' (160K)
[2019.03.21-01.37.28:479][  0]LogSlate: Took 0.017754 seconds to synchronously load lazily loaded font '../../../Engine/Content/Editor/Slate/Fonts/FontAwesome.ttf' (139K)
[2019.03.21-01.37.29:145][  0]LogRenderer: Reallocating scene render targets to support 804x520 Format 10 NumSamples 1 (Frame:1).
[2019.03.21-01.37.29:714][  0]LogSlate: Took 0.027362 seconds to synchronously load lazily loaded font '../../../Engine/Content/Slate/Fonts/Roboto-Light.ttf' (167K)
[2019.03.21-01.37.30:027][  0]LogContentBrowser: Native class hierarchy updated for 'HierarchicalLODOutliner' in 0.0005 seconds. Added 0 classes and 0 folders.
[2019.03.21-01.37.30:027][  0]LogLoad: (Engine Initialization) Total time: 110.99 seconds
[2019.03.21-01.37.30:027][  0]LogLoad: (Engine Initialization) Total Blueprint compile time: 0.00 seconds
[2019.03.21-01.37.30:425][  0]LogContentStreaming: Texture pool size now 1000 MB
[2019.03.21-01.37.30:476][  0]LogSlate: FSceneViewport::OnFocusLost() reason 2
[2019.03.21-01.37.30:953][  3]LogAssetRegistry: Asset discovery search completed in 87.1383 seconds
[2019.03.21-01.37.30:955][  3]LogCollectionManager: Rebuilt the object cache for 0 collections in 0.000001 seconds (found 0 objects)
[2019.03.21-01.37.30:955][  3]LogCollectionManager: Fixed up redirectors for 0 collections in 0.000228 seconds (updated 0 objects)
[2019.03.21-01.37.38:024][834]LogSlate: Window 'Message Log' being destroyed
[2019.03.21-01.37.38:027][834]LogSlate: Window 'Message Log' being destroyed
[2019.03.21-01.37.41:419][228]LogSlate: FSceneViewport::OnFocusLost() reason 0
[2019.03.21-01.37.41:502][238]LogTemp: Repeating last play command: Simulate
[2019.03.21-01.37.41:662][238]LogBlueprintUserMessages: Early PlayInEditor Detection: Level '/Game/LevelOne.LevelOne:PersistentLevel' has LevelScriptBlueprint '/Game/LevelOne.LevelOne:PersistentLevel.LevelOne' with GeneratedClass '/Game/LevelOne.LevelOne_C' with ClassGeneratedBy '/Game/LevelOne.LevelOne:PersistentLevel.LevelOne'
[2019.03.21-01.37.41:676][238]LogPlayLevel: PlayLevel: No blueprints needed recompiling
[2019.03.21-01.37.41:760][238]PIE: New page: SIE session: LevelOne (Mar 20, 2019, 5:37:41 PM)
[2019.03.21-01.37.41:815][238]LogPlayLevel: Creating play world package: /Game/UEDPIE_0_LevelOne
[2019.03.21-01.37.41:853][238]LogPlayLevel: PIE: StaticDuplicateObject took: (0.036747s)
[2019.03.21-01.37.41:854][238]LogAIModule: Creating AISystem for world LevelOne
[2019.03.21-01.37.41:855][238]LogPlayLevel: PIE: World Init took: (0.001724s)
[2019.03.21-01.37.41:855][238]LogPlayLevel: PIE: Created PIE world by copying editor world from /Game/LevelOne.LevelOne to /Game/UEDPIE_0_LevelOne.LevelOne (0.039659s)
[2019.03.21-01.37.41:980][238]LogInit: XAudio2 using 'Speakers (High Definition Audio Device)' : 2 channels at 48 kHz using 16 bits per sample (channel mask 0x3)
[2019.03.21-01.37.41:996][238]LogInit: FAudioDevice initialized.
[2019.03.21-01.37.42:067][238]LogLoad: Game class is 'ScaryMazeGameMode'
[2019.03.21-01.37.42:156][238]LogWorld: Bringing World /Game/UEDPIE_0_LevelOne.LevelOne up for play (max tick rate 0) at 2019.03.20-21.37.42
[2019.03.21-01.37.42:174][238]LogWorld: Bringing up level for play took: 0.018697
[2019.03.21-01.37.42:383][238]LogContentBrowser: Native class hierarchy updated for 'MovieSceneCapture' in 0.0010 seconds. Added 20 classes and 0 folders.
[2019.03.21-01.37.42:644][238]PIE: Play in editor start time for /Game/UEDPIE_0_LevelOne 0.398
[2019.03.21-01.37.42:658][238]LogBlueprintUserMessages: Late PlayInEditor Detection: Level '/Game/LevelOne.LevelOne:PersistentLevel' has LevelScriptBlueprint '/Game/LevelOne.LevelOne:PersistentLevel.LevelOne' with GeneratedClass '/Game/LevelOne.LevelOne_C' with ClassGeneratedBy '/Game/LevelOne.LevelOne:PersistentLevel.LevelOne'
[2019.03.21-01.37.43:849][302]LogSlate: Updating window title bar state: overlay mode, drag disabled, window buttons hidden, title bar hidden
[2019.03.21-01.38.32:768][ 57]LogBlueprintUserMessages: Early EndPlayMap Detection: Level '/Game/LevelOne.LevelOne:PersistentLevel' has LevelScriptBlueprint '/Game/LevelOne.LevelOne:PersistentLevel.LevelOne' with GeneratedClass '/Game/LevelOne.LevelOne_C' with ClassGeneratedBy '/Game/LevelOne.LevelOne:PersistentLevel.LevelOne'
[2019.03.21-01.38.32:805][ 57]LogSlate: Updating window title bar state: overlay mode, drag disabled, window buttons hidden, title bar hidden
[2019.03.21-01.38.32:916][ 57]LogPlayLevel: Display: Shutting down PIE online subsystems
[2019.03.21-01.38.32:917][ 57]LogBlueprintUserMessages: Late EndPlayMap Detection: Level '/Game/LevelOne.LevelOne:PersistentLevel' has LevelScriptBlueprint '/Game/LevelOne.LevelOne:PersistentLevel.LevelOne' with GeneratedClass '/Game/LevelOne.LevelOne_C' with ClassGeneratedBy '/Game/LevelOne.LevelOne:PersistentLevel.LevelOne'
[2019.03.21-01.38.33:010][ 57]LogSlate: Updating window title bar state: overlay mode, drag disabled, window buttons hidden, title bar hidden
[2019.03.21-01.38.33:098][ 58]LogPlayLevel: Display: Destroying online subsystem :Context_1
[2019.03.21-01.39.05:006][410]LogSlate: FSceneViewport::OnFocusLost() reason 0
[2019.03.21-01.39.05:382][415]LogSlate: Window 'ScaryMaze - Unreal Editor' being destroyed
[2019.03.21-01.39.05:391][415]LogWindowsTextInputMethodSystem: Display: IME system now deactivated.
[2019.03.21-01.39.05:979][416]Cmd: QUIT_EDITOR
[2019.03.21-01.39.06:603][416]LogExit: Preparing to exit.
[2019.03.21-01.39.08:410][416]LogExit: Editor shut down
[2019.03.21-01.39.08:411][416]LogExit: Transaction tracking system shut down
[2019.03.21-01.39.10:925][416]LogExit: Object subsystem successfully closed.
[2019.03.21-01.39.11:117][416]LogShaderCompilers: Display: Shaders left to compile 0
[2019.03.21-01.39.11:132][416]LogD3D11RHI: Shutdown
[2019.03.21-01.39.11:132][416]LogD3D11RHI: CleanupD3DDevice
[2019.03.21-01.39.11:207][416]LogD3D11RHI: ~FD3D11DynamicRHI
[2019.03.21-01.39.12:696][416]LogModuleManager: Shutting down and abandoning module MovieSceneCapture (630)
[2019.03.21-01.39.12:696][416]LogModuleManager: Shutting down and abandoning module Voice (628)
[2019.03.21-01.39.12:699][416]LogModuleManager: Shutting down and abandoning module HierarchicalLODOutliner (626)
[2019.03.21-01.39.12:700][416]LogModuleManager: Shutting down and abandoning module SceneOutliner (624)
[2019.03.21-01.39.12:710][416]LogModuleManager: Shutting down and abandoning module AddContentDialog (622)
[2019.03.21-01.39.12:734][416]LogModuleManager: Shutting down and abandoning module WidgetCarousel (621)
[2019.03.21-01.39.12:734][416]LogModuleManager: Shutting down and abandoning module EditorWidgets (618)
[2019.03.21-01.39.12:735][416]LogModuleManager: Shutting down and abandoning module CollectionManager (616)
[2019.03.21-01.39.12:745][416]LogModuleManager: Shutting down and abandoning module StatsViewer (614)
[2019.03.21-01.39.12:756][416]LogModuleManager: Shutting down and abandoning module FoliageEdit (612)
[2019.03.21-01.39.12:761][416]LogModuleManager: Shutting down and abandoning module LandscapeEditor (610)
[2019.03.21-01.39.12:787][416]LogModuleManager: Shutting down and abandoning module MeshPaintMode (608)
[2019.03.21-01.39.12:798][416]LogModuleManager: Shutting down and abandoning module SceneDepthPickerMode (606)
[2019.03.21-01.39.12:798][416]LogModuleManager: Shutting down and abandoning module ActorPickerMode (604)
[2019.03.21-01.39.12:798][416]LogModuleManager: Shutting down and abandoning module GeometryMode (602)
[2019.03.21-01.39.12:798][416]LogModuleManager: Shutting down and abandoning module TextureAlignMode (600)
[2019.03.21-01.39.12:798][416]LogModuleManager: Shutting down and abandoning module BspMode (598)
[2019.03.21-01.39.12:799][416]LogModuleManager: Shutting down and abandoning module PIEPreviewDeviceProfileSelector (596)
[2019.03.21-01.39.12:822][416]LogModuleManager: Shutting down and abandoning module SequenceRecorderSections (594)
[2019.03.21-01.39.12:834][416]LogModuleManager: Shutting down and abandoning module AutomationWorker (592)
[2019.03.21-01.39.12:834][416]LogModuleManager: Shutting down and abandoning module AudioCaptureEditor (590)
[2019.03.21-01.39.12:834][416]LogModuleManager: Shutting down and abandoning module MatineeToLevelSequence (588)
[2019.03.21-01.39.12:842][416]LogModuleManager: Shutting down and abandoning module LevelSequenceEditor (586)
[2019.03.21-01.39.12:884][416]LogModuleManager: Shutting down and abandoning module PlacementMode (585)
[2019.03.21-01.39.12:885][416]LogModuleManager: Shutting down and abandoning module MaterialEditor (584)
[2019.03.21-01.39.12:925][416]LogModuleManager: Shutting down and abandoning module WmfMediaFactory (580)
[2019.03.21-01.39.12:925][416]LogModuleManager: Shutting down and abandoning module WmfMediaEditor (578)
[2019.03.21-01.39.12:925][416]LogModuleManager: Shutting down and abandoning module WebMMediaFactory (576)
[2019.03.21-01.39.12:926][416]LogModuleManager: Shutting down and abandoning module WebMMediaEditor (574)
[2019.03.21-01.39.12:926][416]LogModuleManager: Shutting down and abandoning module WebMMedia (572)
[2019.03.21-01.39.12:937][416]LogModuleManager: Shutting down and abandoning module MediaPlayerEditor (570)
[2019.03.21-01.39.12:958][416]LogModuleManager: Shutting down and abandoning module MediaCompositingEditor (568)
[2019.03.21-01.39.12:979][416]LogModuleManager: Shutting down and abandoning module SequenceRecorder (567)
[2019.03.21-01.39.12:981][416]LogModuleManager: Shutting down and abandoning module OpenExrWrapper (564)
[2019.03.21-01.39.12:982][416]LogModuleManager: Shutting down and abandoning module ImgMediaFactory (562)
[2019.03.21-01.39.12:983][416]LogModuleManager: Shutting down and abandoning module ImgMediaEditor (560)
[2019.03.21-01.39.12:983][416]LogModuleManager: Shutting down and abandoning module AvfMediaFactory (558)
[2019.03.21-01.39.12:983][416]LogModuleManager: Shutting down and abandoning module AvfMediaEditor (556)
[2019.03.21-01.39.12:983][416]LogModuleManager: Shutting down and abandoning module AndroidMediaFactory (554)
[2019.03.21-01.39.12:983][416]LogModuleManager: Shutting down and abandoning module AndroidMediaEditor (552)
[2019.03.21-01.39.12:983][416]LogModuleManager: Shutting down and abandoning module MagicLeapCameraPreviewFactory (550)
[2019.03.21-01.39.12:984][416]LogModuleManager: Shutting down and abandoning module MagicLeapMediaFactory (548)
[2019.03.21-01.39.12:984][416]LogModuleManager: Shutting down and abandoning module MagicLeapMediaEditor (546)
[2019.03.21-01.39.12:984][416]LogModuleManager: Shutting down and abandoning module CharacterAI (544)
[2019.03.21-01.39.12:984][416]LogModuleManager: Shutting down and abandoning module SmartSnapping (542)
[2019.03.21-01.39.12:984][416]LogModuleManager: Shutting down and abandoning module SessionServices (540)
[2019.03.21-01.39.12:984][416]LogModuleManager: Shutting down and abandoning module ViewportSnapping (538)
[2019.03.21-01.39.12:985][416]LogModuleManager: Shutting down and abandoning module ViewportInteraction (536)
[2019.03.21-01.39.12:985][416]LogModuleManager: Shutting down and abandoning module ClothPainter (534)
[2019.03.21-01.39.13:007][416]LogModuleManager: Shutting down and abandoning module SkeletalMeshEditor (533)
[2019.03.21-01.39.13:048][416]LogModuleManager: Shutting down and abandoning module LogVisualizer (530)
[2019.03.21-01.39.13:096][416]LogModuleManager: Shutting down and abandoning module IntroTutorials (528)
[2019.03.21-01.39.13:153][416]LogModuleManager: Shutting down and abandoning module GameProjectGeneration (527)
[2019.03.21-01.39.13:174][416]LogModuleManager: Shutting down and abandoning module LuminPlatformEditor (524)
[2019.03.21-01.39.13:174][416]LogModuleManager: Shutting down and abandoning module IOSPlatformEditor (522)
[2019.03.21-01.39.13:175][416]LogModuleManager: Shutting down and abandoning module HTML5PlatformEditor (520)
[2019.03.21-01.39.13:175][416]LogModuleManager: Shutting down and abandoning module AndroidPlatformEditor (518)
[2019.03.21-01.39.13:175][416]LogModuleManager: Shutting down and abandoning module AndroidDeviceDetection (517)
[2019.03.21-01.39.14:286][416]LogModuleManager: Shutting down and abandoning module WindowsPlatformEditor (514)
[2019.03.21-01.39.14:286][416]LogModuleManager: Shutting down and abandoning module LuminRuntimeSettings (512)
[2019.03.21-01.39.14:286][416]LogModuleManager: Shutting down and abandoning module IOSRuntimeSettings (510)
[2019.03.21-01.39.14:287][416]LogModuleManager: Shutting down and abandoning module AndroidRuntimeSettings (508)
[2019.03.21-01.39.14:287][416]LogModuleManager: Shutting down and abandoning module TimeManagementEditor (506)
[2019.03.21-01.39.14:287][416]LogModuleManager: Shutting down and abandoning module InputBindingEditor (504)
[2019.03.21-01.39.14:398][416]LogModuleManager: Shutting down and abandoning module MergeActors (502)
[2019.03.21-01.39.14:408][416]LogModuleManager: Shutting down and abandoning module LocalizationDashboard (500)
[2019.03.21-01.39.14:421][416]LogModuleManager: Shutting down and abandoning module LocalizationService (499)
[2019.03.21-01.39.14:433][416]LogModuleManager: Shutting down and abandoning module HardwareTargeting (496)
[2019.03.21-01.39.14:433][416]LogModuleManager: Shutting down and abandoning module DeviceProfileEditor (494)
[2019.03.21-01.39.14:441][416]LogModuleManager: Shutting down and abandoning module UndoHistory (492)
[2019.03.21-01.39.14:451][416]LogModuleManager: Shutting down and abandoning module XmlParser (490)
[2019.03.21-01.39.14:451][416]LogModuleManager: Shutting down and abandoning module Blutility (488)
[2019.03.21-01.39.14:459][416]LogModuleManager: Shutting down and abandoning module ProjectSettingsViewer (486)
[2019.03.21-01.39.14:459][416]LogModuleManager: Shutting down and abandoning module ProjectTargetPlatformEditor (485)
[2019.03.21-01.39.14:460][416]LogModuleManager: Shutting down and abandoning module EditorSettingsViewer (482)
[2019.03.21-01.39.14:460][416]LogModuleManager: Shutting down and abandoning module SettingsEditor (480)
[2019.03.21-01.39.14:478][416]LogModuleManager: Shutting down and abandoning module ProjectLauncher (478)
[2019.03.21-01.39.14:488][416]LogModuleManager: Shutting down and abandoning module SessionFrontend (476)
[2019.03.21-01.39.14:501][416]LogModuleManager: Shutting down and abandoning module ProfilerClient (474)
[2019.03.21-01.39.14:505][416]LogModuleManager: Shutting down and abandoning module DeviceManager (472)
[2019.03.21-01.39.14:509][416]LogModuleManager: Shutting down and abandoning module TargetDeviceServices (471)
[2019.03.21-01.39.14:578][416]LogModuleManager: Shutting down and abandoning module AutomationController (468)
[2019.03.21-01.39.14:600][416]LogModuleManager: Shutting down and abandoning module AutomationWindow (466)
[2019.03.21-01.39.14:614][416]LogModuleManager: Shutting down and abandoning module Layers (464)
[2019.03.21-01.39.14:632][416]LogModuleManager: Shutting down and abandoning module ComponentVisualizers (462)
[2019.03.21-01.39.14:633][416]LogModuleManager: Shutting down and abandoning module DetailCustomizations (460)
[2019.03.21-01.39.14:655][416]LogModuleManager: Shutting down and abandoning module PackagesDialog (458)
[2019.03.21-01.39.14:671][416]LogModuleManager: Shutting down and abandoning module Persona (456)
[2019.03.21-01.39.14:703][416]LogModuleManager: Shutting down and abandoning module AdvancedPreviewScene (455)
[2019.03.21-01.39.14:703][416]LogModuleManager: Shutting down and abandoning module AnimGraph (453)
[2019.03.21-01.39.14:706][416]LogModuleManager: Shutting down and abandoning module Kismet (450)
[2019.03.21-01.39.14:736][416]LogModuleManager: Shutting down and abandoning module GraphEditor (448)
[2019.03.21-01.39.14:777][416]LogModuleManager: Shutting down and abandoning module ClassViewer (446)
[2019.03.21-01.39.14:777][416]LogModuleManager: Shutting down and abandoning module Toolbox (444)
[2019.03.21-01.39.14:777][416]LogModuleManager: Shutting down and abandoning module DesktopPlatform (443)
[2019.03.21-01.39.14:795][416]LogModuleManager: Shutting down and abandoning module ModuleUI (440)
[2019.03.21-01.39.14:798][416]LogModuleManager: Shutting down and abandoning module MovieSceneTools (438)
[2019.03.21-01.39.14:798][416]LogModuleManager: Shutting down and abandoning module OutputLog (436)
[2019.03.21-01.39.14:798][416]LogModuleManager: Shutting down and abandoning module GammaUI (434)
[2019.03.21-01.39.14:816][416]LogModuleManager: Shutting down and abandoning module Documentation (432)
[2019.03.21-01.39.14:816][416]LogModuleManager: Shutting down and abandoning module MovieSceneTracks (430)
[2019.03.21-01.39.14:817][416]LogModuleManager: Shutting down and abandoning module MovieScene (428)
[2019.03.21-01.39.14:822][416]LogModuleManager: Shutting down and abandoning module StreamingPauseRendering (426)
[2019.03.21-01.39.14:833][416]LogModuleManager: Shutting down and abandoning module LauncherPlatform (424)
[2019.03.21-01.39.14:833][416]LogModuleManager: Shutting down and abandoning module AnalyticsET (422)
[2019.03.21-01.39.14:833][416]LogModuleManager: Shutting down and abandoning module PortalServices (420)
[2019.03.21-01.39.14:833][416]LogModuleManager: Shutting down and abandoning module PortalRpc (418)
[2019.03.21-01.39.14:833][416]LogModuleManager: Shutting down and abandoning module MessagingRpc (416)
[2019.03.21-01.39.14:834][416]LogModuleManager: Shutting down and abandoning module AIModule (414)
[2019.03.21-01.39.14:847][416]LogModuleManager: Shutting down and abandoning module GameplayDebugger (413)
[2019.03.21-01.39.14:847][416]LogModuleManager: Shutting down and abandoning module AITestSuite (411)
[2019.03.21-01.39.14:854][416]LogModuleManager: Shutting down and abandoning module NavigationSystem (409)
[2019.03.21-01.39.14:854][416]LogModuleManager: Shutting down and abandoning module ImageWriteQueue (406)
[2019.03.21-01.39.14:864][416]LogModuleManager: Shutting down and abandoning module ProfilerService (404)
[2019.03.21-01.39.14:961][416]LogModuleManager: Shutting down and abandoning module TaskGraph (402)
[2019.03.21-01.39.14:979][416]LogModuleManager: Shutting down and abandoning module SteamVRController (400)
[2019.03.21-01.39.14:982][416]LogModuleManager: Shutting down and abandoning module ProceduralMeshComponentEditor (398)
[2019.03.21-01.39.14:984][416]LogModuleManager: Shutting down and abandoning module ProceduralMeshComponent (396)
[2019.03.21-01.39.14:990][416]LogModuleManager: Shutting down and abandoning module OculusInput (394)
[2019.03.21-01.39.14:990][416]LogModuleManager: Shutting down and abandoning module MobilePatchingUtils (392)
[2019.03.21-01.39.14:991][416]LogModuleManager: Shutting down and abandoning module EditableMesh (390)
[2019.03.21-01.39.14:998][416]LogModuleManager: Shutting down and abandoning module CustomMeshComponent (388)
[2019.03.21-01.39.14:998][416]LogModuleManager: Shutting down and abandoning module CableComponent (386)
[2019.03.21-01.39.15:005][416]LogModuleManager: Shutting down and abandoning module AudioCapture (384)
[2019.03.21-01.39.15:006][416]LogModuleManager: Shutting down and abandoning module ArchVisCharacter (382)
[2019.03.21-01.39.15:006][416]LogModuleManager: Shutting down and abandoning module AndroidPermission (380)
[2019.03.21-01.39.15:006][416]LogModuleManager: Shutting down and abandoning module NUTUnrealEngine4 (378)
[2019.03.21-01.39.15:011][416]LogModuleManager: Shutting down and abandoning module NetcodeUnitTest (376)
[2019.03.21-01.39.15:018][416]LogModuleManager: Shutting down and abandoning module MediaCompositing (374)
[2019.03.21-01.39.15:018][416]LogModuleManager: Shutting down and abandoning module LinearTimecode (372)
[2019.03.21-01.39.15:018][416]LogModuleManager: Shutting down and abandoning module ImgMedia (370)
[2019.03.21-01.39.15:026][416]LogModuleManager: Shutting down and abandoning module HTML5Networking (368)
[2019.03.21-01.39.15:026][416]LogModuleManager: Shutting down and abandoning module GeometryCacheTracks (366)
[2019.03.21-01.39.15:026][416]LogModuleManager: Shutting down and abandoning module GeometryCacheSequencer (364)
[2019.03.21-01.39.15:026][416]LogModuleManager: Shutting down and abandoning module BackChannel (362)
[2019.03.21-01.39.15:031][416]LogModuleManager: Shutting down and abandoning module AppleVision (360)
[2019.03.21-01.39.15:031][416]LogModuleManager: Shutting down and abandoning module AppleImageUtilsBlueprintSupport (358)
[2019.03.21-01.39.15:031][416]LogModuleManager: Shutting down and abandoning module AppleImageUtils (356)
[2019.03.21-01.39.15:031][416]LogModuleManager: Shutting down and abandoning module AlembicImporter (354)
[2019.03.21-01.39.15:031][416]LogModuleManager: Shutting down and abandoning module AlembicLibrary (353)
[2019.03.21-01.39.15:031][416]LogModuleManager: Shutting down and abandoning module GeometryCache (352)
[2019.03.21-01.39.15:032][416]LogModuleManager: Shutting down and abandoning module GeometryCacheEd (351)
[2019.03.21-01.39.15:032][416]LogModuleManager: Shutting down and abandoning module VariantManagerContent (346)
[2019.03.21-01.39.15:032][416]LogModuleManager: Shutting down and abandoning module DatasmithContentEditor (344)
[2019.03.21-01.39.15:040][416]LogModuleManager: Shutting down and abandoning module SpeedTreeImporter (342)
[2019.03.21-01.39.15:040][416]LogModuleManager: Shutting down and abandoning module PluginBrowser (340)
[2019.03.21-01.39.15:053][416]LogModuleManager: Shutting down and abandoning module MobileLauncherProfileWizard (338)
[2019.03.21-01.39.15:057][416]LogModuleManager: Shutting down and abandoning module PolygonModeling (336)
[2019.03.21-01.39.15:057][416]LogModuleManager: Shutting down and abandoning module MeshEditor (334)
[2019.03.21-01.39.15:066][416]LogModuleManager: Shutting down and abandoning module CryptoKeysOpenSSL (332)
[2019.03.21-01.39.15:072][416]LogModuleManager: Shutting down and abandoning module CryptoKeys (330)
[2019.03.21-01.39.15:072][416]LogModuleManager: Shutting down and abandoning module VisualStudioSourceCodeAccess (328)
[2019.03.21-01.39.15:072][416]LogModuleManager: Shutting down and abandoning module VisualStudioCodeSourceCodeAccess (326)
[2019.03.21-01.39.15:072][416]LogModuleManager: Shutting down and abandoning module UObjectPlugin (324)
[2019.03.21-01.39.15:073][416]LogModuleManager: Shutting down and abandoning module SubversionSourceControl (322)
[2019.03.21-01.39.15:080][416]LogModuleManager: Shutting down and abandoning module PerforceSourceControl (320)
[2019.03.21-01.39.15:111][416]LogModuleManager: Shutting down and abandoning module GitSourceControl (318)
[2019.03.21-01.39.15:129][416]LogModuleManager: Shutting down and abandoning module SourceControl (317)
[2019.03.21-01.39.15:139][416]LogModuleManager: Shutting down and abandoning module CLionSourceCodeAccess (314)
[2019.03.21-01.39.15:144][416]LogModuleManager: Shutting down and abandoning module ActorLayerUtilitiesEditor (312)
[2019.03.21-01.39.15:144][416]LogModuleManager: Shutting down and abandoning module ActorLayerUtilities (310)
[2019.03.21-01.39.15:144][416]LogModuleManager: Shutting down and abandoning module LightPropagationVolumeEditor (308)
[2019.03.21-01.39.15:145][416]LogModuleManager: Shutting down and abandoning module PaperTiledImporter (306)
[2019.03.21-01.39.15:145][416]LogModuleManager: Shutting down and abandoning module PaperSpriteSheetImporter (304)
[2019.03.21-01.39.15:155][416]LogModuleManager: Shutting down and abandoning module Paper2DEditor (302)
[2019.03.21-01.39.15:165][416]LogModuleManager: Shutting down and abandoning module MeshPaint (301)
[2019.03.21-01.39.15:177][416]LogModuleManager: Shutting down and abandoning module ScaryMaze (298)
[2019.03.21-01.39.15:177][416]LogModuleManager: Shutting down and abandoning module MeshBuilder (297)
[2019.03.21-01.39.15:177][416]LogModuleManager: Shutting down and abandoning module RuntimePhysXCooking (294)
[2019.03.21-01.39.15:178][416]LogModuleManager: Shutting down and abandoning module PhysXVehiclesEditor (292)
[2019.03.21-01.39.15:178][416]LogModuleManager: Shutting down and abandoning module PhysXVehicles (290)
[2019.03.21-01.39.15:178][416]LogModuleManager: Shutting down and abandoning module OculusEditor (288)
[2019.03.21-01.39.15:183][416]LogModuleManager: Shutting down and abandoning module LocationServicesBPLibrary (286)
[2019.03.21-01.39.15:183][416]LogModuleManager: Shutting down and abandoning module ActorSequence (284)
[2019.03.21-01.39.15:184][416]LogModuleManager: Shutting down and abandoning module UdpMessaging (282)
[2019.03.21-01.39.15:285][416]LogModuleManager: Shutting down and abandoning module TcpMessaging (280)
[2019.03.21-01.39.15:399][416]LogModuleManager: Shutting down and abandoning module MagicLeapAudio (278)
[2019.03.21-01.39.15:399][416]LogModuleManager: Shutting down and abandoning module GameplayTagsEditor (276)
[2019.03.21-01.39.15:419][416]LogModuleManager: Shutting down and abandoning module FacialAnimationEditor (274)
[2019.03.21-01.39.15:419][416]LogModuleManager: Shutting down and abandoning module FacialAnimation (272)
[2019.03.21-01.39.15:419][416]LogModuleManager: Shutting down and abandoning module DataValidation (270)
[2019.03.21-01.39.15:419][416]LogModuleManager: Shutting down and abandoning module AssetManagerEditor (268)
[2019.03.21-01.39.15:429][416]LogModuleManager: Shutting down and abandoning module LevelEditor (267)
[2019.03.21-01.39.15:435][416]LogModuleManager: Shutting down and abandoning module PixelInspectorModule (266)
[2019.03.21-01.39.15:446][416]LogModuleManager: Shutting down and abandoning module CommonMenuExtensions (264)
[2019.03.21-01.39.15:446][416]LogModuleManager: Shutting down and abandoning module MainFrame (262)
[2019.03.21-01.39.15:447][416]LogModuleManager: Shutting down and abandoning module HotReload (261)
[2019.03.21-01.39.15:466][416]LogModuleManager: Shutting down and abandoning module ContentBrowser (257)
[2019.03.21-01.39.15:479][416]LogModuleManager: Shutting down and abandoning module TreeMap (255)
[2019.03.21-01.39.15:491][416]LogModuleManager: Shutting down and abandoning module LightPropagationVolumeRuntime (252)
[2019.03.21-01.39.15:491][416]LogModuleManager: Shutting down and abandoning module AISupportModule (250)
[2019.03.21-01.39.15:492][416]LogModuleManager: Shutting down and abandoning module Paper2D (248)
[2019.03.21-01.39.15:501][416]LogModuleManager: Shutting down and abandoning module WindowsMoviePlayer (246)
[2019.03.21-01.39.15:505][416]LogModuleManager: Shutting down and abandoning module WebMMoviePlayer (244)
[2019.03.21-01.39.15:505][416]LogModuleManager: Shutting down and abandoning module WmfMedia (242)
[2019.03.21-01.39.15:520][416]LogModuleManager: Shutting down and abandoning module Media (241)
[2019.03.21-01.39.15:528][416]LogModuleManager: Shutting down and abandoning module PacketHandler (238)
[2019.03.21-01.39.15:528][416]LogModuleManager: Shutting down and abandoning module ClothingSystemEditor (236)
[2019.03.21-01.39.15:528][416]LogModuleManager: Shutting down and abandoning module ClothingSystemRuntime (234)
[2019.03.21-01.39.15:545][416]LogModuleManager: Shutting down and abandoning module MediaAssets (232)
[2019.03.21-01.39.15:549][416]LogModuleManager: Shutting down and abandoning module Overlay (230)
[2019.03.21-01.39.15:549][416]LogModuleManager: Shutting down and abandoning module OverlayEditor (229)
[2019.03.21-01.39.15:549][416]LogModuleManager: Shutting down and abandoning module VREditor (226)
[2019.03.21-01.39.15:562][416]LogModuleManager: Shutting down and abandoning module StringTableEditor (224)
[2019.03.21-01.39.15:577][416]LogModuleManager: Shutting down and abandoning module GameplayTasksEditor (222)
[2019.03.21-01.39.15:578][416]LogModuleManager: Shutting down and abandoning module BehaviorTreeEditor (220)
[2019.03.21-01.39.15:596][416]LogModuleManager: Shutting down and abandoning module FunctionalTesting (218)
[2019.03.21-01.39.15:602][416]LogModuleManager: Shutting down and abandoning module CollisionAnalyzer (216)
[2019.03.21-01.39.15:617][416]LogModuleManager: Shutting down and abandoning module WorkspaceMenuStructure (215)
[2019.03.21-01.39.15:618][416]LogModuleManager: Shutting down and abandoning module UMG (212)
[2019.03.21-01.39.15:618][416]LogModuleManager: Shutting down and abandoning module UMGEditor (211)
[2019.03.21-01.39.15:628][416]LogModuleManager: Shutting down and abandoning module Sequencer (210)
[2019.03.21-01.39.15:661][416]LogModuleManager: Shutting down and abandoning module MessageLog (207)
[2019.03.21-01.39.15:661][416]LogModuleManager: Shutting down and abandoning module SlateReflector (202)
[2019.03.21-01.39.15:681][416]LogModuleManager: Shutting down and abandoning module Slate (200)
[2019.03.21-01.39.15:681][416]LogModuleManager: Shutting down and abandoning module EditorStyle (198)
[2019.03.21-01.39.15:683][416]LogModuleManager: Shutting down and abandoning module MRMesh (196)
[2019.03.21-01.39.15:692][416]LogModuleManager: Shutting down and abandoning module SourceCodeAccess (194)
[2019.03.21-01.39.15:692][416]LogModuleManager: Shutting down and abandoning module HeadMountedDisplay (192)
[2019.03.21-01.39.15:692][416]LogModuleManager: Shutting down and abandoning module XAudio2 (190)
[2019.03.21-01.39.15:692][416]LogModuleManager: Shutting down and abandoning module Networking (188)
[2019.03.21-01.39.15:692][416]LogModuleManager: Shutting down and abandoning module Core (186)
[2019.03.21-01.39.15:693][416]LogModuleManager: Shutting down and abandoning module LevelSequence (184)
[2019.03.21-01.39.15:700][416]LogModuleManager: Shutting down and abandoning module KismetCompiler (182)
[2019.03.21-01.39.15:700][416]LogModuleManager: Shutting down and abandoning module MeshUtilities (180)
[2019.03.21-01.39.15:710][416]LogModuleManager: Shutting down and abandoning module MeshMergeUtilities (179)
[2019.03.21-01.39.15:722][416]LogModuleManager: Shutting down and abandoning module MeshReductionInterface (178)
[2019.03.21-01.39.15:723][416]LogModuleManager: Shutting down and abandoning module SimplygonSwarm (177)
[2019.03.21-01.39.15:728][416]LogModuleManager: Shutting down and abandoning module ProxyLODMeshReduction (175)
[2019.03.21-01.39.15:745][416]LogModuleManager: Shutting down and abandoning module SimplygonMeshReduction (173)
[2019.03.21-01.39.15:745][416]LogModuleManager: Shutting down and abandoning module QuadricMeshReduction (171)
[2019.03.21-01.39.15:755][416]LogModuleManager: Shutting down and abandoning module MaterialBaking (167)
[2019.03.21-01.39.15:759][416]LogModuleManager: Shutting down and abandoning module DirectoryWatcher (163)
[2019.03.21-01.39.15:760][416]LogModuleManager: Shutting down and abandoning module DerivedDataCache (160)
[2019.03.21-01.39.15:803][416]LogDerivedDataCache: Shutdown
[2019.03.21-01.39.15:804][416]LogModuleManager: Shutting down and abandoning module XGEController (158)
[2019.03.21-01.39.15:864][416]LogXGEController: Cleaning working directory: C:/Users/Luis/AppData/Local/Temp/UnrealXGEWorkingDir/
[2019.03.21-01.39.15:872][416]LogModuleManager: Shutting down and abandoning module TargetPlatform (156)
[2019.03.21-01.39.15:872][416]LogModuleManager: Shutting down and abandoning module VulkanShaderFormat (155)
[2019.03.21-01.39.15:879][416]LogModuleManager: Shutting down and abandoning module ShaderFormatVectorVM (153)
[2019.03.21-01.39.15:885][416]LogModuleManager: Shutting down and abandoning module ShaderFormatOpenGL (151)
[2019.03.21-01.39.15:892][416]LogModuleManager: Shutting down and abandoning module ShaderFormatD3D (149)
[2019.03.21-01.39.15:892][416]LogModuleManager: Shutting down and abandoning module MetalShaderFormat (147)
[2019.03.21-01.39.15:906][416]LogModuleManager: Shutting down and abandoning module TextureFormatUncompressed (145)
[2019.03.21-01.39.15:906][416]LogModuleManager: Shutting down and abandoning module TextureFormatPVR (143)
[2019.03.21-01.39.15:906][416]LogModuleManager: Shutting down and abandoning module TextureFormatDXT (141)
[2019.03.21-01.39.15:910][416]LogModuleManager: Shutting down and abandoning module TextureFormatIntelISPCTexComp (139)
[2019.03.21-01.39.15:922][416]LogModuleManager: Shutting down and abandoning module TextureFormatASTC (137)
[2019.03.21-01.39.15:922][416]LogModuleManager: Shutting down and abandoning module ImageWrapper (136)
[2019.03.21-01.39.15:923][416]LogModuleManager: Shutting down and abandoning module TextureFormatAndroid (133)
[2019.03.21-01.39.15:923][416]LogModuleManager: Shutting down and abandoning module AudioFormatOpus (131)
[2019.03.21-01.39.15:923][416]LogModuleManager: Shutting down and abandoning module AudioFormatOgg (129)
[2019.03.21-01.39.15:924][416]LogModuleManager: Shutting down and abandoning module AudioFormatADPCM (127)
[2019.03.21-01.39.15:924][416]LogModuleManager: Shutting down and abandoning module LuminTargetPlatform (125)
[2019.03.21-01.39.15:932][416]LogModuleManager: Shutting down and abandoning module LinuxTargetPlatform (123)
[2019.03.21-01.39.15:932][416]LogModuleManager: Shutting down and abandoning module LinuxServerTargetPlatform (121)
[2019.03.21-01.39.15:932][416]LogModuleManager: Shutting down and abandoning module LinuxNoEditorTargetPlatform (119)
[2019.03.21-01.39.15:932][416]LogModuleManager: Shutting down and abandoning module LinuxClientTargetPlatform (117)
[2019.03.21-01.39.15:932][416]LogModuleManager: Shutting down and abandoning module TVOSTargetPlatform (115)
[2019.03.21-01.39.15:943][416]LogModuleManager: Shutting down and abandoning module Messaging (113)
[2019.03.21-01.39.15:943][416]LogModuleManager: Shutting down and abandoning module IOSTargetPlatform (111)
[2019.03.21-01.39.15:944][416]LogModuleManager: Shutting down and abandoning module HTML5TargetPlatform (109)
[2019.03.21-01.39.15:945][416]LogModuleManager: Shutting down and abandoning module AndroidTargetPlatform (107)
[2019.03.21-01.39.15:954][416]LogModuleManager: Shutting down and abandoning module WindowsTargetPlatform (105)
[2019.03.21-01.39.15:954][416]LogModuleManager: Shutting down and abandoning module WindowsServerTargetPlatform (103)
[2019.03.21-01.39.15:955][416]LogModuleManager: Shutting down and abandoning module WindowsNoEditorTargetPlatform (101)
[2019.03.21-01.39.15:955][416]LogModuleManager: Shutting down and abandoning module WindowsClientTargetPlatform (99)
[2019.03.21-01.39.15:955][416]LogModuleManager: Shutting down and abandoning module MacTargetPlatform (97)
[2019.03.21-01.39.15:955][416]LogModuleManager: Shutting down and abandoning module MacServerTargetPlatform (95)
[2019.03.21-01.39.15:955][416]LogModuleManager: Shutting down and abandoning module MacNoEditorTargetPlatform (93)
[2019.03.21-01.39.15:955][416]LogModuleManager: Shutting down and abandoning module MacClientTargetPlatform (91)
[2019.03.21-01.39.15:956][416]LogModuleManager: Shutting down and abandoning module AllDesktopTargetPlatform (89)
[2019.03.21-01.39.15:956][416]LogModuleManager: Shutting down and abandoning module InputCore (86)
[2019.03.21-01.39.15:956][416]LogModuleManager: Shutting down and abandoning module Settings (84)
[2019.03.21-01.39.15:956][416]LogModuleManager: Shutting down and abandoning module PhysXCooking (82)
[2019.03.21-01.39.15:956][416]LogModuleManager: Shutting down and abandoning module SteamVR (80)
[2019.03.21-01.39.15:971][416]LogHMD: Freeing OpenVRDLLHandle.
[2019.03.21-01.39.15:979][416]LogModuleManager: Shutting down and abandoning module OculusHMD (78)
[2019.03.21-01.39.15:984][416]LogModuleManager: Shutting down and abandoning module ExampleDeviceProfileSelector (76)
[2019.03.21-01.39.15:984][416]LogModuleManager: Shutting down and abandoning module LauncherChunkInstaller (74)
[2019.03.21-01.39.15:984][416]LogModuleManager: Shutting down and abandoning module OnlineBlueprintSupport (72)
[2019.03.21-01.39.15:984][416]LogModuleManager: Shutting down and abandoning module OnlineSubsystem (68)
[2019.03.21-01.39.15:991][416]LogModuleManager: Shutting down and abandoning module XMPP (63)
[2019.03.21-01.39.16:011][416]LogModuleManager: Shutting down and abandoning module WebSockets (62)
[2019.03.21-01.39.16:045][416]LogModuleManager: Shutting down and abandoning module HTTP (59)
[2019.03.21-01.39.16:045][416]LogHttp: Display: Http module shutting down, but needs to wait on 1 outstanding Http requests:
[2019.03.21-01.39.16:045][416]LogHttp: Display: 	verb=[POST] url=[https://datarouter.ol.epicgames.com/datarouter/api/v1/public/data?SessionID=%7B835AC8B7-4D86-AAE2-2FAD-F89AE65E3822%7D&AppID=UEEditor.Rocket.Release&AppVersion=4.21.2-4753647%2B%2B%2BUE4%2BRelease-4.21&UserID=a28bfefe416f938d8892d5919f8122ba%7Cf2ab6a10a4a1461db628e59e0954d504%7C64746a7f-6a90-4c44-bf3b-0ffd5230c115&AppEnvironment=datacollector-binary&UploadType=eteventstream] status=Processing
[2019.03.21-01.39.16:073][416]LogModuleManager: Shutting down and abandoning module SSL (58)
[2019.03.21-01.39.16:075][416]LogModuleManager: Shutting down and abandoning module MagicLeapIdentity (54)
[2019.03.21-01.39.16:075][416]LogModuleManager: Shutting down and abandoning module MagicLeapHelperVulkan (52)
[2019.03.21-01.39.16:075][416]LogModuleManager: Shutting down and abandoning module MagicLeapHelperOpenGL (50)
[2019.03.21-01.39.16:076][416]LogModuleManager: Shutting down and abandoning module MagicLeapSecureStorage (48)
[2019.03.21-01.39.16:076][416]LogModuleManager: Shutting down and abandoning module MagicLeapHandTracking (46)
[2019.03.21-01.39.16:076][416]LogModuleManager: Shutting down and abandoning module MagicLeapEyeTracker (44)
[2019.03.21-01.39.16:076][416]LogModuleManager: Shutting down and abandoning module MagicLeapController (42)
[2019.03.21-01.39.16:077][416]LogSlate: Slate User Destroyed.  User Index 0, Is Virtual User: 0
[2019.03.21-01.39.16:078][416]LogModuleManager: Shutting down and abandoning module MagicLeap (40)
[2019.03.21-01.39.16:120][416]LogModuleManager: Shutting down and abandoning module DatasmithContent (38)
[2019.03.21-01.39.16:122][416]LogModuleManager: Shutting down and abandoning module AnimationModifiers (36)
[2019.03.21-01.39.16:158][416]LogModuleManager: Shutting down and abandoning module PropertyEditor (35)
[2019.03.21-01.39.16:166][416]LogModuleManager: Shutting down and abandoning module AudioEditor (32)
[2019.03.21-01.39.16:202][416]LogModuleManager: Shutting down and abandoning module TextureCompressor (30)
[2019.03.21-01.39.16:210][416]LogModuleManager: Shutting down and abandoning module ShaderCore (28)
[2019.03.21-01.39.16:210][416]LogModuleManager: Shutting down and abandoning module Landscape (26)
[2019.03.21-01.39.16:210][416]LogModuleManager: Shutting down and abandoning module SlateRHIRenderer (24)
[2019.03.21-01.39.16:217][416]LogModuleManager: Shutting down and abandoning module OpenGLDrv (22)
[2019.03.21-01.39.16:228][416]LogModuleManager: Shutting down and abandoning module D3D11RHI (20)
[2019.03.21-01.39.16:228][416]LogModuleManager: Shutting down and abandoning module AnimGraphRuntime (18)
[2019.03.21-01.39.16:240][416]LogModuleManager: Shutting down and abandoning module Renderer (16)
[2019.03.21-01.39.16:240][416]LogModuleManager: Shutting down and abandoning module Engine (14)
[2019.03.21-01.39.16:240][416]LogModuleManager: Shutting down and abandoning module CoreUObject (12)
[2019.03.21-01.39.16:240][416]LogModuleManager: Shutting down and abandoning module NetworkFile (10)
[2019.03.21-01.39.16:248][416]LogModuleManager: Shutting down and abandoning module CookedIterativeFile (8)
[2019.03.21-01.39.16:248][416]LogModuleManager: Shutting down and abandoning module StreamingFile (6)
[2019.03.21-01.39.16:254][416]LogModuleManager: Shutting down and abandoning module SandboxFile (4)
[2019.03.21-01.39.16:254][416]LogModuleManager: Shutting down and abandoning module PakFile (2)
[2019.03.21-01.39.16:295][416]LogExit: Exiting.
[2019.03.21-01.39.16:303][416]Log file closed, 03/20/19 21:39:16
