Log file open, 04/04/19 10:11:40
LogWindows: Failed to load 'aqProf.dll' (GetLastError=126)
LogWindows: File 'aqProf.dll' does not exist
LogWindows: Failed to load 'VtuneApi.dll' (GetLastError=126)
LogWindows: File 'VtuneApi.dll' does not exist
LogWindows: Failed to load 'VtuneApi32e.dll' (GetLastError=126)
LogWindows: File 'VtuneApi32e.dll' does not exist
LogConsoleResponse: Display: Failed to find resolution value strings in scalability ini. Falling back to default.
LogInit: Display: Running engine for game: ScaryMaze
LogPakFile: Registered encryption key '00000000000000000000000000000000': 0 pak files mounted, 0 remain pending
LogPlatformFile: Not using cached read wrapper
LogTaskGraph: Started task graph with 5 named threads and 11 total threads with 3 sets of task threads.
LogStats: Stats thread started at 0.354674
LogD3D11RHI: Loaded GFSDK_Aftermath_Lib.x64.dll
LogICUInternationalization: ICU TimeZone Detection - Raw Offset: -5:00, Platform Override: ''
LogPluginManager: Mounting plugin Paper2D
LogPluginManager: Mounting plugin AISupport
LogPluginManager: Mounting plugin LightPropagationVolume
LogPluginManager: Mounting plugin ActorLayerUtilities
LogPluginManager: Mounting plugin CLionSourceCodeAccess
LogPluginManager: Mounting plugin CodeLiteSourceCodeAccess
LogPluginManager: Mounting plugin GitSourceControl
LogPluginManager: Mounting plugin KDevelopSourceCodeAccess
LogPluginManager: Mounting plugin NullSourceCodeAccess
LogPluginManager: Mounting plugin PerforceSourceControl
LogPluginManager: Mounting plugin SubversionSourceControl
LogPluginManager: Mounting plugin UObjectPlugin
LogPluginManager: Mounting plugin VisualStudioCodeSourceCodeAccess
LogPluginManager: Mounting plugin VisualStudioSourceCodeAccess
LogPluginManager: Mounting plugin XCodeSourceCodeAccess
LogPluginManager: Mounting plugin AssetManagerEditor
LogPluginManager: Mounting plugin CryptoKeys
LogPluginManager: Mounting plugin DataValidation
LogPluginManager: Mounting plugin FacialAnimation
LogPluginManager: Mounting plugin GameplayTagsEditor
LogPluginManager: Mounting plugin MacGraphicsSwitching
LogPluginManager: Mounting plugin MeshEditor
LogPluginManager: Mounting plugin MobileLauncherProfileWizard
LogPluginManager: Mounting plugin PluginBrowser
LogPluginManager: Mounting plugin SpeedTreeImporter
LogPluginManager: Mounting plugin DatasmithContent
LogPluginManager: Mounting plugin VariantManagerContent
LogPluginManager: Mounting plugin AlembicImporter
LogPluginManager: Mounting plugin AppleImageUtils
LogPluginManager: Mounting plugin AppleVision
LogPluginManager: Mounting plugin BackChannel
LogPluginManager: Mounting plugin CharacterAI
LogPluginManager: Mounting plugin GeometryCache
LogPluginManager: Mounting plugin HTML5Networking
LogPluginManager: Mounting plugin ProxyLODPlugin
LogPluginManager: Mounting plugin MagicLeap
LogPluginManager: Mounting plugin MagicLeapMedia
LogPluginManager: Mounting plugin AndroidMedia
LogPluginManager: Mounting plugin AvfMedia
LogPluginManager: Mounting plugin ImgMedia
LogPluginManager: Mounting plugin LinearTimecode
LogPluginManager: Mounting plugin MediaCompositing
LogPluginManager: Mounting plugin MediaPlayerEditor
LogPluginManager: Mounting plugin WebMMedia
LogPluginManager: Mounting plugin WmfMedia
LogPluginManager: Mounting plugin TcpMessaging
LogPluginManager: Mounting plugin UdpMessaging
LogPluginManager: Mounting plugin ActorSequence
LogPluginManager: Mounting plugin LevelSequenceEditor
LogPluginManager: Mounting plugin MatineeToLevelSequence
LogPluginManager: Mounting plugin NetcodeUnitTest
LogPluginManager: Mounting plugin NUTUnrealEngine4
LogPluginManager: Mounting plugin OnlineSubsystemGooglePlay
LogPluginManager: Mounting plugin OnlineSubsystemIOS
LogPluginManager: Mounting plugin OnlineSubsystem
LogPluginManager: Mounting plugin OnlineSubsystemNull
LogPluginManager: Mounting plugin OnlineSubsystemUtils
LogPluginManager: Mounting plugin LauncherChunkInstaller
LogPluginManager: Mounting plugin AndroidDeviceProfileSelector
LogPluginManager: Mounting plugin AndroidMoviePlayer
LogPluginManager: Mounting plugin AndroidPermission
LogPluginManager: Mounting plugin AppleMoviePlayer
LogPluginManager: Mounting plugin ArchVisCharacter
LogPluginManager: Mounting plugin AudioCapture
LogPluginManager: Mounting plugin CableComponent
LogPluginManager: Mounting plugin CustomMeshComponent
LogPluginManager: Mounting plugin EditableMesh
LogPluginManager: Mounting plugin ExampleDeviceProfileSelector
LogPluginManager: Mounting plugin Firebase
LogPluginManager: Mounting plugin GoogleCloudMessaging
LogPluginManager: Mounting plugin IOSDeviceProfileSelector
LogPluginManager: Mounting plugin LinuxDeviceProfileSelector
LogPluginManager: Mounting plugin LocationServicesBPLibrary
LogPluginManager: Mounting plugin MobilePatchingUtils
LogPluginManager: Mounting plugin OculusVR
LogPluginManager: Mounting plugin PhysXVehicles
LogPluginManager: Mounting plugin ProceduralMeshComponent
LogPluginManager: Mounting plugin RuntimePhysXCooking
LogPluginManager: Mounting plugin SteamVR
LogPluginManager: Mounting plugin WebMMoviePlayer
LogPluginManager: Mounting plugin WindowsMoviePlayer
LogStreaming: Display: Took  0.298s to configure plugins.
LogInit: Using libcurl 7.55.1-DEV
LogInit:  - built for x86_64-pc-win32
LogInit:  - supports SSL with OpenSSL/1.0.2h
LogInit:  - supports HTTP deflate (compression) using libz 1.2.8
LogInit:  - other features:
LogInit:      CURL_VERSION_SSL
LogInit:      CURL_VERSION_LIBZ
LogInit:      CURL_VERSION_IPV6
LogInit:      CURL_VERSION_ASYNCHDNS
LogInit:      CURL_VERSION_LARGEFILE
LogInit:      CURL_VERSION_IDN
LogInit:  CurlRequestOptions (configurable via config and command line):
LogInit:  - bVerifyPeer = true  - Libcurl will verify peer certificate
LogInit:  - bUseHttpProxy = false  - Libcurl will NOT use HTTP proxy
LogInit:  - bDontReuseConnections = false  - Libcurl will reuse connections
LogInit:  - MaxHostConnections = 16  - Libcurl will limit the number of connections to a host
LogInit:  - LocalHostAddr = Default
LogInit:  - BufferSize = 65536
LogInit: WinSock: version 1.1 (2.2), MaxSocks=32767, MaxUdp=65467
LogInit: Build: ++UE4+Release-4.21-CL-4753647
LogInit: Engine Version: 4.21.2-4753647+++UE4+Release-4.21
LogInit: Compatible Engine Version: 4.21.0-4541578+++UE4+Release-4.21
LogInit: Net CL: 4541578
LogInit: OS: Windows 10 (), CPU: Intel(R) Core(TM) i5-7200U CPU @ 2.50GHz, GPU: Intel(R) HD Graphics 620
LogInit: Compiled (64-bit): Jan 19 2019 02:07:31
LogInit: Compiled with Visual C++: 19.13.26129.00
LogInit: Build Configuration: Development
LogInit: Branch Name: ++UE4+Release-4.21
LogInit: Command Line:  -skipcompile
LogInit: Base Directory: C:/Program Files/Epic Games/UE_4.21/Engine/Binaries/Win64/
LogInit: Installed Engine Build: 1
LogDevObjectVersion: Number of dev versions registered: 22
LogDevObjectVersion:   Dev-Blueprints (B0D832E4-1F89-4F0D-ACCF-7EB736FD4AA2): 10
LogDevObjectVersion:   Dev-Build (E1C64328-A22C-4D53-A36C-8E866417BD8C): 0
LogDevObjectVersion:   Dev-Core (375EC13C-06E4-48FB-B500-84F0262A717E): 2
LogDevObjectVersion:   Dev-Editor (E4B068ED-F494-42E9-A231-DA0B2E46BB41): 26
LogDevObjectVersion:   Dev-Framework (CFFC743F-43B0-4480-9391-14DF171D2073): 34
LogDevObjectVersion:   Dev-Mobile (B02B49B5-BB20-44E9-A304-32B752E40360): 2
LogDevObjectVersion:   Dev-Networking (A4E4105C-59A1-49B5-A7C5-40C4547EDFEE): 0
LogDevObjectVersion:   Dev-Online (39C831C9-5AE6-47DC-9A44-9C173E1C8E7C): 0
LogDevObjectVersion:   Dev-Physics (78F01B33-EBEA-4F98-B9B4-84EACCB95AA2): 0
LogDevObjectVersion:   Dev-Platform (6631380F-2D4D-43E0-8009-CF276956A95A): 0
LogDevObjectVersion:   Dev-Rendering (12F88B9F-8875-4AFC-A67C-D90C383ABD29): 27
LogDevObjectVersion:   Dev-Sequencer (7B5AE74C-D270-4C10-A958-57980B212A5A): 9
LogDevObjectVersion:   Dev-VR (D7296918-1DD6-4BDD-9DE2-64A83CC13884): 2
LogDevObjectVersion:   Dev-LoadTimes (C2A15278-BFE7-4AFE-6C17-90FF531DF755): 1
LogDevObjectVersion:   Private-Geometry (6EACA3D4-40EC-4CC1-B786-8BED09428FC5): 3
LogDevObjectVersion:   Dev-AnimPhys (29E575DD-E0A3-4627-9D10-D276232CDCEA): 17
LogDevObjectVersion:   Dev-Anim (AF43A65D-7FD3-4947-9873-3E8ED9C1BB05): 2
LogDevObjectVersion:   Dev-ReflectionCapture (6B266CEC-1EC7-4B8F-A30B-E4D90942FC07): 1
LogDevObjectVersion:   Dev-Automation (0DF73D61-A23F-47EA-B727-89E90C41499A): 1
LogDevObjectVersion:   FortniteMain (601D1886-AC64-4F84-AA16-D3DE0DEAC7D6): 17
LogDevObjectVersion:   Dev-Enterprise (9DFFBCD6-494F-0158-E221-12823C92A888): 4
LogDevObjectVersion:   Dev-Niagara (F2AED0AC-9AFE-416F-8664-AA7FFA26D6FC): 1
LogStreaming: Display: Took  0.003s to delete old logs.
LogInit: Presizing for max 8388607 objects, including 0 objects not considered by GC, pre-allocating 0 bytes for permanent pool.
LogInit: Object subsystem initialized
LogConfig: Setting CVar [[con.DebugEarlyDefault:1]]
LogConfig: Setting CVar [[r.setres:1280x720]]
[2019.04.04-14.11.41:642][  0]LogConfig: Setting CVar [[r.VSync:0]]
[2019.04.04-14.11.41:642][  0]LogConfig: Setting CVar [[r.RHICmdBypass:0]]
[2019.04.04-14.11.41:642][  0]LogConfig: Applying CVar settings from Section [/Script/Engine.RendererSettings] File [C:/Users/james/Desktop/Processes for OOS/COP4331 Project/ScaryMaze/Saved/Config/Windows/Engine.ini]
[2019.04.04-14.11.41:642][  0]LogConfig: Setting CVar [[r.GPUCrashDebugging:0]]
[2019.04.04-14.11.41:642][  0]LogConfig: Applying CVar settings from Section [/Script/Engine.RendererOverrideSettings] File [C:/Users/james/Desktop/Processes for OOS/COP4331 Project/ScaryMaze/Saved/Config/Windows/Engine.ini]
[2019.04.04-14.11.41:642][  0]LogConfig: Applying CVar settings from Section [/Script/Engine.StreamingSettings] File [C:/Users/james/Desktop/Processes for OOS/COP4331 Project/ScaryMaze/Saved/Config/Windows/Engine.ini]
[2019.04.04-14.11.41:642][  0]LogConfig: Setting CVar [[s.MinBulkDataSizeForAsyncLoading:131072]]
[2019.04.04-14.11.41:642][  0]LogConfig: Setting CVar [[s.AsyncLoadingThreadEnabled:0]]
[2019.04.04-14.11.41:642][  0]LogConfig: Setting CVar [[s.EventDrivenLoaderEnabled:1]]
[2019.04.04-14.11.41:642][  0]LogConfig: Setting CVar [[s.WarnIfTimeLimitExceeded:0]]
[2019.04.04-14.11.41:642][  0]LogConfig: Setting CVar [[s.TimeLimitExceededMultiplier:1.5]]
[2019.04.04-14.11.41:642][  0]LogConfig: Setting CVar [[s.TimeLimitExceededMinTime:0.005]]
[2019.04.04-14.11.41:642][  0]LogConfig: Setting CVar [[s.UseBackgroundLevelStreaming:1]]
[2019.04.04-14.11.41:642][  0]LogConfig: Setting CVar [[s.PriorityAsyncLoadingExtraTime:15.0]]
[2019.04.04-14.11.41:643][  0]LogConfig: Setting CVar [[s.LevelStreamingActorsUpdateTimeLimit:5.0]]
[2019.04.04-14.11.41:643][  0]LogConfig: Setting CVar [[s.PriorityLevelStreamingActorsUpdateExtraTime:5.0]]
[2019.04.04-14.11.41:643][  0]LogConfig: Setting CVar [[s.LevelStreamingComponentsRegistrationGranularity:10]]
[2019.04.04-14.11.41:643][  0]LogConfig: Setting CVar [[s.UnregisterComponentsTimeLimit:1.0]]
[2019.04.04-14.11.41:643][  0]LogConfig: Setting CVar [[s.LevelStreamingComponentsUnregistrationGranularity:5]]
[2019.04.04-14.11.41:643][  0]LogConfig: Applying CVar settings from Section [/Script/Engine.GarbageCollectionSettings] File [C:/Users/james/Desktop/Processes for OOS/COP4331 Project/ScaryMaze/Saved/Config/Windows/Engine.ini]
[2019.04.04-14.11.41:643][  0]LogConfig: Setting CVar [[gc.MaxObjectsNotConsideredByGC:1]]
[2019.04.04-14.11.41:643][  0]LogConfig: Setting CVar [[gc.SizeOfPermanentObjectPool:0]]
[2019.04.04-14.11.41:643][  0]LogConfig: Setting CVar [[gc.FlushStreamingOnGC:0]]
[2019.04.04-14.11.41:643][  0]LogConfig: Setting CVar [[gc.NumRetriesBeforeForcingGC:10]]
[2019.04.04-14.11.41:643][  0]LogConfig: Setting CVar [[gc.AllowParallelGC:1]]
[2019.04.04-14.11.41:643][  0]LogConfig: Setting CVar [[gc.TimeBetweenPurgingPendingKillObjects:61.1]]
[2019.04.04-14.11.41:643][  0]LogConfig: Setting CVar [[gc.MaxObjectsInEditor:8388607]]
[2019.04.04-14.11.41:643][  0]LogConfig: Setting CVar [[gc.IncrementalBeginDestroyEnabled:1]]
[2019.04.04-14.11.41:643][  0]LogConfig: Setting CVar [[gc.CreateGCClusters:1]]
[2019.04.04-14.11.41:643][  0]LogConfig: Setting CVar [[gc.MergeGCClusters:0]]
[2019.04.04-14.11.41:643][  0]LogConfig: Setting CVar [[gc.MinGCClusterSize:5]]
[2019.04.04-14.11.41:643][  0]LogConfig: Setting CVar [[gc.ActorClusteringEnabled:0]]
[2019.04.04-14.11.41:644][  0]LogConfig: Setting CVar [[gc.BlueprintClusteringEnabled:0]]
[2019.04.04-14.11.41:644][  0]LogConfig: Setting CVar [[gc.UseDisregardForGCOnDedicatedServers:0]]
[2019.04.04-14.11.41:644][  0]LogConfig: Applying CVar settings from Section [/Script/Engine.NetworkSettings] File [C:/Users/james/Desktop/Processes for OOS/COP4331 Project/ScaryMaze/Saved/Config/Windows/Engine.ini]
[2019.04.04-14.11.41:644][  0]LogConfig: Applying CVar settings from Section [/Script/UnrealEd.CookerSettings] File [C:/Users/james/Desktop/Processes for OOS/COP4331 Project/ScaryMaze/Saved/Config/Windows/Engine.ini]
[2019.04.04-14.11.41:667][  0]LogConfig: Applying CVar settings from Section [ViewDistanceQuality@3] File [C:/Users/james/Desktop/Processes for OOS/COP4331 Project/ScaryMaze/Saved/Config/Windows/Scalability.ini]
[2019.04.04-14.11.41:668][  0]LogConfig: Setting CVar [[r.SkeletalMeshLODBias:0]]
[2019.04.04-14.11.41:668][  0]LogConfig: Setting CVar [[r.ViewDistanceScale:1.0]]
[2019.04.04-14.11.41:668][  0]LogConfig: Applying CVar settings from Section [AntiAliasingQuality@3] File [C:/Users/james/Desktop/Processes for OOS/COP4331 Project/ScaryMaze/Saved/Config/Windows/Scalability.ini]
[2019.04.04-14.11.41:668][  0]LogConfig: Setting CVar [[r.PostProcessAAQuality:4]]
[2019.04.04-14.11.41:668][  0]LogConfig: Applying CVar settings from Section [ShadowQuality@3] File [C:/Users/james/Desktop/Processes for OOS/COP4331 Project/ScaryMaze/Saved/Config/Windows/Scalability.ini]
[2019.04.04-14.11.41:668][  0]LogConfig: Setting CVar [[r.LightFunctionQuality:1]]
[2019.04.04-14.11.41:668][  0]LogConfig: Setting CVar [[r.ShadowQuality:5]]
[2019.04.04-14.11.41:668][  0]LogConfig: Setting CVar [[r.Shadow.CSM.MaxCascades:10]]
[2019.04.04-14.11.41:668][  0]LogConfig: Setting CVar [[r.Shadow.MaxResolution:2048]]
[2019.04.04-14.11.41:668][  0]LogConfig: Setting CVar [[r.Shadow.MaxCSMResolution:2048]]
[2019.04.04-14.11.41:668][  0]LogConfig: Setting CVar [[r.Shadow.RadiusThreshold:0.01]]
[2019.04.04-14.11.41:668][  0]LogConfig: Setting CVar [[r.Shadow.DistanceScale:1.0]]
[2019.04.04-14.11.41:668][  0]LogConfig: Setting CVar [[r.Shadow.CSM.TransitionScale:1.0]]
[2019.04.04-14.11.41:668][  0]LogConfig: Setting CVar [[r.Shadow.PreShadowResolutionFactor:1.0]]
[2019.04.04-14.11.41:668][  0]LogConfig: Setting CVar [[r.DistanceFieldShadowing:1]]
[2019.04.04-14.11.41:669][  0]LogConfig: Setting CVar [[r.DistanceFieldAO:1]]
[2019.04.04-14.11.41:669][  0]LogConfig: Setting CVar [[r.AOQuality:2]]
[2019.04.04-14.11.41:669][  0]LogConfig: Setting CVar [[r.VolumetricFog:1]]
[2019.04.04-14.11.41:669][  0]LogConfig: Setting CVar [[r.VolumetricFog.GridPixelSize:8]]
[2019.04.04-14.11.41:669][  0]LogConfig: Setting CVar [[r.VolumetricFog.GridSizeZ:128]]
[2019.04.04-14.11.41:669][  0]LogConfig: Setting CVar [[r.VolumetricFog.HistoryMissSupersampleCount:4]]
[2019.04.04-14.11.41:669][  0]LogConfig: Setting CVar [[r.LightMaxDrawDistanceScale:1]]
[2019.04.04-14.11.41:669][  0]LogConfig: Setting CVar [[r.CapsuleShadows:1]]
[2019.04.04-14.11.41:669][  0]LogConfig: Applying CVar settings from Section [PostProcessQuality@3] File [C:/Users/james/Desktop/Processes for OOS/COP4331 Project/ScaryMaze/Saved/Config/Windows/Scalability.ini]
[2019.04.04-14.11.41:669][  0]LogConfig: Setting CVar [[r.MotionBlurQuality:4]]
[2019.04.04-14.11.41:669][  0]LogConfig: Setting CVar [[r.AmbientOcclusionMipLevelFactor:0.4]]
[2019.04.04-14.11.41:669][  0]LogConfig: Setting CVar [[r.AmbientOcclusionMaxQuality:100]]
[2019.04.04-14.11.41:669][  0]LogConfig: Setting CVar [[r.AmbientOcclusionLevels:-1]]
[2019.04.04-14.11.41:669][  0]LogConfig: Setting CVar [[r.AmbientOcclusionRadiusScale:1.0]]
[2019.04.04-14.11.41:669][  0]LogConfig: Setting CVar [[r.DepthOfFieldQuality:2]]
[2019.04.04-14.11.41:669][  0]LogConfig: Setting CVar [[r.RenderTargetPoolMin:400]]
[2019.04.04-14.11.41:669][  0]LogConfig: Setting CVar [[r.LensFlareQuality:2]]
[2019.04.04-14.11.41:670][  0]LogConfig: Setting CVar [[r.SceneColorFringeQuality:1]]
[2019.04.04-14.11.41:670][  0]LogConfig: Setting CVar [[r.EyeAdaptationQuality:2]]
[2019.04.04-14.11.41:670][  0]LogConfig: Setting CVar [[r.BloomQuality:5]]
[2019.04.04-14.11.41:670][  0]LogConfig: Setting CVar [[r.FastBlurThreshold:100]]
[2019.04.04-14.11.41:670][  0]LogConfig: Setting CVar [[r.Upscale.Quality:3]]
[2019.04.04-14.11.41:670][  0]LogConfig: Setting CVar [[r.Tonemapper.GrainQuantization:1]]
[2019.04.04-14.11.41:670][  0]LogConfig: Setting CVar [[r.LightShaftQuality:1]]
[2019.04.04-14.11.41:670][  0]LogConfig: Setting CVar [[r.Filter.SizeScale:1]]
[2019.04.04-14.11.41:670][  0]LogConfig: Setting CVar [[r.Tonemapper.Quality:5]]
[2019.04.04-14.11.41:670][  0]LogConfig: Setting CVar [[r.DOF.Gather.AccumulatorQuality:1        ; higher gathering accumulator quality]]
[2019.04.04-14.11.41:670][  0]LogConfig: Setting CVar [[r.DOF.Gather.PostfilterMethod:1          ; Median3x3 postfilering method]]
[2019.04.04-14.11.41:670][  0]LogConfig: Setting CVar [[r.DOF.Gather.EnableBokehSettings:0       ; no bokeh simulation when gathering]]
[2019.04.04-14.11.41:670][  0]LogConfig: Setting CVar [[r.DOF.Gather.RingCount:4                 ; medium number of samples when gathering]]
[2019.04.04-14.11.41:670][  0]LogConfig: Setting CVar [[r.DOF.Scatter.ForegroundCompositing:1    ; additive foreground scattering]]
[2019.04.04-14.11.41:670][  0]LogConfig: Setting CVar [[r.DOF.Scatter.BackgroundCompositing:2    ; additive background scattering]]
[2019.04.04-14.11.41:670][  0]LogConfig: Setting CVar [[r.DOF.Scatter.EnableBokehSettings:1      ; bokeh simulation when scattering]]
[2019.04.04-14.11.41:670][  0]LogConfig: Setting CVar [[r.DOF.Scatter.MaxSpriteRatio:0.1         ; only a maximum of 10% of scattered bokeh]]
[2019.04.04-14.11.41:671][  0]LogConfig: Setting CVar [[r.DOF.Recombine.Quality:1                ; cheap slight out of focus]]
[2019.04.04-14.11.41:671][  0]LogConfig: Setting CVar [[r.DOF.Recombine.EnableBokehSettings:0    ; no bokeh simulation on slight out of focus]]
[2019.04.04-14.11.41:671][  0]LogConfig: Setting CVar [[r.DOF.TemporalAAQuality:1                ; more stable temporal accumulation]]
[2019.04.04-14.11.41:671][  0]LogConfig: Setting CVar [[r.DOF.Kernel.MaxForegroundRadius:0.025]]
[2019.04.04-14.11.41:671][  0]LogConfig: Setting CVar [[r.DOF.Kernel.MaxBackgroundRadius:0.025]]
[2019.04.04-14.11.41:671][  0]LogConfig: Applying CVar settings from Section [TextureQuality@3] File [C:/Users/james/Desktop/Processes for OOS/COP4331 Project/ScaryMaze/Saved/Config/Windows/Scalability.ini]
[2019.04.04-14.11.41:671][  0]LogConfig: Setting CVar [[r.Streaming.MipBias:0]]
[2019.04.04-14.11.41:671][  0]LogConfig: Setting CVar [[r.Streaming.AmortizeCPUToGPUCopy:0]]
[2019.04.04-14.11.41:671][  0]LogConfig: Setting CVar [[r.Streaming.MaxNumTexturesToStreamPerFrame:0]]
[2019.04.04-14.11.41:671][  0]LogConfig: Setting CVar [[r.Streaming.Boost:1]]
[2019.04.04-14.11.41:671][  0]LogConfig: Setting CVar [[r.MaxAnisotropy:8]]
[2019.04.04-14.11.41:671][  0]LogConfig: Setting CVar [[r.Streaming.LimitPoolSizeToVRAM:0]]
[2019.04.04-14.11.41:671][  0]LogConfig: Setting CVar [[r.Streaming.PoolSize:1000]]
[2019.04.04-14.11.41:671][  0]LogConfig: Setting CVar [[r.Streaming.MaxEffectiveScreenSize:0]]
[2019.04.04-14.11.41:671][  0]LogConfig: Applying CVar settings from Section [EffectsQuality@3] File [C:/Users/james/Desktop/Processes for OOS/COP4331 Project/ScaryMaze/Saved/Config/Windows/Scalability.ini]
[2019.04.04-14.11.41:672][  0]LogConfig: Setting CVar [[r.TranslucencyLightingVolumeDim:64]]
[2019.04.04-14.11.41:672][  0]LogConfig: Setting CVar [[r.RefractionQuality:2]]
[2019.04.04-14.11.41:672][  0]LogConfig: Setting CVar [[r.SSR.Quality:3]]
[2019.04.04-14.11.41:672][  0]LogConfig: Setting CVar [[r.SceneColorFormat:4]]
[2019.04.04-14.11.41:672][  0]LogConfig: Setting CVar [[r.DetailMode:2]]
[2019.04.04-14.11.41:672][  0]LogConfig: Setting CVar [[r.TranslucencyVolumeBlur:1]]
[2019.04.04-14.11.41:672][  0]LogConfig: Setting CVar [[r.MaterialQualityLevel:1 ; High quality]]
[2019.04.04-14.11.41:672][  0]LogConfig: Setting CVar [[r.SSS.Scale:1]]
[2019.04.04-14.11.41:672][  0]LogConfig: Setting CVar [[r.SSS.SampleSet:2]]
[2019.04.04-14.11.41:672][  0]LogConfig: Setting CVar [[r.SSS.Quality:1]]
[2019.04.04-14.11.41:672][  0]LogConfig: Setting CVar [[r.SSS.HalfRes:1]]
[2019.04.04-14.11.41:672][  0]LogConfig: Setting CVar [[r.EmitterSpawnRateScale:1.0]]
[2019.04.04-14.11.41:672][  0]LogConfig: Setting CVar [[r.ParticleLightQuality:2]]
[2019.04.04-14.11.41:672][  0]LogConfig: Applying CVar settings from Section [FoliageQuality@3] File [C:/Users/james/Desktop/Processes for OOS/COP4331 Project/ScaryMaze/Saved/Config/Windows/Scalability.ini]
[2019.04.04-14.11.41:672][  0]LogConfig: Setting CVar [[foliage.DensityScale:1.0]]
[2019.04.04-14.11.41:672][  0]LogConfig: Setting CVar [[grass.DensityScale:1.0]]
[2019.04.04-14.11.41:673][  0]LogInit: Selected Device Profile: [Windows]
[2019.04.04-14.11.41:673][  0]LogInit: Applying CVar settings loaded from the selected device profile: [Windows]
[2019.04.04-14.11.41:735][  0]LogHAL: Display: Platform has ~ 8 GB [8499228672 / 8589934592 / 8], which maps to Default [LargestMinGB=32, LargerMinGB=12, DefaultMinGB=8, SmallerMinGB=6, SmallestMinGB=0)
[2019.04.04-14.11.41:736][  0]LogConfig: Setting CVar [[r.Vulkan.UseRealUBs:1]]
[2019.04.04-14.11.41:736][  0]LogInit: Going up to parent DeviceProfile []
[2019.04.04-14.11.41:736][  0]LogConfig: Applying CVar settings from Section [ViewDistanceQuality@3] File [C:/Users/james/Desktop/Processes for OOS/COP4331 Project/ScaryMaze/Saved/Config/Windows/Scalability.ini]
[2019.04.04-14.11.41:736][  0]LogConfig: Setting CVar [[r.SkeletalMeshLODBias:0]]
[2019.04.04-14.11.41:736][  0]LogConfig: Setting CVar [[r.ViewDistanceScale:1.0]]
[2019.04.04-14.11.41:736][  0]LogConfig: Applying CVar settings from Section [AntiAliasingQuality@3] File [C:/Users/james/Desktop/Processes for OOS/COP4331 Project/ScaryMaze/Saved/Config/Windows/Scalability.ini]
[2019.04.04-14.11.41:736][  0]LogConfig: Setting CVar [[r.PostProcessAAQuality:4]]
[2019.04.04-14.11.41:736][  0]LogConfig: Applying CVar settings from Section [ShadowQuality@3] File [C:/Users/james/Desktop/Processes for OOS/COP4331 Project/ScaryMaze/Saved/Config/Windows/Scalability.ini]
[2019.04.04-14.11.41:736][  0]LogConfig: Setting CVar [[r.LightFunctionQuality:1]]
[2019.04.04-14.11.41:736][  0]LogConfig: Setting CVar [[r.ShadowQuality:5]]
[2019.04.04-14.11.41:736][  0]LogConfig: Setting CVar [[r.Shadow.CSM.MaxCascades:10]]
[2019.04.04-14.11.41:736][  0]LogConfig: Setting CVar [[r.Shadow.MaxResolution:2048]]
[2019.04.04-14.11.41:736][  0]LogConfig: Setting CVar [[r.Shadow.MaxCSMResolution:2048]]
[2019.04.04-14.11.41:736][  0]LogConfig: Setting CVar [[r.Shadow.RadiusThreshold:0.01]]
[2019.04.04-14.11.41:737][  0]LogConfig: Setting CVar [[r.Shadow.DistanceScale:1.0]]
[2019.04.04-14.11.41:737][  0]LogConfig: Setting CVar [[r.Shadow.CSM.TransitionScale:1.0]]
[2019.04.04-14.11.41:737][  0]LogConfig: Setting CVar [[r.Shadow.PreShadowResolutionFactor:1.0]]
[2019.04.04-14.11.41:737][  0]LogConfig: Setting CVar [[r.DistanceFieldShadowing:1]]
[2019.04.04-14.11.41:737][  0]LogConfig: Setting CVar [[r.DistanceFieldAO:1]]
[2019.04.04-14.11.41:737][  0]LogConfig: Setting CVar [[r.AOQuality:2]]
[2019.04.04-14.11.41:737][  0]LogConfig: Setting CVar [[r.VolumetricFog:1]]
[2019.04.04-14.11.41:737][  0]LogConfig: Setting CVar [[r.VolumetricFog.GridPixelSize:8]]
[2019.04.04-14.11.41:737][  0]LogConfig: Setting CVar [[r.VolumetricFog.GridSizeZ:128]]
[2019.04.04-14.11.41:737][  0]LogConfig: Setting CVar [[r.VolumetricFog.HistoryMissSupersampleCount:4]]
[2019.04.04-14.11.41:737][  0]LogConfig: Setting CVar [[r.LightMaxDrawDistanceScale:1]]
[2019.04.04-14.11.41:737][  0]LogConfig: Setting CVar [[r.CapsuleShadows:1]]
[2019.04.04-14.11.41:737][  0]LogConfig: Applying CVar settings from Section [PostProcessQuality@3] File [C:/Users/james/Desktop/Processes for OOS/COP4331 Project/ScaryMaze/Saved/Config/Windows/Scalability.ini]
[2019.04.04-14.11.41:738][  0]LogConfig: Setting CVar [[r.MotionBlurQuality:4]]
[2019.04.04-14.11.41:738][  0]LogConfig: Setting CVar [[r.AmbientOcclusionMipLevelFactor:0.4]]
[2019.04.04-14.11.41:738][  0]LogConfig: Setting CVar [[r.AmbientOcclusionMaxQuality:100]]
[2019.04.04-14.11.41:738][  0]LogConfig: Setting CVar [[r.AmbientOcclusionLevels:-1]]
[2019.04.04-14.11.41:738][  0]LogConfig: Setting CVar [[r.AmbientOcclusionRadiusScale:1.0]]
[2019.04.04-14.11.41:738][  0]LogConfig: Setting CVar [[r.DepthOfFieldQuality:2]]
[2019.04.04-14.11.41:738][  0]LogConfig: Setting CVar [[r.RenderTargetPoolMin:400]]
[2019.04.04-14.11.41:738][  0]LogConfig: Setting CVar [[r.LensFlareQuality:2]]
[2019.04.04-14.11.41:738][  0]LogConfig: Setting CVar [[r.SceneColorFringeQuality:1]]
[2019.04.04-14.11.41:738][  0]LogConfig: Setting CVar [[r.EyeAdaptationQuality:2]]
[2019.04.04-14.11.41:738][  0]LogConfig: Setting CVar [[r.BloomQuality:5]]
[2019.04.04-14.11.41:738][  0]LogConfig: Setting CVar [[r.FastBlurThreshold:100]]
[2019.04.04-14.11.41:738][  0]LogConfig: Setting CVar [[r.Upscale.Quality:3]]
[2019.04.04-14.11.41:738][  0]LogConfig: Setting CVar [[r.Tonemapper.GrainQuantization:1]]
[2019.04.04-14.11.41:738][  0]LogConfig: Setting CVar [[r.LightShaftQuality:1]]
[2019.04.04-14.11.41:738][  0]LogConfig: Setting CVar [[r.Filter.SizeScale:1]]
[2019.04.04-14.11.41:739][  0]LogConfig: Setting CVar [[r.Tonemapper.Quality:5]]
[2019.04.04-14.11.41:740][  0]LogConfig: Setting CVar [[r.DOF.Gather.AccumulatorQuality:1        ; higher gathering accumulator quality]]
[2019.04.04-14.11.41:740][  0]LogConfig: Setting CVar [[r.DOF.Gather.PostfilterMethod:1          ; Median3x3 postfilering method]]
[2019.04.04-14.11.41:740][  0]LogConfig: Setting CVar [[r.DOF.Gather.EnableBokehSettings:0       ; no bokeh simulation when gathering]]
[2019.04.04-14.11.41:740][  0]LogConfig: Setting CVar [[r.DOF.Gather.RingCount:4                 ; medium number of samples when gathering]]
[2019.04.04-14.11.41:740][  0]LogConfig: Setting CVar [[r.DOF.Scatter.ForegroundCompositing:1    ; additive foreground scattering]]
[2019.04.04-14.11.41:741][  0]LogConfig: Setting CVar [[r.DOF.Scatter.BackgroundCompositing:2    ; additive background scattering]]
[2019.04.04-14.11.41:741][  0]LogConfig: Setting CVar [[r.DOF.Scatter.EnableBokehSettings:1      ; bokeh simulation when scattering]]
[2019.04.04-14.11.41:741][  0]LogConfig: Setting CVar [[r.DOF.Scatter.MaxSpriteRatio:0.1         ; only a maximum of 10% of scattered bokeh]]
[2019.04.04-14.11.41:741][  0]LogConfig: Setting CVar [[r.DOF.Recombine.Quality:1                ; cheap slight out of focus]]
[2019.04.04-14.11.41:742][  0]LogConfig: Setting CVar [[r.DOF.Recombine.EnableBokehSettings:0    ; no bokeh simulation on slight out of focus]]
[2019.04.04-14.11.41:742][  0]LogConfig: Setting CVar [[r.DOF.TemporalAAQuality:1                ; more stable temporal accumulation]]
[2019.04.04-14.11.41:743][  0]LogConfig: Setting CVar [[r.DOF.Kernel.MaxForegroundRadius:0.025]]
[2019.04.04-14.11.41:744][  0]LogConfig: Setting CVar [[r.DOF.Kernel.MaxBackgroundRadius:0.025]]
[2019.04.04-14.11.41:746][  0]LogConfig: Applying CVar settings from Section [TextureQuality@3] File [C:/Users/james/Desktop/Processes for OOS/COP4331 Project/ScaryMaze/Saved/Config/Windows/Scalability.ini]
[2019.04.04-14.11.41:746][  0]LogConfig: Setting CVar [[r.Streaming.MipBias:0]]
[2019.04.04-14.11.41:746][  0]LogConfig: Setting CVar [[r.Streaming.AmortizeCPUToGPUCopy:0]]
[2019.04.04-14.11.41:747][  0]LogConfig: Setting CVar [[r.Streaming.MaxNumTexturesToStreamPerFrame:0]]
[2019.04.04-14.11.41:747][  0]LogConfig: Setting CVar [[r.Streaming.Boost:1]]
[2019.04.04-14.11.41:747][  0]LogConfig: Setting CVar [[r.MaxAnisotropy:8]]
[2019.04.04-14.11.41:747][  0]LogConfig: Setting CVar [[r.Streaming.LimitPoolSizeToVRAM:0]]
[2019.04.04-14.11.41:747][  0]LogConfig: Setting CVar [[r.Streaming.PoolSize:1000]]
[2019.04.04-14.11.41:747][  0]LogConfig: Setting CVar [[r.Streaming.MaxEffectiveScreenSize:0]]
[2019.04.04-14.11.41:747][  0]LogConfig: Applying CVar settings from Section [EffectsQuality@3] File [C:/Users/james/Desktop/Processes for OOS/COP4331 Project/ScaryMaze/Saved/Config/Windows/Scalability.ini]
[2019.04.04-14.11.41:747][  0]LogConfig: Setting CVar [[r.TranslucencyLightingVolumeDim:64]]
[2019.04.04-14.11.41:747][  0]LogConfig: Setting CVar [[r.RefractionQuality:2]]
[2019.04.04-14.11.41:747][  0]LogConfig: Setting CVar [[r.SSR.Quality:3]]
[2019.04.04-14.11.41:747][  0]LogConfig: Setting CVar [[r.SceneColorFormat:4]]
[2019.04.04-14.11.41:747][  0]LogConfig: Setting CVar [[r.DetailMode:2]]
[2019.04.04-14.11.41:747][  0]LogConfig: Setting CVar [[r.TranslucencyVolumeBlur:1]]
[2019.04.04-14.11.41:747][  0]LogConfig: Setting CVar [[r.MaterialQualityLevel:1 ; High quality]]
[2019.04.04-14.11.41:747][  0]LogConfig: Setting CVar [[r.SSS.Scale:1]]
[2019.04.04-14.11.41:747][  0]LogConfig: Setting CVar [[r.SSS.SampleSet:2]]
[2019.04.04-14.11.41:747][  0]LogConfig: Setting CVar [[r.SSS.Quality:1]]
[2019.04.04-14.11.41:748][  0]LogConfig: Setting CVar [[r.SSS.HalfRes:1]]
[2019.04.04-14.11.41:748][  0]LogConfig: Setting CVar [[r.EmitterSpawnRateScale:1.0]]
[2019.04.04-14.11.41:748][  0]LogConfig: Setting CVar [[r.ParticleLightQuality:2]]
[2019.04.04-14.11.41:748][  0]LogConfig: Applying CVar settings from Section [FoliageQuality@3] File [C:/Users/james/Desktop/Processes for OOS/COP4331 Project/ScaryMaze/Saved/Config/Windows/Scalability.ini]
[2019.04.04-14.11.41:748][  0]LogConfig: Setting CVar [[foliage.DensityScale:1.0]]
[2019.04.04-14.11.41:748][  0]LogConfig: Setting CVar [[grass.DensityScale:1.0]]
[2019.04.04-14.11.41:748][  0]LogConfig: Applying CVar settings from Section [Startup] File [../../../Engine/Config/ConsoleVariables.ini]
[2019.04.04-14.11.41:772][  0]LogConfig: Setting CVar [[net.UseAdaptiveNetUpdateFrequency:0]]
[2019.04.04-14.11.41:772][  0]LogConfig: Applying CVar settings from Section [ConsoleVariables] File [C:/Users/james/Desktop/Processes for OOS/COP4331 Project/ScaryMaze/Saved/Config/Windows/Engine.ini]
[2019.04.04-14.11.41:772][  0]LogInit: Computer: LAPTOP-Q1QSGUBH
[2019.04.04-14.11.41:772][  0]LogInit: User: james
[2019.04.04-14.11.41:772][  0]LogInit: CPU Page size=4096, Cores=2
[2019.04.04-14.11.41:773][  0]LogInit: High frequency timer resolution =2.648437 MHz
[2019.04.04-14.11.41:773][  0]LogMemory: Memory total: Physical=7.9GB (8GB approx)
[2019.04.04-14.11.41:773][  0]LogMemory: Platform Memory Stats for Windows
[2019.04.04-14.11.41:773][  0]LogMemory: Process Physical Memory: 102.72 MB used, 102.72 MB peak
[2019.04.04-14.11.41:773][  0]LogMemory: Process Virtual Memory: 84.89 MB used, 84.89 MB peak
[2019.04.04-14.11.41:773][  0]LogMemory: Physical Memory: 4449.18 MB used,  3656.31 MB free, 8105.50 MB total
[2019.04.04-14.11.41:773][  0]LogMemory: Virtual Memory: 4628.92 MB used,  134213096.00 MB free, 134217728.00 MB total
[2019.04.04-14.11.42:776][  0]LogInit: Using OS detected language (en-US).
[2019.04.04-14.11.42:776][  0]LogInit: Using OS detected locale (en-US).
[2019.04.04-14.11.42:778][  0]LogTextLocalizationManager: No specific localization for 'en-US' exists, so the 'en' localization will be used.
[2019.04.04-14.11.44:019][  0]LogStreaming: Display: Took  1.244s to InitEngineTextLocalization.
[2019.04.04-14.11.44:020][  0]LogInit: Setting process to per monitor DPI aware
[2019.04.04-14.11.44:393][  0]LogSlate: New Slate User Created.  User Index 0, Is Virtual User: 0
[2019.04.04-14.11.44:393][  0]LogSlate: Slate User Registered.  User Index 0, Is Virtual User: 0
[2019.04.04-14.11.50:216][  0]LogHMD: Failed to initialize OpenVR with code 110
[2019.04.04-14.11.50:216][  0]LogD3D11RHI: D3D11 adapters:
[2019.04.04-14.11.51:908][  0]LogD3D11RHI:    0. 'NVIDIA GeForce 920MX' (Feature Level 11_0)
[2019.04.04-14.11.51:908][  0]LogD3D11RHI:       2010/0/4052 MB DedicatedVideo/DedicatedSystem/SharedSystem, Outputs:1, VendorId:0x10de
[2019.04.04-14.11.51:980][  0]LogD3D11RHI:    1. 'Intel(R) HD Graphics 620' (Feature Level 11_0)
[2019.04.04-14.11.51:980][  0]LogD3D11RHI:       128/0/4052 MB DedicatedVideo/DedicatedSystem/SharedSystem, Outputs:0, VendorId:0x8086
[2019.04.04-14.11.52:118][  0]LogD3D11RHI:    2. 'Microsoft Basic Render Driver' (Feature Level 11_0)
[2019.04.04-14.11.52:118][  0]LogD3D11RHI:       0/0/4052 MB DedicatedVideo/DedicatedSystem/SharedSystem, Outputs:0, VendorId:0x1414
[2019.04.04-14.11.52:118][  0]LogD3D11RHI: Chosen D3D11 Adapter: 0
[2019.04.04-14.11.52:178][  0]LogD3D11RHI: Creating new Direct3DDevice
[2019.04.04-14.11.52:178][  0]LogD3D11RHI:     GPU DeviceId: 0x134f (for the marketing name, search the web for "GPU Device Id")
[2019.04.04-14.11.52:178][  0]LogWindows: EnumDisplayDevices:
[2019.04.04-14.11.52:178][  0]LogWindows:    0. 'Intel(R) HD Graphics 620' (P:1 D:1)
[2019.04.04-14.11.52:179][  0]LogWindows:    1. 'Intel(R) HD Graphics 620' (P:0 D:0)
[2019.04.04-14.11.52:179][  0]LogWindows:    2. 'Intel(R) HD Graphics 620' (P:0 D:0)
[2019.04.04-14.11.52:180][  0]LogWindows: DebugString: PrimaryIsNotTheChoosenAdapter PrimaryIsNotTheChoosenAdapter PrimaryIsNotTheChoosenAdapter FoundDriverCount:0 
[2019.04.04-14.11.52:180][  0]LogD3D11RHI:     Adapter Name: NVIDIA GeForce 920MX
[2019.04.04-14.11.52:180][  0]LogD3D11RHI:   Driver Version: Unknown (internal:Unknown, unified:Unknown)
[2019.04.04-14.11.52:180][  0]LogD3D11RHI:      Driver Date: Unknown
[2019.04.04-14.11.52:180][  0]LogRHI: Texture pool is 1407 MB (70% of 2010 MB)
[2019.04.04-14.11.52:298][  0]LogD3D11RHI: Async texture creation enabled
[2019.04.04-14.11.52:360][  0]LogD3D11RHI: GPU Timing Frequency: 1000.000000 (Debug: 2 2)
[2019.04.04-14.11.52:915][  0]LogTemp: Display: Loaded TP AllDesktopTargetPlatform
[2019.04.04-14.11.52:958][  0]LogTemp: Display: Loaded TP MacClientTargetPlatform
[2019.04.04-14.11.52:982][  0]LogTemp: Display: Loaded TP MacNoEditorTargetPlatform
[2019.04.04-14.11.53:003][  0]LogTemp: Display: Loaded TP MacServerTargetPlatform
[2019.04.04-14.11.53:055][  0]LogTemp: Display: Loaded TP MacTargetPlatform
[2019.04.04-14.11.53:101][  0]LogTemp: Display: Loaded TP WindowsClientTargetPlatform
[2019.04.04-14.11.53:122][  0]LogTemp: Display: Loaded TP WindowsNoEditorTargetPlatform
[2019.04.04-14.11.53:143][  0]LogTemp: Display: Loaded TP WindowsServerTargetPlatform
[2019.04.04-14.11.53:170][  0]LogTemp: Display: Loaded TP WindowsTargetPlatform
[2019.04.04-14.11.53:294][  0]LogTemp: Display: Loaded TP AndroidTargetPlatform
[2019.04.04-14.11.53:294][  0]LogTemp: Display: Loaded TP AndroidTargetPlatform
[2019.04.04-14.11.53:295][  0]LogTemp: Display: Loaded TP AndroidTargetPlatform
[2019.04.04-14.11.53:295][  0]LogTemp: Display: Loaded TP AndroidTargetPlatform
[2019.04.04-14.11.53:295][  0]LogTemp: Display: Loaded TP AndroidTargetPlatform
[2019.04.04-14.11.53:295][  0]LogTemp: Display: Loaded TP AndroidTargetPlatform
[2019.04.04-14.11.53:295][  0]LogTemp: Display: Loaded TP AndroidTargetPlatform
[2019.04.04-14.11.53:295][  0]LogTemp: Display: Loaded TP AndroidTargetPlatform
[2019.04.04-14.11.53:295][  0]LogTemp: Display: Loaded TP AndroidTargetPlatform
[2019.04.04-14.11.53:295][  0]LogTemp: Display: Loaded TP AndroidTargetPlatform
[2019.04.04-14.11.53:295][  0]LogTemp: Display: Loaded TP AndroidTargetPlatform
[2019.04.04-14.11.53:295][  0]LogTemp: Display: Loaded TP AndroidTargetPlatform
[2019.04.04-14.11.53:295][  0]LogTemp: Display: Loaded TP AndroidTargetPlatform
[2019.04.04-14.11.53:295][  0]LogTemp: Display: Loaded TP AndroidTargetPlatform
[2019.04.04-14.11.53:295][  0]LogTemp: Display: Loaded TP AndroidTargetPlatform
[2019.04.04-14.11.53:295][  0]LogTemp: Display: Loaded TP AndroidTargetPlatform
[2019.04.04-14.11.53:296][  0]LogTemp: Display: Loaded TP AndroidTargetPlatform
[2019.04.04-14.11.53:296][  0]LogTemp: Display: Loaded TP AndroidTargetPlatform
[2019.04.04-14.11.53:306][  0]LogTemp: Display: Loaded TP HTML5TargetPlatform
[2019.04.04-14.11.53:430][  0]LogTemp: Display: Loaded TP IOSTargetPlatform
[2019.04.04-14.11.53:431][  0]LogTemp: Display: Loaded TP IOSTargetPlatform
[2019.04.04-14.11.53:461][  0]LogTemp: Display: Loaded TP TVOSTargetPlatform
[2019.04.04-14.11.53:461][  0]LogTemp: Display: Loaded TP TVOSTargetPlatform
[2019.04.04-14.11.53:501][  0]LogTemp: Display: Loaded TP LinuxClientTargetPlatform
[2019.04.04-14.11.53:521][  0]LogTemp: Display: Loaded TP LinuxNoEditorTargetPlatform
[2019.04.04-14.11.53:540][  0]LogTemp: Display: Loaded TP LinuxServerTargetPlatform
[2019.04.04-14.11.53:567][  0]LogTemp: Display: Loaded TP LinuxTargetPlatform
[2019.04.04-14.11.53:637][  0]LogTemp: Display: Loaded TP LuminTargetPlatform
[2019.04.04-14.11.53:637][  0]LogTemp: Display: Loaded TP LuminTargetPlatform
[2019.04.04-14.11.53:637][  0]LogTargetPlatformManager: Display: Building Assets For Windows
[2019.04.04-14.11.54:377][  0]LogShaderCompilers: Guid format shader working directory is -36 characters bigger than the processId version (../../../../../../Users/james/Desktop/Processes for OOS/COP4331 Project/ScaryMaze/Intermediate/Shaders/WorkingDirectory/11736/).
[2019.04.04-14.11.54:378][  0]LogShaderCompilers: Cleaned the shader compiler working directory 'C:/Users/james/AppData/Local/Temp/UnrealShaderWorkingDir/AE5C0FE34D6DE97677D33F94D4D941A8/'.
[2019.04.04-14.11.54:392][  0]LogXGEController: Cleaning working directory: C:/Users/james/AppData/Local/Temp/UnrealXGEWorkingDir/
[2019.04.04-14.11.54:393][  0]LogXGEController: Cannot use XGE Controller as Incredibuild is not installed on this machine.
[2019.04.04-14.11.54:393][  0]LogShaderCompilers: Cannot use XGE Shader Compiler as Incredibuild is not installed on this machine.
[2019.04.04-14.11.54:393][  0]LogShaderCompilers: Display: Using Local Shader Compiler.
[2019.04.04-14.11.59:198][  0]LogDerivedDataCache: Display: Max Cache Size: 512 MB
[2019.04.04-14.12.00:151][  0]LogDerivedDataCache: Loaded boot cache 0.95s 74MB C:/Users/james/AppData/Local/UnrealEngine/4.21/DerivedDataCache/Boot.ddc.
[2019.04.04-14.12.00:152][  0]LogDerivedDataCache: Display: Loaded Boot cache: C:/Users/james/AppData/Local/UnrealEngine/4.21/DerivedDataCache/Boot.ddc
[2019.04.04-14.12.00:152][  0]LogDerivedDataCache: FDerivedDataBackendGraph:  Pak pak cache file ../../../../../../Users/james/Desktop/Processes for OOS/COP4331 Project/ScaryMaze/DerivedDataCache/DDC.ddp not found, will not use a pak cache.
[2019.04.04-14.12.00:152][  0]LogDerivedDataCache: Unable to find inner node Pak for hierarchical cache Hierarchy.
[2019.04.04-14.12.00:152][  0]LogDerivedDataCache: FDerivedDataBackendGraph:  CompressedPak pak cache file ../../../../../../Users/james/Desktop/Processes for OOS/COP4331 Project/ScaryMaze/DerivedDataCache/Compressed.ddp not found, will not use a pak cache.
[2019.04.04-14.12.00:152][  0]LogDerivedDataCache: Unable to find inner node CompressedPak for hierarchical cache Hierarchy.
[2019.04.04-14.12.00:225][  0]LogDerivedDataCache: Display: Pak cache opened for reading ../../../Engine/DerivedDataCache/Compressed.ddp.
[2019.04.04-14.12.00:225][  0]LogDerivedDataCache: FDerivedDataBackendGraph:  EnterprisePak pak cache file ../../../Enterprise/DerivedDataCache/Compressed.ddp not found, will not use a pak cache.
[2019.04.04-14.12.00:225][  0]LogDerivedDataCache: Unable to find inner node EnterprisePak for hierarchical cache Hierarchy.
[2019.04.04-14.12.00:260][  0]LogDerivedDataCache: Using Local data cache path C:/Users/james/AppData/Local/UnrealEngine/Common/DerivedDataCache: Writable
[2019.04.04-14.12.00:261][  0]LogDerivedDataCache: Shared data cache path not found in *engine.ini, will not use an Shared cache.
[2019.04.04-14.12.00:261][  0]LogDerivedDataCache: Unable to find inner node Shared for hierarchical cache Hierarchy.
[2019.04.04-14.12.00:286][  0]LogMaterial: Verifying Global Shaders for PCD3D_SM5
[2019.04.04-14.12.00:288][  0]LogSlate: Using FreeType 2.6.0
[2019.04.04-14.12.00:335][  0]LogSlate: SlateFontServices - WITH_FREETYPE: 1, WITH_HARFBUZZ: 1
[2019.04.04-14.12.01:960][  0]LogAssetRegistry: FAssetRegistry took 0.0388 seconds to start up
[2019.04.04-14.12.02:679][  0]LogInit: Selected Device Profile: [Windows]
[2019.04.04-14.12.04:587][  0]LogSimplygon: Simplygon DLL not present - disabling.
[2019.04.04-14.12.04:964][  0]LogMeshReduction: Using SimplygonSwarm for distributed automatic mesh merging
[2019.04.04-14.12.04:980][  0]LogMeshReduction: Using ProxyLODMeshReduction for automatic mesh merging
[2019.04.04-14.12.05:027][  0]LogMeshReduction: Using QuadricMeshReduction for automatic static mesh reduction
[2019.04.04-14.12.05:027][  0]LogMeshReduction: No automatic skeletal mesh reduction module available
[2019.04.04-14.12.05:337][  0]LogNetVersion: ScaryMaze 1.0.0, NetCL: 4541578, EngineNetVer: 5, GameNetVer: 0 (Checksum: 3370334168)
[2019.04.04-14.12.08:932][  0]LogPackageLocalizationCache: Processed 11 localized package path(s) for 2 prioritized culture(s) in 0.172254 seconds
[2019.04.04-14.12.08:940][  0]LogUObjectArray: 39775 objects as part of root set at end of initial load.
[2019.04.04-14.12.08:941][  0]LogUObjectAllocator: 6914664 out of 0 bytes used by permanent object pool.
[2019.04.04-14.12.08:941][  0]LogUObjectArray: CloseDisregardForGC: 0/0 objects in disregard for GC pool
[2019.04.04-14.12.30:228][  0]LogTcpMessaging: Initializing TcpMessaging bridge
[2019.04.04-14.12.30:252][  0]LogUdpMessaging: Initializing bridge on interface 0.0.0.0:0 to multicast group 230.0.0.1:6666.
[2019.04.04-14.12.32:844][  0]LogScript: Warning: Script Msg: A null object was passed as a world context object to UEngine::GetWorldFromContextObject().
[2019.04.04-14.12.33:719][  0]SourceControl: Source control is disabled
[2019.04.04-14.12.33:720][  0]SourceControl: Source control is disabled
[2019.04.04-14.12.33:840][  0]SourceControl: Source control is disabled
[2019.04.04-14.12.33:863][  0]SourceControl: Source control is disabled
[2019.04.04-14.12.35:228][  0]LogAndroidPermission: UAndroidPermissionCallbackProxy::GetInstance
[2019.04.04-14.12.35:589][  0]LogOcInput: OculusInput pre-init called
[2019.04.04-14.12.36:182][  0]LogEngine: Initializing Engine...
[2019.04.04-14.12.36:186][  0]LogHMD: Failed to initialize OpenVR with code 110
[2019.04.04-14.12.36:191][  0]LogStats: UGameplayTagsManager::ConstructGameplayTagTree: ImportINI prefixes -  0.000 s
[2019.04.04-14.12.36:191][  0]LogStats: UGameplayTagsManager::ConstructGameplayTagTree: Construct from data asset -  0.000 s
[2019.04.04-14.12.36:192][  0]LogStats: UGameplayTagsManager::ConstructGameplayTagTree: ImportINI -  0.001 s
[2019.04.04-14.12.36:192][  0]LogStats: UGameplayTagsManager::ConstructGameplayTagTree: GameplayTagTreeChangedEvent.Broadcast -  0.000 s
[2019.04.04-14.12.37:426][  0]LogInit: Initializing FReadOnlyCVARCache
[2019.04.04-14.12.37:574][  0]LogAIModule: Creating AISystem for world Untitled
[2019.04.04-14.12.37:610][  0]LogInit: XAudio2 using 'Speakers (Realtek High Definition Audio)' : 2 channels at 48 kHz using 16 bits per sample (channel mask 0x3)
[2019.04.04-14.12.37:679][  0]LogInit: FAudioDevice initialized.
[2019.04.04-14.12.37:691][  0]LogNetVersion: Set ProjectVersion to 1.0.0.0. Version Checksum will be recalculated on next use.
[2019.04.04-14.12.37:955][  0]LogDerivedDataCache: Saved boot cache 0.26s 74MB C:/Users/james/AppData/Local/UnrealEngine/4.21/DerivedDataCache/Boot.ddc.
[2019.04.04-14.12.37:963][  0]LogInit: Texture streaming: Enabled
[2019.04.04-14.12.38:331][  0]LogEngineSessionManager: EngineSessionManager initialized
[2019.04.04-14.12.38:349][  0]LogEngineSessionManager: EngineSessionManager sent abnormal shutdown report. Type=Debugger, SessionId={EEF54BA0-49E9-B1A4-B1C3-C486D47C5632}
[2019.04.04-14.12.38:350][  0]LogEngineSessionManager: EngineSessionManager sent abnormal shutdown report. Type=Debugger, SessionId={4F5F94CE-49EE-4B7A-EFA7-9995006C7F4B}
[2019.04.04-14.12.38:486][  0]LogInit: Transaction tracking system initialized
[2019.04.04-14.12.38:989][  0]BlueprintLog: New page: Editor Load
[2019.04.04-14.12.40:871][  0]LocalizationService: Localization service is disabled
[2019.04.04-14.12.45:213][  0]LogFileCache: Scanning file cache for directory 'C:/Users/james/Desktop/Processes for OOS/COP4331 Project/ScaryMaze/Content/' took 0.07s
[2019.04.04-14.12.45:213][  0]LogCook: Display: Max memory allowance for cook 16384mb min free memory 0mb
[2019.04.04-14.12.45:221][  0]LogCook: Display: Mobile HDR setting 1
[2019.04.04-14.12.45:232][  0]LogGameplayTags: Display: UGameplayTagsManager::DoneAddingNativeTags. DelegateIsBound: 0
[2019.04.04-14.12.45:233][  0]LogStats: UGameplayTagsManager::ConstructGameplayTagTree: ImportINI prefixes -  0.000 s
[2019.04.04-14.12.45:233][  0]LogStats: UGameplayTagsManager::ConstructGameplayTagTree: Construct from data asset -  0.000 s
[2019.04.04-14.12.45:233][  0]LogStats: UGameplayTagsManager::ConstructGameplayTagTree: ImportINI -  0.000 s
[2019.04.04-14.12.45:234][  0]LogStats: UGameplayTagsManager::ConstructGameplayTagTree: GameplayTagTreeChangedEvent.Broadcast -  0.000 s
[2019.04.04-14.12.47:687][  0]SourceControl: Source control is disabled
[2019.04.04-14.12.47:709][  0]Cmd: MAP LOAD FILE="../../../../../../Users/james/Desktop/Processes for OOS/COP4331 Project/ScaryMaze/Content/LevelOne.umap" TEMPLATE=0 SHOWPROGRESS=1 FEATURELEVEL=3
[2019.04.04-14.12.47:730][  0]LightingResults: New page: Lighting Build
[2019.04.04-14.12.47:789][  0]MapCheck: New page: Map Check
[2019.04.04-14.12.47:789][  0]LightingResults: New page: Lighting Build
[2019.04.04-14.12.49:819][  0]LogAIModule: Creating AISystem for world LevelOne
[2019.04.04-14.12.50:150][  0]LogEditorServer: Finished looking for orphan Actors (0.000 secs)
[2019.04.04-14.12.50:276][  0]Cmd: MAP CHECKDEP NOCLEARLOG
[2019.04.04-14.12.50:302][  0]MapCheck: Map check complete: 0 Error(s), 0 Warning(s), took 9.631ms to complete.
[2019.04.04-14.12.50:302][  0]LogFileHelpers: Loading map 'LevelOne' took 2.604
[2019.04.04-14.12.51:013][  0]LogSlate: Updating window title bar state: overlay mode, drag disabled, window buttons hidden, title bar hidden
[2019.04.04-14.12.51:038][  0]LogSlate: Updating window title bar state: overlay mode, drag disabled, window buttons hidden, title bar hidden
[2019.04.04-14.12.51:049][  0]LogSlate: Updating window title bar state: overlay mode, drag disabled, window buttons hidden, title bar hidden
[2019.04.04-14.12.51:059][  0]LogSlate: Updating window title bar state: overlay mode, drag disabled, window buttons hidden, title bar hidden
[2019.04.04-14.12.51:238][  0]LogCollectionManager: Loaded 0 collections in 0.005011 seconds
[2019.04.04-14.12.51:511][  0]LogFileCache: Scanning file cache for directory 'C:/Users/james/Desktop/Processes for OOS/COP4331 Project/ScaryMaze/Saved/Collections/' took 0.01s
[2019.04.04-14.12.51:512][  0]LogFileCache: Scanning file cache for directory 'C:/Users/james/Desktop/Processes for OOS/COP4331 Project/ScaryMaze/Content/Developers/james/Collections/' took 0.02s
[2019.04.04-14.12.51:512][  0]LogFileCache: Scanning file cache for directory 'C:/Users/james/Desktop/Processes for OOS/COP4331 Project/ScaryMaze/Content/Collections/' took 0.01s
[2019.04.04-14.12.51:512][  0]LogCollectionManager: Rebuilt the GUID cache for 0 collections in 0.000001 seconds
[2019.04.04-14.12.51:535][  0]LogContentBrowser: Native class hierarchy populated in 0.0237 seconds. Added 2669 classes and 622 folders.
[2019.04.04-14.12.51:661][  0]LogContentBrowser: Native class hierarchy updated for 'WidgetCarousel' in 0.0006 seconds. Added 0 classes and 0 folders.
[2019.04.04-14.12.51:759][  0]LogPakFile: Registered encryption key '00000000000000000000000000000000': 0 pak files mounted, 0 remain pending
[2019.04.04-14.12.51:807][  0]LogPakFile: Registered encryption key '00000000000000000000000000000000': 0 pak files mounted, 0 remain pending
[2019.04.04-14.12.51:848][  0]LogPakFile: Registered encryption key '00000000000000000000000000000000': 0 pak files mounted, 0 remain pending
[2019.04.04-14.12.51:872][  0]LogPakFile: Registered encryption key '00000000000000000000000000000000': 0 pak files mounted, 0 remain pending
[2019.04.04-14.12.51:893][  0]LogPakFile: Registered encryption key '00000000000000000000000000000000': 0 pak files mounted, 0 remain pending
[2019.04.04-14.12.51:910][  0]LogPakFile: Registered encryption key '00000000000000000000000000000000': 0 pak files mounted, 0 remain pending
[2019.04.04-14.12.51:929][  0]LogPakFile: Registered encryption key '00000000000000000000000000000000': 0 pak files mounted, 0 remain pending
[2019.04.04-14.12.51:948][  0]LogPakFile: Registered encryption key '00000000000000000000000000000000': 0 pak files mounted, 0 remain pending
[2019.04.04-14.12.51:963][  0]LogPakFile: Registered encryption key '00000000000000000000000000000000': 0 pak files mounted, 0 remain pending
[2019.04.04-14.12.51:995][  0]LogPakFile: Registered encryption key '00000000000000000000000000000000': 0 pak files mounted, 0 remain pending
[2019.04.04-14.12.52:016][  0]LogPakFile: Registered encryption key '00000000000000000000000000000000': 0 pak files mounted, 0 remain pending
[2019.04.04-14.12.52:037][  0]LogPakFile: Registered encryption key '00000000000000000000000000000000': 0 pak files mounted, 0 remain pending
[2019.04.04-14.12.52:055][  0]LogPakFile: Registered encryption key '00000000000000000000000000000000': 0 pak files mounted, 0 remain pending
[2019.04.04-14.12.52:072][  0]LogPakFile: Registered encryption key '00000000000000000000000000000000': 0 pak files mounted, 0 remain pending
[2019.04.04-14.12.52:091][  0]LogPakFile: Registered encryption key '00000000000000000000000000000000': 0 pak files mounted, 0 remain pending
[2019.04.04-14.12.52:103][  0]LogPakFile: Registered encryption key '00000000000000000000000000000000': 0 pak files mounted, 0 remain pending
[2019.04.04-14.12.52:152][  0]LogPakFile: Registered encryption key '00000000000000000000000000000000': 0 pak files mounted, 0 remain pending
[2019.04.04-14.12.52:190][  0]LogPakFile: Registered encryption key '00000000000000000000000000000000': 0 pak files mounted, 0 remain pending
[2019.04.04-14.12.52:212][  0]LogPakFile: Registered encryption key '00000000000000000000000000000000': 0 pak files mounted, 0 remain pending
[2019.04.04-14.12.52:226][  0]LogPakFile: Registered encryption key '00000000000000000000000000000000': 0 pak files mounted, 0 remain pending
[2019.04.04-14.12.52:257][  0]LogPakFile: Registered encryption key '00000000000000000000000000000000': 0 pak files mounted, 0 remain pending
[2019.04.04-14.12.52:323][  0]LogPakFile: Registered encryption key '00000000000000000000000000000000': 0 pak files mounted, 0 remain pending
[2019.04.04-14.12.52:345][  0]LogPakFile: Registered encryption key '00000000000000000000000000000000': 0 pak files mounted, 0 remain pending
[2019.04.04-14.12.52:361][  0]LogPakFile: Registered encryption key '00000000000000000000000000000000': 0 pak files mounted, 0 remain pending
[2019.04.04-14.12.52:375][  0]LogPakFile: Registered encryption key '00000000000000000000000000000000': 0 pak files mounted, 0 remain pending
[2019.04.04-14.12.52:392][  0]LogPakFile: Registered encryption key '00000000000000000000000000000000': 0 pak files mounted, 0 remain pending
[2019.04.04-14.12.53:740][  0]LogContentBrowser: Native class hierarchy updated for 'AddContentDialog' in 0.0012 seconds. Added 0 classes and 0 folders.
[2019.04.04-14.12.53:936][  0]LogContentBrowser: Native class hierarchy updated for 'SceneOutliner' in 0.0007 seconds. Added 1 classes and 2 folders.
[2019.04.04-14.12.55:480][  0]LogSlate: Took 0.036097 seconds to synchronously load lazily loaded font '../../../Engine/Content/Slate/Fonts/Roboto-Regular.ttf' (155K)
[2019.04.04-14.12.55:543][  0]LogSlate: Took 0.057320 seconds to synchronously load lazily loaded font '../../../Engine/Content/Slate/Fonts/Roboto-Bold.ttf' (160K)
[2019.04.04-14.12.55:585][  0]LogSlate: Took 0.017494 seconds to synchronously load lazily loaded font '../../../Engine/Content/Editor/Slate/Fonts/FontAwesome.ttf' (139K)
[2019.04.04-14.12.55:923][  0]LogRenderer: Reallocating scene render targets to support 732x360 Format 10 NumSamples 1 (Frame:1).
[2019.04.04-14.12.56:430][  0]LogSlate: Took 0.019407 seconds to synchronously load lazily loaded font '../../../Engine/Content/Slate/Fonts/Roboto-Light.ttf' (167K)
[2019.04.04-14.12.56:835][  0]LogContentBrowser: Native class hierarchy updated for 'HierarchicalLODOutliner' in 0.0007 seconds. Added 0 classes and 0 folders.
[2019.04.04-14.12.56:835][  0]LogLoad: (Engine Initialization) Total time: 93.12 seconds
[2019.04.04-14.12.56:836][  0]LogLoad: (Engine Initialization) Total Blueprint compile time: 0.00 seconds
[2019.04.04-14.12.57:085][  0]LogContentStreaming: Texture pool size now 1000 MB
[2019.04.04-14.12.57:755][  3]LogAssetRegistry: Asset discovery search completed in 55.8216 seconds
[2019.04.04-14.12.57:791][  3]LogCollectionManager: Rebuilt the object cache for 0 collections in 0.000000 seconds (found 0 objects)
[2019.04.04-14.12.57:791][  3]LogCollectionManager: Fixed up redirectors for 0 collections in 0.017400 seconds (updated 0 objects)
[2019.04.04-14.14.41:203][691]LogSlate: FSceneViewport::OnFocusLost() reason 0
[2019.04.04-14.14.41:744][697]Candidate modules for hot reload:
[2019.04.04-14.14.41:745][697]  ScaryMaze
[2019.04.04-14.14.41:765][697]Launching UnrealBuildTool... [C:/Program Files/Epic Games/UE_4.21/Engine/Binaries/DotNET/UnrealBuildTool.exe  -ModuleWithSuffix=ScaryMaze,8741 Win64 Development -TargetType=Editor -Project="../../../../../../Users/james/Desktop/Processes for OOS/COP4331 Project/ScaryMaze/ScaryMaze.uproject" -canskiplink "C:/Users/james/Desktop/Processes for OOS/COP4331 Project/ScaryMaze/ScaryMaze.uproject" ]
[2019.04.04-14.14.41:770][697]Warning: Starting HotReload took  0.5s.
[2019.04.04-14.15.11:736][465]CompilerResultsLog: New page: Compilation - Apr 4, 2019, 6:15:11 AM
[2019.04.04-14.15.11:736][465]CompilerResultsLog: Using 'git status' to determine working set for adaptive non-unity build (C:\Users\james\Desktop\Processes for OOS\COP4331 Project).
[2019.04.04-14.15.11:737][465]CompilerResultsLog: Creating makefile for hot reloading ScaryMazeEditor (source directory changed)
[2019.04.04-14.15.11:737][465]CompilerResultsLog: Compiling game modules for hot reload
[2019.04.04-14.15.11:737][465]CompilerResultsLog: Using Visual Studio 2017 14.16.27023 toolchain (C:\Program Files (x86)\Microsoft Visual Studio\2017\Community\VC\Tools\MSVC\14.16.27023) and Windows 10.0.17763.0 SDK (C:\Program Files (x86)\Windows Kits\10).
[2019.04.04-14.15.11:737][465]CompilerResultsLog: Building 3 actions with 4 processes...
[2019.04.04-14.15.11:737][465]CompilerResultsLog:   [1/3] ScaryMazeGameMode.cpp
[2019.04.04-14.15.11:737][465]CompilerResultsLog:   [2/3] UE4Editor-ScaryMaze-8741.lib
[2019.04.04-14.15.11:737][465]CompilerResultsLog:      Creating library C:\Users\james\Desktop\Processes for OOS\COP4331 Project\ScaryMaze\Intermediate\Build\Win64\UE4Editor\Development\ScaryMaze\UE4Editor-ScaryMaze-8741.lib and object C:\Users\james\Desktop\Processes for OOS\COP4331 Project\ScaryMaze\Intermediate\Build\Win64\UE4Editor\Development\ScaryMaze\UE4Editor-ScaryMaze-8741.exp
[2019.04.04-14.15.11:737][465]CompilerResultsLog:   [3/3] UE4Editor-ScaryMaze-8741.dll
[2019.04.04-14.15.11:737][465]CompilerResultsLog:      Creating library C:\Users\james\Desktop\Processes for OOS\COP4331 Project\ScaryMaze\Intermediate\Build\Win64\UE4Editor\Development\ScaryMaze\UE4Editor-ScaryMaze-8741.suppressed.lib and object C:\Users\james\Desktop\Processes for OOS\COP4331 Project\ScaryMaze\Intermediate\Build\Win64\UE4Editor\Development\ScaryMaze\UE4Editor-ScaryMaze-8741.suppressed.exp
[2019.04.04-14.15.11:737][465]CompilerResultsLog: Total build time: 29.30 seconds (Parallel executor: 17.21 seconds)
[2019.04.04-14.15.11:742][465]LogMainFrame: MainFrame: Module compiling took 30.023 seconds
[2019.04.04-14.15.12:032][465]LogScript: Warning: Script Msg: A null object was passed as a world context object to UEngine::GetWorldFromContextObject().
[2019.04.04-14.15.12:038][465]LogContentBrowser: Native class hierarchy updated for 'ScaryMaze' in 0.0010 seconds. Added 18 classes and 2 folders.
[2019.04.04-14.15.12:053][465]Display: HotReload successful (35 functions remapped  0 scriptstructs remapped)
[2019.04.04-14.15.12:964][465]LogContentBrowser: Native class hierarchy populated in 0.0173 seconds. Added 2670 classes and 624 folders.
[2019.04.04-14.15.13:070][465]Display: HotReload took 31.8s.
[2019.04.04-14.15.27:744][327]LogTemp: Repeating last play command: Simulate
[2019.04.04-14.15.27:766][327]LogBlueprintUserMessages: Early PlayInEditor Detection: Level '/Game/LevelOne.LevelOne:PersistentLevel' has LevelScriptBlueprint '/Game/LevelOne.LevelOne:PersistentLevel.LevelOne' with GeneratedClass '/Game/LevelOne.LevelOne_C' with ClassGeneratedBy '/Game/LevelOne.LevelOne:PersistentLevel.LevelOne'
[2019.04.04-14.15.27:766][327]LogPlayLevel: PlayLevel: No blueprints needed recompiling
[2019.04.04-14.15.27:766][327]PIE: New page: SIE session: LevelOne (Apr 4, 2019, 6:15:27 AM)
[2019.04.04-14.15.27:867][327]LogPlayLevel: Creating play world package: /Game/UEDPIE_0_LevelOne
[2019.04.04-14.15.27:872][327]LogPlayLevel: PIE: StaticDuplicateObject took: (0.004967s)
[2019.04.04-14.15.27:873][327]LogAIModule: Creating AISystem for world LevelOne
[2019.04.04-14.15.27:874][327]LogPlayLevel: PIE: World Init took: (0.001508s)
[2019.04.04-14.15.27:874][327]LogPlayLevel: PIE: Created PIE world by copying editor world from /Game/LevelOne.LevelOne to /Game/UEDPIE_0_LevelOne.LevelOne (0.007581s)
[2019.04.04-14.15.27:911][327]LogInit: XAudio2 using 'Speakers (Realtek High Definition Audio)' : 2 channels at 48 kHz using 16 bits per sample (channel mask 0x3)
[2019.04.04-14.15.27:934][327]LogInit: FAudioDevice initialized.
[2019.04.04-14.15.28:016][327]LogLoad: Game class is 'ScaryMazeGameMode'
[2019.04.04-14.15.28:019][327]LogWorld: Bringing World /Game/UEDPIE_0_LevelOne.LevelOne up for play (max tick rate 60) at 2019.04.04-10.15.28
[2019.04.04-14.15.28:020][327]LogWorld: Bringing up level for play took: 0.001480
[2019.04.04-14.15.28:050][327]LogGameMode: FindPlayerStart: PATHS NOT DEFINED or NO PLAYERSTART with positive rating
[2019.04.04-14.15.28:153][327]LogContentBrowser: Native class hierarchy updated for 'MovieSceneCapture' in 0.0015 seconds. Added 20 classes and 0 folders.
[2019.04.04-14.15.28:828][327]PIE: Play in editor start time for /Game/UEDPIE_0_LevelOne 1.303
[2019.04.04-14.15.28:875][327]LogBlueprintUserMessages: Late PlayInEditor Detection: Level '/Game/LevelOne.LevelOne:PersistentLevel' has LevelScriptBlueprint '/Game/LevelOne.LevelOne:PersistentLevel.LevelOne' with GeneratedClass '/Game/LevelOne.LevelOne_C' with ClassGeneratedBy '/Game/LevelOne.LevelOne:PersistentLevel.LevelOne'
[2019.04.04-14.15.30:278][345]LogSlate: Updating window title bar state: overlay mode, drag disabled, window buttons hidden, title bar hidden
[2019.04.04-14.15.53:029][600]LogSlate: FSceneViewport::OnFocusLost() reason 0
[2019.04.04-14.15.57:654][857]LogEditor: Attempting to add actor of class 'ScaryMazeBaseCharacter' to level at 9590.00,9020.00,88.00
[2019.04.04-14.15.59:812][857]LogEditor: Attempting to add actor of class 'ScaryMazeBaseCharacter' to level at 9375.45,9067.95,333.30
[2019.04.04-14.16.00:016][857]LogNet: Browse: /Game/LevelOne
[2019.04.04-14.16.00:022][857]LogLoad: LoadMap: /Game/LevelOne
[2019.04.04-14.16.00:355][857]LogPlayLevel: Creating play world package: /Game/UEDPIE_0_LevelOne
[2019.04.04-14.16.00:359][857]LogPlayLevel: PIE: StaticDuplicateObject took: (0.003549s)
[2019.04.04-14.16.00:360][857]LogAIModule: Creating AISystem for world LevelOne
[2019.04.04-14.16.00:360][857]LogPlayLevel: PIE: World Init took: (0.001337s)
[2019.04.04-14.16.00:361][857]LogPlayLevel: PIE: Created PIE world by copying editor world from /Game/LevelOne.LevelOne to /Game/UEDPIE_0_LevelOne.LevelOne (0.005695s)
[2019.04.04-14.16.00:361][857]LogLoad: Game class is 'ScaryMazeGameMode'
[2019.04.04-14.16.00:362][857]LogWorld: Bringing World /Game/UEDPIE_0_LevelOne.LevelOne up for play (max tick rate 60) at 2019.04.04-10.16.00
[2019.04.04-14.16.00:363][857]LogWorld: Bringing up level for play took: 0.001384
[2019.04.04-14.16.00:364][857]LogGameMode: FindPlayerStart: PATHS NOT DEFINED or NO PLAYERSTART with positive rating
[2019.04.04-14.16.01:828][857]LogLoad: Took 1.808368 seconds to LoadMap(/Game/UEDPIE_0_LevelOne)
[2019.04.04-14.16.05:059][973]LogSlate: FSceneViewport::OnFocusLost() reason 0
[2019.04.04-14.16.05:188][976]LogSlate: Updating window title bar state: overlay mode, drag disabled, window buttons hidden, title bar hidden
[2019.04.04-14.16.14:637][197]LogSlate: FSceneViewport::OnFocusLost() reason 0
[2019.04.04-14.16.51:597][917]LogBlueprintUserMessages: Early EndPlayMap Detection: Level '/Game/LevelOne.LevelOne:PersistentLevel' has LevelScriptBlueprint '/Game/LevelOne.LevelOne:PersistentLevel.LevelOne' with GeneratedClass '/Game/LevelOne.LevelOne_C' with ClassGeneratedBy '/Game/LevelOne.LevelOne:PersistentLevel.LevelOne'
[2019.04.04-14.16.51:616][917]LogSlate: Updating window title bar state: overlay mode, drag disabled, window buttons hidden, title bar hidden
[2019.04.04-14.16.51:834][917]LogPlayLevel: Display: Shutting down PIE online subsystems
[2019.04.04-14.16.51:835][917]LogBlueprintUserMessages: Late EndPlayMap Detection: Level '/Game/LevelOne.LevelOne:PersistentLevel' has LevelScriptBlueprint '/Game/LevelOne.LevelOne:PersistentLevel.LevelOne' with GeneratedClass '/Game/LevelOne.LevelOne_C' with ClassGeneratedBy '/Game/LevelOne.LevelOne:PersistentLevel.LevelOne'
[2019.04.04-14.16.51:907][917]LogSlate: Updating window title bar state: overlay mode, drag disabled, window buttons hidden, title bar hidden
[2019.04.04-14.16.52:016][918]LogPlayLevel: Display: Destroying online subsystem :Context_2
[2019.04.04-14.16.58:594][300]LogEditorViewport: Clicking on Actor (LMB): BP_Sky_Sphere_C (Sky Sphere)
[2019.04.04-14.17.06:625][754]LogSlate: FSceneViewport::OnFocusLost() reason 2
[2019.04.04-14.17.09:024][893]LogBlueprintUserMessages: Early PlayInEditor Detection: Level '/Game/LevelOne.LevelOne:PersistentLevel' has LevelScriptBlueprint '/Game/LevelOne.LevelOne:PersistentLevel.LevelOne' with GeneratedClass '/Game/LevelOne.LevelOne_C' with ClassGeneratedBy '/Game/LevelOne.LevelOne:PersistentLevel.LevelOne'
[2019.04.04-14.17.09:024][893]LogPlayLevel: PlayLevel: No blueprints needed recompiling
[2019.04.04-14.17.09:024][893]PIE: New page: PIE session: LevelOne (Apr 4, 2019, 6:17:09 AM)
[2019.04.04-14.17.09:024][893]LogPlayLevel: Creating play world package: /Game/UEDPIE_0_LevelOne
[2019.04.04-14.17.09:029][893]LogPlayLevel: PIE: StaticDuplicateObject took: (0.004591s)
[2019.04.04-14.17.09:030][893]LogAIModule: Creating AISystem for world LevelOne
[2019.04.04-14.17.09:031][893]LogPlayLevel: PIE: World Init took: (0.001365s)
[2019.04.04-14.17.09:031][893]LogPlayLevel: PIE: Created PIE world by copying editor world from /Game/LevelOne.LevelOne to /Game/UEDPIE_0_LevelOne.LevelOne (0.006531s)
[2019.04.04-14.17.09:061][893]LogInit: XAudio2 using 'Speakers (Realtek High Definition Audio)' : 2 channels at 48 kHz using 16 bits per sample (channel mask 0x3)
[2019.04.04-14.17.09:084][893]LogInit: FAudioDevice initialized.
[2019.04.04-14.17.09:084][893]LogSlate: FSceneViewport::OnFocusLost() reason 2
[2019.04.04-14.17.09:125][893]LogLoad: Game class is 'ScaryMazeGameMode'
[2019.04.04-14.17.09:127][893]LogWorld: Bringing World /Game/UEDPIE_0_LevelOne.LevelOne up for play (max tick rate 60) at 2019.04.04-10.17.09
[2019.04.04-14.17.09:127][893]LogWorld: Bringing up level for play took: 0.001135
[2019.04.04-14.17.09:300][893]PIE: Play in editor start time for /Game/UEDPIE_0_LevelOne -0.225
[2019.04.04-14.17.09:301][893]LogBlueprintUserMessages: Late PlayInEditor Detection: Level '/Game/LevelOne.LevelOne:PersistentLevel' has LevelScriptBlueprint '/Game/LevelOne.LevelOne:PersistentLevel.LevelOne' with GeneratedClass '/Game/LevelOne.LevelOne_C' with ClassGeneratedBy '/Game/LevelOne.LevelOne:PersistentLevel.LevelOne'
[2019.04.04-14.17.10:572][958]LogSlate: Updating window title bar state: overlay mode, drag disabled, window buttons hidden, title bar hidden
[2019.04.04-14.17.51:421][332]LogNet: Browse: /Game/LevelOne
[2019.04.04-14.17.51:470][332]LogLoad: LoadMap: /Game/LevelOne
[2019.04.04-14.17.51:531][332]LogPlayLevel: Creating play world package: /Game/UEDPIE_0_LevelOne
[2019.04.04-14.17.51:535][332]LogPlayLevel: PIE: StaticDuplicateObject took: (0.004039s)
[2019.04.04-14.17.51:536][332]LogAIModule: Creating AISystem for world LevelOne
[2019.04.04-14.17.51:537][332]LogPlayLevel: PIE: World Init took: (0.002127s)
[2019.04.04-14.17.51:538][332]LogPlayLevel: PIE: Created PIE world by copying editor world from /Game/LevelOne.LevelOne to /Game/UEDPIE_0_LevelOne.LevelOne (0.007067s)
[2019.04.04-14.17.51:538][332]LogLoad: Game class is 'ScaryMazeGameMode'
[2019.04.04-14.17.51:540][332]LogWorld: Bringing World /Game/UEDPIE_0_LevelOne.LevelOne up for play (max tick rate 60) at 2019.04.04-10.17.51
[2019.04.04-14.17.51:540][332]LogWorld: Bringing up level for play took: 0.001443
[2019.04.04-14.17.51:542][332]LogGameMode: FindPlayerStart: PATHS NOT DEFINED or NO PLAYERSTART with positive rating
[2019.04.04-14.17.52:022][332]LogLoad: Took 0.552379 seconds to LoadMap(/Game/UEDPIE_0_LevelOne)
[2019.04.04-14.17.57:091][611]LogSlate: FSceneViewport::OnFocusLost() reason 2
[2019.04.04-14.17.57:858][657]LogSlate: Updating window title bar state: overlay mode, drag disabled, window buttons hidden, title bar hidden
[2019.04.04-14.18.27:667][416]LogSlate: FSceneViewport::OnFocusLost() reason 2
[2019.04.04-14.18.55:040][ 15]LogSlate: FSceneViewport::OnFocusLost() reason 2
[2019.04.04-14.19.14:038][113]LogBlueprintUserMessages: Early EndPlayMap Detection: Level '/Game/LevelOne.LevelOne:PersistentLevel' has LevelScriptBlueprint '/Game/LevelOne.LevelOne:PersistentLevel.LevelOne' with GeneratedClass '/Game/LevelOne.LevelOne_C' with ClassGeneratedBy '/Game/LevelOne.LevelOne:PersistentLevel.LevelOne'
[2019.04.04-14.19.14:083][113]LogSlate: Updating window title bar state: overlay mode, drag disabled, window buttons hidden, title bar hidden
[2019.04.04-14.19.14:232][113]LogPlayLevel: Display: Shutting down PIE online subsystems
[2019.04.04-14.19.14:233][113]LogBlueprintUserMessages: Late EndPlayMap Detection: Level '/Game/LevelOne.LevelOne:PersistentLevel' has LevelScriptBlueprint '/Game/LevelOne.LevelOne:PersistentLevel.LevelOne' with GeneratedClass '/Game/LevelOne.LevelOne_C' with ClassGeneratedBy '/Game/LevelOne.LevelOne:PersistentLevel.LevelOne'
[2019.04.04-14.19.14:286][113]LogSlate: Updating window title bar state: overlay mode, drag disabled, window buttons hidden, title bar hidden
[2019.04.04-14.19.14:376][114]LogPlayLevel: Display: Destroying online subsystem :Context_3
[2019.04.04-14.19.43:889][666]LogSlate: FSceneViewport::OnFocusLost() reason 2
[2019.04.04-14.19.44:851][724]LogTemp: Repeating last play command: Selected Viewport
[2019.04.04-14.19.44:872][724]LogBlueprintUserMessages: Early PlayInEditor Detection: Level '/Game/LevelOne.LevelOne:PersistentLevel' has LevelScriptBlueprint '/Game/LevelOne.LevelOne:PersistentLevel.LevelOne' with GeneratedClass '/Game/LevelOne.LevelOne_C' with ClassGeneratedBy '/Game/LevelOne.LevelOne:PersistentLevel.LevelOne'
[2019.04.04-14.19.44:873][724]LogPlayLevel: PlayLevel: No blueprints needed recompiling
[2019.04.04-14.19.44:873][724]PIE: New page: PIE session: LevelOne (Apr 4, 2019, 6:19:44 AM)
[2019.04.04-14.19.44:874][724]LogPlayLevel: Creating play world package: /Game/UEDPIE_0_LevelOne
[2019.04.04-14.19.44:878][724]LogPlayLevel: PIE: StaticDuplicateObject took: (0.003598s)
[2019.04.04-14.19.44:879][724]LogAIModule: Creating AISystem for world LevelOne
[2019.04.04-14.19.44:879][724]LogPlayLevel: PIE: World Init took: (0.001309s)
[2019.04.04-14.19.44:880][724]LogPlayLevel: PIE: Created PIE world by copying editor world from /Game/LevelOne.LevelOne to /Game/UEDPIE_0_LevelOne.LevelOne (0.005698s)
[2019.04.04-14.19.44:906][724]LogInit: XAudio2 using 'Speakers (Realtek High Definition Audio)' : 2 channels at 48 kHz using 16 bits per sample (channel mask 0x3)
[2019.04.04-14.19.44:931][724]LogInit: FAudioDevice initialized.
[2019.04.04-14.19.44:932][724]LogSlate: FSceneViewport::OnFocusLost() reason 2
[2019.04.04-14.19.44:971][724]LogLoad: Game class is 'ScaryMazeGameMode'
[2019.04.04-14.19.44:973][724]LogWorld: Bringing World /Game/UEDPIE_0_LevelOne.LevelOne up for play (max tick rate 60) at 2019.04.04-10.19.44
[2019.04.04-14.19.44:973][724]LogWorld: Bringing up level for play took: 0.000943
[2019.04.04-14.19.45:161][724]PIE: Play in editor start time for /Game/UEDPIE_0_LevelOne -0.364
[2019.04.04-14.19.45:161][724]LogBlueprintUserMessages: Late PlayInEditor Detection: Level '/Game/LevelOne.LevelOne:PersistentLevel' has LevelScriptBlueprint '/Game/LevelOne.LevelOne:PersistentLevel.LevelOne' with GeneratedClass '/Game/LevelOne.LevelOne_C' with ClassGeneratedBy '/Game/LevelOne.LevelOne:PersistentLevel.LevelOne'
[2019.04.04-14.19.55:475][311]LogBlueprintUserMessages: Early EndPlayMap Detection: Level '/Game/LevelOne.LevelOne:PersistentLevel' has LevelScriptBlueprint '/Game/LevelOne.LevelOne:PersistentLevel.LevelOne' with GeneratedClass '/Game/LevelOne.LevelOne_C' with ClassGeneratedBy '/Game/LevelOne.LevelOne:PersistentLevel.LevelOne'
[2019.04.04-14.19.55:476][311]LogSlate: Updating window title bar state: overlay mode, drag disabled, window buttons hidden, title bar hidden
[2019.04.04-14.19.55:540][311]LogPlayLevel: Display: Shutting down PIE online subsystems
[2019.04.04-14.19.55:542][311]LogBlueprintUserMessages: Late EndPlayMap Detection: Level '/Game/LevelOne.LevelOne:PersistentLevel' has LevelScriptBlueprint '/Game/LevelOne.LevelOne:PersistentLevel.LevelOne' with GeneratedClass '/Game/LevelOne.LevelOne_C' with ClassGeneratedBy '/Game/LevelOne.LevelOne:PersistentLevel.LevelOne'
[2019.04.04-14.19.55:600][311]LogSlate: Updating window title bar state: overlay mode, drag disabled, window buttons hidden, title bar hidden
[2019.04.04-14.19.55:624][312]LogPlayLevel: Display: Destroying online subsystem :Context_4
[2019.04.04-14.22.22:457][473]LogSlate: FSceneViewport::OnFocusLost() reason 0
[2019.04.04-14.22.22:578][480]MapCheck: New page: Map Check
[2019.04.04-14.22.22:778][480]Cmd: MAP REBUILD ALLVISIBLE
[2019.04.04-14.22.22:785][480]LogEditorServer: Rebuildmap Clear paths rebuilt
[2019.04.04-14.22.23:031][480]LogMaterial: Display: Missing cached shader map for material FDebugViewModeMaterialProxy MaterialInstanceDynamic_0, compiling. 
[2019.04.04-14.22.25:716][480]LogShaderCompilers: Display: Shaders left to compile 1
[2019.04.04-14.22.25:716][480]TextureStreamingBuild: Display: Compiling optional shaders took 2.729 seconds.
[2019.04.04-14.22.25:798][480]LogLevel: Display: Export Material TexCoord Scales took 0.081 seconds.
[2019.04.04-14.22.25:842][480]TextureStreamingBuild: Display: Build Texture Streaming took 0.042 seconds.
[2019.04.04-14.22.25:899][480]LightingResults: New page: Lighting Build - Apr 4, 2019, 6:22:25 AM
[2019.04.04-14.22.26:471][480]LogSwarmInterface: [OpenConnection] Registering TCP channel ...
[2019.04.04-14.22.26:824][480]LogSwarmInterface: [OpenConnection] Connecting to agent ...
[2019.04.04-14.22.26:942][480]LogSwarmInterface: [TryOpenConnection] Testing the Agent
[2019.04.04-14.22.29:402][480]LogSwarmInterface: Error: [TryOpenConnection] Waiting for the agent to start up ...
[2019.04.04-14.22.29:581][480]LogSwarmInterface: Error: System.Net.Sockets.SocketException (0x80004005): No connection could be made because the target machine actively refused it 127.0.0.1:8008

Server stack trace: 
   at System.Net.Sockets.Socket.DoConnect(EndPoint endPointSnapshot, SocketAddress socketAddress)
   at System.Net.Sockets.Socket.Connect(EndPoint remoteEP)
   at System.Runtime.Remoting.Channels.RemoteConnection.CreateNewSocket(EndPoint ipEndPoint)
   at System.Runtime.Remoting.Channels.SocketCache.GetSocket(String machinePortAndSid, Boolean openNew)
   at System.Runtime.Remoting.Channels.Tcp.TcpClientTransportSink.SendRequestWithRetry(IMessage msg, ITransportHeaders requestHeaders, Stream requestStream)
   at System.Runtime.Remoting.Channels.Tcp.TcpClientTransportSink.AsyncProcessRequest(IClientChannelSinkStack sinkStack, IMessage msg, ITransportHeaders headers, Stream stream)
   at System.Runtime.Remoting.Channels.BinaryClientFormatterSink.AsyncProcessMessage(IMessage msg, IMessageSink replySink)

Exception rethrown at [0]: 
   at System.Runtime.Remoting.Proxies.RealProxy.HandleReturnMessage(IMessage reqMsg, IMessage retMsg)
   at System.Runtime.Remoting.Proxies.RealProxy.PrivateInvoke(MessageData& msgData, Int32 type)
   at NSwarm.IAgentInterfaceWrapper.MethodDelegate.EndInvoke(Hashtable& OutParameters, IAsyncResult result)
   at NSwarm.FSwarmInterface.TryOpenConnection(FConnectionCallback CallbackFunc, IntPtr CallbackData, ELogFlags LoggingFlags) in D:\Build\++UE4\Sync\Engine\Saved\CsTools\Engine\Source\Editor\SwarmInterface\DotNET\SwarmInterface.cs:line 2811
[2019.04.04-14.22.34:853][480]LogSwarmInterface: [TryOpenConnection] Opening Connection to Agent
[2019.04.04-14.22.34:854][480]LogSwarmInterface: [TryOpenConnection] Local Process ID is 11736
[2019.04.04-14.23.29:676][480]LogStaticLightingSystem: Warning: No importance volume found, so the scene bounding box was used.  You can optimize your scene's quality and lighting build times by adding importance volumes.
[2019.04.04-14.23.29:682][480]LogStaticLightingSystem: Running Lightmass w/ ImmediateImport mode ENABLED
[2019.04.04-14.23.29:682][480]LogStaticLightingSystem: Running Lightmass w/ ImmediateProcess mode ENABLED
[2019.04.04-14.23.29:682][480]LogStaticLightingSystem: Running Lightmass w/ Sorting mode ENABLED
[2019.04.04-14.23.29:682][480]LogStaticLightingSystem: Running Lightmass w/ Mapping paddings ENABLED
[2019.04.04-14.23.29:682][480]LogStaticLightingSystem: Running Lightmass w/ Mapping debug paddings DISABLED
[2019.04.04-14.23.30:125][480]Cmd: MAP CHECK DONTDISPLAYDIALOG
[2019.04.04-14.23.30:126][480]MapCheck: New page: LevelOne - Apr 4, 2019, 6:23:30 AM
[2019.04.04-14.23.30:242][480]MapCheck: Map check complete: 0 Error(s), 0 Warning(s), took 115.792ms to complete.
[2019.04.04-14.23.30:276][480]LogEditorBuildUtils: Build time 1:07
[2019.04.04-14.23.35:695][693]Job is a success!
[2019.04.04-14.23.35:772][694]LogSlate: Took 0.000980 seconds to synchronously load lazily loaded font '../../../Engine/Content/Slate/Fonts/Roboto-Light.ttf' (167K)
[2019.04.04-14.23.35:779][694]LogSlate: FSceneViewport::OnFocusLost() reason 2
[2019.04.04-14.23.35:899][694]LogVolumetricLightmapImport: Imported Volumetric Lightmap in 0.016s
[2019.04.04-14.23.35:899][694]LogVolumetricLightmapImport:      Indirection Texture 16x16x16 = 0.0Mb
[2019.04.04-14.23.35:900][694]LogVolumetricLightmapImport:      BrickData 5x5x5 = 0.0Mb
[2019.04.04-14.23.35:900][694]LogVolumetricLightmapImport:      Bricks at Level
[2019.04.04-14.23.35:900][694]LogVolumetricLightmapImport:          0: 100.0% covering 100.0% of volume
[2019.04.04-14.23.35:901][694]LogVolumetricLightmapImport:          1: 0.0% covering 0.0% of volume
[2019.04.04-14.23.35:902][694]LogVolumetricLightmapImport:          2: 0.0% covering 0.0% of volume
[2019.04.04-14.23.36:156][694]LogTexture: Display: Building textures: HQ_Lightmap0_1 (AutoDXT, 64X64)
[2019.04.04-14.23.36:156][694]LogTexture: Display: Building textures: LQ_Lightmap_0_1 (DXT1, 64X64)
[2019.04.04-14.23.36:156][694]LogTexture: Display: Building textures: ShadowMapTexture2D_0 (G8, 32X32)
[2019.04.04-14.23.36:278][694]Lightmass on LAPTOP-Q1QSGUBH: 2.41 sec total, 574 ms importing, 93 ms setup, 191 ms photons, 1.07 sec processing, 0 ms extra exporting [1/1 mappings]. Threads: 4.27 sec total, 180 ms processing.
[2019.04.04-14.23.36:367][694]LogStaticLightingSystem: Illumination: 1:10 min (101 ms encoding lightmaps, 35 ms encoding shadowmaps)
[2019.04.04-14.23.36:367][694]LogStaticLightingSystem: Lightmap texture memory:  0.0 MB (0.0 MB streaming, 0.0 MB non-streaming), 2 textures
[2019.04.04-14.23.36:367][694]LogStaticLightingSystem: Shadowmap texture memory: 0.0 MB (0.0 MB streaming, 0.0 MB non-streaming), 1 textures
[2019.04.04-14.23.36:747][694]DumpUnbuiltLightIteractions
[2019.04.04-14.23.36:747][694]Lights with unbuilt interactions: 0
[2019.04.04-14.23.36:748][694]
[2019.04.04-14.23.36:748][694]Primitives with unbuilt interactions: 0
[2019.04.04-14.23.36:796][694]LogSlate: FSceneViewport::OnFocusLost() reason 2
[2019.04.04-14.23.37:182][695]Cmd: MAP CHECK NOTIFYRESULTS
[2019.04.04-14.23.37:182][695]MapCheck: New page: LevelOne - Apr 4, 2019, 6:23:37 AM
[2019.04.04-14.23.37:183][695]MapCheck: Map check complete: 0 Error(s), 0 Warning(s), took 0.99ms to complete.
[2019.04.04-14.23.41:164][926]LogSlate: FSceneViewport::OnFocusLost() reason 2
[2019.04.04-14.23.42:335][995]LogTemp: Repeating last play command: Selected Viewport
[2019.04.04-14.23.42:357][995]LogBlueprintUserMessages: Early PlayInEditor Detection: Level '/Game/LevelOne.LevelOne:PersistentLevel' has LevelScriptBlueprint '/Game/LevelOne.LevelOne:PersistentLevel.LevelOne' with GeneratedClass '/Game/LevelOne.LevelOne_C' with ClassGeneratedBy '/Game/LevelOne.LevelOne:PersistentLevel.LevelOne'
[2019.04.04-14.23.42:358][995]LogPlayLevel: PlayLevel: No blueprints needed recompiling
[2019.04.04-14.23.42:358][995]PIE: New page: PIE session: LevelOne (Apr 4, 2019, 6:23:42 AM)
[2019.04.04-14.23.42:358][995]LogPlayLevel: Creating play world package: /Game/UEDPIE_0_LevelOne
[2019.04.04-14.23.42:362][995]LogPlayLevel: PIE: StaticDuplicateObject took: (0.003811s)
[2019.04.04-14.23.42:363][995]LogAIModule: Creating AISystem for world LevelOne
[2019.04.04-14.23.42:364][995]LogPlayLevel: PIE: World Init took: (0.001377s)
[2019.04.04-14.23.42:364][995]LogPlayLevel: PIE: Created PIE world by copying editor world from /Game/LevelOne.LevelOne to /Game/UEDPIE_0_LevelOne.LevelOne (0.005937s)
[2019.04.04-14.23.42:405][995]LogInit: XAudio2 using 'Speakers (Realtek High Definition Audio)' : 2 channels at 48 kHz using 16 bits per sample (channel mask 0x3)
[2019.04.04-14.23.42:429][995]LogInit: FAudioDevice initialized.
[2019.04.04-14.23.42:429][995]LogSlate: FSceneViewport::OnFocusLost() reason 2
[2019.04.04-14.23.42:471][995]LogLoad: Game class is 'ScaryMazeGameMode'
[2019.04.04-14.23.42:473][995]LogWorld: Bringing World /Game/UEDPIE_0_LevelOne.LevelOne up for play (max tick rate 60) at 2019.04.04-10.23.42
[2019.04.04-14.23.42:473][995]LogWorld: Bringing up level for play took: 0.001069
[2019.04.04-14.23.42:677][995]PIE: Play in editor start time for /Game/UEDPIE_0_LevelOne 1.152
[2019.04.04-14.23.42:677][995]LogBlueprintUserMessages: Late PlayInEditor Detection: Level '/Game/LevelOne.LevelOne:PersistentLevel' has LevelScriptBlueprint '/Game/LevelOne.LevelOne:PersistentLevel.LevelOne' with GeneratedClass '/Game/LevelOne.LevelOne_C' with ClassGeneratedBy '/Game/LevelOne.LevelOne:PersistentLevel.LevelOne'
[2019.04.04-14.23.43:941][ 53]LogSlate: Updating window title bar state: overlay mode, drag disabled, window buttons hidden, title bar hidden
[2019.04.04-14.23.49:221][359]LogBlueprintUserMessages: Early EndPlayMap Detection: Level '/Game/LevelOne.LevelOne:PersistentLevel' has LevelScriptBlueprint '/Game/LevelOne.LevelOne:PersistentLevel.LevelOne' with GeneratedClass '/Game/LevelOne.LevelOne_C' with ClassGeneratedBy '/Game/LevelOne.LevelOne:PersistentLevel.LevelOne'
[2019.04.04-14.23.49:222][359]LogSlate: Updating window title bar state: overlay mode, drag disabled, window buttons hidden, title bar hidden
[2019.04.04-14.23.49:291][359]LogPlayLevel: Display: Shutting down PIE online subsystems
[2019.04.04-14.23.49:292][359]LogBlueprintUserMessages: Late EndPlayMap Detection: Level '/Game/LevelOne.LevelOne:PersistentLevel' has LevelScriptBlueprint '/Game/LevelOne.LevelOne:PersistentLevel.LevelOne' with GeneratedClass '/Game/LevelOne.LevelOne_C' with ClassGeneratedBy '/Game/LevelOne.LevelOne:PersistentLevel.LevelOne'
[2019.04.04-14.23.49:341][359]LogSlate: Updating window title bar state: overlay mode, drag disabled, window buttons hidden, title bar hidden
[2019.04.04-14.23.49:366][360]LogPlayLevel: Display: Destroying online subsystem :Context_5
[2019.04.04-14.23.56:869][802]LogUnrealEdMisc: Warning: Heartbeat event firing too frequently (26.379 sec). This should never happen. Something is wrong with the timer delegate!
[2019.04.04-14.26.44:783][718]LogSlate: FSceneViewport::OnFocusLost() reason 2
[2019.04.04-14.26.45:491][718]LogSavePackage: Moving '../../../../../../Users/james/Desktop/Processes for OOS/COP4331 Project/ScaryMaze/Saved/LevelOne_Auto1790474074A6201524356F2A0F294FCA5.tmp' to '../../../../../../Users/james/Desktop/Processes for OOS/COP4331 Project/ScaryMaze/Saved/Autosaves/Game/LevelOne_Auto1.umap'
[2019.04.04-14.26.45:597][718]LogFileHelpers: Editor autosave (incl. sublevels) for '/Game/LevelOne' took 0.783
[2019.04.04-14.26.45:598][718]LogFileHelpers: Editor autosave (incl. sublevels) for all levels took 0.783
[2019.04.04-14.32.37:185][206]LogSlate: FSceneViewport::OnFocusLost() reason 0
[2019.04.04-14.32.37:294][210]Candidate modules for hot reload:
[2019.04.04-14.32.37:295][210]  ScaryMaze
[2019.04.04-14.32.37:295][210]Launching UnrealBuildTool... [C:/Program Files/Epic Games/UE_4.21/Engine/Binaries/DotNET/UnrealBuildTool.exe  -ModuleWithSuffix=ScaryMaze,1704 Win64 Development -TargetType=Editor -Project="../../../../../../Users/james/Desktop/Processes for OOS/COP4331 Project/ScaryMaze/ScaryMaze.uproject" -canskiplink "C:/Users/james/Desktop/Processes for OOS/COP4331 Project/ScaryMaze/ScaryMaze.uproject" ]
[2019.04.04-14.32.37:323][210]Warning: Starting HotReload took  0.1s.
[2019.04.04-14.36.45:707][332]LogSlate: FSceneViewport::OnFocusLost() reason 2
[2019.04.04-14.36.45:789][332]LogFileHelpers: Editor autosave (incl. sublevels) for '/Game/LevelOne' took 0.049
[2019.04.04-14.39.04:640][599]LogSlate: FSceneViewport::OnFocusLost() reason 0
[2019.04.04-14.39.04:713][604]CompilerResultsLog: New page: Compilation - Apr 4, 2019, 6:39:04 AM
[2019.04.04-14.39.04:713][604]CompilerResultsLog: Using 'git status' to determine working set for adaptive non-unity build (C:\Users\james\Desktop\Processes for OOS\COP4331 Project).
[2019.04.04-14.39.04:714][604]CompilerResultsLog: Creating makefile for hot reloading ScaryMazeEditor (source directory changed)
[2019.04.04-14.39.04:714][604]CompilerResultsLog: Compiling game modules for hot reload
[2019.04.04-14.39.04:714][604]CompilerResultsLog: Using Visual Studio 2017 14.16.27023 toolchain (C:\Program Files (x86)\Microsoft Visual Studio\2017\Community\VC\Tools\MSVC\14.16.27023) and Windows 10.0.17763.0 SDK (C:\Program Files (x86)\Windows Kits\10).
[2019.04.04-14.39.04:714][604]CompilerResultsLog: Building 4 actions with 4 processes...
[2019.04.04-14.39.04:714][604]LogMainFrame: MainFrame: Module compiling took 387.422 seconds
[2019.04.04-14.39.04:714][604]Warning: HotReload failed, recompile failed
[2019.04.04-14.39.08:617][820]LogSlate: Window 'Message Log' being destroyed
[2019.04.04-14.39.08:622][820]LogSlate: Window 'Message Log' being destroyed
