Log file open, 03/18/19 22:59:06
LogWindows: Failed to load 'aqProf.dll' (GetLastError=126)
LogWindows: File 'aqProf.dll' does not exist
LogWindows: Failed to load 'VtuneApi.dll' (GetLastError=126)
LogWindows: File 'VtuneApi.dll' does not exist
LogWindows: Failed to load 'VtuneApi32e.dll' (GetLastError=126)
LogWindows: File 'VtuneApi32e.dll' does not exist
LogConsoleResponse: Display: Failed to find resolution value strings in scalability ini. Falling back to default.
LogInit: Display: Running engine for game: ScaryMaze
LogPakFile: Registered encryption key '00000000000000000000000000000000': 0 pak files mounted, 0 remain pending
LogPlatformFile: Not using cached read wrapper
LogTaskGraph: Started task graph with 5 named threads and 11 total threads with 3 sets of task threads.
LogStats: Stats thread started at 0.510725
LogD3D11RHI: Loaded GFSDK_Aftermath_Lib.x64.dll
LogICUInternationalization: ICU TimeZone Detection - Raw Offset: -5:00, Platform Override: ''
LogConfig: Warning: Failed to saved backup for config[../../../../../../Users/james/Desktop/Processes for OOS/COP4331 Project/ScaryMaze/Intermediate/Config/CoalescedSourceConfigs/Editor.ini]
LogPluginManager: Mounting plugin Paper2D
LogPluginManager: Mounting plugin AISupport
LogPluginManager: Mounting plugin LightPropagationVolume
LogPluginManager: Mounting plugin ActorLayerUtilities
LogPluginManager: Mounting plugin CLionSourceCodeAccess
LogPluginManager: Mounting plugin CodeLiteSourceCodeAccess
LogPluginManager: Mounting plugin GitSourceControl
LogPluginManager: Mounting plugin KDevelopSourceCodeAccess
LogPluginManager: Mounting plugin NullSourceCodeAccess
LogPluginManager: Mounting plugin PerforceSourceControl
LogPluginManager: Mounting plugin SubversionSourceControl
LogPluginManager: Mounting plugin UObjectPlugin
LogPluginManager: Mounting plugin VisualStudioCodeSourceCodeAccess
LogPluginManager: Mounting plugin VisualStudioSourceCodeAccess
LogPluginManager: Mounting plugin XCodeSourceCodeAccess
LogPluginManager: Mounting plugin AssetManagerEditor
LogPluginManager: Mounting plugin CryptoKeys
LogPluginManager: Mounting plugin DataValidation
LogPluginManager: Mounting plugin FacialAnimation
LogPluginManager: Mounting plugin GameplayTagsEditor
LogPluginManager: Mounting plugin MacGraphicsSwitching
LogPluginManager: Mounting plugin MeshEditor
LogPluginManager: Mounting plugin MobileLauncherProfileWizard
LogPluginManager: Mounting plugin PluginBrowser
LogPluginManager: Mounting plugin SpeedTreeImporter
LogPluginManager: Mounting plugin DatasmithContent
LogPluginManager: Mounting plugin VariantManagerContent
LogPluginManager: Mounting plugin AlembicImporter
LogPluginManager: Mounting plugin AppleImageUtils
LogPluginManager: Mounting plugin AppleVision
LogPluginManager: Mounting plugin BackChannel
LogPluginManager: Mounting plugin CharacterAI
LogPluginManager: Mounting plugin GeometryCache
LogPluginManager: Mounting plugin HTML5Networking
LogPluginManager: Mounting plugin ProxyLODPlugin
LogPluginManager: Mounting plugin MagicLeap
LogPluginManager: Mounting plugin MagicLeapMedia
LogPluginManager: Mounting plugin AndroidMedia
LogPluginManager: Mounting plugin AvfMedia
LogPluginManager: Mounting plugin ImgMedia
LogPluginManager: Mounting plugin LinearTimecode
LogPluginManager: Mounting plugin MediaCompositing
LogPluginManager: Mounting plugin MediaPlayerEditor
LogPluginManager: Mounting plugin WebMMedia
LogPluginManager: Mounting plugin WmfMedia
LogPluginManager: Mounting plugin TcpMessaging
LogPluginManager: Mounting plugin UdpMessaging
LogPluginManager: Mounting plugin ActorSequence
LogPluginManager: Mounting plugin LevelSequenceEditor
LogPluginManager: Mounting plugin MatineeToLevelSequence
LogPluginManager: Mounting plugin NetcodeUnitTest
LogPluginManager: Mounting plugin NUTUnrealEngine4
LogPluginManager: Mounting plugin OnlineSubsystemGooglePlay
LogPluginManager: Mounting plugin OnlineSubsystemIOS
LogPluginManager: Mounting plugin OnlineSubsystem
LogPluginManager: Mounting plugin OnlineSubsystemNull
LogPluginManager: Mounting plugin OnlineSubsystemUtils
LogPluginManager: Mounting plugin LauncherChunkInstaller
LogPluginManager: Mounting plugin AndroidDeviceProfileSelector
LogPluginManager: Mounting plugin AndroidMoviePlayer
LogPluginManager: Mounting plugin AndroidPermission
LogPluginManager: Mounting plugin AppleMoviePlayer
LogPluginManager: Mounting plugin ArchVisCharacter
LogPluginManager: Mounting plugin AudioCapture
LogPluginManager: Mounting plugin CableComponent
LogPluginManager: Mounting plugin CustomMeshComponent
LogPluginManager: Mounting plugin EditableMesh
LogPluginManager: Mounting plugin ExampleDeviceProfileSelector
LogPluginManager: Mounting plugin Firebase
LogPluginManager: Mounting plugin GoogleCloudMessaging
LogPluginManager: Mounting plugin IOSDeviceProfileSelector
LogPluginManager: Mounting plugin LinuxDeviceProfileSelector
LogPluginManager: Mounting plugin LocationServicesBPLibrary
LogPluginManager: Mounting plugin MobilePatchingUtils
LogPluginManager: Mounting plugin OculusVR
LogPluginManager: Mounting plugin PhysXVehicles
LogPluginManager: Mounting plugin ProceduralMeshComponent
LogPluginManager: Mounting plugin RuntimePhysXCooking
LogPluginManager: Mounting plugin SteamVR
LogPluginManager: Mounting plugin WebMMoviePlayer
LogPluginManager: Mounting plugin WindowsMoviePlayer
LogStreaming: Display: Took  0.498s to configure plugins.
LogInit: Using libcurl 7.55.1-DEV
LogInit:  - built for x86_64-pc-win32
LogInit:  - supports SSL with OpenSSL/1.0.2h
LogInit:  - supports HTTP deflate (compression) using libz 1.2.8
LogInit:  - other features:
LogInit:      CURL_VERSION_SSL
LogInit:      CURL_VERSION_LIBZ
LogInit:      CURL_VERSION_IPV6
LogInit:      CURL_VERSION_ASYNCHDNS
LogInit:      CURL_VERSION_LARGEFILE
LogInit:      CURL_VERSION_IDN
LogInit:  CurlRequestOptions (configurable via config and command line):
LogInit:  - bVerifyPeer = true  - Libcurl will verify peer certificate
LogInit:  - bUseHttpProxy = false  - Libcurl will NOT use HTTP proxy
LogInit:  - bDontReuseConnections = false  - Libcurl will reuse connections
LogInit:  - MaxHostConnections = 16  - Libcurl will limit the number of connections to a host
LogInit:  - LocalHostAddr = Default
LogInit:  - BufferSize = 65536
LogInit: WinSock: version 1.1 (2.2), MaxSocks=32767, MaxUdp=65467
LogInit: Build: ++UE4+Release-4.21-CL-4753647
LogInit: Engine Version: 4.21.2-4753647+++UE4+Release-4.21
LogInit: Compatible Engine Version: 4.21.0-4541578+++UE4+Release-4.21
LogInit: Net CL: 4541578
LogInit: OS: Windows 10 (), CPU: Intel(R) Core(TM) i5-7200U CPU @ 2.50GHz, GPU: Intel(R) HD Graphics 620
LogInit: Compiled (64-bit): Jan 19 2019 02:07:31
LogInit: Compiled with Visual C++: 19.13.26129.00
LogInit: Build Configuration: Development
LogInit: Branch Name: ++UE4+Release-4.21
LogInit: Command Line:  -skipcompile
LogInit: Base Directory: C:/Program Files/Epic Games/UE_4.21/Engine/Binaries/Win64/
LogInit: Installed Engine Build: 1
LogDevObjectVersion: Number of dev versions registered: 22
LogDevObjectVersion:   Dev-Blueprints (B0D832E4-1F89-4F0D-ACCF-7EB736FD4AA2): 10
LogDevObjectVersion:   Dev-Build (E1C64328-A22C-4D53-A36C-8E866417BD8C): 0
LogDevObjectVersion:   Dev-Core (375EC13C-06E4-48FB-B500-84F0262A717E): 2
LogDevObjectVersion:   Dev-Editor (E4B068ED-F494-42E9-A231-DA0B2E46BB41): 26
LogDevObjectVersion:   Dev-Framework (CFFC743F-43B0-4480-9391-14DF171D2073): 34
LogDevObjectVersion:   Dev-Mobile (B02B49B5-BB20-44E9-A304-32B752E40360): 2
LogDevObjectVersion:   Dev-Networking (A4E4105C-59A1-49B5-A7C5-40C4547EDFEE): 0
LogDevObjectVersion:   Dev-Online (39C831C9-5AE6-47DC-9A44-9C173E1C8E7C): 0
LogDevObjectVersion:   Dev-Physics (78F01B33-EBEA-4F98-B9B4-84EACCB95AA2): 0
LogDevObjectVersion:   Dev-Platform (6631380F-2D4D-43E0-8009-CF276956A95A): 0
LogDevObjectVersion:   Dev-Rendering (12F88B9F-8875-4AFC-A67C-D90C383ABD29): 27
LogDevObjectVersion:   Dev-Sequencer (7B5AE74C-D270-4C10-A958-57980B212A5A): 9
LogDevObjectVersion:   Dev-VR (D7296918-1DD6-4BDD-9DE2-64A83CC13884): 2
LogDevObjectVersion:   Dev-LoadTimes (C2A15278-BFE7-4AFE-6C17-90FF531DF755): 1
LogDevObjectVersion:   Private-Geometry (6EACA3D4-40EC-4CC1-B786-8BED09428FC5): 3
LogDevObjectVersion:   Dev-AnimPhys (29E575DD-E0A3-4627-9D10-D276232CDCEA): 17
LogDevObjectVersion:   Dev-Anim (AF43A65D-7FD3-4947-9873-3E8ED9C1BB05): 2
LogDevObjectVersion:   Dev-ReflectionCapture (6B266CEC-1EC7-4B8F-A30B-E4D90942FC07): 1
LogDevObjectVersion:   Dev-Automation (0DF73D61-A23F-47EA-B727-89E90C41499A): 1
LogDevObjectVersion:   FortniteMain (601D1886-AC64-4F84-AA16-D3DE0DEAC7D6): 17
LogDevObjectVersion:   Dev-Enterprise (9DFFBCD6-494F-0158-E221-12823C92A888): 4
LogDevObjectVersion:   Dev-Niagara (F2AED0AC-9AFE-416F-8664-AA7FFA26D6FC): 1
LogStreaming: Display: Took  0.071s to delete old logs.
LogInit: Presizing for max 8388607 objects, including 0 objects not considered by GC, pre-allocating 0 bytes for permanent pool.
LogInit: Object subsystem initialized
LogConfig: Setting CVar [[con.DebugEarlyDefault:1]]
LogConfig: Setting CVar [[r.setres:1280x720]]
[2019.03.19-02.59.16:938][  0]LogConfig: Setting CVar [[r.VSync:0]]
[2019.03.19-02.59.16:938][  0]LogConfig: Setting CVar [[r.RHICmdBypass:0]]
[2019.03.19-02.59.16:939][  0]LogConfig: Applying CVar settings from Section [/Script/Engine.RendererSettings] File [C:/Users/james/Desktop/Processes for OOS/COP4331 Project/ScaryMaze/Saved/Config/Windows/Engine.ini]
[2019.03.19-02.59.16:939][  0]LogConfig: Setting CVar [[r.GPUCrashDebugging:0]]
[2019.03.19-02.59.16:939][  0]LogConfig: Applying CVar settings from Section [/Script/Engine.RendererOverrideSettings] File [C:/Users/james/Desktop/Processes for OOS/COP4331 Project/ScaryMaze/Saved/Config/Windows/Engine.ini]
[2019.03.19-02.59.16:939][  0]LogConfig: Applying CVar settings from Section [/Script/Engine.StreamingSettings] File [C:/Users/james/Desktop/Processes for OOS/COP4331 Project/ScaryMaze/Saved/Config/Windows/Engine.ini]
[2019.03.19-02.59.16:939][  0]LogConfig: Setting CVar [[s.MinBulkDataSizeForAsyncLoading:131072]]
[2019.03.19-02.59.16:939][  0]LogConfig: Setting CVar [[s.AsyncLoadingThreadEnabled:0]]
[2019.03.19-02.59.16:939][  0]LogConfig: Setting CVar [[s.EventDrivenLoaderEnabled:1]]
[2019.03.19-02.59.16:939][  0]LogConfig: Setting CVar [[s.WarnIfTimeLimitExceeded:0]]
[2019.03.19-02.59.16:939][  0]LogConfig: Setting CVar [[s.TimeLimitExceededMultiplier:1.5]]
[2019.03.19-02.59.16:939][  0]LogConfig: Setting CVar [[s.TimeLimitExceededMinTime:0.005]]
[2019.03.19-02.59.16:939][  0]LogConfig: Setting CVar [[s.UseBackgroundLevelStreaming:1]]
[2019.03.19-02.59.16:939][  0]LogConfig: Setting CVar [[s.PriorityAsyncLoadingExtraTime:15.0]]
[2019.03.19-02.59.16:939][  0]LogConfig: Setting CVar [[s.LevelStreamingActorsUpdateTimeLimit:5.0]]
[2019.03.19-02.59.16:939][  0]LogConfig: Setting CVar [[s.PriorityLevelStreamingActorsUpdateExtraTime:5.0]]
[2019.03.19-02.59.16:939][  0]LogConfig: Setting CVar [[s.LevelStreamingComponentsRegistrationGranularity:10]]
[2019.03.19-02.59.16:939][  0]LogConfig: Setting CVar [[s.UnregisterComponentsTimeLimit:1.0]]
[2019.03.19-02.59.16:939][  0]LogConfig: Setting CVar [[s.LevelStreamingComponentsUnregistrationGranularity:5]]
[2019.03.19-02.59.16:939][  0]LogConfig: Applying CVar settings from Section [/Script/Engine.GarbageCollectionSettings] File [C:/Users/james/Desktop/Processes for OOS/COP4331 Project/ScaryMaze/Saved/Config/Windows/Engine.ini]
[2019.03.19-02.59.16:939][  0]LogConfig: Setting CVar [[gc.MaxObjectsNotConsideredByGC:1]]
[2019.03.19-02.59.16:940][  0]LogConfig: Setting CVar [[gc.SizeOfPermanentObjectPool:0]]
[2019.03.19-02.59.16:940][  0]LogConfig: Setting CVar [[gc.FlushStreamingOnGC:0]]
[2019.03.19-02.59.16:940][  0]LogConfig: Setting CVar [[gc.NumRetriesBeforeForcingGC:10]]
[2019.03.19-02.59.16:940][  0]LogConfig: Setting CVar [[gc.AllowParallelGC:1]]
[2019.03.19-02.59.16:940][  0]LogConfig: Setting CVar [[gc.TimeBetweenPurgingPendingKillObjects:61.1]]
[2019.03.19-02.59.16:940][  0]LogConfig: Setting CVar [[gc.MaxObjectsInEditor:8388607]]
[2019.03.19-02.59.16:940][  0]LogConfig: Setting CVar [[gc.IncrementalBeginDestroyEnabled:1]]
[2019.03.19-02.59.16:940][  0]LogConfig: Setting CVar [[gc.CreateGCClusters:1]]
[2019.03.19-02.59.16:940][  0]LogConfig: Setting CVar [[gc.MergeGCClusters:0]]
[2019.03.19-02.59.16:940][  0]LogConfig: Setting CVar [[gc.MinGCClusterSize:5]]
[2019.03.19-02.59.16:940][  0]LogConfig: Setting CVar [[gc.ActorClusteringEnabled:0]]
[2019.03.19-02.59.16:940][  0]LogConfig: Setting CVar [[gc.BlueprintClusteringEnabled:0]]
[2019.03.19-02.59.16:940][  0]LogConfig: Setting CVar [[gc.UseDisregardForGCOnDedicatedServers:0]]
[2019.03.19-02.59.16:940][  0]LogConfig: Applying CVar settings from Section [/Script/Engine.NetworkSettings] File [C:/Users/james/Desktop/Processes for OOS/COP4331 Project/ScaryMaze/Saved/Config/Windows/Engine.ini]
[2019.03.19-02.59.16:940][  0]LogConfig: Applying CVar settings from Section [/Script/UnrealEd.CookerSettings] File [C:/Users/james/Desktop/Processes for OOS/COP4331 Project/ScaryMaze/Saved/Config/Windows/Engine.ini]
[2019.03.19-02.59.17:022][  0]LogConfig: Applying CVar settings from Section [ViewDistanceQuality@3] File [C:/Users/james/Desktop/Processes for OOS/COP4331 Project/ScaryMaze/Saved/Config/Windows/Scalability.ini]
[2019.03.19-02.59.17:022][  0]LogConfig: Setting CVar [[r.SkeletalMeshLODBias:0]]
[2019.03.19-02.59.17:023][  0]LogConfig: Setting CVar [[r.ViewDistanceScale:1.0]]
[2019.03.19-02.59.17:026][  0]LogConfig: Applying CVar settings from Section [AntiAliasingQuality@3] File [C:/Users/james/Desktop/Processes for OOS/COP4331 Project/ScaryMaze/Saved/Config/Windows/Scalability.ini]
[2019.03.19-02.59.17:026][  0]LogConfig: Setting CVar [[r.PostProcessAAQuality:4]]
[2019.03.19-02.59.17:026][  0]LogConfig: Applying CVar settings from Section [ShadowQuality@3] File [C:/Users/james/Desktop/Processes for OOS/COP4331 Project/ScaryMaze/Saved/Config/Windows/Scalability.ini]
[2019.03.19-02.59.17:026][  0]LogConfig: Setting CVar [[r.LightFunctionQuality:1]]
[2019.03.19-02.59.17:026][  0]LogConfig: Setting CVar [[r.ShadowQuality:5]]
[2019.03.19-02.59.17:026][  0]LogConfig: Setting CVar [[r.Shadow.CSM.MaxCascades:10]]
[2019.03.19-02.59.17:026][  0]LogConfig: Setting CVar [[r.Shadow.MaxResolution:2048]]
[2019.03.19-02.59.17:026][  0]LogConfig: Setting CVar [[r.Shadow.MaxCSMResolution:2048]]
[2019.03.19-02.59.17:026][  0]LogConfig: Setting CVar [[r.Shadow.RadiusThreshold:0.01]]
[2019.03.19-02.59.17:026][  0]LogConfig: Setting CVar [[r.Shadow.DistanceScale:1.0]]
[2019.03.19-02.59.17:026][  0]LogConfig: Setting CVar [[r.Shadow.CSM.TransitionScale:1.0]]
[2019.03.19-02.59.17:026][  0]LogConfig: Setting CVar [[r.Shadow.PreShadowResolutionFactor:1.0]]
[2019.03.19-02.59.17:026][  0]LogConfig: Setting CVar [[r.DistanceFieldShadowing:1]]
[2019.03.19-02.59.17:026][  0]LogConfig: Setting CVar [[r.DistanceFieldAO:1]]
[2019.03.19-02.59.17:026][  0]LogConfig: Setting CVar [[r.AOQuality:2]]
[2019.03.19-02.59.17:026][  0]LogConfig: Setting CVar [[r.VolumetricFog:1]]
[2019.03.19-02.59.17:027][  0]LogConfig: Setting CVar [[r.VolumetricFog.GridPixelSize:8]]
[2019.03.19-02.59.17:027][  0]LogConfig: Setting CVar [[r.VolumetricFog.GridSizeZ:128]]
[2019.03.19-02.59.17:027][  0]LogConfig: Setting CVar [[r.VolumetricFog.HistoryMissSupersampleCount:4]]
[2019.03.19-02.59.17:027][  0]LogConfig: Setting CVar [[r.LightMaxDrawDistanceScale:1]]
[2019.03.19-02.59.17:027][  0]LogConfig: Setting CVar [[r.CapsuleShadows:1]]
[2019.03.19-02.59.17:027][  0]LogConfig: Applying CVar settings from Section [PostProcessQuality@3] File [C:/Users/james/Desktop/Processes for OOS/COP4331 Project/ScaryMaze/Saved/Config/Windows/Scalability.ini]
[2019.03.19-02.59.17:027][  0]LogConfig: Setting CVar [[r.MotionBlurQuality:4]]
[2019.03.19-02.59.17:027][  0]LogConfig: Setting CVar [[r.AmbientOcclusionMipLevelFactor:0.4]]
[2019.03.19-02.59.17:027][  0]LogConfig: Setting CVar [[r.AmbientOcclusionMaxQuality:100]]
[2019.03.19-02.59.17:027][  0]LogConfig: Setting CVar [[r.AmbientOcclusionLevels:-1]]
[2019.03.19-02.59.17:027][  0]LogConfig: Setting CVar [[r.AmbientOcclusionRadiusScale:1.0]]
[2019.03.19-02.59.17:027][  0]LogConfig: Setting CVar [[r.DepthOfFieldQuality:2]]
[2019.03.19-02.59.17:027][  0]LogConfig: Setting CVar [[r.RenderTargetPoolMin:400]]
[2019.03.19-02.59.17:027][  0]LogConfig: Setting CVar [[r.LensFlareQuality:2]]
[2019.03.19-02.59.17:027][  0]LogConfig: Setting CVar [[r.SceneColorFringeQuality:1]]
[2019.03.19-02.59.17:027][  0]LogConfig: Setting CVar [[r.EyeAdaptationQuality:2]]
[2019.03.19-02.59.17:027][  0]LogConfig: Setting CVar [[r.BloomQuality:5]]
[2019.03.19-02.59.17:027][  0]LogConfig: Setting CVar [[r.FastBlurThreshold:100]]
[2019.03.19-02.59.17:027][  0]LogConfig: Setting CVar [[r.Upscale.Quality:3]]
[2019.03.19-02.59.17:027][  0]LogConfig: Setting CVar [[r.Tonemapper.GrainQuantization:1]]
[2019.03.19-02.59.17:028][  0]LogConfig: Setting CVar [[r.LightShaftQuality:1]]
[2019.03.19-02.59.17:028][  0]LogConfig: Setting CVar [[r.Filter.SizeScale:1]]
[2019.03.19-02.59.17:028][  0]LogConfig: Setting CVar [[r.Tonemapper.Quality:5]]
[2019.03.19-02.59.17:028][  0]LogConfig: Setting CVar [[r.DOF.Gather.AccumulatorQuality:1        ; higher gathering accumulator quality]]
[2019.03.19-02.59.17:028][  0]LogConfig: Setting CVar [[r.DOF.Gather.PostfilterMethod:1          ; Median3x3 postfilering method]]
[2019.03.19-02.59.17:028][  0]LogConfig: Setting CVar [[r.DOF.Gather.EnableBokehSettings:0       ; no bokeh simulation when gathering]]
[2019.03.19-02.59.17:029][  0]LogConfig: Setting CVar [[r.DOF.Gather.RingCount:4                 ; medium number of samples when gathering]]
[2019.03.19-02.59.17:029][  0]LogConfig: Setting CVar [[r.DOF.Scatter.ForegroundCompositing:1    ; additive foreground scattering]]
[2019.03.19-02.59.17:029][  0]LogConfig: Setting CVar [[r.DOF.Scatter.BackgroundCompositing:2    ; additive background scattering]]
[2019.03.19-02.59.17:029][  0]LogConfig: Setting CVar [[r.DOF.Scatter.EnableBokehSettings:1      ; bokeh simulation when scattering]]
[2019.03.19-02.59.17:029][  0]LogConfig: Setting CVar [[r.DOF.Scatter.MaxSpriteRatio:0.1         ; only a maximum of 10% of scattered bokeh]]
[2019.03.19-02.59.17:029][  0]LogConfig: Setting CVar [[r.DOF.Recombine.Quality:1                ; cheap slight out of focus]]
[2019.03.19-02.59.17:029][  0]LogConfig: Setting CVar [[r.DOF.Recombine.EnableBokehSettings:0    ; no bokeh simulation on slight out of focus]]
[2019.03.19-02.59.17:029][  0]LogConfig: Setting CVar [[r.DOF.TemporalAAQuality:1                ; more stable temporal accumulation]]
[2019.03.19-02.59.17:029][  0]LogConfig: Setting CVar [[r.DOF.Kernel.MaxForegroundRadius:0.025]]
[2019.03.19-02.59.17:029][  0]LogConfig: Setting CVar [[r.DOF.Kernel.MaxBackgroundRadius:0.025]]
[2019.03.19-02.59.17:029][  0]LogConfig: Applying CVar settings from Section [TextureQuality@3] File [C:/Users/james/Desktop/Processes for OOS/COP4331 Project/ScaryMaze/Saved/Config/Windows/Scalability.ini]
[2019.03.19-02.59.17:029][  0]LogConfig: Setting CVar [[r.Streaming.MipBias:0]]
[2019.03.19-02.59.17:029][  0]LogConfig: Setting CVar [[r.Streaming.AmortizeCPUToGPUCopy:0]]
[2019.03.19-02.59.17:029][  0]LogConfig: Setting CVar [[r.Streaming.MaxNumTexturesToStreamPerFrame:0]]
[2019.03.19-02.59.17:029][  0]LogConfig: Setting CVar [[r.Streaming.Boost:1]]
[2019.03.19-02.59.17:029][  0]LogConfig: Setting CVar [[r.MaxAnisotropy:8]]
[2019.03.19-02.59.17:029][  0]LogConfig: Setting CVar [[r.Streaming.LimitPoolSizeToVRAM:0]]
[2019.03.19-02.59.17:029][  0]LogConfig: Setting CVar [[r.Streaming.PoolSize:1000]]
[2019.03.19-02.59.17:029][  0]LogConfig: Setting CVar [[r.Streaming.MaxEffectiveScreenSize:0]]
[2019.03.19-02.59.17:029][  0]LogConfig: Applying CVar settings from Section [EffectsQuality@3] File [C:/Users/james/Desktop/Processes for OOS/COP4331 Project/ScaryMaze/Saved/Config/Windows/Scalability.ini]
[2019.03.19-02.59.17:029][  0]LogConfig: Setting CVar [[r.TranslucencyLightingVolumeDim:64]]
[2019.03.19-02.59.17:029][  0]LogConfig: Setting CVar [[r.RefractionQuality:2]]
[2019.03.19-02.59.17:029][  0]LogConfig: Setting CVar [[r.SSR.Quality:3]]
[2019.03.19-02.59.17:029][  0]LogConfig: Setting CVar [[r.SceneColorFormat:4]]
[2019.03.19-02.59.17:030][  0]LogConfig: Setting CVar [[r.DetailMode:2]]
[2019.03.19-02.59.17:030][  0]LogConfig: Setting CVar [[r.TranslucencyVolumeBlur:1]]
[2019.03.19-02.59.17:030][  0]LogConfig: Setting CVar [[r.MaterialQualityLevel:1 ; High quality]]
[2019.03.19-02.59.17:030][  0]LogConfig: Setting CVar [[r.SSS.Scale:1]]
[2019.03.19-02.59.17:030][  0]LogConfig: Setting CVar [[r.SSS.SampleSet:2]]
[2019.03.19-02.59.17:030][  0]LogConfig: Setting CVar [[r.SSS.Quality:1]]
[2019.03.19-02.59.17:030][  0]LogConfig: Setting CVar [[r.SSS.HalfRes:1]]
[2019.03.19-02.59.17:030][  0]LogConfig: Setting CVar [[r.EmitterSpawnRateScale:1.0]]
[2019.03.19-02.59.17:030][  0]LogConfig: Setting CVar [[r.ParticleLightQuality:2]]
[2019.03.19-02.59.17:030][  0]LogConfig: Applying CVar settings from Section [FoliageQuality@3] File [C:/Users/james/Desktop/Processes for OOS/COP4331 Project/ScaryMaze/Saved/Config/Windows/Scalability.ini]
[2019.03.19-02.59.17:030][  0]LogConfig: Setting CVar [[foliage.DensityScale:1.0]]
[2019.03.19-02.59.17:030][  0]LogConfig: Setting CVar [[grass.DensityScale:1.0]]
[2019.03.19-02.59.17:030][  0]LogInit: Selected Device Profile: [Windows]
[2019.03.19-02.59.17:031][  0]LogInit: Applying CVar settings loaded from the selected device profile: [Windows]
[2019.03.19-02.59.17:140][  0]LogHAL: Display: Platform has ~ 8 GB [8499228672 / 8589934592 / 8], which maps to Default [LargestMinGB=32, LargerMinGB=12, DefaultMinGB=8, SmallerMinGB=6, SmallestMinGB=0)
[2019.03.19-02.59.17:172][  0]LogConfig: Setting CVar [[r.Vulkan.UseRealUBs:1]]
[2019.03.19-02.59.17:178][  0]LogInit: Going up to parent DeviceProfile []
[2019.03.19-02.59.17:179][  0]LogConfig: Applying CVar settings from Section [ViewDistanceQuality@3] File [C:/Users/james/Desktop/Processes for OOS/COP4331 Project/ScaryMaze/Saved/Config/Windows/Scalability.ini]
[2019.03.19-02.59.17:179][  0]LogConfig: Setting CVar [[r.SkeletalMeshLODBias:0]]
[2019.03.19-02.59.17:184][  0]LogConfig: Setting CVar [[r.ViewDistanceScale:1.0]]
[2019.03.19-02.59.17:185][  0]LogConfig: Applying CVar settings from Section [AntiAliasingQuality@3] File [C:/Users/james/Desktop/Processes for OOS/COP4331 Project/ScaryMaze/Saved/Config/Windows/Scalability.ini]
[2019.03.19-02.59.17:185][  0]LogConfig: Setting CVar [[r.PostProcessAAQuality:4]]
[2019.03.19-02.59.17:185][  0]LogConfig: Applying CVar settings from Section [ShadowQuality@3] File [C:/Users/james/Desktop/Processes for OOS/COP4331 Project/ScaryMaze/Saved/Config/Windows/Scalability.ini]
[2019.03.19-02.59.17:185][  0]LogConfig: Setting CVar [[r.LightFunctionQuality:1]]
[2019.03.19-02.59.17:186][  0]LogConfig: Setting CVar [[r.ShadowQuality:5]]
[2019.03.19-02.59.17:186][  0]LogConfig: Setting CVar [[r.Shadow.CSM.MaxCascades:10]]
[2019.03.19-02.59.17:186][  0]LogConfig: Setting CVar [[r.Shadow.MaxResolution:2048]]
[2019.03.19-02.59.17:186][  0]LogConfig: Setting CVar [[r.Shadow.MaxCSMResolution:2048]]
[2019.03.19-02.59.17:186][  0]LogConfig: Setting CVar [[r.Shadow.RadiusThreshold:0.01]]
[2019.03.19-02.59.17:188][  0]LogConfig: Setting CVar [[r.Shadow.DistanceScale:1.0]]
[2019.03.19-02.59.17:188][  0]LogConfig: Setting CVar [[r.Shadow.CSM.TransitionScale:1.0]]
[2019.03.19-02.59.17:188][  0]LogConfig: Setting CVar [[r.Shadow.PreShadowResolutionFactor:1.0]]
[2019.03.19-02.59.17:188][  0]LogConfig: Setting CVar [[r.DistanceFieldShadowing:1]]
[2019.03.19-02.59.17:189][  0]LogConfig: Setting CVar [[r.DistanceFieldAO:1]]
[2019.03.19-02.59.17:189][  0]LogConfig: Setting CVar [[r.AOQuality:2]]
[2019.03.19-02.59.17:189][  0]LogConfig: Setting CVar [[r.VolumetricFog:1]]
[2019.03.19-02.59.17:189][  0]LogConfig: Setting CVar [[r.VolumetricFog.GridPixelSize:8]]
[2019.03.19-02.59.17:190][  0]LogConfig: Setting CVar [[r.VolumetricFog.GridSizeZ:128]]
[2019.03.19-02.59.17:190][  0]LogConfig: Setting CVar [[r.VolumetricFog.HistoryMissSupersampleCount:4]]
[2019.03.19-02.59.17:190][  0]LogConfig: Setting CVar [[r.LightMaxDrawDistanceScale:1]]
[2019.03.19-02.59.17:190][  0]LogConfig: Setting CVar [[r.CapsuleShadows:1]]
[2019.03.19-02.59.17:191][  0]LogConfig: Applying CVar settings from Section [PostProcessQuality@3] File [C:/Users/james/Desktop/Processes for OOS/COP4331 Project/ScaryMaze/Saved/Config/Windows/Scalability.ini]
[2019.03.19-02.59.17:191][  0]LogConfig: Setting CVar [[r.MotionBlurQuality:4]]
[2019.03.19-02.59.17:192][  0]LogConfig: Setting CVar [[r.AmbientOcclusionMipLevelFactor:0.4]]
[2019.03.19-02.59.17:192][  0]LogConfig: Setting CVar [[r.AmbientOcclusionMaxQuality:100]]
[2019.03.19-02.59.17:192][  0]LogConfig: Setting CVar [[r.AmbientOcclusionLevels:-1]]
[2019.03.19-02.59.17:192][  0]LogConfig: Setting CVar [[r.AmbientOcclusionRadiusScale:1.0]]
[2019.03.19-02.59.17:193][  0]LogConfig: Setting CVar [[r.DepthOfFieldQuality:2]]
[2019.03.19-02.59.17:193][  0]LogConfig: Setting CVar [[r.RenderTargetPoolMin:400]]
[2019.03.19-02.59.17:193][  0]LogConfig: Setting CVar [[r.LensFlareQuality:2]]
[2019.03.19-02.59.17:193][  0]LogConfig: Setting CVar [[r.SceneColorFringeQuality:1]]
[2019.03.19-02.59.17:193][  0]LogConfig: Setting CVar [[r.EyeAdaptationQuality:2]]
[2019.03.19-02.59.17:193][  0]LogConfig: Setting CVar [[r.BloomQuality:5]]
[2019.03.19-02.59.17:193][  0]LogConfig: Setting CVar [[r.FastBlurThreshold:100]]
[2019.03.19-02.59.17:193][  0]LogConfig: Setting CVar [[r.Upscale.Quality:3]]
[2019.03.19-02.59.17:193][  0]LogConfig: Setting CVar [[r.Tonemapper.GrainQuantization:1]]
[2019.03.19-02.59.17:193][  0]LogConfig: Setting CVar [[r.LightShaftQuality:1]]
[2019.03.19-02.59.17:194][  0]LogConfig: Setting CVar [[r.Filter.SizeScale:1]]
[2019.03.19-02.59.17:194][  0]LogConfig: Setting CVar [[r.Tonemapper.Quality:5]]
[2019.03.19-02.59.17:194][  0]LogConfig: Setting CVar [[r.DOF.Gather.AccumulatorQuality:1        ; higher gathering accumulator quality]]
[2019.03.19-02.59.17:194][  0]LogConfig: Setting CVar [[r.DOF.Gather.PostfilterMethod:1          ; Median3x3 postfilering method]]
[2019.03.19-02.59.17:194][  0]LogConfig: Setting CVar [[r.DOF.Gather.EnableBokehSettings:0       ; no bokeh simulation when gathering]]
[2019.03.19-02.59.17:194][  0]LogConfig: Setting CVar [[r.DOF.Gather.RingCount:4                 ; medium number of samples when gathering]]
[2019.03.19-02.59.17:194][  0]LogConfig: Setting CVar [[r.DOF.Scatter.ForegroundCompositing:1    ; additive foreground scattering]]
[2019.03.19-02.59.17:194][  0]LogConfig: Setting CVar [[r.DOF.Scatter.BackgroundCompositing:2    ; additive background scattering]]
[2019.03.19-02.59.17:194][  0]LogConfig: Setting CVar [[r.DOF.Scatter.EnableBokehSettings:1      ; bokeh simulation when scattering]]
[2019.03.19-02.59.17:194][  0]LogConfig: Setting CVar [[r.DOF.Scatter.MaxSpriteRatio:0.1         ; only a maximum of 10% of scattered bokeh]]
[2019.03.19-02.59.17:195][  0]LogConfig: Setting CVar [[r.DOF.Recombine.Quality:1                ; cheap slight out of focus]]
[2019.03.19-02.59.17:195][  0]LogConfig: Setting CVar [[r.DOF.Recombine.EnableBokehSettings:0    ; no bokeh simulation on slight out of focus]]
[2019.03.19-02.59.17:195][  0]LogConfig: Setting CVar [[r.DOF.TemporalAAQuality:1                ; more stable temporal accumulation]]
[2019.03.19-02.59.17:195][  0]LogConfig: Setting CVar [[r.DOF.Kernel.MaxForegroundRadius:0.025]]
[2019.03.19-02.59.17:195][  0]LogConfig: Setting CVar [[r.DOF.Kernel.MaxBackgroundRadius:0.025]]
[2019.03.19-02.59.17:195][  0]LogConfig: Applying CVar settings from Section [TextureQuality@3] File [C:/Users/james/Desktop/Processes for OOS/COP4331 Project/ScaryMaze/Saved/Config/Windows/Scalability.ini]
[2019.03.19-02.59.17:195][  0]LogConfig: Setting CVar [[r.Streaming.MipBias:0]]
[2019.03.19-02.59.17:195][  0]LogConfig: Setting CVar [[r.Streaming.AmortizeCPUToGPUCopy:0]]
[2019.03.19-02.59.17:195][  0]LogConfig: Setting CVar [[r.Streaming.MaxNumTexturesToStreamPerFrame:0]]
[2019.03.19-02.59.17:195][  0]LogConfig: Setting CVar [[r.Streaming.Boost:1]]
[2019.03.19-02.59.17:195][  0]LogConfig: Setting CVar [[r.MaxAnisotropy:8]]
[2019.03.19-02.59.17:195][  0]LogConfig: Setting CVar [[r.Streaming.LimitPoolSizeToVRAM:0]]
[2019.03.19-02.59.17:195][  0]LogConfig: Setting CVar [[r.Streaming.PoolSize:1000]]
[2019.03.19-02.59.17:195][  0]LogConfig: Setting CVar [[r.Streaming.MaxEffectiveScreenSize:0]]
[2019.03.19-02.59.17:196][  0]LogConfig: Applying CVar settings from Section [EffectsQuality@3] File [C:/Users/james/Desktop/Processes for OOS/COP4331 Project/ScaryMaze/Saved/Config/Windows/Scalability.ini]
[2019.03.19-02.59.17:196][  0]LogConfig: Setting CVar [[r.TranslucencyLightingVolumeDim:64]]
[2019.03.19-02.59.17:196][  0]LogConfig: Setting CVar [[r.RefractionQuality:2]]
[2019.03.19-02.59.17:196][  0]LogConfig: Setting CVar [[r.SSR.Quality:3]]
[2019.03.19-02.59.17:196][  0]LogConfig: Setting CVar [[r.SceneColorFormat:4]]
[2019.03.19-02.59.17:196][  0]LogConfig: Setting CVar [[r.DetailMode:2]]
[2019.03.19-02.59.17:196][  0]LogConfig: Setting CVar [[r.TranslucencyVolumeBlur:1]]
[2019.03.19-02.59.17:196][  0]LogConfig: Setting CVar [[r.MaterialQualityLevel:1 ; High quality]]
[2019.03.19-02.59.17:196][  0]LogConfig: Setting CVar [[r.SSS.Scale:1]]
[2019.03.19-02.59.17:196][  0]LogConfig: Setting CVar [[r.SSS.SampleSet:2]]
[2019.03.19-02.59.17:196][  0]LogConfig: Setting CVar [[r.SSS.Quality:1]]
[2019.03.19-02.59.17:196][  0]LogConfig: Setting CVar [[r.SSS.HalfRes:1]]
[2019.03.19-02.59.17:197][  0]LogConfig: Setting CVar [[r.EmitterSpawnRateScale:1.0]]
[2019.03.19-02.59.17:197][  0]LogConfig: Setting CVar [[r.ParticleLightQuality:2]]
[2019.03.19-02.59.17:197][  0]LogConfig: Applying CVar settings from Section [FoliageQuality@3] File [C:/Users/james/Desktop/Processes for OOS/COP4331 Project/ScaryMaze/Saved/Config/Windows/Scalability.ini]
[2019.03.19-02.59.17:197][  0]LogConfig: Setting CVar [[foliage.DensityScale:1.0]]
[2019.03.19-02.59.17:197][  0]LogConfig: Setting CVar [[grass.DensityScale:1.0]]
[2019.03.19-02.59.17:197][  0]LogConfig: Applying CVar settings from Section [Startup] File [../../../Engine/Config/ConsoleVariables.ini]
[2019.03.19-02.59.17:268][  0]LogConfig: Setting CVar [[net.UseAdaptiveNetUpdateFrequency:0]]
[2019.03.19-02.59.17:268][  0]LogConfig: Applying CVar settings from Section [ConsoleVariables] File [C:/Users/james/Desktop/Processes for OOS/COP4331 Project/ScaryMaze/Saved/Config/Windows/Engine.ini]
[2019.03.19-02.59.17:303][  0]LogInit: Computer: LAPTOP-Q1QSGUBH
[2019.03.19-02.59.17:303][  0]LogInit: User: james
[2019.03.19-02.59.17:303][  0]LogInit: CPU Page size=4096, Cores=2
[2019.03.19-02.59.17:304][  0]LogInit: High frequency timer resolution =2.648438 MHz
[2019.03.19-02.59.17:304][  0]LogMemory: Memory total: Physical=7.9GB (8GB approx)
[2019.03.19-02.59.17:304][  0]LogMemory: Platform Memory Stats for Windows
[2019.03.19-02.59.17:304][  0]LogMemory: Process Physical Memory: 98.30 MB used, 98.30 MB peak
[2019.03.19-02.59.17:304][  0]LogMemory: Process Virtual Memory: 84.68 MB used, 84.68 MB peak
[2019.03.19-02.59.17:305][  0]LogMemory: Physical Memory: 7699.17 MB used,  406.32 MB free, 8105.50 MB total
[2019.03.19-02.59.17:305][  0]LogMemory: Virtual Memory: 4628.93 MB used,  134213096.00 MB free, 134217728.00 MB total
[2019.03.19-02.59.20:435][  0]LogInit: Using OS detected language (en-US).
[2019.03.19-02.59.20:435][  0]LogInit: Using OS detected locale (en-US).
[2019.03.19-02.59.20:567][  0]LogTextLocalizationManager: No specific localization for 'en-US' exists, so the 'en' localization will be used.
[2019.03.19-02.59.22:065][  0]LogStreaming: Display: Took  1.630s to InitEngineTextLocalization.
[2019.03.19-02.59.22:105][  0]LogInit: Setting process to per monitor DPI aware
[2019.03.19-02.59.25:349][  0]LogSlate: New Slate User Created.  User Index 0, Is Virtual User: 0
[2019.03.19-02.59.25:349][  0]LogSlate: Slate User Registered.  User Index 0, Is Virtual User: 0
[2019.03.19-02.59.37:977][  0]LogHMD: Failed to initialize OpenVR with code 110
[2019.03.19-02.59.37:977][  0]LogD3D11RHI: D3D11 adapters:
[2019.03.19-02.59.39:003][  0]LogD3D11RHI:    0. 'NVIDIA GeForce 920MX' (Feature Level 11_0)
[2019.03.19-02.59.39:004][  0]LogD3D11RHI:       2010/0/4052 MB DedicatedVideo/DedicatedSystem/SharedSystem, Outputs:1, VendorId:0x10de
[2019.03.19-02.59.39:140][  0]LogD3D11RHI:    1. 'Intel(R) HD Graphics 620' (Feature Level 11_0)
[2019.03.19-02.59.39:141][  0]LogD3D11RHI:       128/0/4052 MB DedicatedVideo/DedicatedSystem/SharedSystem, Outputs:0, VendorId:0x8086
[2019.03.19-02.59.39:251][  0]LogD3D11RHI:    2. 'Microsoft Basic Render Driver' (Feature Level 11_0)
[2019.03.19-02.59.39:251][  0]LogD3D11RHI:       0/0/4052 MB DedicatedVideo/DedicatedSystem/SharedSystem, Outputs:0, VendorId:0x1414
[2019.03.19-02.59.39:251][  0]LogD3D11RHI: Chosen D3D11 Adapter: 0
[2019.03.19-02.59.39:310][  0]LogD3D11RHI: Creating new Direct3DDevice
[2019.03.19-02.59.39:310][  0]LogD3D11RHI:     GPU DeviceId: 0x134f (for the marketing name, search the web for "GPU Device Id")
[2019.03.19-02.59.39:311][  0]LogWindows: EnumDisplayDevices:
[2019.03.19-02.59.39:311][  0]LogWindows:    0. 'Intel(R) HD Graphics 620' (P:1 D:1)
[2019.03.19-02.59.39:312][  0]LogWindows:    1. 'Intel(R) HD Graphics 620' (P:0 D:0)
[2019.03.19-02.59.39:312][  0]LogWindows:    2. 'Intel(R) HD Graphics 620' (P:0 D:0)
[2019.03.19-02.59.39:313][  0]LogWindows: DebugString: PrimaryIsNotTheChoosenAdapter PrimaryIsNotTheChoosenAdapter PrimaryIsNotTheChoosenAdapter FoundDriverCount:0 
[2019.03.19-02.59.39:319][  0]LogD3D11RHI:     Adapter Name: NVIDIA GeForce 920MX
[2019.03.19-02.59.39:322][  0]LogD3D11RHI:   Driver Version: Unknown (internal:Unknown, unified:Unknown)
[2019.03.19-02.59.39:323][  0]LogD3D11RHI:      Driver Date: Unknown
[2019.03.19-02.59.39:323][  0]LogRHI: Texture pool is 1407 MB (70% of 2010 MB)
[2019.03.19-02.59.39:428][  0]LogD3D11RHI: Async texture creation enabled
[2019.03.19-02.59.39:493][  0]LogD3D11RHI: GPU Timing Frequency: 1000.000000 (Debug: 2 2)
[2019.03.19-02.59.42:248][  0]LogTemp: Display: Loaded TP AllDesktopTargetPlatform
[2019.03.19-02.59.42:343][  0]LogTemp: Display: Loaded TP MacClientTargetPlatform
[2019.03.19-02.59.42:385][  0]LogTemp: Display: Loaded TP MacNoEditorTargetPlatform
[2019.03.19-02.59.42:434][  0]LogTemp: Display: Loaded TP MacServerTargetPlatform
[2019.03.19-02.59.42:617][  0]LogTemp: Display: Loaded TP MacTargetPlatform
[2019.03.19-02.59.42:689][  0]LogTemp: Display: Loaded TP WindowsClientTargetPlatform
[2019.03.19-02.59.42:709][  0]LogTemp: Display: Loaded TP WindowsNoEditorTargetPlatform
[2019.03.19-02.59.42:728][  0]LogTemp: Display: Loaded TP WindowsServerTargetPlatform
[2019.03.19-02.59.42:755][  0]LogTemp: Display: Loaded TP WindowsTargetPlatform
[2019.03.19-02.59.42:948][  0]LogTemp: Display: Loaded TP AndroidTargetPlatform
[2019.03.19-02.59.42:948][  0]LogTemp: Display: Loaded TP AndroidTargetPlatform
[2019.03.19-02.59.42:948][  0]LogTemp: Display: Loaded TP AndroidTargetPlatform
[2019.03.19-02.59.42:948][  0]LogTemp: Display: Loaded TP AndroidTargetPlatform
[2019.03.19-02.59.42:948][  0]LogTemp: Display: Loaded TP AndroidTargetPlatform
[2019.03.19-02.59.42:948][  0]LogTemp: Display: Loaded TP AndroidTargetPlatform
[2019.03.19-02.59.42:948][  0]LogTemp: Display: Loaded TP AndroidTargetPlatform
[2019.03.19-02.59.42:948][  0]LogTemp: Display: Loaded TP AndroidTargetPlatform
[2019.03.19-02.59.42:948][  0]LogTemp: Display: Loaded TP AndroidTargetPlatform
[2019.03.19-02.59.42:948][  0]LogTemp: Display: Loaded TP AndroidTargetPlatform
[2019.03.19-02.59.42:948][  0]LogTemp: Display: Loaded TP AndroidTargetPlatform
[2019.03.19-02.59.42:948][  0]LogTemp: Display: Loaded TP AndroidTargetPlatform
[2019.03.19-02.59.42:949][  0]LogTemp: Display: Loaded TP AndroidTargetPlatform
[2019.03.19-02.59.42:949][  0]LogTemp: Display: Loaded TP AndroidTargetPlatform
[2019.03.19-02.59.42:949][  0]LogTemp: Display: Loaded TP AndroidTargetPlatform
[2019.03.19-02.59.42:949][  0]LogTemp: Display: Loaded TP AndroidTargetPlatform
[2019.03.19-02.59.42:949][  0]LogTemp: Display: Loaded TP AndroidTargetPlatform
[2019.03.19-02.59.42:949][  0]LogTemp: Display: Loaded TP AndroidTargetPlatform
[2019.03.19-02.59.43:000][  0]LogTemp: Display: Loaded TP HTML5TargetPlatform
[2019.03.19-02.59.43:223][  0]LogTemp: Display: Loaded TP IOSTargetPlatform
[2019.03.19-02.59.43:223][  0]LogTemp: Display: Loaded TP IOSTargetPlatform
[2019.03.19-02.59.43:354][  0]LogTemp: Display: Loaded TP TVOSTargetPlatform
[2019.03.19-02.59.43:354][  0]LogTemp: Display: Loaded TP TVOSTargetPlatform
[2019.03.19-02.59.43:413][  0]LogTemp: Display: Loaded TP LinuxClientTargetPlatform
[2019.03.19-02.59.43:449][  0]LogTemp: Display: Loaded TP LinuxNoEditorTargetPlatform
[2019.03.19-02.59.43:471][  0]LogTemp: Display: Loaded TP LinuxServerTargetPlatform
[2019.03.19-02.59.43:548][  0]LogTemp: Display: Loaded TP LinuxTargetPlatform
[2019.03.19-02.59.43:664][  0]LogTemp: Display: Loaded TP LuminTargetPlatform
[2019.03.19-02.59.43:664][  0]LogTemp: Display: Loaded TP LuminTargetPlatform
[2019.03.19-02.59.43:664][  0]LogTargetPlatformManager: Display: Building Assets For Windows
[2019.03.19-02.59.44:859][  0]LogShaderCompilers: Guid format shader working directory is -36 characters bigger than the processId version (../../../../../../Users/james/Desktop/Processes for OOS/COP4331 Project/ScaryMaze/Intermediate/Shaders/WorkingDirectory/17480/).
[2019.03.19-02.59.44:861][  0]LogShaderCompilers: Cleaned the shader compiler working directory 'C:/Users/james/AppData/Local/Temp/UnrealShaderWorkingDir/E7A2138A40F24D28E642C7820A359768/'.
[2019.03.19-02.59.44:931][  0]LogXGEController: Cannot use XGE Controller as Incredibuild is not installed on this machine.
[2019.03.19-02.59.44:932][  0]LogShaderCompilers: Cannot use XGE Shader Compiler as Incredibuild is not installed on this machine.
[2019.03.19-02.59.44:933][  0]LogShaderCompilers: Display: Using Local Shader Compiler.
[2019.03.19-03.00.02:281][  0]LogDerivedDataCache: Display: Max Cache Size: 512 MB
[2019.03.19-03.00.03:846][  0]LogDerivedDataCache: Loaded boot cache 1.56s 77MB C:/Users/james/AppData/Local/UnrealEngine/4.21/DerivedDataCache/Boot.ddc.
[2019.03.19-03.00.03:847][  0]LogDerivedDataCache: Display: Loaded Boot cache: C:/Users/james/AppData/Local/UnrealEngine/4.21/DerivedDataCache/Boot.ddc
[2019.03.19-03.00.03:851][  0]LogDerivedDataCache: FDerivedDataBackendGraph:  Pak pak cache file ../../../../../../Users/james/Desktop/Processes for OOS/COP4331 Project/ScaryMaze/DerivedDataCache/DDC.ddp not found, will not use a pak cache.
[2019.03.19-03.00.03:852][  0]LogDerivedDataCache: Unable to find inner node Pak for hierarchical cache Hierarchy.
[2019.03.19-03.00.03:854][  0]LogDerivedDataCache: FDerivedDataBackendGraph:  CompressedPak pak cache file ../../../../../../Users/james/Desktop/Processes for OOS/COP4331 Project/ScaryMaze/DerivedDataCache/Compressed.ddp not found, will not use a pak cache.
[2019.03.19-03.00.03:854][  0]LogDerivedDataCache: Unable to find inner node CompressedPak for hierarchical cache Hierarchy.
[2019.03.19-03.00.03:897][  0]LogDerivedDataCache: Display: Pak cache opened for reading ../../../Engine/DerivedDataCache/Compressed.ddp.
[2019.03.19-03.00.03:897][  0]LogDerivedDataCache: FDerivedDataBackendGraph:  EnterprisePak pak cache file ../../../Enterprise/DerivedDataCache/Compressed.ddp not found, will not use a pak cache.
[2019.03.19-03.00.03:897][  0]LogDerivedDataCache: Unable to find inner node EnterprisePak for hierarchical cache Hierarchy.
[2019.03.19-03.00.03:938][  0]LogDerivedDataCache: Using Local data cache path C:/Users/james/AppData/Local/UnrealEngine/Common/DerivedDataCache: Writable
[2019.03.19-03.00.03:938][  0]LogDerivedDataCache: Shared data cache path not found in *engine.ini, will not use an Shared cache.
[2019.03.19-03.00.03:938][  0]LogDerivedDataCache: Unable to find inner node Shared for hierarchical cache Hierarchy.
[2019.03.19-03.00.04:073][  0]LogMaterial: Verifying Global Shaders for PCD3D_SM5
[2019.03.19-03.00.04:093][  0]LogSlate: Using FreeType 2.6.0
[2019.03.19-03.00.04:447][  0]LogSlate: SlateFontServices - WITH_FREETYPE: 1, WITH_HARFBUZZ: 1
[2019.03.19-03.00.11:133][  0]LogAssetRegistry: FAssetRegistry took 0.4200 seconds to start up
[2019.03.19-03.00.19:675][  0]LogInit: Selected Device Profile: [Windows]
[2019.03.19-03.00.23:586][  0]LogSimplygon: Simplygon DLL not present - disabling.
[2019.03.19-03.00.23:949][  0]LogMeshReduction: Using SimplygonSwarm for distributed automatic mesh merging
[2019.03.19-03.00.23:949][  0]LogMeshReduction: Using ProxyLODMeshReduction for automatic mesh merging
[2019.03.19-03.00.23:968][  0]LogMeshReduction: Using QuadricMeshReduction for automatic static mesh reduction
[2019.03.19-03.00.23:968][  0]LogMeshReduction: No automatic skeletal mesh reduction module available
[2019.03.19-03.00.24:769][  0]LogNetVersion: ScaryMaze 1.0.0, NetCL: 4541578, EngineNetVer: 5, GameNetVer: 0 (Checksum: 3370334168)
[2019.03.19-03.00.34:500][  0]LogPackageLocalizationCache: Processed 11 localized package path(s) for 2 prioritized culture(s) in 0.251347 seconds
[2019.03.19-03.00.34:529][  0]LogUObjectArray: 39775 objects as part of root set at end of initial load.
[2019.03.19-03.00.34:529][  0]LogUObjectAllocator: 6914664 out of 0 bytes used by permanent object pool.
[2019.03.19-03.00.34:529][  0]LogUObjectArray: CloseDisregardForGC: 0/0 objects in disregard for GC pool
[2019.03.19-03.02.36:137][  0]LogTcpMessaging: Initializing TcpMessaging bridge
[2019.03.19-03.02.36:202][  0]LogUdpMessaging: Initializing bridge on interface 0.0.0.0:0 to multicast group 230.0.0.1:6666.
[2019.03.19-03.02.54:395][  0]LogUObjectGlobals: Warning: Failed to find object 'Class /Game/Blueprints/BP_Maze.BP_Maze_C''
[2019.03.19-03.02.54:521][  0]Error: CDO Constructor (ScaryMazeGameMode): Failed to find Class'/Game/Blueprints/BP_Maze.BP_Maze_C''

[2019.03.19-03.02.54:572][  0]LogUObjectBase: Warning: -------------- Default Property warnings and errors:
[2019.03.19-03.02.54:572][  0]LogUObjectBase: Warning: Error: CDO Constructor (ScaryMazeGameMode): Failed to find Class'/Game/Blueprints/BP_Maze.BP_Maze_C''

[2019.03.19-03.03.27:564][  0]LogWindowsTextInputMethodSystem: Display: IME system now deactivated.
[2019.03.19-03.03.30:918][  0]SourceControl: Source control is disabled
[2019.03.19-03.03.30:925][  0]SourceControl: Source control is disabled
[2019.03.19-03.03.31:368][  0]SourceControl: Source control is disabled
[2019.03.19-03.03.31:431][  0]SourceControl: Source control is disabled
[2019.03.19-03.03.35:956][  0]LogAndroidPermission: UAndroidPermissionCallbackProxy::GetInstance
[2019.03.19-03.03.37:869][  0]LogOcInput: OculusInput pre-init called
[2019.03.19-03.04.05:410][  0]LogAutomationTest: Warning: Smoke tests took > 2s to run: 5.77s
[2019.03.19-03.04.05:570][  0]LogEngine: Initializing Engine...
[2019.03.19-03.04.05:868][  0]LogHMD: Failed to initialize OpenVR with code 110
[2019.03.19-03.04.05:984][  0]LogStats: UGameplayTagsManager::ConstructGameplayTagTree: ImportINI prefixes -  0.000 s
[2019.03.19-03.04.05:984][  0]LogStats: UGameplayTagsManager::ConstructGameplayTagTree: Construct from data asset -  0.000 s
[2019.03.19-03.04.06:007][  0]LogStats: UGameplayTagsManager::ConstructGameplayTagTree: ImportINI -  0.022 s
[2019.03.19-03.04.06:008][  0]LogStats: UGameplayTagsManager::ConstructGameplayTagTree: GameplayTagTreeChangedEvent.Broadcast -  0.000 s
[2019.03.19-03.04.06:776][  0]LogInit: Initializing FReadOnlyCVARCache
[2019.03.19-03.04.09:969][  0]LogAIModule: Creating AISystem for world Untitled
[2019.03.19-03.04.11:072][  0]LogInit: XAudio2 using 'Speakers (Realtek High Definition Audio)' : 2 channels at 48 kHz using 16 bits per sample (channel mask 0x3)
[2019.03.19-03.04.11:444][  0]LogInit: FAudioDevice initialized.
[2019.03.19-03.04.11:541][  0]LogNetVersion: Set ProjectVersion to 1.0.0.0. Version Checksum will be recalculated on next use.
[2019.03.19-03.04.11:835][  0]LogDerivedDataCache: Saved boot cache 0.29s 77MB C:/Users/james/AppData/Local/UnrealEngine/4.21/DerivedDataCache/Boot.ddc.
[2019.03.19-03.04.11:870][  0]LogInit: Texture streaming: Enabled
[2019.03.19-03.04.12:622][  0]LogEngineSessionManager: EngineSessionManager initialized
[2019.03.19-03.04.12:633][  0]LogEngineSessionManager: EngineSessionManager sent abnormal shutdown report. Type=Debugger, SessionId={F2395FF3-4ED2-718A-AA31-56B1642182E1}
[2019.03.19-03.04.16:062][  0]LogInit: Transaction tracking system initialized
[2019.03.19-03.04.29:959][  0]BlueprintLog: New page: Editor Load
[2019.03.19-03.04.47:119][  0]LocalizationService: Localization service is disabled
[2019.03.19-03.04.54:813][  0]LogFileCache: Scanning file cache for directory 'C:/Users/james/Desktop/Processes for OOS/COP4331 Project/ScaryMaze/Content/' took 0.15s
[2019.03.19-03.04.54:813][  0]LogCook: Display: Max memory allowance for cook 16384mb min free memory 0mb
[2019.03.19-03.04.54:872][  0]LogCook: Display: Mobile HDR setting 1
[2019.03.19-03.04.55:081][  0]LogGameplayTags: Display: UGameplayTagsManager::DoneAddingNativeTags. DelegateIsBound: 0
[2019.03.19-03.04.55:113][  0]LogStats: UGameplayTagsManager::ConstructGameplayTagTree: ImportINI prefixes -  0.000 s
[2019.03.19-03.04.55:113][  0]LogStats: UGameplayTagsManager::ConstructGameplayTagTree: Construct from data asset -  0.000 s
[2019.03.19-03.04.55:113][  0]LogStats: UGameplayTagsManager::ConstructGameplayTagTree: ImportINI -  0.000 s
[2019.03.19-03.04.55:114][  0]LogStats: UGameplayTagsManager::ConstructGameplayTagTree: GameplayTagTreeChangedEvent.Broadcast -  0.000 s
[2019.03.19-03.05.06:045][  0]SourceControl: Source control is disabled
[2019.03.19-03.05.06:081][  0]Cmd: MAP LOAD FILE="../../../../../../Users/james/Desktop/Processes for OOS/COP4331 Project/ScaryMaze/Content/LevelOne.umap" TEMPLATE=0 SHOWPROGRESS=1 FEATURELEVEL=3
[2019.03.19-03.05.06:162][  0]LightingResults: New page: Lighting Build
[2019.03.19-03.05.06:622][  0]MapCheck: New page: Map Check
[2019.03.19-03.05.06:622][  0]LightingResults: New page: Lighting Build
[2019.03.19-03.05.10:808][  0]LogAIModule: Creating AISystem for world LevelOne
[2019.03.19-03.05.12:458][  0]LogEditorServer: Finished looking for orphan Actors (0.000 secs)
[2019.03.19-03.05.13:054][  0]Cmd: MAP CHECKDEP NOCLEARLOG
[2019.03.19-03.05.13:077][  0]MapCheck: Map check complete: 0 Error(s), 0 Warning(s), took 3.527ms to complete.
[2019.03.19-03.05.13:078][  0]LogFileHelpers: Loading map 'LevelOne' took 7.006
[2019.03.19-03.05.15:063][  0]LogWindowsTextInputMethodSystem: Display: IME system now deactivated.
[2019.03.19-03.05.17:682][  0]LogSlate: Updating window title bar state: overlay mode, drag disabled, window buttons hidden, title bar hidden
[2019.03.19-03.05.17:749][  0]LogSlate: Updating window title bar state: overlay mode, drag disabled, window buttons hidden, title bar hidden
[2019.03.19-03.05.17:765][  0]LogSlate: Updating window title bar state: overlay mode, drag disabled, window buttons hidden, title bar hidden
[2019.03.19-03.05.17:778][  0]LogSlate: Updating window title bar state: overlay mode, drag disabled, window buttons hidden, title bar hidden
[2019.03.19-03.05.17:936][  0]LogCollectionManager: Loaded 0 collections in 0.003740 seconds
[2019.03.19-03.05.18:693][  0]LogFileCache: Scanning file cache for directory 'C:/Users/james/Desktop/Processes for OOS/COP4331 Project/ScaryMaze/Saved/Collections/' took 0.01s
[2019.03.19-03.05.18:694][  0]LogFileCache: Scanning file cache for directory 'C:/Users/james/Desktop/Processes for OOS/COP4331 Project/ScaryMaze/Content/Developers/james/Collections/' took 0.01s
[2019.03.19-03.05.18:694][  0]LogFileCache: Scanning file cache for directory 'C:/Users/james/Desktop/Processes for OOS/COP4331 Project/ScaryMaze/Content/Collections/' took 0.01s
[2019.03.19-03.05.18:694][  0]LogCollectionManager: Rebuilt the GUID cache for 0 collections in 0.000001 seconds
[2019.03.19-03.05.18:877][  0]LogContentBrowser: Native class hierarchy populated in 0.0820 seconds. Added 2665 classes and 622 folders.
[2019.03.19-03.05.19:208][  0]LogContentBrowser: Native class hierarchy updated for 'WidgetCarousel' in 0.0008 seconds. Added 0 classes and 0 folders.
[2019.03.19-03.05.19:362][  0]LogPakFile: Registered encryption key '00000000000000000000000000000000': 0 pak files mounted, 0 remain pending
[2019.03.19-03.05.19:649][  0]LogPakFile: Registered encryption key '00000000000000000000000000000000': 0 pak files mounted, 0 remain pending
[2019.03.19-03.05.19:693][  0]LogPakFile: Registered encryption key '00000000000000000000000000000000': 0 pak files mounted, 0 remain pending
[2019.03.19-03.05.19:729][  0]LogPakFile: Registered encryption key '00000000000000000000000000000000': 0 pak files mounted, 0 remain pending
[2019.03.19-03.05.19:737][  0]LogPakFile: Registered encryption key '00000000000000000000000000000000': 0 pak files mounted, 0 remain pending
[2019.03.19-03.05.19:796][  0]LogPakFile: Registered encryption key '00000000000000000000000000000000': 0 pak files mounted, 0 remain pending
[2019.03.19-03.05.19:833][  0]LogPakFile: Registered encryption key '00000000000000000000000000000000': 0 pak files mounted, 0 remain pending
[2019.03.19-03.05.19:860][  0]LogPakFile: Registered encryption key '00000000000000000000000000000000': 0 pak files mounted, 0 remain pending
[2019.03.19-03.05.19:868][  0]LogPakFile: Registered encryption key '00000000000000000000000000000000': 0 pak files mounted, 0 remain pending
[2019.03.19-03.05.19:915][  0]LogPakFile: Registered encryption key '00000000000000000000000000000000': 0 pak files mounted, 0 remain pending
[2019.03.19-03.05.19:959][  0]LogPakFile: Registered encryption key '00000000000000000000000000000000': 0 pak files mounted, 0 remain pending
[2019.03.19-03.05.20:014][  0]LogPakFile: Registered encryption key '00000000000000000000000000000000': 0 pak files mounted, 0 remain pending
[2019.03.19-03.05.20:046][  0]LogPakFile: Registered encryption key '00000000000000000000000000000000': 0 pak files mounted, 0 remain pending
[2019.03.19-03.05.20:095][  0]LogPakFile: Registered encryption key '00000000000000000000000000000000': 0 pak files mounted, 0 remain pending
[2019.03.19-03.05.20:168][  0]LogPakFile: Registered encryption key '00000000000000000000000000000000': 0 pak files mounted, 0 remain pending
[2019.03.19-03.05.20:191][  0]LogPakFile: Registered encryption key '00000000000000000000000000000000': 0 pak files mounted, 0 remain pending
[2019.03.19-03.05.20:321][  0]LogPakFile: Registered encryption key '00000000000000000000000000000000': 0 pak files mounted, 0 remain pending
[2019.03.19-03.05.20:366][  0]LogPakFile: Registered encryption key '00000000000000000000000000000000': 0 pak files mounted, 0 remain pending
[2019.03.19-03.05.20:416][  0]LogPakFile: Registered encryption key '00000000000000000000000000000000': 0 pak files mounted, 0 remain pending
[2019.03.19-03.05.20:431][  0]LogPakFile: Registered encryption key '00000000000000000000000000000000': 0 pak files mounted, 0 remain pending
[2019.03.19-03.05.20:517][  0]LogPakFile: Registered encryption key '00000000000000000000000000000000': 0 pak files mounted, 0 remain pending
[2019.03.19-03.05.20:545][  0]LogPakFile: Registered encryption key '00000000000000000000000000000000': 0 pak files mounted, 0 remain pending
[2019.03.19-03.05.20:575][  0]LogPakFile: Registered encryption key '00000000000000000000000000000000': 0 pak files mounted, 0 remain pending
[2019.03.19-03.05.20:607][  0]LogPakFile: Registered encryption key '00000000000000000000000000000000': 0 pak files mounted, 0 remain pending
[2019.03.19-03.05.20:620][  0]LogPakFile: Registered encryption key '00000000000000000000000000000000': 0 pak files mounted, 0 remain pending
[2019.03.19-03.05.20:629][  0]LogPakFile: Registered encryption key '00000000000000000000000000000000': 0 pak files mounted, 0 remain pending
[2019.03.19-03.05.25:837][  0]LogContentBrowser: Native class hierarchy updated for 'AddContentDialog' in 0.0007 seconds. Added 0 classes and 0 folders.
[2019.03.19-03.05.25:986][  0]LogContentBrowser: Native class hierarchy updated for 'SceneOutliner' in 0.0006 seconds. Added 1 classes and 2 folders.
[2019.03.19-03.05.28:041][  0]LogSlate: Took 0.130657 seconds to synchronously load lazily loaded font '../../../Engine/Content/Slate/Fonts/Roboto-Regular.ttf' (155K)
[2019.03.19-03.05.28:243][  0]LogSlate: Took 0.087406 seconds to synchronously load lazily loaded font '../../../Engine/Content/Slate/Fonts/Roboto-Bold.ttf' (160K)
[2019.03.19-03.05.28:524][  0]LogSlate: Took 0.249821 seconds to synchronously load lazily loaded font '../../../Engine/Content/Editor/Slate/Fonts/FontAwesome.ttf' (139K)
[2019.03.19-03.05.30:411][  0]LogRenderer: Reallocating scene render targets to support 692x20 Format 10 NumSamples 1 (Frame:1).
[2019.03.19-03.05.32:169][  0]LogRenderer: Reallocating scene render targets to support 692x336 Format 10 NumSamples 1 (Frame:2).
[2019.03.19-03.05.33:099][  0]LogSlate: Took 0.091822 seconds to synchronously load lazily loaded font '../../../Engine/Content/Slate/Fonts/Roboto-Light.ttf' (167K)
[2019.03.19-03.05.34:778][  0]LogContentBrowser: Native class hierarchy updated for 'HierarchicalLODOutliner' in 0.0007 seconds. Added 0 classes and 0 folders.
[2019.03.19-03.05.34:778][  0]LogLoad: (Engine Initialization) Total time: 470.88 seconds
[2019.03.19-03.05.34:778][  0]LogLoad: (Engine Initialization) Total Blueprint compile time: 0.00 seconds
[2019.03.19-03.05.35:512][  0]LogContentStreaming: Texture pool size now 1000 MB
[2019.03.19-03.05.37:137][  6]LogAssetRegistry: Asset discovery search completed in 326.0839 seconds
[2019.03.19-03.05.37:205][  6]LogCollectionManager: Rebuilt the object cache for 0 collections in 0.000000 seconds (found 0 objects)
[2019.03.19-03.05.37:206][  6]LogCollectionManager: Fixed up redirectors for 0 collections in 0.017740 seconds (updated 0 objects)
[2019.03.19-03.07.48:015][176]LogSlate: FSceneViewport::OnFocusLost() reason 0
[2019.03.19-03.07.48:473][184]LogRenderer: Reallocating scene render targets to support 732x360 Format 10 NumSamples 1 (Frame:847).
[2019.03.19-03.20.40:925][354]LogSlate: FSceneViewport::OnFocusLost() reason 0
[2019.03.19-03.20.41:405][358]Candidate modules for hot reload:
[2019.03.19-03.20.41:405][358]  ScaryMaze
[2019.03.19-03.20.41:428][358]Launching UnrealBuildTool... [C:/Program Files/Epic Games/UE_4.21/Engine/Binaries/DotNET/UnrealBuildTool.exe  -ModuleWithSuffix=ScaryMaze,7285 Win64 Development -TargetType=Editor -Project="../../../../../../Users/james/Desktop/Processes for OOS/COP4331 Project/ScaryMaze/ScaryMaze.uproject" -canskiplink "C:/Users/james/Desktop/Processes for OOS/COP4331 Project/ScaryMaze/ScaryMaze.uproject" ]
[2019.03.19-03.20.41:486][358]Warning: Starting HotReload took  0.4s.
[2019.03.19-03.22.24:929][299]CompilerResultsLog: New page: Compilation - Mar 18, 2019, 7:22:24 PM
[2019.03.19-03.22.24:932][299]CompilerResultsLog: Using 'git status' to determine working set for adaptive non-unity build (C:\Users\james\Desktop\Processes for OOS\COP4331 Project).
[2019.03.19-03.22.24:932][299]CompilerResultsLog: Creating makefile for hot reloading ScaryMazeEditor (modules to compile have changed)
[2019.03.19-03.22.24:932][299]CompilerResultsLog: Compiling game modules for hot reload
[2019.03.19-03.22.24:932][299]CompilerResultsLog: Using Visual Studio 2017 14.16.27023 toolchain (C:\Program Files (x86)\Microsoft Visual Studio\2017\Community\VC\Tools\MSVC\14.16.27023) and Windows 10.0.17763.0 SDK (C:\Program Files (x86)\Windows Kits\10).
[2019.03.19-03.22.24:932][299]CompilerResultsLog: Target is up to date
[2019.03.19-03.22.24:932][299]CompilerResultsLog: Total build time: 100.48 seconds (NoActionsToExecute executor: 0.00 seconds)
[2019.03.19-03.22.24:942][299]LogMainFrame: MainFrame: Module compiling took 103.563 seconds
[2019.03.19-03.22.25:113][299]LogContentBrowser: Native class hierarchy populated in 0.0092 seconds. Added 2666 classes and 624 folders.
[2019.03.19-03.22.25:181][299]Display: HotReload took 104.1s.
[2019.03.19-03.22.29:868][545]LogTemp: Repeating last play command: Simulate
[2019.03.19-03.22.29:943][545]LogBlueprintUserMessages: Early PlayInEditor Detection: Level '/Game/LevelOne.LevelOne:PersistentLevel' has LevelScriptBlueprint '/Game/LevelOne.LevelOne:PersistentLevel.LevelOne' with GeneratedClass '/Game/LevelOne.LevelOne_C' with ClassGeneratedBy '/Game/LevelOne.LevelOne:PersistentLevel.LevelOne'
[2019.03.19-03.22.29:973][545]LogPlayLevel: PlayLevel: No blueprints needed recompiling
[2019.03.19-03.22.29:974][545]PIE: New page: SIE session: LevelOne (Mar 18, 2019, 7:22:29 PM)
[2019.03.19-03.22.30:256][545]LogPlayLevel: Creating play world package: /Game/UEDPIE_0_LevelOne
[2019.03.19-03.22.30:351][545]LogPlayLevel: PIE: StaticDuplicateObject took: (0.093622s)
[2019.03.19-03.22.30:352][545]LogAIModule: Creating AISystem for world LevelOne
[2019.03.19-03.22.30:365][545]LogPlayLevel: PIE: World Init took: (0.013702s)
[2019.03.19-03.22.30:365][545]LogPlayLevel: PIE: Created PIE world by copying editor world from /Game/LevelOne.LevelOne to /Game/UEDPIE_0_LevelOne.LevelOne (0.108539s)
[2019.03.19-03.22.30:478][545]LogInit: XAudio2 using 'Speakers (Realtek High Definition Audio)' : 2 channels at 48 kHz using 16 bits per sample (channel mask 0x3)
[2019.03.19-03.22.30:630][545]LogInit: FAudioDevice initialized.
[2019.03.19-03.22.31:085][545]LogLoad: Game class is 'ScaryMazeGameMode'
[2019.03.19-03.22.31:397][545]LogWorld: Bringing World /Game/UEDPIE_0_LevelOne.LevelOne up for play (max tick rate 60) at 2019.03.18-23.22.31
[2019.03.19-03.22.31:466][545]LogWorld: Bringing up level for play took: 0.078176
